2020-10-04 07:37:49,637 : kivy : Factory: 184 symbols loaded
2020-10-04 07:37:54,867 : kivy : ImageLoaderFFPy: Using ffpyplayer 4.3.1
2020-10-04 07:37:54,870 : kivy : Image: Providers: img_tex, img_dds, img_sdl2, img_pil, img_ffpyplayer, img_gif 
2020-10-04 07:37:56,531 : kivy : VideoGstplayer: Using Gstreamer 1.16.0.0
2020-10-04 07:37:56,532 : kivy : Video: Provider: gstplayer
2020-10-04 07:37:57,252 : kivy : Loading MPF-MC controller
2020-10-04 07:37:57,262 : YamlMultifileConfigLoader : Machine config file #1: config
2020-10-04 07:37:57,263 : ConfigProcessor : Config file in cache changed: c:\Pinball\Cuphead\config\config
2020-10-04 07:37:57,264 : ConfigProcessor : Loading config from file c:\users\themi\appdata\local\programs\python\python36\lib\site-packages\mpfmc\mcconfig.yaml.
2020-10-04 07:37:57,342 : ConfigProcessor : Loading config: c:\users\themi\appdata\local\programs\python\python36\lib\site-packages\mpfmc\mcconfig.yaml
2020-10-04 07:37:57,342 : ConfigProcessor : Loading config from file c:\Pinball\Cuphead\config\config.
2020-10-04 07:37:57,373 : ConfigProcessor : Loading config: c:\Pinball\Cuphead\config\config
2020-10-04 07:37:57,397 : ConfigProcessor : Loading config: c:\Pinball\Cuphead\config\keyboard.yaml
2020-10-04 07:37:57,453 : ConfigProcessor : Loading config: c:\Pinball\Cuphead\config\hwSwitches.yaml
2020-10-04 07:37:57,549 : ConfigProcessor : Loading config: c:\Pinball\Cuphead\config\hwLights.yaml
2020-10-04 07:37:57,580 : ConfigProcessor : Loading config: c:\Pinball\Cuphead\config\hwCoils.yaml
2020-10-04 07:37:57,586 : ConfigProcessor : Config file cache created: C:\Users\themi\AppData\Local\Temp\1bf5539849bfae2fda5beb863cde560d.mpf_cache
2020-10-04 07:37:57,587 : ConfigProcessor : Loading config from cache: C:\Users\themi\AppData\Local\Temp\7964e52b22911e9b68a8022172b185f3.mpf_cache
2020-10-04 07:37:57,588 : ConfigProcessor : Loading config from cache: C:\Users\themi\AppData\Local\Temp\4fcecb70f81c3c2fefb8e65ae9a0af5f.mpf_cache
2020-10-04 07:37:57,589 : ConfigProcessor : Loading config from cache: C:\Users\themi\AppData\Local\Temp\b2a05f27b99f0404929b6678617f21a2.mpf_cache
2020-10-04 07:37:57,590 : ConfigProcessor : Loading config from cache: C:\Users\themi\AppData\Local\Temp\ee661b7bde9ac1aee26ef2e16bd36711.mpf_cache
2020-10-04 07:37:57,591 : mpfmc : Mission Pinball Framework Media Controller v0.54.0-dev.20
2020-10-04 07:37:57,591 : mpfmc : Mission Pinball Framework Game Engine v0.54.0-dev.72
2020-10-04 07:37:57,592 : mpfmc : Machine path: c:\Pinball\Cuphead
2020-10-04 07:37:57,592 : mpfmc : Starting clock at 60.0Hz
2020-10-04 07:37:58,035 : kivy : Text: Provider: sdl2
2020-10-04 07:37:58,638 : kivy : Window: Provider: sdl2
2020-10-04 07:38:00,136 : kivy : GL: Using the "OpenGL" graphics system
2020-10-04 07:38:00,145 : kivy : GL: GLEW initialization succeeded
2020-10-04 07:38:00,146 : kivy : GL: Backend used <glew>
2020-10-04 07:38:00,147 : kivy : GL: OpenGL version <b'4.5.14568 Compatibility Profile Context 24.20.12050.0'>
2020-10-04 07:38:00,147 : kivy : GL: OpenGL vendor <b'ATI Technologies Inc.'>
2020-10-04 07:38:00,147 : kivy : GL: OpenGL renderer <b'AMD Radeon(TM) R4 Graphics'>
2020-10-04 07:38:00,148 : kivy : GL: OpenGL parsed version: 4, 5
2020-10-04 07:38:00,148 : kivy : GL: Shading version <b'4.50'>
2020-10-04 07:38:00,148 : kivy : GL: Texture max size <16384>
2020-10-04 07:38:00,148 : kivy : GL: Texture max units <32>
2020-10-04 07:38:00,301 : kivy : Window: auto add sdl2 input provider
2020-10-04 07:38:00,302 : kivy : Window: virtual keyboard not allowed, single mode, not docked
2020-10-04 07:38:00,392 : SoundSystem : SoundSystem: Using default 'sound_system' settings
2020-10-04 07:38:13,097 : AudioInterface : Initialized
2020-10-04 07:38:13,097 : SoundSystem : No audio tracks are specified in your machine config file. a track named 'default' has been created.
2020-10-04 07:38:13,102 : kivy : Base: Start application main loop
2020-10-04 07:38:13,104 : EventManager : Event: ======'display_window_initialized'====== Args={}
2020-10-04 07:38:13,182 : mpfmc : Display: Setting 'window' as default display
2020-10-04 07:38:13,196 : EventManager : Event: ======'displays_initialized'====== Args={}
2020-10-04 07:38:13,201 : EventManager : Event: ======'slide_window_blank_created'====== Args={}
2020-10-04 07:38:13,201 : EventManager : Event: ======'display_window_ready'====== Args={}
2020-10-04 07:38:13,236 : EventManager : Event: ======'init_phase_1'====== Args={}
2020-10-04 07:38:13,243 : EventManager : Event: ======'mc_ready'====== Args={}
2020-10-04 07:38:13,243 : EventManager : Event: ======'init_phase_2'====== Args={}
2020-10-04 07:38:13,247 : EventManager : Event: ======'init_phase_3'====== Args={}
2020-10-04 07:38:13,249 : AssetManager : Registering Asset: cupHighScore, File: cupHighScore.ogg, Default Group: default, Final Config: {'load': 'preload', 'file': 'c:\\Pinball\\Cuphead\\modes\\base\\sounds\\music\\cupHighScore.ogg'}
2020-10-04 07:38:13,250 : AssetManager : Registering Asset: cupMusic1, File: cupMusic1.ogg, Default Group: default, Final Config: {'load': 'preload', 'target': 'music', 'loop': -1, 'mode_end_action': 'stop', 'file': 'c:\\Pinball\\Cuphead\\modes\\base\\sounds\\music\\cupMusic1.ogg'}
2020-10-04 07:38:13,250 : AssetManager : Registering Asset: cupMusic2, File: cupMusic2.ogg, Default Group: default, Final Config: {'load': 'preload', 'target': 'music', 'loop': -1, 'mode_end_action': 'stop', 'file': 'c:\\Pinball\\Cuphead\\modes\\base\\sounds\\music\\cupMusic2.ogg'}
2020-10-04 07:38:13,250 : AssetManager : Registering Asset: cupMusic3, File: cupMusic3.ogg, Default Group: default, Final Config: {'load': 'preload', 'target': 'music', 'loop': -1, 'mode_end_action': 'stop', 'file': 'c:\\Pinball\\Cuphead\\modes\\base\\sounds\\music\\cupMusic3.ogg'}
2020-10-04 07:38:13,250 : AssetManager : Registering Asset: cupMusic4, File: cupMusic4.ogg, Default Group: default, Final Config: {'load': 'preload', 'target': 'music', 'loop': -1, 'mode_end_action': 'stop', 'file': 'c:\\Pinball\\Cuphead\\modes\\base\\sounds\\music\\cupMusic4.ogg'}
2020-10-04 07:38:13,251 : AssetManager : Registering Asset: cupMusic5, File: cupMusic5.ogg, Default Group: default, Final Config: {'load': 'preload', 'file': 'c:\\Pinball\\Cuphead\\modes\\base\\sounds\\music\\cupMusic5.ogg'}
2020-10-04 07:38:13,251 : AssetManager : Registering Asset: cupMusic6, File: cupMusic6.ogg, Default Group: default, Final Config: {'load': 'preload', 'file': 'c:\\Pinball\\Cuphead\\modes\\base\\sounds\\music\\cupMusic6.ogg'}
2020-10-04 07:38:13,251 : AssetManager : Registering Asset: cupMusic7, File: cupMusic7.ogg, Default Group: default, Final Config: {'load': 'preload', 'file': 'c:\\Pinball\\Cuphead\\modes\\base\\sounds\\music\\cupMusic7.ogg'}
2020-10-04 07:38:13,251 : AssetManager : Registering Asset: cupMusic8, File: cupMusic8.ogg, Default Group: default, Final Config: {'load': 'preload', 'file': 'c:\\Pinball\\Cuphead\\modes\\base\\sounds\\music\\cupMusic8.ogg'}
2020-10-04 07:38:13,251 : AssetManager : Registering Asset: cupMusic9, File: cupMusic9.ogg, Default Group: default, Final Config: {'load': 'preload', 'file': 'c:\\Pinball\\Cuphead\\modes\\base\\sounds\\music\\cupMusic9.ogg'}
2020-10-04 07:38:13,252 : AssetManager : Registering Asset: game_play_1, File: game_play_1.ogg, Default Group: default, Final Config: {'load': 'preload', 'file': 'c:\\Pinball\\Cuphead\\modes\\base\\sounds\\music\\game_play_1.ogg'}
2020-10-04 07:38:13,254 : AssetManager : Registering Asset: attract_music, File: attract_music.ogg, Default Group: default, Final Config: {'load': 'preload', 'file': 'c:\\Pinball\\Cuphead\\modes\\attract\\sounds\\music\\attract_music.ogg'}
2020-10-04 07:38:13,255 : EventManager : Event: ======'init_phase_4'====== Args={}
2020-10-04 07:38:13,255 : EventManager : Event: ======'init_phase_5'====== Args={}
2020-10-04 07:38:14,194 : EventManager : Event: ======'loading_assets'====== Args={'total': 12, 'loaded': 1, 'remaining': 11, 'percent': 8}
2020-10-04 07:38:14,195 : AssetManager : Loading assets: 1/12 (8%)
2020-10-04 07:38:15,223 : EventManager : Event: ======'loading_assets'====== Args={'total': 12, 'loaded': 2, 'remaining': 10, 'percent': 17}
2020-10-04 07:38:15,224 : AssetManager : Loading assets: 2/12 (17%)
2020-10-04 07:38:17,672 : EventManager : Event: ======'loading_assets'====== Args={'total': 12, 'loaded': 3, 'remaining': 9, 'percent': 25}
2020-10-04 07:38:17,673 : AssetManager : Loading assets: 3/12 (25%)
2020-10-04 07:38:18,366 : EventManager : Event: ======'loading_assets'====== Args={'total': 12, 'loaded': 5, 'remaining': 7, 'percent': 42}
2020-10-04 07:38:18,367 : AssetManager : Loading assets: 5/12 (42%)
2020-10-04 07:38:20,420 : EventManager : Event: ======'loading_assets'====== Args={'total': 12, 'loaded': 6, 'remaining': 6, 'percent': 50}
2020-10-04 07:38:20,421 : AssetManager : Loading assets: 6/12 (50%)
2020-10-04 07:38:21,410 : EventManager : Event: ======'loading_assets'====== Args={'total': 12, 'loaded': 8, 'remaining': 4, 'percent': 67}
2020-10-04 07:38:21,411 : AssetManager : Loading assets: 8/12 (67%)
2020-10-04 07:38:23,142 : EventManager : Event: ======'loading_assets'====== Args={'total': 12, 'loaded': 9, 'remaining': 3, 'percent': 75}
2020-10-04 07:38:23,143 : AssetManager : Loading assets: 9/12 (75%)
2020-10-04 07:38:25,516 : EventManager : Event: ======'loading_assets'====== Args={'total': 12, 'loaded': 11, 'remaining': 1, 'percent': 92}
2020-10-04 07:38:25,516 : AssetManager : Loading assets: 11/12 (92%)
2020-10-04 07:38:25,516 : EventManager : Event: ======'loading_assets'====== Args={'total': 12, 'loaded': 12, 'remaining': 0, 'percent': 100}
2020-10-04 07:38:25,517 : AssetManager : Asset loading took: 12.418430805206299
2020-10-04 07:38:25,517 : EventManager : Event: ======'asset_loading_complete'====== Args={}
2020-10-04 07:38:25,517 : AssetManager : Loading assets: 12/12 (100%)
2020-10-04 07:38:25,517 : EventManager : Event: ======'init_done'====== Args={}
2020-10-04 07:38:25,517 : MPF-MC BCP Server : Starting up on localhost port 5050
2020-10-04 07:38:25,527 : MPF-MC BCP Server : Waiting for a connection...
2020-10-04 07:38:25,527 : mpfmc : SlidePlayer: Play called with settings={'slides': {welcome_slide-None-None: {'priority': None, 'target': None, 'background_color': [0.0, 0.0, 0.0, 1.0], 'show': True, 'force': False, 'expire': None, 'slide': None, 'tokens': {}, 'action': 'play', 'transition': None, 'transition_out': None}}}
2020-10-04 07:38:25,532 : MPF-MC BCP Server : Received connection from: 127.0.0.1:50302
2020-10-04 07:38:25,553 : kivy : GL: NPOT texture support is available
2020-10-04 07:38:25,554 : EventManager : Event: ======'slide_welcome_slide_created'====== Args={}
2020-10-04 07:38:25,556 : EventManager : Event: ======'slide_welcome_slide_active'====== Args={}
2020-10-04 07:38:25,571 : EventManager : Event: ======'client_disconnected'====== Args={'host': '127.0.0.1', 'port': 5050}
2020-10-04 07:38:25,572 : EventManager : Event: ======'client_connected'====== Args={'host': '127.0.0.1', 'port': 50302}
2020-10-04 07:38:25,794 : EventManager : Event: ======'machine_var_credits_string'====== Args={'value': 'FREE PLAY', 'prev_value': None, 'change': True}
2020-10-04 07:38:25,794 : EventManager : Event: ======'machine_var_player1_score'====== Args={'value': 8110, 'prev_value': None, 'change': True}
2020-10-04 07:38:25,794 : EventManager : Event: ======'machine_var_mpf_version'====== Args={'value': 'MPF v0.54.0-dev.72', 'prev_value': None, 'change': True}
2020-10-04 07:38:25,794 : EventManager : Event: ======'machine_var_mpf_extended_version'====== Args={'value': 'MPF v0.54.0-dev.72, Config version:5, Show version: 5, BCP version:1.1', 'prev_value': None, 'change': True}
2020-10-04 07:38:25,795 : EventManager : Event: ======'machine_var_python_version'====== Args={'value': '3.6.4', 'prev_value': None, 'change': True}
2020-10-04 07:38:25,795 : EventManager : Event: ======'machine_var_platform'====== Args={'value': 'Windows-10-10.0.18362-SP0', 'prev_value': None, 'change': True}
2020-10-04 07:38:25,795 : EventManager : Event: ======'machine_var_platform_system'====== Args={'value': 'Windows', 'prev_value': None, 'change': True}
2020-10-04 07:38:25,795 : EventManager : Event: ======'machine_var_platform_release'====== Args={'value': '10', 'prev_value': None, 'change': True}
2020-10-04 07:38:25,796 : EventManager : Event: ======'machine_var_platform_version'====== Args={'value': '10.0.18362', 'prev_value': None, 'change': True}
2020-10-04 07:38:25,796 : EventManager : Event: ======'machine_var_platform_machine'====== Args={'value': 'AMD64', 'prev_value': None, 'change': True}
2020-10-04 07:38:25,796 : EventManager : Event: ======'machine_var_mc_version'====== Args={'value': 'MPF-MC v0.54.0-dev.20', 'prev_value': None, 'change': True}
2020-10-04 07:38:25,796 : EventManager : Event: ======'machine_var_mc_extended_version'====== Args={'value': 'MPF-MC v0.54.0-dev.20 (config_version=5, BCP v1.1, Requires MPF v0.54.0-dev.68)', 'prev_value': None, 'change': True}
2020-10-04 07:38:25,796 : EventManager : Event: ======'machine_var_master_volume'====== Args={'value': 0.5, 'prev_value': None, 'change': True}
2020-10-04 07:38:25,833 : EventManager : Event: ======'machine_var_audits_events_game_ended'====== Args={'value': 21, 'prev_value': None, 'change': True}
2020-10-04 07:38:25,833 : EventManager : Event: ======'machine_var_audits_events_game_started'====== Args={'value': 40, 'prev_value': None, 'change': True}
2020-10-04 07:38:25,834 : EventManager : Event: ======'machine_var_audits_player_score'====== Args={'value': {'average': 530.4761904761905, 'top': [2970, 1300, 1220, 980, 880, 780, 720, 710, 630, 590], 'total': 21}, 'prev_value': None, 'change': True}
2020-10-04 07:38:25,837 : EventManager : Event: ======'machine_var_audits_shots_soul_L'====== Args={'value': 55, 'prev_value': None, 'change': True}
2020-10-04 07:38:25,838 : EventManager : Event: ======'machine_var_audits_shots_soul_O'====== Args={'value': 60, 'prev_value': None, 'change': True}
2020-10-04 07:38:25,838 : EventManager : Event: ======'machine_var_audits_shots_soul_S'====== Args={'value': 70, 'prev_value': None, 'change': True}
2020-10-04 07:38:25,849 : EventManager : Event: ======'machine_var_audits_shots_soul_U'====== Args={'value': 60, 'prev_value': None, 'change': True}
2020-10-04 07:38:25,850 : EventManager : Event: ======'machine_var_audits_switches_s_coin'====== Args={'value': 20, 'prev_value': None, 'change': True}
2020-10-04 07:38:25,850 : EventManager : Event: ======'machine_var_audits_switches_s_dash_L'====== Args={'value': 0, 'prev_value': None, 'change': True}
2020-10-04 07:38:25,855 : EventManager : Event: ======'machine_var_audits_switches_s_dash_R'====== Args={'value': 0, 'prev_value': None, 'change': True}
2020-10-04 07:38:25,855 : EventManager : Event: ======'machine_var_audits_switches_s_dtSling_L'====== Args={'value': 0, 'prev_value': None, 'change': True}
2020-10-04 07:38:25,857 : EventManager : Event: ======'machine_var_audits_switches_s_dtSling_R'====== Args={'value': 0, 'prev_value': None, 'change': True}
2020-10-04 07:38:25,858 : EventManager : Event: ======'machine_var_audits_switches_s_dt_C'====== Args={'value': 72, 'prev_value': None, 'change': True}
2020-10-04 07:38:25,858 : EventManager : Event: ======'machine_var_audits_switches_s_dt_G'====== Args={'value': 21, 'prev_value': None, 'change': True}
2020-10-04 07:38:25,858 : EventManager : Event: ======'machine_var_audits_switches_s_dt_M'====== Args={'value': 19, 'prev_value': None, 'change': True}
2020-10-04 07:38:25,861 : EventManager : Event: ======'machine_var_audits_switches_s_dt_P'====== Args={'value': 55, 'prev_value': None, 'change': True}
2020-10-04 07:38:25,863 : EventManager : Event: ======'machine_var_audits_switches_s_dt_U'====== Args={'value': 63, 'prev_value': None, 'change': True}
2020-10-04 07:38:25,863 : EventManager : Event: ======'machine_var_audits_switches_s_dt_U2'====== Args={'value': 19, 'prev_value': None, 'change': True}
2020-10-04 07:38:25,864 : EventManager : Event: ======'machine_var_audits_switches_s_exit_shooter_lane'====== Args={'value': 344, 'prev_value': None, 'change': True}
2020-10-04 07:38:25,864 : EventManager : Event: ======'machine_var_audits_switches_s_inLane_L'====== Args={'value': 0, 'prev_value': None, 'change': True}
2020-10-04 07:38:25,865 : EventManager : Event: ======'machine_var_audits_switches_s_inLane_R'====== Args={'value': 0, 'prev_value': None, 'change': True}
2020-10-04 07:38:25,865 : EventManager : Event: ======'machine_var_audits_switches_s_kicker'====== Args={'value': 0, 'prev_value': None, 'change': True}
2020-10-04 07:38:25,866 : EventManager : Event: ======'machine_var_audits_switches_s_left_flipper'====== Args={'value': 150, 'prev_value': None, 'change': True}
2020-10-04 07:38:25,867 : EventManager : Event: ======'machine_var_audits_switches_s_midRight'====== Args={'value': 0, 'prev_value': None, 'change': True}
2020-10-04 07:38:25,870 : EventManager : Event: ======'machine_var_audits_switches_s_outLane_L'====== Args={'value': 0, 'prev_value': None, 'change': True}
2020-10-04 07:38:25,878 : EventManager : Event: ======'machine_var_audits_switches_s_outLane_R'====== Args={'value': 0, 'prev_value': None, 'change': True}
2020-10-04 07:38:25,878 : EventManager : Event: ======'machine_var_audits_switches_s_perdition'====== Args={'value': 0, 'prev_value': None, 'change': True}
2020-10-04 07:38:25,879 : EventManager : Event: ======'machine_var_audits_switches_s_playfield'====== Args={'value': 0, 'prev_value': None, 'change': True}
2020-10-04 07:38:25,880 : EventManager : Event: ======'machine_var_audits_switches_s_plunger'====== Args={'value': 534, 'prev_value': None, 'change': True}
2020-10-04 07:38:25,880 : EventManager : Event: ======'machine_var_audits_switches_s_popBumper_1'====== Args={'value': 460, 'prev_value': None, 'change': True}
2020-10-04 07:38:25,882 : EventManager : Event: ======'machine_var_audits_switches_s_popBumper_2'====== Args={'value': 435, 'prev_value': None, 'change': True}
2020-10-04 07:38:25,882 : EventManager : Event: ======'machine_var_audits_switches_s_popBumper_3'====== Args={'value': 159, 'prev_value': None, 'change': True}
2020-10-04 07:38:25,886 : EventManager : Event: ======'machine_var_audits_switches_s_pop_bumper1'====== Args={'value': 120, 'prev_value': None, 'change': True}
2020-10-04 07:38:25,886 : EventManager : Event: ======'machine_var_audits_switches_s_pop_bumper2'====== Args={'value': 153, 'prev_value': None, 'change': True}
2020-10-04 07:38:25,887 : EventManager : Event: ======'machine_var_audits_switches_s_pop_bumper3'====== Args={'value': 100, 'prev_value': None, 'change': True}
2020-10-04 07:38:25,887 : EventManager : Event: ======'machine_var_audits_switches_s_right_flipper'====== Args={'value': 215, 'prev_value': None, 'change': True}
2020-10-04 07:38:25,887 : EventManager : Event: ======'machine_var_audits_switches_s_sling_L'====== Args={'value': 0, 'prev_value': None, 'change': True}
2020-10-04 07:38:25,888 : EventManager : Event: ======'machine_var_audits_switches_s_sling_R'====== Args={'value': 0, 'prev_value': None, 'change': True}
2020-10-04 07:38:25,888 : EventManager : Event: ======'machine_var_audits_switches_s_soul_L'====== Args={'value': 56, 'prev_value': None, 'change': True}
2020-10-04 07:38:25,888 : EventManager : Event: ======'machine_var_audits_switches_s_soul_O'====== Args={'value': 65, 'prev_value': None, 'change': True}
2020-10-04 07:38:25,893 : EventManager : Event: ======'machine_var_audits_switches_s_soul_S'====== Args={'value': 70, 'prev_value': None, 'change': True}
2020-10-04 07:38:25,895 : EventManager : Event: ======'machine_var_audits_switches_s_soul_U'====== Args={'value': 60, 'prev_value': None, 'change': True}
2020-10-04 07:38:25,896 : EventManager : Event: ======'machine_var_audits_switches_s_standUp_1'====== Args={'value': 0, 'prev_value': None, 'change': True}
2020-10-04 07:38:25,896 : EventManager : Event: ======'machine_var_audits_switches_s_standUp_2'====== Args={'value': 0, 'prev_value': None, 'change': True}
2020-10-04 07:38:25,896 : EventManager : Event: ======'machine_var_audits_switches_s_standUp_3'====== Args={'value': 0, 'prev_value': None, 'change': True}
2020-10-04 07:38:25,897 : EventManager : Event: ======'machine_var_audits_switches_s_standUp_R'====== Args={'value': 0, 'prev_value': None, 'change': True}
2020-10-04 07:38:25,897 : EventManager : Event: ======'machine_var_audits_switches_s_star_1'====== Args={'value': 0, 'prev_value': None, 'change': True}
2020-10-04 07:38:25,897 : EventManager : Event: ======'machine_var_audits_switches_s_star_2'====== Args={'value': 0, 'prev_value': None, 'change': True}
2020-10-04 07:38:25,897 : EventManager : Event: ======'machine_var_audits_switches_s_star_3'====== Args={'value': 0, 'prev_value': None, 'change': True}
2020-10-04 07:38:25,900 : EventManager : Event: ======'machine_var_audits_switches_s_start'====== Args={'value': 68, 'prev_value': None, 'change': True}
2020-10-04 07:38:25,900 : EventManager : Event: ======'machine_var_audits_switches_s_tilt'====== Args={'value': 0, 'prev_value': None, 'change': True}
2020-10-04 07:38:25,900 : EventManager : Event: ======'machine_var_audits_switches_s_trough1'====== Args={'value': 508, 'prev_value': None, 'change': True}
2020-10-04 07:38:25,903 : EventManager : Event: ======'machine_var_audits_switches_s_trough2'====== Args={'value': 72, 'prev_value': None, 'change': True}
2020-10-04 07:38:25,903 : EventManager : Event: ======'machine_var_audits_switches_s_trough_jam'====== Args={'value': 13, 'prev_value': None, 'change': True}
2020-10-04 07:38:25,965 : EventManager : Event: ======'slides_play'====== Args={'settings': {'welcome_slide': {'target': None, 'background_color': [0.0, 0.0, 0.0, 1.0], 'priority': None, 'show': True, 'force': False, 'expire': None, 'slide': None, 'tokens': {}, 'action': 'play'}}, 'context': '_global', 'calling_context': 'init_done', 'priority': 0}
2020-10-04 07:38:25,965 : EventManager : Event: ======'mc_reset_phase_1'====== Args={}
2020-10-04 07:38:25,966 : mpfmc : SlidePlayer: Play called with settings={'welcome_slide': {'target': None, 'background_color': [0.0, 0.0, 0.0, 1.0], 'priority': None, 'show': True, 'force': False, 'expire': None, 'slide': None, 'tokens': {}, 'action': 'play'}}
2020-10-04 07:38:25,971 : EventManager : Event: ======'slide_welcome_slide_removed'====== Args={}
2020-10-04 07:38:25,977 : EventManager : Event: ======'slide_welcome_slide_created'====== Args={}
2020-10-04 07:38:25,978 : EventManager : Event: ======'mc_reset_phase_2'====== Args={}
2020-10-04 07:38:25,978 : EventManager : Event: ======'mc_reset_phase_3'====== Args={}
2020-10-04 07:38:25,978 : EventManager : Event: ======'mc_reset_complete'====== Args={}
2020-10-04 07:38:25,983 : EventManager : Event: ======'slide_welcome_slide_active'====== Args={}
2020-10-04 07:38:26,007 : EventManager : Event: ======'slides_play'====== Args={'settings': {'awesome_slide': {'widgets': [{'type': 'text', 'text': 'Cuphead Pinball', 'font_size': 50, '_default_settings': ['type', 'text', 'font_size'], 'x': None, 'y': None, 'anchor_x': 'center', 'anchor_y': 'center', 'round_anchor_x': None, 'round_anchor_y': None, 'opacity': 1.0, 'z': 0, 'reset_animations_events': {}, 'color': [1.0, 1.0, 1.0, 1.0], 'style': [], 'adjust_top': 0, 'adjust_bottom': 0, 'adjust_left': 0, 'adjust_right': 0, 'expire': None, 'key': None, 'widget': None, 'events_when_added': [], 'events_when_removed': [], 'bitmap_font': False, 'font_kerning': True, 'bold': False, 'italic': False, 'number_grouping': False, 'min_digits': 0, 'halign': 'center', 'valign': 'middle', 'rotation': 0, 'scale': 1.0, 'casing': None, 'animations': None}], 'transition': {'type': 'push', 'duration': 1.0, 'direction': 'left', 'easing': 'out_quad'}, 'target': None, 'background_color': [0.0, 0.0, 0.0, 1.0], 'priority': None, 'show': True, 'force': False, 'expire': None, 'slide': None, 'tokens': {}, 'action': 'play'}}, 'context': 'show_1', 'calling_context': 0, 'priority': 10, 'show_tokens': {}, 'start_time': 393147.609}
2020-10-04 07:38:26,008 : EventManager : Event: ======'sounds_play'====== Args={'settings': {'attract_music': {'loops': -1, 'mode_end_action': 'stop', 'priority': None, 'action': 'play', 'track': None, 'volume': None, 'pan': None, 'start_at': None, 'fade_in': None, 'fade_out': None, 'about_to_finish_time': -1.0, 'max_queue_time': -1.0, 'events_when_played': ['use_sound_setting'], 'events_when_stopped': ['use_sound_setting'], 'events_when_looping': ['use_sound_setting'], 'events_when_about_to_finish': ['use_sound_setting'], 'key': 'use_sound_setting'}}, 'context': 'attract', 'calling_context': 'mode_attract_started', 'priority': 10}
2020-10-04 07:38:26,008 : mpfmc : SlidePlayer: Play called with settings={'awesome_slide': {'widgets': [{'type': 'text', 'text': 'Cuphead Pinball', 'font_size': 50, '_default_settings': ['type', 'text', 'font_size'], 'x': None, 'y': None, 'anchor_x': 'center', 'anchor_y': 'center', 'round_anchor_x': None, 'round_anchor_y': None, 'opacity': 1.0, 'z': 0, 'reset_animations_events': {}, 'color': [1.0, 1.0, 1.0, 1.0], 'style': [], 'adjust_top': 0, 'adjust_bottom': 0, 'adjust_left': 0, 'adjust_right': 0, 'expire': None, 'key': None, 'widget': None, 'events_when_added': [], 'events_when_removed': [], 'bitmap_font': False, 'font_kerning': True, 'bold': False, 'italic': False, 'number_grouping': False, 'min_digits': 0, 'halign': 'center', 'valign': 'middle', 'rotation': 0, 'scale': 1.0, 'casing': None, 'animations': None}], 'transition': {'type': 'push', 'duration': 1.0, 'direction': 'left', 'easing': 'out_quad'}, 'target': None, 'background_color': [0.0, 0.0, 0.0, 1.0], 'priority': None, 'show': True, 'force': False, 'expire': None, 'slide': None, 'tokens': {}, 'action': 'play'}}
2020-10-04 07:38:26,025 : EventManager : Event: ======'slide_awesome_slide_created'====== Args={}
2020-10-04 07:38:26,148 : EventManager : Event: ======'slide_awesome_slide_active'====== Args={}
2020-10-04 07:38:28,935 : EventManager : Event: ======'game_started'====== Args={}
2020-10-04 07:38:28,935 : EventManager : Event: ======'slides_clear'====== Args={'context': 'show_1'}
2020-10-04 07:38:28,936 : EventManager : Event: ======'sounds_clear'====== Args={'context': 'attract'}
2020-10-04 07:38:28,937 : EventManager : Event: ======'player_added'====== Args={'player': <Player 1>, 'num': 1}
2020-10-04 07:38:28,938 : EventManager : Event: ======'player_index'====== Args={'value': 0, 'prev_value': 0, 'change': 0, 'player_num': 1}
2020-10-04 07:38:28,939 : EventManager : Event: ======'player_number'====== Args={'value': 1, 'prev_value': 1, 'change': 0, 'player_num': 1}
2020-10-04 07:38:28,939 : EventManager : Event: ======'player_score'====== Args={'value': 0, 'prev_value': 0, 'change': 0, 'player_num': 1}
2020-10-04 07:38:28,939 : EventManager : Event: ======'player_ball'====== Args={'value': 1, 'prev_value': 0, 'change': 1, 'player_num': 1}
2020-10-04 07:38:28,940 : EventManager : Event: ======'player_turn_start'====== Args={'number': 1, 'player': <Player 1>}
2020-10-04 07:38:28,942 : EventManager : Event: ======'slide_awesome_slide_removed'====== Args={}
2020-10-04 07:38:28,944 : EventManager : Event: ======'slide_welcome_slide_active'====== Args={}
2020-10-04 07:38:29,171 : EventManager : Event: ======'player_shot_soul_S_enabled'====== Args={'value': True, 'prev_value': 0, 'change': 1, 'player_num': 1}
2020-10-04 07:38:29,172 : EventManager : Event: ======'player_shot_soul_O_enabled'====== Args={'value': True, 'prev_value': 0, 'change': 1, 'player_num': 1}
2020-10-04 07:38:29,172 : EventManager : Event: ======'player_shot_soul_U_enabled'====== Args={'value': True, 'prev_value': 0, 'change': 1, 'player_num': 1}
2020-10-04 07:38:29,172 : EventManager : Event: ======'player_shot_soul_L_enabled'====== Args={'value': True, 'prev_value': 0, 'change': 1, 'player_num': 1}
2020-10-04 07:38:29,173 : EventManager : Event: ======'sounds_play'====== Args={'settings': {'poolCupHeadBase': {'loops': -1, 'priority': None, 'action': 'play', 'track': None, 'volume': None, 'pan': None, 'start_at': None, 'fade_in': None, 'fade_out': None, 'about_to_finish_time': -1.0, 'max_queue_time': -1.0, 'events_when_played': ['use_sound_setting'], 'events_when_stopped': ['use_sound_setting'], 'events_when_looping': ['use_sound_setting'], 'events_when_about_to_finish': ['use_sound_setting'], 'mode_end_action': 'use_sound_setting', 'key': 'use_sound_setting'}}, 'context': 'base', 'calling_context': 'mode_base_started', 'priority': 100, 'queue': '<QueuedEvent>', 'player': 1, 'ball': 1, 'balls_remaining': 4, 'is_extra_ball': False}
2020-10-04 07:38:29,173 : EventManager : Event: ======'slides_play'====== Args={'settings': {'widgets': {'widgets': [{'type': 'text', 'text': '(score)', 'number_grouping': True, 'min_digits': 2, 'font_size': 100, '_default_settings': ['type', 'text', 'number_grouping', 'min_digits', 'font_size'], 'x': None, 'y': None, 'anchor_x': 'center', 'anchor_y': 'center', 'round_anchor_x': None, 'round_anchor_y': None, 'opacity': 1.0, 'z': 0, 'reset_animations_events': {}, 'color': [1.0, 1.0, 1.0, 1.0], 'style': [], 'adjust_top': 0, 'adjust_bottom': 0, 'adjust_left': 0, 'adjust_right': 0, 'expire': None, 'key': None, 'widget': None, 'events_when_added': [], 'events_when_removed': [], 'bitmap_font': False, 'font_kerning': True, 'bold': False, 'italic': False, 'halign': 'center', 'valign': 'middle', 'rotation': 0, 'scale': 1.0, 'casing': None, 'animations': None}, {'type': 'text', 'text': 'Player (player)', 'y': '10', 'x': '10', 'font_size': 30, 'anchor_x': 'left', 'anchor_y': 'bottom', '_default_settings': ['type', 'text', 'y', 'x', 'font_size', 'anchor_x', 'anchor_y'], 'round_anchor_x': None, 'round_anchor_y': None, 'opacity': 1.0, 'z': 0, 'reset_animations_events': {}, 'color': [1.0, 1.0, 1.0, 1.0], 'style': [], 'adjust_top': 0, 'adjust_bottom': 0, 'adjust_left': 0, 'adjust_right': 0, 'expire': None, 'key': None, 'widget': None, 'events_when_added': [], 'events_when_removed': [], 'bitmap_font': False, 'font_kerning': True, 'bold': False, 'italic': False, 'number_grouping': False, 'min_digits': 0, 'halign': 'center', 'valign': 'middle', 'rotation': 0, 'scale': 1.0, 'casing': None, 'animations': None}, {'type': 'text', 'text': 'BALL (ball)', 'y': '10', 'x': 'right-10', 'anchor_x': 'right', 'anchor_y': 'bottom', 'font_size': 50, '_default_settings': ['type', 'text', 'y', 'x', 'anchor_x', 'anchor_y', 'font_size'], 'round_anchor_x': None, 'round_anchor_y': None, 'opacity': 1.0, 'z': 0, 'reset_animations_events': {}, 'color': [1.0, 1.0, 1.0, 1.0], 'style': [], 'adjust_top': 0, 'adjust_bottom': 0, 'adjust_left': 0, 'adjust_right': 0, 'expire': None, 'key': None, 'widget': None, 'events_when_added': [], 'events_when_removed': [], 'bitmap_font': False, 'font_kerning': True, 'bold': False, 'italic': False, 'number_grouping': False, 'min_digits': 0, 'halign': 'center', 'valign': 'middle', 'rotation': 0, 'scale': 1.0, 'casing': None, 'animations': None}], 'target': None, 'background_color': [0.0, 0.0, 0.0, 1.0], 'priority': None, 'show': True, 'force': False, 'expire': None, 'slide': None, 'tokens': {}, 'action': 'play'}}, 'context': 'base', 'calling_context': 'mode_base_started', 'priority': 100, 'queue': '<QueuedEvent>', 'player': 1, 'ball': 1, 'balls_remaining': 4, 'is_extra_ball': False}
2020-10-04 07:38:29,174 : mpfmc : SlidePlayer: Play called with settings={'widgets': {'widgets': [{'type': 'text', 'text': '(score)', 'number_grouping': True, 'min_digits': 2, 'font_size': 100, '_default_settings': ['type', 'text', 'number_grouping', 'min_digits', 'font_size'], 'x': None, 'y': None, 'anchor_x': 'center', 'anchor_y': 'center', 'round_anchor_x': None, 'round_anchor_y': None, 'opacity': 1.0, 'z': 0, 'reset_animations_events': {}, 'color': [1.0, 1.0, 1.0, 1.0], 'style': [], 'adjust_top': 0, 'adjust_bottom': 0, 'adjust_left': 0, 'adjust_right': 0, 'expire': None, 'key': None, 'widget': None, 'events_when_added': [], 'events_when_removed': [], 'bitmap_font': False, 'font_kerning': True, 'bold': False, 'italic': False, 'halign': 'center', 'valign': 'middle', 'rotation': 0, 'scale': 1.0, 'casing': None, 'animations': None}, {'type': 'text', 'text': 'Player (player)', 'y': '10', 'x': '10', 'font_size': 30, 'anchor_x': 'left', 'anchor_y': 'bottom', '_default_settings': ['type', 'text', 'y', 'x', 'font_size', 'anchor_x', 'anchor_y'], 'round_anchor_x': None, 'round_anchor_y': None, 'opacity': 1.0, 'z': 0, 'reset_animations_events': {}, 'color': [1.0, 1.0, 1.0, 1.0], 'style': [], 'adjust_top': 0, 'adjust_bottom': 0, 'adjust_left': 0, 'adjust_right': 0, 'expire': None, 'key': None, 'widget': None, 'events_when_added': [], 'events_when_removed': [], 'bitmap_font': False, 'font_kerning': True, 'bold': False, 'italic': False, 'number_grouping': False, 'min_digits': 0, 'halign': 'center', 'valign': 'middle', 'rotation': 0, 'scale': 1.0, 'casing': None, 'animations': None}, {'type': 'text', 'text': 'BALL (ball)', 'y': '10', 'x': 'right-10', 'anchor_x': 'right', 'anchor_y': 'bottom', 'font_size': 50, '_default_settings': ['type', 'text', 'y', 'x', 'anchor_x', 'anchor_y', 'font_size'], 'round_anchor_x': None, 'round_anchor_y': None, 'opacity': 1.0, 'z': 0, 'reset_animations_events': {}, 'color': [1.0, 1.0, 1.0, 1.0], 'style': [], 'adjust_top': 0, 'adjust_bottom': 0, 'adjust_left': 0, 'adjust_right': 0, 'expire': None, 'key': None, 'widget': None, 'events_when_added': [], 'events_when_removed': [], 'bitmap_font': False, 'font_kerning': True, 'bold': False, 'italic': False, 'number_grouping': False, 'min_digits': 0, 'halign': 'center', 'valign': 'middle', 'rotation': 0, 'scale': 1.0, 'casing': None, 'animations': None}], 'target': None, 'background_color': [0.0, 0.0, 0.0, 1.0], 'priority': None, 'show': True, 'force': False, 'expire': None, 'slide': None, 'tokens': {}, 'action': 'play'}}
2020-10-04 07:38:29,194 : EventManager : Event: ======'slide_base.slide_player-mode_base_started_created'====== Args={}
2020-10-04 07:38:29,204 : EventManager : Event: ======'slide_base.slide_player-mode_base_started_active'====== Args={}
2020-10-04 07:38:29,303 : EventManager : Event: ======'machine_var_audits_switches_s_plunger'====== Args={'value': 535, 'prev_value': 534, 'change': 1}
2020-10-04 07:38:40,614 : EventManager : Event: ======'machine_var_audits_switches_s_exit_shooter_lane'====== Args={'value': 345, 'prev_value': 344, 'change': 1}
2020-10-04 07:38:45,486 : EventManager : Event: ======'machine_var_audits_switches_s_soul_S'====== Args={'value': 71, 'prev_value': 70, 'change': 1}
2020-10-04 07:38:45,498 : EventManager : Event: ======'player_shot_soul_S'====== Args={'value': 1, 'prev_value': 0, 'change': 1, 'player_num': 1}
2020-10-04 07:38:45,513 : EventManager : Event: ======'machine_var_audits_shots_soul_S'====== Args={'value': 71, 'prev_value': 70, 'change': 1}
2020-10-04 07:38:49,603 : EventManager : Event: ======'machine_var_audits_switches_s_soul_O'====== Args={'value': 66, 'prev_value': 65, 'change': 1}
2020-10-04 07:38:49,603 : EventManager : Event: ======'player_shot_soul_O'====== Args={'value': 1, 'prev_value': 0, 'change': 1, 'player_num': 1}
2020-10-04 07:38:49,604 : EventManager : Event: ======'machine_var_audits_shots_soul_O'====== Args={'value': 61, 'prev_value': 60, 'change': 1}
2020-10-04 07:38:51,642 : EventManager : Event: ======'machine_var_audits_switches_s_soul_U'====== Args={'value': 61, 'prev_value': 60, 'change': 1}
2020-10-04 07:38:51,642 : EventManager : Event: ======'player_shot_soul_U'====== Args={'value': 1, 'prev_value': 0, 'change': 1, 'player_num': 1}
2020-10-04 07:38:51,642 : EventManager : Event: ======'machine_var_audits_shots_soul_U'====== Args={'value': 61, 'prev_value': 60, 'change': 1}
2020-10-04 07:38:53,561 : EventManager : Event: ======'machine_var_audits_switches_s_soul_L'====== Args={'value': 57, 'prev_value': 56, 'change': 1}
2020-10-04 07:38:53,561 : EventManager : Event: ======'player_shot_soul_L'====== Args={'value': 1, 'prev_value': 0, 'change': 1, 'player_num': 1}
2020-10-04 07:38:53,603 : EventManager : Event: ======'machine_var_audits_shots_soul_L'====== Args={'value': 56, 'prev_value': 55, 'change': 1}
2020-10-04 07:38:53,619 : EventManager : Event: ======'player_pf_multiplier'====== Args={'value': 2, 'prev_value': 0, 'change': 2, 'player_num': 1}
2020-10-04 07:38:54,672 : EventManager : Event: ======'player_shot_soul_S'====== Args={'value': 0, 'prev_value': 1, 'change': -1, 'player_num': 1}
2020-10-04 07:38:54,673 : EventManager : Event: ======'player_shot_soul_O'====== Args={'value': 0, 'prev_value': 1, 'change': -1, 'player_num': 1}
2020-10-04 07:38:54,673 : EventManager : Event: ======'player_shot_soul_U'====== Args={'value': 0, 'prev_value': 1, 'change': -1, 'player_num': 1}
2020-10-04 07:38:54,673 : EventManager : Event: ======'player_shot_soul_L'====== Args={'value': 0, 'prev_value': 1, 'change': -1, 'player_num': 1}
2020-10-04 07:38:58,955 : EventManager : Event: ======'machine_var_audits_switches_s_exit_shooter_lane'====== Args={'value': 346, 'prev_value': 345, 'change': 1}
2020-10-04 07:39:00,409 : EventManager : Event: ======'machine_var_audits_switches_s_exit_shooter_lane'====== Args={'value': 347, 'prev_value': 346, 'change': 1}
2020-10-04 07:39:03,720 : EventManager : Event: ======'machine_var_audits_switches_s_popBumper_1'====== Args={'value': 461, 'prev_value': 460, 'change': 1}
2020-10-04 07:39:04,253 : EventManager : Event: ======'machine_var_audits_switches_s_popBumper_2'====== Args={'value': 436, 'prev_value': 435, 'change': 1}
2020-10-04 07:39:04,253 : EventManager : Event: ======'player_score'====== Args={'value': 10, 'prev_value': 0, 'change': 10, 'player_num': 1}
2020-10-04 07:39:04,806 : EventManager : Event: ======'machine_var_audits_switches_s_popBumper_3'====== Args={'value': 160, 'prev_value': 159, 'change': 1}
2020-10-04 07:39:04,806 : EventManager : Event: ======'player_score'====== Args={'value': 20, 'prev_value': 10, 'change': 10, 'player_num': 1}
2020-10-04 07:39:05,593 : EventManager : Event: ======'machine_var_audits_switches_s_popBumper_3'====== Args={'value': 161, 'prev_value': 160, 'change': 1}
2020-10-04 07:39:05,594 : EventManager : Event: ======'player_score'====== Args={'value': 30, 'prev_value': 20, 'change': 10, 'player_num': 1}
2020-10-04 07:39:06,334 : EventManager : Event: ======'machine_var_audits_switches_s_popBumper_2'====== Args={'value': 437, 'prev_value': 436, 'change': 1}
2020-10-04 07:39:06,334 : EventManager : Event: ======'player_score'====== Args={'value': 40, 'prev_value': 30, 'change': 10, 'player_num': 1}
2020-10-04 07:39:07,852 : EventManager : Event: ======'machine_var_audits_switches_s_popBumper_1'====== Args={'value': 462, 'prev_value': 461, 'change': 1}
2020-10-04 07:39:09,473 : EventManager : Event: ======'machine_var_audits_switches_s_soul_S'====== Args={'value': 72, 'prev_value': 71, 'change': 1}
2020-10-04 07:39:09,473 : EventManager : Event: ======'player_shot_soul_S'====== Args={'value': 1, 'prev_value': 0, 'change': 1, 'player_num': 1}
2020-10-04 07:39:09,474 : EventManager : Event: ======'machine_var_audits_shots_soul_S'====== Args={'value': 72, 'prev_value': 71, 'change': 1}
2020-10-04 07:39:11,355 : EventManager : Event: ======'machine_var_audits_switches_s_soul_O'====== Args={'value': 67, 'prev_value': 66, 'change': 1}
2020-10-04 07:39:11,363 : EventManager : Event: ======'player_shot_soul_O'====== Args={'value': 1, 'prev_value': 0, 'change': 1, 'player_num': 1}
2020-10-04 07:39:11,363 : EventManager : Event: ======'machine_var_audits_shots_soul_O'====== Args={'value': 62, 'prev_value': 61, 'change': 1}
2020-10-04 07:39:12,243 : EventManager : Event: ======'machine_var_audits_switches_s_soul_U'====== Args={'value': 62, 'prev_value': 61, 'change': 1}
2020-10-04 07:39:12,244 : EventManager : Event: ======'player_shot_soul_U'====== Args={'value': 1, 'prev_value': 0, 'change': 1, 'player_num': 1}
2020-10-04 07:39:12,244 : EventManager : Event: ======'machine_var_audits_shots_soul_U'====== Args={'value': 62, 'prev_value': 61, 'change': 1}
2020-10-04 07:39:13,626 : EventManager : Event: ======'machine_var_audits_switches_s_soul_L'====== Args={'value': 58, 'prev_value': 57, 'change': 1}
2020-10-04 07:39:13,626 : EventManager : Event: ======'player_shot_soul_L'====== Args={'value': 1, 'prev_value': 0, 'change': 1, 'player_num': 1}
2020-10-04 07:39:13,627 : EventManager : Event: ======'machine_var_audits_shots_soul_L'====== Args={'value': 57, 'prev_value': 56, 'change': 1}
2020-10-04 07:39:13,627 : EventManager : Event: ======'player_pf_multiplier'====== Args={'value': 3, 'prev_value': 2, 'change': 1, 'player_num': 1}
2020-10-04 07:39:14,617 : EventManager : Event: ======'player_shot_soul_S'====== Args={'value': 0, 'prev_value': 1, 'change': -1, 'player_num': 1}
2020-10-04 07:39:14,617 : EventManager : Event: ======'player_shot_soul_O'====== Args={'value': 0, 'prev_value': 1, 'change': -1, 'player_num': 1}
2020-10-04 07:39:14,617 : EventManager : Event: ======'player_shot_soul_U'====== Args={'value': 0, 'prev_value': 1, 'change': -1, 'player_num': 1}
2020-10-04 07:39:14,617 : EventManager : Event: ======'player_shot_soul_L'====== Args={'value': 0, 'prev_value': 1, 'change': -1, 'player_num': 1}
2020-10-04 07:39:19,251 : EventManager : Event: ======'machine_var_audits_switches_s_soul_S'====== Args={'value': 73, 'prev_value': 72, 'change': 1}
2020-10-04 07:39:19,252 : EventManager : Event: ======'player_shot_soul_S'====== Args={'value': 1, 'prev_value': 0, 'change': 1, 'player_num': 1}
2020-10-04 07:39:19,252 : EventManager : Event: ======'machine_var_audits_shots_soul_S'====== Args={'value': 73, 'prev_value': 72, 'change': 1}
2020-10-04 07:39:20,459 : EventManager : Event: ======'machine_var_audits_switches_s_soul_O'====== Args={'value': 68, 'prev_value': 67, 'change': 1}
2020-10-04 07:39:20,459 : EventManager : Event: ======'player_shot_soul_O'====== Args={'value': 1, 'prev_value': 0, 'change': 1, 'player_num': 1}
2020-10-04 07:39:20,459 : EventManager : Event: ======'machine_var_audits_shots_soul_O'====== Args={'value': 63, 'prev_value': 62, 'change': 1}
2020-10-04 07:39:21,160 : EventManager : Event: ======'machine_var_audits_switches_s_soul_U'====== Args={'value': 63, 'prev_value': 62, 'change': 1}
2020-10-04 07:39:21,161 : EventManager : Event: ======'player_shot_soul_U'====== Args={'value': 1, 'prev_value': 0, 'change': 1, 'player_num': 1}
2020-10-04 07:39:21,161 : EventManager : Event: ======'machine_var_audits_shots_soul_U'====== Args={'value': 63, 'prev_value': 62, 'change': 1}
2020-10-04 07:39:22,974 : EventManager : Event: ======'machine_var_audits_switches_s_soul_L'====== Args={'value': 59, 'prev_value': 58, 'change': 1}
2020-10-04 07:39:22,974 : EventManager : Event: ======'player_shot_soul_L'====== Args={'value': 1, 'prev_value': 0, 'change': 1, 'player_num': 1}
2020-10-04 07:39:23,003 : EventManager : Event: ======'machine_var_audits_shots_soul_L'====== Args={'value': 58, 'prev_value': 57, 'change': 1}
2020-10-04 07:39:23,003 : EventManager : Event: ======'player_pf_multiplier'====== Args={'value': 4, 'prev_value': 3, 'change': 1, 'player_num': 1}
2020-10-04 07:39:24,029 : EventManager : Event: ======'player_shot_soul_S'====== Args={'value': 0, 'prev_value': 1, 'change': -1, 'player_num': 1}
2020-10-04 07:39:24,029 : EventManager : Event: ======'player_shot_soul_O'====== Args={'value': 0, 'prev_value': 1, 'change': -1, 'player_num': 1}
2020-10-04 07:39:24,029 : EventManager : Event: ======'player_shot_soul_U'====== Args={'value': 0, 'prev_value': 1, 'change': -1, 'player_num': 1}
2020-10-04 07:39:24,029 : EventManager : Event: ======'player_shot_soul_L'====== Args={'value': 0, 'prev_value': 1, 'change': -1, 'player_num': 1}
2020-10-04 07:39:28,252 : kivy : Base: Leaving application in progress...
2020-10-04 07:39:28,491 : kivy : WindowSDL: exiting mainloop and closing.
2020-10-04 07:39:28,535 : mpfmc : Stopping...
2020-10-04 07:39:28,535 : EventManager : Event: ======'shutdown'====== Args={}
2020-10-04 07:39:28,535 : mpfmc : Loop rate 63.18 Hz
2020-10-04 07:39:28,535 : kivy : MC run loop ended.
2020-10-04 07:39:28,535 : kivy : Stopping child threads... (3 remaining)
2020-10-04 07:39:28,894 : mpfmc : Stopping...
2020-10-04 07:39:28,894 : EventManager : Event: ======'shutdown'====== Args={}
2020-10-04 07:39:28,894 : mpfmc : Loop rate 62.88 Hz
2020-10-04 07:39:28,941 : MPF-MC BCP Server : Stopping BCP sending thread
2020-10-04 07:39:29,035 : kivy : All child threads stopped.
