2020-10-05 17:36:56,487 : INFO : root : Loading config.
2020-10-05 17:36:56,503 : INFO : YamlMultifileConfigLoader : Machine config file #1: config.yaml
2020-10-05 17:36:56,503 : INFO : ConfigProcessor : Loading config from cache: C:\Users\themi\AppData\Local\Temp\2b6ef079982d662fef43bd5e7e2d4708.mpf_cache
2020-10-05 17:36:56,706 : INFO : ConfigProcessor : Loading config from cache: C:\Users\themi\AppData\Local\Temp\89b9c5cb952cce9fc74d723399719cc6.mpf_cache
2020-10-05 17:36:56,706 : INFO : ConfigProcessor : Loading config from cache: C:\Users\themi\AppData\Local\Temp\4fcecb70f81c3c2fefb8e65ae9a0af5f.mpf_cache
2020-10-05 17:36:56,706 : INFO : ConfigProcessor : Loading config from cache: C:\Users\themi\AppData\Local\Temp\5820a65357aa32f3082a694bbd0b1b93.mpf_cache
2020-10-05 17:36:56,706 : INFO : ConfigProcessor : Loading config from cache: C:\Users\themi\AppData\Local\Temp\2f1df67e0c6599f893aeb5468bc976f9.mpf_cache
2020-10-05 17:36:56,706 : WARNING : ConfigProcessor : Config file in cache changed: c:\GitHub\Cuphead\modes\bonus\config\bonus.yaml
2020-10-05 17:36:56,706 : INFO : ConfigProcessor : Loading config from file c:\users\themi\appdata\local\programs\python\python36\lib\site-packages\mpf\modes\bonus\config\bonus.yaml.
2020-10-05 17:36:56,721 : INFO : ConfigProcessor : Loading config: c:\users\themi\appdata\local\programs\python\python36\lib\site-packages\mpf\modes\bonus\config\bonus.yaml
2020-10-05 17:36:56,721 : INFO : ConfigProcessor : Loading config from file c:\GitHub\Cuphead\modes\bonus\config\bonus.yaml.
2020-10-05 17:36:56,721 : INFO : ConfigProcessor : Loading config: c:\GitHub\Cuphead\modes\bonus\config\bonus.yaml
2020-10-05 17:36:56,721 : INFO : ConfigProcessor : Config file cache created: C:\Users\themi\AppData\Local\Temp\3e28196fea866bd961d93515ab5c664b.mpf_cache
2020-10-05 17:36:56,737 : INFO : ConfigProcessor : Loading config from cache: C:\Users\themi\AppData\Local\Temp\893c92602cb79b5461df4ae912d665e0.mpf_cache
2020-10-05 17:36:56,737 : INFO : ConfigProcessor : Loading config from cache: C:\Users\themi\AppData\Local\Temp\15cb35af48ef2b73a1399ecc64f542cf.mpf_cache
2020-10-05 17:36:56,737 : INFO : ConfigProcessor : Loading config from cache: C:\Users\themi\AppData\Local\Temp\8f78dc3447c1c9fe6775dbe5408c12e9.mpf_cache
2020-10-05 17:36:56,737 : INFO : ConfigProcessor : Loading config from cache: C:\Users\themi\AppData\Local\Temp\459e0fbd95aa261661d4ec522fde7178.mpf_cache
2020-10-05 17:36:56,737 : INFO : ConfigProcessor : Loading config from cache: C:\Users\themi\AppData\Local\Temp\bc011c11c9e34bbd89eedfa08565ed62.mpf_cache
2020-10-05 17:36:56,737 : INFO : ConfigProcessor : Loading config from cache: C:\Users\themi\AppData\Local\Temp\6f009ec52b9ccf4b89f291e4051b3241.mpf_cache
2020-10-05 17:36:56,737 : INFO : ConfigProcessor : Loading config from cache: C:\Users\themi\AppData\Local\Temp\c2ce7139d0aaca9aa552320269b3f50d.mpf_cache
2020-10-05 17:36:56,737 : INFO : ConfigProcessor : Loading config from cache: C:\Users\themi\AppData\Local\Temp\2b7bf9166be80f4b554569a332b23de4.mpf_cache
2020-10-05 17:36:56,753 : INFO : ConfigProcessor : Loading config from cache: C:\Users\themi\AppData\Local\Temp\c546e3aedc6779039624162d0203f540.mpf_cache
2020-10-05 17:36:56,753 : INFO : ConfigProcessor : Loading config from cache: C:\Users\themi\AppData\Local\Temp\abdfe7fa7b37a4a193490f565dc0597d.mpf_cache
2020-10-05 17:36:56,753 : INFO : ConfigProcessor : Loading config from cache: C:\Users\themi\AppData\Local\Temp\4342b421d288ce5a4483067739b72cdd.mpf_cache
2020-10-05 17:36:56,753 : INFO : ConfigProcessor : Loading config from cache: C:\Users\themi\AppData\Local\Temp\368aa16bb3be9e41d99a527245060f83.mpf_cache
2020-10-05 17:36:56,753 : INFO : ConfigProcessor : Loading config from cache: C:\Users\themi\AppData\Local\Temp\d0e012eb2507157abb0bb72425aaf5b2.mpf_cache
2020-10-05 17:36:56,753 : INFO : ConfigProcessor : Loading config from cache: C:\Users\themi\AppData\Local\Temp\0f1b51b912b71211c13fe22b9a37b50a.mpf_cache
2020-10-05 17:36:56,753 : INFO : ConfigProcessor : Loading config from cache: C:\Users\themi\AppData\Local\Temp\10ee2574e78165e598e7a995071a74cc.mpf_cache
2020-10-05 17:36:56,753 : INFO : ConfigProcessor : Loading config from cache: C:\Users\themi\AppData\Local\Temp\a266cad92e011305e896e67dddfd4a6c.mpf_cache
2020-10-05 17:36:56,753 : INFO : ConfigProcessor : Loading config from cache: C:\Users\themi\AppData\Local\Temp\7ee3e0eba3dedef43a01da4ffa491384.mpf_cache
2020-10-05 17:36:56,753 : INFO : ConfigProcessor : Loading config from cache: C:\Users\themi\AppData\Local\Temp\13fd6d25ddf06daef684ee2be33938b7.mpf_cache
2020-10-05 17:36:56,768 : INFO : Machine : Mission Pinball Framework Core Engine v0.54.0-dev.72
2020-10-05 17:36:56,768 : INFO : Machine : Command line arguments: {'no_load_cache': False, 'create_config_cache': True, 'bcp': True, 'configfile': ['config.yaml'], 'force_assets_load': False, 'jsonlogging': False, 'logfile': 'logs\\2020-10-05-17-36-56-mpf-LAPTOP-C39PEUFD.log', 'pause': False, 'production': False, 'text_ui': True, 'loglevel': 15, 'consoleloglevel': 20, 'force_platform': 'smart_virtual', 'syslog_address': None, 'mc_file_name': None, 'no_sound': False}
2020-10-05 17:36:56,768 : INFO : Machine : MPF path: c:\users\themi\appdata\local\programs\python\python36\lib\site-packages\mpf
2020-10-05 17:36:56,768 : INFO : Machine : Machine path: c:\GitHub\Cuphead
2020-10-05 17:36:56,768 : INFO : Machine : Platform: win32
2020-10-05 17:36:56,768 : INFO : Machine : Python executable location: c:\users\themi\appdata\local\programs\python\python36\python.exe
2020-10-05 17:36:56,768 : INFO : Machine : Python version: 3.6.4 (64-bit)
2020-10-05 17:36:56,768 : INFO : Machine : Initialise MPF.
2020-10-05 17:36:57,190 : INFO : EventManager : Event: ======'machine_var_credits_string'====== Args={'value': 'FREE PLAY', 'prev_value': None, 'change': True}
2020-10-05 17:36:57,315 : INFO : EventManager : Event: ======'machine_var_player1_score'====== Args={'value': 16340, 'prev_value': None, 'change': True}
2020-10-05 17:36:57,315 : INFO : EventManager : Event: ======'machine_var_mpf_version'====== Args={'value': 'MPF v0.54.0-dev.72', 'prev_value': None, 'change': True}
2020-10-05 17:36:57,315 : INFO : EventManager : Event: ======'machine_var_mpf_extended_version'====== Args={'value': 'MPF v0.54.0-dev.72, Config version:5, Show version: 5, BCP version:1.1', 'prev_value': None, 'change': True}
2020-10-05 17:36:57,315 : INFO : EventManager : Event: ======'machine_var_python_version'====== Args={'value': '3.6.4', 'prev_value': None, 'change': True}
2020-10-05 17:36:57,315 : INFO : EventManager : Event: ======'machine_var_platform'====== Args={'value': 'Windows-10-10.0.18362-SP0', 'prev_value': None, 'change': True}
2020-10-05 17:36:57,315 : INFO : EventManager : Event: ======'machine_var_platform_system'====== Args={'value': 'Windows', 'prev_value': None, 'change': True}
2020-10-05 17:36:57,315 : INFO : EventManager : Event: ======'machine_var_platform_release'====== Args={'value': '10', 'prev_value': None, 'change': True}
2020-10-05 17:36:57,315 : INFO : EventManager : Event: ======'machine_var_platform_version'====== Args={'value': '10.0.18362', 'prev_value': None, 'change': True}
2020-10-05 17:36:57,315 : INFO : EventManager : Event: ======'machine_var_platform_machine'====== Args={'value': 'AMD64', 'prev_value': None, 'change': True}
2020-10-05 17:36:57,315 : INFO : EventManager : Event: ======'init_phase_1'====== Args={}
2020-10-05 17:36:57,457 : INFO : EventManager : Event: ======'drop_target_bank_cup_bank_up'====== Args={}
2020-10-05 17:36:57,472 : INFO : EventManager : Event: ======'drop_target_bank_mug_bank_up'====== Args={}
2020-10-05 17:36:57,472 : INFO : EventManager : Event: ======'init_phase_2'====== Args={}
2020-10-05 17:36:57,472 : INFO : SwitchController : Found active switch: ('2', <Platform.SmartVirtual>)
2020-10-05 17:36:57,472 : INFO : SwitchController : Found active switch: ('3', <Platform.SmartVirtual>)
2020-10-05 17:36:57,488 : INFO : EventManager : Event: ======'bcp_connection_attempt'====== Args={'name': 'local_display', 'host': 'localhost', 'port': 5050}
2020-10-05 17:36:57,488 : INFO : BCPClientSocket : Connecting BCP to 'local_display' at localhost:5050...
2020-10-05 17:37:09,781 : INFO : BCPClientSocket : Connected BCP to 'local_display' localhost:5050
2020-10-05 17:37:09,782 : INFO : EventManager : Event: ======'bcp_clients_connected'====== Args={}
2020-10-05 17:37:09,823 : INFO : ball_device.bd_trough : State: idle
2020-10-05 17:37:09,825 : INFO : ball_device.bd_plunger : State: idle
2020-10-05 17:37:09,900 : INFO : EventManager : Event: ======'init_phase_3'====== Args={}
2020-10-05 17:37:09,915 : INFO : EventManager : Event: ======'machine_var_mc_version'====== Args={'value': 'MPF-MC v0.54.0-dev.20', 'prev_value': None, 'change': True}
2020-10-05 17:37:09,915 : INFO : EventManager : Event: ======'machine_var_mc_extended_version'====== Args={'value': 'MPF-MC v0.54.0-dev.20 (config_version=5, BCP v1.1, Requires MPF v0.54.0-dev.68)', 'prev_value': None, 'change': True}
2020-10-05 17:37:09,919 : INFO : EventManager : Event: ======'machine_var_master_volume'====== Args={'value': 0.5, 'prev_value': None, 'change': True}
2020-10-05 17:37:09,920 : INFO : EventManager : Event: ======'init_phase_4'====== Args={}
2020-10-05 17:37:09,952 : INFO : EventManager : Event: ======'machine_var_audits_events_game_ended'====== Args={'value': 21, 'prev_value': None, 'change': True}
2020-10-05 17:37:09,954 : INFO : EventManager : Event: ======'machine_var_audits_events_game_started'====== Args={'value': 40, 'prev_value': None, 'change': True}
2020-10-05 17:37:09,954 : INFO : EventManager : Event: ======'machine_var_audits_player_score'====== Args={'value': {'average': 530.4761904761905, 'top': [2970, 1300, 1220, 980, 880, 780, 720, 710, 630, 590], 'total': 21}, 'prev_value': None, 'change': True}
2020-10-05 17:37:09,955 : INFO : EventManager : Event: ======'machine_var_audits_shots_soul_L'====== Args={'value': 267, 'prev_value': None, 'change': True}
2020-10-05 17:37:09,957 : INFO : EventManager : Event: ======'machine_var_audits_shots_soul_O'====== Args={'value': 274, 'prev_value': None, 'change': True}
2020-10-05 17:37:09,958 : INFO : EventManager : Event: ======'machine_var_audits_shots_soul_S'====== Args={'value': 307, 'prev_value': None, 'change': True}
2020-10-05 17:37:09,959 : INFO : EventManager : Event: ======'machine_var_audits_shots_soul_U'====== Args={'value': 269, 'prev_value': None, 'change': True}
2020-10-05 17:37:09,960 : INFO : EventManager : Event: ======'machine_var_audits_switches_s_coin'====== Args={'value': 20, 'prev_value': None, 'change': True}
2020-10-05 17:37:09,961 : INFO : EventManager : Event: ======'machine_var_audits_switches_s_dash_L'====== Args={'value': 0, 'prev_value': None, 'change': True}
2020-10-05 17:37:09,962 : INFO : EventManager : Event: ======'machine_var_audits_switches_s_dash_R'====== Args={'value': 0, 'prev_value': None, 'change': True}
2020-10-05 17:37:09,963 : INFO : EventManager : Event: ======'machine_var_audits_switches_s_dtSling_L'====== Args={'value': 0, 'prev_value': None, 'change': True}
2020-10-05 17:37:09,963 : INFO : EventManager : Event: ======'machine_var_audits_switches_s_dtSling_R'====== Args={'value': 0, 'prev_value': None, 'change': True}
2020-10-05 17:37:09,964 : INFO : EventManager : Event: ======'machine_var_audits_switches_s_dt_C'====== Args={'value': 118, 'prev_value': None, 'change': True}
2020-10-05 17:37:09,966 : INFO : EventManager : Event: ======'machine_var_audits_switches_s_dt_G'====== Args={'value': 42, 'prev_value': None, 'change': True}
2020-10-05 17:37:09,967 : INFO : EventManager : Event: ======'machine_var_audits_switches_s_dt_M'====== Args={'value': 41, 'prev_value': None, 'change': True}
2020-10-05 17:37:09,967 : INFO : EventManager : Event: ======'machine_var_audits_switches_s_dt_P'====== Args={'value': 98, 'prev_value': None, 'change': True}
2020-10-05 17:37:09,968 : INFO : EventManager : Event: ======'machine_var_audits_switches_s_dt_U'====== Args={'value': 106, 'prev_value': None, 'change': True}
2020-10-05 17:37:09,969 : INFO : EventManager : Event: ======'machine_var_audits_switches_s_dt_U2'====== Args={'value': 41, 'prev_value': None, 'change': True}
2020-10-05 17:37:09,970 : INFO : EventManager : Event: ======'machine_var_audits_switches_s_exit_shooter_lane'====== Args={'value': 382, 'prev_value': None, 'change': True}
2020-10-05 17:37:09,971 : INFO : EventManager : Event: ======'machine_var_audits_switches_s_inLane_L'====== Args={'value': 0, 'prev_value': None, 'change': True}
2020-10-05 17:37:09,971 : INFO : EventManager : Event: ======'machine_var_audits_switches_s_inLane_R'====== Args={'value': 0, 'prev_value': None, 'change': True}
2020-10-05 17:37:09,975 : INFO : EventManager : Event: ======'machine_var_audits_switches_s_kicker'====== Args={'value': 0, 'prev_value': None, 'change': True}
2020-10-05 17:37:09,977 : INFO : EventManager : Event: ======'machine_var_audits_switches_s_left_flipper'====== Args={'value': 151, 'prev_value': None, 'change': True}
2020-10-05 17:37:09,978 : INFO : EventManager : Event: ======'machine_var_audits_switches_s_midRight'====== Args={'value': 0, 'prev_value': None, 'change': True}
2020-10-05 17:37:09,979 : INFO : EventManager : Event: ======'machine_var_audits_switches_s_outLane_L'====== Args={'value': 0, 'prev_value': None, 'change': True}
2020-10-05 17:37:09,980 : INFO : EventManager : Event: ======'machine_var_audits_switches_s_outLane_R'====== Args={'value': 0, 'prev_value': None, 'change': True}
2020-10-05 17:37:09,981 : INFO : EventManager : Event: ======'machine_var_audits_switches_s_perdition'====== Args={'value': 0, 'prev_value': None, 'change': True}
2020-10-05 17:37:09,982 : INFO : EventManager : Event: ======'machine_var_audits_switches_s_playfield'====== Args={'value': 0, 'prev_value': None, 'change': True}
2020-10-05 17:37:09,982 : INFO : EventManager : Event: ======'machine_var_audits_switches_s_plunger'====== Args={'value': 625, 'prev_value': None, 'change': True}
2020-10-05 17:37:09,983 : INFO : EventManager : Event: ======'machine_var_audits_switches_s_popBumper_1'====== Args={'value': 464, 'prev_value': None, 'change': True}
2020-10-05 17:37:09,984 : INFO : EventManager : Event: ======'machine_var_audits_switches_s_popBumper_2'====== Args={'value': 442, 'prev_value': None, 'change': True}
2020-10-05 17:37:09,985 : INFO : EventManager : Event: ======'machine_var_audits_switches_s_popBumper_3'====== Args={'value': 164, 'prev_value': None, 'change': True}
2020-10-05 17:37:09,986 : INFO : EventManager : Event: ======'machine_var_audits_switches_s_pop_bumper1'====== Args={'value': 120, 'prev_value': None, 'change': True}
2020-10-05 17:37:09,987 : INFO : EventManager : Event: ======'machine_var_audits_switches_s_pop_bumper2'====== Args={'value': 153, 'prev_value': None, 'change': True}
2020-10-05 17:37:09,988 : INFO : EventManager : Event: ======'machine_var_audits_switches_s_pop_bumper3'====== Args={'value': 100, 'prev_value': None, 'change': True}
2020-10-05 17:37:09,989 : INFO : EventManager : Event: ======'machine_var_audits_switches_s_right_flipper'====== Args={'value': 217, 'prev_value': None, 'change': True}
2020-10-05 17:37:09,990 : INFO : EventManager : Event: ======'machine_var_audits_switches_s_sling_L'====== Args={'value': 0, 'prev_value': None, 'change': True}
2020-10-05 17:37:09,991 : INFO : EventManager : Event: ======'machine_var_audits_switches_s_sling_R'====== Args={'value': 0, 'prev_value': None, 'change': True}
2020-10-05 17:37:09,992 : INFO : EventManager : Event: ======'machine_var_audits_switches_s_soul_L'====== Args={'value': 268, 'prev_value': None, 'change': True}
2020-10-05 17:37:09,993 : INFO : EventManager : Event: ======'machine_var_audits_switches_s_soul_O'====== Args={'value': 279, 'prev_value': None, 'change': True}
2020-10-05 17:37:09,993 : INFO : EventManager : Event: ======'machine_var_audits_switches_s_soul_S'====== Args={'value': 307, 'prev_value': None, 'change': True}
2020-10-05 17:37:09,994 : INFO : EventManager : Event: ======'machine_var_audits_switches_s_soul_U'====== Args={'value': 269, 'prev_value': None, 'change': True}
2020-10-05 17:37:09,995 : INFO : EventManager : Event: ======'machine_var_audits_switches_s_standUp_1'====== Args={'value': 0, 'prev_value': None, 'change': True}
2020-10-05 17:37:09,996 : INFO : EventManager : Event: ======'machine_var_audits_switches_s_standUp_2'====== Args={'value': 0, 'prev_value': None, 'change': True}
2020-10-05 17:37:09,997 : INFO : EventManager : Event: ======'machine_var_audits_switches_s_standUp_3'====== Args={'value': 0, 'prev_value': None, 'change': True}
2020-10-05 17:37:09,998 : INFO : EventManager : Event: ======'machine_var_audits_switches_s_standUp_R'====== Args={'value': 0, 'prev_value': None, 'change': True}
2020-10-05 17:37:09,999 : INFO : EventManager : Event: ======'machine_var_audits_switches_s_star_1'====== Args={'value': 0, 'prev_value': None, 'change': True}
2020-10-05 17:37:10,000 : INFO : EventManager : Event: ======'machine_var_audits_switches_s_star_2'====== Args={'value': 0, 'prev_value': None, 'change': True}
2020-10-05 17:37:10,001 : INFO : EventManager : Event: ======'machine_var_audits_switches_s_star_3'====== Args={'value': 0, 'prev_value': None, 'change': True}
2020-10-05 17:37:10,002 : INFO : EventManager : Event: ======'machine_var_audits_switches_s_start'====== Args={'value': 69, 'prev_value': None, 'change': True}
2020-10-05 17:37:10,004 : INFO : EventManager : Event: ======'machine_var_audits_switches_s_tilt'====== Args={'value': 0, 'prev_value': None, 'change': True}
2020-10-05 17:37:10,005 : INFO : EventManager : Event: ======'machine_var_audits_switches_s_trough1'====== Args={'value': 554, 'prev_value': None, 'change': True}
2020-10-05 17:37:10,006 : INFO : EventManager : Event: ======'machine_var_audits_switches_s_trough2'====== Args={'value': 72, 'prev_value': None, 'change': True}
2020-10-05 17:37:10,007 : INFO : EventManager : Event: ======'machine_var_audits_switches_s_trough_jam'====== Args={'value': 13, 'prev_value': None, 'change': True}
2020-10-05 17:37:10,009 : INFO : EventManager : Event: ======'init_phase_5'====== Args={}
2020-10-05 17:37:10,040 : INFO : EventManager : Event: ======'init_done'====== Args={}
2020-10-05 17:37:10,041 : INFO : EventManager : Event: ======'machine_reset_phase_1'====== Args={}
2020-10-05 17:37:10,052 : INFO : EventManager : Event: ======'slide_welcome_slide_removed'====== Args={'_from_bcp': True}
2020-10-05 17:37:10,061 : INFO : EventManager : Event: ======'slide_welcome_slide_created'====== Args={'_from_bcp': True}
2020-10-05 17:37:10,066 : INFO : EventManager : Event: ======'machine_reset_phase_2'====== Args={}
2020-10-05 17:37:10,066 : INFO : EventManager : Event: ======'machine_reset_phase_3'====== Args={}
2020-10-05 17:37:10,067 : INFO : drop_target_bank.cup_bank : All targets are already up. Will not reset bank.
2020-10-05 17:37:10,067 : INFO : drop_target_bank.mug_bank : All targets are already up. Will not reset bank.
2020-10-05 17:37:10,067 : INFO : EventManager : Event: ======'reset_complete'====== Args={}
2020-10-05 17:37:10,067 : INFO : EventManager : Event: ======'mode_attract_will_start'====== Args={}
2020-10-05 17:37:10,069 : INFO : EventManager : Event: ======'mode_attract_starting'====== Args={}
2020-10-05 17:37:10,069 : INFO : Mode.attract : Started. Priority: 10
2020-10-05 17:37:10,070 : INFO : EventManager : Event: ======'modes_active_modes_changed'====== Args={}
2020-10-05 17:37:10,070 : INFO : EventManager : Event: ======'mode_attract_started'====== Args={}
2020-10-05 17:37:10,080 : INFO : EventManager : Event: ======'collecting_balls_complete'====== Args={}
2020-10-05 17:37:10,148 : INFO : EventManager : Event: ======'slide_welcome_slide_active'====== Args={'_from_bcp': True}
2020-10-05 17:37:10,148 : INFO : EventManager : Event: ======'slide_awesome_slide_created'====== Args={'_from_bcp': True}
2020-10-05 17:37:10,149 : INFO : Machine : Starting the main run loop.
2020-10-05 17:37:10,151 : INFO : EventManager : Event: ======'slide_awesome_slide_active'====== Args={'_from_bcp': True}
2020-10-05 17:37:10,250 : INFO : BcpServer : New client connected.
2020-10-05 17:37:13,083 : INFO : EventManager : Event: ======'slide_press_start_created'====== Args={'_from_bcp': True}
2020-10-05 17:37:13,089 : INFO : EventManager : Event: ======'slide_press_start_active'====== Args={'_from_bcp': True}
2020-10-05 17:37:14,554 : INFO : SwitchController : <<<<<<< 's_start' active >>>>>>>
2020-10-05 17:37:14,721 : INFO : SwitchController : <<<<<<< 's_start' inactive >>>>>>>
2020-10-05 17:37:14,721 : INFO : EventManager : Event: ======'request_to_start_game'====== Args={}
2020-10-05 17:37:14,722 : INFO : EventManager : Event: ======'game_start'====== Args={'buttons': [], 'hold_time': 0.1720000000204891}
2020-10-05 17:37:14,723 : INFO : EventManager : Event: ======'mode_game_will_start'====== Args={'buttons': [], 'hold_time': 0.1720000000204891}
2020-10-05 17:37:14,724 : INFO : EventManager : Event: ======'mode_game_starting'====== Args={'buttons': [], 'hold_time': 0.1720000000204891}
2020-10-05 17:37:14,725 : INFO : EventManager : Event: ======'mode_attract_will_stop'====== Args={}
2020-10-05 17:37:14,725 : INFO : EventManager : Event: ======'mode_attract_stopping'====== Args={}
2020-10-05 17:37:14,726 : INFO : Mode.attract : Stopped.
2020-10-05 17:37:14,726 : INFO : EventManager : Event: ======'modes_active_modes_changed'====== Args={}
2020-10-05 17:37:14,728 : INFO : EventManager : Event: ======'mode_attract_stopped'====== Args={}
2020-10-05 17:37:14,728 : INFO : EventManager : Event: ======'clear'====== Args={'key': 'attract'}
2020-10-05 17:37:14,729 : INFO : Mode.game : Started. Priority: 20
2020-10-05 17:37:14,729 : INFO : EventManager : Event: ======'modes_active_modes_changed'====== Args={}
2020-10-05 17:37:14,730 : INFO : EventManager : Event: ======'mode_game_started'====== Args={'buttons': [], 'hold_time': 0.1720000000204891}
2020-10-05 17:37:14,766 : INFO : EventManager : Event: ======'game_will_start'====== Args={}
2020-10-05 17:37:14,772 : INFO : EventManager : Event: ======'slide_awesome_slide_removed'====== Args={'_from_bcp': True}
2020-10-05 17:37:14,776 : INFO : EventManager : Event: ======'slide_press_start_removed'====== Args={'_from_bcp': True}
2020-10-05 17:37:14,777 : INFO : EventManager : Event: ======'slide_welcome_slide_active'====== Args={'_from_bcp': True}
2020-10-05 17:37:14,778 : INFO : EventManager : Event: ======'game_starting'====== Args={'game': <Mode.game>}
2020-10-05 17:37:14,778 : INFO : EventManager : Event: ======'player_add_request'====== Args={}
2020-10-05 17:37:14,779 : INFO : EventManager : Event: ======'player_will_add'====== Args={'number': 1}
2020-10-05 17:37:14,780 : INFO : EventManager : Event: ======'player_adding'====== Args={'player': <Player 1>, 'number': 1}
2020-10-05 17:37:14,780 : INFO : EventManager : Event: ======'player_added'====== Args={'player': <Player 1>, 'num': 1}
2020-10-05 17:37:14,781 : INFO : Mode.game : Player added successfully. Total players: 1
2020-10-05 17:37:14,781 : INFO : EventManager : Event: ======'player_index'====== Args={'value': 0, 'prev_value': 0, 'change': 0, 'player_num': 1}
2020-10-05 17:37:14,782 : INFO : EventManager : Event: ======'player_number'====== Args={'value': 1, 'prev_value': 1, 'change': 0, 'player_num': 1}
2020-10-05 17:37:14,782 : INFO : EventManager : Event: ======'player_bonus_multiplier'====== Args={'value': 1, 'prev_value': 1, 'change': 0, 'player_num': 1}
2020-10-05 17:37:14,783 : INFO : EventManager : Event: ======'player_contracts'====== Args={'value': 0, 'prev_value': 0, 'change': 0, 'player_num': 1}
2020-10-05 17:37:14,784 : INFO : EventManager : Event: ======'player_score'====== Args={'value': 0, 'prev_value': 0, 'change': 0, 'player_num': 1}
2020-10-05 17:37:14,786 : INFO : EventManager : Event: ======'game_started'====== Args={}
2020-10-05 17:37:14,815 : INFO : EventManager : Event: ======'player_turn_will_start'====== Args={'player': <Player 1>, 'number': 1}
2020-10-05 17:37:14,818 : INFO : EventManager : Event: ======'player_turn_starting'====== Args={'player': <Player 1>, 'number': 1}
2020-10-05 17:37:14,818 : INFO : EventManager : Event: ======'player_ball'====== Args={'value': 1, 'prev_value': 0, 'change': 1, 'player_num': 1}
2020-10-05 17:37:14,819 : INFO : EventManager : Event: ======'player_turn_started'====== Args={'player': <Player 1>, 'number': 1}
2020-10-05 17:37:14,822 : INFO : EventManager : Event: ======'ball_will_start'====== Args={'player': 1, 'ball': 1, 'balls_remaining': 4, 'is_extra_ball': False}
2020-10-05 17:37:14,840 : INFO : EventManager : Event: ======'ball_starting'====== Args={'player': 1, 'ball': 1, 'balls_remaining': 4, 'is_extra_ball': False}
2020-10-05 17:37:14,841 : INFO : EventManager : Event: ======'mode_base_will_start'====== Args={'queue': <QueuedEvent>, 'player': 1, 'ball': 1, 'balls_remaining': 4, 'is_extra_ball': False}
2020-10-05 17:37:14,848 : INFO : EventManager : Event: ======'mode_base_starting'====== Args={'queue': <QueuedEvent>, 'player': 1, 'ball': 1, 'balls_remaining': 4, 'is_extra_ball': False}
2020-10-05 17:37:14,849 : INFO : drop_target_bank.cup_bank : All targets are already up. Will not reset bank.
2020-10-05 17:37:14,849 : INFO : drop_target_bank.mug_bank : All targets are already up. Will not reset bank.
2020-10-05 17:37:14,850 : INFO : EventManager : Event: ======'balls_in_play'====== Args={'balls': 1}
2020-10-05 17:37:14,851 : INFO : EventManager : Event: ======'ball_started'====== Args={'player': 1, 'ball': 1, 'balls_remaining': 4, 'is_extra_ball': False}
2020-10-05 17:37:14,852 : INFO : EventManager : Event: ======'logicblock_bonus_updated'====== Args={'value': 0, 'enabled': True}
2020-10-05 17:37:14,853 : INFO : EventManager : Event: ======'logicblock_bonus_updated'====== Args={'value': 0, 'enabled': True}
2020-10-05 17:37:14,853 : INFO : Mode.base : Started. Priority: 100
2020-10-05 17:37:14,853 : INFO : EventManager : Event: ======'modes_active_modes_changed'====== Args={}
2020-10-05 17:37:14,854 : INFO : EventManager : Event: ======'mode_base_started'====== Args={'queue': <QueuedEvent>, 'player': 1, 'ball': 1, 'balls_remaining': 4, 'is_extra_ball': False}
2020-10-05 17:37:14,857 : INFO : EventManager : Event: ======'mode_soulLanes_will_start'====== Args={'player': 1, 'ball': 1, 'balls_remaining': 4, 'is_extra_ball': False}
2020-10-05 17:37:14,858 : INFO : EventManager : Event: ======'player_shot_soul_S_enabled'====== Args={'value': True, 'prev_value': 0, 'change': 1, 'player_num': 1}
2020-10-05 17:37:14,859 : INFO : EventManager : Event: ======'player_shot_soul_O_enabled'====== Args={'value': True, 'prev_value': 0, 'change': 1, 'player_num': 1}
2020-10-05 17:37:14,861 : INFO : EventManager : Event: ======'player_shot_soul_U_enabled'====== Args={'value': True, 'prev_value': 0, 'change': 1, 'player_num': 1}
2020-10-05 17:37:14,863 : INFO : EventManager : Event: ======'player_shot_soul_L_enabled'====== Args={'value': True, 'prev_value': 0, 'change': 1, 'player_num': 1}
2020-10-05 17:37:14,865 : INFO : EventManager : Event: ======'soul_lanes_complete'====== Args={'state': 'unlit'}
2020-10-05 17:37:14,865 : INFO : EventManager : Event: ======'soul_lanes_unlit_complete'====== Args={}
2020-10-05 17:37:14,870 : INFO : EventManager : Event: ======'mode_soulLanes_starting'====== Args={'player': 1, 'ball': 1, 'balls_remaining': 4, 'is_extra_ball': False}
2020-10-05 17:37:14,884 : INFO : EventManager : Event: ======'logicblock_contarct_counter_updated'====== Args={'value': 1, 'enabled': True}
2020-10-05 17:37:14,884 : INFO : EventManager : Event: ======'logicblock_contarct_counter_updated'====== Args={'value': 1, 'enabled': True}
2020-10-05 17:37:14,885 : INFO : Mode.soulLanes : Started. Priority: 110
2020-10-05 17:37:14,885 : INFO : EventManager : Event: ======'modes_active_modes_changed'====== Args={}
2020-10-05 17:37:14,885 : INFO : EventManager : Event: ======'mode_soulLanes_started'====== Args={'player': 1, 'ball': 1, 'balls_remaining': 4, 'is_extra_ball': False}
2020-10-05 17:37:14,886 : INFO : EventManager : Event: ======'single_player_ball_started'====== Args={}
2020-10-05 17:37:14,953 : INFO : EventManager : Event: ======'player_bonus_multiplier'====== Args={'value': 0, 'prev_value': 1, 'change': -1, 'player_num': 1}
2020-10-05 17:37:14,954 : INFO : ball_device.bd_plunger : Setting up player-controlled eject. Balls: 1, Target: <playfield.playfield>, player_controlled_eject_event: None
2020-10-05 17:37:14,958 : INFO : EventManager : Event: ======'balldevice_balls_available'====== Args={}
2020-10-05 17:37:15,020 : INFO : EventManager : Event: ======'slide_base.slide_player-mode_base_started_created'====== Args={'_from_bcp': True}
2020-10-05 17:37:15,021 : INFO : EventManager : Event: ======'slide_base.slide_player-mode_base_started_active'====== Args={'_from_bcp': True}
2020-10-05 17:37:15,025 : INFO : ball_device.bd_trough : State: waiting_for_target_ready
2020-10-05 17:37:15,026 : INFO : EventManager : Event: ======'balldevice_bd_trough_ball_eject_attempt'====== Args={'balls': 1, 'target': <ball_device.bd_plunger>, 'source': <ball_device.bd_trough>, 'mechanical_eject': True, 'num_attempts': 0}
2020-10-05 17:37:15,027 : INFO : ball_device.bd_plunger : State: waiting_for_ball
2020-10-05 17:37:15,028 : INFO : ball_device.bd_trough : State: ejecting
2020-10-05 17:37:15,029 : INFO : ball_device.bd_trough : Ejecting ball to <ball_device.bd_plunger>
2020-10-05 17:37:15,029 : INFO : EventManager : Event: ======'balldevice_bd_trough_ejecting_ball'====== Args={'balls': 1, 'target': <ball_device.bd_plunger>, 'source': <ball_device.bd_trough>, 'mechanical_eject': True, 'num_attempts': 0}
2020-10-05 17:37:15,031 : INFO : ball_device.bd_trough : Wait for ball to leave device
2020-10-05 17:37:15,031 : INFO : coil.c_trough_eject : Pulsing Driver for 20ms (1.0 pulse_power)
2020-10-05 17:37:15,032 : INFO : SwitchController : <<<<<<< 's_trough1' inactive >>>>>>>
2020-10-05 17:37:15,054 : INFO : ball_device.bd_trough : State: ball_left
2020-10-05 17:37:15,057 : INFO : ball_device.bd_trough : Ball left
2020-10-05 17:37:15,057 : INFO : ball_device.bd_trough : Wait for confirm with timeout 10.0
2020-10-05 17:37:15,120 : INFO : SwitchController : <<<<<<< 's_plunger' active >>>>>>>
2020-10-05 17:37:15,120 : INFO : EventManager : Event: ======'machine_var_audits_switches_s_plunger'====== Args={'value': 626, 'prev_value': 625, 'change': 1}
2020-10-05 17:37:15,616 : INFO : ball_device.bd_plunger : Received ball from <ball_device.bd_trough>
2020-10-05 17:37:15,617 : INFO : EventManager : Event: ======'balldevice_bd_plunger_ball_enter'====== Args={'new_balls': 1, 'unclaimed_balls': 0, 'new_available_balls': 0, 'device': <ball_device.bd_plunger>}
2020-10-05 17:37:15,618 : INFO : EventManager : Event: ======'balldevice_bd_plunger_ball_entered'====== Args={'new_balls': 0, 'device': <ball_device.bd_plunger>}
2020-10-05 17:37:15,619 : INFO : EventManager : Event: ======'balldevice_bd_plunger_ball_count_changed'====== Args={'balls': 1}
2020-10-05 17:37:15,620 : INFO : ball_device.bd_trough : Got eject confirm
2020-10-05 17:37:15,620 : INFO : ball_device.bd_trough : Eject successful
2020-10-05 17:37:15,620 : INFO : EventManager : Event: ======'balldevice_bd_trough_ball_eject_success'====== Args={'balls': 1, 'target': <ball_device.bd_plunger>}
2020-10-05 17:37:15,622 : INFO : EventManager : Event: ======'balldevice_bd_trough_ball_count_changed'====== Args={'balls': 1}
2020-10-05 17:37:15,622 : INFO : ball_device.bd_trough : State: idle
2020-10-05 17:37:15,623 : INFO : ball_device.bd_plunger : State: waiting_for_target_ready
2020-10-05 17:37:15,624 : INFO : EventManager : Event: ======'balldevice_bd_plunger_ball_eject_attempt'====== Args={'balls': 1, 'target': <playfield.playfield>, 'source': <ball_device.bd_plunger>, 'mechanical_eject': True, 'num_attempts': 0}
2020-10-05 17:37:15,625 : INFO : ball_device.bd_plunger : State: ejecting
2020-10-05 17:37:15,625 : INFO : ball_device.bd_plunger : Ejecting ball to <playfield.playfield>
2020-10-05 17:37:15,626 : INFO : EventManager : Event: ======'balldevice_bd_plunger_ejecting_ball'====== Args={'balls': 1, 'target': <playfield.playfield>, 'source': <ball_device.bd_plunger>, 'mechanical_eject': True, 'num_attempts': 0}
2020-10-05 17:37:15,628 : INFO : ball_device.bd_plunger : Wait for ball to leave device
2020-10-05 17:37:16,412 : INFO : SwitchController : <<<<<<< 's_soul_S' active >>>>>>>
2020-10-05 17:37:16,412 : INFO : EventManager : Event: ======'s_soul_S_active'====== Args={}
2020-10-05 17:37:16,413 : INFO : EventManager : Event: ======'machine_var_audits_switches_s_soul_S'====== Args={'value': 308, 'prev_value': 307, 'change': 1}
2020-10-05 17:37:16,415 : INFO : EventManager : Event: ======'playfield_active'====== Args={}
2020-10-05 17:37:16,415 : INFO : EventManager : Event: ======'player_shot_soul_S'====== Args={'value': 1, 'prev_value': 0, 'change': 1, 'player_num': 1}
2020-10-05 17:37:16,432 : INFO : EventManager : Event: ======'machine_var_audits_shots_soul_S'====== Args={'value': 308, 'prev_value': 307, 'change': 1}
2020-10-05 17:37:16,434 : INFO : EventManager : Event: ======'soul_S_hit'====== Args={'profile': 'default', 'state': 'unlit', 'advancing': True}
2020-10-05 17:37:16,434 : INFO : EventManager : Event: ======'soul_S_default_hit'====== Args={'profile': 'default', 'state': 'unlit', 'advancing': True}
2020-10-05 17:37:16,435 : INFO : EventManager : Event: ======'soul_S_default_unlit_hit'====== Args={'profile': 'default', 'state': 'unlit', 'advancing': True}
2020-10-05 17:37:16,435 : INFO : EventManager : Event: ======'soul_S_unlit_hit'====== Args={'profile': 'default', 'state': 'unlit', 'advancing': True}
2020-10-05 17:37:16,436 : INFO : EventManager : Event: ======'player_score'====== Args={'value': 10, 'prev_value': 0, 'change': 10, 'player_num': 1}
2020-10-05 17:37:16,437 : INFO : EventManager : Event: ======'soul_lanes_hit'====== Args={}
2020-10-05 17:37:16,438 : INFO : EventManager : Event: ======'soul_lanes_unlit_hit'====== Args={}
2020-10-05 17:37:16,597 : INFO : SwitchController : <<<<<<< 's_soul_S' inactive >>>>>>>
2020-10-05 17:37:17,632 : INFO : SwitchController : <<<<<<< 's_soul_O' active >>>>>>>
2020-10-05 17:37:17,633 : INFO : EventManager : Event: ======'s_soul_O_active'====== Args={}
2020-10-05 17:37:17,633 : INFO : EventManager : Event: ======'machine_var_audits_switches_s_soul_O'====== Args={'value': 280, 'prev_value': 279, 'change': 1}
2020-10-05 17:37:17,635 : INFO : EventManager : Event: ======'playfield_active'====== Args={}
2020-10-05 17:37:17,636 : INFO : EventManager : Event: ======'player_shot_soul_O'====== Args={'value': 1, 'prev_value': 0, 'change': 1, 'player_num': 1}
2020-10-05 17:37:17,638 : INFO : EventManager : Event: ======'machine_var_audits_shots_soul_O'====== Args={'value': 275, 'prev_value': 274, 'change': 1}
2020-10-05 17:37:17,640 : INFO : EventManager : Event: ======'soul_O_hit'====== Args={'profile': 'default', 'state': 'unlit', 'advancing': True}
2020-10-05 17:37:17,640 : INFO : EventManager : Event: ======'soul_O_default_hit'====== Args={'profile': 'default', 'state': 'unlit', 'advancing': True}
2020-10-05 17:37:17,641 : INFO : EventManager : Event: ======'soul_O_default_unlit_hit'====== Args={'profile': 'default', 'state': 'unlit', 'advancing': True}
2020-10-05 17:37:17,641 : INFO : EventManager : Event: ======'soul_O_unlit_hit'====== Args={'profile': 'default', 'state': 'unlit', 'advancing': True}
2020-10-05 17:37:17,642 : INFO : EventManager : Event: ======'player_score'====== Args={'value': 20, 'prev_value': 10, 'change': 10, 'player_num': 1}
2020-10-05 17:37:17,643 : INFO : EventManager : Event: ======'soul_lanes_hit'====== Args={}
2020-10-05 17:37:17,643 : INFO : EventManager : Event: ======'soul_lanes_unlit_hit'====== Args={}
2020-10-05 17:37:17,754 : INFO : SwitchController : <<<<<<< 's_soul_O' inactive >>>>>>>
2020-10-05 17:37:18,304 : INFO : SwitchController : <<<<<<< 's_soul_U' active >>>>>>>
2020-10-05 17:37:18,305 : INFO : EventManager : Event: ======'s_soul_U_active'====== Args={}
2020-10-05 17:37:18,305 : INFO : EventManager : Event: ======'machine_var_audits_switches_s_soul_U'====== Args={'value': 270, 'prev_value': 269, 'change': 1}
2020-10-05 17:37:18,307 : INFO : EventManager : Event: ======'playfield_active'====== Args={}
2020-10-05 17:37:18,308 : INFO : EventManager : Event: ======'player_shot_soul_U'====== Args={'value': 1, 'prev_value': 0, 'change': 1, 'player_num': 1}
2020-10-05 17:37:18,309 : INFO : EventManager : Event: ======'machine_var_audits_shots_soul_U'====== Args={'value': 270, 'prev_value': 269, 'change': 1}
2020-10-05 17:37:18,311 : INFO : EventManager : Event: ======'soul_U_hit'====== Args={'profile': 'default', 'state': 'unlit', 'advancing': True}
2020-10-05 17:37:18,311 : INFO : EventManager : Event: ======'soul_U_default_hit'====== Args={'profile': 'default', 'state': 'unlit', 'advancing': True}
2020-10-05 17:37:18,312 : INFO : EventManager : Event: ======'soul_U_default_unlit_hit'====== Args={'profile': 'default', 'state': 'unlit', 'advancing': True}
2020-10-05 17:37:18,312 : INFO : EventManager : Event: ======'soul_U_unlit_hit'====== Args={'profile': 'default', 'state': 'unlit', 'advancing': True}
2020-10-05 17:37:18,313 : INFO : EventManager : Event: ======'player_score'====== Args={'value': 30, 'prev_value': 20, 'change': 10, 'player_num': 1}
2020-10-05 17:37:18,314 : INFO : EventManager : Event: ======'soul_lanes_hit'====== Args={}
2020-10-05 17:37:18,315 : INFO : EventManager : Event: ======'soul_lanes_unlit_hit'====== Args={}
2020-10-05 17:37:18,422 : INFO : SwitchController : <<<<<<< 's_soul_U' inactive >>>>>>>
2020-10-05 17:37:20,657 : INFO : SwitchController : <<<<<<< 's_soul_L' active >>>>>>>
2020-10-05 17:37:20,658 : INFO : EventManager : Event: ======'s_soul_L_active'====== Args={}
2020-10-05 17:37:20,659 : INFO : EventManager : Event: ======'machine_var_audits_switches_s_soul_L'====== Args={'value': 269, 'prev_value': 268, 'change': 1}
2020-10-05 17:37:20,665 : INFO : EventManager : Event: ======'playfield_active'====== Args={}
2020-10-05 17:37:20,665 : INFO : EventManager : Event: ======'player_shot_soul_L'====== Args={'value': 1, 'prev_value': 0, 'change': 1, 'player_num': 1}
2020-10-05 17:37:20,677 : INFO : EventManager : Event: ======'machine_var_audits_shots_soul_L'====== Args={'value': 268, 'prev_value': 267, 'change': 1}
2020-10-05 17:37:20,679 : INFO : EventManager : Event: ======'soul_L_hit'====== Args={'profile': 'default', 'state': 'unlit', 'advancing': True}
2020-10-05 17:37:20,680 : INFO : EventManager : Event: ======'soul_L_default_hit'====== Args={'profile': 'default', 'state': 'unlit', 'advancing': True}
2020-10-05 17:37:20,680 : INFO : EventManager : Event: ======'soul_L_default_unlit_hit'====== Args={'profile': 'default', 'state': 'unlit', 'advancing': True}
2020-10-05 17:37:20,681 : INFO : EventManager : Event: ======'soul_L_unlit_hit'====== Args={'profile': 'default', 'state': 'unlit', 'advancing': True}
2020-10-05 17:37:20,681 : INFO : EventManager : Event: ======'player_score'====== Args={'value': 40, 'prev_value': 30, 'change': 10, 'player_num': 1}
2020-10-05 17:37:20,682 : INFO : EventManager : Event: ======'soul_lanes_complete'====== Args={'state': 'lit'}
2020-10-05 17:37:20,683 : INFO : EventManager : Event: ======'soul_lanes_lit_complete'====== Args={}
2020-10-05 17:37:20,683 : INFO : EventManager : Event: ======'soul_lanes_hit'====== Args={}
2020-10-05 17:37:20,684 : INFO : EventManager : Event: ======'soul_lanes_unlit_hit'====== Args={}
2020-10-05 17:37:20,684 : INFO : EventManager : Event: ======'player_score'====== Args={'value': 1040, 'prev_value': 40, 'change': 1000, 'player_num': 1}
2020-10-05 17:37:20,685 : INFO : EventManager : Event: ======'logicblock_contarct_counter_updated'====== Args={'value': 2, 'enabled': True}
2020-10-05 17:37:20,686 : INFO : EventManager : Event: ======'soul_lanes_done'====== Args={'count': 2}
2020-10-05 17:37:20,688 : INFO : EventManager : Event: ======'player_bonus_multiplier'====== Args={'value': 1, 'prev_value': 0, 'change': 1, 'player_num': 1}
2020-10-05 17:37:20,824 : INFO : SwitchController : <<<<<<< 's_soul_L' inactive >>>>>>>
2020-10-05 17:37:21,674 : INFO : EventManager : Event: ======'player_shot_soul_S'====== Args={'value': 0, 'prev_value': 1, 'change': -1, 'player_num': 1}
2020-10-05 17:37:21,676 : INFO : EventManager : Event: ======'player_shot_soul_O'====== Args={'value': 0, 'prev_value': 1, 'change': -1, 'player_num': 1}
2020-10-05 17:37:21,677 : INFO : EventManager : Event: ======'player_shot_soul_U'====== Args={'value': 0, 'prev_value': 1, 'change': -1, 'player_num': 1}
2020-10-05 17:37:21,679 : INFO : EventManager : Event: ======'player_shot_soul_L'====== Args={'value': 0, 'prev_value': 1, 'change': -1, 'player_num': 1}
2020-10-05 17:37:24,425 : INFO : SwitchController : <<<<<<< 's_soul_S' active >>>>>>>
2020-10-05 17:37:24,425 : INFO : EventManager : Event: ======'s_soul_S_active'====== Args={}
2020-10-05 17:37:24,426 : INFO : EventManager : Event: ======'machine_var_audits_switches_s_soul_S'====== Args={'value': 309, 'prev_value': 308, 'change': 1}
2020-10-05 17:37:24,434 : INFO : EventManager : Event: ======'playfield_active'====== Args={}
2020-10-05 17:37:24,434 : INFO : EventManager : Event: ======'player_shot_soul_S'====== Args={'value': 1, 'prev_value': 0, 'change': 1, 'player_num': 1}
2020-10-05 17:37:24,441 : INFO : EventManager : Event: ======'machine_var_audits_shots_soul_S'====== Args={'value': 309, 'prev_value': 308, 'change': 1}
2020-10-05 17:37:24,443 : INFO : EventManager : Event: ======'soul_S_hit'====== Args={'profile': 'default', 'state': 'unlit', 'advancing': True}
2020-10-05 17:37:24,443 : INFO : EventManager : Event: ======'soul_S_default_hit'====== Args={'profile': 'default', 'state': 'unlit', 'advancing': True}
2020-10-05 17:37:24,443 : INFO : EventManager : Event: ======'soul_S_default_unlit_hit'====== Args={'profile': 'default', 'state': 'unlit', 'advancing': True}
2020-10-05 17:37:24,444 : INFO : EventManager : Event: ======'soul_S_unlit_hit'====== Args={'profile': 'default', 'state': 'unlit', 'advancing': True}
2020-10-05 17:37:24,444 : INFO : EventManager : Event: ======'player_score'====== Args={'value': 1050, 'prev_value': 1040, 'change': 10, 'player_num': 1}
2020-10-05 17:37:24,445 : INFO : EventManager : Event: ======'soul_lanes_hit'====== Args={}
2020-10-05 17:37:24,445 : INFO : EventManager : Event: ======'soul_lanes_unlit_hit'====== Args={}
2020-10-05 17:37:24,610 : INFO : SwitchController : <<<<<<< 's_soul_S' inactive >>>>>>>
2020-10-05 17:37:25,033 : INFO : SwitchController : <<<<<<< 's_soul_O' active >>>>>>>
2020-10-05 17:37:25,033 : INFO : EventManager : Event: ======'s_soul_O_active'====== Args={}
2020-10-05 17:37:25,034 : INFO : EventManager : Event: ======'machine_var_audits_switches_s_soul_O'====== Args={'value': 281, 'prev_value': 280, 'change': 1}
2020-10-05 17:37:25,037 : INFO : EventManager : Event: ======'playfield_active'====== Args={}
2020-10-05 17:37:25,037 : INFO : EventManager : Event: ======'player_shot_soul_O'====== Args={'value': 1, 'prev_value': 0, 'change': 1, 'player_num': 1}
2020-10-05 17:37:25,039 : INFO : EventManager : Event: ======'machine_var_audits_shots_soul_O'====== Args={'value': 276, 'prev_value': 275, 'change': 1}
2020-10-05 17:37:25,040 : INFO : EventManager : Event: ======'soul_O_hit'====== Args={'profile': 'default', 'state': 'unlit', 'advancing': True}
2020-10-05 17:37:25,041 : INFO : EventManager : Event: ======'soul_O_default_hit'====== Args={'profile': 'default', 'state': 'unlit', 'advancing': True}
2020-10-05 17:37:25,041 : INFO : EventManager : Event: ======'soul_O_default_unlit_hit'====== Args={'profile': 'default', 'state': 'unlit', 'advancing': True}
2020-10-05 17:37:25,042 : INFO : EventManager : Event: ======'soul_O_unlit_hit'====== Args={'profile': 'default', 'state': 'unlit', 'advancing': True}
2020-10-05 17:37:25,043 : INFO : EventManager : Event: ======'player_score'====== Args={'value': 1060, 'prev_value': 1050, 'change': 10, 'player_num': 1}
2020-10-05 17:37:25,044 : INFO : EventManager : Event: ======'soul_lanes_hit'====== Args={}
2020-10-05 17:37:25,044 : INFO : EventManager : Event: ======'soul_lanes_unlit_hit'====== Args={}
2020-10-05 17:37:25,163 : INFO : SwitchController : <<<<<<< 's_soul_O' inactive >>>>>>>
2020-10-05 17:37:25,694 : INFO : SwitchController : <<<<<<< 's_soul_U' active >>>>>>>
2020-10-05 17:37:25,694 : INFO : EventManager : Event: ======'s_soul_U_active'====== Args={}
2020-10-05 17:37:25,696 : INFO : EventManager : Event: ======'machine_var_audits_switches_s_soul_U'====== Args={'value': 271, 'prev_value': 270, 'change': 1}
2020-10-05 17:37:25,697 : INFO : EventManager : Event: ======'playfield_active'====== Args={}
2020-10-05 17:37:25,698 : INFO : EventManager : Event: ======'player_shot_soul_U'====== Args={'value': 1, 'prev_value': 0, 'change': 1, 'player_num': 1}
2020-10-05 17:37:25,699 : INFO : EventManager : Event: ======'machine_var_audits_shots_soul_U'====== Args={'value': 271, 'prev_value': 270, 'change': 1}
2020-10-05 17:37:25,700 : INFO : EventManager : Event: ======'soul_U_hit'====== Args={'profile': 'default', 'state': 'unlit', 'advancing': True}
2020-10-05 17:37:25,700 : INFO : EventManager : Event: ======'soul_U_default_hit'====== Args={'profile': 'default', 'state': 'unlit', 'advancing': True}
2020-10-05 17:37:25,701 : INFO : EventManager : Event: ======'soul_U_default_unlit_hit'====== Args={'profile': 'default', 'state': 'unlit', 'advancing': True}
2020-10-05 17:37:25,702 : INFO : EventManager : Event: ======'soul_U_unlit_hit'====== Args={'profile': 'default', 'state': 'unlit', 'advancing': True}
2020-10-05 17:37:25,702 : INFO : EventManager : Event: ======'player_score'====== Args={'value': 1070, 'prev_value': 1060, 'change': 10, 'player_num': 1}
2020-10-05 17:37:25,703 : INFO : EventManager : Event: ======'soul_lanes_hit'====== Args={}
2020-10-05 17:37:25,704 : INFO : EventManager : Event: ======'soul_lanes_unlit_hit'====== Args={}
2020-10-05 17:37:25,834 : INFO : SwitchController : <<<<<<< 's_soul_U' inactive >>>>>>>
2020-10-05 17:37:27,562 : INFO : SwitchController : <<<<<<< 's_soul_L' active >>>>>>>
2020-10-05 17:37:27,562 : INFO : EventManager : Event: ======'s_soul_L_active'====== Args={}
2020-10-05 17:37:27,563 : INFO : EventManager : Event: ======'machine_var_audits_switches_s_soul_L'====== Args={'value': 270, 'prev_value': 269, 'change': 1}
2020-10-05 17:37:27,564 : INFO : EventManager : Event: ======'playfield_active'====== Args={}
2020-10-05 17:37:27,569 : INFO : EventManager : Event: ======'player_shot_soul_L'====== Args={'value': 1, 'prev_value': 0, 'change': 1, 'player_num': 1}
2020-10-05 17:37:27,570 : INFO : EventManager : Event: ======'machine_var_audits_shots_soul_L'====== Args={'value': 269, 'prev_value': 268, 'change': 1}
2020-10-05 17:37:27,571 : INFO : EventManager : Event: ======'soul_L_hit'====== Args={'profile': 'default', 'state': 'unlit', 'advancing': True}
2020-10-05 17:37:27,572 : INFO : EventManager : Event: ======'soul_L_default_hit'====== Args={'profile': 'default', 'state': 'unlit', 'advancing': True}
2020-10-05 17:37:27,572 : INFO : EventManager : Event: ======'soul_L_default_unlit_hit'====== Args={'profile': 'default', 'state': 'unlit', 'advancing': True}
2020-10-05 17:37:27,572 : INFO : EventManager : Event: ======'soul_L_unlit_hit'====== Args={'profile': 'default', 'state': 'unlit', 'advancing': True}
2020-10-05 17:37:27,573 : INFO : EventManager : Event: ======'player_score'====== Args={'value': 1080, 'prev_value': 1070, 'change': 10, 'player_num': 1}
2020-10-05 17:37:27,573 : INFO : EventManager : Event: ======'soul_lanes_complete'====== Args={'state': 'lit'}
2020-10-05 17:37:27,574 : INFO : EventManager : Event: ======'soul_lanes_lit_complete'====== Args={}
2020-10-05 17:37:27,574 : INFO : EventManager : Event: ======'soul_lanes_hit'====== Args={}
2020-10-05 17:37:27,575 : INFO : EventManager : Event: ======'soul_lanes_unlit_hit'====== Args={}
2020-10-05 17:37:27,575 : INFO : EventManager : Event: ======'player_score'====== Args={'value': 2080, 'prev_value': 1080, 'change': 1000, 'player_num': 1}
2020-10-05 17:37:27,576 : INFO : EventManager : Event: ======'logicblock_contarct_counter_updated'====== Args={'value': 3, 'enabled': True}
2020-10-05 17:37:27,577 : INFO : EventManager : Event: ======'soul_lanes_done'====== Args={'count': 3}
2020-10-05 17:37:27,578 : INFO : EventManager : Event: ======'player_bonus_multiplier'====== Args={'value': 2, 'prev_value': 1, 'change': 1, 'player_num': 1}
2020-10-05 17:37:27,718 : INFO : SwitchController : <<<<<<< 's_soul_L' inactive >>>>>>>
2020-10-05 17:37:28,553 : INFO : EventManager : Event: ======'player_shot_soul_S'====== Args={'value': 0, 'prev_value': 1, 'change': -1, 'player_num': 1}
2020-10-05 17:37:28,554 : INFO : EventManager : Event: ======'player_shot_soul_O'====== Args={'value': 0, 'prev_value': 1, 'change': -1, 'player_num': 1}
2020-10-05 17:37:28,556 : INFO : EventManager : Event: ======'player_shot_soul_U'====== Args={'value': 0, 'prev_value': 1, 'change': -1, 'player_num': 1}
2020-10-05 17:37:28,558 : INFO : EventManager : Event: ======'player_shot_soul_L'====== Args={'value': 0, 'prev_value': 1, 'change': -1, 'player_num': 1}
2020-10-05 17:37:31,413 : INFO : SwitchController : <<<<<<< 's_dt_M' active >>>>>>>
2020-10-05 17:37:31,413 : INFO : EventManager : Event: ======'s_dt_M_active'====== Args={}
2020-10-05 17:37:31,414 : INFO : EventManager : Event: ======'playfield_active'====== Args={}
2020-10-05 17:37:31,415 : INFO : EventManager : Event: ======'drop_target_mug_M_down'====== Args={'device': <drop_target.mug_M>}
2020-10-05 17:37:31,419 : INFO : EventManager : Event: ======'drop_target_bank_mug_bank_mixed'====== Args={'down': 1}
2020-10-05 17:37:31,420 : INFO : EventManager : Event: ======'machine_var_audits_switches_s_dt_M'====== Args={'value': 42, 'prev_value': 41, 'change': 1}
2020-10-05 17:37:31,422 : INFO : EventManager : Event: ======'player_score'====== Args={'value': 2180, 'prev_value': 2080, 'change': 100, 'player_num': 1}
2020-10-05 17:37:33,264 : INFO : SwitchController : <<<<<<< 's_dt_U2' active >>>>>>>
2020-10-05 17:37:33,264 : INFO : EventManager : Event: ======'s_dt_U2_active'====== Args={}
2020-10-05 17:37:33,265 : INFO : EventManager : Event: ======'playfield_active'====== Args={}
2020-10-05 17:37:33,267 : INFO : EventManager : Event: ======'drop_target_mug_U_down'====== Args={'device': <drop_target.mug_U>}
2020-10-05 17:37:33,269 : INFO : EventManager : Event: ======'drop_target_bank_mug_bank_mixed'====== Args={'down': 2}
2020-10-05 17:37:33,269 : INFO : EventManager : Event: ======'machine_var_audits_switches_s_dt_U2'====== Args={'value': 42, 'prev_value': 41, 'change': 1}
2020-10-05 17:37:33,276 : INFO : EventManager : Event: ======'player_score'====== Args={'value': 2280, 'prev_value': 2180, 'change': 100, 'player_num': 1}
2020-10-05 17:37:34,824 : INFO : SwitchController : <<<<<<< 's_dt_G' active >>>>>>>
2020-10-05 17:37:34,825 : INFO : EventManager : Event: ======'s_dt_G_active'====== Args={}
2020-10-05 17:37:34,826 : INFO : EventManager : Event: ======'playfield_active'====== Args={}
2020-10-05 17:37:34,827 : INFO : EventManager : Event: ======'drop_target_mug_G_down'====== Args={'device': <drop_target.mug_G>}
2020-10-05 17:37:34,829 : INFO : EventManager : Event: ======'drop_target_bank_mug_bank_down'====== Args={}
2020-10-05 17:37:34,830 : INFO : EventManager : Event: ======'machine_var_audits_switches_s_dt_G'====== Args={'value': 43, 'prev_value': 42, 'change': 1}
2020-10-05 17:37:34,836 : INFO : EventManager : Event: ======'player_score'====== Args={'value': 2380, 'prev_value': 2280, 'change': 100, 'player_num': 1}
2020-10-05 17:37:34,844 : INFO : EventManager : Event: ======'player_contracts'====== Args={'value': 1, 'prev_value': 0, 'change': 1, 'player_num': 1}
2020-10-05 17:37:34,846 : INFO : EventManager : Event: ======'logicblock_bonus_updated'====== Args={'value': 1, 'enabled': True}
2020-10-05 17:37:34,846 : INFO : EventManager : Event: ======'bank_done'====== Args={'count': 1, 'remaining': 9}
2020-10-05 17:37:34,848 : INFO : drop_target_bank.mug_bank : 3 targets are down. Will reset those.
2020-10-05 17:37:34,848 : INFO : coil.c_dt_reset_MUG : Pulsing Driver for 10ms (1.0 pulse_power)
2020-10-05 17:37:34,894 : INFO : SwitchController : <<<<<<< 's_dt_M' inactive >>>>>>>
2020-10-05 17:37:34,896 : INFO : SwitchController : <<<<<<< 's_dt_U2' inactive >>>>>>>
2020-10-05 17:37:34,896 : INFO : SwitchController : <<<<<<< 's_dt_G' inactive >>>>>>>
2020-10-05 17:37:35,314 : INFO : drop_target_bank.mug_bank : 3 targets are down. Will reset those.
2020-10-05 17:37:35,314 : INFO : coil.c_dt_reset_MUG : Pulsing Driver for 10ms (1.0 pulse_power)
2020-10-05 17:37:35,351 : INFO : EventManager : Event: ======'drop_target_mug_M_up'====== Args={'device': <drop_target.mug_M>}
2020-10-05 17:37:35,352 : INFO : EventManager : Event: ======'drop_target_mug_U_up'====== Args={'device': <drop_target.mug_U>}
2020-10-05 17:37:35,352 : INFO : EventManager : Event: ======'drop_target_mug_G_up'====== Args={'device': <drop_target.mug_G>}
2020-10-05 17:37:35,353 : WARNING : SwitchController : Received duplicate switch state 0 for switch s_dt_M from the platform interface. Log Code: Log-SwitchController-1 (https://docs.missionpinball.org/en/dev/logs/Log-SwitchController-1.html)
2020-10-05 17:37:35,353 : WARNING : SwitchController : Received duplicate switch state 0 for switch s_dt_U2 from the platform interface. Log Code: Log-SwitchController-1 (https://docs.missionpinball.org/en/dev/logs/Log-SwitchController-1.html)
2020-10-05 17:37:35,353 : WARNING : SwitchController : Received duplicate switch state 0 for switch s_dt_G from the platform interface. Log Code: Log-SwitchController-1 (https://docs.missionpinball.org/en/dev/logs/Log-SwitchController-1.html)
2020-10-05 17:37:35,802 : INFO : EventManager : Event: ======'restore'====== Args={}
2020-10-05 17:37:35,803 : INFO : EventManager : Event: ======'drop_target_bank_mug_bank_up'====== Args={}
2020-10-05 17:37:38,229 : INFO : SwitchController : <<<<<<< 's_dt_C' active >>>>>>>
2020-10-05 17:37:38,229 : INFO : EventManager : Event: ======'s_dt_C_active'====== Args={}
2020-10-05 17:37:38,230 : INFO : EventManager : Event: ======'playfield_active'====== Args={}
2020-10-05 17:37:38,230 : INFO : EventManager : Event: ======'drop_target_cup_C_down'====== Args={'device': <drop_target.cup_C>}
2020-10-05 17:37:38,232 : INFO : EventManager : Event: ======'drop_target_bank_cup_bank_mixed'====== Args={'down': 1}
2020-10-05 17:37:38,233 : INFO : EventManager : Event: ======'machine_var_audits_switches_s_dt_C'====== Args={'value': 119, 'prev_value': 118, 'change': 1}
2020-10-05 17:37:38,239 : INFO : EventManager : Event: ======'player_score'====== Args={'value': 2480, 'prev_value': 2380, 'change': 100, 'player_num': 1}
2020-10-05 17:37:39,607 : INFO : SwitchController : <<<<<<< 's_dt_U' active >>>>>>>
2020-10-05 17:37:39,607 : INFO : EventManager : Event: ======'s_dt_U_active'====== Args={}
2020-10-05 17:37:39,607 : INFO : EventManager : Event: ======'playfield_active'====== Args={}
2020-10-05 17:37:39,608 : INFO : EventManager : Event: ======'drop_target_cup_U_down'====== Args={'device': <drop_target.cup_U>}
2020-10-05 17:37:39,611 : INFO : EventManager : Event: ======'drop_target_bank_cup_bank_mixed'====== Args={'down': 2}
2020-10-05 17:37:39,611 : INFO : EventManager : Event: ======'machine_var_audits_switches_s_dt_U'====== Args={'value': 107, 'prev_value': 106, 'change': 1}
2020-10-05 17:37:39,618 : INFO : EventManager : Event: ======'player_score'====== Args={'value': 2580, 'prev_value': 2480, 'change': 100, 'player_num': 1}
2020-10-05 17:37:41,029 : INFO : SwitchController : <<<<<<< 's_dt_P' active >>>>>>>
2020-10-05 17:37:41,029 : INFO : EventManager : Event: ======'s_dt_P_active'====== Args={}
2020-10-05 17:37:41,029 : INFO : EventManager : Event: ======'playfield_active'====== Args={}
2020-10-05 17:37:41,030 : INFO : EventManager : Event: ======'drop_target_cup_P_down'====== Args={'device': <drop_target.cup_P>}
2020-10-05 17:37:41,034 : INFO : EventManager : Event: ======'drop_target_bank_cup_bank_down'====== Args={}
2020-10-05 17:37:41,034 : INFO : EventManager : Event: ======'machine_var_audits_switches_s_dt_P'====== Args={'value': 99, 'prev_value': 98, 'change': 1}
2020-10-05 17:37:41,037 : INFO : EventManager : Event: ======'player_score'====== Args={'value': 2680, 'prev_value': 2580, 'change': 100, 'player_num': 1}
2020-10-05 17:37:41,038 : INFO : EventManager : Event: ======'player_contracts'====== Args={'value': 2, 'prev_value': 1, 'change': 1, 'player_num': 1}
2020-10-05 17:37:41,039 : INFO : EventManager : Event: ======'logicblock_bonus_updated'====== Args={'value': 2, 'enabled': True}
2020-10-05 17:37:41,039 : INFO : EventManager : Event: ======'bank_done'====== Args={'count': 2, 'remaining': 8}
2020-10-05 17:37:41,042 : INFO : drop_target_bank.cup_bank : 3 targets are down. Will reset those.
2020-10-05 17:37:41,042 : INFO : coil.c_dt_reset_CUP : Pulsing Driver for 10ms (1.0 pulse_power)
2020-10-05 17:37:41,090 : INFO : SwitchController : <<<<<<< 's_dt_C' inactive >>>>>>>
2020-10-05 17:37:41,091 : INFO : SwitchController : <<<<<<< 's_dt_U' inactive >>>>>>>
2020-10-05 17:37:41,091 : INFO : SwitchController : <<<<<<< 's_dt_P' inactive >>>>>>>
2020-10-05 17:37:41,538 : INFO : drop_target_bank.cup_bank : 3 targets are down. Will reset those.
2020-10-05 17:37:41,538 : INFO : coil.c_dt_reset_CUP : Pulsing Driver for 10ms (1.0 pulse_power)
2020-10-05 17:37:41,539 : INFO : EventManager : Event: ======'drop_target_cup_C_up'====== Args={'device': <drop_target.cup_C>}
2020-10-05 17:37:41,539 : INFO : EventManager : Event: ======'drop_target_cup_P_up'====== Args={'device': <drop_target.cup_P>}
2020-10-05 17:37:41,540 : INFO : EventManager : Event: ======'drop_target_cup_U_up'====== Args={'device': <drop_target.cup_U>}
2020-10-05 17:37:41,581 : WARNING : SwitchController : Received duplicate switch state 0 for switch s_dt_C from the platform interface. Log Code: Log-SwitchController-1 (https://docs.missionpinball.org/en/dev/logs/Log-SwitchController-1.html)
2020-10-05 17:37:41,581 : WARNING : SwitchController : Received duplicate switch state 0 for switch s_dt_U from the platform interface. Log Code: Log-SwitchController-1 (https://docs.missionpinball.org/en/dev/logs/Log-SwitchController-1.html)
2020-10-05 17:37:41,581 : WARNING : SwitchController : Received duplicate switch state 0 for switch s_dt_P from the platform interface. Log Code: Log-SwitchController-1 (https://docs.missionpinball.org/en/dev/logs/Log-SwitchController-1.html)
2020-10-05 17:37:42,036 : INFO : EventManager : Event: ======'restore'====== Args={}
2020-10-05 17:37:42,038 : INFO : EventManager : Event: ======'drop_target_bank_cup_bank_up'====== Args={}
2020-10-05 17:37:45,767 : INFO : SwitchController : <<<<<<< 's_trough1' active >>>>>>>
2020-10-05 17:37:45,767 : INFO : EventManager : Event: ======'machine_var_audits_switches_s_trough1'====== Args={'value': 555, 'prev_value': 554, 'change': 1}
2020-10-05 17:37:46,267 : INFO : EventManager : Event: ======'balldevice_bd_trough_ball_count_changed'====== Args={'balls': 2}
2020-10-05 17:37:46,268 : INFO : ball_device.bd_trough : Received unexpected ball
2020-10-05 17:37:46,268 : INFO : EventManager : Event: ======'balldevice_captured_from_playfield'====== Args={'balls': 1}
2020-10-05 17:37:46,269 : INFO : EventManager : Event: ======'sw_playfield_active'====== Args={'balls': 1}
2020-10-05 17:37:46,270 : INFO : EventManager : Event: ======'playfield_active'====== Args={}
2020-10-05 17:37:46,270 : INFO : EventManager : Event: ======'playfield_ball_count_change'====== Args={'balls': -1, 'change': -1}
2020-10-05 17:37:46,272 : INFO : EventManager : Event: ======'balldevice_playfield_ball_enter'====== Args={'new_balls': 1, 'unclaimed_balls': 1, 'device': <playfield.playfield>}
2020-10-05 17:37:46,272 : INFO : EventManager : Event: ======'playfield_ball_count_change'====== Args={'balls': 0, 'change': 1}
2020-10-05 17:37:46,273 : INFO : BallController : Found a new ball which was captured from playfield. Known balls: 3
2020-10-05 17:37:46,274 : INFO : EventManager : Event: ======'found_new_ball'====== Args={}
2020-10-05 17:37:46,274 : INFO : EventManager : Event: ======'balldevice_bd_trough_ball_enter'====== Args={'new_balls': 1, 'unclaimed_balls': 1, 'new_available_balls': 1, 'device': <ball_device.bd_trough>}
2020-10-05 17:37:46,275 : INFO : EventManager : Event: ======'ball_drain'====== Args={'device': <ball_device.bd_trough>, 'balls': 1}
2020-10-05 17:37:46,277 : INFO : EventManager : Event: ======'ball_will_end'====== Args={}
2020-10-05 17:37:46,278 : INFO : EventManager : Event: ======'balldevice_balls_available'====== Args={}
2020-10-05 17:37:46,278 : INFO : EventManager : Event: ======'balldevice_bd_trough_ball_entered'====== Args={'new_balls': 1, 'device': <ball_device.bd_trough>}
2020-10-05 17:37:46,281 : INFO : EventManager : Event: ======'ball_ending'====== Args={}
2020-10-05 17:37:46,282 : INFO : EventManager : Event: ======'mode_bonus_will_start'====== Args={'queue': <QueuedEvent>}
2020-10-05 17:37:46,284 : INFO : EventManager : Event: ======'mode_bonus_starting'====== Args={'queue': <QueuedEvent>}
2020-10-05 17:37:46,284 : INFO : Mode.bonus : Started. Priority: 500
2020-10-05 17:37:46,284 : INFO : EventManager : Event: ======'modes_active_modes_changed'====== Args={}
2020-10-05 17:37:46,285 : INFO : EventManager : Event: ======'mode_bonus_started'====== Args={'queue': <QueuedEvent>}
2020-10-05 17:37:46,287 : INFO : EventManager : Event: ======'bonus_start'====== Args={}
2020-10-05 17:37:48,293 : INFO : EventManager : Event: ======'bonus_subtotal'====== Args={'score': 0}
2020-10-05 17:37:50,297 : INFO : EventManager : Event: ======'bonus_multiplier'====== Args={'multiplier': 2}
2020-10-05 17:37:52,285 : INFO : EventManager : Event: ======'bonus_total'====== Args={'score': 0}
2020-10-05 17:37:54,292 : INFO : EventManager : Event: ======'player_bonus_multiplier'====== Args={'value': 1, 'prev_value': 2, 'change': -1, 'player_num': 1}
2020-10-05 17:37:54,294 : INFO : EventManager : Event: ======'mode_bonus_will_stop'====== Args={}
2020-10-05 17:37:54,295 : INFO : EventManager : Event: ======'mode_bonus_stopping'====== Args={}
2020-10-05 17:37:54,296 : INFO : Mode.bonus : Stopped.
2020-10-05 17:37:54,297 : INFO : EventManager : Event: ======'modes_active_modes_changed'====== Args={}
2020-10-05 17:37:54,299 : INFO : EventManager : Event: ======'mode_bonus_stopped'====== Args={}
2020-10-05 17:37:54,300 : INFO : EventManager : Event: ======'clear'====== Args={'key': 'bonus'}
2020-10-05 17:37:54,302 : INFO : EventManager : Event: ======'mode_soulLanes_will_stop'====== Args={}
2020-10-05 17:37:54,303 : INFO : EventManager : Event: ======'mode_soulLanes_stopping'====== Args={}
2020-10-05 17:37:54,304 : INFO : EventManager : Event: ======'mode_base_will_stop'====== Args={}
2020-10-05 17:37:54,305 : INFO : EventManager : Event: ======'mode_base_stopping'====== Args={}
2020-10-05 17:37:54,356 : INFO : Mode.base : Stopped.
2020-10-05 17:37:54,356 : INFO : EventManager : Event: ======'modes_active_modes_changed'====== Args={}
2020-10-05 17:37:54,358 : INFO : EventManager : Event: ======'mode_base_stopped'====== Args={}
2020-10-05 17:37:54,358 : INFO : EventManager : Event: ======'clear'====== Args={'key': 'base'}
2020-10-05 17:37:54,359 : INFO : Mode.soulLanes : Stopped.
2020-10-05 17:37:54,359 : INFO : EventManager : Event: ======'modes_active_modes_changed'====== Args={}
2020-10-05 17:37:54,363 : INFO : EventManager : Event: ======'mode_soulLanes_stopped'====== Args={}
2020-10-05 17:37:54,363 : INFO : EventManager : Event: ======'clear'====== Args={'key': 'soulLanes'}
2020-10-05 17:37:54,413 : INFO : EventManager : Event: ======'ball_ended'====== Args={}
2020-10-05 17:37:54,422 : INFO : EventManager : Event: ======'player_turn_will_end'====== Args={'player': <Player 1>, 'number': 1}
2020-10-05 17:37:54,442 : INFO : EventManager : Event: ======'player_turn_ending'====== Args={'player': <Player 1>, 'number': 1}
2020-10-05 17:37:54,446 : INFO : EventManager : Event: ======'player_turn_ended'====== Args={'player': <Player 1>, 'number': 1}
2020-10-05 17:37:54,447 : INFO : EventManager : Event: ======'player_turn_will_start'====== Args={'player': <Player 1>, 'number': 1}
2020-10-05 17:37:54,448 : INFO : EventManager : Event: ======'player_turn_starting'====== Args={'player': <Player 1>, 'number': 1}
2020-10-05 17:37:54,449 : INFO : EventManager : Event: ======'player_ball'====== Args={'value': 2, 'prev_value': 1, 'change': 1, 'player_num': 1}
2020-10-05 17:37:54,450 : INFO : EventManager : Event: ======'player_turn_started'====== Args={'player': <Player 1>, 'number': 1}
2020-10-05 17:37:54,451 : INFO : EventManager : Event: ======'ball_will_start'====== Args={'player': 1, 'ball': 2, 'balls_remaining': 3, 'is_extra_ball': False}
2020-10-05 17:37:54,472 : INFO : EventManager : Event: ======'ball_starting'====== Args={'player': 1, 'ball': 2, 'balls_remaining': 3, 'is_extra_ball': False}
2020-10-05 17:37:54,473 : INFO : EventManager : Event: ======'mode_base_will_start'====== Args={'queue': <QueuedEvent>, 'player': 1, 'ball': 2, 'balls_remaining': 3, 'is_extra_ball': False}
2020-10-05 17:37:54,480 : INFO : EventManager : Event: ======'mode_base_starting'====== Args={'queue': <QueuedEvent>, 'player': 1, 'ball': 2, 'balls_remaining': 3, 'is_extra_ball': False}
2020-10-05 17:37:54,481 : INFO : drop_target_bank.cup_bank : All targets are already up. Will not reset bank.
2020-10-05 17:37:54,481 : INFO : drop_target_bank.mug_bank : All targets are already up. Will not reset bank.
2020-10-05 17:37:54,482 : INFO : EventManager : Event: ======'balls_in_play'====== Args={'balls': 1}
2020-10-05 17:37:54,483 : INFO : EventManager : Event: ======'ball_started'====== Args={'player': 1, 'ball': 2, 'balls_remaining': 3, 'is_extra_ball': False}
2020-10-05 17:37:54,486 : INFO : EventManager : Event: ======'logicblock_bonus_updated'====== Args={'value': 0, 'enabled': True}
2020-10-05 17:37:54,487 : INFO : EventManager : Event: ======'logicblock_bonus_updated'====== Args={'value': 0, 'enabled': True}
2020-10-05 17:37:54,488 : INFO : Mode.base : Started. Priority: 100
2020-10-05 17:37:54,488 : INFO : EventManager : Event: ======'modes_active_modes_changed'====== Args={}
2020-10-05 17:37:54,489 : INFO : EventManager : Event: ======'mode_base_started'====== Args={'queue': <QueuedEvent>, 'player': 1, 'ball': 2, 'balls_remaining': 3, 'is_extra_ball': False}
2020-10-05 17:37:54,490 : INFO : EventManager : Event: ======'mode_soulLanes_will_start'====== Args={'player': 1, 'ball': 2, 'balls_remaining': 3, 'is_extra_ball': False}
2020-10-05 17:37:54,492 : INFO : EventManager : Event: ======'soul_lanes_complete'====== Args={'state': 'unlit'}
2020-10-05 17:37:54,493 : INFO : EventManager : Event: ======'soul_lanes_unlit_complete'====== Args={}
2020-10-05 17:37:54,501 : INFO : EventManager : Event: ======'mode_soulLanes_starting'====== Args={'player': 1, 'ball': 2, 'balls_remaining': 3, 'is_extra_ball': False}
2020-10-05 17:37:54,507 : INFO : EventManager : Event: ======'player_contracts'====== Args={'value': 0, 'prev_value': 2, 'change': -2, 'player_num': 1}
2020-10-05 17:37:54,509 : INFO : EventManager : Event: ======'logicblock_contarct_counter_updated'====== Args={'value': 1, 'enabled': True}
2020-10-05 17:37:54,511 : INFO : EventManager : Event: ======'logicblock_contarct_counter_updated'====== Args={'value': 1, 'enabled': True}
2020-10-05 17:37:54,511 : INFO : Mode.soulLanes : Started. Priority: 110
2020-10-05 17:37:54,512 : INFO : EventManager : Event: ======'modes_active_modes_changed'====== Args={}
2020-10-05 17:37:54,512 : INFO : EventManager : Event: ======'mode_soulLanes_started'====== Args={'player': 1, 'ball': 2, 'balls_remaining': 3, 'is_extra_ball': False}
2020-10-05 17:37:54,514 : INFO : EventManager : Event: ======'player_bonus_multiplier'====== Args={'value': 0, 'prev_value': 1, 'change': -1, 'player_num': 1}
2020-10-05 17:37:54,516 : INFO : EventManager : Event: ======'single_player_ball_started'====== Args={}
2020-10-05 17:37:54,579 : INFO : ball_device.bd_plunger : Setting up player-controlled eject. Balls: 1, Target: <playfield.playfield>, player_controlled_eject_event: None
2020-10-05 17:37:54,581 : INFO : EventManager : Event: ======'balldevice_balls_available'====== Args={}
2020-10-05 17:37:54,583 : INFO : ball_device.bd_trough : State: waiting_for_target_ready
2020-10-05 17:37:54,584 : INFO : EventManager : Event: ======'balldevice_bd_trough_ball_eject_attempt'====== Args={'balls': 1, 'target': <ball_device.bd_plunger>, 'source': <ball_device.bd_trough>, 'mechanical_eject': True, 'num_attempts': 0}
2020-10-05 17:37:54,591 : INFO : EventManager : Event: ======'slide_base.slide_player-mode_base_started_removed'====== Args={'_from_bcp': True}
2020-10-05 17:37:54,618 : INFO : EventManager : Event: ======'slide_base.slide_player-mode_base_started_created'====== Args={'_from_bcp': True}
2020-10-05 17:37:54,632 : INFO : EventManager : Event: ======'slide_base.slide_player-mode_base_started_active'====== Args={'_from_bcp': True}
2020-10-05 17:38:03,934 : INFO : Machine : Shutting down...
2020-10-05 17:38:03,934 : INFO : EventManager : Event: ======'shutdown'====== Args={}
2020-10-05 17:38:03,934 : INFO : root : MPF run loop ended.
