2020-10-06 15:28:09,932 : kivy : Factory: 184 symbols loaded
2020-10-06 15:28:10,331 : kivy : ImageLoaderFFPy: Using ffpyplayer 4.3.1
2020-10-06 15:28:10,333 : kivy : Image: Providers: img_tex, img_dds, img_sdl2, img_pil, img_ffpyplayer, img_gif 
2020-10-06 15:28:10,441 : kivy : VideoGstplayer: Using Gstreamer 1.16.0.0
2020-10-06 15:28:10,442 : kivy : Video: Provider: gstplayer
2020-10-06 15:28:10,655 : kivy : Loading MPF-MC controller
2020-10-06 15:28:10,666 : YamlMultifileConfigLoader : Machine config file #1: config
2020-10-06 15:28:10,667 : ConfigProcessor : Config file in cache changed: c:\GitHub\Cuphead\config\config
2020-10-06 15:28:10,668 : ConfigProcessor : Loading config from file c:\users\themi\appdata\local\programs\python\python36\lib\site-packages\mpfmc\mcconfig.yaml.
2020-10-06 15:28:10,749 : ConfigProcessor : Loading config: c:\users\themi\appdata\local\programs\python\python36\lib\site-packages\mpfmc\mcconfig.yaml
2020-10-06 15:28:10,749 : ConfigProcessor : Loading config from file c:\GitHub\Cuphead\config\config.
2020-10-06 15:28:10,771 : ConfigProcessor : Loading config: c:\GitHub\Cuphead\config\config
2020-10-06 15:28:10,785 : ConfigProcessor : Loading config: c:\GitHub\Cuphead\config\keyboard.yaml
2020-10-06 15:28:10,828 : ConfigProcessor : Loading config: c:\GitHub\Cuphead\config\hwSwitches.yaml
2020-10-06 15:28:10,919 : ConfigProcessor : Loading config: c:\GitHub\Cuphead\config\hwLights.yaml
2020-10-06 15:28:10,945 : ConfigProcessor : Loading config: c:\GitHub\Cuphead\config\hwCoils.yaml
2020-10-06 15:28:10,951 : ConfigProcessor : Config file cache created: C:\Users\themi\AppData\Local\Temp\0cbdbb896bde7c562664fa91ae109528.mpf_cache
2020-10-06 15:28:10,953 : ConfigProcessor : Loading config from cache: C:\Users\themi\AppData\Local\Temp\89b9c5cb952cce9fc74d723399719cc6.mpf_cache
2020-10-06 15:28:10,954 : ConfigProcessor : Loading config from cache: C:\Users\themi\AppData\Local\Temp\4fcecb70f81c3c2fefb8e65ae9a0af5f.mpf_cache
2020-10-06 15:28:10,956 : ConfigProcessor : Loading config from cache: C:\Users\themi\AppData\Local\Temp\5820a65357aa32f3082a694bbd0b1b93.mpf_cache
2020-10-06 15:28:10,957 : ConfigProcessor : Loading config from cache: C:\Users\themi\AppData\Local\Temp\2f1df67e0c6599f893aeb5468bc976f9.mpf_cache
2020-10-06 15:28:10,958 : ConfigProcessor : Loading config from cache: C:\Users\themi\AppData\Local\Temp\3e28196fea866bd961d93515ab5c664b.mpf_cache
2020-10-06 15:28:10,959 : mpfmc : Mission Pinball Framework Media Controller v0.54.0-dev.20
2020-10-06 15:28:10,959 : mpfmc : Mission Pinball Framework Game Engine v0.54.0-dev.72
2020-10-06 15:28:10,959 : mpfmc : Machine path: c:\GitHub\Cuphead
2020-10-06 15:28:10,959 : mpfmc : Starting clock at 60.0Hz
2020-10-06 15:28:10,986 : kivy : Text: Provider: sdl2
2020-10-06 15:28:11,056 : kivy : Window: Provider: sdl2
2020-10-06 15:28:11,848 : kivy : GL: Using the "OpenGL" graphics system
2020-10-06 15:28:11,851 : kivy : GL: GLEW initialization succeeded
2020-10-06 15:28:11,851 : kivy : GL: Backend used <glew>
2020-10-06 15:28:11,856 : kivy : GL: OpenGL version <b'4.5.14568 Compatibility Profile Context 24.20.12050.0'>
2020-10-06 15:28:11,856 : kivy : GL: OpenGL vendor <b'ATI Technologies Inc.'>
2020-10-06 15:28:11,856 : kivy : GL: OpenGL renderer <b'AMD Radeon(TM) R4 Graphics'>
2020-10-06 15:28:11,858 : kivy : GL: OpenGL parsed version: 4, 5
2020-10-06 15:28:11,859 : kivy : GL: Shading version <b'4.50'>
2020-10-06 15:28:11,859 : kivy : GL: Texture max size <16384>
2020-10-06 15:28:11,859 : kivy : GL: Texture max units <32>
2020-10-06 15:28:11,893 : kivy : Window: auto add sdl2 input provider
2020-10-06 15:28:11,894 : kivy : Window: virtual keyboard not allowed, single mode, not docked
2020-10-06 15:28:11,910 : SoundSystem : SoundSystem: Using default 'sound_system' settings
2020-10-06 15:28:12,525 : AudioInterface : Initialized
2020-10-06 15:28:12,526 : SoundSystem : No audio tracks are specified in your machine config file. a track named 'default' has been created.
2020-10-06 15:28:12,531 : kivy : Base: Start application main loop
2020-10-06 15:28:12,532 : EventManager : Event: ======'display_window_initialized'====== Args={}
2020-10-06 15:28:12,581 : mpfmc : Display: Setting 'window' as default display
2020-10-06 15:28:12,598 : EventManager : Event: ======'displays_initialized'====== Args={}
2020-10-06 15:28:12,600 : EventManager : Event: ======'slide_window_blank_created'====== Args={}
2020-10-06 15:28:12,600 : EventManager : Event: ======'display_window_ready'====== Args={}
2020-10-06 15:28:12,622 : EventManager : Event: ======'init_phase_1'====== Args={}
2020-10-06 15:28:12,632 : EventManager : Event: ======'mc_ready'====== Args={}
2020-10-06 15:28:12,632 : EventManager : Event: ======'init_phase_2'====== Args={}
2020-10-06 15:28:12,640 : EventManager : Event: ======'init_phase_3'====== Args={}
2020-10-06 15:28:12,642 : AssetManager : Registering Asset: cupHighScore, File: cupHighScore.ogg, Default Group: default, Final Config: {'load': 'preload', 'file': 'c:\\GitHub\\Cuphead\\modes\\base\\sounds\\music\\cupHighScore.ogg'}
2020-10-06 15:28:12,643 : AssetManager : Registering Asset: cupMusic1, File: cupMusic1.ogg, Default Group: default, Final Config: {'load': 'preload', 'target': 'music', 'loop': -1, 'mode_end_action': 'stop', 'file': 'c:\\GitHub\\Cuphead\\modes\\base\\sounds\\music\\cupMusic1.ogg'}
2020-10-06 15:28:12,643 : AssetManager : Registering Asset: cupMusic2, File: cupMusic2.ogg, Default Group: default, Final Config: {'load': 'preload', 'target': 'music', 'loop': -1, 'mode_end_action': 'stop', 'file': 'c:\\GitHub\\Cuphead\\modes\\base\\sounds\\music\\cupMusic2.ogg'}
2020-10-06 15:28:12,643 : AssetManager : Registering Asset: cupMusic3, File: cupMusic3.ogg, Default Group: default, Final Config: {'load': 'preload', 'target': 'music', 'loop': -1, 'mode_end_action': 'stop', 'file': 'c:\\GitHub\\Cuphead\\modes\\base\\sounds\\music\\cupMusic3.ogg'}
2020-10-06 15:28:12,643 : AssetManager : Registering Asset: cupMusic4, File: cupMusic4.ogg, Default Group: default, Final Config: {'load': 'preload', 'target': 'music', 'loop': -1, 'mode_end_action': 'stop', 'file': 'c:\\GitHub\\Cuphead\\modes\\base\\sounds\\music\\cupMusic4.ogg'}
2020-10-06 15:28:12,643 : AssetManager : Registering Asset: cupMusic5, File: cupMusic5.ogg, Default Group: default, Final Config: {'load': 'preload', 'file': 'c:\\GitHub\\Cuphead\\modes\\base\\sounds\\music\\cupMusic5.ogg'}
2020-10-06 15:28:12,643 : AssetManager : Registering Asset: cupMusic6, File: cupMusic6.ogg, Default Group: default, Final Config: {'load': 'preload', 'file': 'c:\\GitHub\\Cuphead\\modes\\base\\sounds\\music\\cupMusic6.ogg'}
2020-10-06 15:28:12,644 : AssetManager : Registering Asset: cupMusic7, File: cupMusic7.ogg, Default Group: default, Final Config: {'load': 'preload', 'file': 'c:\\GitHub\\Cuphead\\modes\\base\\sounds\\music\\cupMusic7.ogg'}
2020-10-06 15:28:12,644 : AssetManager : Registering Asset: cupMusic8, File: cupMusic8.ogg, Default Group: default, Final Config: {'load': 'preload', 'file': 'c:\\GitHub\\Cuphead\\modes\\base\\sounds\\music\\cupMusic8.ogg'}
2020-10-06 15:28:12,644 : AssetManager : Registering Asset: cupMusic9, File: cupMusic9.ogg, Default Group: default, Final Config: {'load': 'preload', 'file': 'c:\\GitHub\\Cuphead\\modes\\base\\sounds\\music\\cupMusic9.ogg'}
2020-10-06 15:28:12,644 : AssetManager : Registering Asset: game_play_1, File: game_play_1.ogg, Default Group: default, Final Config: {'load': 'preload', 'file': 'c:\\GitHub\\Cuphead\\modes\\base\\sounds\\music\\game_play_1.ogg'}
2020-10-06 15:28:12,648 : AssetManager : Registering Asset: attract_music, File: attract_music.ogg, Default Group: default, Final Config: {'load': 'preload', 'file': 'c:\\GitHub\\Cuphead\\modes\\attract\\sounds\\music\\attract_music.ogg'}
2020-10-06 15:28:12,648 : EventManager : Event: ======'init_phase_4'====== Args={}
2020-10-06 15:28:12,649 : EventManager : Event: ======'init_phase_5'====== Args={}
2020-10-06 15:28:15,847 : EventManager : Event: ======'loading_assets'====== Args={'total': 12, 'loaded': 1, 'remaining': 11, 'percent': 8}
2020-10-06 15:28:15,847 : AssetManager : Loading assets: 1/12 (8%)
2020-10-06 15:28:16,361 : EventManager : Event: ======'loading_assets'====== Args={'total': 12, 'loaded': 4, 'remaining': 8, 'percent': 33}
2020-10-06 15:28:16,361 : AssetManager : Loading assets: 4/12 (33%)
2020-10-06 15:28:17,114 : EventManager : Event: ======'loading_assets'====== Args={'total': 12, 'loaded': 6, 'remaining': 6, 'percent': 50}
2020-10-06 15:28:17,988 : AssetManager : Loading assets: 6/12 (50%)
2020-10-06 15:28:19,305 : EventManager : Event: ======'loading_assets'====== Args={'total': 12, 'loaded': 8, 'remaining': 4, 'percent': 67}
2020-10-06 15:28:19,306 : AssetManager : Loading assets: 8/12 (67%)
2020-10-06 15:28:20,189 : EventManager : Event: ======'loading_assets'====== Args={'total': 12, 'loaded': 10, 'remaining': 2, 'percent': 83}
2020-10-06 15:28:21,080 : AssetManager : Loading assets: 10/12 (83%)
2020-10-06 15:28:21,916 : EventManager : Event: ======'loading_assets'====== Args={'total': 12, 'loaded': 12, 'remaining': 0, 'percent': 100}
2020-10-06 15:28:21,916 : AssetManager : Asset loading took: 9.389376163482666
2020-10-06 15:28:21,917 : EventManager : Event: ======'asset_loading_complete'====== Args={}
2020-10-06 15:28:21,917 : AssetManager : Loading assets: 12/12 (100%)
2020-10-06 15:28:21,917 : EventManager : Event: ======'init_done'====== Args={}
2020-10-06 15:28:21,917 : MPF-MC BCP Server : Starting up on localhost port 5050
2020-10-06 15:28:21,926 : MPF-MC BCP Server : Waiting for a connection...
2020-10-06 15:28:21,927 : mpfmc : SlidePlayer: Play called with settings={'slides': {welcome_slide-None-None: {'priority': None, 'target': None, 'background_color': [0.0, 0.0, 0.0, 1.0], 'show': True, 'force': False, 'expire': None, 'slide': None, 'tokens': {}, 'action': 'play', 'transition': None, 'transition_out': None}}}
2020-10-06 15:28:21,935 : kivy : GL: NPOT texture support is available
2020-10-06 15:28:21,936 : EventManager : Event: ======'slide_welcome_slide_created'====== Args={}
2020-10-06 15:28:21,938 : EventManager : Event: ======'slide_welcome_slide_active'====== Args={}
2020-10-06 15:28:21,946 : EventManager : Event: ======'client_disconnected'====== Args={'host': '127.0.0.1', 'port': 5050}
2020-10-06 15:28:22,375 : MPF-MC BCP Server : Received connection from: 127.0.0.1:65445
2020-10-06 15:28:22,378 : EventManager : Event: ======'client_connected'====== Args={'host': '127.0.0.1', 'port': 65445}
2020-10-06 15:28:22,402 : EventManager : Event: ======'machine_var_credits_string'====== Args={'value': 'FREE PLAY', 'prev_value': None, 'change': True}
2020-10-06 15:28:22,402 : EventManager : Event: ======'machine_var_player1_score'====== Args={'value': 14640, 'prev_value': None, 'change': True}
2020-10-06 15:28:22,402 : EventManager : Event: ======'machine_var_mpf_version'====== Args={'value': 'MPF v0.54.0-dev.72', 'prev_value': None, 'change': True}
2020-10-06 15:28:22,402 : EventManager : Event: ======'machine_var_mpf_extended_version'====== Args={'value': 'MPF v0.54.0-dev.72, Config version:5, Show version: 5, BCP version:1.1', 'prev_value': None, 'change': True}
2020-10-06 15:28:22,403 : EventManager : Event: ======'machine_var_python_version'====== Args={'value': '3.6.4', 'prev_value': None, 'change': True}
2020-10-06 15:28:22,403 : EventManager : Event: ======'machine_var_platform'====== Args={'value': 'Windows-10-10.0.18362-SP0', 'prev_value': None, 'change': True}
2020-10-06 15:28:22,403 : EventManager : Event: ======'machine_var_platform_system'====== Args={'value': 'Windows', 'prev_value': None, 'change': True}
2020-10-06 15:28:22,403 : EventManager : Event: ======'machine_var_platform_release'====== Args={'value': '10', 'prev_value': None, 'change': True}
2020-10-06 15:28:22,403 : EventManager : Event: ======'machine_var_platform_version'====== Args={'value': '10.0.18362', 'prev_value': None, 'change': True}
2020-10-06 15:28:22,403 : EventManager : Event: ======'machine_var_platform_machine'====== Args={'value': 'AMD64', 'prev_value': None, 'change': True}
2020-10-06 15:28:22,404 : EventManager : Event: ======'machine_var_mc_version'====== Args={'value': 'MPF-MC v0.54.0-dev.20', 'prev_value': None, 'change': True}
2020-10-06 15:28:22,404 : EventManager : Event: ======'machine_var_mc_extended_version'====== Args={'value': 'MPF-MC v0.54.0-dev.20 (config_version=5, BCP v1.1, Requires MPF v0.54.0-dev.68)', 'prev_value': None, 'change': True}
2020-10-06 15:28:22,404 : EventManager : Event: ======'machine_var_master_volume'====== Args={'value': 0.5, 'prev_value': None, 'change': True}
2020-10-06 15:28:22,488 : EventManager : Event: ======'machine_var_audits_events_game_ended'====== Args={'value': 21, 'prev_value': None, 'change': True}
2020-10-06 15:28:22,488 : EventManager : Event: ======'machine_var_audits_events_game_started'====== Args={'value': 40, 'prev_value': None, 'change': True}
2020-10-06 15:28:22,489 : EventManager : Event: ======'machine_var_audits_player_score'====== Args={'value': {'average': 530.4761904761905, 'top': [2970, 1300, 1220, 980, 880, 780, 720, 710, 630, 590], 'total': 21}, 'prev_value': None, 'change': True}
2020-10-06 15:28:22,490 : EventManager : Event: ======'machine_var_audits_shots_soul_L'====== Args={'value': 350, 'prev_value': None, 'change': True}
2020-10-06 15:28:22,490 : EventManager : Event: ======'machine_var_audits_shots_soul_O'====== Args={'value': 356, 'prev_value': None, 'change': True}
2020-10-06 15:28:22,491 : EventManager : Event: ======'machine_var_audits_shots_soul_S'====== Args={'value': 390, 'prev_value': None, 'change': True}
2020-10-06 15:28:22,491 : EventManager : Event: ======'machine_var_audits_shots_soul_U'====== Args={'value': 353, 'prev_value': None, 'change': True}
2020-10-06 15:28:22,492 : EventManager : Event: ======'machine_var_audits_switches_s_coin'====== Args={'value': 21, 'prev_value': None, 'change': True}
2020-10-06 15:28:22,493 : EventManager : Event: ======'machine_var_audits_switches_s_dash_L'====== Args={'value': 0, 'prev_value': None, 'change': True}
2020-10-06 15:28:22,493 : EventManager : Event: ======'machine_var_audits_switches_s_dash_R'====== Args={'value': 0, 'prev_value': None, 'change': True}
2020-10-06 15:28:22,494 : EventManager : Event: ======'machine_var_audits_switches_s_dtSling_L'====== Args={'value': 0, 'prev_value': None, 'change': True}
2020-10-06 15:28:22,495 : EventManager : Event: ======'machine_var_audits_switches_s_dtSling_R'====== Args={'value': 0, 'prev_value': None, 'change': True}
2020-10-06 15:28:22,496 : EventManager : Event: ======'machine_var_audits_switches_s_dt_C'====== Args={'value': 231, 'prev_value': None, 'change': True}
2020-10-06 15:28:22,497 : EventManager : Event: ======'machine_var_audits_switches_s_dt_G'====== Args={'value': 65, 'prev_value': None, 'change': True}
2020-10-06 15:28:22,497 : EventManager : Event: ======'machine_var_audits_switches_s_dt_M'====== Args={'value': 66, 'prev_value': None, 'change': True}
2020-10-06 15:28:22,498 : EventManager : Event: ======'machine_var_audits_switches_s_dt_P'====== Args={'value': 206, 'prev_value': None, 'change': True}
2020-10-06 15:28:22,499 : EventManager : Event: ======'machine_var_audits_switches_s_dt_U'====== Args={'value': 221, 'prev_value': None, 'change': True}
2020-10-06 15:28:22,499 : EventManager : Event: ======'machine_var_audits_switches_s_dt_U2'====== Args={'value': 58, 'prev_value': None, 'change': True}
2020-10-06 15:28:22,500 : EventManager : Event: ======'machine_var_audits_switches_s_exit_shooter_lane'====== Args={'value': 417, 'prev_value': None, 'change': True}
2020-10-06 15:28:22,502 : EventManager : Event: ======'machine_var_audits_switches_s_inLane_L'====== Args={'value': 0, 'prev_value': None, 'change': True}
2020-10-06 15:28:22,502 : EventManager : Event: ======'machine_var_audits_switches_s_inLane_R'====== Args={'value': 0, 'prev_value': None, 'change': True}
2020-10-06 15:28:22,503 : EventManager : Event: ======'machine_var_audits_switches_s_kicker'====== Args={'value': 0, 'prev_value': None, 'change': True}
2020-10-06 15:28:22,504 : EventManager : Event: ======'machine_var_audits_switches_s_left_flipper'====== Args={'value': 151, 'prev_value': None, 'change': True}
2020-10-06 15:28:22,505 : EventManager : Event: ======'machine_var_audits_switches_s_midRight'====== Args={'value': 0, 'prev_value': None, 'change': True}
2020-10-06 15:28:22,506 : EventManager : Event: ======'machine_var_audits_switches_s_outLane_L'====== Args={'value': 0, 'prev_value': None, 'change': True}
2020-10-06 15:28:22,506 : EventManager : Event: ======'machine_var_audits_switches_s_outLane_R'====== Args={'value': 0, 'prev_value': None, 'change': True}
2020-10-06 15:28:22,507 : EventManager : Event: ======'machine_var_audits_switches_s_perdition'====== Args={'value': 0, 'prev_value': None, 'change': True}
2020-10-06 15:28:22,507 : EventManager : Event: ======'machine_var_audits_switches_s_playfield'====== Args={'value': 0, 'prev_value': None, 'change': True}
2020-10-06 15:28:22,507 : EventManager : Event: ======'machine_var_audits_switches_s_plunger'====== Args={'value': 687, 'prev_value': None, 'change': True}
2020-10-06 15:28:22,508 : EventManager : Event: ======'machine_var_audits_switches_s_popBumper_1'====== Args={'value': 566, 'prev_value': None, 'change': True}
2020-10-06 15:28:22,509 : EventManager : Event: ======'machine_var_audits_switches_s_popBumper_2'====== Args={'value': 478, 'prev_value': None, 'change': True}
2020-10-06 15:28:22,510 : EventManager : Event: ======'machine_var_audits_switches_s_popBumper_3'====== Args={'value': 174, 'prev_value': None, 'change': True}
2020-10-06 15:28:22,511 : EventManager : Event: ======'machine_var_audits_switches_s_pop_bumper1'====== Args={'value': 120, 'prev_value': None, 'change': True}
2020-10-06 15:28:22,522 : EventManager : Event: ======'machine_var_audits_switches_s_pop_bumper2'====== Args={'value': 153, 'prev_value': None, 'change': True}
2020-10-06 15:28:22,522 : EventManager : Event: ======'machine_var_audits_switches_s_pop_bumper3'====== Args={'value': 100, 'prev_value': None, 'change': True}
2020-10-06 15:28:22,523 : EventManager : Event: ======'machine_var_audits_switches_s_right_flipper'====== Args={'value': 217, 'prev_value': None, 'change': True}
2020-10-06 15:28:22,523 : EventManager : Event: ======'machine_var_audits_switches_s_sling_L'====== Args={'value': 0, 'prev_value': None, 'change': True}
2020-10-06 15:28:22,523 : EventManager : Event: ======'machine_var_audits_switches_s_sling_R'====== Args={'value': 0, 'prev_value': None, 'change': True}
2020-10-06 15:28:22,524 : EventManager : Event: ======'machine_var_audits_switches_s_soul_L'====== Args={'value': 351, 'prev_value': None, 'change': True}
2020-10-06 15:28:22,525 : EventManager : Event: ======'machine_var_audits_switches_s_soul_O'====== Args={'value': 361, 'prev_value': None, 'change': True}
2020-10-06 15:28:22,526 : EventManager : Event: ======'machine_var_audits_switches_s_soul_S'====== Args={'value': 390, 'prev_value': None, 'change': True}
2020-10-06 15:28:22,526 : EventManager : Event: ======'machine_var_audits_switches_s_soul_U'====== Args={'value': 353, 'prev_value': None, 'change': True}
2020-10-06 15:28:22,526 : EventManager : Event: ======'machine_var_audits_switches_s_standUp_1'====== Args={'value': 0, 'prev_value': None, 'change': True}
2020-10-06 15:28:22,527 : EventManager : Event: ======'machine_var_audits_switches_s_standUp_2'====== Args={'value': 0, 'prev_value': None, 'change': True}
2020-10-06 15:28:22,527 : EventManager : Event: ======'machine_var_audits_switches_s_standUp_3'====== Args={'value': 0, 'prev_value': None, 'change': True}
2020-10-06 15:28:22,527 : EventManager : Event: ======'machine_var_audits_switches_s_standUp_R'====== Args={'value': 0, 'prev_value': None, 'change': True}
2020-10-06 15:28:22,527 : EventManager : Event: ======'machine_var_audits_switches_s_star_1'====== Args={'value': 0, 'prev_value': None, 'change': True}
2020-10-06 15:28:22,527 : EventManager : Event: ======'machine_var_audits_switches_s_star_2'====== Args={'value': 0, 'prev_value': None, 'change': True}
2020-10-06 15:28:22,527 : EventManager : Event: ======'machine_var_audits_switches_s_star_3'====== Args={'value': 0, 'prev_value': None, 'change': True}
2020-10-06 15:28:22,528 : EventManager : Event: ======'machine_var_audits_switches_s_start'====== Args={'value': 69, 'prev_value': None, 'change': True}
2020-10-06 15:28:22,528 : EventManager : Event: ======'machine_var_audits_switches_s_tilt'====== Args={'value': 0, 'prev_value': None, 'change': True}
2020-10-06 15:28:22,541 : EventManager : Event: ======'machine_var_audits_switches_s_trough1'====== Args={'value': 602, 'prev_value': None, 'change': True}
2020-10-06 15:28:22,541 : EventManager : Event: ======'machine_var_audits_switches_s_trough2'====== Args={'value': 72, 'prev_value': None, 'change': True}
2020-10-06 15:28:22,541 : EventManager : Event: ======'machine_var_audits_switches_s_trough_jam'====== Args={'value': 13, 'prev_value': None, 'change': True}
2020-10-06 15:28:22,565 : EventManager : Event: ======'slides_play'====== Args={'settings': {'welcome_slide': {'target': None, 'background_color': [0.0, 0.0, 0.0, 1.0], 'priority': None, 'show': True, 'force': False, 'expire': None, 'slide': None, 'tokens': {}, 'action': 'play'}}, 'context': '_global', 'calling_context': 'init_done', 'priority': 0}
2020-10-06 15:28:22,565 : EventManager : Event: ======'mc_reset_phase_1'====== Args={}
2020-10-06 15:28:22,566 : mpfmc : SlidePlayer: Play called with settings={'welcome_slide': {'target': None, 'background_color': [0.0, 0.0, 0.0, 1.0], 'priority': None, 'show': True, 'force': False, 'expire': None, 'slide': None, 'tokens': {}, 'action': 'play'}}
2020-10-06 15:28:22,568 : EventManager : Event: ======'slide_welcome_slide_removed'====== Args={}
2020-10-06 15:28:22,572 : EventManager : Event: ======'slide_welcome_slide_created'====== Args={}
2020-10-06 15:28:22,573 : EventManager : Event: ======'mc_reset_phase_2'====== Args={}
2020-10-06 15:28:22,573 : EventManager : Event: ======'mc_reset_phase_3'====== Args={}
2020-10-06 15:28:22,573 : EventManager : Event: ======'mc_reset_complete'====== Args={}
2020-10-06 15:28:22,574 : EventManager : Event: ======'slide_welcome_slide_active'====== Args={}
2020-10-06 15:28:22,586 : EventManager : Event: ======'slides_play'====== Args={'settings': {'awesome_slide': {'widgets': [{'type': 'text', 'text': 'Cuphead Pinball', 'font_size': 50, '_default_settings': ['type', 'text', 'font_size'], 'x': None, 'y': None, 'anchor_x': 'center', 'anchor_y': 'center', 'round_anchor_x': None, 'round_anchor_y': None, 'opacity': 1.0, 'z': 0, 'reset_animations_events': {}, 'color': [1.0, 1.0, 1.0, 1.0], 'style': [], 'adjust_top': 0, 'adjust_bottom': 0, 'adjust_left': 0, 'adjust_right': 0, 'expire': None, 'key': None, 'widget': None, 'events_when_added': [], 'events_when_removed': [], 'bitmap_font': False, 'font_kerning': True, 'bold': False, 'italic': False, 'number_grouping': False, 'min_digits': 0, 'halign': 'center', 'valign': 'middle', 'rotation': 0, 'scale': 1.0, 'casing': None, 'animations': None}], 'transition': {'type': 'push', 'duration': 1.0, 'direction': 'left', 'easing': 'out_quad'}, 'target': None, 'background_color': [0.0, 0.0, 0.0, 1.0], 'priority': None, 'show': True, 'force': False, 'expire': None, 'slide': None, 'tokens': {}, 'action': 'play'}}, 'context': 'show_1', 'calling_context': 0, 'priority': 10, 'show_tokens': {}, 'start_time': 594147.593}
2020-10-06 15:28:22,586 : EventManager : Event: ======'sounds_play'====== Args={'settings': {'attract_music': {'loops': -1, 'mode_end_action': 'stop', 'priority': None, 'action': 'play', 'track': None, 'volume': None, 'pan': None, 'start_at': None, 'fade_in': None, 'fade_out': None, 'about_to_finish_time': -1.0, 'max_queue_time': -1.0, 'events_when_played': ['use_sound_setting'], 'events_when_stopped': ['use_sound_setting'], 'events_when_looping': ['use_sound_setting'], 'events_when_about_to_finish': ['use_sound_setting'], 'key': 'use_sound_setting'}}, 'context': 'attract', 'calling_context': 'mode_attract_started', 'priority': 10}
2020-10-06 15:28:22,587 : mpfmc : SlidePlayer: Play called with settings={'awesome_slide': {'widgets': [{'type': 'text', 'text': 'Cuphead Pinball', 'font_size': 50, '_default_settings': ['type', 'text', 'font_size'], 'x': None, 'y': None, 'anchor_x': 'center', 'anchor_y': 'center', 'round_anchor_x': None, 'round_anchor_y': None, 'opacity': 1.0, 'z': 0, 'reset_animations_events': {}, 'color': [1.0, 1.0, 1.0, 1.0], 'style': [], 'adjust_top': 0, 'adjust_bottom': 0, 'adjust_left': 0, 'adjust_right': 0, 'expire': None, 'key': None, 'widget': None, 'events_when_added': [], 'events_when_removed': [], 'bitmap_font': False, 'font_kerning': True, 'bold': False, 'italic': False, 'number_grouping': False, 'min_digits': 0, 'halign': 'center', 'valign': 'middle', 'rotation': 0, 'scale': 1.0, 'casing': None, 'animations': None}], 'transition': {'type': 'push', 'duration': 1.0, 'direction': 'left', 'easing': 'out_quad'}, 'target': None, 'background_color': [0.0, 0.0, 0.0, 1.0], 'priority': None, 'show': True, 'force': False, 'expire': None, 'slide': None, 'tokens': {}, 'action': 'play'}}
2020-10-06 15:28:22,597 : EventManager : Event: ======'slide_awesome_slide_created'====== Args={}
2020-10-06 15:28:22,603 : EventManager : Event: ======'slide_awesome_slide_active'====== Args={}
2020-10-06 15:28:25,592 : EventManager : Event: ======'slides_play'====== Args={'settings': {'press_start': {'widgets': [{'type': 'Text', 'text': 'PRESS START', 'animations': {'pre_show_slide': [{'property': ['opacity'], 'value': ['0'], 'duration': 0.5, 'relative': False, 'timing': 'after_previous', 'repeat': False, 'easing': 'linear'}, {'property': ['opacity'], 'value': ['1'], 'duration': 0.5, 'repeat': False, 'relative': False, 'timing': 'after_previous', 'easing': 'linear'}]}, '_default_settings': ['type', 'text', 'animations'], 'x': None, 'y': None, 'anchor_x': 'center', 'anchor_y': 'center', 'round_anchor_x': None, 'round_anchor_y': None, 'opacity': 1.0, 'z': 0, 'reset_animations_events': {}, 'color': [1.0, 1.0, 1.0, 1.0], 'style': [], 'adjust_top': 0, 'adjust_bottom': 0, 'adjust_left': 0, 'adjust_right': 0, 'expire': None, 'key': None, 'widget': None, 'events_when_added': [], 'events_when_removed': [], 'font_size': 15, 'bitmap_font': False, 'font_kerning': True, 'bold': False, 'italic': False, 'number_grouping': False, 'min_digits': 0, 'halign': 'center', 'valign': 'middle', 'rotation': 0, 'scale': 1.0, 'casing': None}, {'type': 'Text', 'text': 'FREE PLAY', 'color': [0.0, 0.5019607843137255, 0.0, 1], 'y': '10', 'anchor_y': 'bottom', '_default_settings': ['type', 'text', 'color', 'y', 'anchor_y'], 'x': None, 'anchor_x': 'center', 'round_anchor_x': None, 'round_anchor_y': None, 'opacity': 1.0, 'z': 0, 'reset_animations_events': {}, 'style': [], 'adjust_top': 0, 'adjust_bottom': 0, 'adjust_left': 0, 'adjust_right': 0, 'expire': None, 'key': None, 'widget': None, 'events_when_added': [], 'events_when_removed': [], 'font_size': 15, 'bitmap_font': False, 'font_kerning': True, 'bold': False, 'italic': False, 'number_grouping': False, 'min_digits': 0, 'halign': 'center', 'valign': 'middle', 'rotation': 0, 'scale': 1.0, 'casing': None, 'animations': None}], 'transition': {'type': 'move_in', 'duration': 1.0, 'direction': 'right', 'easing': 'out_quad'}, 'target': None, 'background_color': [0.0, 0.0, 0.0, 1.0], 'priority': None, 'show': True, 'force': False, 'expire': None, 'slide': None, 'tokens': {}, 'action': 'play'}}, 'context': 'show_1', 'calling_context': 1, 'priority': 10, 'show_tokens': {}, 'start_time': 594150.593}
2020-10-06 15:28:25,593 : mpfmc : SlidePlayer: Play called with settings={'press_start': {'widgets': [{'type': 'Text', 'text': 'PRESS START', 'animations': {'pre_show_slide': [{'property': ['opacity'], 'value': ['0'], 'duration': 0.5, 'relative': False, 'timing': 'after_previous', 'repeat': False, 'easing': 'linear'}, {'property': ['opacity'], 'value': ['1'], 'duration': 0.5, 'repeat': False, 'relative': False, 'timing': 'after_previous', 'easing': 'linear'}]}, '_default_settings': ['type', 'text', 'animations'], 'x': None, 'y': None, 'anchor_x': 'center', 'anchor_y': 'center', 'round_anchor_x': None, 'round_anchor_y': None, 'opacity': 1.0, 'z': 0, 'reset_animations_events': {}, 'color': [1.0, 1.0, 1.0, 1.0], 'style': [], 'adjust_top': 0, 'adjust_bottom': 0, 'adjust_left': 0, 'adjust_right': 0, 'expire': None, 'key': None, 'widget': None, 'events_when_added': [], 'events_when_removed': [], 'font_size': 15, 'bitmap_font': False, 'font_kerning': True, 'bold': False, 'italic': False, 'number_grouping': False, 'min_digits': 0, 'halign': 'center', 'valign': 'middle', 'rotation': 0, 'scale': 1.0, 'casing': None}, {'type': 'Text', 'text': 'FREE PLAY', 'color': [0.0, 0.5019607843137255, 0.0, 1], 'y': '10', 'anchor_y': 'bottom', '_default_settings': ['type', 'text', 'color', 'y', 'anchor_y'], 'x': None, 'anchor_x': 'center', 'round_anchor_x': None, 'round_anchor_y': None, 'opacity': 1.0, 'z': 0, 'reset_animations_events': {}, 'style': [], 'adjust_top': 0, 'adjust_bottom': 0, 'adjust_left': 0, 'adjust_right': 0, 'expire': None, 'key': None, 'widget': None, 'events_when_added': [], 'events_when_removed': [], 'font_size': 15, 'bitmap_font': False, 'font_kerning': True, 'bold': False, 'italic': False, 'number_grouping': False, 'min_digits': 0, 'halign': 'center', 'valign': 'middle', 'rotation': 0, 'scale': 1.0, 'casing': None, 'animations': None}], 'transition': {'type': 'move_in', 'duration': 1.0, 'direction': 'right', 'easing': 'out_quad'}, 'target': None, 'background_color': [0.0, 0.0, 0.0, 1.0], 'priority': None, 'show': True, 'force': False, 'expire': None, 'slide': None, 'tokens': {}, 'action': 'play'}}
2020-10-06 15:28:25,608 : EventManager : Event: ======'slide_press_start_created'====== Args={}
2020-10-06 15:28:25,613 : EventManager : Event: ======'slide_press_start_active'====== Args={}
2020-10-06 15:28:28,576 : EventManager : Event: ======'slides_play'====== Args={'settings': {'mission_pinball': {'widgets': [{'type': 'Text', 'text': 'MISSION PINBALL', 'color': [1.0, 0.0, 0.0, 1], '_default_settings': ['type', 'text', 'color'], 'x': None, 'y': None, 'anchor_x': 'center', 'anchor_y': 'center', 'round_anchor_x': None, 'round_anchor_y': None, 'opacity': 1.0, 'z': 0, 'reset_animations_events': {}, 'style': [], 'adjust_top': 0, 'adjust_bottom': 0, 'adjust_left': 0, 'adjust_right': 0, 'expire': None, 'key': None, 'widget': None, 'events_when_added': [], 'events_when_removed': [], 'font_size': 15, 'bitmap_font': False, 'font_kerning': True, 'bold': False, 'italic': False, 'number_grouping': False, 'min_digits': 0, 'halign': 'center', 'valign': 'middle', 'rotation': 0, 'scale': 1.0, 'casing': None, 'animations': None}], 'transition': {'type': 'move_in', 'duration': 1.0, 'direction': 'top', 'easing': 'out_quad'}, 'target': None, 'background_color': [0.0, 0.0, 0.0, 1.0], 'priority': None, 'show': True, 'force': False, 'expire': None, 'slide': None, 'tokens': {}, 'action': 'play'}}, 'context': 'show_1', 'calling_context': 2, 'priority': 10, 'show_tokens': {}, 'start_time': 594153.593}
2020-10-06 15:28:28,578 : mpfmc : SlidePlayer: Play called with settings={'mission_pinball': {'widgets': [{'type': 'Text', 'text': 'MISSION PINBALL', 'color': [1.0, 0.0, 0.0, 1], '_default_settings': ['type', 'text', 'color'], 'x': None, 'y': None, 'anchor_x': 'center', 'anchor_y': 'center', 'round_anchor_x': None, 'round_anchor_y': None, 'opacity': 1.0, 'z': 0, 'reset_animations_events': {}, 'style': [], 'adjust_top': 0, 'adjust_bottom': 0, 'adjust_left': 0, 'adjust_right': 0, 'expire': None, 'key': None, 'widget': None, 'events_when_added': [], 'events_when_removed': [], 'font_size': 15, 'bitmap_font': False, 'font_kerning': True, 'bold': False, 'italic': False, 'number_grouping': False, 'min_digits': 0, 'halign': 'center', 'valign': 'middle', 'rotation': 0, 'scale': 1.0, 'casing': None, 'animations': None}], 'transition': {'type': 'move_in', 'duration': 1.0, 'direction': 'top', 'easing': 'out_quad'}, 'target': None, 'background_color': [0.0, 0.0, 0.0, 1.0], 'priority': None, 'show': True, 'force': False, 'expire': None, 'slide': None, 'tokens': {}, 'action': 'play'}}
2020-10-06 15:28:28,582 : EventManager : Event: ======'slide_mission_pinball_created'====== Args={}
2020-10-06 15:28:28,586 : EventManager : Event: ======'slide_mission_pinball_active'====== Args={}
2020-10-06 15:28:29,976 : EventManager : Event: ======'game_started'====== Args={}
2020-10-06 15:28:29,977 : EventManager : Event: ======'slides_clear'====== Args={'context': 'show_1'}
2020-10-06 15:28:29,977 : EventManager : Event: ======'sounds_clear'====== Args={'context': 'attract'}
2020-10-06 15:28:29,979 : EventManager : Event: ======'slide_awesome_slide_removed'====== Args={}
2020-10-06 15:28:29,980 : EventManager : Event: ======'slide_press_start_removed'====== Args={}
2020-10-06 15:28:29,983 : EventManager : Event: ======'slide_mission_pinball_removed'====== Args={}
2020-10-06 15:28:29,985 : EventManager : Event: ======'slide_welcome_slide_active'====== Args={}
2020-10-06 15:28:30,038 : EventManager : Event: ======'player_added'====== Args={'player': <Player 1>, 'num': 1}
2020-10-06 15:28:30,038 : EventManager : Event: ======'player_index'====== Args={'value': 0, 'prev_value': 0, 'change': 0, 'player_num': 1}
2020-10-06 15:28:30,039 : EventManager : Event: ======'player_number'====== Args={'value': 1, 'prev_value': 1, 'change': 0, 'player_num': 1}
2020-10-06 15:28:30,039 : EventManager : Event: ======'player_score'====== Args={'value': 0, 'prev_value': 0, 'change': 0, 'player_num': 1}
2020-10-06 15:28:30,039 : EventManager : Event: ======'player_bonus_multiplier'====== Args={'value': 1, 'prev_value': 0, 'change': 1, 'player_num': 1}
2020-10-06 15:28:30,039 : EventManager : Event: ======'player_contracts'====== Args={'value': 0, 'prev_value': 0, 'change': 0, 'player_num': 1}
2020-10-06 15:28:30,087 : EventManager : Event: ======'player_ball'====== Args={'value': 1, 'prev_value': 0, 'change': 1, 'player_num': 1}
2020-10-06 15:28:30,087 : EventManager : Event: ======'player_turn_start'====== Args={'number': 1, 'player': <Player 1>}
2020-10-06 15:28:30,125 : EventManager : Event: ======'player_shot_soul_S_enabled'====== Args={'value': True, 'prev_value': 0, 'change': 1, 'player_num': 1}
2020-10-06 15:28:30,127 : EventManager : Event: ======'player_shot_soul_O_enabled'====== Args={'value': True, 'prev_value': 0, 'change': 1, 'player_num': 1}
2020-10-06 15:28:30,127 : EventManager : Event: ======'player_shot_soul_U_enabled'====== Args={'value': True, 'prev_value': 0, 'change': 1, 'player_num': 1}
2020-10-06 15:28:30,127 : EventManager : Event: ======'player_shot_soul_L_enabled'====== Args={'value': True, 'prev_value': 0, 'change': 1, 'player_num': 1}
2020-10-06 15:28:30,138 : EventManager : Event: ======'sounds_play'====== Args={'settings': {'poolCupHeadBase': {'loops': -1, 'priority': None, 'action': 'play', 'track': None, 'volume': None, 'pan': None, 'start_at': None, 'fade_in': None, 'fade_out': None, 'about_to_finish_time': -1.0, 'max_queue_time': -1.0, 'events_when_played': ['use_sound_setting'], 'events_when_stopped': ['use_sound_setting'], 'events_when_looping': ['use_sound_setting'], 'events_when_about_to_finish': ['use_sound_setting'], 'mode_end_action': 'use_sound_setting', 'key': 'use_sound_setting'}}, 'context': 'base', 'calling_context': 'mode_base_started', 'priority': 100, 'queue': '<QueuedEvent>', 'player': 1, 'ball': 1, 'balls_remaining': 4, 'is_extra_ball': False}
2020-10-06 15:28:30,139 : EventManager : Event: ======'slides_play'====== Args={'settings': {'widgets': {'widgets': [{'type': 'text', 'text': '(score)', 'number_grouping': True, 'min_digits': 2, 'font_size': 100, '_default_settings': ['type', 'text', 'number_grouping', 'min_digits', 'font_size'], 'x': None, 'y': None, 'anchor_x': 'center', 'anchor_y': 'center', 'round_anchor_x': None, 'round_anchor_y': None, 'opacity': 1.0, 'z': 0, 'reset_animations_events': {}, 'color': [1.0, 1.0, 1.0, 1.0], 'style': [], 'adjust_top': 0, 'adjust_bottom': 0, 'adjust_left': 0, 'adjust_right': 0, 'expire': None, 'key': None, 'widget': None, 'events_when_added': [], 'events_when_removed': [], 'bitmap_font': False, 'font_kerning': True, 'bold': False, 'italic': False, 'halign': 'center', 'valign': 'middle', 'rotation': 0, 'scale': 1.0, 'casing': None, 'animations': None}, {'type': 'text', 'text': 'Player (player)', 'y': '10', 'x': '10', 'font_size': 30, 'anchor_x': 'left', 'anchor_y': 'bottom', '_default_settings': ['type', 'text', 'y', 'x', 'font_size', 'anchor_x', 'anchor_y'], 'round_anchor_x': None, 'round_anchor_y': None, 'opacity': 1.0, 'z': 0, 'reset_animations_events': {}, 'color': [1.0, 1.0, 1.0, 1.0], 'style': [], 'adjust_top': 0, 'adjust_bottom': 0, 'adjust_left': 0, 'adjust_right': 0, 'expire': None, 'key': None, 'widget': None, 'events_when_added': [], 'events_when_removed': [], 'bitmap_font': False, 'font_kerning': True, 'bold': False, 'italic': False, 'number_grouping': False, 'min_digits': 0, 'halign': 'center', 'valign': 'middle', 'rotation': 0, 'scale': 1.0, 'casing': None, 'animations': None}, {'type': 'text', 'text': 'BALL (ball)', 'y': '10', 'x': 'right-10', 'anchor_x': 'right', 'anchor_y': 'bottom', 'font_size': 50, '_default_settings': ['type', 'text', 'y', 'x', 'anchor_x', 'anchor_y', 'font_size'], 'round_anchor_x': None, 'round_anchor_y': None, 'opacity': 1.0, 'z': 0, 'reset_animations_events': {}, 'color': [1.0, 1.0, 1.0, 1.0], 'style': [], 'adjust_top': 0, 'adjust_bottom': 0, 'adjust_left': 0, 'adjust_right': 0, 'expire': None, 'key': None, 'widget': None, 'events_when_added': [], 'events_when_removed': [], 'bitmap_font': False, 'font_kerning': True, 'bold': False, 'italic': False, 'number_grouping': False, 'min_digits': 0, 'halign': 'center', 'valign': 'middle', 'rotation': 0, 'scale': 1.0, 'casing': None, 'animations': None}, {'type': 'text', 'text': 'Contracts (contracts)', 'font_size': 25, 'color': [1.0, 0.0, 0.0, 1], 'y': '60%', '_default_settings': ['type', 'text', 'font_size', 'color', 'y'], 'x': None, 'anchor_x': 'center', 'anchor_y': 'center', 'round_anchor_x': None, 'round_anchor_y': None, 'opacity': 1.0, 'z': 0, 'reset_animations_events': {}, 'style': [], 'adjust_top': 0, 'adjust_bottom': 0, 'adjust_left': 0, 'adjust_right': 0, 'expire': None, 'key': None, 'widget': None, 'events_when_added': [], 'events_when_removed': [], 'bitmap_font': False, 'font_kerning': True, 'bold': False, 'italic': False, 'number_grouping': False, 'min_digits': 0, 'halign': 'center', 'valign': 'middle', 'rotation': 0, 'scale': 1.0, 'casing': None, 'animations': None}], 'target': None, 'background_color': [0.0, 0.0, 0.0, 1.0], 'priority': None, 'show': True, 'force': False, 'expire': None, 'slide': None, 'tokens': {}, 'action': 'play'}}, 'context': 'base', 'calling_context': 'mode_base_started', 'priority': 100, 'queue': '<QueuedEvent>', 'player': 1, 'ball': 1, 'balls_remaining': 4, 'is_extra_ball': False}
2020-10-06 15:28:30,140 : mpfmc : SlidePlayer: Play called with settings={'widgets': {'widgets': [{'type': 'text', 'text': '(score)', 'number_grouping': True, 'min_digits': 2, 'font_size': 100, '_default_settings': ['type', 'text', 'number_grouping', 'min_digits', 'font_size'], 'x': None, 'y': None, 'anchor_x': 'center', 'anchor_y': 'center', 'round_anchor_x': None, 'round_anchor_y': None, 'opacity': 1.0, 'z': 0, 'reset_animations_events': {}, 'color': [1.0, 1.0, 1.0, 1.0], 'style': [], 'adjust_top': 0, 'adjust_bottom': 0, 'adjust_left': 0, 'adjust_right': 0, 'expire': None, 'key': None, 'widget': None, 'events_when_added': [], 'events_when_removed': [], 'bitmap_font': False, 'font_kerning': True, 'bold': False, 'italic': False, 'halign': 'center', 'valign': 'middle', 'rotation': 0, 'scale': 1.0, 'casing': None, 'animations': None}, {'type': 'text', 'text': 'Player (player)', 'y': '10', 'x': '10', 'font_size': 30, 'anchor_x': 'left', 'anchor_y': 'bottom', '_default_settings': ['type', 'text', 'y', 'x', 'font_size', 'anchor_x', 'anchor_y'], 'round_anchor_x': None, 'round_anchor_y': None, 'opacity': 1.0, 'z': 0, 'reset_animations_events': {}, 'color': [1.0, 1.0, 1.0, 1.0], 'style': [], 'adjust_top': 0, 'adjust_bottom': 0, 'adjust_left': 0, 'adjust_right': 0, 'expire': None, 'key': None, 'widget': None, 'events_when_added': [], 'events_when_removed': [], 'bitmap_font': False, 'font_kerning': True, 'bold': False, 'italic': False, 'number_grouping': False, 'min_digits': 0, 'halign': 'center', 'valign': 'middle', 'rotation': 0, 'scale': 1.0, 'casing': None, 'animations': None}, {'type': 'text', 'text': 'BALL (ball)', 'y': '10', 'x': 'right-10', 'anchor_x': 'right', 'anchor_y': 'bottom', 'font_size': 50, '_default_settings': ['type', 'text', 'y', 'x', 'anchor_x', 'anchor_y', 'font_size'], 'round_anchor_x': None, 'round_anchor_y': None, 'opacity': 1.0, 'z': 0, 'reset_animations_events': {}, 'color': [1.0, 1.0, 1.0, 1.0], 'style': [], 'adjust_top': 0, 'adjust_bottom': 0, 'adjust_left': 0, 'adjust_right': 0, 'expire': None, 'key': None, 'widget': None, 'events_when_added': [], 'events_when_removed': [], 'bitmap_font': False, 'font_kerning': True, 'bold': False, 'italic': False, 'number_grouping': False, 'min_digits': 0, 'halign': 'center', 'valign': 'middle', 'rotation': 0, 'scale': 1.0, 'casing': None, 'animations': None}, {'type': 'text', 'text': 'Contracts (contracts)', 'font_size': 25, 'color': [1.0, 0.0, 0.0, 1], 'y': '60%', '_default_settings': ['type', 'text', 'font_size', 'color', 'y'], 'x': None, 'anchor_x': 'center', 'anchor_y': 'center', 'round_anchor_x': None, 'round_anchor_y': None, 'opacity': 1.0, 'z': 0, 'reset_animations_events': {}, 'style': [], 'adjust_top': 0, 'adjust_bottom': 0, 'adjust_left': 0, 'adjust_right': 0, 'expire': None, 'key': None, 'widget': None, 'events_when_added': [], 'events_when_removed': [], 'bitmap_font': False, 'font_kerning': True, 'bold': False, 'italic': False, 'number_grouping': False, 'min_digits': 0, 'halign': 'center', 'valign': 'middle', 'rotation': 0, 'scale': 1.0, 'casing': None, 'animations': None}], 'target': None, 'background_color': [0.0, 0.0, 0.0, 1.0], 'priority': None, 'show': True, 'force': False, 'expire': None, 'slide': None, 'tokens': {}, 'action': 'play'}}
2020-10-06 15:28:30,179 : EventManager : Event: ======'slide_base.slide_player-mode_base_started_created'====== Args={}
2020-10-06 15:28:30,186 : EventManager : Event: ======'slide_base.slide_player-mode_base_started_active'====== Args={}
2020-10-06 15:28:30,259 : EventManager : Event: ======'player_bonus_multiplier'====== Args={'value': 0, 'prev_value': 1, 'change': -1, 'player_num': 1}
2020-10-06 15:28:30,259 : EventManager : Event: ======'widgets_play'====== Args={'settings': {'soul_lanes_banner': {'priority': 0, 'slide': None, 'action': 'add', 'key': None, 'target': None}}, 'context': 'soulLanes', 'calling_context': 'mode_soulLanes_started', 'priority': 110, 'player': 1, 'ball': 1, 'balls_remaining': 4, 'is_extra_ball': False}
2020-10-06 15:28:30,430 : EventManager : Event: ======'machine_var_audits_switches_s_plunger'====== Args={'value': 688, 'prev_value': 687, 'change': 1}
2020-10-06 15:28:30,972 : EventManager : Event: ======'machine_var_audits_switches_s_soul_S'====== Args={'value': 391, 'prev_value': 390, 'change': 1}
2020-10-06 15:28:30,972 : EventManager : Event: ======'player_shot_soul_S'====== Args={'value': 1, 'prev_value': 0, 'change': 1, 'player_num': 1}
2020-10-06 15:28:30,973 : EventManager : Event: ======'machine_var_audits_shots_soul_S'====== Args={'value': 391, 'prev_value': 390, 'change': 1}
2020-10-06 15:28:30,973 : EventManager : Event: ======'player_score'====== Args={'value': 10, 'prev_value': 0, 'change': 10, 'player_num': 1}
2020-10-06 15:28:31,576 : EventManager : Event: ======'machine_var_audits_switches_s_soul_O'====== Args={'value': 362, 'prev_value': 361, 'change': 1}
2020-10-06 15:28:31,576 : EventManager : Event: ======'player_shot_soul_O'====== Args={'value': 1, 'prev_value': 0, 'change': 1, 'player_num': 1}
2020-10-06 15:28:31,576 : EventManager : Event: ======'machine_var_audits_shots_soul_O'====== Args={'value': 357, 'prev_value': 356, 'change': 1}
2020-10-06 15:28:31,577 : EventManager : Event: ======'player_score'====== Args={'value': 20, 'prev_value': 10, 'change': 10, 'player_num': 1}
2020-10-06 15:28:32,010 : EventManager : Event: ======'machine_var_audits_switches_s_soul_U'====== Args={'value': 354, 'prev_value': 353, 'change': 1}
2020-10-06 15:28:32,011 : EventManager : Event: ======'player_shot_soul_U'====== Args={'value': 1, 'prev_value': 0, 'change': 1, 'player_num': 1}
2020-10-06 15:28:32,011 : EventManager : Event: ======'machine_var_audits_shots_soul_U'====== Args={'value': 354, 'prev_value': 353, 'change': 1}
2020-10-06 15:28:32,012 : EventManager : Event: ======'player_score'====== Args={'value': 30, 'prev_value': 20, 'change': 10, 'player_num': 1}
2020-10-06 15:28:32,598 : EventManager : Event: ======'machine_var_audits_switches_s_soul_L'====== Args={'value': 352, 'prev_value': 351, 'change': 1}
2020-10-06 15:28:32,598 : EventManager : Event: ======'player_shot_soul_L'====== Args={'value': 1, 'prev_value': 0, 'change': 1, 'player_num': 1}
2020-10-06 15:28:32,599 : EventManager : Event: ======'machine_var_audits_shots_soul_L'====== Args={'value': 351, 'prev_value': 350, 'change': 1}
2020-10-06 15:28:32,606 : EventManager : Event: ======'player_score'====== Args={'value': 40, 'prev_value': 30, 'change': 10, 'player_num': 1}
2020-10-06 15:28:32,607 : EventManager : Event: ======'player_score'====== Args={'value': 1040, 'prev_value': 40, 'change': 1000, 'player_num': 1}
2020-10-06 15:28:32,607 : EventManager : Event: ======'player_bonus_multiplier'====== Args={'value': 1, 'prev_value': 0, 'change': 1, 'player_num': 1}
2020-10-06 15:28:33,602 : EventManager : Event: ======'player_shot_soul_S'====== Args={'value': 0, 'prev_value': 1, 'change': -1, 'player_num': 1}
2020-10-06 15:28:33,603 : EventManager : Event: ======'player_shot_soul_O'====== Args={'value': 0, 'prev_value': 1, 'change': -1, 'player_num': 1}
2020-10-06 15:28:33,603 : EventManager : Event: ======'player_shot_soul_U'====== Args={'value': 0, 'prev_value': 1, 'change': -1, 'player_num': 1}
2020-10-06 15:28:33,603 : EventManager : Event: ======'player_shot_soul_L'====== Args={'value': 0, 'prev_value': 1, 'change': -1, 'player_num': 1}
2020-10-06 15:28:46,462 : EventManager : Event: ======'machine_var_audits_switches_s_exit_shooter_lane'====== Args={'value': 418, 'prev_value': 417, 'change': 1}
2020-10-06 15:28:48,522 : EventManager : Event: ======'machine_var_audits_switches_s_dt_C'====== Args={'value': 232, 'prev_value': 231, 'change': 1}
2020-10-06 15:28:48,556 : EventManager : Event: ======'player_score'====== Args={'value': 1140, 'prev_value': 1040, 'change': 100, 'player_num': 1}
2020-10-06 15:28:49,615 : EventManager : Event: ======'machine_var_audits_switches_s_dt_U'====== Args={'value': 222, 'prev_value': 221, 'change': 1}
2020-10-06 15:28:49,647 : EventManager : Event: ======'player_score'====== Args={'value': 1240, 'prev_value': 1140, 'change': 100, 'player_num': 1}
2020-10-06 15:28:50,732 : EventManager : Event: ======'machine_var_audits_switches_s_dt_P'====== Args={'value': 207, 'prev_value': 206, 'change': 1}
2020-10-06 15:28:50,746 : EventManager : Event: ======'player_score'====== Args={'value': 1340, 'prev_value': 1240, 'change': 100, 'player_num': 1}
2020-10-06 15:28:50,746 : EventManager : Event: ======'player_contracts'====== Args={'value': 1, 'prev_value': 0, 'change': 1, 'player_num': 1}
2020-10-06 15:28:52,524 : EventManager : Event: ======'machine_var_audits_switches_s_dt_C'====== Args={'value': 233, 'prev_value': 232, 'change': 1}
2020-10-06 15:28:52,524 : EventManager : Event: ======'player_score'====== Args={'value': 1440, 'prev_value': 1340, 'change': 100, 'player_num': 1}
2020-10-06 15:28:53,979 : EventManager : Event: ======'machine_var_audits_switches_s_dt_U'====== Args={'value': 223, 'prev_value': 222, 'change': 1}
2020-10-06 15:28:53,979 : EventManager : Event: ======'player_score'====== Args={'value': 1540, 'prev_value': 1440, 'change': 100, 'player_num': 1}
2020-10-06 15:28:55,554 : EventManager : Event: ======'machine_var_audits_switches_s_dt_P'====== Args={'value': 208, 'prev_value': 207, 'change': 1}
2020-10-06 15:28:55,591 : EventManager : Event: ======'player_score'====== Args={'value': 1640, 'prev_value': 1540, 'change': 100, 'player_num': 1}
2020-10-06 15:28:55,591 : EventManager : Event: ======'player_contracts'====== Args={'value': 2, 'prev_value': 1, 'change': 1, 'player_num': 1}
2020-10-06 15:28:57,393 : EventManager : Event: ======'machine_var_audits_switches_s_dt_C'====== Args={'value': 234, 'prev_value': 233, 'change': 1}
2020-10-06 15:28:57,393 : EventManager : Event: ======'player_score'====== Args={'value': 1740, 'prev_value': 1640, 'change': 100, 'player_num': 1}
2020-10-06 15:28:58,622 : EventManager : Event: ======'machine_var_audits_switches_s_dt_U'====== Args={'value': 224, 'prev_value': 223, 'change': 1}
2020-10-06 15:28:58,624 : EventManager : Event: ======'player_score'====== Args={'value': 1840, 'prev_value': 1740, 'change': 100, 'player_num': 1}
2020-10-06 15:28:59,912 : EventManager : Event: ======'machine_var_audits_switches_s_dt_P'====== Args={'value': 209, 'prev_value': 208, 'change': 1}
2020-10-06 15:28:59,912 : EventManager : Event: ======'player_score'====== Args={'value': 1940, 'prev_value': 1840, 'change': 100, 'player_num': 1}
2020-10-06 15:28:59,912 : EventManager : Event: ======'player_contracts'====== Args={'value': 3, 'prev_value': 2, 'change': 1, 'player_num': 1}
2020-10-06 15:29:02,663 : EventManager : Event: ======'machine_var_audits_switches_s_dt_C'====== Args={'value': 235, 'prev_value': 234, 'change': 1}
2020-10-06 15:29:02,663 : EventManager : Event: ======'player_score'====== Args={'value': 2040, 'prev_value': 1940, 'change': 100, 'player_num': 1}
2020-10-06 15:29:03,591 : EventManager : Event: ======'machine_var_audits_switches_s_dt_U'====== Args={'value': 225, 'prev_value': 224, 'change': 1}
2020-10-06 15:29:03,629 : EventManager : Event: ======'player_score'====== Args={'value': 2140, 'prev_value': 2040, 'change': 100, 'player_num': 1}
2020-10-06 15:29:04,843 : EventManager : Event: ======'machine_var_audits_switches_s_dt_P'====== Args={'value': 210, 'prev_value': 209, 'change': 1}
2020-10-06 15:29:04,944 : EventManager : Event: ======'player_score'====== Args={'value': 2240, 'prev_value': 2140, 'change': 100, 'player_num': 1}
2020-10-06 15:29:04,944 : EventManager : Event: ======'player_contracts'====== Args={'value': 4, 'prev_value': 3, 'change': 1, 'player_num': 1}
2020-10-06 15:33:44,078 : EventManager : Event: ======'machine_var_audits_switches_s_trough1'====== Args={'value': 603, 'prev_value': 602, 'change': 1}
2020-10-06 15:33:44,594 : EventManager : Event: ======'player_contracts'====== Args={'value': 3, 'prev_value': 4, 'change': -1, 'player_num': 1}
2020-10-06 15:33:46,077 : EventManager : Event: ======'player_bonus_bonusCountDown_tick'====== Args={'value': 3, 'prev_value': 0, 'change': 3, 'player_num': 1}
2020-10-06 15:33:46,079 : EventManager : Event: ======'player_contracts'====== Args={'value': 2, 'prev_value': 3, 'change': -1, 'player_num': 1}
2020-10-06 15:33:47,582 : EventManager : Event: ======'player_bonus_bonusCountDown_tick'====== Args={'value': 2, 'prev_value': 3, 'change': -1, 'player_num': 1}
2020-10-06 15:33:47,583 : EventManager : Event: ======'player_contracts'====== Args={'value': 1, 'prev_value': 2, 'change': -1, 'player_num': 1}
2020-10-06 15:33:48,582 : EventManager : Event: ======'slides_clear'====== Args={'context': 'bonus'}
2020-10-06 15:33:48,878 : EventManager : Event: ======'sounds_clear'====== Args={'context': 'base'}
2020-10-06 15:33:48,878 : EventManager : Event: ======'slides_clear'====== Args={'context': 'base'}
2020-10-06 15:33:48,883 : EventManager : Event: ======'slide_base.slide_player-mode_base_started_removed'====== Args={}
2020-10-06 15:33:48,884 : EventManager : Event: ======'widgets_clear'====== Args={'context': 'soulLanes'}
2020-10-06 15:33:48,886 : EventManager : Event: ======'player_ball'====== Args={'value': 2, 'prev_value': 1, 'change': 1, 'player_num': 1}
2020-10-06 15:33:48,887 : EventManager : Event: ======'player_contracts'====== Args={'value': 0, 'prev_value': 1, 'change': -1, 'player_num': 1}
2020-10-06 15:33:48,887 : EventManager : Event: ======'sounds_play'====== Args={'settings': {'poolCupHeadBase': {'loops': -1, 'priority': None, 'action': 'play', 'track': None, 'volume': None, 'pan': None, 'start_at': None, 'fade_in': None, 'fade_out': None, 'about_to_finish_time': -1.0, 'max_queue_time': -1.0, 'events_when_played': ['use_sound_setting'], 'events_when_stopped': ['use_sound_setting'], 'events_when_looping': ['use_sound_setting'], 'events_when_about_to_finish': ['use_sound_setting'], 'mode_end_action': 'use_sound_setting', 'key': 'use_sound_setting'}}, 'context': 'base', 'calling_context': 'mode_base_started', 'priority': 100, 'queue': '<QueuedEvent>', 'player': 1, 'ball': 2, 'balls_remaining': 3, 'is_extra_ball': False}
2020-10-06 15:33:48,887 : EventManager : Event: ======'slides_play'====== Args={'settings': {'widgets': {'widgets': [{'type': 'text', 'text': '(score)', 'number_grouping': True, 'min_digits': 2, 'font_size': 100, '_default_settings': ['type', 'text', 'number_grouping', 'min_digits', 'font_size'], 'x': None, 'y': None, 'anchor_x': 'center', 'anchor_y': 'center', 'round_anchor_x': None, 'round_anchor_y': None, 'opacity': 1.0, 'z': 0, 'reset_animations_events': {}, 'color': [1.0, 1.0, 1.0, 1.0], 'style': [], 'adjust_top': 0, 'adjust_bottom': 0, 'adjust_left': 0, 'adjust_right': 0, 'expire': None, 'key': None, 'widget': None, 'events_when_added': [], 'events_when_removed': [], 'bitmap_font': False, 'font_kerning': True, 'bold': False, 'italic': False, 'halign': 'center', 'valign': 'middle', 'rotation': 0, 'scale': 1.0, 'casing': None, 'animations': None}, {'type': 'text', 'text': 'Player (player)', 'y': '10', 'x': '10', 'font_size': 30, 'anchor_x': 'left', 'anchor_y': 'bottom', '_default_settings': ['type', 'text', 'y', 'x', 'font_size', 'anchor_x', 'anchor_y'], 'round_anchor_x': None, 'round_anchor_y': None, 'opacity': 1.0, 'z': 0, 'reset_animations_events': {}, 'color': [1.0, 1.0, 1.0, 1.0], 'style': [], 'adjust_top': 0, 'adjust_bottom': 0, 'adjust_left': 0, 'adjust_right': 0, 'expire': None, 'key': None, 'widget': None, 'events_when_added': [], 'events_when_removed': [], 'bitmap_font': False, 'font_kerning': True, 'bold': False, 'italic': False, 'number_grouping': False, 'min_digits': 0, 'halign': 'center', 'valign': 'middle', 'rotation': 0, 'scale': 1.0, 'casing': None, 'animations': None}, {'type': 'text', 'text': 'BALL (ball)', 'y': '10', 'x': 'right-10', 'anchor_x': 'right', 'anchor_y': 'bottom', 'font_size': 50, '_default_settings': ['type', 'text', 'y', 'x', 'anchor_x', 'anchor_y', 'font_size'], 'round_anchor_x': None, 'round_anchor_y': None, 'opacity': 1.0, 'z': 0, 'reset_animations_events': {}, 'color': [1.0, 1.0, 1.0, 1.0], 'style': [], 'adjust_top': 0, 'adjust_bottom': 0, 'adjust_left': 0, 'adjust_right': 0, 'expire': None, 'key': None, 'widget': None, 'events_when_added': [], 'events_when_removed': [], 'bitmap_font': False, 'font_kerning': True, 'bold': False, 'italic': False, 'number_grouping': False, 'min_digits': 0, 'halign': 'center', 'valign': 'middle', 'rotation': 0, 'scale': 1.0, 'casing': None, 'animations': None}, {'type': 'text', 'text': 'Contracts (contracts)', 'font_size': 25, 'color': [1.0, 0.0, 0.0, 1], 'y': '60%', '_default_settings': ['type', 'text', 'font_size', 'color', 'y'], 'x': None, 'anchor_x': 'center', 'anchor_y': 'center', 'round_anchor_x': None, 'round_anchor_y': None, 'opacity': 1.0, 'z': 0, 'reset_animations_events': {}, 'style': [], 'adjust_top': 0, 'adjust_bottom': 0, 'adjust_left': 0, 'adjust_right': 0, 'expire': None, 'key': None, 'widget': None, 'events_when_added': [], 'events_when_removed': [], 'bitmap_font': False, 'font_kerning': True, 'bold': False, 'italic': False, 'number_grouping': False, 'min_digits': 0, 'halign': 'center', 'valign': 'middle', 'rotation': 0, 'scale': 1.0, 'casing': None, 'animations': None}], 'target': None, 'background_color': [0.0, 0.0, 0.0, 1.0], 'priority': None, 'show': True, 'force': False, 'expire': None, 'slide': None, 'tokens': {}, 'action': 'play'}}, 'context': 'base', 'calling_context': 'mode_base_started', 'priority': 100, 'queue': '<QueuedEvent>', 'player': 1, 'ball': 2, 'balls_remaining': 3, 'is_extra_ball': False}
2020-10-06 15:33:48,888 : EventManager : Event: ======'player_bonus_multiplier'====== Args={'value': 0, 'prev_value': 1, 'change': -1, 'player_num': 1}
2020-10-06 15:33:48,888 : EventManager : Event: ======'widgets_play'====== Args={'settings': {'soul_lanes_banner': {'priority': 0, 'slide': None, 'action': 'add', 'key': None, 'target': None}}, 'context': 'soulLanes', 'calling_context': 'mode_soulLanes_started', 'priority': 110, 'player': 1, 'ball': 2, 'balls_remaining': 3, 'is_extra_ball': False}
2020-10-06 15:33:48,889 : mpfmc : SlidePlayer: Play called with settings={'widgets': {'widgets': [{'type': 'text', 'text': '(score)', 'number_grouping': True, 'min_digits': 2, 'font_size': 100, '_default_settings': ['type', 'text', 'number_grouping', 'min_digits', 'font_size'], 'x': None, 'y': None, 'anchor_x': 'center', 'anchor_y': 'center', 'round_anchor_x': None, 'round_anchor_y': None, 'opacity': 1.0, 'z': 0, 'reset_animations_events': {}, 'color': [1.0, 1.0, 1.0, 1.0], 'style': [], 'adjust_top': 0, 'adjust_bottom': 0, 'adjust_left': 0, 'adjust_right': 0, 'expire': None, 'key': None, 'widget': None, 'events_when_added': [], 'events_when_removed': [], 'bitmap_font': False, 'font_kerning': True, 'bold': False, 'italic': False, 'halign': 'center', 'valign': 'middle', 'rotation': 0, 'scale': 1.0, 'casing': None, 'animations': None}, {'type': 'text', 'text': 'Player (player)', 'y': '10', 'x': '10', 'font_size': 30, 'anchor_x': 'left', 'anchor_y': 'bottom', '_default_settings': ['type', 'text', 'y', 'x', 'font_size', 'anchor_x', 'anchor_y'], 'round_anchor_x': None, 'round_anchor_y': None, 'opacity': 1.0, 'z': 0, 'reset_animations_events': {}, 'color': [1.0, 1.0, 1.0, 1.0], 'style': [], 'adjust_top': 0, 'adjust_bottom': 0, 'adjust_left': 0, 'adjust_right': 0, 'expire': None, 'key': None, 'widget': None, 'events_when_added': [], 'events_when_removed': [], 'bitmap_font': False, 'font_kerning': True, 'bold': False, 'italic': False, 'number_grouping': False, 'min_digits': 0, 'halign': 'center', 'valign': 'middle', 'rotation': 0, 'scale': 1.0, 'casing': None, 'animations': None}, {'type': 'text', 'text': 'BALL (ball)', 'y': '10', 'x': 'right-10', 'anchor_x': 'right', 'anchor_y': 'bottom', 'font_size': 50, '_default_settings': ['type', 'text', 'y', 'x', 'anchor_x', 'anchor_y', 'font_size'], 'round_anchor_x': None, 'round_anchor_y': None, 'opacity': 1.0, 'z': 0, 'reset_animations_events': {}, 'color': [1.0, 1.0, 1.0, 1.0], 'style': [], 'adjust_top': 0, 'adjust_bottom': 0, 'adjust_left': 0, 'adjust_right': 0, 'expire': None, 'key': None, 'widget': None, 'events_when_added': [], 'events_when_removed': [], 'bitmap_font': False, 'font_kerning': True, 'bold': False, 'italic': False, 'number_grouping': False, 'min_digits': 0, 'halign': 'center', 'valign': 'middle', 'rotation': 0, 'scale': 1.0, 'casing': None, 'animations': None}, {'type': 'text', 'text': 'Contracts (contracts)', 'font_size': 25, 'color': [1.0, 0.0, 0.0, 1], 'y': '60%', '_default_settings': ['type', 'text', 'font_size', 'color', 'y'], 'x': None, 'anchor_x': 'center', 'anchor_y': 'center', 'round_anchor_x': None, 'round_anchor_y': None, 'opacity': 1.0, 'z': 0, 'reset_animations_events': {}, 'style': [], 'adjust_top': 0, 'adjust_bottom': 0, 'adjust_left': 0, 'adjust_right': 0, 'expire': None, 'key': None, 'widget': None, 'events_when_added': [], 'events_when_removed': [], 'bitmap_font': False, 'font_kerning': True, 'bold': False, 'italic': False, 'number_grouping': False, 'min_digits': 0, 'halign': 'center', 'valign': 'middle', 'rotation': 0, 'scale': 1.0, 'casing': None, 'animations': None}], 'target': None, 'background_color': [0.0, 0.0, 0.0, 1.0], 'priority': None, 'show': True, 'force': False, 'expire': None, 'slide': None, 'tokens': {}, 'action': 'play'}}
2020-10-06 15:33:48,967 : EventManager : Event: ======'slide_base.slide_player-mode_base_started_created'====== Args={}
2020-10-06 15:33:48,980 : EventManager : Event: ======'slide_base.slide_player-mode_base_started_active'====== Args={}
2020-10-06 15:33:49,003 : EventManager : Event: ======'machine_var_audits_switches_s_plunger'====== Args={'value': 689, 'prev_value': 688, 'change': 1}
2020-10-06 15:34:03,419 : kivy : Base: Leaving application in progress...
2020-10-06 15:34:03,716 : kivy : WindowSDL: exiting mainloop and closing.
2020-10-06 15:34:03,748 : mpfmc : Stopping...
2020-10-06 15:34:03,748 : EventManager : Event: ======'shutdown'====== Args={}
2020-10-06 15:34:03,748 : mpfmc : Loop rate 78.02 Hz
2020-10-06 15:34:03,748 : kivy : MC run loop ended.
2020-10-06 15:34:03,748 : kivy : Stopping child threads... (3 remaining)
2020-10-06 15:34:04,421 : mpfmc : Stopping...
2020-10-06 15:34:04,421 : EventManager : Event: ======'shutdown'====== Args={}
2020-10-06 15:34:04,421 : mpfmc : Loop rate 77.87 Hz
2020-10-06 15:34:04,452 : MPF-MC BCP Server : Stopping BCP sending thread
2020-10-06 15:34:04,733 : kivy : All child threads stopped.
