2020-10-04 08:42:57,843 : INFO : root : Loading config.
2020-10-04 08:42:57,859 : INFO : YamlMultifileConfigLoader : Machine config file #1: config.yaml
2020-10-04 08:42:57,859 : INFO : ConfigProcessor : Loading config from cache: C:\Users\themi\AppData\Local\Temp\1a0afbd38efada64622f7c1a19dba099.mpf_cache
2020-10-04 08:42:58,062 : INFO : ConfigProcessor : Loading config from cache: C:\Users\themi\AppData\Local\Temp\7964e52b22911e9b68a8022172b185f3.mpf_cache
2020-10-04 08:42:58,062 : INFO : ConfigProcessor : Loading config from cache: C:\Users\themi\AppData\Local\Temp\4fcecb70f81c3c2fefb8e65ae9a0af5f.mpf_cache
2020-10-04 08:42:58,062 : INFO : ConfigProcessor : Loading config from cache: C:\Users\themi\AppData\Local\Temp\b2a05f27b99f0404929b6678617f21a2.mpf_cache
2020-10-04 08:42:58,062 : WARNING : ConfigProcessor : Config file in cache changed: c:\Pinball\Cuphead\modes\soulLanes\config\soulLanes.yaml
2020-10-04 08:42:58,062 : INFO : ConfigProcessor : Loading config from file c:\Pinball\Cuphead\modes\soulLanes\config\soulLanes.yaml.
2020-10-04 08:42:58,109 : INFO : ConfigProcessor : Loading config: c:\Pinball\Cuphead\modes\soulLanes\config\soulLanes.yaml
2020-10-04 08:42:58,109 : INFO : ConfigProcessor : Config file cache created: C:\Users\themi\AppData\Local\Temp\ee661b7bde9ac1aee26ef2e16bd36711.mpf_cache
2020-10-04 08:42:58,109 : INFO : ConfigProcessor : Loading config from cache: C:\Users\themi\AppData\Local\Temp\8b23b77e47e0aafb5c2cd6855492fe09.mpf_cache
2020-10-04 08:42:58,109 : INFO : ConfigProcessor : Loading config from cache: C:\Users\themi\AppData\Local\Temp\8d4786f117f290f34c6b54fd8b6fe8fe.mpf_cache
2020-10-04 08:42:58,109 : INFO : ConfigProcessor : Loading config from cache: C:\Users\themi\AppData\Local\Temp\d1f28e307667fe64a15b0a7332832e8a.mpf_cache
2020-10-04 08:42:58,109 : INFO : ConfigProcessor : Loading config from cache: C:\Users\themi\AppData\Local\Temp\4b1cd1ab6685d1ad48e4e22b92633748.mpf_cache
2020-10-04 08:42:58,109 : INFO : ConfigProcessor : Loading config from cache: C:\Users\themi\AppData\Local\Temp\0e5b9342958db12ded482c5bdee94a50.mpf_cache
2020-10-04 08:42:58,109 : INFO : ConfigProcessor : Loading config from cache: C:\Users\themi\AppData\Local\Temp\fa3b9c24e757a86afd7ebd54e8356a2f.mpf_cache
2020-10-04 08:42:58,124 : INFO : ConfigProcessor : Loading config from cache: C:\Users\themi\AppData\Local\Temp\4f17c1b7053da1ee6acf2b568ebeb609.mpf_cache
2020-10-04 08:42:58,124 : INFO : ConfigProcessor : Loading config from cache: C:\Users\themi\AppData\Local\Temp\ccd4282a3141e0878d86657c78349f12.mpf_cache
2020-10-04 08:42:58,124 : INFO : ConfigProcessor : Loading config from cache: C:\Users\themi\AppData\Local\Temp\17729cd0303cfaced1d4181f3ca2421f.mpf_cache
2020-10-04 08:42:58,124 : INFO : ConfigProcessor : Loading config from cache: C:\Users\themi\AppData\Local\Temp\47ffaea90c47406003f6ea8ebe74989d.mpf_cache
2020-10-04 08:42:58,124 : INFO : ConfigProcessor : Loading config from cache: C:\Users\themi\AppData\Local\Temp\6f6af101da615a72df8eebfca5188fca.mpf_cache
2020-10-04 08:42:58,124 : INFO : ConfigProcessor : Loading config from cache: C:\Users\themi\AppData\Local\Temp\3889d554abdf669f0bcb59dfdb43163f.mpf_cache
2020-10-04 08:42:58,124 : INFO : ConfigProcessor : Loading config from cache: C:\Users\themi\AppData\Local\Temp\dca7679fbf96e787efc0ee793457f019.mpf_cache
2020-10-04 08:42:58,124 : INFO : ConfigProcessor : Loading config from cache: C:\Users\themi\AppData\Local\Temp\773981adc2a393ce4661c342531a13c1.mpf_cache
2020-10-04 08:42:58,124 : INFO : ConfigProcessor : Loading config from cache: C:\Users\themi\AppData\Local\Temp\0e7ad57880df273f086bfe63563440af.mpf_cache
2020-10-04 08:42:58,124 : INFO : ConfigProcessor : Loading config from cache: C:\Users\themi\AppData\Local\Temp\14255cf3b2f3681937087b07de526758.mpf_cache
2020-10-04 08:42:58,124 : INFO : ConfigProcessor : Loading config from cache: C:\Users\themi\AppData\Local\Temp\01c6bf43074c3a497e337500f6bac20b.mpf_cache
2020-10-04 08:42:58,124 : INFO : ConfigProcessor : Loading config from cache: C:\Users\themi\AppData\Local\Temp\7eeffc9c6f8d1e96b5a9cad923ac520c.mpf_cache
2020-10-04 08:42:58,124 : INFO : Machine : Mission Pinball Framework Core Engine v0.54.0-dev.72
2020-10-04 08:42:58,124 : INFO : Machine : Command line arguments: {'no_load_cache': False, 'create_config_cache': True, 'bcp': True, 'configfile': ['config.yaml'], 'force_assets_load': False, 'jsonlogging': False, 'logfile': 'logs\\2020-10-04-08-42-57-mpf-LAPTOP-C39PEUFD.log', 'pause': False, 'production': False, 'text_ui': True, 'loglevel': 15, 'consoleloglevel': 20, 'force_platform': 'smart_virtual', 'syslog_address': None, 'mc_file_name': None, 'no_sound': False}
2020-10-04 08:42:58,124 : INFO : Machine : MPF path: c:\users\themi\appdata\local\programs\python\python36\lib\site-packages\mpf
2020-10-04 08:42:58,124 : INFO : Machine : Machine path: c:\Pinball\Cuphead
2020-10-04 08:42:58,124 : INFO : Machine : Platform: win32
2020-10-04 08:42:58,124 : INFO : Machine : Python executable location: c:\users\themi\appdata\local\programs\python\python36\python.exe
2020-10-04 08:42:58,124 : INFO : Machine : Python version: 3.6.4 (64-bit)
2020-10-04 08:42:58,140 : INFO : Machine : Initialise MPF.
2020-10-04 08:42:58,655 : INFO : EventManager : Event: ======'machine_var_credits_string'====== Args={'value': 'FREE PLAY', 'prev_value': None, 'change': True}
2020-10-04 08:42:58,780 : INFO : EventManager : Event: ======'machine_var_player1_score'====== Args={'value': 8110, 'prev_value': None, 'change': True}
2020-10-04 08:42:58,780 : INFO : EventManager : Event: ======'machine_var_mpf_version'====== Args={'value': 'MPF v0.54.0-dev.72', 'prev_value': None, 'change': True}
2020-10-04 08:42:58,780 : INFO : EventManager : Event: ======'machine_var_mpf_extended_version'====== Args={'value': 'MPF v0.54.0-dev.72, Config version:5, Show version: 5, BCP version:1.1', 'prev_value': None, 'change': True}
2020-10-04 08:42:58,780 : INFO : EventManager : Event: ======'machine_var_python_version'====== Args={'value': '3.6.4', 'prev_value': None, 'change': True}
2020-10-04 08:42:58,780 : INFO : EventManager : Event: ======'machine_var_platform'====== Args={'value': 'Windows-10-10.0.18362-SP0', 'prev_value': None, 'change': True}
2020-10-04 08:42:58,780 : INFO : EventManager : Event: ======'machine_var_platform_system'====== Args={'value': 'Windows', 'prev_value': None, 'change': True}
2020-10-04 08:42:58,780 : INFO : EventManager : Event: ======'machine_var_platform_release'====== Args={'value': '10', 'prev_value': None, 'change': True}
2020-10-04 08:42:58,780 : INFO : EventManager : Event: ======'machine_var_platform_version'====== Args={'value': '10.0.18362', 'prev_value': None, 'change': True}
2020-10-04 08:42:58,780 : INFO : EventManager : Event: ======'machine_var_platform_machine'====== Args={'value': 'AMD64', 'prev_value': None, 'change': True}
2020-10-04 08:42:58,780 : INFO : EventManager : Event: ======'init_phase_1'====== Args={}
2020-10-04 08:42:58,952 : INFO : EventManager : Event: ======'drop_target_bank_cup_bank_up'====== Args={}
2020-10-04 08:42:58,952 : INFO : EventManager : Event: ======'drop_target_bank_mug_bank_up'====== Args={}
2020-10-04 08:42:58,952 : INFO : EventManager : Event: ======'init_phase_2'====== Args={}
2020-10-04 08:42:58,952 : INFO : SwitchController : Found active switch: ('2', <Platform.SmartVirtual>)
2020-10-04 08:42:58,952 : INFO : SwitchController : Found active switch: ('3', <Platform.SmartVirtual>)
2020-10-04 08:42:58,998 : INFO : EventManager : Event: ======'bcp_connection_attempt'====== Args={'name': 'local_display', 'host': 'localhost', 'port': 5050}
2020-10-04 08:42:58,998 : INFO : BCPClientSocket : Connecting BCP to 'local_display' at localhost:5050...
2020-10-04 08:43:10,788 : INFO : BCPClientSocket : Connected BCP to 'local_display' localhost:5050
2020-10-04 08:43:10,789 : INFO : EventManager : Event: ======'bcp_clients_connected'====== Args={}
2020-10-04 08:43:10,807 : INFO : EventManager : Event: ======'machine_var_mc_version'====== Args={'value': 'MPF-MC v0.54.0-dev.20', 'prev_value': None, 'change': True}
2020-10-04 08:43:10,808 : INFO : EventManager : Event: ======'machine_var_mc_extended_version'====== Args={'value': 'MPF-MC v0.54.0-dev.20 (config_version=5, BCP v1.1, Requires MPF v0.54.0-dev.68)', 'prev_value': None, 'change': True}
2020-10-04 08:43:10,812 : INFO : EventManager : Event: ======'machine_var_master_volume'====== Args={'value': 0.5, 'prev_value': None, 'change': True}
2020-10-04 08:43:10,813 : INFO : ball_device.bd_trough : State: idle
2020-10-04 08:43:10,844 : INFO : ball_device.bd_plunger : State: idle
2020-10-04 08:43:10,882 : INFO : EventManager : Event: ======'init_phase_3'====== Args={}
2020-10-04 08:43:10,894 : INFO : EventManager : Event: ======'init_phase_4'====== Args={}
2020-10-04 08:43:10,897 : INFO : EventManager : Event: ======'machine_var_audits_events_game_ended'====== Args={'value': 21, 'prev_value': None, 'change': True}
2020-10-04 08:43:10,898 : INFO : EventManager : Event: ======'machine_var_audits_events_game_started'====== Args={'value': 40, 'prev_value': None, 'change': True}
2020-10-04 08:43:10,899 : INFO : EventManager : Event: ======'machine_var_audits_player_score'====== Args={'value': {'average': 530.4761904761905, 'top': [2970, 1300, 1220, 980, 880, 780, 720, 710, 630, 590], 'total': 21}, 'prev_value': None, 'change': True}
2020-10-04 08:43:10,899 : INFO : EventManager : Event: ======'machine_var_audits_shots_soul_L'====== Args={'value': 121, 'prev_value': None, 'change': True}
2020-10-04 08:43:10,900 : INFO : EventManager : Event: ======'machine_var_audits_shots_soul_O'====== Args={'value': 127, 'prev_value': None, 'change': True}
2020-10-04 08:43:10,901 : INFO : EventManager : Event: ======'machine_var_audits_shots_soul_S'====== Args={'value': 148, 'prev_value': None, 'change': True}
2020-10-04 08:43:10,901 : INFO : EventManager : Event: ======'machine_var_audits_shots_soul_U'====== Args={'value': 124, 'prev_value': None, 'change': True}
2020-10-04 08:43:10,902 : INFO : EventManager : Event: ======'machine_var_audits_switches_s_coin'====== Args={'value': 20, 'prev_value': None, 'change': True}
2020-10-04 08:43:10,903 : INFO : EventManager : Event: ======'machine_var_audits_switches_s_dash_L'====== Args={'value': 0, 'prev_value': None, 'change': True}
2020-10-04 08:43:10,903 : INFO : EventManager : Event: ======'machine_var_audits_switches_s_dash_R'====== Args={'value': 0, 'prev_value': None, 'change': True}
2020-10-04 08:43:10,904 : INFO : EventManager : Event: ======'machine_var_audits_switches_s_dtSling_L'====== Args={'value': 0, 'prev_value': None, 'change': True}
2020-10-04 08:43:10,905 : INFO : EventManager : Event: ======'machine_var_audits_switches_s_dtSling_R'====== Args={'value': 0, 'prev_value': None, 'change': True}
2020-10-04 08:43:10,906 : INFO : EventManager : Event: ======'machine_var_audits_switches_s_dt_C'====== Args={'value': 72, 'prev_value': None, 'change': True}
2020-10-04 08:43:10,906 : INFO : EventManager : Event: ======'machine_var_audits_switches_s_dt_G'====== Args={'value': 21, 'prev_value': None, 'change': True}
2020-10-04 08:43:10,907 : INFO : EventManager : Event: ======'machine_var_audits_switches_s_dt_M'====== Args={'value': 19, 'prev_value': None, 'change': True}
2020-10-04 08:43:10,908 : INFO : EventManager : Event: ======'machine_var_audits_switches_s_dt_P'====== Args={'value': 55, 'prev_value': None, 'change': True}
2020-10-04 08:43:10,909 : INFO : EventManager : Event: ======'machine_var_audits_switches_s_dt_U'====== Args={'value': 63, 'prev_value': None, 'change': True}
2020-10-04 08:43:10,910 : INFO : EventManager : Event: ======'machine_var_audits_switches_s_dt_U2'====== Args={'value': 19, 'prev_value': None, 'change': True}
2020-10-04 08:43:10,911 : INFO : EventManager : Event: ======'machine_var_audits_switches_s_exit_shooter_lane'====== Args={'value': 356, 'prev_value': None, 'change': True}
2020-10-04 08:43:10,911 : INFO : EventManager : Event: ======'machine_var_audits_switches_s_inLane_L'====== Args={'value': 0, 'prev_value': None, 'change': True}
2020-10-04 08:43:10,912 : INFO : EventManager : Event: ======'machine_var_audits_switches_s_inLane_R'====== Args={'value': 0, 'prev_value': None, 'change': True}
2020-10-04 08:43:10,913 : INFO : EventManager : Event: ======'machine_var_audits_switches_s_kicker'====== Args={'value': 0, 'prev_value': None, 'change': True}
2020-10-04 08:43:10,914 : INFO : EventManager : Event: ======'machine_var_audits_switches_s_left_flipper'====== Args={'value': 151, 'prev_value': None, 'change': True}
2020-10-04 08:43:10,915 : INFO : EventManager : Event: ======'machine_var_audits_switches_s_midRight'====== Args={'value': 0, 'prev_value': None, 'change': True}
2020-10-04 08:43:10,916 : INFO : EventManager : Event: ======'machine_var_audits_switches_s_outLane_L'====== Args={'value': 0, 'prev_value': None, 'change': True}
2020-10-04 08:43:10,918 : INFO : EventManager : Event: ======'machine_var_audits_switches_s_outLane_R'====== Args={'value': 0, 'prev_value': None, 'change': True}
2020-10-04 08:43:10,918 : INFO : EventManager : Event: ======'machine_var_audits_switches_s_perdition'====== Args={'value': 0, 'prev_value': None, 'change': True}
2020-10-04 08:43:10,920 : INFO : EventManager : Event: ======'machine_var_audits_switches_s_playfield'====== Args={'value': 0, 'prev_value': None, 'change': True}
2020-10-04 08:43:10,921 : INFO : EventManager : Event: ======'machine_var_audits_switches_s_plunger'====== Args={'value': 546, 'prev_value': None, 'change': True}
2020-10-04 08:43:10,922 : INFO : EventManager : Event: ======'machine_var_audits_switches_s_popBumper_1'====== Args={'value': 464, 'prev_value': None, 'change': True}
2020-10-04 08:43:10,923 : INFO : EventManager : Event: ======'machine_var_audits_switches_s_popBumper_2'====== Args={'value': 439, 'prev_value': None, 'change': True}
2020-10-04 08:43:10,924 : INFO : EventManager : Event: ======'machine_var_audits_switches_s_popBumper_3'====== Args={'value': 163, 'prev_value': None, 'change': True}
2020-10-04 08:43:10,924 : INFO : EventManager : Event: ======'machine_var_audits_switches_s_pop_bumper1'====== Args={'value': 120, 'prev_value': None, 'change': True}
2020-10-04 08:43:10,926 : INFO : EventManager : Event: ======'machine_var_audits_switches_s_pop_bumper2'====== Args={'value': 153, 'prev_value': None, 'change': True}
2020-10-04 08:43:10,926 : INFO : EventManager : Event: ======'machine_var_audits_switches_s_pop_bumper3'====== Args={'value': 100, 'prev_value': None, 'change': True}
2020-10-04 08:43:10,927 : INFO : EventManager : Event: ======'machine_var_audits_switches_s_right_flipper'====== Args={'value': 216, 'prev_value': None, 'change': True}
2020-10-04 08:43:10,928 : INFO : EventManager : Event: ======'machine_var_audits_switches_s_sling_L'====== Args={'value': 0, 'prev_value': None, 'change': True}
2020-10-04 08:43:10,929 : INFO : EventManager : Event: ======'machine_var_audits_switches_s_sling_R'====== Args={'value': 0, 'prev_value': None, 'change': True}
2020-10-04 08:43:10,931 : INFO : EventManager : Event: ======'machine_var_audits_switches_s_soul_L'====== Args={'value': 122, 'prev_value': None, 'change': True}
2020-10-04 08:43:10,932 : INFO : EventManager : Event: ======'machine_var_audits_switches_s_soul_O'====== Args={'value': 132, 'prev_value': None, 'change': True}
2020-10-04 08:43:10,933 : INFO : EventManager : Event: ======'machine_var_audits_switches_s_soul_S'====== Args={'value': 148, 'prev_value': None, 'change': True}
2020-10-04 08:43:10,934 : INFO : EventManager : Event: ======'machine_var_audits_switches_s_soul_U'====== Args={'value': 124, 'prev_value': None, 'change': True}
2020-10-04 08:43:10,935 : INFO : EventManager : Event: ======'machine_var_audits_switches_s_standUp_1'====== Args={'value': 0, 'prev_value': None, 'change': True}
2020-10-04 08:43:10,935 : INFO : EventManager : Event: ======'machine_var_audits_switches_s_standUp_2'====== Args={'value': 0, 'prev_value': None, 'change': True}
2020-10-04 08:43:10,936 : INFO : EventManager : Event: ======'machine_var_audits_switches_s_standUp_3'====== Args={'value': 0, 'prev_value': None, 'change': True}
2020-10-04 08:43:10,937 : INFO : EventManager : Event: ======'machine_var_audits_switches_s_standUp_R'====== Args={'value': 0, 'prev_value': None, 'change': True}
2020-10-04 08:43:10,939 : INFO : EventManager : Event: ======'machine_var_audits_switches_s_star_1'====== Args={'value': 0, 'prev_value': None, 'change': True}
2020-10-04 08:43:10,939 : INFO : EventManager : Event: ======'machine_var_audits_switches_s_star_2'====== Args={'value': 0, 'prev_value': None, 'change': True}
2020-10-04 08:43:10,940 : INFO : EventManager : Event: ======'machine_var_audits_switches_s_star_3'====== Args={'value': 0, 'prev_value': None, 'change': True}
2020-10-04 08:43:10,943 : INFO : EventManager : Event: ======'machine_var_audits_switches_s_start'====== Args={'value': 68, 'prev_value': None, 'change': True}
2020-10-04 08:43:10,944 : INFO : EventManager : Event: ======'machine_var_audits_switches_s_tilt'====== Args={'value': 0, 'prev_value': None, 'change': True}
2020-10-04 08:43:10,945 : INFO : EventManager : Event: ======'machine_var_audits_switches_s_trough1'====== Args={'value': 508, 'prev_value': None, 'change': True}
2020-10-04 08:43:10,946 : INFO : EventManager : Event: ======'machine_var_audits_switches_s_trough2'====== Args={'value': 72, 'prev_value': None, 'change': True}
2020-10-04 08:43:10,946 : INFO : EventManager : Event: ======'machine_var_audits_switches_s_trough_jam'====== Args={'value': 13, 'prev_value': None, 'change': True}
2020-10-04 08:43:10,948 : INFO : EventManager : Event: ======'init_phase_5'====== Args={}
2020-10-04 08:43:10,979 : INFO : EventManager : Event: ======'init_done'====== Args={}
2020-10-04 08:43:10,980 : INFO : BcpServer : New client connected.
2020-10-04 08:43:10,980 : INFO : EventManager : Event: ======'machine_reset_phase_1'====== Args={}
2020-10-04 08:43:11,015 : INFO : EventManager : Event: ======'slide_welcome_slide_removed'====== Args={'_from_bcp': True}
2020-10-04 08:43:11,016 : INFO : EventManager : Event: ======'slide_welcome_slide_created'====== Args={'_from_bcp': True}
2020-10-04 08:43:11,018 : INFO : EventManager : Event: ======'slide_welcome_slide_active'====== Args={'_from_bcp': True}
2020-10-04 08:43:11,029 : INFO : EventManager : Event: ======'machine_reset_phase_2'====== Args={}
2020-10-04 08:43:11,030 : INFO : EventManager : Event: ======'machine_reset_phase_3'====== Args={}
2020-10-04 08:43:11,031 : INFO : drop_target_bank.cup_bank : All targets are already up. Will not reset bank.
2020-10-04 08:43:11,031 : INFO : drop_target_bank.mug_bank : All targets are already up. Will not reset bank.
2020-10-04 08:43:11,031 : INFO : EventManager : Event: ======'reset_complete'====== Args={}
2020-10-04 08:43:11,032 : INFO : EventManager : Event: ======'mode_attract_will_start'====== Args={}
2020-10-04 08:43:11,034 : INFO : EventManager : Event: ======'mode_attract_starting'====== Args={}
2020-10-04 08:43:11,034 : INFO : Mode.attract : Started. Priority: 10
2020-10-04 08:43:11,035 : INFO : EventManager : Event: ======'modes_active_modes_changed'====== Args={}
2020-10-04 08:43:11,035 : INFO : EventManager : Event: ======'mode_attract_started'====== Args={}
2020-10-04 08:43:11,044 : INFO : EventManager : Event: ======'collecting_balls_complete'====== Args={}
2020-10-04 08:43:11,119 : INFO : EventManager : Event: ======'slide_awesome_slide_created'====== Args={'_from_bcp': True}
2020-10-04 08:43:11,119 : INFO : EventManager : Event: ======'slide_awesome_slide_active'====== Args={'_from_bcp': True}
2020-10-04 08:43:11,120 : INFO : Machine : Starting the main run loop.
2020-10-04 08:43:12,388 : INFO : SwitchController : <<<<<<< 's_start' active >>>>>>>
2020-10-04 08:43:12,560 : INFO : SwitchController : <<<<<<< 's_start' inactive >>>>>>>
2020-10-04 08:43:12,560 : INFO : EventManager : Event: ======'request_to_start_game'====== Args={}
2020-10-04 08:43:12,562 : INFO : EventManager : Event: ======'game_start'====== Args={'buttons': [], 'hold_time': 0.17099999997299165}
2020-10-04 08:43:12,563 : INFO : EventManager : Event: ======'mode_game_will_start'====== Args={'buttons': [], 'hold_time': 0.17099999997299165}
2020-10-04 08:43:12,564 : INFO : EventManager : Event: ======'mode_game_starting'====== Args={'buttons': [], 'hold_time': 0.17099999997299165}
2020-10-04 08:43:12,564 : INFO : EventManager : Event: ======'mode_attract_will_stop'====== Args={}
2020-10-04 08:43:12,565 : INFO : EventManager : Event: ======'mode_attract_stopping'====== Args={}
2020-10-04 08:43:12,566 : INFO : Mode.attract : Stopped.
2020-10-04 08:43:12,566 : INFO : EventManager : Event: ======'modes_active_modes_changed'====== Args={}
2020-10-04 08:43:12,568 : INFO : EventManager : Event: ======'mode_attract_stopped'====== Args={}
2020-10-04 08:43:12,569 : INFO : EventManager : Event: ======'clear'====== Args={'key': 'attract'}
2020-10-04 08:43:12,570 : INFO : Mode.game : Started. Priority: 20
2020-10-04 08:43:12,570 : INFO : EventManager : Event: ======'modes_active_modes_changed'====== Args={}
2020-10-04 08:43:12,571 : INFO : EventManager : Event: ======'mode_game_started'====== Args={'buttons': [], 'hold_time': 0.17099999997299165}
2020-10-04 08:43:12,602 : INFO : EventManager : Event: ======'game_will_start'====== Args={}
2020-10-04 08:43:12,603 : INFO : EventManager : Event: ======'slide_awesome_slide_removed'====== Args={'_from_bcp': True}
2020-10-04 08:43:12,604 : INFO : EventManager : Event: ======'slide_welcome_slide_active'====== Args={'_from_bcp': True}
2020-10-04 08:43:12,619 : INFO : EventManager : Event: ======'game_starting'====== Args={'game': <Mode.game>}
2020-10-04 08:43:12,620 : INFO : EventManager : Event: ======'player_add_request'====== Args={}
2020-10-04 08:43:12,621 : INFO : EventManager : Event: ======'player_will_add'====== Args={'number': 1}
2020-10-04 08:43:12,622 : INFO : EventManager : Event: ======'player_adding'====== Args={'player': <Player 1>, 'number': 1}
2020-10-04 08:43:12,622 : INFO : EventManager : Event: ======'player_added'====== Args={'player': <Player 1>, 'num': 1}
2020-10-04 08:43:12,623 : INFO : Mode.game : Player added successfully. Total players: 1
2020-10-04 08:43:12,624 : INFO : EventManager : Event: ======'player_index'====== Args={'value': 0, 'prev_value': 0, 'change': 0, 'player_num': 1}
2020-10-04 08:43:12,626 : INFO : EventManager : Event: ======'player_number'====== Args={'value': 1, 'prev_value': 1, 'change': 0, 'player_num': 1}
2020-10-04 08:43:12,626 : INFO : EventManager : Event: ======'player_bonus_multiplier'====== Args={'value': 1, 'prev_value': 1, 'change': 0, 'player_num': 1}
2020-10-04 08:43:12,628 : INFO : EventManager : Event: ======'player_score'====== Args={'value': 0, 'prev_value': 0, 'change': 0, 'player_num': 1}
2020-10-04 08:43:12,629 : INFO : EventManager : Event: ======'game_started'====== Args={}
2020-10-04 08:43:12,656 : INFO : EventManager : Event: ======'player_turn_will_start'====== Args={'player': <Player 1>, 'number': 1}
2020-10-04 08:43:12,660 : INFO : EventManager : Event: ======'player_turn_starting'====== Args={'player': <Player 1>, 'number': 1}
2020-10-04 08:43:12,661 : INFO : EventManager : Event: ======'player_ball'====== Args={'value': 1, 'prev_value': 0, 'change': 1, 'player_num': 1}
2020-10-04 08:43:12,663 : INFO : EventManager : Event: ======'player_turn_started'====== Args={'player': <Player 1>, 'number': 1}
2020-10-04 08:43:12,665 : INFO : EventManager : Event: ======'ball_will_start'====== Args={'player': 1, 'ball': 1, 'balls_remaining': 4, 'is_extra_ball': False}
2020-10-04 08:43:12,689 : INFO : EventManager : Event: ======'ball_starting'====== Args={'player': 1, 'ball': 1, 'balls_remaining': 4, 'is_extra_ball': False}
2020-10-04 08:43:12,690 : INFO : EventManager : Event: ======'mode_base_will_start'====== Args={'queue': <QueuedEvent>, 'player': 1, 'ball': 1, 'balls_remaining': 4, 'is_extra_ball': False}
2020-10-04 08:43:12,695 : INFO : EventManager : Event: ======'mode_base_starting'====== Args={'queue': <QueuedEvent>, 'player': 1, 'ball': 1, 'balls_remaining': 4, 'is_extra_ball': False}
2020-10-04 08:43:12,696 : INFO : drop_target_bank.cup_bank : All targets are already up. Will not reset bank.
2020-10-04 08:43:12,697 : INFO : drop_target_bank.mug_bank : All targets are already up. Will not reset bank.
2020-10-04 08:43:12,697 : INFO : EventManager : Event: ======'balls_in_play'====== Args={'balls': 1}
2020-10-04 08:43:12,698 : INFO : EventManager : Event: ======'ball_started'====== Args={'player': 1, 'ball': 1, 'balls_remaining': 4, 'is_extra_ball': False}
2020-10-04 08:43:12,700 : INFO : EventManager : Event: ======'logicblock_bonus_updated'====== Args={'value': 0, 'enabled': True}
2020-10-04 08:43:12,701 : INFO : EventManager : Event: ======'logicblock_bonus_updated'====== Args={'value': 0, 'enabled': True}
2020-10-04 08:43:12,701 : INFO : Mode.base : Started. Priority: 100
2020-10-04 08:43:12,701 : INFO : EventManager : Event: ======'modes_active_modes_changed'====== Args={}
2020-10-04 08:43:12,703 : INFO : EventManager : Event: ======'mode_base_started'====== Args={'queue': <QueuedEvent>, 'player': 1, 'ball': 1, 'balls_remaining': 4, 'is_extra_ball': False}
2020-10-04 08:43:12,705 : INFO : EventManager : Event: ======'mode_soulLanes_will_start'====== Args={'player': 1, 'ball': 1, 'balls_remaining': 4, 'is_extra_ball': False}
2020-10-04 08:43:12,706 : INFO : EventManager : Event: ======'player_shot_soul_S_enabled'====== Args={'value': True, 'prev_value': 0, 'change': 1, 'player_num': 1}
2020-10-04 08:43:12,711 : INFO : EventManager : Event: ======'player_shot_soul_O_enabled'====== Args={'value': True, 'prev_value': 0, 'change': 1, 'player_num': 1}
2020-10-04 08:43:12,713 : INFO : EventManager : Event: ======'player_shot_soul_U_enabled'====== Args={'value': True, 'prev_value': 0, 'change': 1, 'player_num': 1}
2020-10-04 08:43:12,716 : INFO : EventManager : Event: ======'player_shot_soul_L_enabled'====== Args={'value': True, 'prev_value': 0, 'change': 1, 'player_num': 1}
2020-10-04 08:43:12,719 : INFO : EventManager : Event: ======'soul_lanes_complete'====== Args={'state': 'unlit'}
2020-10-04 08:43:12,720 : INFO : EventManager : Event: ======'soul_lanes_unlit_complete'====== Args={}
2020-10-04 08:43:12,728 : INFO : EventManager : Event: ======'mode_soulLanes_starting'====== Args={'player': 1, 'ball': 1, 'balls_remaining': 4, 'is_extra_ball': False}
2020-10-04 08:43:12,739 : INFO : EventManager : Event: ======'logicblock_soul_complete_count_updated'====== Args={'value': 1, 'enabled': True}
2020-10-04 08:43:12,740 : INFO : EventManager : Event: ======'logicblock_soul_complete_count_updated'====== Args={'value': 1, 'enabled': True}
2020-10-04 08:43:12,742 : INFO : Mode.soulLanes : Started. Priority: 110
2020-10-04 08:43:12,742 : INFO : EventManager : Event: ======'modes_active_modes_changed'====== Args={}
2020-10-04 08:43:12,743 : INFO : EventManager : Event: ======'mode_soulLanes_started'====== Args={'player': 1, 'ball': 1, 'balls_remaining': 4, 'is_extra_ball': False}
2020-10-04 08:43:12,744 : INFO : EventManager : Event: ======'single_player_ball_started'====== Args={}
2020-10-04 08:43:12,840 : INFO : ball_device.bd_plunger : Setting up player-controlled eject. Balls: 1, Target: <playfield.playfield>, player_controlled_eject_event: None
2020-10-04 08:43:12,843 : INFO : EventManager : Event: ======'balldevice_balls_available'====== Args={}
2020-10-04 08:43:12,910 : INFO : EventManager : Event: ======'slide_base.slide_player-mode_base_started_created'====== Args={'_from_bcp': True}
2020-10-04 08:43:12,911 : INFO : EventManager : Event: ======'slide_base.slide_player-mode_base_started_active'====== Args={'_from_bcp': True}
2020-10-04 08:43:12,912 : INFO : ball_device.bd_trough : State: waiting_for_target_ready
2020-10-04 08:43:12,913 : INFO : EventManager : Event: ======'balldevice_bd_trough_ball_eject_attempt'====== Args={'balls': 1, 'target': <ball_device.bd_plunger>, 'source': <ball_device.bd_trough>, 'mechanical_eject': True, 'num_attempts': 0}
2020-10-04 08:43:12,914 : INFO : ball_device.bd_plunger : State: waiting_for_ball
2020-10-04 08:43:12,915 : INFO : ball_device.bd_trough : State: ejecting
2020-10-04 08:43:12,916 : INFO : ball_device.bd_trough : Ejecting ball to <ball_device.bd_plunger>
2020-10-04 08:43:12,916 : INFO : EventManager : Event: ======'balldevice_bd_trough_ejecting_ball'====== Args={'balls': 1, 'target': <ball_device.bd_plunger>, 'source': <ball_device.bd_trough>, 'mechanical_eject': True, 'num_attempts': 0}
2020-10-04 08:43:12,920 : INFO : ball_device.bd_trough : Wait for ball to leave device
2020-10-04 08:43:12,920 : INFO : coil.c_trough_eject : Pulsing Driver for 20ms (1.0 pulse_power)
2020-10-04 08:43:12,921 : INFO : SwitchController : <<<<<<< 's_trough1' inactive >>>>>>>
2020-10-04 08:43:12,945 : INFO : ball_device.bd_trough : State: ball_left
2020-10-04 08:43:12,945 : INFO : ball_device.bd_trough : Ball left
2020-10-04 08:43:12,946 : INFO : ball_device.bd_trough : Wait for confirm with timeout 10.0
2020-10-04 08:43:13,030 : INFO : SwitchController : <<<<<<< 's_plunger' active >>>>>>>
2020-10-04 08:43:13,031 : INFO : EventManager : Event: ======'machine_var_audits_switches_s_plunger'====== Args={'value': 547, 'prev_value': 546, 'change': 1}
2020-10-04 08:43:13,543 : INFO : ball_device.bd_plunger : Received ball from <ball_device.bd_trough>
2020-10-04 08:43:13,543 : INFO : EventManager : Event: ======'balldevice_bd_plunger_ball_enter'====== Args={'new_balls': 1, 'unclaimed_balls': 0, 'new_available_balls': 0, 'device': <ball_device.bd_plunger>}
2020-10-04 08:43:13,545 : INFO : EventManager : Event: ======'balldevice_bd_plunger_ball_entered'====== Args={'new_balls': 0, 'device': <ball_device.bd_plunger>}
2020-10-04 08:43:13,547 : INFO : EventManager : Event: ======'balldevice_bd_plunger_ball_count_changed'====== Args={'balls': 1}
2020-10-04 08:43:13,548 : INFO : ball_device.bd_trough : Got eject confirm
2020-10-04 08:43:13,548 : INFO : ball_device.bd_trough : Eject successful
2020-10-04 08:43:13,549 : INFO : EventManager : Event: ======'balldevice_bd_trough_ball_eject_success'====== Args={'balls': 1, 'target': <ball_device.bd_plunger>}
2020-10-04 08:43:13,550 : INFO : EventManager : Event: ======'balldevice_bd_trough_ball_count_changed'====== Args={'balls': 1}
2020-10-04 08:43:13,552 : INFO : ball_device.bd_trough : State: idle
2020-10-04 08:43:13,553 : INFO : ball_device.bd_plunger : State: waiting_for_target_ready
2020-10-04 08:43:13,554 : INFO : EventManager : Event: ======'balldevice_bd_plunger_ball_eject_attempt'====== Args={'balls': 1, 'target': <playfield.playfield>, 'source': <ball_device.bd_plunger>, 'mechanical_eject': True, 'num_attempts': 0}
2020-10-04 08:43:13,556 : INFO : ball_device.bd_plunger : State: ejecting
2020-10-04 08:43:13,557 : INFO : ball_device.bd_plunger : Ejecting ball to <playfield.playfield>
2020-10-04 08:43:13,559 : INFO : EventManager : Event: ======'balldevice_bd_plunger_ejecting_ball'====== Args={'balls': 1, 'target': <playfield.playfield>, 'source': <ball_device.bd_plunger>, 'mechanical_eject': True, 'num_attempts': 0}
2020-10-04 08:43:13,563 : INFO : ball_device.bd_plunger : Wait for ball to leave device
2020-10-04 08:43:17,707 : INFO : SwitchController : <<<<<<< 's_soul_S' active >>>>>>>
2020-10-04 08:43:17,707 : INFO : EventManager : Event: ======'s_soul_S_active'====== Args={}
2020-10-04 08:43:17,708 : INFO : EventManager : Event: ======'machine_var_audits_switches_s_soul_S'====== Args={'value': 149, 'prev_value': 148, 'change': 1}
2020-10-04 08:43:17,717 : INFO : EventManager : Event: ======'playfield_active'====== Args={}
2020-10-04 08:43:17,718 : INFO : EventManager : Event: ======'player_shot_soul_S'====== Args={'value': 1, 'prev_value': 0, 'change': 1, 'player_num': 1}
2020-10-04 08:43:17,720 : INFO : EventManager : Event: ======'machine_var_audits_shots_soul_S'====== Args={'value': 149, 'prev_value': 148, 'change': 1}
2020-10-04 08:43:17,728 : INFO : EventManager : Event: ======'soul_S_hit'====== Args={'profile': 'default', 'state': 'unlit', 'advancing': True}
2020-10-04 08:43:17,735 : INFO : EventManager : Event: ======'soul_S_default_hit'====== Args={'profile': 'default', 'state': 'unlit', 'advancing': True}
2020-10-04 08:43:17,735 : INFO : EventManager : Event: ======'soul_S_default_unlit_hit'====== Args={'profile': 'default', 'state': 'unlit', 'advancing': True}
2020-10-04 08:43:17,736 : INFO : EventManager : Event: ======'soul_S_unlit_hit'====== Args={'profile': 'default', 'state': 'unlit', 'advancing': True}
2020-10-04 08:43:17,737 : INFO : EventManager : Event: ======'player_score'====== Args={'value': 10, 'prev_value': 0, 'change': 10, 'player_num': 1}
2020-10-04 08:43:17,739 : INFO : EventManager : Event: ======'soul_lanes_hit'====== Args={}
2020-10-04 08:43:17,739 : INFO : EventManager : Event: ======'soul_lanes_unlit_hit'====== Args={}
2020-10-04 08:43:17,901 : INFO : SwitchController : <<<<<<< 's_soul_S' inactive >>>>>>>
2020-10-04 08:43:18,920 : INFO : SwitchController : <<<<<<< 's_soul_O' active >>>>>>>
2020-10-04 08:43:18,920 : INFO : EventManager : Event: ======'s_soul_O_active'====== Args={}
2020-10-04 08:43:18,921 : INFO : EventManager : Event: ======'machine_var_audits_switches_s_soul_O'====== Args={'value': 133, 'prev_value': 132, 'change': 1}
2020-10-04 08:43:18,923 : INFO : EventManager : Event: ======'playfield_active'====== Args={}
2020-10-04 08:43:18,923 : INFO : EventManager : Event: ======'player_shot_soul_O'====== Args={'value': 1, 'prev_value': 0, 'change': 1, 'player_num': 1}
2020-10-04 08:43:18,925 : INFO : EventManager : Event: ======'machine_var_audits_shots_soul_O'====== Args={'value': 128, 'prev_value': 127, 'change': 1}
2020-10-04 08:43:18,926 : INFO : EventManager : Event: ======'soul_O_hit'====== Args={'profile': 'default', 'state': 'unlit', 'advancing': True}
2020-10-04 08:43:18,927 : INFO : EventManager : Event: ======'soul_O_default_hit'====== Args={'profile': 'default', 'state': 'unlit', 'advancing': True}
2020-10-04 08:43:18,927 : INFO : EventManager : Event: ======'soul_O_default_unlit_hit'====== Args={'profile': 'default', 'state': 'unlit', 'advancing': True}
2020-10-04 08:43:18,928 : INFO : EventManager : Event: ======'soul_O_unlit_hit'====== Args={'profile': 'default', 'state': 'unlit', 'advancing': True}
2020-10-04 08:43:18,929 : INFO : EventManager : Event: ======'player_score'====== Args={'value': 20, 'prev_value': 10, 'change': 10, 'player_num': 1}
2020-10-04 08:43:18,930 : INFO : EventManager : Event: ======'soul_lanes_hit'====== Args={}
2020-10-04 08:43:18,930 : INFO : EventManager : Event: ======'soul_lanes_unlit_hit'====== Args={}
2020-10-04 08:43:19,073 : INFO : SwitchController : <<<<<<< 's_soul_O' inactive >>>>>>>
2020-10-04 08:43:19,352 : INFO : SwitchController : <<<<<<< 's_soul_U' active >>>>>>>
2020-10-04 08:43:19,352 : INFO : EventManager : Event: ======'s_soul_U_active'====== Args={}
2020-10-04 08:43:19,353 : INFO : EventManager : Event: ======'machine_var_audits_switches_s_soul_U'====== Args={'value': 125, 'prev_value': 124, 'change': 1}
2020-10-04 08:43:19,355 : INFO : EventManager : Event: ======'playfield_active'====== Args={}
2020-10-04 08:43:19,356 : INFO : EventManager : Event: ======'player_shot_soul_U'====== Args={'value': 1, 'prev_value': 0, 'change': 1, 'player_num': 1}
2020-10-04 08:43:19,359 : INFO : EventManager : Event: ======'machine_var_audits_shots_soul_U'====== Args={'value': 125, 'prev_value': 124, 'change': 1}
2020-10-04 08:43:19,360 : INFO : EventManager : Event: ======'soul_U_hit'====== Args={'profile': 'default', 'state': 'unlit', 'advancing': True}
2020-10-04 08:43:19,360 : INFO : EventManager : Event: ======'soul_U_default_hit'====== Args={'profile': 'default', 'state': 'unlit', 'advancing': True}
2020-10-04 08:43:19,361 : INFO : EventManager : Event: ======'soul_U_default_unlit_hit'====== Args={'profile': 'default', 'state': 'unlit', 'advancing': True}
2020-10-04 08:43:19,361 : INFO : EventManager : Event: ======'soul_U_unlit_hit'====== Args={'profile': 'default', 'state': 'unlit', 'advancing': True}
2020-10-04 08:43:19,361 : INFO : EventManager : Event: ======'player_score'====== Args={'value': 30, 'prev_value': 20, 'change': 10, 'player_num': 1}
2020-10-04 08:43:19,362 : INFO : EventManager : Event: ======'soul_lanes_hit'====== Args={}
2020-10-04 08:43:19,362 : INFO : EventManager : Event: ======'soul_lanes_unlit_hit'====== Args={}
2020-10-04 08:43:19,494 : INFO : SwitchController : <<<<<<< 's_soul_U' inactive >>>>>>>
2020-10-04 08:43:19,981 : INFO : SwitchController : <<<<<<< 's_soul_L' active >>>>>>>
2020-10-04 08:43:19,981 : INFO : EventManager : Event: ======'s_soul_L_active'====== Args={}
2020-10-04 08:43:19,982 : INFO : EventManager : Event: ======'machine_var_audits_switches_s_soul_L'====== Args={'value': 123, 'prev_value': 122, 'change': 1}
2020-10-04 08:43:19,984 : INFO : EventManager : Event: ======'playfield_active'====== Args={}
2020-10-04 08:43:19,984 : INFO : EventManager : Event: ======'player_shot_soul_L'====== Args={'value': 1, 'prev_value': 0, 'change': 1, 'player_num': 1}
2020-10-04 08:43:19,986 : INFO : EventManager : Event: ======'machine_var_audits_shots_soul_L'====== Args={'value': 122, 'prev_value': 121, 'change': 1}
2020-10-04 08:43:19,987 : INFO : EventManager : Event: ======'soul_L_hit'====== Args={'profile': 'default', 'state': 'unlit', 'advancing': True}
2020-10-04 08:43:19,987 : INFO : EventManager : Event: ======'soul_L_default_hit'====== Args={'profile': 'default', 'state': 'unlit', 'advancing': True}
2020-10-04 08:43:19,988 : INFO : EventManager : Event: ======'soul_L_default_unlit_hit'====== Args={'profile': 'default', 'state': 'unlit', 'advancing': True}
2020-10-04 08:43:19,988 : INFO : EventManager : Event: ======'soul_L_unlit_hit'====== Args={'profile': 'default', 'state': 'unlit', 'advancing': True}
2020-10-04 08:43:19,989 : INFO : EventManager : Event: ======'player_score'====== Args={'value': 40, 'prev_value': 30, 'change': 10, 'player_num': 1}
2020-10-04 08:43:19,990 : INFO : EventManager : Event: ======'soul_lanes_complete'====== Args={'state': 'lit'}
2020-10-04 08:43:19,990 : INFO : EventManager : Event: ======'soul_lanes_lit_complete'====== Args={}
2020-10-04 08:43:19,991 : INFO : EventManager : Event: ======'soul_lanes_hit'====== Args={}
2020-10-04 08:43:19,991 : INFO : EventManager : Event: ======'soul_lanes_unlit_hit'====== Args={}
2020-10-04 08:43:19,992 : INFO : EventManager : Event: ======'player_score'====== Args={'value': 1040, 'prev_value': 40, 'change': 1000, 'player_num': 1}
2020-10-04 08:43:19,993 : INFO : EventManager : Event: ======'logicblock_soul_complete_count_updated'====== Args={'value': 2, 'enabled': True}
2020-10-04 08:43:19,993 : INFO : EventManager : Event: ======'soul_lanes_done'====== Args={'count': 2}
2020-10-04 08:43:20,158 : INFO : SwitchController : <<<<<<< 's_soul_L' inactive >>>>>>>
2020-10-04 08:43:20,996 : INFO : EventManager : Event: ======'player_shot_soul_S'====== Args={'value': 0, 'prev_value': 1, 'change': -1, 'player_num': 1}
2020-10-04 08:43:20,998 : INFO : EventManager : Event: ======'player_shot_soul_O'====== Args={'value': 0, 'prev_value': 1, 'change': -1, 'player_num': 1}
2020-10-04 08:43:21,000 : INFO : EventManager : Event: ======'player_shot_soul_U'====== Args={'value': 0, 'prev_value': 1, 'change': -1, 'player_num': 1}
2020-10-04 08:43:21,001 : INFO : EventManager : Event: ======'player_shot_soul_L'====== Args={'value': 0, 'prev_value': 1, 'change': -1, 'player_num': 1}
2020-10-04 08:43:21,595 : INFO : SwitchController : <<<<<<< 's_soul_S' active >>>>>>>
2020-10-04 08:43:21,596 : INFO : EventManager : Event: ======'s_soul_S_active'====== Args={}
2020-10-04 08:43:21,598 : INFO : EventManager : Event: ======'machine_var_audits_switches_s_soul_S'====== Args={'value': 150, 'prev_value': 149, 'change': 1}
2020-10-04 08:43:21,601 : INFO : EventManager : Event: ======'playfield_active'====== Args={}
2020-10-04 08:43:21,602 : INFO : EventManager : Event: ======'player_shot_soul_S'====== Args={'value': 1, 'prev_value': 0, 'change': 1, 'player_num': 1}
2020-10-04 08:43:21,605 : INFO : EventManager : Event: ======'machine_var_audits_shots_soul_S'====== Args={'value': 150, 'prev_value': 149, 'change': 1}
2020-10-04 08:43:21,609 : INFO : EventManager : Event: ======'soul_S_hit'====== Args={'profile': 'default', 'state': 'unlit', 'advancing': True}
2020-10-04 08:43:21,610 : INFO : EventManager : Event: ======'soul_S_default_hit'====== Args={'profile': 'default', 'state': 'unlit', 'advancing': True}
2020-10-04 08:43:21,611 : INFO : EventManager : Event: ======'soul_S_default_unlit_hit'====== Args={'profile': 'default', 'state': 'unlit', 'advancing': True}
2020-10-04 08:43:21,611 : INFO : EventManager : Event: ======'soul_S_unlit_hit'====== Args={'profile': 'default', 'state': 'unlit', 'advancing': True}
2020-10-04 08:43:21,612 : INFO : EventManager : Event: ======'player_score'====== Args={'value': 1050, 'prev_value': 1040, 'change': 10, 'player_num': 1}
2020-10-04 08:43:21,613 : INFO : EventManager : Event: ======'soul_lanes_hit'====== Args={}
2020-10-04 08:43:21,614 : INFO : EventManager : Event: ======'soul_lanes_unlit_hit'====== Args={}
2020-10-04 08:43:21,807 : INFO : SwitchController : <<<<<<< 's_soul_S' inactive >>>>>>>
2020-10-04 08:43:22,251 : INFO : SwitchController : <<<<<<< 's_soul_O' active >>>>>>>
2020-10-04 08:43:22,251 : INFO : EventManager : Event: ======'s_soul_O_active'====== Args={}
2020-10-04 08:43:22,252 : INFO : EventManager : Event: ======'machine_var_audits_switches_s_soul_O'====== Args={'value': 134, 'prev_value': 133, 'change': 1}
2020-10-04 08:43:22,254 : INFO : EventManager : Event: ======'playfield_active'====== Args={}
2020-10-04 08:43:22,255 : INFO : EventManager : Event: ======'player_shot_soul_O'====== Args={'value': 1, 'prev_value': 0, 'change': 1, 'player_num': 1}
2020-10-04 08:43:22,256 : INFO : EventManager : Event: ======'machine_var_audits_shots_soul_O'====== Args={'value': 129, 'prev_value': 128, 'change': 1}
2020-10-04 08:43:22,258 : INFO : EventManager : Event: ======'soul_O_hit'====== Args={'profile': 'default', 'state': 'unlit', 'advancing': True}
2020-10-04 08:43:22,259 : INFO : EventManager : Event: ======'soul_O_default_hit'====== Args={'profile': 'default', 'state': 'unlit', 'advancing': True}
2020-10-04 08:43:22,260 : INFO : EventManager : Event: ======'soul_O_default_unlit_hit'====== Args={'profile': 'default', 'state': 'unlit', 'advancing': True}
2020-10-04 08:43:22,260 : INFO : EventManager : Event: ======'soul_O_unlit_hit'====== Args={'profile': 'default', 'state': 'unlit', 'advancing': True}
2020-10-04 08:43:22,261 : INFO : EventManager : Event: ======'player_score'====== Args={'value': 1060, 'prev_value': 1050, 'change': 10, 'player_num': 1}
2020-10-04 08:43:22,262 : INFO : EventManager : Event: ======'soul_lanes_hit'====== Args={}
2020-10-04 08:43:22,262 : INFO : EventManager : Event: ======'soul_lanes_unlit_hit'====== Args={}
2020-10-04 08:43:22,405 : INFO : SwitchController : <<<<<<< 's_soul_O' inactive >>>>>>>
2020-10-04 08:43:22,590 : INFO : SwitchController : <<<<<<< 's_soul_U' active >>>>>>>
2020-10-04 08:43:22,590 : INFO : EventManager : Event: ======'s_soul_U_active'====== Args={}
2020-10-04 08:43:22,591 : INFO : EventManager : Event: ======'machine_var_audits_switches_s_soul_U'====== Args={'value': 126, 'prev_value': 125, 'change': 1}
2020-10-04 08:43:22,593 : INFO : EventManager : Event: ======'playfield_active'====== Args={}
2020-10-04 08:43:22,593 : INFO : EventManager : Event: ======'player_shot_soul_U'====== Args={'value': 1, 'prev_value': 0, 'change': 1, 'player_num': 1}
2020-10-04 08:43:22,595 : INFO : EventManager : Event: ======'machine_var_audits_shots_soul_U'====== Args={'value': 126, 'prev_value': 125, 'change': 1}
2020-10-04 08:43:22,596 : INFO : EventManager : Event: ======'soul_U_hit'====== Args={'profile': 'default', 'state': 'unlit', 'advancing': True}
2020-10-04 08:43:22,597 : INFO : EventManager : Event: ======'soul_U_default_hit'====== Args={'profile': 'default', 'state': 'unlit', 'advancing': True}
2020-10-04 08:43:22,598 : INFO : EventManager : Event: ======'soul_U_default_unlit_hit'====== Args={'profile': 'default', 'state': 'unlit', 'advancing': True}
2020-10-04 08:43:22,598 : INFO : EventManager : Event: ======'soul_U_unlit_hit'====== Args={'profile': 'default', 'state': 'unlit', 'advancing': True}
2020-10-04 08:43:22,599 : INFO : EventManager : Event: ======'player_score'====== Args={'value': 1070, 'prev_value': 1060, 'change': 10, 'player_num': 1}
2020-10-04 08:43:22,600 : INFO : EventManager : Event: ======'soul_lanes_hit'====== Args={}
2020-10-04 08:43:22,600 : INFO : EventManager : Event: ======'soul_lanes_unlit_hit'====== Args={}
2020-10-04 08:43:22,722 : INFO : SwitchController : <<<<<<< 's_soul_U' inactive >>>>>>>
2020-10-04 08:43:23,020 : INFO : SwitchController : <<<<<<< 's_soul_L' active >>>>>>>
2020-10-04 08:43:23,020 : INFO : EventManager : Event: ======'s_soul_L_active'====== Args={}
2020-10-04 08:43:23,021 : INFO : EventManager : Event: ======'machine_var_audits_switches_s_soul_L'====== Args={'value': 124, 'prev_value': 123, 'change': 1}
2020-10-04 08:43:23,024 : INFO : EventManager : Event: ======'playfield_active'====== Args={}
2020-10-04 08:43:23,024 : INFO : EventManager : Event: ======'player_shot_soul_L'====== Args={'value': 1, 'prev_value': 0, 'change': 1, 'player_num': 1}
2020-10-04 08:43:23,025 : INFO : EventManager : Event: ======'machine_var_audits_shots_soul_L'====== Args={'value': 123, 'prev_value': 122, 'change': 1}
2020-10-04 08:43:23,027 : INFO : EventManager : Event: ======'soul_L_hit'====== Args={'profile': 'default', 'state': 'unlit', 'advancing': True}
2020-10-04 08:43:23,028 : INFO : EventManager : Event: ======'soul_L_default_hit'====== Args={'profile': 'default', 'state': 'unlit', 'advancing': True}
2020-10-04 08:43:23,028 : INFO : EventManager : Event: ======'soul_L_default_unlit_hit'====== Args={'profile': 'default', 'state': 'unlit', 'advancing': True}
2020-10-04 08:43:23,029 : INFO : EventManager : Event: ======'soul_L_unlit_hit'====== Args={'profile': 'default', 'state': 'unlit', 'advancing': True}
2020-10-04 08:43:23,030 : INFO : EventManager : Event: ======'player_score'====== Args={'value': 1080, 'prev_value': 1070, 'change': 10, 'player_num': 1}
2020-10-04 08:43:23,031 : INFO : EventManager : Event: ======'soul_lanes_complete'====== Args={'state': 'lit'}
2020-10-04 08:43:23,031 : INFO : EventManager : Event: ======'soul_lanes_lit_complete'====== Args={}
2020-10-04 08:43:23,032 : INFO : EventManager : Event: ======'soul_lanes_hit'====== Args={}
2020-10-04 08:43:23,032 : INFO : EventManager : Event: ======'soul_lanes_unlit_hit'====== Args={}
2020-10-04 08:43:23,033 : INFO : EventManager : Event: ======'player_score'====== Args={'value': 2080, 'prev_value': 1080, 'change': 1000, 'player_num': 1}
2020-10-04 08:43:23,034 : INFO : EventManager : Event: ======'logicblock_soul_complete_count_updated'====== Args={'value': 3, 'enabled': True}
2020-10-04 08:43:23,035 : INFO : EventManager : Event: ======'soul_lanes_done'====== Args={'count': 3}
2020-10-04 08:43:23,037 : INFO : EventManager : Event: ======'player_bonus_multiplier'====== Args={'value': 2, 'prev_value': 1, 'change': 1, 'player_num': 1}
2020-10-04 08:43:23,219 : INFO : SwitchController : <<<<<<< 's_soul_L' inactive >>>>>>>
2020-10-04 08:43:24,021 : INFO : EventManager : Event: ======'player_shot_soul_S'====== Args={'value': 0, 'prev_value': 1, 'change': -1, 'player_num': 1}
2020-10-04 08:43:24,024 : INFO : EventManager : Event: ======'player_shot_soul_O'====== Args={'value': 0, 'prev_value': 1, 'change': -1, 'player_num': 1}
2020-10-04 08:43:24,051 : INFO : EventManager : Event: ======'player_shot_soul_U'====== Args={'value': 0, 'prev_value': 1, 'change': -1, 'player_num': 1}
2020-10-04 08:43:24,052 : INFO : EventManager : Event: ======'player_shot_soul_L'====== Args={'value': 0, 'prev_value': 1, 'change': -1, 'player_num': 1}
2020-10-04 08:43:25,002 : INFO : SwitchController : <<<<<<< 's_soul_S' active >>>>>>>
2020-10-04 08:43:25,003 : INFO : EventManager : Event: ======'s_soul_S_active'====== Args={}
2020-10-04 08:43:25,004 : INFO : EventManager : Event: ======'machine_var_audits_switches_s_soul_S'====== Args={'value': 151, 'prev_value': 150, 'change': 1}
2020-10-04 08:43:25,007 : INFO : EventManager : Event: ======'playfield_active'====== Args={}
2020-10-04 08:43:25,008 : INFO : EventManager : Event: ======'player_shot_soul_S'====== Args={'value': 1, 'prev_value': 0, 'change': 1, 'player_num': 1}
2020-10-04 08:43:25,011 : INFO : EventManager : Event: ======'machine_var_audits_shots_soul_S'====== Args={'value': 151, 'prev_value': 150, 'change': 1}
2020-10-04 08:43:25,013 : INFO : EventManager : Event: ======'soul_S_hit'====== Args={'profile': 'default', 'state': 'unlit', 'advancing': True}
2020-10-04 08:43:25,014 : INFO : EventManager : Event: ======'soul_S_default_hit'====== Args={'profile': 'default', 'state': 'unlit', 'advancing': True}
2020-10-04 08:43:25,014 : INFO : EventManager : Event: ======'soul_S_default_unlit_hit'====== Args={'profile': 'default', 'state': 'unlit', 'advancing': True}
2020-10-04 08:43:25,015 : INFO : EventManager : Event: ======'soul_S_unlit_hit'====== Args={'profile': 'default', 'state': 'unlit', 'advancing': True}
2020-10-04 08:43:25,016 : INFO : EventManager : Event: ======'player_score'====== Args={'value': 2090, 'prev_value': 2080, 'change': 10, 'player_num': 1}
2020-10-04 08:43:25,019 : INFO : EventManager : Event: ======'soul_lanes_hit'====== Args={}
2020-10-04 08:43:25,019 : INFO : EventManager : Event: ======'soul_lanes_unlit_hit'====== Args={}
2020-10-04 08:43:25,210 : INFO : SwitchController : <<<<<<< 's_soul_S' inactive >>>>>>>
2020-10-04 08:43:25,619 : INFO : SwitchController : <<<<<<< 's_soul_O' active >>>>>>>
2020-10-04 08:43:25,619 : INFO : EventManager : Event: ======'s_soul_O_active'====== Args={}
2020-10-04 08:43:25,620 : INFO : EventManager : Event: ======'machine_var_audits_switches_s_soul_O'====== Args={'value': 135, 'prev_value': 134, 'change': 1}
2020-10-04 08:43:25,622 : INFO : EventManager : Event: ======'playfield_active'====== Args={}
2020-10-04 08:43:25,623 : INFO : EventManager : Event: ======'player_shot_soul_O'====== Args={'value': 1, 'prev_value': 0, 'change': 1, 'player_num': 1}
2020-10-04 08:43:25,624 : INFO : EventManager : Event: ======'machine_var_audits_shots_soul_O'====== Args={'value': 130, 'prev_value': 129, 'change': 1}
2020-10-04 08:43:25,626 : INFO : EventManager : Event: ======'soul_O_hit'====== Args={'profile': 'default', 'state': 'unlit', 'advancing': True}
2020-10-04 08:43:25,626 : INFO : EventManager : Event: ======'soul_O_default_hit'====== Args={'profile': 'default', 'state': 'unlit', 'advancing': True}
2020-10-04 08:43:25,627 : INFO : EventManager : Event: ======'soul_O_default_unlit_hit'====== Args={'profile': 'default', 'state': 'unlit', 'advancing': True}
2020-10-04 08:43:25,627 : INFO : EventManager : Event: ======'soul_O_unlit_hit'====== Args={'profile': 'default', 'state': 'unlit', 'advancing': True}
2020-10-04 08:43:25,628 : INFO : EventManager : Event: ======'player_score'====== Args={'value': 2100, 'prev_value': 2090, 'change': 10, 'player_num': 1}
2020-10-04 08:43:25,629 : INFO : EventManager : Event: ======'soul_lanes_hit'====== Args={}
2020-10-04 08:43:25,629 : INFO : EventManager : Event: ======'soul_lanes_unlit_hit'====== Args={}
2020-10-04 08:43:25,784 : INFO : SwitchController : <<<<<<< 's_soul_O' inactive >>>>>>>
2020-10-04 08:43:26,144 : INFO : SwitchController : <<<<<<< 's_soul_U' active >>>>>>>
2020-10-04 08:43:26,145 : INFO : EventManager : Event: ======'s_soul_U_active'====== Args={}
2020-10-04 08:43:26,151 : INFO : EventManager : Event: ======'machine_var_audits_switches_s_soul_U'====== Args={'value': 127, 'prev_value': 126, 'change': 1}
2020-10-04 08:43:26,165 : INFO : EventManager : Event: ======'playfield_active'====== Args={}
2020-10-04 08:43:26,170 : INFO : EventManager : Event: ======'player_shot_soul_U'====== Args={'value': 1, 'prev_value': 0, 'change': 1, 'player_num': 1}
2020-10-04 08:43:26,172 : INFO : EventManager : Event: ======'machine_var_audits_shots_soul_U'====== Args={'value': 127, 'prev_value': 126, 'change': 1}
2020-10-04 08:43:26,173 : INFO : EventManager : Event: ======'soul_U_hit'====== Args={'profile': 'default', 'state': 'unlit', 'advancing': True}
2020-10-04 08:43:26,174 : INFO : EventManager : Event: ======'soul_U_default_hit'====== Args={'profile': 'default', 'state': 'unlit', 'advancing': True}
2020-10-04 08:43:26,174 : INFO : EventManager : Event: ======'soul_U_default_unlit_hit'====== Args={'profile': 'default', 'state': 'unlit', 'advancing': True}
2020-10-04 08:43:26,174 : INFO : EventManager : Event: ======'soul_U_unlit_hit'====== Args={'profile': 'default', 'state': 'unlit', 'advancing': True}
2020-10-04 08:43:26,175 : INFO : EventManager : Event: ======'player_score'====== Args={'value': 2110, 'prev_value': 2100, 'change': 10, 'player_num': 1}
2020-10-04 08:43:26,175 : INFO : EventManager : Event: ======'soul_lanes_hit'====== Args={}
2020-10-04 08:43:26,176 : INFO : EventManager : Event: ======'soul_lanes_unlit_hit'====== Args={}
2020-10-04 08:43:26,298 : INFO : SwitchController : <<<<<<< 's_soul_U' inactive >>>>>>>
2020-10-04 08:43:28,359 : INFO : SwitchController : <<<<<<< 's_soul_L' active >>>>>>>
2020-10-04 08:43:28,359 : INFO : EventManager : Event: ======'s_soul_L_active'====== Args={}
2020-10-04 08:43:28,360 : INFO : EventManager : Event: ======'machine_var_audits_switches_s_soul_L'====== Args={'value': 125, 'prev_value': 124, 'change': 1}
2020-10-04 08:43:28,368 : INFO : EventManager : Event: ======'playfield_active'====== Args={}
2020-10-04 08:43:28,374 : INFO : EventManager : Event: ======'player_shot_soul_L'====== Args={'value': 1, 'prev_value': 0, 'change': 1, 'player_num': 1}
2020-10-04 08:43:28,375 : INFO : EventManager : Event: ======'machine_var_audits_shots_soul_L'====== Args={'value': 124, 'prev_value': 123, 'change': 1}
2020-10-04 08:43:28,377 : INFO : EventManager : Event: ======'soul_L_hit'====== Args={'profile': 'default', 'state': 'unlit', 'advancing': True}
2020-10-04 08:43:28,377 : INFO : EventManager : Event: ======'soul_L_default_hit'====== Args={'profile': 'default', 'state': 'unlit', 'advancing': True}
2020-10-04 08:43:28,378 : INFO : EventManager : Event: ======'soul_L_default_unlit_hit'====== Args={'profile': 'default', 'state': 'unlit', 'advancing': True}
2020-10-04 08:43:28,378 : INFO : EventManager : Event: ======'soul_L_unlit_hit'====== Args={'profile': 'default', 'state': 'unlit', 'advancing': True}
2020-10-04 08:43:28,379 : INFO : EventManager : Event: ======'player_score'====== Args={'value': 2120, 'prev_value': 2110, 'change': 10, 'player_num': 1}
2020-10-04 08:43:28,380 : INFO : EventManager : Event: ======'soul_lanes_complete'====== Args={'state': 'lit'}
2020-10-04 08:43:28,381 : INFO : EventManager : Event: ======'soul_lanes_lit_complete'====== Args={}
2020-10-04 08:43:28,381 : INFO : EventManager : Event: ======'soul_lanes_hit'====== Args={}
2020-10-04 08:43:28,382 : INFO : EventManager : Event: ======'soul_lanes_unlit_hit'====== Args={}
2020-10-04 08:43:28,382 : INFO : EventManager : Event: ======'player_score'====== Args={'value': 3120, 'prev_value': 2120, 'change': 1000, 'player_num': 1}
2020-10-04 08:43:28,383 : INFO : EventManager : Event: ======'logicblock_soul_complete_count_updated'====== Args={'value': 4, 'enabled': True}
2020-10-04 08:43:28,384 : INFO : EventManager : Event: ======'soul_lanes_done'====== Args={'count': 4}
2020-10-04 08:43:28,385 : INFO : EventManager : Event: ======'player_bonus_multiplier'====== Args={'value': 3, 'prev_value': 2, 'change': 1, 'player_num': 1}
2020-10-04 08:43:28,576 : INFO : SwitchController : <<<<<<< 's_soul_L' inactive >>>>>>>
2020-10-04 08:43:29,390 : INFO : EventManager : Event: ======'player_shot_soul_S'====== Args={'value': 0, 'prev_value': 1, 'change': -1, 'player_num': 1}
2020-10-04 08:43:29,391 : INFO : EventManager : Event: ======'player_shot_soul_O'====== Args={'value': 0, 'prev_value': 1, 'change': -1, 'player_num': 1}
2020-10-04 08:43:29,392 : INFO : EventManager : Event: ======'player_shot_soul_U'====== Args={'value': 0, 'prev_value': 1, 'change': -1, 'player_num': 1}
2020-10-04 08:43:29,393 : INFO : EventManager : Event: ======'player_shot_soul_L'====== Args={'value': 0, 'prev_value': 1, 'change': -1, 'player_num': 1}
2020-10-04 08:43:29,598 : INFO : SwitchController : <<<<<<< 's_soul_S' active >>>>>>>
2020-10-04 08:43:29,598 : INFO : EventManager : Event: ======'s_soul_S_active'====== Args={}
2020-10-04 08:43:29,599 : INFO : EventManager : Event: ======'machine_var_audits_switches_s_soul_S'====== Args={'value': 152, 'prev_value': 151, 'change': 1}
2020-10-04 08:43:29,601 : INFO : EventManager : Event: ======'playfield_active'====== Args={}
2020-10-04 08:43:29,602 : INFO : EventManager : Event: ======'player_shot_soul_S'====== Args={'value': 1, 'prev_value': 0, 'change': 1, 'player_num': 1}
2020-10-04 08:43:29,604 : INFO : EventManager : Event: ======'machine_var_audits_shots_soul_S'====== Args={'value': 152, 'prev_value': 151, 'change': 1}
2020-10-04 08:43:29,605 : INFO : EventManager : Event: ======'soul_S_hit'====== Args={'profile': 'default', 'state': 'unlit', 'advancing': True}
2020-10-04 08:43:29,605 : INFO : EventManager : Event: ======'soul_S_default_hit'====== Args={'profile': 'default', 'state': 'unlit', 'advancing': True}
2020-10-04 08:43:29,606 : INFO : EventManager : Event: ======'soul_S_default_unlit_hit'====== Args={'profile': 'default', 'state': 'unlit', 'advancing': True}
2020-10-04 08:43:29,606 : INFO : EventManager : Event: ======'soul_S_unlit_hit'====== Args={'profile': 'default', 'state': 'unlit', 'advancing': True}
2020-10-04 08:43:29,606 : INFO : EventManager : Event: ======'player_score'====== Args={'value': 3130, 'prev_value': 3120, 'change': 10, 'player_num': 1}
2020-10-04 08:43:29,608 : INFO : EventManager : Event: ======'soul_lanes_hit'====== Args={}
2020-10-04 08:43:29,609 : INFO : EventManager : Event: ======'soul_lanes_unlit_hit'====== Args={}
2020-10-04 08:43:29,782 : INFO : SwitchController : <<<<<<< 's_soul_S' inactive >>>>>>>
2020-10-04 08:43:30,091 : INFO : SwitchController : <<<<<<< 's_soul_O' active >>>>>>>
2020-10-04 08:43:30,092 : INFO : EventManager : Event: ======'s_soul_O_active'====== Args={}
2020-10-04 08:43:30,093 : INFO : EventManager : Event: ======'machine_var_audits_switches_s_soul_O'====== Args={'value': 136, 'prev_value': 135, 'change': 1}
2020-10-04 08:43:30,096 : INFO : EventManager : Event: ======'playfield_active'====== Args={}
2020-10-04 08:43:30,097 : INFO : EventManager : Event: ======'player_shot_soul_O'====== Args={'value': 1, 'prev_value': 0, 'change': 1, 'player_num': 1}
2020-10-04 08:43:30,099 : INFO : EventManager : Event: ======'machine_var_audits_shots_soul_O'====== Args={'value': 131, 'prev_value': 130, 'change': 1}
2020-10-04 08:43:30,102 : INFO : EventManager : Event: ======'soul_O_hit'====== Args={'profile': 'default', 'state': 'unlit', 'advancing': True}
2020-10-04 08:43:30,103 : INFO : EventManager : Event: ======'soul_O_default_hit'====== Args={'profile': 'default', 'state': 'unlit', 'advancing': True}
2020-10-04 08:43:30,104 : INFO : EventManager : Event: ======'soul_O_default_unlit_hit'====== Args={'profile': 'default', 'state': 'unlit', 'advancing': True}
2020-10-04 08:43:30,104 : INFO : EventManager : Event: ======'soul_O_unlit_hit'====== Args={'profile': 'default', 'state': 'unlit', 'advancing': True}
2020-10-04 08:43:30,105 : INFO : EventManager : Event: ======'player_score'====== Args={'value': 3140, 'prev_value': 3130, 'change': 10, 'player_num': 1}
2020-10-04 08:43:30,106 : INFO : EventManager : Event: ======'soul_lanes_hit'====== Args={}
2020-10-04 08:43:30,109 : INFO : EventManager : Event: ======'soul_lanes_unlit_hit'====== Args={}
2020-10-04 08:43:30,227 : INFO : SwitchController : <<<<<<< 's_soul_O' inactive >>>>>>>
2020-10-04 08:43:30,505 : INFO : SwitchController : <<<<<<< 's_soul_U' active >>>>>>>
2020-10-04 08:43:30,505 : INFO : EventManager : Event: ======'s_soul_U_active'====== Args={}
2020-10-04 08:43:30,506 : INFO : EventManager : Event: ======'machine_var_audits_switches_s_soul_U'====== Args={'value': 128, 'prev_value': 127, 'change': 1}
2020-10-04 08:43:30,508 : INFO : EventManager : Event: ======'playfield_active'====== Args={}
2020-10-04 08:43:30,508 : INFO : EventManager : Event: ======'player_shot_soul_U'====== Args={'value': 1, 'prev_value': 0, 'change': 1, 'player_num': 1}
2020-10-04 08:43:30,510 : INFO : EventManager : Event: ======'machine_var_audits_shots_soul_U'====== Args={'value': 128, 'prev_value': 127, 'change': 1}
2020-10-04 08:43:30,512 : INFO : EventManager : Event: ======'soul_U_hit'====== Args={'profile': 'default', 'state': 'unlit', 'advancing': True}
2020-10-04 08:43:30,513 : INFO : EventManager : Event: ======'soul_U_default_hit'====== Args={'profile': 'default', 'state': 'unlit', 'advancing': True}
2020-10-04 08:43:30,513 : INFO : EventManager : Event: ======'soul_U_default_unlit_hit'====== Args={'profile': 'default', 'state': 'unlit', 'advancing': True}
2020-10-04 08:43:30,513 : INFO : EventManager : Event: ======'soul_U_unlit_hit'====== Args={'profile': 'default', 'state': 'unlit', 'advancing': True}
2020-10-04 08:43:30,514 : INFO : EventManager : Event: ======'player_score'====== Args={'value': 3150, 'prev_value': 3140, 'change': 10, 'player_num': 1}
2020-10-04 08:43:30,514 : INFO : EventManager : Event: ======'soul_lanes_hit'====== Args={}
2020-10-04 08:43:30,515 : INFO : EventManager : Event: ======'soul_lanes_unlit_hit'====== Args={}
2020-10-04 08:43:30,641 : INFO : SwitchController : <<<<<<< 's_soul_U' inactive >>>>>>>
2020-10-04 08:43:31,417 : INFO : SwitchController : <<<<<<< 's_soul_L' active >>>>>>>
2020-10-04 08:43:31,417 : INFO : EventManager : Event: ======'s_soul_L_active'====== Args={}
2020-10-04 08:43:31,418 : INFO : EventManager : Event: ======'machine_var_audits_switches_s_soul_L'====== Args={'value': 126, 'prev_value': 125, 'change': 1}
2020-10-04 08:43:31,419 : INFO : EventManager : Event: ======'playfield_active'====== Args={}
2020-10-04 08:43:31,420 : INFO : EventManager : Event: ======'player_shot_soul_L'====== Args={'value': 1, 'prev_value': 0, 'change': 1, 'player_num': 1}
2020-10-04 08:43:31,421 : INFO : EventManager : Event: ======'machine_var_audits_shots_soul_L'====== Args={'value': 125, 'prev_value': 124, 'change': 1}
2020-10-04 08:43:31,423 : INFO : EventManager : Event: ======'soul_L_hit'====== Args={'profile': 'default', 'state': 'unlit', 'advancing': True}
2020-10-04 08:43:31,423 : INFO : EventManager : Event: ======'soul_L_default_hit'====== Args={'profile': 'default', 'state': 'unlit', 'advancing': True}
2020-10-04 08:43:31,424 : INFO : EventManager : Event: ======'soul_L_default_unlit_hit'====== Args={'profile': 'default', 'state': 'unlit', 'advancing': True}
2020-10-04 08:43:31,424 : INFO : EventManager : Event: ======'soul_L_unlit_hit'====== Args={'profile': 'default', 'state': 'unlit', 'advancing': True}
2020-10-04 08:43:31,425 : INFO : EventManager : Event: ======'player_score'====== Args={'value': 3160, 'prev_value': 3150, 'change': 10, 'player_num': 1}
2020-10-04 08:43:31,426 : INFO : EventManager : Event: ======'soul_lanes_complete'====== Args={'state': 'lit'}
2020-10-04 08:43:31,427 : INFO : EventManager : Event: ======'soul_lanes_lit_complete'====== Args={}
2020-10-04 08:43:31,427 : INFO : EventManager : Event: ======'soul_lanes_hit'====== Args={}
2020-10-04 08:43:31,428 : INFO : EventManager : Event: ======'soul_lanes_unlit_hit'====== Args={}
2020-10-04 08:43:31,428 : INFO : EventManager : Event: ======'player_score'====== Args={'value': 4160, 'prev_value': 3160, 'change': 1000, 'player_num': 1}
2020-10-04 08:43:31,430 : INFO : EventManager : Event: ======'logicblock_soul_complete_count_updated'====== Args={'value': 5, 'enabled': True}
2020-10-04 08:43:31,430 : INFO : EventManager : Event: ======'soul_lanes_done'====== Args={'count': 5}
2020-10-04 08:43:31,639 : INFO : SwitchController : <<<<<<< 's_soul_L' inactive >>>>>>>
2020-10-04 08:43:32,423 : INFO : EventManager : Event: ======'player_shot_soul_S'====== Args={'value': 0, 'prev_value': 1, 'change': -1, 'player_num': 1}
2020-10-04 08:43:32,425 : INFO : EventManager : Event: ======'player_shot_soul_O'====== Args={'value': 0, 'prev_value': 1, 'change': -1, 'player_num': 1}
2020-10-04 08:43:32,428 : INFO : EventManager : Event: ======'player_shot_soul_U'====== Args={'value': 0, 'prev_value': 1, 'change': -1, 'player_num': 1}
2020-10-04 08:43:32,431 : INFO : EventManager : Event: ======'player_shot_soul_L'====== Args={'value': 0, 'prev_value': 1, 'change': -1, 'player_num': 1}
2020-10-04 08:43:32,660 : INFO : SwitchController : <<<<<<< 's_soul_S' active >>>>>>>
2020-10-04 08:43:32,661 : INFO : EventManager : Event: ======'s_soul_S_active'====== Args={}
2020-10-04 08:43:32,661 : INFO : EventManager : Event: ======'machine_var_audits_switches_s_soul_S'====== Args={'value': 153, 'prev_value': 152, 'change': 1}
2020-10-04 08:43:32,668 : INFO : EventManager : Event: ======'playfield_active'====== Args={}
2020-10-04 08:43:32,668 : INFO : EventManager : Event: ======'player_shot_soul_S'====== Args={'value': 1, 'prev_value': 0, 'change': 1, 'player_num': 1}
2020-10-04 08:43:32,670 : INFO : EventManager : Event: ======'machine_var_audits_shots_soul_S'====== Args={'value': 153, 'prev_value': 152, 'change': 1}
2020-10-04 08:43:32,671 : INFO : EventManager : Event: ======'soul_S_hit'====== Args={'profile': 'default', 'state': 'unlit', 'advancing': True}
2020-10-04 08:43:32,671 : INFO : EventManager : Event: ======'soul_S_default_hit'====== Args={'profile': 'default', 'state': 'unlit', 'advancing': True}
2020-10-04 08:43:32,672 : INFO : EventManager : Event: ======'soul_S_default_unlit_hit'====== Args={'profile': 'default', 'state': 'unlit', 'advancing': True}
2020-10-04 08:43:32,672 : INFO : EventManager : Event: ======'soul_S_unlit_hit'====== Args={'profile': 'default', 'state': 'unlit', 'advancing': True}
2020-10-04 08:43:32,673 : INFO : EventManager : Event: ======'player_score'====== Args={'value': 4170, 'prev_value': 4160, 'change': 10, 'player_num': 1}
2020-10-04 08:43:32,673 : INFO : EventManager : Event: ======'soul_lanes_hit'====== Args={}
2020-10-04 08:43:32,673 : INFO : EventManager : Event: ======'soul_lanes_unlit_hit'====== Args={}
2020-10-04 08:43:32,843 : INFO : SwitchController : <<<<<<< 's_soul_S' inactive >>>>>>>
2020-10-04 08:43:33,498 : INFO : SwitchController : <<<<<<< 's_soul_L' active >>>>>>>
2020-10-04 08:43:33,498 : INFO : EventManager : Event: ======'s_soul_L_active'====== Args={}
2020-10-04 08:43:33,500 : INFO : EventManager : Event: ======'machine_var_audits_switches_s_soul_L'====== Args={'value': 127, 'prev_value': 126, 'change': 1}
2020-10-04 08:43:33,503 : INFO : EventManager : Event: ======'playfield_active'====== Args={}
2020-10-04 08:43:33,504 : INFO : EventManager : Event: ======'player_shot_soul_L'====== Args={'value': 1, 'prev_value': 0, 'change': 1, 'player_num': 1}
2020-10-04 08:43:33,507 : INFO : EventManager : Event: ======'machine_var_audits_shots_soul_L'====== Args={'value': 126, 'prev_value': 125, 'change': 1}
2020-10-04 08:43:33,509 : INFO : EventManager : Event: ======'soul_L_hit'====== Args={'profile': 'default', 'state': 'unlit', 'advancing': True}
2020-10-04 08:43:33,510 : INFO : EventManager : Event: ======'soul_L_default_hit'====== Args={'profile': 'default', 'state': 'unlit', 'advancing': True}
2020-10-04 08:43:33,511 : INFO : EventManager : Event: ======'soul_L_default_unlit_hit'====== Args={'profile': 'default', 'state': 'unlit', 'advancing': True}
2020-10-04 08:43:33,511 : INFO : EventManager : Event: ======'soul_L_unlit_hit'====== Args={'profile': 'default', 'state': 'unlit', 'advancing': True}
2020-10-04 08:43:33,512 : INFO : EventManager : Event: ======'player_score'====== Args={'value': 4180, 'prev_value': 4170, 'change': 10, 'player_num': 1}
2020-10-04 08:43:33,514 : INFO : EventManager : Event: ======'soul_lanes_hit'====== Args={}
2020-10-04 08:43:33,519 : INFO : EventManager : Event: ======'soul_lanes_unlit_hit'====== Args={}
2020-10-04 08:43:33,654 : INFO : SwitchController : <<<<<<< 's_soul_L' inactive >>>>>>>
2020-10-04 08:43:34,106 : INFO : SwitchController : <<<<<<< 's_soul_O' active >>>>>>>
2020-10-04 08:43:34,107 : INFO : EventManager : Event: ======'s_soul_O_active'====== Args={}
2020-10-04 08:43:34,108 : INFO : EventManager : Event: ======'machine_var_audits_switches_s_soul_O'====== Args={'value': 137, 'prev_value': 136, 'change': 1}
2020-10-04 08:43:34,111 : INFO : EventManager : Event: ======'playfield_active'====== Args={}
2020-10-04 08:43:34,112 : INFO : EventManager : Event: ======'player_shot_soul_O'====== Args={'value': 1, 'prev_value': 0, 'change': 1, 'player_num': 1}
2020-10-04 08:43:34,115 : INFO : EventManager : Event: ======'machine_var_audits_shots_soul_O'====== Args={'value': 132, 'prev_value': 131, 'change': 1}
2020-10-04 08:43:34,118 : INFO : EventManager : Event: ======'soul_O_hit'====== Args={'profile': 'default', 'state': 'unlit', 'advancing': True}
2020-10-04 08:43:34,119 : INFO : EventManager : Event: ======'soul_O_default_hit'====== Args={'profile': 'default', 'state': 'unlit', 'advancing': True}
2020-10-04 08:43:34,120 : INFO : EventManager : Event: ======'soul_O_default_unlit_hit'====== Args={'profile': 'default', 'state': 'unlit', 'advancing': True}
2020-10-04 08:43:34,121 : INFO : EventManager : Event: ======'soul_O_unlit_hit'====== Args={'profile': 'default', 'state': 'unlit', 'advancing': True}
2020-10-04 08:43:34,122 : INFO : EventManager : Event: ======'player_score'====== Args={'value': 4190, 'prev_value': 4180, 'change': 10, 'player_num': 1}
2020-10-04 08:43:34,123 : INFO : EventManager : Event: ======'soul_lanes_hit'====== Args={}
2020-10-04 08:43:34,124 : INFO : EventManager : Event: ======'soul_lanes_unlit_hit'====== Args={}
2020-10-04 08:43:34,299 : INFO : SwitchController : <<<<<<< 's_soul_O' inactive >>>>>>>
2020-10-04 08:43:36,634 : INFO : SwitchController : <<<<<<< 's_soul_U' active >>>>>>>
2020-10-04 08:43:36,634 : INFO : EventManager : Event: ======'s_soul_U_active'====== Args={}
2020-10-04 08:43:36,635 : INFO : EventManager : Event: ======'machine_var_audits_switches_s_soul_U'====== Args={'value': 129, 'prev_value': 128, 'change': 1}
2020-10-04 08:43:36,637 : INFO : EventManager : Event: ======'playfield_active'====== Args={}
2020-10-04 08:43:36,638 : INFO : EventManager : Event: ======'player_shot_soul_U'====== Args={'value': 1, 'prev_value': 0, 'change': 1, 'player_num': 1}
2020-10-04 08:43:36,645 : INFO : EventManager : Event: ======'machine_var_audits_shots_soul_U'====== Args={'value': 129, 'prev_value': 128, 'change': 1}
2020-10-04 08:43:36,646 : INFO : EventManager : Event: ======'soul_U_hit'====== Args={'profile': 'default', 'state': 'unlit', 'advancing': True}
2020-10-04 08:43:36,646 : INFO : EventManager : Event: ======'soul_U_default_hit'====== Args={'profile': 'default', 'state': 'unlit', 'advancing': True}
2020-10-04 08:43:36,647 : INFO : EventManager : Event: ======'soul_U_default_unlit_hit'====== Args={'profile': 'default', 'state': 'unlit', 'advancing': True}
2020-10-04 08:43:36,648 : INFO : EventManager : Event: ======'soul_U_unlit_hit'====== Args={'profile': 'default', 'state': 'unlit', 'advancing': True}
2020-10-04 08:43:36,648 : INFO : EventManager : Event: ======'player_score'====== Args={'value': 4200, 'prev_value': 4190, 'change': 10, 'player_num': 1}
2020-10-04 08:43:36,649 : INFO : EventManager : Event: ======'soul_lanes_complete'====== Args={'state': 'lit'}
2020-10-04 08:43:36,650 : INFO : EventManager : Event: ======'soul_lanes_lit_complete'====== Args={}
2020-10-04 08:43:36,650 : INFO : EventManager : Event: ======'soul_lanes_hit'====== Args={}
2020-10-04 08:43:36,651 : INFO : EventManager : Event: ======'soul_lanes_unlit_hit'====== Args={}
2020-10-04 08:43:36,651 : INFO : EventManager : Event: ======'player_score'====== Args={'value': 5200, 'prev_value': 4200, 'change': 1000, 'player_num': 1}
2020-10-04 08:43:36,653 : INFO : EventManager : Event: ======'logicblock_soul_complete_count_updated'====== Args={'value': 6, 'enabled': True}
2020-10-04 08:43:36,653 : INFO : EventManager : Event: ======'soul_lanes_done'====== Args={'count': 6}
2020-10-04 08:43:36,823 : INFO : SwitchController : <<<<<<< 's_soul_U' inactive >>>>>>>
2020-10-04 08:43:37,654 : INFO : EventManager : Event: ======'player_shot_soul_S'====== Args={'value': 0, 'prev_value': 1, 'change': -1, 'player_num': 1}
2020-10-04 08:43:37,656 : INFO : EventManager : Event: ======'player_shot_soul_O'====== Args={'value': 0, 'prev_value': 1, 'change': -1, 'player_num': 1}
2020-10-04 08:43:37,659 : INFO : EventManager : Event: ======'player_shot_soul_U'====== Args={'value': 0, 'prev_value': 1, 'change': -1, 'player_num': 1}
2020-10-04 08:43:37,662 : INFO : EventManager : Event: ======'player_shot_soul_L'====== Args={'value': 0, 'prev_value': 1, 'change': -1, 'player_num': 1}
2020-10-04 08:43:37,972 : INFO : SwitchController : <<<<<<< 's_soul_S' active >>>>>>>
2020-10-04 08:43:37,972 : INFO : EventManager : Event: ======'s_soul_S_active'====== Args={}
2020-10-04 08:43:37,973 : INFO : EventManager : Event: ======'machine_var_audits_switches_s_soul_S'====== Args={'value': 154, 'prev_value': 153, 'change': 1}
2020-10-04 08:43:37,976 : INFO : EventManager : Event: ======'playfield_active'====== Args={}
2020-10-04 08:43:37,977 : INFO : EventManager : Event: ======'player_shot_soul_S'====== Args={'value': 1, 'prev_value': 0, 'change': 1, 'player_num': 1}
2020-10-04 08:43:37,980 : INFO : EventManager : Event: ======'machine_var_audits_shots_soul_S'====== Args={'value': 154, 'prev_value': 153, 'change': 1}
2020-10-04 08:43:37,982 : INFO : EventManager : Event: ======'soul_S_hit'====== Args={'profile': 'default', 'state': 'unlit', 'advancing': True}
2020-10-04 08:43:37,983 : INFO : EventManager : Event: ======'soul_S_default_hit'====== Args={'profile': 'default', 'state': 'unlit', 'advancing': True}
2020-10-04 08:43:37,983 : INFO : EventManager : Event: ======'soul_S_default_unlit_hit'====== Args={'profile': 'default', 'state': 'unlit', 'advancing': True}
2020-10-04 08:43:37,984 : INFO : EventManager : Event: ======'soul_S_unlit_hit'====== Args={'profile': 'default', 'state': 'unlit', 'advancing': True}
2020-10-04 08:43:37,985 : INFO : EventManager : Event: ======'player_score'====== Args={'value': 5210, 'prev_value': 5200, 'change': 10, 'player_num': 1}
2020-10-04 08:43:37,987 : INFO : EventManager : Event: ======'soul_lanes_hit'====== Args={}
2020-10-04 08:43:37,989 : INFO : EventManager : Event: ======'soul_lanes_unlit_hit'====== Args={}
2020-10-04 08:43:38,163 : INFO : SwitchController : <<<<<<< 's_soul_S' inactive >>>>>>>
2020-10-04 08:43:38,828 : INFO : SwitchController : <<<<<<< 's_soul_O' active >>>>>>>
2020-10-04 08:43:38,828 : INFO : EventManager : Event: ======'s_soul_O_active'====== Args={}
2020-10-04 08:43:38,830 : INFO : EventManager : Event: ======'machine_var_audits_switches_s_soul_O'====== Args={'value': 138, 'prev_value': 137, 'change': 1}
2020-10-04 08:43:38,832 : INFO : EventManager : Event: ======'playfield_active'====== Args={}
2020-10-04 08:43:38,832 : INFO : EventManager : Event: ======'player_shot_soul_O'====== Args={'value': 1, 'prev_value': 0, 'change': 1, 'player_num': 1}
2020-10-04 08:43:38,834 : INFO : EventManager : Event: ======'machine_var_audits_shots_soul_O'====== Args={'value': 133, 'prev_value': 132, 'change': 1}
2020-10-04 08:43:38,836 : INFO : EventManager : Event: ======'soul_O_hit'====== Args={'profile': 'default', 'state': 'unlit', 'advancing': True}
2020-10-04 08:43:38,836 : INFO : EventManager : Event: ======'soul_O_default_hit'====== Args={'profile': 'default', 'state': 'unlit', 'advancing': True}
2020-10-04 08:43:38,837 : INFO : EventManager : Event: ======'soul_O_default_unlit_hit'====== Args={'profile': 'default', 'state': 'unlit', 'advancing': True}
2020-10-04 08:43:38,837 : INFO : EventManager : Event: ======'soul_O_unlit_hit'====== Args={'profile': 'default', 'state': 'unlit', 'advancing': True}
2020-10-04 08:43:38,837 : INFO : EventManager : Event: ======'player_score'====== Args={'value': 5220, 'prev_value': 5210, 'change': 10, 'player_num': 1}
2020-10-04 08:43:38,838 : INFO : EventManager : Event: ======'soul_lanes_hit'====== Args={}
2020-10-04 08:43:38,839 : INFO : EventManager : Event: ======'soul_lanes_unlit_hit'====== Args={}
2020-10-04 08:43:39,017 : INFO : SwitchController : <<<<<<< 's_soul_O' inactive >>>>>>>
2020-10-04 08:43:39,173 : INFO : SwitchController : <<<<<<< 's_soul_U' active >>>>>>>
2020-10-04 08:43:39,174 : INFO : EventManager : Event: ======'s_soul_U_active'====== Args={}
2020-10-04 08:43:39,175 : INFO : EventManager : Event: ======'machine_var_audits_switches_s_soul_U'====== Args={'value': 130, 'prev_value': 129, 'change': 1}
2020-10-04 08:43:39,176 : INFO : EventManager : Event: ======'playfield_active'====== Args={}
2020-10-04 08:43:39,177 : INFO : EventManager : Event: ======'player_shot_soul_U'====== Args={'value': 1, 'prev_value': 0, 'change': 1, 'player_num': 1}
2020-10-04 08:43:39,179 : INFO : EventManager : Event: ======'machine_var_audits_shots_soul_U'====== Args={'value': 130, 'prev_value': 129, 'change': 1}
2020-10-04 08:43:39,180 : INFO : EventManager : Event: ======'soul_U_hit'====== Args={'profile': 'default', 'state': 'unlit', 'advancing': True}
2020-10-04 08:43:39,181 : INFO : EventManager : Event: ======'soul_U_default_hit'====== Args={'profile': 'default', 'state': 'unlit', 'advancing': True}
2020-10-04 08:43:39,181 : INFO : EventManager : Event: ======'soul_U_default_unlit_hit'====== Args={'profile': 'default', 'state': 'unlit', 'advancing': True}
2020-10-04 08:43:39,182 : INFO : EventManager : Event: ======'soul_U_unlit_hit'====== Args={'profile': 'default', 'state': 'unlit', 'advancing': True}
2020-10-04 08:43:39,183 : INFO : EventManager : Event: ======'player_score'====== Args={'value': 5230, 'prev_value': 5220, 'change': 10, 'player_num': 1}
2020-10-04 08:43:39,184 : INFO : EventManager : Event: ======'soul_lanes_hit'====== Args={}
2020-10-04 08:43:39,184 : INFO : EventManager : Event: ======'soul_lanes_unlit_hit'====== Args={}
2020-10-04 08:43:39,333 : INFO : SwitchController : <<<<<<< 's_soul_U' inactive >>>>>>>
2020-10-04 08:43:39,901 : INFO : SwitchController : <<<<<<< 's_soul_L' active >>>>>>>
2020-10-04 08:43:39,901 : INFO : EventManager : Event: ======'s_soul_L_active'====== Args={}
2020-10-04 08:43:39,902 : INFO : EventManager : Event: ======'machine_var_audits_switches_s_soul_L'====== Args={'value': 128, 'prev_value': 127, 'change': 1}
2020-10-04 08:43:39,904 : INFO : EventManager : Event: ======'playfield_active'====== Args={}
2020-10-04 08:43:39,904 : INFO : EventManager : Event: ======'player_shot_soul_L'====== Args={'value': 1, 'prev_value': 0, 'change': 1, 'player_num': 1}
2020-10-04 08:43:39,906 : INFO : EventManager : Event: ======'machine_var_audits_shots_soul_L'====== Args={'value': 127, 'prev_value': 126, 'change': 1}
2020-10-04 08:43:39,907 : INFO : EventManager : Event: ======'soul_L_hit'====== Args={'profile': 'default', 'state': 'unlit', 'advancing': True}
2020-10-04 08:43:39,908 : INFO : EventManager : Event: ======'soul_L_default_hit'====== Args={'profile': 'default', 'state': 'unlit', 'advancing': True}
2020-10-04 08:43:39,909 : INFO : EventManager : Event: ======'soul_L_default_unlit_hit'====== Args={'profile': 'default', 'state': 'unlit', 'advancing': True}
2020-10-04 08:43:39,910 : INFO : EventManager : Event: ======'soul_L_unlit_hit'====== Args={'profile': 'default', 'state': 'unlit', 'advancing': True}
2020-10-04 08:43:39,910 : INFO : EventManager : Event: ======'player_score'====== Args={'value': 5240, 'prev_value': 5230, 'change': 10, 'player_num': 1}
2020-10-04 08:43:39,911 : INFO : EventManager : Event: ======'soul_lanes_complete'====== Args={'state': 'lit'}
2020-10-04 08:43:39,912 : INFO : EventManager : Event: ======'soul_lanes_lit_complete'====== Args={}
2020-10-04 08:43:39,912 : INFO : EventManager : Event: ======'soul_lanes_hit'====== Args={}
2020-10-04 08:43:39,913 : INFO : EventManager : Event: ======'soul_lanes_unlit_hit'====== Args={}
2020-10-04 08:43:39,913 : INFO : EventManager : Event: ======'player_score'====== Args={'value': 6240, 'prev_value': 5240, 'change': 1000, 'player_num': 1}
2020-10-04 08:43:39,914 : INFO : EventManager : Event: ======'logicblock_soul_complete_count_updated'====== Args={'value': 7, 'enabled': True}
2020-10-04 08:43:39,915 : INFO : EventManager : Event: ======'soul_lanes_done'====== Args={'count': 7}
2020-10-04 08:43:40,071 : INFO : SwitchController : <<<<<<< 's_soul_L' inactive >>>>>>>
2020-10-04 08:43:40,927 : INFO : EventManager : Event: ======'player_shot_soul_S'====== Args={'value': 0, 'prev_value': 1, 'change': -1, 'player_num': 1}
2020-10-04 08:43:40,929 : INFO : EventManager : Event: ======'player_shot_soul_O'====== Args={'value': 0, 'prev_value': 1, 'change': -1, 'player_num': 1}
2020-10-04 08:43:40,931 : INFO : EventManager : Event: ======'player_shot_soul_U'====== Args={'value': 0, 'prev_value': 1, 'change': -1, 'player_num': 1}
2020-10-04 08:43:40,933 : INFO : EventManager : Event: ======'player_shot_soul_L'====== Args={'value': 0, 'prev_value': 1, 'change': -1, 'player_num': 1}
2020-10-04 08:43:41,045 : INFO : SwitchController : <<<<<<< 's_soul_S' active >>>>>>>
2020-10-04 08:43:41,046 : INFO : EventManager : Event: ======'s_soul_S_active'====== Args={}
2020-10-04 08:43:41,046 : INFO : EventManager : Event: ======'machine_var_audits_switches_s_soul_S'====== Args={'value': 155, 'prev_value': 154, 'change': 1}
2020-10-04 08:43:41,049 : INFO : EventManager : Event: ======'playfield_active'====== Args={}
2020-10-04 08:43:41,049 : INFO : EventManager : Event: ======'player_shot_soul_S'====== Args={'value': 1, 'prev_value': 0, 'change': 1, 'player_num': 1}
2020-10-04 08:43:41,051 : INFO : EventManager : Event: ======'machine_var_audits_shots_soul_S'====== Args={'value': 155, 'prev_value': 154, 'change': 1}
2020-10-04 08:43:41,052 : INFO : EventManager : Event: ======'soul_S_hit'====== Args={'profile': 'default', 'state': 'unlit', 'advancing': True}
2020-10-04 08:43:41,053 : INFO : EventManager : Event: ======'soul_S_default_hit'====== Args={'profile': 'default', 'state': 'unlit', 'advancing': True}
2020-10-04 08:43:41,053 : INFO : EventManager : Event: ======'soul_S_default_unlit_hit'====== Args={'profile': 'default', 'state': 'unlit', 'advancing': True}
2020-10-04 08:43:41,054 : INFO : EventManager : Event: ======'soul_S_unlit_hit'====== Args={'profile': 'default', 'state': 'unlit', 'advancing': True}
2020-10-04 08:43:41,055 : INFO : EventManager : Event: ======'player_score'====== Args={'value': 6250, 'prev_value': 6240, 'change': 10, 'player_num': 1}
2020-10-04 08:43:41,056 : INFO : EventManager : Event: ======'soul_lanes_hit'====== Args={}
2020-10-04 08:43:41,056 : INFO : EventManager : Event: ======'soul_lanes_unlit_hit'====== Args={}
2020-10-04 08:43:41,226 : INFO : SwitchController : <<<<<<< 's_soul_S' inactive >>>>>>>
2020-10-04 08:43:41,299 : INFO : SwitchController : <<<<<<< 's_soul_O' active >>>>>>>
2020-10-04 08:43:41,299 : INFO : EventManager : Event: ======'s_soul_O_active'====== Args={}
2020-10-04 08:43:41,300 : INFO : EventManager : Event: ======'machine_var_audits_switches_s_soul_O'====== Args={'value': 139, 'prev_value': 138, 'change': 1}
2020-10-04 08:43:41,302 : INFO : EventManager : Event: ======'playfield_active'====== Args={}
2020-10-04 08:43:41,302 : INFO : EventManager : Event: ======'player_shot_soul_O'====== Args={'value': 1, 'prev_value': 0, 'change': 1, 'player_num': 1}
2020-10-04 08:43:41,304 : INFO : EventManager : Event: ======'machine_var_audits_shots_soul_O'====== Args={'value': 134, 'prev_value': 133, 'change': 1}
2020-10-04 08:43:41,305 : INFO : EventManager : Event: ======'soul_O_hit'====== Args={'profile': 'default', 'state': 'unlit', 'advancing': True}
2020-10-04 08:43:41,306 : INFO : EventManager : Event: ======'soul_O_default_hit'====== Args={'profile': 'default', 'state': 'unlit', 'advancing': True}
2020-10-04 08:43:41,307 : INFO : EventManager : Event: ======'soul_O_default_unlit_hit'====== Args={'profile': 'default', 'state': 'unlit', 'advancing': True}
2020-10-04 08:43:41,307 : INFO : EventManager : Event: ======'soul_O_unlit_hit'====== Args={'profile': 'default', 'state': 'unlit', 'advancing': True}
2020-10-04 08:43:41,308 : INFO : EventManager : Event: ======'player_score'====== Args={'value': 6260, 'prev_value': 6250, 'change': 10, 'player_num': 1}
2020-10-04 08:43:41,309 : INFO : EventManager : Event: ======'soul_lanes_hit'====== Args={}
2020-10-04 08:43:41,309 : INFO : EventManager : Event: ======'soul_lanes_unlit_hit'====== Args={}
2020-10-04 08:43:41,482 : INFO : SwitchController : <<<<<<< 's_soul_O' inactive >>>>>>>
2020-10-04 08:43:41,542 : INFO : SwitchController : <<<<<<< 's_soul_U' active >>>>>>>
2020-10-04 08:43:41,542 : INFO : EventManager : Event: ======'s_soul_U_active'====== Args={}
2020-10-04 08:43:41,543 : INFO : EventManager : Event: ======'machine_var_audits_switches_s_soul_U'====== Args={'value': 131, 'prev_value': 130, 'change': 1}
2020-10-04 08:43:41,545 : INFO : EventManager : Event: ======'playfield_active'====== Args={}
2020-10-04 08:43:41,546 : INFO : EventManager : Event: ======'player_shot_soul_U'====== Args={'value': 1, 'prev_value': 0, 'change': 1, 'player_num': 1}
2020-10-04 08:43:41,548 : INFO : EventManager : Event: ======'machine_var_audits_shots_soul_U'====== Args={'value': 131, 'prev_value': 130, 'change': 1}
2020-10-04 08:43:41,550 : INFO : EventManager : Event: ======'soul_U_hit'====== Args={'profile': 'default', 'state': 'unlit', 'advancing': True}
2020-10-04 08:43:41,550 : INFO : EventManager : Event: ======'soul_U_default_hit'====== Args={'profile': 'default', 'state': 'unlit', 'advancing': True}
2020-10-04 08:43:41,551 : INFO : EventManager : Event: ======'soul_U_default_unlit_hit'====== Args={'profile': 'default', 'state': 'unlit', 'advancing': True}
2020-10-04 08:43:41,552 : INFO : EventManager : Event: ======'soul_U_unlit_hit'====== Args={'profile': 'default', 'state': 'unlit', 'advancing': True}
2020-10-04 08:43:41,552 : INFO : EventManager : Event: ======'player_score'====== Args={'value': 6270, 'prev_value': 6260, 'change': 10, 'player_num': 1}
2020-10-04 08:43:41,553 : INFO : EventManager : Event: ======'soul_lanes_hit'====== Args={}
2020-10-04 08:43:41,554 : INFO : EventManager : Event: ======'soul_lanes_unlit_hit'====== Args={}
2020-10-04 08:43:41,631 : INFO : SwitchController : <<<<<<< 's_soul_U' inactive >>>>>>>
2020-10-04 08:43:41,846 : INFO : SwitchController : <<<<<<< 's_soul_L' active >>>>>>>
2020-10-04 08:43:41,847 : INFO : EventManager : Event: ======'s_soul_L_active'====== Args={}
2020-10-04 08:43:41,847 : INFO : EventManager : Event: ======'machine_var_audits_switches_s_soul_L'====== Args={'value': 129, 'prev_value': 128, 'change': 1}
2020-10-04 08:43:41,849 : INFO : EventManager : Event: ======'playfield_active'====== Args={}
2020-10-04 08:43:41,850 : INFO : EventManager : Event: ======'player_shot_soul_L'====== Args={'value': 1, 'prev_value': 0, 'change': 1, 'player_num': 1}
2020-10-04 08:43:41,852 : INFO : EventManager : Event: ======'machine_var_audits_shots_soul_L'====== Args={'value': 128, 'prev_value': 127, 'change': 1}
2020-10-04 08:43:41,853 : INFO : EventManager : Event: ======'soul_L_hit'====== Args={'profile': 'default', 'state': 'unlit', 'advancing': True}
2020-10-04 08:43:41,854 : INFO : EventManager : Event: ======'soul_L_default_hit'====== Args={'profile': 'default', 'state': 'unlit', 'advancing': True}
2020-10-04 08:43:41,854 : INFO : EventManager : Event: ======'soul_L_default_unlit_hit'====== Args={'profile': 'default', 'state': 'unlit', 'advancing': True}
2020-10-04 08:43:41,855 : INFO : EventManager : Event: ======'soul_L_unlit_hit'====== Args={'profile': 'default', 'state': 'unlit', 'advancing': True}
2020-10-04 08:43:41,855 : INFO : EventManager : Event: ======'player_score'====== Args={'value': 6280, 'prev_value': 6270, 'change': 10, 'player_num': 1}
2020-10-04 08:43:41,856 : INFO : EventManager : Event: ======'soul_lanes_complete'====== Args={'state': 'lit'}
2020-10-04 08:43:41,857 : INFO : EventManager : Event: ======'soul_lanes_lit_complete'====== Args={}
2020-10-04 08:43:41,858 : INFO : EventManager : Event: ======'soul_lanes_hit'====== Args={}
2020-10-04 08:43:41,858 : INFO : EventManager : Event: ======'soul_lanes_unlit_hit'====== Args={}
2020-10-04 08:43:41,859 : INFO : EventManager : Event: ======'player_score'====== Args={'value': 7280, 'prev_value': 6280, 'change': 1000, 'player_num': 1}
2020-10-04 08:43:41,860 : INFO : EventManager : Event: ======'logicblock_soul_complete_count_updated'====== Args={'value': 8, 'enabled': True}
2020-10-04 08:43:41,860 : INFO : EventManager : Event: ======'soul_lanes_done'====== Args={'count': 8}
2020-10-04 08:43:42,001 : INFO : SwitchController : <<<<<<< 's_soul_L' inactive >>>>>>>
2020-10-04 08:43:42,854 : INFO : EventManager : Event: ======'player_shot_soul_S'====== Args={'value': 0, 'prev_value': 1, 'change': -1, 'player_num': 1}
2020-10-04 08:43:42,856 : INFO : EventManager : Event: ======'player_shot_soul_O'====== Args={'value': 0, 'prev_value': 1, 'change': -1, 'player_num': 1}
2020-10-04 08:43:42,857 : INFO : EventManager : Event: ======'player_shot_soul_U'====== Args={'value': 0, 'prev_value': 1, 'change': -1, 'player_num': 1}
2020-10-04 08:43:42,859 : INFO : EventManager : Event: ======'player_shot_soul_L'====== Args={'value': 0, 'prev_value': 1, 'change': -1, 'player_num': 1}
2020-10-04 08:43:51,281 : INFO : Machine : Shutting down...
2020-10-04 08:43:51,281 : INFO : EventManager : Event: ======'shutdown'====== Args={}
2020-10-04 08:43:51,281 : INFO : root : MPF run loop ended.
