2020-10-03 17:45:37,183 : kivy : Factory: 184 symbols loaded
2020-10-03 17:45:37,616 : kivy : ImageLoaderFFPy: Using ffpyplayer 4.3.1
2020-10-03 17:45:37,619 : kivy : Image: Providers: img_tex, img_dds, img_sdl2, img_pil, img_ffpyplayer, img_gif 
2020-10-03 17:45:37,756 : kivy : VideoGstplayer: Using Gstreamer 1.16.0.0
2020-10-03 17:45:37,757 : kivy : Video: Provider: gstplayer
2020-10-03 17:45:37,953 : kivy : Loading MPF-MC controller
2020-10-03 17:45:37,968 : YamlMultifileConfigLoader : Machine config file #1: config
2020-10-03 17:45:37,969 : ConfigProcessor : Config file in cache changed: c:\Pinball\Cuphead\config\config
2020-10-03 17:45:37,970 : ConfigProcessor : Loading config from file c:\users\themi\appdata\local\programs\python\python36\lib\site-packages\mpfmc\mcconfig.yaml.
2020-10-03 17:45:38,083 : ConfigProcessor : Loading config: c:\users\themi\appdata\local\programs\python\python36\lib\site-packages\mpfmc\mcconfig.yaml
2020-10-03 17:45:38,084 : ConfigProcessor : Loading config from file c:\Pinball\Cuphead\config\config.
2020-10-03 17:45:38,113 : ConfigProcessor : Loading config: c:\Pinball\Cuphead\config\config
2020-10-03 17:45:38,129 : ConfigProcessor : Loading config: c:\Pinball\Cuphead\config\keyboard.yaml
2020-10-03 17:45:38,187 : ConfigProcessor : Loading config: c:\Pinball\Cuphead\config\hwSwitches.yaml
2020-10-03 17:45:38,317 : ConfigProcessor : Loading config: c:\Pinball\Cuphead\config\hwLights.yaml
2020-10-03 17:45:38,357 : ConfigProcessor : Loading config: c:\Pinball\Cuphead\config\hwCoils.yaml
2020-10-03 17:45:38,365 : ConfigProcessor : Config file cache created: C:\Users\themi\AppData\Local\Temp\1bf5539849bfae2fda5beb863cde560d.mpf_cache
2020-10-03 17:45:38,367 : ConfigProcessor : Loading config from cache: C:\Users\themi\AppData\Local\Temp\7964e52b22911e9b68a8022172b185f3.mpf_cache
2020-10-03 17:45:38,368 : ConfigProcessor : Loading config from cache: C:\Users\themi\AppData\Local\Temp\4fcecb70f81c3c2fefb8e65ae9a0af5f.mpf_cache
2020-10-03 17:45:38,371 : ConfigProcessor : Loading config from cache: C:\Users\themi\AppData\Local\Temp\b2a05f27b99f0404929b6678617f21a2.mpf_cache
2020-10-03 17:45:38,372 : ConfigProcessor : Loading config from cache: C:\Users\themi\AppData\Local\Temp\ee661b7bde9ac1aee26ef2e16bd36711.mpf_cache
2020-10-03 17:45:38,373 : mpfmc : Mission Pinball Framework Media Controller v0.54.0-dev.20
2020-10-03 17:45:38,373 : mpfmc : Mission Pinball Framework Game Engine v0.54.0-dev.72
2020-10-03 17:45:38,374 : mpfmc : Machine path: c:\Pinball\Cuphead
2020-10-03 17:45:38,374 : mpfmc : Starting clock at 60.0Hz
2020-10-03 17:45:38,420 : kivy : Text: Provider: sdl2
2020-10-03 17:45:38,512 : kivy : Window: Provider: sdl2
2020-10-03 17:45:39,670 : kivy : GL: Using the "OpenGL" graphics system
2020-10-03 17:45:39,674 : kivy : GL: GLEW initialization succeeded
2020-10-03 17:45:39,675 : kivy : GL: Backend used <glew>
2020-10-03 17:45:39,687 : kivy : GL: OpenGL version <b'4.5.14568 Compatibility Profile Context 24.20.12050.0'>
2020-10-03 17:45:39,687 : kivy : GL: OpenGL vendor <b'ATI Technologies Inc.'>
2020-10-03 17:45:39,687 : kivy : GL: OpenGL renderer <b'AMD Radeon(TM) R4 Graphics'>
2020-10-03 17:45:39,690 : kivy : GL: OpenGL parsed version: 4, 5
2020-10-03 17:45:39,690 : kivy : GL: Shading version <b'4.50'>
2020-10-03 17:45:39,690 : kivy : GL: Texture max size <16384>
2020-10-03 17:45:39,690 : kivy : GL: Texture max units <32>
2020-10-03 17:45:39,749 : kivy : Window: auto add sdl2 input provider
2020-10-03 17:45:39,750 : kivy : Window: virtual keyboard not allowed, single mode, not docked
2020-10-03 17:45:39,770 : SoundSystem : SoundSystem: Using default 'sound_system' settings
2020-10-03 17:45:40,602 : AudioInterface : Initialized
2020-10-03 17:45:40,603 : SoundSystem : No audio tracks are specified in your machine config file. a track named 'default' has been created.
2020-10-03 17:45:40,609 : kivy : Base: Start application main loop
2020-10-03 17:45:40,613 : EventManager : Event: ======'display_window_initialized'====== Args={}
2020-10-03 17:45:40,674 : mpfmc : Display: Setting 'window' as default display
2020-10-03 17:45:40,690 : EventManager : Event: ======'displays_initialized'====== Args={}
2020-10-03 17:45:40,693 : EventManager : Event: ======'slide_window_blank_created'====== Args={}
2020-10-03 17:45:40,694 : EventManager : Event: ======'display_window_ready'====== Args={}
2020-10-03 17:45:40,729 : EventManager : Event: ======'init_phase_1'====== Args={}
2020-10-03 17:45:40,739 : EventManager : Event: ======'mc_ready'====== Args={}
2020-10-03 17:45:40,739 : EventManager : Event: ======'init_phase_2'====== Args={}
2020-10-03 17:45:40,746 : EventManager : Event: ======'init_phase_3'====== Args={}
2020-10-03 17:45:40,748 : AssetManager : Registering Asset: cupHighScore, File: cupHighScore.ogg, Default Group: default, Final Config: {'load': 'preload', 'file': 'c:\\Pinball\\Cuphead\\modes\\base\\sounds\\music\\cupHighScore.ogg'}
2020-10-03 17:45:40,749 : AssetManager : Registering Asset: cupMusic1, File: cupMusic1.ogg, Default Group: default, Final Config: {'load': 'preload', 'target': 'music', 'loop': -1, 'mode_end_action': 'stop', 'file': 'c:\\Pinball\\Cuphead\\modes\\base\\sounds\\music\\cupMusic1.ogg'}
2020-10-03 17:45:40,749 : AssetManager : Registering Asset: cupMusic2, File: cupMusic2.ogg, Default Group: default, Final Config: {'load': 'preload', 'target': 'music', 'loop': -1, 'mode_end_action': 'stop', 'file': 'c:\\Pinball\\Cuphead\\modes\\base\\sounds\\music\\cupMusic2.ogg'}
2020-10-03 17:45:40,749 : AssetManager : Registering Asset: cupMusic3, File: cupMusic3.ogg, Default Group: default, Final Config: {'load': 'preload', 'target': 'music', 'loop': -1, 'mode_end_action': 'stop', 'file': 'c:\\Pinball\\Cuphead\\modes\\base\\sounds\\music\\cupMusic3.ogg'}
2020-10-03 17:45:40,749 : AssetManager : Registering Asset: cupMusic4, File: cupMusic4.ogg, Default Group: default, Final Config: {'load': 'preload', 'target': 'music', 'loop': -1, 'mode_end_action': 'stop', 'file': 'c:\\Pinball\\Cuphead\\modes\\base\\sounds\\music\\cupMusic4.ogg'}
2020-10-03 17:45:40,749 : AssetManager : Registering Asset: cupMusic5, File: cupMusic5.ogg, Default Group: default, Final Config: {'load': 'preload', 'file': 'c:\\Pinball\\Cuphead\\modes\\base\\sounds\\music\\cupMusic5.ogg'}
2020-10-03 17:45:40,750 : AssetManager : Registering Asset: cupMusic6, File: cupMusic6.ogg, Default Group: default, Final Config: {'load': 'preload', 'file': 'c:\\Pinball\\Cuphead\\modes\\base\\sounds\\music\\cupMusic6.ogg'}
2020-10-03 17:45:40,750 : AssetManager : Registering Asset: cupMusic7, File: cupMusic7.ogg, Default Group: default, Final Config: {'load': 'preload', 'file': 'c:\\Pinball\\Cuphead\\modes\\base\\sounds\\music\\cupMusic7.ogg'}
2020-10-03 17:45:40,750 : AssetManager : Registering Asset: cupMusic8, File: cupMusic8.ogg, Default Group: default, Final Config: {'load': 'preload', 'file': 'c:\\Pinball\\Cuphead\\modes\\base\\sounds\\music\\cupMusic8.ogg'}
2020-10-03 17:45:40,750 : AssetManager : Registering Asset: cupMusic9, File: cupMusic9.ogg, Default Group: default, Final Config: {'load': 'preload', 'file': 'c:\\Pinball\\Cuphead\\modes\\base\\sounds\\music\\cupMusic9.ogg'}
2020-10-03 17:45:40,750 : AssetManager : Registering Asset: game_play_1, File: game_play_1.ogg, Default Group: default, Final Config: {'load': 'preload', 'file': 'c:\\Pinball\\Cuphead\\modes\\base\\sounds\\music\\game_play_1.ogg'}
2020-10-03 17:45:40,754 : AssetManager : Registering Asset: attract_music, File: attract_music.ogg, Default Group: default, Final Config: {'load': 'preload', 'file': 'c:\\Pinball\\Cuphead\\modes\\attract\\sounds\\music\\attract_music.ogg'}
2020-10-03 17:45:40,754 : EventManager : Event: ======'init_phase_4'====== Args={}
2020-10-03 17:45:40,755 : EventManager : Event: ======'init_phase_5'====== Args={}
2020-10-03 17:45:45,429 : EventManager : Event: ======'loading_assets'====== Args={'total': 12, 'loaded': 1, 'remaining': 11, 'percent': 8}
2020-10-03 17:45:45,429 : AssetManager : Loading assets: 1/12 (8%)
2020-10-03 17:45:47,500 : EventManager : Event: ======'loading_assets'====== Args={'total': 12, 'loaded': 6, 'remaining': 6, 'percent': 50}
2020-10-03 17:45:47,501 : AssetManager : Loading assets: 6/12 (50%)
2020-10-03 17:45:49,306 : EventManager : Event: ======'loading_assets'====== Args={'total': 12, 'loaded': 8, 'remaining': 4, 'percent': 67}
2020-10-03 17:45:49,307 : AssetManager : Loading assets: 8/12 (67%)
2020-10-03 17:45:50,750 : EventManager : Event: ======'loading_assets'====== Args={'total': 12, 'loaded': 10, 'remaining': 2, 'percent': 83}
2020-10-03 17:45:52,235 : AssetManager : Loading assets: 10/12 (83%)
2020-10-03 17:45:53,657 : EventManager : Event: ======'loading_assets'====== Args={'total': 12, 'loaded': 12, 'remaining': 0, 'percent': 100}
2020-10-03 17:45:53,657 : AssetManager : Asset loading took: 13.053154945373535
2020-10-03 17:45:53,658 : EventManager : Event: ======'asset_loading_complete'====== Args={}
2020-10-03 17:45:53,658 : AssetManager : Loading assets: 12/12 (100%)
2020-10-03 17:45:53,658 : EventManager : Event: ======'init_done'====== Args={}
2020-10-03 17:45:53,660 : MPF-MC BCP Server : Starting up on localhost port 5050
2020-10-03 17:45:53,991 : MPF-MC BCP Server : Waiting for a connection...
2020-10-03 17:45:53,992 : mpfmc : SlidePlayer: Play called with settings={'slides': {welcome_slide-None-None: {'priority': None, 'target': None, 'background_color': [0.0, 0.0, 0.0, 1.0], 'show': True, 'force': False, 'expire': None, 'slide': None, 'tokens': {}, 'action': 'play', 'transition': None, 'transition_out': None}}}
2020-10-03 17:45:54,008 : kivy : GL: NPOT texture support is available
2020-10-03 17:45:54,009 : EventManager : Event: ======'slide_welcome_slide_created'====== Args={}
2020-10-03 17:45:54,015 : EventManager : Event: ======'slide_welcome_slide_active'====== Args={}
2020-10-03 17:45:54,043 : EventManager : Event: ======'client_disconnected'====== Args={'host': '127.0.0.1', 'port': 5050}
2020-10-03 17:45:56,251 : MPF-MC BCP Server : Received connection from: 127.0.0.1:53427
2020-10-03 17:45:56,261 : EventManager : Event: ======'client_connected'====== Args={'host': '127.0.0.1', 'port': 53427}
2020-10-03 17:45:56,310 : EventManager : Event: ======'machine_var_credits_string'====== Args={'value': 'FREE PLAY', 'prev_value': None, 'change': True}
2020-10-03 17:45:56,310 : EventManager : Event: ======'machine_var_player1_score'====== Args={'value': 8110, 'prev_value': None, 'change': True}
2020-10-03 17:45:56,311 : EventManager : Event: ======'machine_var_mpf_version'====== Args={'value': 'MPF v0.54.0-dev.72', 'prev_value': None, 'change': True}
2020-10-03 17:45:56,311 : EventManager : Event: ======'machine_var_mpf_extended_version'====== Args={'value': 'MPF v0.54.0-dev.72, Config version:5, Show version: 5, BCP version:1.1', 'prev_value': None, 'change': True}
2020-10-03 17:45:56,311 : EventManager : Event: ======'machine_var_python_version'====== Args={'value': '3.6.4', 'prev_value': None, 'change': True}
2020-10-03 17:45:56,311 : EventManager : Event: ======'machine_var_platform'====== Args={'value': 'Windows-10-10.0.18362-SP0', 'prev_value': None, 'change': True}
2020-10-03 17:45:56,313 : EventManager : Event: ======'machine_var_platform_system'====== Args={'value': 'Windows', 'prev_value': None, 'change': True}
2020-10-03 17:45:56,313 : EventManager : Event: ======'machine_var_platform_release'====== Args={'value': '10', 'prev_value': None, 'change': True}
2020-10-03 17:45:56,313 : EventManager : Event: ======'machine_var_platform_version'====== Args={'value': '10.0.18362', 'prev_value': None, 'change': True}
2020-10-03 17:45:56,314 : EventManager : Event: ======'machine_var_platform_machine'====== Args={'value': 'AMD64', 'prev_value': None, 'change': True}
2020-10-03 17:45:56,314 : EventManager : Event: ======'machine_var_mc_version'====== Args={'value': 'MPF-MC v0.54.0-dev.20', 'prev_value': None, 'change': True}
2020-10-03 17:45:56,314 : EventManager : Event: ======'machine_var_mc_extended_version'====== Args={'value': 'MPF-MC v0.54.0-dev.20 (config_version=5, BCP v1.1, Requires MPF v0.54.0-dev.68)', 'prev_value': None, 'change': True}
2020-10-03 17:45:56,314 : EventManager : Event: ======'machine_var_master_volume'====== Args={'value': 0.5, 'prev_value': None, 'change': True}
2020-10-03 17:45:56,485 : EventManager : Event: ======'machine_var_audits_events_game_ended'====== Args={'value': 21, 'prev_value': None, 'change': True}
2020-10-03 17:45:56,486 : EventManager : Event: ======'machine_var_audits_events_game_started'====== Args={'value': 40, 'prev_value': None, 'change': True}
2020-10-03 17:45:56,487 : EventManager : Event: ======'machine_var_audits_player_score'====== Args={'value': {'average': 530.4761904761905, 'top': [2970, 1300, 1220, 980, 880, 780, 720, 710, 630, 590], 'total': 21}, 'prev_value': None, 'change': True}
2020-10-03 17:45:56,488 : EventManager : Event: ======'machine_var_audits_shots_soul_L'====== Args={'value': 51, 'prev_value': None, 'change': True}
2020-10-03 17:45:56,489 : EventManager : Event: ======'machine_var_audits_shots_soul_O'====== Args={'value': 54, 'prev_value': None, 'change': True}
2020-10-03 17:45:56,491 : EventManager : Event: ======'machine_var_audits_shots_soul_S'====== Args={'value': 59, 'prev_value': None, 'change': True}
2020-10-03 17:45:56,493 : EventManager : Event: ======'machine_var_audits_shots_soul_U'====== Args={'value': 55, 'prev_value': None, 'change': True}
2020-10-03 17:45:56,494 : EventManager : Event: ======'machine_var_audits_switches_s_coin'====== Args={'value': 20, 'prev_value': None, 'change': True}
2020-10-03 17:45:56,503 : EventManager : Event: ======'machine_var_audits_switches_s_dash_L'====== Args={'value': 0, 'prev_value': None, 'change': True}
2020-10-03 17:45:56,504 : EventManager : Event: ======'machine_var_audits_switches_s_dash_R'====== Args={'value': 0, 'prev_value': None, 'change': True}
2020-10-03 17:45:56,504 : EventManager : Event: ======'machine_var_audits_switches_s_dtSling_L'====== Args={'value': 0, 'prev_value': None, 'change': True}
2020-10-03 17:45:56,505 : EventManager : Event: ======'machine_var_audits_switches_s_dtSling_R'====== Args={'value': 0, 'prev_value': None, 'change': True}
2020-10-03 17:45:56,506 : EventManager : Event: ======'machine_var_audits_switches_s_dt_C'====== Args={'value': 34, 'prev_value': None, 'change': True}
2020-10-03 17:45:56,507 : EventManager : Event: ======'machine_var_audits_switches_s_dt_G'====== Args={'value': 8, 'prev_value': None, 'change': True}
2020-10-03 17:45:56,508 : EventManager : Event: ======'machine_var_audits_switches_s_dt_M'====== Args={'value': 8, 'prev_value': None, 'change': True}
2020-10-03 17:45:56,508 : EventManager : Event: ======'machine_var_audits_switches_s_dt_P'====== Args={'value': 18, 'prev_value': None, 'change': True}
2020-10-03 17:45:56,509 : EventManager : Event: ======'machine_var_audits_switches_s_dt_U'====== Args={'value': 25, 'prev_value': None, 'change': True}
2020-10-03 17:45:56,511 : EventManager : Event: ======'machine_var_audits_switches_s_dt_U2'====== Args={'value': 8, 'prev_value': None, 'change': True}
2020-10-03 17:45:56,511 : EventManager : Event: ======'machine_var_audits_switches_s_exit_shooter_lane'====== Args={'value': 331, 'prev_value': None, 'change': True}
2020-10-03 17:45:56,519 : EventManager : Event: ======'machine_var_audits_switches_s_inLane_L'====== Args={'value': 0, 'prev_value': None, 'change': True}
2020-10-03 17:45:56,519 : EventManager : Event: ======'machine_var_audits_switches_s_inLane_R'====== Args={'value': 0, 'prev_value': None, 'change': True}
2020-10-03 17:45:56,520 : EventManager : Event: ======'machine_var_audits_switches_s_kicker'====== Args={'value': 0, 'prev_value': None, 'change': True}
2020-10-03 17:45:56,521 : EventManager : Event: ======'machine_var_audits_switches_s_left_flipper'====== Args={'value': 146, 'prev_value': None, 'change': True}
2020-10-03 17:45:56,523 : EventManager : Event: ======'machine_var_audits_switches_s_midRight'====== Args={'value': 0, 'prev_value': None, 'change': True}
2020-10-03 17:45:56,526 : EventManager : Event: ======'machine_var_audits_switches_s_outLane_L'====== Args={'value': 0, 'prev_value': None, 'change': True}
2020-10-03 17:45:56,527 : EventManager : Event: ======'machine_var_audits_switches_s_outLane_R'====== Args={'value': 0, 'prev_value': None, 'change': True}
2020-10-03 17:45:56,528 : EventManager : Event: ======'machine_var_audits_switches_s_perdition'====== Args={'value': 0, 'prev_value': None, 'change': True}
2020-10-03 17:45:56,529 : EventManager : Event: ======'machine_var_audits_switches_s_playfield'====== Args={'value': 0, 'prev_value': None, 'change': True}
2020-10-03 17:45:56,529 : EventManager : Event: ======'machine_var_audits_switches_s_plunger'====== Args={'value': 513, 'prev_value': None, 'change': True}
2020-10-03 17:45:56,530 : EventManager : Event: ======'machine_var_audits_switches_s_popBumper_1'====== Args={'value': 410, 'prev_value': None, 'change': True}
2020-10-03 17:45:56,530 : EventManager : Event: ======'machine_var_audits_switches_s_popBumper_2'====== Args={'value': 410, 'prev_value': None, 'change': True}
2020-10-03 17:45:56,530 : EventManager : Event: ======'machine_var_audits_switches_s_popBumper_3'====== Args={'value': 143, 'prev_value': None, 'change': True}
2020-10-03 17:45:56,531 : EventManager : Event: ======'machine_var_audits_switches_s_pop_bumper1'====== Args={'value': 120, 'prev_value': None, 'change': True}
2020-10-03 17:45:56,538 : EventManager : Event: ======'machine_var_audits_switches_s_pop_bumper2'====== Args={'value': 153, 'prev_value': None, 'change': True}
2020-10-03 17:45:56,540 : EventManager : Event: ======'machine_var_audits_switches_s_pop_bumper3'====== Args={'value': 100, 'prev_value': None, 'change': True}
2020-10-03 17:45:56,541 : EventManager : Event: ======'machine_var_audits_switches_s_right_flipper'====== Args={'value': 200, 'prev_value': None, 'change': True}
2020-10-03 17:45:56,541 : EventManager : Event: ======'machine_var_audits_switches_s_sling_L'====== Args={'value': 0, 'prev_value': None, 'change': True}
2020-10-03 17:45:56,543 : EventManager : Event: ======'machine_var_audits_switches_s_sling_R'====== Args={'value': 0, 'prev_value': None, 'change': True}
2020-10-03 17:45:56,544 : EventManager : Event: ======'machine_var_audits_switches_s_soul_L'====== Args={'value': 52, 'prev_value': None, 'change': True}
2020-10-03 17:45:56,544 : EventManager : Event: ======'machine_var_audits_switches_s_soul_O'====== Args={'value': 59, 'prev_value': None, 'change': True}
2020-10-03 17:45:56,545 : EventManager : Event: ======'machine_var_audits_switches_s_soul_S'====== Args={'value': 59, 'prev_value': None, 'change': True}
2020-10-03 17:45:56,545 : EventManager : Event: ======'machine_var_audits_switches_s_soul_U'====== Args={'value': 55, 'prev_value': None, 'change': True}
2020-10-03 17:45:56,547 : EventManager : Event: ======'machine_var_audits_switches_s_standUp_1'====== Args={'value': 0, 'prev_value': None, 'change': True}
2020-10-03 17:45:56,548 : EventManager : Event: ======'machine_var_audits_switches_s_standUp_2'====== Args={'value': 0, 'prev_value': None, 'change': True}
2020-10-03 17:45:56,549 : EventManager : Event: ======'machine_var_audits_switches_s_standUp_3'====== Args={'value': 0, 'prev_value': None, 'change': True}
2020-10-03 17:45:56,560 : EventManager : Event: ======'machine_var_audits_switches_s_standUp_R'====== Args={'value': 0, 'prev_value': None, 'change': True}
2020-10-03 17:45:56,560 : EventManager : Event: ======'machine_var_audits_switches_s_star_1'====== Args={'value': 0, 'prev_value': None, 'change': True}
2020-10-03 17:45:56,561 : EventManager : Event: ======'machine_var_audits_switches_s_star_2'====== Args={'value': 0, 'prev_value': None, 'change': True}
2020-10-03 17:45:56,569 : EventManager : Event: ======'machine_var_audits_switches_s_star_3'====== Args={'value': 0, 'prev_value': None, 'change': True}
2020-10-03 17:45:56,569 : EventManager : Event: ======'machine_var_audits_switches_s_start'====== Args={'value': 66, 'prev_value': None, 'change': True}
2020-10-03 17:45:56,569 : EventManager : Event: ======'machine_var_audits_switches_s_tilt'====== Args={'value': 0, 'prev_value': None, 'change': True}
2020-10-03 17:45:56,570 : EventManager : Event: ======'machine_var_audits_switches_s_trough1'====== Args={'value': 503, 'prev_value': None, 'change': True}
2020-10-03 17:45:56,570 : EventManager : Event: ======'machine_var_audits_switches_s_trough2'====== Args={'value': 72, 'prev_value': None, 'change': True}
2020-10-03 17:45:56,570 : EventManager : Event: ======'machine_var_audits_switches_s_trough_jam'====== Args={'value': 13, 'prev_value': None, 'change': True}
2020-10-03 17:45:56,674 : EventManager : Event: ======'slides_play'====== Args={'settings': {'welcome_slide': {'target': None, 'background_color': [0.0, 0.0, 0.0, 1.0], 'priority': None, 'show': True, 'force': False, 'expire': None, 'slide': None, 'tokens': {}, 'action': 'play'}}, 'context': '_global', 'calling_context': 'init_done', 'priority': 0}
2020-10-03 17:45:56,676 : EventManager : Event: ======'mc_reset_phase_1'====== Args={}
2020-10-03 17:45:56,676 : mpfmc : SlidePlayer: Play called with settings={'welcome_slide': {'target': None, 'background_color': [0.0, 0.0, 0.0, 1.0], 'priority': None, 'show': True, 'force': False, 'expire': None, 'slide': None, 'tokens': {}, 'action': 'play'}}
2020-10-03 17:45:56,678 : EventManager : Event: ======'slide_welcome_slide_removed'====== Args={}
2020-10-03 17:45:56,684 : EventManager : Event: ======'slide_welcome_slide_created'====== Args={}
2020-10-03 17:45:56,686 : EventManager : Event: ======'mc_reset_phase_2'====== Args={}
2020-10-03 17:45:56,686 : EventManager : Event: ======'mc_reset_phase_3'====== Args={}
2020-10-03 17:45:56,686 : EventManager : Event: ======'mc_reset_complete'====== Args={}
2020-10-03 17:45:56,694 : EventManager : Event: ======'slide_welcome_slide_active'====== Args={}
2020-10-03 17:45:56,774 : EventManager : Event: ======'slides_play'====== Args={'settings': {'awesome_slide': {'widgets': [{'type': 'text', 'text': 'Cuphead Pinball', 'font_size': 50, '_default_settings': ['type', 'text', 'font_size'], 'x': None, 'y': None, 'anchor_x': 'center', 'anchor_y': 'center', 'round_anchor_x': None, 'round_anchor_y': None, 'opacity': 1.0, 'z': 0, 'reset_animations_events': {}, 'color': [1.0, 1.0, 1.0, 1.0], 'style': [], 'adjust_top': 0, 'adjust_bottom': 0, 'adjust_left': 0, 'adjust_right': 0, 'expire': None, 'key': None, 'widget': None, 'events_when_added': [], 'events_when_removed': [], 'bitmap_font': False, 'font_kerning': True, 'bold': False, 'italic': False, 'number_grouping': False, 'min_digits': 0, 'halign': 'center', 'valign': 'middle', 'rotation': 0, 'scale': 1.0, 'casing': None, 'animations': None}], 'transition': {'type': 'push', 'duration': 1.0, 'direction': 'left', 'easing': 'out_quad'}, 'target': None, 'background_color': [0.0, 0.0, 0.0, 1.0], 'priority': None, 'show': True, 'force': False, 'expire': None, 'slide': None, 'tokens': {}, 'action': 'play'}}, 'context': 'show_1', 'calling_context': 0, 'priority': 10, 'show_tokens': {}, 'start_time': 343198.296}
2020-10-03 17:45:56,775 : EventManager : Event: ======'sounds_play'====== Args={'settings': {'attract_music': {'loops': -1, 'mode_end_action': 'stop', 'priority': None, 'action': 'play', 'track': None, 'volume': None, 'pan': None, 'start_at': None, 'fade_in': None, 'fade_out': None, 'about_to_finish_time': -1.0, 'max_queue_time': -1.0, 'events_when_played': ['use_sound_setting'], 'events_when_stopped': ['use_sound_setting'], 'events_when_looping': ['use_sound_setting'], 'events_when_about_to_finish': ['use_sound_setting'], 'key': 'use_sound_setting'}}, 'context': 'attract', 'calling_context': 'mode_attract_started', 'priority': 10}
2020-10-03 17:45:56,777 : mpfmc : SlidePlayer: Play called with settings={'awesome_slide': {'widgets': [{'type': 'text', 'text': 'Cuphead Pinball', 'font_size': 50, '_default_settings': ['type', 'text', 'font_size'], 'x': None, 'y': None, 'anchor_x': 'center', 'anchor_y': 'center', 'round_anchor_x': None, 'round_anchor_y': None, 'opacity': 1.0, 'z': 0, 'reset_animations_events': {}, 'color': [1.0, 1.0, 1.0, 1.0], 'style': [], 'adjust_top': 0, 'adjust_bottom': 0, 'adjust_left': 0, 'adjust_right': 0, 'expire': None, 'key': None, 'widget': None, 'events_when_added': [], 'events_when_removed': [], 'bitmap_font': False, 'font_kerning': True, 'bold': False, 'italic': False, 'number_grouping': False, 'min_digits': 0, 'halign': 'center', 'valign': 'middle', 'rotation': 0, 'scale': 1.0, 'casing': None, 'animations': None}], 'transition': {'type': 'push', 'duration': 1.0, 'direction': 'left', 'easing': 'out_quad'}, 'target': None, 'background_color': [0.0, 0.0, 0.0, 1.0], 'priority': None, 'show': True, 'force': False, 'expire': None, 'slide': None, 'tokens': {}, 'action': 'play'}}
2020-10-03 17:45:56,787 : EventManager : Event: ======'slide_awesome_slide_created'====== Args={}
2020-10-03 17:45:56,797 : EventManager : Event: ======'slide_awesome_slide_active'====== Args={}
2020-10-03 17:45:59,690 : EventManager : Event: ======'slides_play'====== Args={'settings': {'press_start': {'widgets': [{'type': 'Text', 'text': 'PRESS START', 'animations': {'pre_show_slide': [{'property': ['opacity'], 'value': ['0'], 'duration': 0.5, 'relative': False, 'timing': 'after_previous', 'repeat': False, 'easing': 'linear'}, {'property': ['opacity'], 'value': ['1'], 'duration': 0.5, 'repeat': False, 'relative': False, 'timing': 'after_previous', 'easing': 'linear'}]}, '_default_settings': ['type', 'text', 'animations'], 'x': None, 'y': None, 'anchor_x': 'center', 'anchor_y': 'center', 'round_anchor_x': None, 'round_anchor_y': None, 'opacity': 1.0, 'z': 0, 'reset_animations_events': {}, 'color': [1.0, 1.0, 1.0, 1.0], 'style': [], 'adjust_top': 0, 'adjust_bottom': 0, 'adjust_left': 0, 'adjust_right': 0, 'expire': None, 'key': None, 'widget': None, 'events_when_added': [], 'events_when_removed': [], 'font_size': 15, 'bitmap_font': False, 'font_kerning': True, 'bold': False, 'italic': False, 'number_grouping': False, 'min_digits': 0, 'halign': 'center', 'valign': 'middle', 'rotation': 0, 'scale': 1.0, 'casing': None}, {'type': 'Text', 'text': 'FREE PLAY', 'color': [0.0, 0.5019607843137255, 0.0, 1], 'y': '10', 'anchor_y': 'bottom', '_default_settings': ['type', 'text', 'color', 'y', 'anchor_y'], 'x': None, 'anchor_x': 'center', 'round_anchor_x': None, 'round_anchor_y': None, 'opacity': 1.0, 'z': 0, 'reset_animations_events': {}, 'style': [], 'adjust_top': 0, 'adjust_bottom': 0, 'adjust_left': 0, 'adjust_right': 0, 'expire': None, 'key': None, 'widget': None, 'events_when_added': [], 'events_when_removed': [], 'font_size': 15, 'bitmap_font': False, 'font_kerning': True, 'bold': False, 'italic': False, 'number_grouping': False, 'min_digits': 0, 'halign': 'center', 'valign': 'middle', 'rotation': 0, 'scale': 1.0, 'casing': None, 'animations': None}], 'transition': {'type': 'move_in', 'duration': 1.0, 'direction': 'right', 'easing': 'out_quad'}, 'target': None, 'background_color': [0.0, 0.0, 0.0, 1.0], 'priority': None, 'show': True, 'force': False, 'expire': None, 'slide': None, 'tokens': {}, 'action': 'play'}}, 'context': 'show_1', 'calling_context': 1, 'priority': 10, 'show_tokens': {}, 'start_time': 343201.296}
2020-10-03 17:45:59,693 : mpfmc : SlidePlayer: Play called with settings={'press_start': {'widgets': [{'type': 'Text', 'text': 'PRESS START', 'animations': {'pre_show_slide': [{'property': ['opacity'], 'value': ['0'], 'duration': 0.5, 'relative': False, 'timing': 'after_previous', 'repeat': False, 'easing': 'linear'}, {'property': ['opacity'], 'value': ['1'], 'duration': 0.5, 'repeat': False, 'relative': False, 'timing': 'after_previous', 'easing': 'linear'}]}, '_default_settings': ['type', 'text', 'animations'], 'x': None, 'y': None, 'anchor_x': 'center', 'anchor_y': 'center', 'round_anchor_x': None, 'round_anchor_y': None, 'opacity': 1.0, 'z': 0, 'reset_animations_events': {}, 'color': [1.0, 1.0, 1.0, 1.0], 'style': [], 'adjust_top': 0, 'adjust_bottom': 0, 'adjust_left': 0, 'adjust_right': 0, 'expire': None, 'key': None, 'widget': None, 'events_when_added': [], 'events_when_removed': [], 'font_size': 15, 'bitmap_font': False, 'font_kerning': True, 'bold': False, 'italic': False, 'number_grouping': False, 'min_digits': 0, 'halign': 'center', 'valign': 'middle', 'rotation': 0, 'scale': 1.0, 'casing': None}, {'type': 'Text', 'text': 'FREE PLAY', 'color': [0.0, 0.5019607843137255, 0.0, 1], 'y': '10', 'anchor_y': 'bottom', '_default_settings': ['type', 'text', 'color', 'y', 'anchor_y'], 'x': None, 'anchor_x': 'center', 'round_anchor_x': None, 'round_anchor_y': None, 'opacity': 1.0, 'z': 0, 'reset_animations_events': {}, 'style': [], 'adjust_top': 0, 'adjust_bottom': 0, 'adjust_left': 0, 'adjust_right': 0, 'expire': None, 'key': None, 'widget': None, 'events_when_added': [], 'events_when_removed': [], 'font_size': 15, 'bitmap_font': False, 'font_kerning': True, 'bold': False, 'italic': False, 'number_grouping': False, 'min_digits': 0, 'halign': 'center', 'valign': 'middle', 'rotation': 0, 'scale': 1.0, 'casing': None, 'animations': None}], 'transition': {'type': 'move_in', 'duration': 1.0, 'direction': 'right', 'easing': 'out_quad'}, 'target': None, 'background_color': [0.0, 0.0, 0.0, 1.0], 'priority': None, 'show': True, 'force': False, 'expire': None, 'slide': None, 'tokens': {}, 'action': 'play'}}
2020-10-03 17:45:59,721 : EventManager : Event: ======'slide_press_start_created'====== Args={}
2020-10-03 17:45:59,729 : EventManager : Event: ======'slide_press_start_active'====== Args={}
2020-10-03 17:46:02,687 : EventManager : Event: ======'slides_play'====== Args={'settings': {'mission_pinball': {'widgets': [{'type': 'Text', 'text': 'MISSION PINBALL', 'color': [1.0, 0.0, 0.0, 1], '_default_settings': ['type', 'text', 'color'], 'x': None, 'y': None, 'anchor_x': 'center', 'anchor_y': 'center', 'round_anchor_x': None, 'round_anchor_y': None, 'opacity': 1.0, 'z': 0, 'reset_animations_events': {}, 'style': [], 'adjust_top': 0, 'adjust_bottom': 0, 'adjust_left': 0, 'adjust_right': 0, 'expire': None, 'key': None, 'widget': None, 'events_when_added': [], 'events_when_removed': [], 'font_size': 15, 'bitmap_font': False, 'font_kerning': True, 'bold': False, 'italic': False, 'number_grouping': False, 'min_digits': 0, 'halign': 'center', 'valign': 'middle', 'rotation': 0, 'scale': 1.0, 'casing': None, 'animations': None}], 'transition': {'type': 'move_in', 'duration': 1.0, 'direction': 'top', 'easing': 'out_quad'}, 'target': None, 'background_color': [0.0, 0.0, 0.0, 1.0], 'priority': None, 'show': True, 'force': False, 'expire': None, 'slide': None, 'tokens': {}, 'action': 'play'}}, 'context': 'show_1', 'calling_context': 2, 'priority': 10, 'show_tokens': {}, 'start_time': 343204.296}
2020-10-03 17:46:02,696 : mpfmc : SlidePlayer: Play called with settings={'mission_pinball': {'widgets': [{'type': 'Text', 'text': 'MISSION PINBALL', 'color': [1.0, 0.0, 0.0, 1], '_default_settings': ['type', 'text', 'color'], 'x': None, 'y': None, 'anchor_x': 'center', 'anchor_y': 'center', 'round_anchor_x': None, 'round_anchor_y': None, 'opacity': 1.0, 'z': 0, 'reset_animations_events': {}, 'style': [], 'adjust_top': 0, 'adjust_bottom': 0, 'adjust_left': 0, 'adjust_right': 0, 'expire': None, 'key': None, 'widget': None, 'events_when_added': [], 'events_when_removed': [], 'font_size': 15, 'bitmap_font': False, 'font_kerning': True, 'bold': False, 'italic': False, 'number_grouping': False, 'min_digits': 0, 'halign': 'center', 'valign': 'middle', 'rotation': 0, 'scale': 1.0, 'casing': None, 'animations': None}], 'transition': {'type': 'move_in', 'duration': 1.0, 'direction': 'top', 'easing': 'out_quad'}, 'target': None, 'background_color': [0.0, 0.0, 0.0, 1.0], 'priority': None, 'show': True, 'force': False, 'expire': None, 'slide': None, 'tokens': {}, 'action': 'play'}}
2020-10-03 17:46:02,735 : EventManager : Event: ======'slide_mission_pinball_created'====== Args={}
2020-10-03 17:46:02,745 : EventManager : Event: ======'slide_mission_pinball_active'====== Args={}
2020-10-03 17:46:05,725 : EventManager : Event: ======'slides_play'====== Args={'settings': {'last_game_score_slide': {'widgets': [{'type': 'text', 'text': 'LAST GAME', 'font_size': 50, 'y': '60%', '_default_settings': ['type', 'text', 'font_size', 'y'], 'x': None, 'anchor_x': 'center', 'anchor_y': 'center', 'round_anchor_x': None, 'round_anchor_y': None, 'opacity': 1.0, 'z': 0, 'reset_animations_events': {}, 'color': [1.0, 1.0, 1.0, 1.0], 'style': [], 'adjust_top': 0, 'adjust_bottom': 0, 'adjust_left': 0, 'adjust_right': 0, 'expire': None, 'key': None, 'widget': None, 'events_when_added': [], 'events_when_removed': [], 'bitmap_font': False, 'font_kerning': True, 'bold': False, 'italic': False, 'number_grouping': False, 'min_digits': 0, 'halign': 'center', 'valign': 'middle', 'rotation': 0, 'scale': 1.0, 'casing': None, 'animations': None}, {'type': 'text', 'text': '(machine|player1_score)', 'number_grouping': True, 'min_digits': 2, 'font_size': 50, 'y': '40%', '_default_settings': ['type', 'text', 'number_grouping', 'min_digits', 'font_size', 'y'], 'x': None, 'anchor_x': 'center', 'anchor_y': 'center', 'round_anchor_x': None, 'round_anchor_y': None, 'opacity': 1.0, 'z': 0, 'reset_animations_events': {}, 'color': [1.0, 1.0, 1.0, 1.0], 'style': [], 'adjust_top': 0, 'adjust_bottom': 0, 'adjust_left': 0, 'adjust_right': 0, 'expire': None, 'key': None, 'widget': None, 'events_when_added': [], 'events_when_removed': [], 'bitmap_font': False, 'font_kerning': True, 'bold': False, 'italic': False, 'halign': 'center', 'valign': 'middle', 'rotation': 0, 'scale': 1.0, 'casing': None, 'animations': None}], 'target': None, 'background_color': [0.0, 0.0, 0.0, 1.0], 'priority': None, 'show': True, 'force': False, 'expire': None, 'slide': None, 'tokens': {}, 'action': 'play'}}, 'context': 'show_1', 'calling_context': 3, 'priority': 10, 'show_tokens': {}, 'start_time': 343207.296}
2020-10-03 17:46:05,726 : mpfmc : SlidePlayer: Play called with settings={'last_game_score_slide': {'widgets': [{'type': 'text', 'text': 'LAST GAME', 'font_size': 50, 'y': '60%', '_default_settings': ['type', 'text', 'font_size', 'y'], 'x': None, 'anchor_x': 'center', 'anchor_y': 'center', 'round_anchor_x': None, 'round_anchor_y': None, 'opacity': 1.0, 'z': 0, 'reset_animations_events': {}, 'color': [1.0, 1.0, 1.0, 1.0], 'style': [], 'adjust_top': 0, 'adjust_bottom': 0, 'adjust_left': 0, 'adjust_right': 0, 'expire': None, 'key': None, 'widget': None, 'events_when_added': [], 'events_when_removed': [], 'bitmap_font': False, 'font_kerning': True, 'bold': False, 'italic': False, 'number_grouping': False, 'min_digits': 0, 'halign': 'center', 'valign': 'middle', 'rotation': 0, 'scale': 1.0, 'casing': None, 'animations': None}, {'type': 'text', 'text': '(machine|player1_score)', 'number_grouping': True, 'min_digits': 2, 'font_size': 50, 'y': '40%', '_default_settings': ['type', 'text', 'number_grouping', 'min_digits', 'font_size', 'y'], 'x': None, 'anchor_x': 'center', 'anchor_y': 'center', 'round_anchor_x': None, 'round_anchor_y': None, 'opacity': 1.0, 'z': 0, 'reset_animations_events': {}, 'color': [1.0, 1.0, 1.0, 1.0], 'style': [], 'adjust_top': 0, 'adjust_bottom': 0, 'adjust_left': 0, 'adjust_right': 0, 'expire': None, 'key': None, 'widget': None, 'events_when_added': [], 'events_when_removed': [], 'bitmap_font': False, 'font_kerning': True, 'bold': False, 'italic': False, 'halign': 'center', 'valign': 'middle', 'rotation': 0, 'scale': 1.0, 'casing': None, 'animations': None}], 'target': None, 'background_color': [0.0, 0.0, 0.0, 1.0], 'priority': None, 'show': True, 'force': False, 'expire': None, 'slide': None, 'tokens': {}, 'action': 'play'}}
2020-10-03 17:46:05,750 : EventManager : Event: ======'slide_last_game_score_slide_created'====== Args={}
2020-10-03 17:46:05,753 : EventManager : Unordered handler for class <Text Widget text=8,110> on event machine_var_player1_score with priority 1. Handlers: [RegisteredHandler(callback=<bound method Text._machine_var_change of <Text Widget text=8,110>>, priority=1, kwargs={}, key=UUID('d65d8fbe-00ef-4538-9060-d6934330e25d'), condition=None, blocking_facility=None), RegisteredHandler(callback=<bound method Text._machine_var_change of <Text Widget text=8,110>>, priority=1, kwargs={}, key=UUID('32884b8d-ad6f-4e69-8dc8-ade280d4842f'), condition=None, blocking_facility=None)]. The order of those handlers is not defined and they will be executed in random order. This might lead to race conditions and potential bugs.
2020-10-03 17:46:05,761 : EventManager : Event: ======'slide_last_game_score_slide_active'====== Args={}
2020-10-03 17:46:08,733 : EventManager : Event: ======'slides_play'====== Args={'settings': {'awesome_slide': {'widgets': [{'type': 'text', 'text': 'Cuphead Pinball', 'font_size': 50, '_default_settings': ['type', 'text', 'font_size'], 'x': None, 'y': None, 'anchor_x': 'center', 'anchor_y': 'center', 'round_anchor_x': None, 'round_anchor_y': None, 'opacity': 1.0, 'z': 0, 'reset_animations_events': {}, 'color': [1.0, 1.0, 1.0, 1.0], 'style': [], 'adjust_top': 0, 'adjust_bottom': 0, 'adjust_left': 0, 'adjust_right': 0, 'expire': None, 'key': None, 'widget': None, 'events_when_added': [], 'events_when_removed': [], 'bitmap_font': False, 'font_kerning': True, 'bold': False, 'italic': False, 'number_grouping': False, 'min_digits': 0, 'halign': 'center', 'valign': 'middle', 'rotation': 0, 'scale': 1.0, 'casing': None, 'animations': None}], 'transition': {'type': 'push', 'duration': 1.0, 'direction': 'left', 'easing': 'out_quad'}, 'target': None, 'background_color': [0.0, 0.0, 0.0, 1.0], 'priority': None, 'show': True, 'force': False, 'expire': None, 'slide': None, 'tokens': {}, 'action': 'play'}}, 'context': 'show_1', 'calling_context': 0, 'priority': 10, 'show_tokens': {}, 'start_time': 343210.296}
2020-10-03 17:46:08,785 : mpfmc : SlidePlayer: Play called with settings={'awesome_slide': {'widgets': [{'type': 'text', 'text': 'Cuphead Pinball', 'font_size': 50, '_default_settings': ['type', 'text', 'font_size'], 'x': None, 'y': None, 'anchor_x': 'center', 'anchor_y': 'center', 'round_anchor_x': None, 'round_anchor_y': None, 'opacity': 1.0, 'z': 0, 'reset_animations_events': {}, 'color': [1.0, 1.0, 1.0, 1.0], 'style': [], 'adjust_top': 0, 'adjust_bottom': 0, 'adjust_left': 0, 'adjust_right': 0, 'expire': None, 'key': None, 'widget': None, 'events_when_added': [], 'events_when_removed': [], 'bitmap_font': False, 'font_kerning': True, 'bold': False, 'italic': False, 'number_grouping': False, 'min_digits': 0, 'halign': 'center', 'valign': 'middle', 'rotation': 0, 'scale': 1.0, 'casing': None, 'animations': None}], 'transition': {'type': 'push', 'duration': 1.0, 'direction': 'left', 'easing': 'out_quad'}, 'target': None, 'background_color': [0.0, 0.0, 0.0, 1.0], 'priority': None, 'show': True, 'force': False, 'expire': None, 'slide': None, 'tokens': {}, 'action': 'play'}}
2020-10-03 17:46:08,793 : EventManager : Event: ======'slide_awesome_slide_removed'====== Args={}
2020-10-03 17:46:08,814 : EventManager : Event: ======'slide_awesome_slide_created'====== Args={}
2020-10-03 17:46:08,874 : EventManager : Event: ======'slide_awesome_slide_active'====== Args={}
2020-10-03 17:46:11,695 : EventManager : Event: ======'slides_play'====== Args={'settings': {'press_start': {'widgets': [{'type': 'Text', 'text': 'PRESS START', 'animations': {'pre_show_slide': [{'property': ['opacity'], 'value': ['0'], 'duration': 0.5, 'relative': False, 'timing': 'after_previous', 'repeat': False, 'easing': 'linear'}, {'property': ['opacity'], 'value': ['1'], 'duration': 0.5, 'repeat': False, 'relative': False, 'timing': 'after_previous', 'easing': 'linear'}]}, '_default_settings': ['type', 'text', 'animations'], 'x': None, 'y': None, 'anchor_x': 'center', 'anchor_y': 'center', 'round_anchor_x': None, 'round_anchor_y': None, 'opacity': 1.0, 'z': 0, 'reset_animations_events': {}, 'color': [1.0, 1.0, 1.0, 1.0], 'style': [], 'adjust_top': 0, 'adjust_bottom': 0, 'adjust_left': 0, 'adjust_right': 0, 'expire': None, 'key': None, 'widget': None, 'events_when_added': [], 'events_when_removed': [], 'font_size': 15, 'bitmap_font': False, 'font_kerning': True, 'bold': False, 'italic': False, 'number_grouping': False, 'min_digits': 0, 'halign': 'center', 'valign': 'middle', 'rotation': 0, 'scale': 1.0, 'casing': None}, {'type': 'Text', 'text': 'FREE PLAY', 'color': [0.0, 0.5019607843137255, 0.0, 1], 'y': '10', 'anchor_y': 'bottom', '_default_settings': ['type', 'text', 'color', 'y', 'anchor_y'], 'x': None, 'anchor_x': 'center', 'round_anchor_x': None, 'round_anchor_y': None, 'opacity': 1.0, 'z': 0, 'reset_animations_events': {}, 'style': [], 'adjust_top': 0, 'adjust_bottom': 0, 'adjust_left': 0, 'adjust_right': 0, 'expire': None, 'key': None, 'widget': None, 'events_when_added': [], 'events_when_removed': [], 'font_size': 15, 'bitmap_font': False, 'font_kerning': True, 'bold': False, 'italic': False, 'number_grouping': False, 'min_digits': 0, 'halign': 'center', 'valign': 'middle', 'rotation': 0, 'scale': 1.0, 'casing': None, 'animations': None}], 'transition': {'type': 'move_in', 'duration': 1.0, 'direction': 'right', 'easing': 'out_quad'}, 'target': None, 'background_color': [0.0, 0.0, 0.0, 1.0], 'priority': None, 'show': True, 'force': False, 'expire': None, 'slide': None, 'tokens': {}, 'action': 'play'}}, 'context': 'show_1', 'calling_context': 1, 'priority': 10, 'show_tokens': {}, 'start_time': 343213.296}
2020-10-03 17:46:11,696 : mpfmc : SlidePlayer: Play called with settings={'press_start': {'widgets': [{'type': 'Text', 'text': 'PRESS START', 'animations': {'pre_show_slide': [{'property': ['opacity'], 'value': ['0'], 'duration': 0.5, 'relative': False, 'timing': 'after_previous', 'repeat': False, 'easing': 'linear'}, {'property': ['opacity'], 'value': ['1'], 'duration': 0.5, 'repeat': False, 'relative': False, 'timing': 'after_previous', 'easing': 'linear'}]}, '_default_settings': ['type', 'text', 'animations'], 'x': None, 'y': None, 'anchor_x': 'center', 'anchor_y': 'center', 'round_anchor_x': None, 'round_anchor_y': None, 'opacity': 1.0, 'z': 0, 'reset_animations_events': {}, 'color': [1.0, 1.0, 1.0, 1.0], 'style': [], 'adjust_top': 0, 'adjust_bottom': 0, 'adjust_left': 0, 'adjust_right': 0, 'expire': None, 'key': None, 'widget': None, 'events_when_added': [], 'events_when_removed': [], 'font_size': 15, 'bitmap_font': False, 'font_kerning': True, 'bold': False, 'italic': False, 'number_grouping': False, 'min_digits': 0, 'halign': 'center', 'valign': 'middle', 'rotation': 0, 'scale': 1.0, 'casing': None}, {'type': 'Text', 'text': 'FREE PLAY', 'color': [0.0, 0.5019607843137255, 0.0, 1], 'y': '10', 'anchor_y': 'bottom', '_default_settings': ['type', 'text', 'color', 'y', 'anchor_y'], 'x': None, 'anchor_x': 'center', 'round_anchor_x': None, 'round_anchor_y': None, 'opacity': 1.0, 'z': 0, 'reset_animations_events': {}, 'style': [], 'adjust_top': 0, 'adjust_bottom': 0, 'adjust_left': 0, 'adjust_right': 0, 'expire': None, 'key': None, 'widget': None, 'events_when_added': [], 'events_when_removed': [], 'font_size': 15, 'bitmap_font': False, 'font_kerning': True, 'bold': False, 'italic': False, 'number_grouping': False, 'min_digits': 0, 'halign': 'center', 'valign': 'middle', 'rotation': 0, 'scale': 1.0, 'casing': None, 'animations': None}], 'transition': {'type': 'move_in', 'duration': 1.0, 'direction': 'right', 'easing': 'out_quad'}, 'target': None, 'background_color': [0.0, 0.0, 0.0, 1.0], 'priority': None, 'show': True, 'force': False, 'expire': None, 'slide': None, 'tokens': {}, 'action': 'play'}}
2020-10-03 17:46:11,724 : EventManager : Event: ======'slide_press_start_removed'====== Args={}
2020-10-03 17:46:11,747 : EventManager : Event: ======'slide_press_start_created'====== Args={}
2020-10-03 17:46:11,757 : EventManager : Event: ======'slide_press_start_active'====== Args={}
2020-10-03 17:46:15,679 : EventManager : Event: ======'game_started'====== Args={}
2020-10-03 17:46:15,680 : EventManager : Event: ======'slides_clear'====== Args={'context': 'show_1'}
2020-10-03 17:46:15,680 : EventManager : Event: ======'sounds_clear'====== Args={'context': 'attract'}
2020-10-03 17:46:15,681 : EventManager : Event: ======'player_added'====== Args={'player': <Player 1>, 'num': 1}
2020-10-03 17:46:15,683 : EventManager : Event: ======'player_index'====== Args={'value': 0, 'prev_value': 0, 'change': 0, 'player_num': 1}
2020-10-03 17:46:15,683 : EventManager : Event: ======'player_number'====== Args={'value': 1, 'prev_value': 1, 'change': 0, 'player_num': 1}
2020-10-03 17:46:15,683 : EventManager : Event: ======'player_score'====== Args={'value': 0, 'prev_value': 0, 'change': 0, 'player_num': 1}
2020-10-03 17:46:15,684 : EventManager : Event: ======'player_ball'====== Args={'value': 1, 'prev_value': 0, 'change': 1, 'player_num': 1}
2020-10-03 17:46:15,685 : EventManager : Event: ======'player_turn_start'====== Args={'number': 1, 'player': <Player 1>}
2020-10-03 17:46:15,686 : EventManager : Event: ======'player_shot_soul_S_enabled'====== Args={'value': True, 'prev_value': 0, 'change': 1, 'player_num': 1}
2020-10-03 17:46:15,688 : EventManager : Event: ======'player_shot_soul_O_enabled'====== Args={'value': True, 'prev_value': 0, 'change': 1, 'player_num': 1}
2020-10-03 17:46:15,688 : EventManager : Event: ======'player_shot_soul_U_enabled'====== Args={'value': True, 'prev_value': 0, 'change': 1, 'player_num': 1}
2020-10-03 17:46:15,688 : EventManager : Event: ======'player_shot_soul_L_enabled'====== Args={'value': True, 'prev_value': 0, 'change': 1, 'player_num': 1}
2020-10-03 17:46:15,690 : EventManager : Event: ======'sounds_play'====== Args={'settings': {'poolCupHeadBase': {'loops': -1, 'priority': None, 'action': 'play', 'track': None, 'volume': None, 'pan': None, 'start_at': None, 'fade_in': None, 'fade_out': None, 'about_to_finish_time': -1.0, 'max_queue_time': -1.0, 'events_when_played': ['use_sound_setting'], 'events_when_stopped': ['use_sound_setting'], 'events_when_looping': ['use_sound_setting'], 'events_when_about_to_finish': ['use_sound_setting'], 'mode_end_action': 'use_sound_setting', 'key': 'use_sound_setting'}}, 'context': 'base', 'calling_context': 'mode_base_started', 'priority': 100, 'queue': '<QueuedEvent>', 'player': 1, 'ball': 1, 'balls_remaining': 4, 'is_extra_ball': False}
2020-10-03 17:46:15,690 : EventManager : Event: ======'slides_play'====== Args={'settings': {'widgets': {'widgets': [{'type': 'text', 'text': '(score)', 'number_grouping': True, 'min_digits': 2, 'font_size': 100, '_default_settings': ['type', 'text', 'number_grouping', 'min_digits', 'font_size'], 'x': None, 'y': None, 'anchor_x': 'center', 'anchor_y': 'center', 'round_anchor_x': None, 'round_anchor_y': None, 'opacity': 1.0, 'z': 0, 'reset_animations_events': {}, 'color': [1.0, 1.0, 1.0, 1.0], 'style': [], 'adjust_top': 0, 'adjust_bottom': 0, 'adjust_left': 0, 'adjust_right': 0, 'expire': None, 'key': None, 'widget': None, 'events_when_added': [], 'events_when_removed': [], 'bitmap_font': False, 'font_kerning': True, 'bold': False, 'italic': False, 'halign': 'center', 'valign': 'middle', 'rotation': 0, 'scale': 1.0, 'casing': None, 'animations': None}, {'type': 'text', 'text': 'Player (number)', 'y': '10', 'x': '10', 'font_size': 50, 'anchor_x': 'left', 'anchor_y': 'bottom', '_default_settings': ['type', 'text', 'y', 'x', 'font_size', 'anchor_x', 'anchor_y'], 'round_anchor_x': None, 'round_anchor_y': None, 'opacity': 1.0, 'z': 0, 'reset_animations_events': {}, 'color': [1.0, 1.0, 1.0, 1.0], 'style': [], 'adjust_top': 0, 'adjust_bottom': 0, 'adjust_left': 0, 'adjust_right': 0, 'expire': None, 'key': None, 'widget': None, 'events_when_added': [], 'events_when_removed': [], 'bitmap_font': False, 'font_kerning': True, 'bold': False, 'italic': False, 'number_grouping': False, 'min_digits': 0, 'halign': 'center', 'valign': 'middle', 'rotation': 0, 'scale': 1.0, 'casing': None, 'animations': None}, {'type': 'text', 'text': 'BALL (ball)', 'y': '10', 'x': 'right-10', 'anchor_x': 'right', 'anchor_y': 'bottom', 'font_size': 50, '_default_settings': ['type', 'text', 'y', 'x', 'anchor_x', 'anchor_y', 'font_size'], 'round_anchor_x': None, 'round_anchor_y': None, 'opacity': 1.0, 'z': 0, 'reset_animations_events': {}, 'color': [1.0, 1.0, 1.0, 1.0], 'style': [], 'adjust_top': 0, 'adjust_bottom': 0, 'adjust_left': 0, 'adjust_right': 0, 'expire': None, 'key': None, 'widget': None, 'events_when_added': [], 'events_when_removed': [], 'bitmap_font': False, 'font_kerning': True, 'bold': False, 'italic': False, 'number_grouping': False, 'min_digits': 0, 'halign': 'center', 'valign': 'middle', 'rotation': 0, 'scale': 1.0, 'casing': None, 'animations': None}], 'target': None, 'background_color': [0.0, 0.0, 0.0, 1.0], 'priority': None, 'show': True, 'force': False, 'expire': None, 'slide': None, 'tokens': {}, 'action': 'play'}}, 'context': 'base', 'calling_context': 'mode_base_started', 'priority': 100, 'queue': '<QueuedEvent>', 'player': 1, 'ball': 1, 'balls_remaining': 4, 'is_extra_ball': False}
2020-10-03 17:46:15,694 : EventManager : Event: ======'slide_mission_pinball_removed'====== Args={}
2020-10-03 17:46:15,696 : EventManager : Event: ======'slide_last_game_score_slide_removed'====== Args={}
2020-10-03 17:46:15,790 : EventManager : Event: ======'slide_awesome_slide_removed'====== Args={}
2020-10-03 17:46:15,796 : EventManager : Event: ======'slide_press_start_removed'====== Args={}
2020-10-03 17:46:15,797 : mpfmc : SlidePlayer: Play called with settings={'widgets': {'widgets': [{'type': 'text', 'text': '(score)', 'number_grouping': True, 'min_digits': 2, 'font_size': 100, '_default_settings': ['type', 'text', 'number_grouping', 'min_digits', 'font_size'], 'x': None, 'y': None, 'anchor_x': 'center', 'anchor_y': 'center', 'round_anchor_x': None, 'round_anchor_y': None, 'opacity': 1.0, 'z': 0, 'reset_animations_events': {}, 'color': [1.0, 1.0, 1.0, 1.0], 'style': [], 'adjust_top': 0, 'adjust_bottom': 0, 'adjust_left': 0, 'adjust_right': 0, 'expire': None, 'key': None, 'widget': None, 'events_when_added': [], 'events_when_removed': [], 'bitmap_font': False, 'font_kerning': True, 'bold': False, 'italic': False, 'halign': 'center', 'valign': 'middle', 'rotation': 0, 'scale': 1.0, 'casing': None, 'animations': None}, {'type': 'text', 'text': 'Player (number)', 'y': '10', 'x': '10', 'font_size': 50, 'anchor_x': 'left', 'anchor_y': 'bottom', '_default_settings': ['type', 'text', 'y', 'x', 'font_size', 'anchor_x', 'anchor_y'], 'round_anchor_x': None, 'round_anchor_y': None, 'opacity': 1.0, 'z': 0, 'reset_animations_events': {}, 'color': [1.0, 1.0, 1.0, 1.0], 'style': [], 'adjust_top': 0, 'adjust_bottom': 0, 'adjust_left': 0, 'adjust_right': 0, 'expire': None, 'key': None, 'widget': None, 'events_when_added': [], 'events_when_removed': [], 'bitmap_font': False, 'font_kerning': True, 'bold': False, 'italic': False, 'number_grouping': False, 'min_digits': 0, 'halign': 'center', 'valign': 'middle', 'rotation': 0, 'scale': 1.0, 'casing': None, 'animations': None}, {'type': 'text', 'text': 'BALL (ball)', 'y': '10', 'x': 'right-10', 'anchor_x': 'right', 'anchor_y': 'bottom', 'font_size': 50, '_default_settings': ['type', 'text', 'y', 'x', 'anchor_x', 'anchor_y', 'font_size'], 'round_anchor_x': None, 'round_anchor_y': None, 'opacity': 1.0, 'z': 0, 'reset_animations_events': {}, 'color': [1.0, 1.0, 1.0, 1.0], 'style': [], 'adjust_top': 0, 'adjust_bottom': 0, 'adjust_left': 0, 'adjust_right': 0, 'expire': None, 'key': None, 'widget': None, 'events_when_added': [], 'events_when_removed': [], 'bitmap_font': False, 'font_kerning': True, 'bold': False, 'italic': False, 'number_grouping': False, 'min_digits': 0, 'halign': 'center', 'valign': 'middle', 'rotation': 0, 'scale': 1.0, 'casing': None, 'animations': None}], 'target': None, 'background_color': [0.0, 0.0, 0.0, 1.0], 'priority': None, 'show': True, 'force': False, 'expire': None, 'slide': None, 'tokens': {}, 'action': 'play'}}
2020-10-03 17:46:15,835 : EventManager : Event: ======'slide_base.slide_player-mode_base_started_created'====== Args={}
2020-10-03 17:46:15,844 : EventManager : Event: ======'slide_base.slide_player-mode_base_started_active'====== Args={}
2020-10-03 17:46:15,874 : EventManager : Event: ======'machine_var_audits_switches_s_plunger'====== Args={'value': 514, 'prev_value': 513, 'change': 1}
2020-10-03 17:46:19,537 : EventManager : Event: ======'machine_var_audits_switches_s_exit_shooter_lane'====== Args={'value': 332, 'prev_value': 331, 'change': 1}
2020-10-03 17:46:21,223 : EventManager : Event: ======'machine_var_audits_switches_s_dt_C'====== Args={'value': 35, 'prev_value': 34, 'change': 1}
2020-10-03 17:46:21,308 : EventManager : Event: ======'player_score'====== Args={'value': 100, 'prev_value': 0, 'change': 100, 'player_num': 1}
2020-10-03 17:46:22,597 : EventManager : Event: ======'machine_var_audits_switches_s_dt_U'====== Args={'value': 26, 'prev_value': 25, 'change': 1}
2020-10-03 17:46:22,597 : EventManager : Event: ======'player_score'====== Args={'value': 200, 'prev_value': 100, 'change': 100, 'player_num': 1}
2020-10-03 17:46:24,913 : EventManager : Event: ======'machine_var_audits_switches_s_dt_P'====== Args={'value': 19, 'prev_value': 18, 'change': 1}
2020-10-03 17:46:24,914 : EventManager : Event: ======'player_score'====== Args={'value': 300, 'prev_value': 200, 'change': 100, 'player_num': 1}
2020-10-03 17:46:26,890 : EventManager : Event: ======'machine_var_audits_switches_s_dt_U'====== Args={'value': 27, 'prev_value': 26, 'change': 1}
2020-10-03 17:46:26,890 : EventManager : Event: ======'player_score'====== Args={'value': 400, 'prev_value': 300, 'change': 100, 'player_num': 1}
2020-10-03 17:46:29,117 : EventManager : Event: ======'machine_var_audits_switches_s_dt_C'====== Args={'value': 36, 'prev_value': 35, 'change': 1}
2020-10-03 17:46:29,117 : EventManager : Event: ======'player_score'====== Args={'value': 500, 'prev_value': 400, 'change': 100, 'player_num': 1}
2020-10-03 17:46:31,040 : EventManager : Event: ======'machine_var_audits_switches_s_dt_C'====== Args={'value': 37, 'prev_value': 36, 'change': 1}
2020-10-03 17:46:31,053 : EventManager : Event: ======'player_score'====== Args={'value': 600, 'prev_value': 500, 'change': 100, 'player_num': 1}
2020-10-03 17:46:33,884 : EventManager : Event: ======'machine_var_audits_switches_s_dt_U'====== Args={'value': 28, 'prev_value': 27, 'change': 1}
2020-10-03 17:46:33,884 : EventManager : Event: ======'player_score'====== Args={'value': 700, 'prev_value': 600, 'change': 100, 'player_num': 1}
2020-10-03 17:46:35,556 : EventManager : Event: ======'machine_var_audits_switches_s_dt_P'====== Args={'value': 20, 'prev_value': 19, 'change': 1}
2020-10-03 17:46:35,557 : EventManager : Event: ======'player_score'====== Args={'value': 800, 'prev_value': 700, 'change': 100, 'player_num': 1}
2020-10-03 17:46:37,169 : EventManager : Event: ======'machine_var_audits_switches_s_dt_P'====== Args={'value': 21, 'prev_value': 20, 'change': 1}
2020-10-03 17:46:37,183 : EventManager : Event: ======'player_score'====== Args={'value': 900, 'prev_value': 800, 'change': 100, 'player_num': 1}
2020-10-03 17:46:38,963 : EventManager : Event: ======'machine_var_audits_switches_s_dt_U'====== Args={'value': 29, 'prev_value': 28, 'change': 1}
2020-10-03 17:46:38,964 : EventManager : Event: ======'player_score'====== Args={'value': 1000, 'prev_value': 900, 'change': 100, 'player_num': 1}
2020-10-03 17:46:40,824 : EventManager : Event: ======'machine_var_audits_switches_s_dt_C'====== Args={'value': 38, 'prev_value': 37, 'change': 1}
2020-10-03 17:46:40,825 : EventManager : Event: ======'player_score'====== Args={'value': 1100, 'prev_value': 1000, 'change': 100, 'player_num': 1}
2020-10-03 17:46:43,788 : EventManager : Event: ======'machine_var_audits_switches_s_dt_C'====== Args={'value': 39, 'prev_value': 38, 'change': 1}
2020-10-03 17:46:43,788 : EventManager : Event: ======'player_score'====== Args={'value': 1200, 'prev_value': 1100, 'change': 100, 'player_num': 1}
2020-10-03 17:46:44,737 : EventManager : Event: ======'machine_var_audits_switches_s_dt_U'====== Args={'value': 30, 'prev_value': 29, 'change': 1}
2020-10-03 17:46:44,737 : EventManager : Event: ======'player_score'====== Args={'value': 1300, 'prev_value': 1200, 'change': 100, 'player_num': 1}
2020-10-03 17:46:45,956 : EventManager : Event: ======'machine_var_audits_switches_s_dt_P'====== Args={'value': 22, 'prev_value': 21, 'change': 1}
2020-10-03 17:46:45,957 : EventManager : Event: ======'player_score'====== Args={'value': 1400, 'prev_value': 1300, 'change': 100, 'player_num': 1}
2020-10-03 17:46:46,616 : EventManager : Event: ======'machine_var_audits_switches_s_dt_P'====== Args={'value': 23, 'prev_value': 22, 'change': 1}
2020-10-03 17:46:46,616 : EventManager : Event: ======'player_score'====== Args={'value': 1500, 'prev_value': 1400, 'change': 100, 'player_num': 1}
2020-10-03 17:46:47,616 : EventManager : Event: ======'machine_var_audits_switches_s_dt_U'====== Args={'value': 31, 'prev_value': 30, 'change': 1}
2020-10-03 17:46:47,617 : EventManager : Event: ======'player_score'====== Args={'value': 1600, 'prev_value': 1500, 'change': 100, 'player_num': 1}
2020-10-03 17:46:48,578 : EventManager : Event: ======'machine_var_audits_switches_s_dt_C'====== Args={'value': 40, 'prev_value': 39, 'change': 1}
2020-10-03 17:46:48,578 : EventManager : Event: ======'player_score'====== Args={'value': 1700, 'prev_value': 1600, 'change': 100, 'player_num': 1}
2020-10-03 17:46:49,299 : EventManager : Event: ======'machine_var_audits_switches_s_dt_C'====== Args={'value': 41, 'prev_value': 40, 'change': 1}
2020-10-03 17:46:49,299 : EventManager : Event: ======'player_score'====== Args={'value': 1800, 'prev_value': 1700, 'change': 100, 'player_num': 1}
2020-10-03 17:46:50,204 : EventManager : Event: ======'machine_var_audits_switches_s_dt_U'====== Args={'value': 32, 'prev_value': 31, 'change': 1}
2020-10-03 17:46:50,204 : EventManager : Event: ======'player_score'====== Args={'value': 1900, 'prev_value': 1800, 'change': 100, 'player_num': 1}
2020-10-03 17:46:51,477 : EventManager : Event: ======'machine_var_audits_switches_s_dt_P'====== Args={'value': 24, 'prev_value': 23, 'change': 1}
2020-10-03 17:46:51,478 : EventManager : Event: ======'player_score'====== Args={'value': 2000, 'prev_value': 1900, 'change': 100, 'player_num': 1}
2020-10-03 17:46:52,333 : EventManager : Event: ======'machine_var_audits_switches_s_dt_P'====== Args={'value': 25, 'prev_value': 24, 'change': 1}
2020-10-03 17:46:52,334 : EventManager : Event: ======'player_score'====== Args={'value': 2100, 'prev_value': 2000, 'change': 100, 'player_num': 1}
2020-10-03 17:46:53,443 : EventManager : Event: ======'machine_var_audits_switches_s_dt_U'====== Args={'value': 33, 'prev_value': 32, 'change': 1}
2020-10-03 17:46:53,444 : EventManager : Event: ======'player_score'====== Args={'value': 2200, 'prev_value': 2100, 'change': 100, 'player_num': 1}
2020-10-03 17:46:54,662 : EventManager : Event: ======'machine_var_audits_switches_s_dt_C'====== Args={'value': 42, 'prev_value': 41, 'change': 1}
2020-10-03 17:46:54,663 : EventManager : Event: ======'player_score'====== Args={'value': 2300, 'prev_value': 2200, 'change': 100, 'player_num': 1}
2020-10-03 17:46:55,072 : EventManager : Event: ======'machine_var_audits_switches_s_dt_C'====== Args={'value': 43, 'prev_value': 42, 'change': 1}
2020-10-03 17:46:55,073 : EventManager : Event: ======'player_score'====== Args={'value': 2400, 'prev_value': 2300, 'change': 100, 'player_num': 1}
2020-10-03 17:46:56,179 : EventManager : Event: ======'machine_var_audits_switches_s_dt_U'====== Args={'value': 34, 'prev_value': 33, 'change': 1}
2020-10-03 17:46:56,179 : EventManager : Event: ======'player_score'====== Args={'value': 2500, 'prev_value': 2400, 'change': 100, 'player_num': 1}
2020-10-03 17:46:57,238 : EventManager : Event: ======'machine_var_audits_switches_s_dt_P'====== Args={'value': 26, 'prev_value': 25, 'change': 1}
2020-10-03 17:46:57,286 : EventManager : Event: ======'player_score'====== Args={'value': 2600, 'prev_value': 2500, 'change': 100, 'player_num': 1}
2020-10-03 17:46:58,034 : EventManager : Event: ======'machine_var_audits_switches_s_dt_P'====== Args={'value': 27, 'prev_value': 26, 'change': 1}
2020-10-03 17:46:58,034 : EventManager : Event: ======'player_score'====== Args={'value': 2700, 'prev_value': 2600, 'change': 100, 'player_num': 1}
2020-10-03 17:47:00,271 : EventManager : Event: ======'machine_var_audits_switches_s_dt_U'====== Args={'value': 35, 'prev_value': 34, 'change': 1}
2020-10-03 17:47:00,274 : EventManager : Event: ======'player_score'====== Args={'value': 2800, 'prev_value': 2700, 'change': 100, 'player_num': 1}
2020-10-03 17:47:01,895 : EventManager : Event: ======'machine_var_audits_switches_s_dt_C'====== Args={'value': 44, 'prev_value': 43, 'change': 1}
2020-10-03 17:47:01,896 : EventManager : Event: ======'player_score'====== Args={'value': 2900, 'prev_value': 2800, 'change': 100, 'player_num': 1}
2020-10-03 17:47:02,948 : EventManager : Event: ======'machine_var_audits_switches_s_dt_C'====== Args={'value': 45, 'prev_value': 44, 'change': 1}
2020-10-03 17:47:03,001 : EventManager : Event: ======'player_score'====== Args={'value': 3000, 'prev_value': 2900, 'change': 100, 'player_num': 1}
2020-10-03 17:47:04,235 : EventManager : Event: ======'machine_var_audits_switches_s_dt_U'====== Args={'value': 36, 'prev_value': 35, 'change': 1}
2020-10-03 17:47:04,236 : EventManager : Event: ======'player_score'====== Args={'value': 3100, 'prev_value': 3000, 'change': 100, 'player_num': 1}
2020-10-03 17:47:05,381 : EventManager : Event: ======'machine_var_audits_switches_s_dt_P'====== Args={'value': 28, 'prev_value': 27, 'change': 1}
2020-10-03 17:47:05,382 : EventManager : Event: ======'player_score'====== Args={'value': 3200, 'prev_value': 3100, 'change': 100, 'player_num': 1}
2020-10-03 17:47:06,423 : EventManager : Event: ======'machine_var_audits_switches_s_dt_P'====== Args={'value': 29, 'prev_value': 28, 'change': 1}
2020-10-03 17:47:06,503 : EventManager : Event: ======'player_score'====== Args={'value': 3300, 'prev_value': 3200, 'change': 100, 'player_num': 1}
2020-10-03 17:47:07,925 : EventManager : Event: ======'machine_var_audits_switches_s_dt_U'====== Args={'value': 37, 'prev_value': 36, 'change': 1}
2020-10-03 17:47:07,925 : EventManager : Event: ======'player_score'====== Args={'value': 3400, 'prev_value': 3300, 'change': 100, 'player_num': 1}
2020-10-03 17:47:09,081 : EventManager : Event: ======'machine_var_audits_switches_s_dt_C'====== Args={'value': 46, 'prev_value': 45, 'change': 1}
2020-10-03 17:47:09,225 : EventManager : Event: ======'player_score'====== Args={'value': 3500, 'prev_value': 3400, 'change': 100, 'player_num': 1}
2020-10-03 17:47:12,634 : EventManager : Event: ======'machine_var_audits_switches_s_trough1'====== Args={'value': 504, 'prev_value': 503, 'change': 1}
2020-10-03 17:47:13,143 : EventManager : Event: ======'sounds_clear'====== Args={'context': 'base'}
2020-10-03 17:47:13,145 : EventManager : Event: ======'slides_clear'====== Args={'context': 'base'}
2020-10-03 17:47:13,149 : EventManager : Event: ======'slide_base.slide_player-mode_base_started_removed'====== Args={}
2020-10-03 17:47:13,565 : EventManager : Event: ======'slide_welcome_slide_active'====== Args={}
2020-10-03 17:47:13,718 : EventManager : Event: ======'player_ball'====== Args={'value': 2, 'prev_value': 1, 'change': 1, 'player_num': 1}
2020-10-03 17:47:13,721 : EventManager : Event: ======'sounds_play'====== Args={'settings': {'poolCupHeadBase': {'loops': -1, 'priority': None, 'action': 'play', 'track': None, 'volume': None, 'pan': None, 'start_at': None, 'fade_in': None, 'fade_out': None, 'about_to_finish_time': -1.0, 'max_queue_time': -1.0, 'events_when_played': ['use_sound_setting'], 'events_when_stopped': ['use_sound_setting'], 'events_when_looping': ['use_sound_setting'], 'events_when_about_to_finish': ['use_sound_setting'], 'mode_end_action': 'use_sound_setting', 'key': 'use_sound_setting'}}, 'context': 'base', 'calling_context': 'mode_base_started', 'priority': 100, 'queue': '<QueuedEvent>', 'player': 1, 'ball': 2, 'balls_remaining': 3, 'is_extra_ball': False}
2020-10-03 17:47:13,723 : EventManager : Event: ======'slides_play'====== Args={'settings': {'widgets': {'widgets': [{'type': 'text', 'text': '(score)', 'number_grouping': True, 'min_digits': 2, 'font_size': 100, '_default_settings': ['type', 'text', 'number_grouping', 'min_digits', 'font_size'], 'x': None, 'y': None, 'anchor_x': 'center', 'anchor_y': 'center', 'round_anchor_x': None, 'round_anchor_y': None, 'opacity': 1.0, 'z': 0, 'reset_animations_events': {}, 'color': [1.0, 1.0, 1.0, 1.0], 'style': [], 'adjust_top': 0, 'adjust_bottom': 0, 'adjust_left': 0, 'adjust_right': 0, 'expire': None, 'key': None, 'widget': None, 'events_when_added': [], 'events_when_removed': [], 'bitmap_font': False, 'font_kerning': True, 'bold': False, 'italic': False, 'halign': 'center', 'valign': 'middle', 'rotation': 0, 'scale': 1.0, 'casing': None, 'animations': None}, {'type': 'text', 'text': 'Player (number)', 'y': '10', 'x': '10', 'font_size': 50, 'anchor_x': 'left', 'anchor_y': 'bottom', '_default_settings': ['type', 'text', 'y', 'x', 'font_size', 'anchor_x', 'anchor_y'], 'round_anchor_x': None, 'round_anchor_y': None, 'opacity': 1.0, 'z': 0, 'reset_animations_events': {}, 'color': [1.0, 1.0, 1.0, 1.0], 'style': [], 'adjust_top': 0, 'adjust_bottom': 0, 'adjust_left': 0, 'adjust_right': 0, 'expire': None, 'key': None, 'widget': None, 'events_when_added': [], 'events_when_removed': [], 'bitmap_font': False, 'font_kerning': True, 'bold': False, 'italic': False, 'number_grouping': False, 'min_digits': 0, 'halign': 'center', 'valign': 'middle', 'rotation': 0, 'scale': 1.0, 'casing': None, 'animations': None}, {'type': 'text', 'text': 'BALL (ball)', 'y': '10', 'x': 'right-10', 'anchor_x': 'right', 'anchor_y': 'bottom', 'font_size': 50, '_default_settings': ['type', 'text', 'y', 'x', 'anchor_x', 'anchor_y', 'font_size'], 'round_anchor_x': None, 'round_anchor_y': None, 'opacity': 1.0, 'z': 0, 'reset_animations_events': {}, 'color': [1.0, 1.0, 1.0, 1.0], 'style': [], 'adjust_top': 0, 'adjust_bottom': 0, 'adjust_left': 0, 'adjust_right': 0, 'expire': None, 'key': None, 'widget': None, 'events_when_added': [], 'events_when_removed': [], 'bitmap_font': False, 'font_kerning': True, 'bold': False, 'italic': False, 'number_grouping': False, 'min_digits': 0, 'halign': 'center', 'valign': 'middle', 'rotation': 0, 'scale': 1.0, 'casing': None, 'animations': None}], 'target': None, 'background_color': [0.0, 0.0, 0.0, 1.0], 'priority': None, 'show': True, 'force': False, 'expire': None, 'slide': None, 'tokens': {}, 'action': 'play'}}, 'context': 'base', 'calling_context': 'mode_base_started', 'priority': 100, 'queue': '<QueuedEvent>', 'player': 1, 'ball': 2, 'balls_remaining': 3, 'is_extra_ball': False}
2020-10-03 17:47:13,724 : EventManager : Event: ======'machine_var_audits_switches_s_plunger'====== Args={'value': 515, 'prev_value': 514, 'change': 1}
2020-10-03 17:47:13,725 : mpfmc : SlidePlayer: Play called with settings={'widgets': {'widgets': [{'type': 'text', 'text': '(score)', 'number_grouping': True, 'min_digits': 2, 'font_size': 100, '_default_settings': ['type', 'text', 'number_grouping', 'min_digits', 'font_size'], 'x': None, 'y': None, 'anchor_x': 'center', 'anchor_y': 'center', 'round_anchor_x': None, 'round_anchor_y': None, 'opacity': 1.0, 'z': 0, 'reset_animations_events': {}, 'color': [1.0, 1.0, 1.0, 1.0], 'style': [], 'adjust_top': 0, 'adjust_bottom': 0, 'adjust_left': 0, 'adjust_right': 0, 'expire': None, 'key': None, 'widget': None, 'events_when_added': [], 'events_when_removed': [], 'bitmap_font': False, 'font_kerning': True, 'bold': False, 'italic': False, 'halign': 'center', 'valign': 'middle', 'rotation': 0, 'scale': 1.0, 'casing': None, 'animations': None}, {'type': 'text', 'text': 'Player (number)', 'y': '10', 'x': '10', 'font_size': 50, 'anchor_x': 'left', 'anchor_y': 'bottom', '_default_settings': ['type', 'text', 'y', 'x', 'font_size', 'anchor_x', 'anchor_y'], 'round_anchor_x': None, 'round_anchor_y': None, 'opacity': 1.0, 'z': 0, 'reset_animations_events': {}, 'color': [1.0, 1.0, 1.0, 1.0], 'style': [], 'adjust_top': 0, 'adjust_bottom': 0, 'adjust_left': 0, 'adjust_right': 0, 'expire': None, 'key': None, 'widget': None, 'events_when_added': [], 'events_when_removed': [], 'bitmap_font': False, 'font_kerning': True, 'bold': False, 'italic': False, 'number_grouping': False, 'min_digits': 0, 'halign': 'center', 'valign': 'middle', 'rotation': 0, 'scale': 1.0, 'casing': None, 'animations': None}, {'type': 'text', 'text': 'BALL (ball)', 'y': '10', 'x': 'right-10', 'anchor_x': 'right', 'anchor_y': 'bottom', 'font_size': 50, '_default_settings': ['type', 'text', 'y', 'x', 'anchor_x', 'anchor_y', 'font_size'], 'round_anchor_x': None, 'round_anchor_y': None, 'opacity': 1.0, 'z': 0, 'reset_animations_events': {}, 'color': [1.0, 1.0, 1.0, 1.0], 'style': [], 'adjust_top': 0, 'adjust_bottom': 0, 'adjust_left': 0, 'adjust_right': 0, 'expire': None, 'key': None, 'widget': None, 'events_when_added': [], 'events_when_removed': [], 'bitmap_font': False, 'font_kerning': True, 'bold': False, 'italic': False, 'number_grouping': False, 'min_digits': 0, 'halign': 'center', 'valign': 'middle', 'rotation': 0, 'scale': 1.0, 'casing': None, 'animations': None}], 'target': None, 'background_color': [0.0, 0.0, 0.0, 1.0], 'priority': None, 'show': True, 'force': False, 'expire': None, 'slide': None, 'tokens': {}, 'action': 'play'}}
2020-10-03 17:47:13,765 : EventManager : Event: ======'slide_base.slide_player-mode_base_started_created'====== Args={}
2020-10-03 17:47:13,775 : EventManager : Event: ======'slide_base.slide_player-mode_base_started_active'====== Args={}
2020-10-03 17:47:22,776 : EventManager : Event: ======'machine_var_audits_switches_s_exit_shooter_lane'====== Args={'value': 333, 'prev_value': 332, 'change': 1}
2020-10-03 17:47:24,796 : EventManager : Event: ======'machine_var_audits_switches_s_dt_C'====== Args={'value': 47, 'prev_value': 46, 'change': 1}
2020-10-03 17:47:24,797 : EventManager : Event: ======'player_score'====== Args={'value': 3600, 'prev_value': 3500, 'change': 100, 'player_num': 1}
2020-10-03 17:47:26,701 : EventManager : Event: ======'machine_var_audits_switches_s_dt_U'====== Args={'value': 38, 'prev_value': 37, 'change': 1}
2020-10-03 17:47:26,713 : EventManager : Event: ======'player_score'====== Args={'value': 3700, 'prev_value': 3600, 'change': 100, 'player_num': 1}
2020-10-03 17:47:27,961 : EventManager : Event: ======'machine_var_audits_switches_s_dt_P'====== Args={'value': 30, 'prev_value': 29, 'change': 1}
2020-10-03 17:47:27,963 : EventManager : Event: ======'player_score'====== Args={'value': 3800, 'prev_value': 3700, 'change': 100, 'player_num': 1}
2020-10-03 17:47:32,291 : EventManager : Event: ======'machine_var_audits_switches_s_dt_P'====== Args={'value': 31, 'prev_value': 30, 'change': 1}
2020-10-03 17:47:32,293 : EventManager : Event: ======'player_score'====== Args={'value': 3900, 'prev_value': 3800, 'change': 100, 'player_num': 1}
2020-10-03 17:47:33,989 : EventManager : Event: ======'machine_var_audits_switches_s_dt_U'====== Args={'value': 39, 'prev_value': 38, 'change': 1}
2020-10-03 17:47:33,990 : EventManager : Event: ======'player_score'====== Args={'value': 4000, 'prev_value': 3900, 'change': 100, 'player_num': 1}
2020-10-03 17:47:37,436 : EventManager : Event: ======'machine_var_audits_switches_s_dt_C'====== Args={'value': 48, 'prev_value': 47, 'change': 1}
2020-10-03 17:47:37,436 : EventManager : Event: ======'player_score'====== Args={'value': 4100, 'prev_value': 4000, 'change': 100, 'player_num': 1}
2020-10-03 17:47:41,147 : EventManager : Event: ======'machine_var_audits_switches_s_dt_C'====== Args={'value': 49, 'prev_value': 48, 'change': 1}
2020-10-03 17:47:41,211 : EventManager : Event: ======'player_score'====== Args={'value': 4200, 'prev_value': 4100, 'change': 100, 'player_num': 1}
2020-10-03 17:47:42,391 : EventManager : Event: ======'machine_var_audits_switches_s_dt_U'====== Args={'value': 40, 'prev_value': 39, 'change': 1}
2020-10-03 17:47:42,435 : EventManager : Event: ======'player_score'====== Args={'value': 4300, 'prev_value': 4200, 'change': 100, 'player_num': 1}
2020-10-03 17:47:43,861 : EventManager : Event: ======'machine_var_audits_switches_s_dt_P'====== Args={'value': 32, 'prev_value': 31, 'change': 1}
2020-10-03 17:47:43,863 : EventManager : Event: ======'player_score'====== Args={'value': 4400, 'prev_value': 4300, 'change': 100, 'player_num': 1}
2020-10-03 17:47:45,363 : EventManager : Event: ======'machine_var_audits_switches_s_dt_P'====== Args={'value': 33, 'prev_value': 32, 'change': 1}
2020-10-03 17:47:45,364 : EventManager : Event: ======'player_score'====== Args={'value': 4500, 'prev_value': 4400, 'change': 100, 'player_num': 1}
2020-10-03 17:47:46,817 : EventManager : Event: ======'machine_var_audits_switches_s_dt_U'====== Args={'value': 41, 'prev_value': 40, 'change': 1}
2020-10-03 17:47:46,818 : EventManager : Event: ======'player_score'====== Args={'value': 4600, 'prev_value': 4500, 'change': 100, 'player_num': 1}
2020-10-03 17:47:48,170 : EventManager : Event: ======'machine_var_audits_switches_s_dt_C'====== Args={'value': 50, 'prev_value': 49, 'change': 1}
2020-10-03 17:47:48,257 : EventManager : Event: ======'player_score'====== Args={'value': 4700, 'prev_value': 4600, 'change': 100, 'player_num': 1}
2020-10-03 17:47:49,819 : EventManager : Event: ======'machine_var_audits_switches_s_dt_C'====== Args={'value': 51, 'prev_value': 50, 'change': 1}
2020-10-03 17:47:49,819 : EventManager : Event: ======'player_score'====== Args={'value': 4800, 'prev_value': 4700, 'change': 100, 'player_num': 1}
2020-10-03 17:47:51,131 : EventManager : Event: ======'machine_var_audits_switches_s_dt_U'====== Args={'value': 42, 'prev_value': 41, 'change': 1}
2020-10-03 17:47:51,132 : EventManager : Event: ======'player_score'====== Args={'value': 4900, 'prev_value': 4800, 'change': 100, 'player_num': 1}
2020-10-03 17:47:52,174 : EventManager : Event: ======'machine_var_audits_switches_s_dt_P'====== Args={'value': 34, 'prev_value': 33, 'change': 1}
2020-10-03 17:47:52,186 : EventManager : Event: ======'player_score'====== Args={'value': 5000, 'prev_value': 4900, 'change': 100, 'player_num': 1}
2020-10-03 17:47:55,805 : EventManager : Event: ======'machine_var_audits_switches_s_trough1'====== Args={'value': 505, 'prev_value': 504, 'change': 1}
2020-10-03 17:47:56,384 : EventManager : Event: ======'sounds_clear'====== Args={'context': 'base'}
2020-10-03 17:47:56,385 : EventManager : Event: ======'slides_clear'====== Args={'context': 'base'}
2020-10-03 17:47:56,393 : EventManager : Event: ======'slide_base.slide_player-mode_base_started_removed'====== Args={}
2020-10-03 17:47:56,402 : EventManager : Event: ======'slide_welcome_slide_active'====== Args={}
2020-10-03 17:47:56,775 : EventManager : Event: ======'player_ball'====== Args={'value': 3, 'prev_value': 2, 'change': 1, 'player_num': 1}
2020-10-03 17:47:56,776 : EventManager : Event: ======'sounds_play'====== Args={'settings': {'poolCupHeadBase': {'loops': -1, 'priority': None, 'action': 'play', 'track': None, 'volume': None, 'pan': None, 'start_at': None, 'fade_in': None, 'fade_out': None, 'about_to_finish_time': -1.0, 'max_queue_time': -1.0, 'events_when_played': ['use_sound_setting'], 'events_when_stopped': ['use_sound_setting'], 'events_when_looping': ['use_sound_setting'], 'events_when_about_to_finish': ['use_sound_setting'], 'mode_end_action': 'use_sound_setting', 'key': 'use_sound_setting'}}, 'context': 'base', 'calling_context': 'mode_base_started', 'priority': 100, 'queue': '<QueuedEvent>', 'player': 1, 'ball': 3, 'balls_remaining': 2, 'is_extra_ball': False}
2020-10-03 17:47:56,777 : EventManager : Event: ======'slides_play'====== Args={'settings': {'widgets': {'widgets': [{'type': 'text', 'text': '(score)', 'number_grouping': True, 'min_digits': 2, 'font_size': 100, '_default_settings': ['type', 'text', 'number_grouping', 'min_digits', 'font_size'], 'x': None, 'y': None, 'anchor_x': 'center', 'anchor_y': 'center', 'round_anchor_x': None, 'round_anchor_y': None, 'opacity': 1.0, 'z': 0, 'reset_animations_events': {}, 'color': [1.0, 1.0, 1.0, 1.0], 'style': [], 'adjust_top': 0, 'adjust_bottom': 0, 'adjust_left': 0, 'adjust_right': 0, 'expire': None, 'key': None, 'widget': None, 'events_when_added': [], 'events_when_removed': [], 'bitmap_font': False, 'font_kerning': True, 'bold': False, 'italic': False, 'halign': 'center', 'valign': 'middle', 'rotation': 0, 'scale': 1.0, 'casing': None, 'animations': None}, {'type': 'text', 'text': 'Player (number)', 'y': '10', 'x': '10', 'font_size': 50, 'anchor_x': 'left', 'anchor_y': 'bottom', '_default_settings': ['type', 'text', 'y', 'x', 'font_size', 'anchor_x', 'anchor_y'], 'round_anchor_x': None, 'round_anchor_y': None, 'opacity': 1.0, 'z': 0, 'reset_animations_events': {}, 'color': [1.0, 1.0, 1.0, 1.0], 'style': [], 'adjust_top': 0, 'adjust_bottom': 0, 'adjust_left': 0, 'adjust_right': 0, 'expire': None, 'key': None, 'widget': None, 'events_when_added': [], 'events_when_removed': [], 'bitmap_font': False, 'font_kerning': True, 'bold': False, 'italic': False, 'number_grouping': False, 'min_digits': 0, 'halign': 'center', 'valign': 'middle', 'rotation': 0, 'scale': 1.0, 'casing': None, 'animations': None}, {'type': 'text', 'text': 'BALL (ball)', 'y': '10', 'x': 'right-10', 'anchor_x': 'right', 'anchor_y': 'bottom', 'font_size': 50, '_default_settings': ['type', 'text', 'y', 'x', 'anchor_x', 'anchor_y', 'font_size'], 'round_anchor_x': None, 'round_anchor_y': None, 'opacity': 1.0, 'z': 0, 'reset_animations_events': {}, 'color': [1.0, 1.0, 1.0, 1.0], 'style': [], 'adjust_top': 0, 'adjust_bottom': 0, 'adjust_left': 0, 'adjust_right': 0, 'expire': None, 'key': None, 'widget': None, 'events_when_added': [], 'events_when_removed': [], 'bitmap_font': False, 'font_kerning': True, 'bold': False, 'italic': False, 'number_grouping': False, 'min_digits': 0, 'halign': 'center', 'valign': 'middle', 'rotation': 0, 'scale': 1.0, 'casing': None, 'animations': None}], 'target': None, 'background_color': [0.0, 0.0, 0.0, 1.0], 'priority': None, 'show': True, 'force': False, 'expire': None, 'slide': None, 'tokens': {}, 'action': 'play'}}, 'context': 'base', 'calling_context': 'mode_base_started', 'priority': 100, 'queue': '<QueuedEvent>', 'player': 1, 'ball': 3, 'balls_remaining': 2, 'is_extra_ball': False}
2020-10-03 17:47:56,780 : mpfmc : SlidePlayer: Play called with settings={'widgets': {'widgets': [{'type': 'text', 'text': '(score)', 'number_grouping': True, 'min_digits': 2, 'font_size': 100, '_default_settings': ['type', 'text', 'number_grouping', 'min_digits', 'font_size'], 'x': None, 'y': None, 'anchor_x': 'center', 'anchor_y': 'center', 'round_anchor_x': None, 'round_anchor_y': None, 'opacity': 1.0, 'z': 0, 'reset_animations_events': {}, 'color': [1.0, 1.0, 1.0, 1.0], 'style': [], 'adjust_top': 0, 'adjust_bottom': 0, 'adjust_left': 0, 'adjust_right': 0, 'expire': None, 'key': None, 'widget': None, 'events_when_added': [], 'events_when_removed': [], 'bitmap_font': False, 'font_kerning': True, 'bold': False, 'italic': False, 'halign': 'center', 'valign': 'middle', 'rotation': 0, 'scale': 1.0, 'casing': None, 'animations': None}, {'type': 'text', 'text': 'Player (number)', 'y': '10', 'x': '10', 'font_size': 50, 'anchor_x': 'left', 'anchor_y': 'bottom', '_default_settings': ['type', 'text', 'y', 'x', 'font_size', 'anchor_x', 'anchor_y'], 'round_anchor_x': None, 'round_anchor_y': None, 'opacity': 1.0, 'z': 0, 'reset_animations_events': {}, 'color': [1.0, 1.0, 1.0, 1.0], 'style': [], 'adjust_top': 0, 'adjust_bottom': 0, 'adjust_left': 0, 'adjust_right': 0, 'expire': None, 'key': None, 'widget': None, 'events_when_added': [], 'events_when_removed': [], 'bitmap_font': False, 'font_kerning': True, 'bold': False, 'italic': False, 'number_grouping': False, 'min_digits': 0, 'halign': 'center', 'valign': 'middle', 'rotation': 0, 'scale': 1.0, 'casing': None, 'animations': None}, {'type': 'text', 'text': 'BALL (ball)', 'y': '10', 'x': 'right-10', 'anchor_x': 'right', 'anchor_y': 'bottom', 'font_size': 50, '_default_settings': ['type', 'text', 'y', 'x', 'anchor_x', 'anchor_y', 'font_size'], 'round_anchor_x': None, 'round_anchor_y': None, 'opacity': 1.0, 'z': 0, 'reset_animations_events': {}, 'color': [1.0, 1.0, 1.0, 1.0], 'style': [], 'adjust_top': 0, 'adjust_bottom': 0, 'adjust_left': 0, 'adjust_right': 0, 'expire': None, 'key': None, 'widget': None, 'events_when_added': [], 'events_when_removed': [], 'bitmap_font': False, 'font_kerning': True, 'bold': False, 'italic': False, 'number_grouping': False, 'min_digits': 0, 'halign': 'center', 'valign': 'middle', 'rotation': 0, 'scale': 1.0, 'casing': None, 'animations': None}], 'target': None, 'background_color': [0.0, 0.0, 0.0, 1.0], 'priority': None, 'show': True, 'force': False, 'expire': None, 'slide': None, 'tokens': {}, 'action': 'play'}}
2020-10-03 17:47:56,809 : EventManager : Event: ======'slide_base.slide_player-mode_base_started_created'====== Args={}
2020-10-03 17:47:56,821 : EventManager : Event: ======'slide_base.slide_player-mode_base_started_active'====== Args={}
2020-10-03 17:47:56,970 : EventManager : Event: ======'machine_var_audits_switches_s_plunger'====== Args={'value': 516, 'prev_value': 515, 'change': 1}
2020-10-03 17:48:05,835 : EventManager : Event: ======'machine_var_audits_switches_s_exit_shooter_lane'====== Args={'value': 334, 'prev_value': 333, 'change': 1}
2020-10-03 17:48:07,298 : EventManager : Event: ======'machine_var_audits_switches_s_dt_M'====== Args={'value': 9, 'prev_value': 8, 'change': 1}
2020-10-03 17:48:07,298 : EventManager : Event: ======'player_score'====== Args={'value': 5100, 'prev_value': 5000, 'change': 100, 'player_num': 1}
2020-10-03 17:48:09,668 : EventManager : Event: ======'machine_var_audits_switches_s_dt_U2'====== Args={'value': 9, 'prev_value': 8, 'change': 1}
2020-10-03 17:48:09,668 : EventManager : Event: ======'player_score'====== Args={'value': 5200, 'prev_value': 5100, 'change': 100, 'player_num': 1}
2020-10-03 17:48:11,420 : EventManager : Event: ======'machine_var_audits_switches_s_dt_G'====== Args={'value': 9, 'prev_value': 8, 'change': 1}
2020-10-03 17:48:11,433 : EventManager : Event: ======'player_score'====== Args={'value': 5300, 'prev_value': 5200, 'change': 100, 'player_num': 1}
2020-10-03 17:48:12,679 : EventManager : Event: ======'machine_var_audits_switches_s_dt_G'====== Args={'value': 10, 'prev_value': 9, 'change': 1}
2020-10-03 17:48:12,747 : EventManager : Event: ======'player_score'====== Args={'value': 5400, 'prev_value': 5300, 'change': 100, 'player_num': 1}
2020-10-03 17:48:14,705 : EventManager : Event: ======'machine_var_audits_switches_s_dt_U2'====== Args={'value': 10, 'prev_value': 9, 'change': 1}
2020-10-03 17:48:14,706 : EventManager : Event: ======'player_score'====== Args={'value': 5500, 'prev_value': 5400, 'change': 100, 'player_num': 1}
2020-10-03 17:48:16,596 : EventManager : Event: ======'machine_var_audits_switches_s_dt_M'====== Args={'value': 10, 'prev_value': 9, 'change': 1}
2020-10-03 17:48:16,601 : EventManager : Event: ======'player_score'====== Args={'value': 5600, 'prev_value': 5500, 'change': 100, 'player_num': 1}
2020-10-03 17:48:18,075 : EventManager : Event: ======'machine_var_audits_switches_s_dt_M'====== Args={'value': 11, 'prev_value': 10, 'change': 1}
2020-10-03 17:48:18,075 : EventManager : Event: ======'player_score'====== Args={'value': 5700, 'prev_value': 5600, 'change': 100, 'player_num': 1}
2020-10-03 17:48:19,617 : EventManager : Event: ======'machine_var_audits_switches_s_dt_U2'====== Args={'value': 11, 'prev_value': 10, 'change': 1}
2020-10-03 17:48:19,617 : EventManager : Event: ======'player_score'====== Args={'value': 5800, 'prev_value': 5700, 'change': 100, 'player_num': 1}
2020-10-03 17:48:21,011 : EventManager : Event: ======'machine_var_audits_switches_s_dt_G'====== Args={'value': 11, 'prev_value': 10, 'change': 1}
2020-10-03 17:48:21,138 : EventManager : Event: ======'player_score'====== Args={'value': 5900, 'prev_value': 5800, 'change': 100, 'player_num': 1}
2020-10-03 17:48:30,425 : EventManager : Event: ======'machine_var_audits_switches_s_dt_C'====== Args={'value': 52, 'prev_value': 51, 'change': 1}
2020-10-03 17:48:30,507 : EventManager : Event: ======'player_score'====== Args={'value': 6000, 'prev_value': 5900, 'change': 100, 'player_num': 1}
2020-10-03 17:48:39,095 : EventManager : Event: ======'machine_var_audits_switches_s_dt_U'====== Args={'value': 43, 'prev_value': 42, 'change': 1}
2020-10-03 17:48:39,095 : EventManager : Event: ======'player_score'====== Args={'value': 6100, 'prev_value': 6000, 'change': 100, 'player_num': 1}
2020-10-03 17:48:40,643 : EventManager : Event: ======'machine_var_audits_switches_s_dt_P'====== Args={'value': 35, 'prev_value': 34, 'change': 1}
2020-10-03 17:48:40,648 : EventManager : Event: ======'player_score'====== Args={'value': 6200, 'prev_value': 6100, 'change': 100, 'player_num': 1}
2020-10-03 17:48:41,860 : EventManager : Event: ======'machine_var_audits_switches_s_dt_P'====== Args={'value': 36, 'prev_value': 35, 'change': 1}
2020-10-03 17:48:41,861 : EventManager : Event: ======'player_score'====== Args={'value': 6300, 'prev_value': 6200, 'change': 100, 'player_num': 1}
2020-10-03 17:48:44,813 : EventManager : Event: ======'machine_var_audits_switches_s_dt_U'====== Args={'value': 44, 'prev_value': 43, 'change': 1}
2020-10-03 17:48:44,814 : EventManager : Event: ======'player_score'====== Args={'value': 6400, 'prev_value': 6300, 'change': 100, 'player_num': 1}
2020-10-03 17:48:46,697 : EventManager : Event: ======'machine_var_audits_switches_s_dt_C'====== Args={'value': 53, 'prev_value': 52, 'change': 1}
2020-10-03 17:48:46,698 : EventManager : Event: ======'player_score'====== Args={'value': 6500, 'prev_value': 6400, 'change': 100, 'player_num': 1}
2020-10-03 17:48:58,619 : EventManager : Event: ======'machine_var_audits_switches_s_trough1'====== Args={'value': 506, 'prev_value': 505, 'change': 1}
2020-10-03 17:48:59,563 : EventManager : Event: ======'sounds_clear'====== Args={'context': 'base'}
2020-10-03 17:48:59,564 : EventManager : Event: ======'slides_clear'====== Args={'context': 'base'}
2020-10-03 17:48:59,568 : EventManager : Event: ======'slide_base.slide_player-mode_base_started_removed'====== Args={}
2020-10-03 17:48:59,569 : EventManager : Event: ======'player_ball'====== Args={'value': 4, 'prev_value': 3, 'change': 1, 'player_num': 1}
2020-10-03 17:48:59,570 : EventManager : Event: ======'sounds_play'====== Args={'settings': {'poolCupHeadBase': {'loops': -1, 'priority': None, 'action': 'play', 'track': None, 'volume': None, 'pan': None, 'start_at': None, 'fade_in': None, 'fade_out': None, 'about_to_finish_time': -1.0, 'max_queue_time': -1.0, 'events_when_played': ['use_sound_setting'], 'events_when_stopped': ['use_sound_setting'], 'events_when_looping': ['use_sound_setting'], 'events_when_about_to_finish': ['use_sound_setting'], 'mode_end_action': 'use_sound_setting', 'key': 'use_sound_setting'}}, 'context': 'base', 'calling_context': 'mode_base_started', 'priority': 100, 'queue': '<QueuedEvent>', 'player': 1, 'ball': 4, 'balls_remaining': 1, 'is_extra_ball': False}
2020-10-03 17:48:59,571 : EventManager : Event: ======'slides_play'====== Args={'settings': {'widgets': {'widgets': [{'type': 'text', 'text': '(score)', 'number_grouping': True, 'min_digits': 2, 'font_size': 100, '_default_settings': ['type', 'text', 'number_grouping', 'min_digits', 'font_size'], 'x': None, 'y': None, 'anchor_x': 'center', 'anchor_y': 'center', 'round_anchor_x': None, 'round_anchor_y': None, 'opacity': 1.0, 'z': 0, 'reset_animations_events': {}, 'color': [1.0, 1.0, 1.0, 1.0], 'style': [], 'adjust_top': 0, 'adjust_bottom': 0, 'adjust_left': 0, 'adjust_right': 0, 'expire': None, 'key': None, 'widget': None, 'events_when_added': [], 'events_when_removed': [], 'bitmap_font': False, 'font_kerning': True, 'bold': False, 'italic': False, 'halign': 'center', 'valign': 'middle', 'rotation': 0, 'scale': 1.0, 'casing': None, 'animations': None}, {'type': 'text', 'text': 'Player (number)', 'y': '10', 'x': '10', 'font_size': 50, 'anchor_x': 'left', 'anchor_y': 'bottom', '_default_settings': ['type', 'text', 'y', 'x', 'font_size', 'anchor_x', 'anchor_y'], 'round_anchor_x': None, 'round_anchor_y': None, 'opacity': 1.0, 'z': 0, 'reset_animations_events': {}, 'color': [1.0, 1.0, 1.0, 1.0], 'style': [], 'adjust_top': 0, 'adjust_bottom': 0, 'adjust_left': 0, 'adjust_right': 0, 'expire': None, 'key': None, 'widget': None, 'events_when_added': [], 'events_when_removed': [], 'bitmap_font': False, 'font_kerning': True, 'bold': False, 'italic': False, 'number_grouping': False, 'min_digits': 0, 'halign': 'center', 'valign': 'middle', 'rotation': 0, 'scale': 1.0, 'casing': None, 'animations': None}, {'type': 'text', 'text': 'BALL (ball)', 'y': '10', 'x': 'right-10', 'anchor_x': 'right', 'anchor_y': 'bottom', 'font_size': 50, '_default_settings': ['type', 'text', 'y', 'x', 'anchor_x', 'anchor_y', 'font_size'], 'round_anchor_x': None, 'round_anchor_y': None, 'opacity': 1.0, 'z': 0, 'reset_animations_events': {}, 'color': [1.0, 1.0, 1.0, 1.0], 'style': [], 'adjust_top': 0, 'adjust_bottom': 0, 'adjust_left': 0, 'adjust_right': 0, 'expire': None, 'key': None, 'widget': None, 'events_when_added': [], 'events_when_removed': [], 'bitmap_font': False, 'font_kerning': True, 'bold': False, 'italic': False, 'number_grouping': False, 'min_digits': 0, 'halign': 'center', 'valign': 'middle', 'rotation': 0, 'scale': 1.0, 'casing': None, 'animations': None}], 'target': None, 'background_color': [0.0, 0.0, 0.0, 1.0], 'priority': None, 'show': True, 'force': False, 'expire': None, 'slide': None, 'tokens': {}, 'action': 'play'}}, 'context': 'base', 'calling_context': 'mode_base_started', 'priority': 100, 'queue': '<QueuedEvent>', 'player': 1, 'ball': 4, 'balls_remaining': 1, 'is_extra_ball': False}
2020-10-03 17:48:59,576 : mpfmc : SlidePlayer: Play called with settings={'widgets': {'widgets': [{'type': 'text', 'text': '(score)', 'number_grouping': True, 'min_digits': 2, 'font_size': 100, '_default_settings': ['type', 'text', 'number_grouping', 'min_digits', 'font_size'], 'x': None, 'y': None, 'anchor_x': 'center', 'anchor_y': 'center', 'round_anchor_x': None, 'round_anchor_y': None, 'opacity': 1.0, 'z': 0, 'reset_animations_events': {}, 'color': [1.0, 1.0, 1.0, 1.0], 'style': [], 'adjust_top': 0, 'adjust_bottom': 0, 'adjust_left': 0, 'adjust_right': 0, 'expire': None, 'key': None, 'widget': None, 'events_when_added': [], 'events_when_removed': [], 'bitmap_font': False, 'font_kerning': True, 'bold': False, 'italic': False, 'halign': 'center', 'valign': 'middle', 'rotation': 0, 'scale': 1.0, 'casing': None, 'animations': None}, {'type': 'text', 'text': 'Player (number)', 'y': '10', 'x': '10', 'font_size': 50, 'anchor_x': 'left', 'anchor_y': 'bottom', '_default_settings': ['type', 'text', 'y', 'x', 'font_size', 'anchor_x', 'anchor_y'], 'round_anchor_x': None, 'round_anchor_y': None, 'opacity': 1.0, 'z': 0, 'reset_animations_events': {}, 'color': [1.0, 1.0, 1.0, 1.0], 'style': [], 'adjust_top': 0, 'adjust_bottom': 0, 'adjust_left': 0, 'adjust_right': 0, 'expire': None, 'key': None, 'widget': None, 'events_when_added': [], 'events_when_removed': [], 'bitmap_font': False, 'font_kerning': True, 'bold': False, 'italic': False, 'number_grouping': False, 'min_digits': 0, 'halign': 'center', 'valign': 'middle', 'rotation': 0, 'scale': 1.0, 'casing': None, 'animations': None}, {'type': 'text', 'text': 'BALL (ball)', 'y': '10', 'x': 'right-10', 'anchor_x': 'right', 'anchor_y': 'bottom', 'font_size': 50, '_default_settings': ['type', 'text', 'y', 'x', 'anchor_x', 'anchor_y', 'font_size'], 'round_anchor_x': None, 'round_anchor_y': None, 'opacity': 1.0, 'z': 0, 'reset_animations_events': {}, 'color': [1.0, 1.0, 1.0, 1.0], 'style': [], 'adjust_top': 0, 'adjust_bottom': 0, 'adjust_left': 0, 'adjust_right': 0, 'expire': None, 'key': None, 'widget': None, 'events_when_added': [], 'events_when_removed': [], 'bitmap_font': False, 'font_kerning': True, 'bold': False, 'italic': False, 'number_grouping': False, 'min_digits': 0, 'halign': 'center', 'valign': 'middle', 'rotation': 0, 'scale': 1.0, 'casing': None, 'animations': None}], 'target': None, 'background_color': [0.0, 0.0, 0.0, 1.0], 'priority': None, 'show': True, 'force': False, 'expire': None, 'slide': None, 'tokens': {}, 'action': 'play'}}
2020-10-03 17:48:59,646 : EventManager : Event: ======'slide_base.slide_player-mode_base_started_created'====== Args={}
2020-10-03 17:48:59,654 : EventManager : Event: ======'slide_base.slide_player-mode_base_started_active'====== Args={}
2020-10-03 17:48:59,681 : EventManager : Event: ======'machine_var_audits_switches_s_plunger'====== Args={'value': 517, 'prev_value': 516, 'change': 1}
2020-10-03 17:49:02,738 : kivy : Base: Leaving application in progress...
2020-10-03 17:49:03,058 : kivy : WindowSDL: exiting mainloop and closing.
2020-10-03 17:49:03,090 : mpfmc : Stopping...
2020-10-03 17:49:03,090 : EventManager : Event: ======'shutdown'====== Args={}
2020-10-03 17:49:03,090 : mpfmc : Loop rate 67.37 Hz
2020-10-03 17:49:03,090 : kivy : MC run loop ended.
2020-10-03 17:49:03,090 : kivy : Stopping child threads... (3 remaining)
2020-10-03 17:49:03,519 : mpfmc : Stopping...
2020-10-03 17:49:03,519 : EventManager : Event: ======'shutdown'====== Args={}
2020-10-03 17:49:03,519 : mpfmc : Loop rate 67.23 Hz
2020-10-03 17:49:03,566 : MPF-MC BCP Server : Stopping BCP sending thread
2020-10-03 17:49:04,128 : kivy : All child threads stopped.
