2020-10-05 09:16:59,574 : INFO : root : Loading config.
2020-10-05 09:16:59,574 : INFO : YamlMultifileConfigLoader : Machine config file #1: config.yaml
2020-10-05 09:16:59,574 : INFO : ConfigProcessor : Loading config from cache: C:\Users\themi\AppData\Local\Temp\2b6ef079982d662fef43bd5e7e2d4708.mpf_cache
2020-10-05 09:16:59,793 : INFO : ConfigProcessor : Loading config from cache: C:\Users\themi\AppData\Local\Temp\89b9c5cb952cce9fc74d723399719cc6.mpf_cache
2020-10-05 09:16:59,793 : INFO : ConfigProcessor : Loading config from cache: C:\Users\themi\AppData\Local\Temp\4fcecb70f81c3c2fefb8e65ae9a0af5f.mpf_cache
2020-10-05 09:16:59,793 : INFO : ConfigProcessor : Loading config from cache: C:\Users\themi\AppData\Local\Temp\5820a65357aa32f3082a694bbd0b1b93.mpf_cache
2020-10-05 09:16:59,793 : INFO : ConfigProcessor : Loading config from cache: C:\Users\themi\AppData\Local\Temp\2f1df67e0c6599f893aeb5468bc976f9.mpf_cache
2020-10-05 09:16:59,793 : WARNING : ConfigProcessor : Config file in cache changed: c:\GitHub\Cuphead\modes\bonusPayout\config\bonusPayout.yaml
2020-10-05 09:16:59,793 : INFO : ConfigProcessor : Loading config from file c:\GitHub\Cuphead\modes\bonusPayout\config\bonusPayout.yaml.
2020-10-05 09:16:59,809 : INFO : ConfigProcessor : Loading config: c:\GitHub\Cuphead\modes\bonusPayout\config\bonusPayout.yaml
2020-10-05 09:16:59,809 : INFO : ConfigProcessor : Config file cache created: C:\Users\themi\AppData\Local\Temp\e4f08e85af4a8c30a7d7240c7a9e2b7d.mpf_cache
2020-10-05 09:16:59,809 : INFO : ConfigProcessor : Loading config from cache: C:\Users\themi\AppData\Local\Temp\893c92602cb79b5461df4ae912d665e0.mpf_cache
2020-10-05 09:16:59,809 : INFO : ConfigProcessor : Loading config from cache: C:\Users\themi\AppData\Local\Temp\15cb35af48ef2b73a1399ecc64f542cf.mpf_cache
2020-10-05 09:16:59,809 : INFO : ConfigProcessor : Loading config from cache: C:\Users\themi\AppData\Local\Temp\8f78dc3447c1c9fe6775dbe5408c12e9.mpf_cache
2020-10-05 09:16:59,824 : INFO : ConfigProcessor : Loading config from cache: C:\Users\themi\AppData\Local\Temp\459e0fbd95aa261661d4ec522fde7178.mpf_cache
2020-10-05 09:16:59,824 : INFO : ConfigProcessor : Loading config from cache: C:\Users\themi\AppData\Local\Temp\bc011c11c9e34bbd89eedfa08565ed62.mpf_cache
2020-10-05 09:16:59,824 : INFO : ConfigProcessor : Loading config from cache: C:\Users\themi\AppData\Local\Temp\6f009ec52b9ccf4b89f291e4051b3241.mpf_cache
2020-10-05 09:16:59,824 : INFO : ConfigProcessor : Loading config from cache: C:\Users\themi\AppData\Local\Temp\c2ce7139d0aaca9aa552320269b3f50d.mpf_cache
2020-10-05 09:16:59,824 : INFO : ConfigProcessor : Loading config from cache: C:\Users\themi\AppData\Local\Temp\2b7bf9166be80f4b554569a332b23de4.mpf_cache
2020-10-05 09:16:59,824 : INFO : ConfigProcessor : Loading config from cache: C:\Users\themi\AppData\Local\Temp\c546e3aedc6779039624162d0203f540.mpf_cache
2020-10-05 09:16:59,824 : INFO : ConfigProcessor : Loading config from cache: C:\Users\themi\AppData\Local\Temp\abdfe7fa7b37a4a193490f565dc0597d.mpf_cache
2020-10-05 09:16:59,824 : INFO : ConfigProcessor : Loading config from cache: C:\Users\themi\AppData\Local\Temp\4342b421d288ce5a4483067739b72cdd.mpf_cache
2020-10-05 09:16:59,824 : INFO : ConfigProcessor : Loading config from cache: C:\Users\themi\AppData\Local\Temp\368aa16bb3be9e41d99a527245060f83.mpf_cache
2020-10-05 09:16:59,824 : INFO : ConfigProcessor : Loading config from cache: C:\Users\themi\AppData\Local\Temp\d0e012eb2507157abb0bb72425aaf5b2.mpf_cache
2020-10-05 09:16:59,824 : INFO : ConfigProcessor : Loading config from cache: C:\Users\themi\AppData\Local\Temp\0f1b51b912b71211c13fe22b9a37b50a.mpf_cache
2020-10-05 09:16:59,824 : INFO : ConfigProcessor : Loading config from cache: C:\Users\themi\AppData\Local\Temp\10ee2574e78165e598e7a995071a74cc.mpf_cache
2020-10-05 09:16:59,840 : INFO : ConfigProcessor : Loading config from cache: C:\Users\themi\AppData\Local\Temp\a266cad92e011305e896e67dddfd4a6c.mpf_cache
2020-10-05 09:16:59,840 : INFO : ConfigProcessor : Loading config from cache: C:\Users\themi\AppData\Local\Temp\7ee3e0eba3dedef43a01da4ffa491384.mpf_cache
2020-10-05 09:16:59,840 : INFO : ConfigProcessor : Loading config from cache: C:\Users\themi\AppData\Local\Temp\13fd6d25ddf06daef684ee2be33938b7.mpf_cache
2020-10-05 09:16:59,840 : INFO : Machine : Mission Pinball Framework Core Engine v0.54.0-dev.72
2020-10-05 09:16:59,840 : INFO : Machine : Command line arguments: {'no_load_cache': False, 'create_config_cache': True, 'bcp': True, 'configfile': ['config.yaml'], 'force_assets_load': False, 'jsonlogging': False, 'logfile': 'logs\\2020-10-05-09-16-59-mpf-LAPTOP-C39PEUFD.log', 'pause': False, 'production': False, 'text_ui': True, 'loglevel': 15, 'consoleloglevel': 20, 'force_platform': 'smart_virtual', 'syslog_address': None, 'mc_file_name': None, 'no_sound': False}
2020-10-05 09:16:59,840 : INFO : Machine : MPF path: c:\users\themi\appdata\local\programs\python\python36\lib\site-packages\mpf
2020-10-05 09:16:59,840 : INFO : Machine : Machine path: c:\GitHub\Cuphead
2020-10-05 09:16:59,840 : INFO : Machine : Platform: win32
2020-10-05 09:16:59,840 : INFO : Machine : Python executable location: c:\users\themi\appdata\local\programs\python\python36\python.exe
2020-10-05 09:16:59,840 : INFO : Machine : Python version: 3.6.4 (64-bit)
2020-10-05 09:16:59,840 : INFO : Machine : Initialise MPF.
2020-10-05 09:17:00,375 : INFO : EventManager : Event: ======'machine_var_credits_string'====== Args={'value': 'FREE PLAY', 'prev_value': None, 'change': True}
2020-10-05 09:17:00,516 : INFO : EventManager : Event: ======'machine_var_player1_score'====== Args={'value': 8110, 'prev_value': None, 'change': True}
2020-10-05 09:17:00,516 : INFO : EventManager : Event: ======'machine_var_mpf_version'====== Args={'value': 'MPF v0.54.0-dev.72', 'prev_value': None, 'change': True}
2020-10-05 09:17:00,516 : INFO : EventManager : Event: ======'machine_var_mpf_extended_version'====== Args={'value': 'MPF v0.54.0-dev.72, Config version:5, Show version: 5, BCP version:1.1', 'prev_value': None, 'change': True}
2020-10-05 09:17:00,516 : INFO : EventManager : Event: ======'machine_var_python_version'====== Args={'value': '3.6.4', 'prev_value': None, 'change': True}
2020-10-05 09:17:00,516 : INFO : EventManager : Event: ======'machine_var_platform'====== Args={'value': 'Windows-10-10.0.18362-SP0', 'prev_value': None, 'change': True}
2020-10-05 09:17:00,516 : INFO : EventManager : Event: ======'machine_var_platform_system'====== Args={'value': 'Windows', 'prev_value': None, 'change': True}
2020-10-05 09:17:00,516 : INFO : EventManager : Event: ======'machine_var_platform_release'====== Args={'value': '10', 'prev_value': None, 'change': True}
2020-10-05 09:17:00,516 : INFO : EventManager : Event: ======'machine_var_platform_version'====== Args={'value': '10.0.18362', 'prev_value': None, 'change': True}
2020-10-05 09:17:00,516 : INFO : EventManager : Event: ======'machine_var_platform_machine'====== Args={'value': 'AMD64', 'prev_value': None, 'change': True}
2020-10-05 09:17:00,516 : INFO : EventManager : Event: ======'init_phase_1'====== Args={}
2020-10-05 09:17:00,657 : INFO : EventManager : Event: ======'drop_target_bank_cup_bank_up'====== Args={}
2020-10-05 09:17:00,657 : INFO : EventManager : Event: ======'drop_target_bank_mug_bank_up'====== Args={}
2020-10-05 09:17:00,657 : INFO : EventManager : Event: ======'init_phase_2'====== Args={}
2020-10-05 09:17:00,657 : INFO : SwitchController : Found active switch: ('2', <Platform.SmartVirtual>)
2020-10-05 09:17:00,657 : INFO : SwitchController : Found active switch: ('3', <Platform.SmartVirtual>)
2020-10-05 09:17:00,690 : INFO : EventManager : Event: ======'bcp_connection_attempt'====== Args={'name': 'local_display', 'host': 'localhost', 'port': 5050}
2020-10-05 09:17:00,692 : INFO : BCPClientSocket : Connecting BCP to 'local_display' at localhost:5050...
2020-10-05 09:17:23,392 : INFO : BCPClientSocket : Connected BCP to 'local_display' localhost:5050
2020-10-05 09:17:23,393 : INFO : EventManager : Event: ======'bcp_clients_connected'====== Args={}
2020-10-05 09:17:23,447 : INFO : EventManager : Event: ======'machine_var_mc_version'====== Args={'value': 'MPF-MC v0.54.0-dev.20', 'prev_value': None, 'change': True}
2020-10-05 09:17:23,448 : INFO : EventManager : Event: ======'machine_var_mc_extended_version'====== Args={'value': 'MPF-MC v0.54.0-dev.20 (config_version=5, BCP v1.1, Requires MPF v0.54.0-dev.68)', 'prev_value': None, 'change': True}
2020-10-05 09:17:23,453 : INFO : EventManager : Event: ======'machine_var_master_volume'====== Args={'value': 0.5, 'prev_value': None, 'change': True}
2020-10-05 09:17:23,454 : INFO : ball_device.bd_trough : State: idle
2020-10-05 09:17:23,537 : INFO : ball_device.bd_plunger : State: idle
2020-10-05 09:17:23,595 : INFO : EventManager : Event: ======'init_phase_3'====== Args={}
2020-10-05 09:17:23,612 : INFO : EventManager : Event: ======'init_phase_4'====== Args={}
2020-10-05 09:17:23,615 : INFO : EventManager : Event: ======'machine_var_audits_events_game_ended'====== Args={'value': 21, 'prev_value': None, 'change': True}
2020-10-05 09:17:23,616 : INFO : EventManager : Event: ======'machine_var_audits_events_game_started'====== Args={'value': 40, 'prev_value': None, 'change': True}
2020-10-05 09:17:23,616 : INFO : EventManager : Event: ======'machine_var_audits_player_score'====== Args={'value': {'average': 530.4761904761905, 'top': [2970, 1300, 1220, 980, 880, 780, 720, 710, 630, 590], 'total': 21}, 'prev_value': None, 'change': True}
2020-10-05 09:17:23,618 : INFO : EventManager : Event: ======'machine_var_audits_shots_soul_L'====== Args={'value': 233, 'prev_value': None, 'change': True}
2020-10-05 09:17:23,619 : INFO : EventManager : Event: ======'machine_var_audits_shots_soul_O'====== Args={'value': 240, 'prev_value': None, 'change': True}
2020-10-05 09:17:23,620 : INFO : EventManager : Event: ======'machine_var_audits_shots_soul_S'====== Args={'value': 273, 'prev_value': None, 'change': True}
2020-10-05 09:17:23,621 : INFO : EventManager : Event: ======'machine_var_audits_shots_soul_U'====== Args={'value': 235, 'prev_value': None, 'change': True}
2020-10-05 09:17:23,622 : INFO : EventManager : Event: ======'machine_var_audits_switches_s_coin'====== Args={'value': 20, 'prev_value': None, 'change': True}
2020-10-05 09:17:23,622 : INFO : EventManager : Event: ======'machine_var_audits_switches_s_dash_L'====== Args={'value': 0, 'prev_value': None, 'change': True}
2020-10-05 09:17:23,623 : INFO : EventManager : Event: ======'machine_var_audits_switches_s_dash_R'====== Args={'value': 0, 'prev_value': None, 'change': True}
2020-10-05 09:17:23,624 : INFO : EventManager : Event: ======'machine_var_audits_switches_s_dtSling_L'====== Args={'value': 0, 'prev_value': None, 'change': True}
2020-10-05 09:17:23,625 : INFO : EventManager : Event: ======'machine_var_audits_switches_s_dtSling_R'====== Args={'value': 0, 'prev_value': None, 'change': True}
2020-10-05 09:17:23,626 : INFO : EventManager : Event: ======'machine_var_audits_switches_s_dt_C'====== Args={'value': 90, 'prev_value': None, 'change': True}
2020-10-05 09:17:23,626 : INFO : EventManager : Event: ======'machine_var_audits_switches_s_dt_G'====== Args={'value': 28, 'prev_value': None, 'change': True}
2020-10-05 09:17:23,627 : INFO : EventManager : Event: ======'machine_var_audits_switches_s_dt_M'====== Args={'value': 26, 'prev_value': None, 'change': True}
2020-10-05 09:17:23,628 : INFO : EventManager : Event: ======'machine_var_audits_switches_s_dt_P'====== Args={'value': 70, 'prev_value': None, 'change': True}
2020-10-05 09:17:23,630 : INFO : EventManager : Event: ======'machine_var_audits_switches_s_dt_U'====== Args={'value': 78, 'prev_value': None, 'change': True}
2020-10-05 09:17:23,631 : INFO : EventManager : Event: ======'machine_var_audits_switches_s_dt_U2'====== Args={'value': 26, 'prev_value': None, 'change': True}
2020-10-05 09:17:23,632 : INFO : EventManager : Event: ======'machine_var_audits_switches_s_exit_shooter_lane'====== Args={'value': 359, 'prev_value': None, 'change': True}
2020-10-05 09:17:23,633 : INFO : EventManager : Event: ======'machine_var_audits_switches_s_inLane_L'====== Args={'value': 0, 'prev_value': None, 'change': True}
2020-10-05 09:17:23,635 : INFO : EventManager : Event: ======'machine_var_audits_switches_s_inLane_R'====== Args={'value': 0, 'prev_value': None, 'change': True}
2020-10-05 09:17:23,636 : INFO : EventManager : Event: ======'machine_var_audits_switches_s_kicker'====== Args={'value': 0, 'prev_value': None, 'change': True}
2020-10-05 09:17:23,637 : INFO : EventManager : Event: ======'machine_var_audits_switches_s_left_flipper'====== Args={'value': 151, 'prev_value': None, 'change': True}
2020-10-05 09:17:23,638 : INFO : EventManager : Event: ======'machine_var_audits_switches_s_midRight'====== Args={'value': 0, 'prev_value': None, 'change': True}
2020-10-05 09:17:23,640 : INFO : EventManager : Event: ======'machine_var_audits_switches_s_outLane_L'====== Args={'value': 0, 'prev_value': None, 'change': True}
2020-10-05 09:17:23,641 : INFO : EventManager : Event: ======'machine_var_audits_switches_s_outLane_R'====== Args={'value': 0, 'prev_value': None, 'change': True}
2020-10-05 09:17:23,643 : INFO : EventManager : Event: ======'machine_var_audits_switches_s_perdition'====== Args={'value': 0, 'prev_value': None, 'change': True}
2020-10-05 09:17:23,644 : INFO : EventManager : Event: ======'machine_var_audits_switches_s_playfield'====== Args={'value': 0, 'prev_value': None, 'change': True}
2020-10-05 09:17:23,645 : INFO : EventManager : Event: ======'machine_var_audits_switches_s_plunger'====== Args={'value': 580, 'prev_value': None, 'change': True}
2020-10-05 09:17:23,645 : INFO : EventManager : Event: ======'machine_var_audits_switches_s_popBumper_1'====== Args={'value': 464, 'prev_value': None, 'change': True}
2020-10-05 09:17:23,656 : INFO : EventManager : Event: ======'machine_var_audits_switches_s_popBumper_2'====== Args={'value': 440, 'prev_value': None, 'change': True}
2020-10-05 09:17:23,657 : INFO : EventManager : Event: ======'machine_var_audits_switches_s_popBumper_3'====== Args={'value': 164, 'prev_value': None, 'change': True}
2020-10-05 09:17:23,659 : INFO : EventManager : Event: ======'machine_var_audits_switches_s_pop_bumper1'====== Args={'value': 120, 'prev_value': None, 'change': True}
2020-10-05 09:17:23,660 : INFO : EventManager : Event: ======'machine_var_audits_switches_s_pop_bumper2'====== Args={'value': 153, 'prev_value': None, 'change': True}
2020-10-05 09:17:23,662 : INFO : EventManager : Event: ======'machine_var_audits_switches_s_pop_bumper3'====== Args={'value': 100, 'prev_value': None, 'change': True}
2020-10-05 09:17:23,663 : INFO : EventManager : Event: ======'machine_var_audits_switches_s_right_flipper'====== Args={'value': 217, 'prev_value': None, 'change': True}
2020-10-05 09:17:23,664 : INFO : EventManager : Event: ======'machine_var_audits_switches_s_sling_L'====== Args={'value': 0, 'prev_value': None, 'change': True}
2020-10-05 09:17:23,666 : INFO : EventManager : Event: ======'machine_var_audits_switches_s_sling_R'====== Args={'value': 0, 'prev_value': None, 'change': True}
2020-10-05 09:17:23,667 : INFO : EventManager : Event: ======'machine_var_audits_switches_s_soul_L'====== Args={'value': 234, 'prev_value': None, 'change': True}
2020-10-05 09:17:23,669 : INFO : EventManager : Event: ======'machine_var_audits_switches_s_soul_O'====== Args={'value': 245, 'prev_value': None, 'change': True}
2020-10-05 09:17:23,671 : INFO : EventManager : Event: ======'machine_var_audits_switches_s_soul_S'====== Args={'value': 273, 'prev_value': None, 'change': True}
2020-10-05 09:17:23,672 : INFO : EventManager : Event: ======'machine_var_audits_switches_s_soul_U'====== Args={'value': 235, 'prev_value': None, 'change': True}
2020-10-05 09:17:23,675 : INFO : EventManager : Event: ======'machine_var_audits_switches_s_standUp_1'====== Args={'value': 0, 'prev_value': None, 'change': True}
2020-10-05 09:17:23,680 : INFO : EventManager : Event: ======'machine_var_audits_switches_s_standUp_2'====== Args={'value': 0, 'prev_value': None, 'change': True}
2020-10-05 09:17:23,682 : INFO : EventManager : Event: ======'machine_var_audits_switches_s_standUp_3'====== Args={'value': 0, 'prev_value': None, 'change': True}
2020-10-05 09:17:23,687 : INFO : EventManager : Event: ======'machine_var_audits_switches_s_standUp_R'====== Args={'value': 0, 'prev_value': None, 'change': True}
2020-10-05 09:17:23,688 : INFO : EventManager : Event: ======'machine_var_audits_switches_s_star_1'====== Args={'value': 0, 'prev_value': None, 'change': True}
2020-10-05 09:17:23,692 : INFO : EventManager : Event: ======'machine_var_audits_switches_s_star_2'====== Args={'value': 0, 'prev_value': None, 'change': True}
2020-10-05 09:17:23,693 : INFO : EventManager : Event: ======'machine_var_audits_switches_s_star_3'====== Args={'value': 0, 'prev_value': None, 'change': True}
2020-10-05 09:17:23,696 : INFO : EventManager : Event: ======'machine_var_audits_switches_s_start'====== Args={'value': 68, 'prev_value': None, 'change': True}
2020-10-05 09:17:23,698 : INFO : EventManager : Event: ======'machine_var_audits_switches_s_tilt'====== Args={'value': 0, 'prev_value': None, 'change': True}
2020-10-05 09:17:23,702 : INFO : EventManager : Event: ======'machine_var_audits_switches_s_trough1'====== Args={'value': 517, 'prev_value': None, 'change': True}
2020-10-05 09:17:23,703 : INFO : EventManager : Event: ======'machine_var_audits_switches_s_trough2'====== Args={'value': 72, 'prev_value': None, 'change': True}
2020-10-05 09:17:23,704 : INFO : EventManager : Event: ======'machine_var_audits_switches_s_trough_jam'====== Args={'value': 13, 'prev_value': None, 'change': True}
2020-10-05 09:17:23,707 : INFO : EventManager : Event: ======'init_phase_5'====== Args={}
2020-10-05 09:17:23,751 : INFO : EventManager : Event: ======'init_done'====== Args={}
2020-10-05 09:17:23,753 : INFO : EventManager : Event: ======'machine_reset_phase_1'====== Args={}
2020-10-05 09:17:23,754 : INFO : BcpServer : New client connected.
2020-10-05 09:17:23,793 : INFO : EventManager : Event: ======'slide_welcome_slide_removed'====== Args={'_from_bcp': True}
2020-10-05 09:17:23,794 : INFO : EventManager : Event: ======'slide_welcome_slide_created'====== Args={'_from_bcp': True}
2020-10-05 09:17:23,795 : INFO : EventManager : Event: ======'slide_welcome_slide_active'====== Args={'_from_bcp': True}
2020-10-05 09:17:23,797 : INFO : EventManager : Event: ======'machine_reset_phase_2'====== Args={}
2020-10-05 09:17:23,798 : INFO : EventManager : Event: ======'machine_reset_phase_3'====== Args={}
2020-10-05 09:17:23,801 : INFO : drop_target_bank.cup_bank : All targets are already up. Will not reset bank.
2020-10-05 09:17:23,802 : INFO : drop_target_bank.mug_bank : All targets are already up. Will not reset bank.
2020-10-05 09:17:23,803 : INFO : EventManager : Event: ======'reset_complete'====== Args={}
2020-10-05 09:17:23,804 : INFO : EventManager : Event: ======'mode_attract_will_start'====== Args={}
2020-10-05 09:17:23,806 : INFO : EventManager : Event: ======'mode_attract_starting'====== Args={}
2020-10-05 09:17:23,806 : INFO : Mode.attract : Started. Priority: 10
2020-10-05 09:17:23,807 : INFO : EventManager : Event: ======'modes_active_modes_changed'====== Args={}
2020-10-05 09:17:23,808 : INFO : EventManager : Event: ======'mode_attract_started'====== Args={}
2020-10-05 09:17:23,813 : INFO : EventManager : Event: ======'collecting_balls_complete'====== Args={}
2020-10-05 09:17:23,966 : INFO : EventManager : Event: ======'slide_awesome_slide_created'====== Args={'_from_bcp': True}
2020-10-05 09:17:23,968 : INFO : EventManager : Event: ======'slide_awesome_slide_active'====== Args={'_from_bcp': True}
2020-10-05 09:17:23,972 : INFO : Machine : Starting the main run loop.
2020-10-05 09:17:26,823 : INFO : EventManager : Event: ======'slide_press_start_created'====== Args={'_from_bcp': True}
2020-10-05 09:17:26,828 : INFO : EventManager : Event: ======'slide_press_start_active'====== Args={'_from_bcp': True}
2020-10-05 09:17:29,829 : INFO : EventManager : Event: ======'slide_mission_pinball_created'====== Args={'_from_bcp': True}
2020-10-05 09:17:29,834 : INFO : EventManager : Event: ======'slide_mission_pinball_active'====== Args={'_from_bcp': True}
2020-10-05 09:17:30,376 : INFO : SwitchController : <<<<<<< 's_start' active >>>>>>>
2020-10-05 09:17:30,507 : INFO : SwitchController : <<<<<<< 's_start' inactive >>>>>>>
2020-10-05 09:17:30,507 : INFO : EventManager : Event: ======'request_to_start_game'====== Args={}
2020-10-05 09:17:30,509 : INFO : EventManager : Event: ======'game_start'====== Args={'buttons': [], 'hold_time': 0.125}
2020-10-05 09:17:30,510 : INFO : EventManager : Event: ======'mode_game_will_start'====== Args={'buttons': [], 'hold_time': 0.125}
2020-10-05 09:17:30,511 : INFO : EventManager : Event: ======'mode_game_starting'====== Args={'buttons': [], 'hold_time': 0.125}
2020-10-05 09:17:30,511 : INFO : EventManager : Event: ======'mode_attract_will_stop'====== Args={}
2020-10-05 09:17:30,512 : INFO : EventManager : Event: ======'mode_attract_stopping'====== Args={}
2020-10-05 09:17:30,513 : INFO : Mode.attract : Stopped.
2020-10-05 09:17:30,513 : INFO : EventManager : Event: ======'modes_active_modes_changed'====== Args={}
2020-10-05 09:17:30,515 : INFO : EventManager : Event: ======'mode_attract_stopped'====== Args={}
2020-10-05 09:17:30,517 : INFO : EventManager : Event: ======'clear'====== Args={'key': 'attract'}
2020-10-05 09:17:30,518 : INFO : Mode.game : Started. Priority: 20
2020-10-05 09:17:30,518 : INFO : EventManager : Event: ======'modes_active_modes_changed'====== Args={}
2020-10-05 09:17:30,519 : INFO : EventManager : Event: ======'mode_game_started'====== Args={'buttons': [], 'hold_time': 0.125}
2020-10-05 09:17:30,558 : INFO : EventManager : Event: ======'game_will_start'====== Args={}
2020-10-05 09:17:30,559 : INFO : EventManager : Event: ======'slide_awesome_slide_removed'====== Args={'_from_bcp': True}
2020-10-05 09:17:30,560 : INFO : EventManager : Event: ======'slide_press_start_removed'====== Args={'_from_bcp': True}
2020-10-05 09:17:30,560 : INFO : EventManager : Event: ======'slide_mission_pinball_removed'====== Args={'_from_bcp': True}
2020-10-05 09:17:30,561 : INFO : EventManager : Event: ======'slide_welcome_slide_active'====== Args={'_from_bcp': True}
2020-10-05 09:17:30,571 : INFO : EventManager : Event: ======'game_starting'====== Args={'game': <Mode.game>}
2020-10-05 09:17:30,572 : INFO : EventManager : Event: ======'player_add_request'====== Args={}
2020-10-05 09:17:30,573 : INFO : EventManager : Event: ======'player_will_add'====== Args={'number': 1}
2020-10-05 09:17:30,574 : INFO : EventManager : Event: ======'player_adding'====== Args={'player': <Player 1>, 'number': 1}
2020-10-05 09:17:30,574 : INFO : EventManager : Event: ======'player_added'====== Args={'player': <Player 1>, 'num': 1}
2020-10-05 09:17:30,575 : INFO : Mode.game : Player added successfully. Total players: 1
2020-10-05 09:17:30,576 : INFO : EventManager : Event: ======'player_index'====== Args={'value': 0, 'prev_value': 0, 'change': 0, 'player_num': 1}
2020-10-05 09:17:30,576 : INFO : EventManager : Event: ======'player_number'====== Args={'value': 1, 'prev_value': 1, 'change': 0, 'player_num': 1}
2020-10-05 09:17:30,577 : INFO : EventManager : Event: ======'player_bonus_multiplier'====== Args={'value': 1, 'prev_value': 1, 'change': 0, 'player_num': 1}
2020-10-05 09:17:30,578 : INFO : EventManager : Event: ======'player_contracts'====== Args={'value': 0, 'prev_value': 0, 'change': 0, 'player_num': 1}
2020-10-05 09:17:30,581 : INFO : EventManager : Event: ======'player_score'====== Args={'value': 0, 'prev_value': 0, 'change': 0, 'player_num': 1}
2020-10-05 09:17:30,585 : INFO : EventManager : Event: ======'game_started'====== Args={}
2020-10-05 09:17:30,611 : INFO : EventManager : Event: ======'player_turn_will_start'====== Args={'player': <Player 1>, 'number': 1}
2020-10-05 09:17:30,617 : INFO : EventManager : Event: ======'player_turn_starting'====== Args={'player': <Player 1>, 'number': 1}
2020-10-05 09:17:30,618 : INFO : EventManager : Event: ======'player_ball'====== Args={'value': 1, 'prev_value': 0, 'change': 1, 'player_num': 1}
2020-10-05 09:17:30,620 : INFO : EventManager : Event: ======'player_turn_started'====== Args={'player': <Player 1>, 'number': 1}
2020-10-05 09:17:30,623 : INFO : EventManager : Event: ======'ball_will_start'====== Args={'player': 1, 'ball': 1, 'balls_remaining': 4, 'is_extra_ball': False}
2020-10-05 09:17:30,644 : INFO : EventManager : Event: ======'ball_starting'====== Args={'player': 1, 'ball': 1, 'balls_remaining': 4, 'is_extra_ball': False}
2020-10-05 09:17:30,647 : INFO : EventManager : Event: ======'mode_base_will_start'====== Args={'queue': <QueuedEvent>, 'player': 1, 'ball': 1, 'balls_remaining': 4, 'is_extra_ball': False}
2020-10-05 09:17:30,657 : INFO : EventManager : Event: ======'mode_base_starting'====== Args={'queue': <QueuedEvent>, 'player': 1, 'ball': 1, 'balls_remaining': 4, 'is_extra_ball': False}
2020-10-05 09:17:30,658 : INFO : drop_target_bank.cup_bank : All targets are already up. Will not reset bank.
2020-10-05 09:17:30,658 : INFO : drop_target_bank.mug_bank : All targets are already up. Will not reset bank.
2020-10-05 09:17:30,659 : INFO : EventManager : Event: ======'balls_in_play'====== Args={'balls': 1}
2020-10-05 09:17:30,660 : INFO : EventManager : Event: ======'ball_started'====== Args={'player': 1, 'ball': 1, 'balls_remaining': 4, 'is_extra_ball': False}
2020-10-05 09:17:30,662 : INFO : EventManager : Event: ======'logicblock_bonus_updated'====== Args={'value': 0, 'enabled': True}
2020-10-05 09:17:30,662 : INFO : EventManager : Event: ======'logicblock_bonus_updated'====== Args={'value': 0, 'enabled': True}
2020-10-05 09:17:30,663 : INFO : Mode.base : Started. Priority: 100
2020-10-05 09:17:30,663 : INFO : EventManager : Event: ======'modes_active_modes_changed'====== Args={}
2020-10-05 09:17:30,663 : INFO : EventManager : Event: ======'mode_base_started'====== Args={'queue': <QueuedEvent>, 'player': 1, 'ball': 1, 'balls_remaining': 4, 'is_extra_ball': False}
2020-10-05 09:17:30,665 : INFO : EventManager : Event: ======'mode_soulLanes_will_start'====== Args={'player': 1, 'ball': 1, 'balls_remaining': 4, 'is_extra_ball': False}
2020-10-05 09:17:30,667 : INFO : EventManager : Event: ======'player_shot_soul_S_enabled'====== Args={'value': True, 'prev_value': 0, 'change': 1, 'player_num': 1}
2020-10-05 09:17:30,668 : INFO : EventManager : Event: ======'player_shot_soul_O_enabled'====== Args={'value': True, 'prev_value': 0, 'change': 1, 'player_num': 1}
2020-10-05 09:17:30,671 : INFO : EventManager : Event: ======'player_shot_soul_U_enabled'====== Args={'value': True, 'prev_value': 0, 'change': 1, 'player_num': 1}
2020-10-05 09:17:30,672 : INFO : EventManager : Event: ======'player_shot_soul_L_enabled'====== Args={'value': True, 'prev_value': 0, 'change': 1, 'player_num': 1}
2020-10-05 09:17:30,674 : INFO : EventManager : Event: ======'soul_lanes_complete'====== Args={'state': 'unlit'}
2020-10-05 09:17:30,674 : INFO : EventManager : Event: ======'soul_lanes_unlit_complete'====== Args={}
2020-10-05 09:17:30,681 : INFO : EventManager : Event: ======'mode_soulLanes_starting'====== Args={'player': 1, 'ball': 1, 'balls_remaining': 4, 'is_extra_ball': False}
2020-10-05 09:17:30,696 : INFO : EventManager : Event: ======'logicblock_soul_complete_count_updated'====== Args={'value': 1, 'enabled': True}
2020-10-05 09:17:30,696 : INFO : EventManager : Event: ======'logicblock_soul_complete_count_updated'====== Args={'value': 1, 'enabled': True}
2020-10-05 09:17:30,727 : INFO : Mode.soulLanes : Started. Priority: 110
2020-10-05 09:17:30,727 : INFO : EventManager : Event: ======'modes_active_modes_changed'====== Args={}
2020-10-05 09:17:30,728 : INFO : EventManager : Event: ======'mode_soulLanes_started'====== Args={'player': 1, 'ball': 1, 'balls_remaining': 4, 'is_extra_ball': False}
2020-10-05 09:17:30,730 : INFO : EventManager : Event: ======'single_player_ball_started'====== Args={}
2020-10-05 09:17:30,788 : INFO : EventManager : Event: ======'player_bonus_multiplier'====== Args={'value': 0, 'prev_value': 1, 'change': -1, 'player_num': 1}
2020-10-05 09:17:30,791 : INFO : ball_device.bd_plunger : Setting up player-controlled eject. Balls: 1, Target: <playfield.playfield>, player_controlled_eject_event: None
2020-10-05 09:17:30,792 : INFO : EventManager : Event: ======'balldevice_balls_available'====== Args={}
2020-10-05 09:17:30,858 : INFO : EventManager : Event: ======'slide_base.slide_player-mode_base_started_created'====== Args={'_from_bcp': True}
2020-10-05 09:17:30,859 : INFO : EventManager : Event: ======'slide_base.slide_player-mode_base_started_active'====== Args={'_from_bcp': True}
2020-10-05 09:17:30,863 : INFO : ball_device.bd_trough : State: waiting_for_target_ready
2020-10-05 09:17:30,864 : INFO : EventManager : Event: ======'balldevice_bd_trough_ball_eject_attempt'====== Args={'balls': 1, 'target': <ball_device.bd_plunger>, 'source': <ball_device.bd_trough>, 'mechanical_eject': True, 'num_attempts': 0}
2020-10-05 09:17:30,865 : INFO : ball_device.bd_plunger : State: waiting_for_ball
2020-10-05 09:17:30,869 : INFO : ball_device.bd_trough : State: ejecting
2020-10-05 09:17:30,871 : INFO : ball_device.bd_trough : Ejecting ball to <ball_device.bd_plunger>
2020-10-05 09:17:30,872 : INFO : EventManager : Event: ======'balldevice_bd_trough_ejecting_ball'====== Args={'balls': 1, 'target': <ball_device.bd_plunger>, 'source': <ball_device.bd_trough>, 'mechanical_eject': True, 'num_attempts': 0}
2020-10-05 09:17:30,873 : INFO : ball_device.bd_trough : Wait for ball to leave device
2020-10-05 09:17:30,875 : INFO : coil.c_trough_eject : Pulsing Driver for 20ms (1.0 pulse_power)
2020-10-05 09:17:30,876 : INFO : SwitchController : <<<<<<< 's_trough1' inactive >>>>>>>
2020-10-05 09:17:30,931 : INFO : ball_device.bd_trough : State: ball_left
2020-10-05 09:17:30,935 : INFO : ball_device.bd_trough : Ball left
2020-10-05 09:17:30,936 : INFO : ball_device.bd_trough : Wait for confirm with timeout 10.0
2020-10-05 09:17:30,957 : INFO : SwitchController : <<<<<<< 's_plunger' active >>>>>>>
2020-10-05 09:17:30,957 : INFO : EventManager : Event: ======'machine_var_audits_switches_s_plunger'====== Args={'value': 581, 'prev_value': 580, 'change': 1}
2020-10-05 09:17:31,468 : INFO : ball_device.bd_plunger : Received ball from <ball_device.bd_trough>
2020-10-05 09:17:31,468 : INFO : EventManager : Event: ======'balldevice_bd_plunger_ball_enter'====== Args={'new_balls': 1, 'unclaimed_balls': 0, 'new_available_balls': 0, 'device': <ball_device.bd_plunger>}
2020-10-05 09:17:31,469 : INFO : EventManager : Event: ======'balldevice_bd_plunger_ball_entered'====== Args={'new_balls': 0, 'device': <ball_device.bd_plunger>}
2020-10-05 09:17:31,470 : INFO : EventManager : Event: ======'balldevice_bd_plunger_ball_count_changed'====== Args={'balls': 1}
2020-10-05 09:17:31,471 : INFO : ball_device.bd_trough : Got eject confirm
2020-10-05 09:17:31,471 : INFO : ball_device.bd_trough : Eject successful
2020-10-05 09:17:31,471 : INFO : EventManager : Event: ======'balldevice_bd_trough_ball_eject_success'====== Args={'balls': 1, 'target': <ball_device.bd_plunger>}
2020-10-05 09:17:31,472 : INFO : EventManager : Event: ======'balldevice_bd_trough_ball_count_changed'====== Args={'balls': 1}
2020-10-05 09:17:31,473 : INFO : ball_device.bd_trough : State: idle
2020-10-05 09:17:31,474 : INFO : ball_device.bd_plunger : State: waiting_for_target_ready
2020-10-05 09:17:31,474 : INFO : EventManager : Event: ======'balldevice_bd_plunger_ball_eject_attempt'====== Args={'balls': 1, 'target': <playfield.playfield>, 'source': <ball_device.bd_plunger>, 'mechanical_eject': True, 'num_attempts': 0}
2020-10-05 09:17:31,476 : INFO : ball_device.bd_plunger : State: ejecting
2020-10-05 09:17:31,477 : INFO : ball_device.bd_plunger : Ejecting ball to <playfield.playfield>
2020-10-05 09:17:31,477 : INFO : EventManager : Event: ======'balldevice_bd_plunger_ejecting_ball'====== Args={'balls': 1, 'target': <playfield.playfield>, 'source': <ball_device.bd_plunger>, 'mechanical_eject': True, 'num_attempts': 0}
2020-10-05 09:17:31,479 : INFO : ball_device.bd_plunger : Wait for ball to leave device
2020-10-05 09:17:32,250 : INFO : SwitchController : <<<<<<< 's_soul_S' active >>>>>>>
2020-10-05 09:17:32,250 : INFO : EventManager : Event: ======'s_soul_S_active'====== Args={}
2020-10-05 09:17:32,251 : INFO : EventManager : Event: ======'machine_var_audits_switches_s_soul_S'====== Args={'value': 274, 'prev_value': 273, 'change': 1}
2020-10-05 09:17:32,253 : INFO : EventManager : Event: ======'playfield_active'====== Args={}
2020-10-05 09:17:32,259 : INFO : EventManager : Event: ======'player_shot_soul_S'====== Args={'value': 1, 'prev_value': 0, 'change': 1, 'player_num': 1}
2020-10-05 09:17:32,260 : INFO : EventManager : Event: ======'machine_var_audits_shots_soul_S'====== Args={'value': 274, 'prev_value': 273, 'change': 1}
2020-10-05 09:17:32,261 : INFO : EventManager : Event: ======'soul_S_hit'====== Args={'profile': 'default', 'state': 'unlit', 'advancing': True}
2020-10-05 09:17:32,262 : INFO : EventManager : Event: ======'soul_S_default_hit'====== Args={'profile': 'default', 'state': 'unlit', 'advancing': True}
2020-10-05 09:17:32,262 : INFO : EventManager : Event: ======'soul_S_default_unlit_hit'====== Args={'profile': 'default', 'state': 'unlit', 'advancing': True}
2020-10-05 09:17:32,263 : INFO : EventManager : Event: ======'soul_S_unlit_hit'====== Args={'profile': 'default', 'state': 'unlit', 'advancing': True}
2020-10-05 09:17:32,272 : INFO : EventManager : Event: ======'player_score'====== Args={'value': 10, 'prev_value': 0, 'change': 10, 'player_num': 1}
2020-10-05 09:17:32,273 : INFO : EventManager : Event: ======'soul_lanes_hit'====== Args={}
2020-10-05 09:17:32,273 : INFO : EventManager : Event: ======'soul_lanes_unlit_hit'====== Args={}
2020-10-05 09:17:32,440 : INFO : SwitchController : <<<<<<< 's_soul_S' inactive >>>>>>>
2020-10-05 09:17:33,082 : INFO : SwitchController : <<<<<<< 's_soul_O' active >>>>>>>
2020-10-05 09:17:33,083 : INFO : EventManager : Event: ======'s_soul_O_active'====== Args={}
2020-10-05 09:17:33,083 : INFO : EventManager : Event: ======'machine_var_audits_switches_s_soul_O'====== Args={'value': 246, 'prev_value': 245, 'change': 1}
2020-10-05 09:17:33,085 : INFO : EventManager : Event: ======'playfield_active'====== Args={}
2020-10-05 09:17:33,086 : INFO : EventManager : Event: ======'player_shot_soul_O'====== Args={'value': 1, 'prev_value': 0, 'change': 1, 'player_num': 1}
2020-10-05 09:17:33,087 : INFO : EventManager : Event: ======'machine_var_audits_shots_soul_O'====== Args={'value': 241, 'prev_value': 240, 'change': 1}
2020-10-05 09:17:33,089 : INFO : EventManager : Event: ======'soul_O_hit'====== Args={'profile': 'default', 'state': 'unlit', 'advancing': True}
2020-10-05 09:17:33,089 : INFO : EventManager : Event: ======'soul_O_default_hit'====== Args={'profile': 'default', 'state': 'unlit', 'advancing': True}
2020-10-05 09:17:33,090 : INFO : EventManager : Event: ======'soul_O_default_unlit_hit'====== Args={'profile': 'default', 'state': 'unlit', 'advancing': True}
2020-10-05 09:17:33,091 : INFO : EventManager : Event: ======'soul_O_unlit_hit'====== Args={'profile': 'default', 'state': 'unlit', 'advancing': True}
2020-10-05 09:17:33,091 : INFO : EventManager : Event: ======'player_score'====== Args={'value': 20, 'prev_value': 10, 'change': 10, 'player_num': 1}
2020-10-05 09:17:33,092 : INFO : EventManager : Event: ======'soul_lanes_hit'====== Args={}
2020-10-05 09:17:33,093 : INFO : EventManager : Event: ======'soul_lanes_unlit_hit'====== Args={}
2020-10-05 09:17:33,272 : INFO : SwitchController : <<<<<<< 's_soul_O' inactive >>>>>>>
2020-10-05 09:17:33,453 : INFO : SwitchController : <<<<<<< 's_soul_U' active >>>>>>>
2020-10-05 09:17:33,453 : INFO : EventManager : Event: ======'s_soul_U_active'====== Args={}
2020-10-05 09:17:33,455 : INFO : EventManager : Event: ======'machine_var_audits_switches_s_soul_U'====== Args={'value': 236, 'prev_value': 235, 'change': 1}
2020-10-05 09:17:33,456 : INFO : EventManager : Event: ======'playfield_active'====== Args={}
2020-10-05 09:17:33,457 : INFO : EventManager : Event: ======'player_shot_soul_U'====== Args={'value': 1, 'prev_value': 0, 'change': 1, 'player_num': 1}
2020-10-05 09:17:33,458 : INFO : EventManager : Event: ======'machine_var_audits_shots_soul_U'====== Args={'value': 236, 'prev_value': 235, 'change': 1}
2020-10-05 09:17:33,460 : INFO : EventManager : Event: ======'soul_U_hit'====== Args={'profile': 'default', 'state': 'unlit', 'advancing': True}
2020-10-05 09:17:33,460 : INFO : EventManager : Event: ======'soul_U_default_hit'====== Args={'profile': 'default', 'state': 'unlit', 'advancing': True}
2020-10-05 09:17:33,461 : INFO : EventManager : Event: ======'soul_U_default_unlit_hit'====== Args={'profile': 'default', 'state': 'unlit', 'advancing': True}
2020-10-05 09:17:33,461 : INFO : EventManager : Event: ======'soul_U_unlit_hit'====== Args={'profile': 'default', 'state': 'unlit', 'advancing': True}
2020-10-05 09:17:33,462 : INFO : EventManager : Event: ======'player_score'====== Args={'value': 30, 'prev_value': 20, 'change': 10, 'player_num': 1}
2020-10-05 09:17:33,462 : INFO : EventManager : Event: ======'soul_lanes_hit'====== Args={}
2020-10-05 09:17:33,463 : INFO : EventManager : Event: ======'soul_lanes_unlit_hit'====== Args={}
2020-10-05 09:17:33,586 : INFO : SwitchController : <<<<<<< 's_soul_U' inactive >>>>>>>
2020-10-05 09:17:34,193 : INFO : SwitchController : <<<<<<< 's_soul_L' active >>>>>>>
2020-10-05 09:17:34,193 : INFO : EventManager : Event: ======'s_soul_L_active'====== Args={}
2020-10-05 09:17:34,194 : INFO : EventManager : Event: ======'machine_var_audits_switches_s_soul_L'====== Args={'value': 235, 'prev_value': 234, 'change': 1}
2020-10-05 09:17:34,195 : INFO : EventManager : Event: ======'playfield_active'====== Args={}
2020-10-05 09:17:34,196 : INFO : EventManager : Event: ======'player_shot_soul_L'====== Args={'value': 1, 'prev_value': 0, 'change': 1, 'player_num': 1}
2020-10-05 09:17:34,198 : INFO : EventManager : Event: ======'machine_var_audits_shots_soul_L'====== Args={'value': 234, 'prev_value': 233, 'change': 1}
2020-10-05 09:17:34,200 : INFO : EventManager : Event: ======'soul_L_hit'====== Args={'profile': 'default', 'state': 'unlit', 'advancing': True}
2020-10-05 09:17:34,200 : INFO : EventManager : Event: ======'soul_L_default_hit'====== Args={'profile': 'default', 'state': 'unlit', 'advancing': True}
2020-10-05 09:17:34,201 : INFO : EventManager : Event: ======'soul_L_default_unlit_hit'====== Args={'profile': 'default', 'state': 'unlit', 'advancing': True}
2020-10-05 09:17:34,202 : INFO : EventManager : Event: ======'soul_L_unlit_hit'====== Args={'profile': 'default', 'state': 'unlit', 'advancing': True}
2020-10-05 09:17:34,202 : INFO : EventManager : Event: ======'player_score'====== Args={'value': 40, 'prev_value': 30, 'change': 10, 'player_num': 1}
2020-10-05 09:17:34,203 : INFO : EventManager : Event: ======'soul_lanes_complete'====== Args={'state': 'lit'}
2020-10-05 09:17:34,204 : INFO : EventManager : Event: ======'soul_lanes_lit_complete'====== Args={}
2020-10-05 09:17:34,205 : INFO : EventManager : Event: ======'soul_lanes_hit'====== Args={}
2020-10-05 09:17:34,205 : INFO : EventManager : Event: ======'soul_lanes_unlit_hit'====== Args={}
2020-10-05 09:17:34,206 : INFO : EventManager : Event: ======'logicblock_soul_complete_count_updated'====== Args={'value': 2, 'enabled': True}
2020-10-05 09:17:34,206 : INFO : EventManager : Event: ======'soul_lanes_done'====== Args={'count': 2}
2020-10-05 09:17:34,208 : INFO : EventManager : Event: ======'player_bonus_multiplier'====== Args={'value': 1, 'prev_value': 0, 'change': 1, 'player_num': 1}
2020-10-05 09:17:34,323 : INFO : SwitchController : <<<<<<< 's_soul_L' inactive >>>>>>>
2020-10-05 09:17:35,205 : INFO : EventManager : Event: ======'player_shot_soul_S'====== Args={'value': 0, 'prev_value': 1, 'change': -1, 'player_num': 1}
2020-10-05 09:17:35,207 : INFO : EventManager : Event: ======'player_shot_soul_O'====== Args={'value': 0, 'prev_value': 1, 'change': -1, 'player_num': 1}
2020-10-05 09:17:35,209 : INFO : EventManager : Event: ======'player_shot_soul_U'====== Args={'value': 0, 'prev_value': 1, 'change': -1, 'player_num': 1}
2020-10-05 09:17:35,210 : INFO : EventManager : Event: ======'player_shot_soul_L'====== Args={'value': 0, 'prev_value': 1, 'change': -1, 'player_num': 1}
2020-10-05 09:17:35,438 : INFO : SwitchController : <<<<<<< 's_soul_S' active >>>>>>>
2020-10-05 09:17:35,438 : INFO : EventManager : Event: ======'s_soul_S_active'====== Args={}
2020-10-05 09:17:35,439 : INFO : EventManager : Event: ======'machine_var_audits_switches_s_soul_S'====== Args={'value': 275, 'prev_value': 274, 'change': 1}
2020-10-05 09:17:35,440 : INFO : EventManager : Event: ======'playfield_active'====== Args={}
2020-10-05 09:17:35,447 : INFO : EventManager : Event: ======'player_shot_soul_S'====== Args={'value': 1, 'prev_value': 0, 'change': 1, 'player_num': 1}
2020-10-05 09:17:35,454 : INFO : EventManager : Event: ======'machine_var_audits_shots_soul_S'====== Args={'value': 275, 'prev_value': 274, 'change': 1}
2020-10-05 09:17:35,455 : INFO : EventManager : Event: ======'soul_S_hit'====== Args={'profile': 'default', 'state': 'unlit', 'advancing': True}
2020-10-05 09:17:35,456 : INFO : EventManager : Event: ======'soul_S_default_hit'====== Args={'profile': 'default', 'state': 'unlit', 'advancing': True}
2020-10-05 09:17:35,456 : INFO : EventManager : Event: ======'soul_S_default_unlit_hit'====== Args={'profile': 'default', 'state': 'unlit', 'advancing': True}
2020-10-05 09:17:35,457 : INFO : EventManager : Event: ======'soul_S_unlit_hit'====== Args={'profile': 'default', 'state': 'unlit', 'advancing': True}
2020-10-05 09:17:35,457 : INFO : EventManager : Event: ======'player_score'====== Args={'value': 50, 'prev_value': 40, 'change': 10, 'player_num': 1}
2020-10-05 09:17:35,458 : INFO : EventManager : Event: ======'soul_lanes_hit'====== Args={}
2020-10-05 09:17:35,458 : INFO : EventManager : Event: ======'soul_lanes_unlit_hit'====== Args={}
2020-10-05 09:17:35,631 : INFO : SwitchController : <<<<<<< 's_soul_S' inactive >>>>>>>
2020-10-05 09:17:35,919 : INFO : SwitchController : <<<<<<< 's_soul_O' active >>>>>>>
2020-10-05 09:17:35,919 : INFO : EventManager : Event: ======'s_soul_O_active'====== Args={}
2020-10-05 09:17:35,920 : INFO : EventManager : Event: ======'machine_var_audits_switches_s_soul_O'====== Args={'value': 247, 'prev_value': 246, 'change': 1}
2020-10-05 09:17:35,921 : INFO : EventManager : Event: ======'playfield_active'====== Args={}
2020-10-05 09:17:35,922 : INFO : EventManager : Event: ======'player_shot_soul_O'====== Args={'value': 1, 'prev_value': 0, 'change': 1, 'player_num': 1}
2020-10-05 09:17:35,924 : INFO : EventManager : Event: ======'machine_var_audits_shots_soul_O'====== Args={'value': 242, 'prev_value': 241, 'change': 1}
2020-10-05 09:17:35,925 : INFO : EventManager : Event: ======'soul_O_hit'====== Args={'profile': 'default', 'state': 'unlit', 'advancing': True}
2020-10-05 09:17:35,926 : INFO : EventManager : Event: ======'soul_O_default_hit'====== Args={'profile': 'default', 'state': 'unlit', 'advancing': True}
2020-10-05 09:17:35,926 : INFO : EventManager : Event: ======'soul_O_default_unlit_hit'====== Args={'profile': 'default', 'state': 'unlit', 'advancing': True}
2020-10-05 09:17:35,927 : INFO : EventManager : Event: ======'soul_O_unlit_hit'====== Args={'profile': 'default', 'state': 'unlit', 'advancing': True}
2020-10-05 09:17:35,927 : INFO : EventManager : Event: ======'player_score'====== Args={'value': 60, 'prev_value': 50, 'change': 10, 'player_num': 1}
2020-10-05 09:17:35,928 : INFO : EventManager : Event: ======'soul_lanes_hit'====== Args={}
2020-10-05 09:17:35,928 : INFO : EventManager : Event: ======'soul_lanes_unlit_hit'====== Args={}
2020-10-05 09:17:36,051 : INFO : SwitchController : <<<<<<< 's_soul_O' inactive >>>>>>>
2020-10-05 09:17:36,257 : INFO : SwitchController : <<<<<<< 's_soul_U' active >>>>>>>
2020-10-05 09:17:36,257 : INFO : EventManager : Event: ======'s_soul_U_active'====== Args={}
2020-10-05 09:17:36,258 : INFO : EventManager : Event: ======'machine_var_audits_switches_s_soul_U'====== Args={'value': 237, 'prev_value': 236, 'change': 1}
2020-10-05 09:17:36,260 : INFO : EventManager : Event: ======'playfield_active'====== Args={}
2020-10-05 09:17:36,260 : INFO : EventManager : Event: ======'player_shot_soul_U'====== Args={'value': 1, 'prev_value': 0, 'change': 1, 'player_num': 1}
2020-10-05 09:17:36,262 : INFO : EventManager : Event: ======'machine_var_audits_shots_soul_U'====== Args={'value': 237, 'prev_value': 236, 'change': 1}
2020-10-05 09:17:36,263 : INFO : EventManager : Event: ======'soul_U_hit'====== Args={'profile': 'default', 'state': 'unlit', 'advancing': True}
2020-10-05 09:17:36,264 : INFO : EventManager : Event: ======'soul_U_default_hit'====== Args={'profile': 'default', 'state': 'unlit', 'advancing': True}
2020-10-05 09:17:36,265 : INFO : EventManager : Event: ======'soul_U_default_unlit_hit'====== Args={'profile': 'default', 'state': 'unlit', 'advancing': True}
2020-10-05 09:17:36,265 : INFO : EventManager : Event: ======'soul_U_unlit_hit'====== Args={'profile': 'default', 'state': 'unlit', 'advancing': True}
2020-10-05 09:17:36,266 : INFO : EventManager : Event: ======'player_score'====== Args={'value': 70, 'prev_value': 60, 'change': 10, 'player_num': 1}
2020-10-05 09:17:36,267 : INFO : EventManager : Event: ======'soul_lanes_hit'====== Args={}
2020-10-05 09:17:36,267 : INFO : EventManager : Event: ======'soul_lanes_unlit_hit'====== Args={}
2020-10-05 09:17:36,399 : INFO : SwitchController : <<<<<<< 's_soul_U' inactive >>>>>>>
2020-10-05 09:17:36,911 : INFO : SwitchController : <<<<<<< 's_soul_L' active >>>>>>>
2020-10-05 09:17:36,912 : INFO : EventManager : Event: ======'s_soul_L_active'====== Args={}
2020-10-05 09:17:36,912 : INFO : EventManager : Event: ======'machine_var_audits_switches_s_soul_L'====== Args={'value': 236, 'prev_value': 235, 'change': 1}
2020-10-05 09:17:36,914 : INFO : EventManager : Event: ======'playfield_active'====== Args={}
2020-10-05 09:17:36,915 : INFO : EventManager : Event: ======'player_shot_soul_L'====== Args={'value': 1, 'prev_value': 0, 'change': 1, 'player_num': 1}
2020-10-05 09:17:36,916 : INFO : EventManager : Event: ======'machine_var_audits_shots_soul_L'====== Args={'value': 235, 'prev_value': 234, 'change': 1}
2020-10-05 09:17:36,917 : INFO : EventManager : Event: ======'soul_L_hit'====== Args={'profile': 'default', 'state': 'unlit', 'advancing': True}
2020-10-05 09:17:36,918 : INFO : EventManager : Event: ======'soul_L_default_hit'====== Args={'profile': 'default', 'state': 'unlit', 'advancing': True}
2020-10-05 09:17:36,919 : INFO : EventManager : Event: ======'soul_L_default_unlit_hit'====== Args={'profile': 'default', 'state': 'unlit', 'advancing': True}
2020-10-05 09:17:36,919 : INFO : EventManager : Event: ======'soul_L_unlit_hit'====== Args={'profile': 'default', 'state': 'unlit', 'advancing': True}
2020-10-05 09:17:36,920 : INFO : EventManager : Event: ======'player_score'====== Args={'value': 80, 'prev_value': 70, 'change': 10, 'player_num': 1}
2020-10-05 09:17:36,921 : INFO : EventManager : Event: ======'soul_lanes_complete'====== Args={'state': 'lit'}
2020-10-05 09:17:36,922 : INFO : EventManager : Event: ======'soul_lanes_lit_complete'====== Args={}
2020-10-05 09:17:36,922 : INFO : EventManager : Event: ======'soul_lanes_hit'====== Args={}
2020-10-05 09:17:36,923 : INFO : EventManager : Event: ======'soul_lanes_unlit_hit'====== Args={}
2020-10-05 09:17:36,923 : INFO : EventManager : Event: ======'player_score'====== Args={'value': 1080, 'prev_value': 80, 'change': 1000, 'player_num': 1}
2020-10-05 09:17:36,924 : INFO : EventManager : Event: ======'logicblock_soul_complete_count_updated'====== Args={'value': 3, 'enabled': True}
2020-10-05 09:17:36,925 : INFO : EventManager : Event: ======'soul_lanes_done'====== Args={'count': 3}
2020-10-05 09:17:36,926 : INFO : EventManager : Event: ======'player_bonus_multiplier'====== Args={'value': 2, 'prev_value': 1, 'change': 1, 'player_num': 1}
2020-10-05 09:17:37,102 : INFO : SwitchController : <<<<<<< 's_soul_L' inactive >>>>>>>
2020-10-05 09:17:37,926 : INFO : EventManager : Event: ======'player_shot_soul_S'====== Args={'value': 0, 'prev_value': 1, 'change': -1, 'player_num': 1}
2020-10-05 09:17:37,928 : INFO : EventManager : Event: ======'player_shot_soul_O'====== Args={'value': 0, 'prev_value': 1, 'change': -1, 'player_num': 1}
2020-10-05 09:17:37,929 : INFO : EventManager : Event: ======'player_shot_soul_U'====== Args={'value': 0, 'prev_value': 1, 'change': -1, 'player_num': 1}
2020-10-05 09:17:37,932 : INFO : EventManager : Event: ======'player_shot_soul_L'====== Args={'value': 0, 'prev_value': 1, 'change': -1, 'player_num': 1}
2020-10-05 09:17:47,021 : INFO : SwitchController : <<<<<<< 's_dt_C' active >>>>>>>
2020-10-05 09:17:47,021 : INFO : EventManager : Event: ======'s_dt_C_active'====== Args={}
2020-10-05 09:17:47,022 : INFO : EventManager : Event: ======'playfield_active'====== Args={}
2020-10-05 09:17:47,022 : INFO : EventManager : Event: ======'drop_target_cup_C_down'====== Args={'device': <drop_target.cup_C>}
2020-10-05 09:17:47,024 : INFO : EventManager : Event: ======'drop_target_bank_cup_bank_mixed'====== Args={'down': 1}
2020-10-05 09:17:47,025 : INFO : EventManager : Event: ======'machine_var_audits_switches_s_dt_C'====== Args={'value': 91, 'prev_value': 90, 'change': 1}
2020-10-05 09:17:47,027 : INFO : EventManager : Event: ======'player_score'====== Args={'value': 1180, 'prev_value': 1080, 'change': 100, 'player_num': 1}
2020-10-05 09:17:48,375 : INFO : SwitchController : <<<<<<< 's_dt_U' active >>>>>>>
2020-10-05 09:17:48,375 : INFO : EventManager : Event: ======'s_dt_U_active'====== Args={}
2020-10-05 09:17:48,376 : INFO : EventManager : Event: ======'playfield_active'====== Args={}
2020-10-05 09:17:48,377 : INFO : EventManager : Event: ======'drop_target_cup_U_down'====== Args={'device': <drop_target.cup_U>}
2020-10-05 09:17:48,380 : INFO : EventManager : Event: ======'drop_target_bank_cup_bank_mixed'====== Args={'down': 2}
2020-10-05 09:17:48,381 : INFO : EventManager : Event: ======'machine_var_audits_switches_s_dt_U'====== Args={'value': 79, 'prev_value': 78, 'change': 1}
2020-10-05 09:17:48,387 : INFO : EventManager : Event: ======'player_score'====== Args={'value': 1280, 'prev_value': 1180, 'change': 100, 'player_num': 1}
2020-10-05 09:17:49,555 : INFO : SwitchController : <<<<<<< 's_dt_P' active >>>>>>>
2020-10-05 09:17:49,555 : INFO : EventManager : Event: ======'s_dt_P_active'====== Args={}
2020-10-05 09:17:49,555 : INFO : EventManager : Event: ======'playfield_active'====== Args={}
2020-10-05 09:17:49,556 : INFO : EventManager : Event: ======'drop_target_cup_P_down'====== Args={'device': <drop_target.cup_P>}
2020-10-05 09:17:49,558 : INFO : EventManager : Event: ======'drop_target_bank_cup_bank_down'====== Args={}
2020-10-05 09:17:49,559 : INFO : EventManager : Event: ======'machine_var_audits_switches_s_dt_P'====== Args={'value': 71, 'prev_value': 70, 'change': 1}
2020-10-05 09:17:49,561 : INFO : EventManager : Event: ======'player_score'====== Args={'value': 1380, 'prev_value': 1280, 'change': 100, 'player_num': 1}
2020-10-05 09:17:49,562 : INFO : EventManager : Event: ======'player_score'====== Args={'value': 1713, 'prev_value': 1380, 'change': 333, 'player_num': 1}
2020-10-05 09:17:49,563 : INFO : EventManager : Event: ======'player_contracts'====== Args={'value': 1, 'prev_value': 0, 'change': 1, 'player_num': 1}
2020-10-05 09:17:49,564 : INFO : EventManager : Event: ======'logicblock_bonus_updated'====== Args={'value': 1, 'enabled': True}
2020-10-05 09:17:49,564 : INFO : EventManager : Event: ======'bank_done'====== Args={'count': 1, 'remaining': 9}
2020-10-05 09:17:49,567 : INFO : drop_target_bank.cup_bank : 3 targets are down. Will reset those.
2020-10-05 09:17:49,567 : INFO : coil.c_dt_reset_CUP : Pulsing Driver for 10ms (1.0 pulse_power)
2020-10-05 09:17:49,622 : INFO : SwitchController : <<<<<<< 's_dt_C' inactive >>>>>>>
2020-10-05 09:17:49,623 : INFO : SwitchController : <<<<<<< 's_dt_U' inactive >>>>>>>
2020-10-05 09:17:49,623 : INFO : SwitchController : <<<<<<< 's_dt_P' inactive >>>>>>>
2020-10-05 09:17:50,050 : INFO : drop_target_bank.cup_bank : 3 targets are down. Will reset those.
2020-10-05 09:17:50,050 : INFO : coil.c_dt_reset_CUP : Pulsing Driver for 10ms (1.0 pulse_power)
2020-10-05 09:17:50,051 : INFO : EventManager : Event: ======'drop_target_cup_C_up'====== Args={'device': <drop_target.cup_C>}
2020-10-05 09:17:50,052 : INFO : EventManager : Event: ======'drop_target_cup_U_up'====== Args={'device': <drop_target.cup_U>}
2020-10-05 09:17:50,054 : INFO : EventManager : Event: ======'drop_target_cup_P_up'====== Args={'device': <drop_target.cup_P>}
2020-10-05 09:17:50,096 : WARNING : SwitchController : Received duplicate switch state 0 for switch s_dt_C from the platform interface. Log Code: Log-SwitchController-1 (https://docs.missionpinball.org/en/dev/logs/Log-SwitchController-1.html)
2020-10-05 09:17:50,096 : WARNING : SwitchController : Received duplicate switch state 0 for switch s_dt_U from the platform interface. Log Code: Log-SwitchController-1 (https://docs.missionpinball.org/en/dev/logs/Log-SwitchController-1.html)
2020-10-05 09:17:50,096 : WARNING : SwitchController : Received duplicate switch state 0 for switch s_dt_P from the platform interface. Log Code: Log-SwitchController-1 (https://docs.missionpinball.org/en/dev/logs/Log-SwitchController-1.html)
2020-10-05 09:17:50,565 : INFO : EventManager : Event: ======'restore'====== Args={}
2020-10-05 09:17:50,567 : INFO : EventManager : Event: ======'drop_target_bank_cup_bank_up'====== Args={}
2020-10-05 09:17:52,182 : INFO : SwitchController : <<<<<<< 's_dt_C' active >>>>>>>
2020-10-05 09:17:52,182 : INFO : EventManager : Event: ======'s_dt_C_active'====== Args={}
2020-10-05 09:17:52,183 : INFO : EventManager : Event: ======'playfield_active'====== Args={}
2020-10-05 09:17:52,184 : INFO : EventManager : Event: ======'drop_target_cup_C_down'====== Args={'device': <drop_target.cup_C>}
2020-10-05 09:17:52,185 : INFO : EventManager : Event: ======'drop_target_bank_cup_bank_mixed'====== Args={'down': 1}
2020-10-05 09:17:52,186 : INFO : EventManager : Event: ======'machine_var_audits_switches_s_dt_C'====== Args={'value': 92, 'prev_value': 91, 'change': 1}
2020-10-05 09:17:52,193 : INFO : EventManager : Event: ======'player_score'====== Args={'value': 1813, 'prev_value': 1713, 'change': 100, 'player_num': 1}
2020-10-05 09:17:53,508 : INFO : SwitchController : <<<<<<< 's_dt_U' active >>>>>>>
2020-10-05 09:17:53,508 : INFO : EventManager : Event: ======'s_dt_U_active'====== Args={}
2020-10-05 09:17:53,509 : INFO : EventManager : Event: ======'playfield_active'====== Args={}
2020-10-05 09:17:53,510 : INFO : EventManager : Event: ======'drop_target_cup_U_down'====== Args={'device': <drop_target.cup_U>}
2020-10-05 09:17:53,512 : INFO : EventManager : Event: ======'drop_target_bank_cup_bank_mixed'====== Args={'down': 2}
2020-10-05 09:17:53,513 : INFO : EventManager : Event: ======'machine_var_audits_switches_s_dt_U'====== Args={'value': 80, 'prev_value': 79, 'change': 1}
2020-10-05 09:17:53,520 : INFO : EventManager : Event: ======'player_score'====== Args={'value': 1913, 'prev_value': 1813, 'change': 100, 'player_num': 1}
2020-10-05 09:17:55,063 : INFO : SwitchController : <<<<<<< 's_dt_P' active >>>>>>>
2020-10-05 09:17:55,063 : INFO : EventManager : Event: ======'s_dt_P_active'====== Args={}
2020-10-05 09:17:55,064 : INFO : EventManager : Event: ======'playfield_active'====== Args={}
2020-10-05 09:17:55,064 : INFO : EventManager : Event: ======'drop_target_cup_P_down'====== Args={'device': <drop_target.cup_P>}
2020-10-05 09:17:55,066 : INFO : EventManager : Event: ======'drop_target_bank_cup_bank_down'====== Args={}
2020-10-05 09:17:55,067 : INFO : EventManager : Event: ======'machine_var_audits_switches_s_dt_P'====== Args={'value': 72, 'prev_value': 71, 'change': 1}
2020-10-05 09:17:55,075 : INFO : EventManager : Event: ======'player_score'====== Args={'value': 2013, 'prev_value': 1913, 'change': 100, 'player_num': 1}
2020-10-05 09:17:55,082 : INFO : EventManager : Event: ======'player_score'====== Args={'value': 2346, 'prev_value': 2013, 'change': 333, 'player_num': 1}
2020-10-05 09:17:55,083 : INFO : EventManager : Event: ======'player_contracts'====== Args={'value': 2, 'prev_value': 1, 'change': 1, 'player_num': 1}
2020-10-05 09:17:55,083 : INFO : EventManager : Event: ======'logicblock_bonus_updated'====== Args={'value': 2, 'enabled': True}
2020-10-05 09:17:55,084 : INFO : EventManager : Event: ======'bank_done'====== Args={'count': 2, 'remaining': 8}
2020-10-05 09:17:55,085 : INFO : drop_target_bank.cup_bank : 3 targets are down. Will reset those.
2020-10-05 09:17:55,086 : INFO : coil.c_dt_reset_CUP : Pulsing Driver for 10ms (1.0 pulse_power)
2020-10-05 09:17:55,134 : INFO : SwitchController : <<<<<<< 's_dt_C' inactive >>>>>>>
2020-10-05 09:17:55,136 : INFO : SwitchController : <<<<<<< 's_dt_U' inactive >>>>>>>
2020-10-05 09:17:55,137 : INFO : SwitchController : <<<<<<< 's_dt_P' inactive >>>>>>>
2020-10-05 09:17:55,553 : INFO : drop_target_bank.cup_bank : 3 targets are down. Will reset those.
2020-10-05 09:17:55,554 : INFO : coil.c_dt_reset_CUP : Pulsing Driver for 10ms (1.0 pulse_power)
2020-10-05 09:17:55,593 : INFO : EventManager : Event: ======'drop_target_cup_C_up'====== Args={'device': <drop_target.cup_C>}
2020-10-05 09:17:55,595 : INFO : EventManager : Event: ======'drop_target_cup_P_up'====== Args={'device': <drop_target.cup_P>}
2020-10-05 09:17:55,596 : INFO : EventManager : Event: ======'drop_target_cup_U_up'====== Args={'device': <drop_target.cup_U>}
2020-10-05 09:17:55,598 : WARNING : SwitchController : Received duplicate switch state 0 for switch s_dt_C from the platform interface. Log Code: Log-SwitchController-1 (https://docs.missionpinball.org/en/dev/logs/Log-SwitchController-1.html)
2020-10-05 09:17:55,598 : WARNING : SwitchController : Received duplicate switch state 0 for switch s_dt_U from the platform interface. Log Code: Log-SwitchController-1 (https://docs.missionpinball.org/en/dev/logs/Log-SwitchController-1.html)
2020-10-05 09:17:55,598 : WARNING : SwitchController : Received duplicate switch state 0 for switch s_dt_P from the platform interface. Log Code: Log-SwitchController-1 (https://docs.missionpinball.org/en/dev/logs/Log-SwitchController-1.html)
2020-10-05 09:17:56,052 : INFO : EventManager : Event: ======'restore'====== Args={}
2020-10-05 09:17:56,053 : INFO : EventManager : Event: ======'drop_target_bank_cup_bank_up'====== Args={}
2020-10-05 09:18:00,289 : INFO : SwitchController : <<<<<<< 's_trough1' active >>>>>>>
2020-10-05 09:18:00,289 : INFO : EventManager : Event: ======'machine_var_audits_switches_s_trough1'====== Args={'value': 518, 'prev_value': 517, 'change': 1}
2020-10-05 09:18:00,787 : INFO : EventManager : Event: ======'balldevice_bd_trough_ball_count_changed'====== Args={'balls': 2}
2020-10-05 09:18:00,788 : INFO : ball_device.bd_trough : Received unexpected ball
2020-10-05 09:18:00,788 : INFO : EventManager : Event: ======'balldevice_captured_from_playfield'====== Args={'balls': 1}
2020-10-05 09:18:00,789 : INFO : EventManager : Event: ======'sw_playfield_active'====== Args={'balls': 1}
2020-10-05 09:18:00,790 : INFO : EventManager : Event: ======'playfield_active'====== Args={}
2020-10-05 09:18:00,791 : INFO : EventManager : Event: ======'playfield_ball_count_change'====== Args={'balls': -1, 'change': -1}
2020-10-05 09:18:00,792 : INFO : EventManager : Event: ======'balldevice_playfield_ball_enter'====== Args={'new_balls': 1, 'unclaimed_balls': 1, 'device': <playfield.playfield>}
2020-10-05 09:18:00,793 : INFO : EventManager : Event: ======'playfield_ball_count_change'====== Args={'balls': 0, 'change': 1}
2020-10-05 09:18:00,794 : INFO : BallController : Found a new ball which was captured from playfield. Known balls: 3
2020-10-05 09:18:00,794 : INFO : EventManager : Event: ======'found_new_ball'====== Args={}
2020-10-05 09:18:00,794 : INFO : EventManager : Event: ======'balldevice_bd_trough_ball_enter'====== Args={'new_balls': 1, 'unclaimed_balls': 1, 'new_available_balls': 1, 'device': <ball_device.bd_trough>}
2020-10-05 09:18:00,795 : INFO : EventManager : Event: ======'ball_drain'====== Args={'device': <ball_device.bd_trough>, 'balls': 1}
2020-10-05 09:18:00,796 : INFO : EventManager : Event: ======'ball_will_end'====== Args={}
2020-10-05 09:18:00,797 : INFO : EventManager : Event: ======'balldevice_balls_available'====== Args={}
2020-10-05 09:18:00,798 : INFO : EventManager : Event: ======'balldevice_bd_trough_ball_entered'====== Args={'new_balls': 1, 'device': <ball_device.bd_trough>}
2020-10-05 09:18:00,801 : INFO : EventManager : Event: ======'ball_ending'====== Args={}
2020-10-05 09:18:00,803 : INFO : EventManager : Event: ======'mode_soulLanes_will_stop'====== Args={}
2020-10-05 09:18:00,803 : INFO : EventManager : Event: ======'mode_soulLanes_stopping'====== Args={}
2020-10-05 09:18:00,803 : INFO : EventManager : Event: ======'mode_base_will_stop'====== Args={}
2020-10-05 09:18:00,804 : INFO : EventManager : Event: ======'mode_base_stopping'====== Args={}
2020-10-05 09:18:00,804 : INFO : Mode.base : Stopped.
2020-10-05 09:18:00,804 : INFO : EventManager : Event: ======'modes_active_modes_changed'====== Args={}
2020-10-05 09:18:00,806 : INFO : EventManager : Event: ======'mode_base_stopped'====== Args={}
2020-10-05 09:18:00,807 : INFO : EventManager : Event: ======'clear'====== Args={'key': 'base'}
2020-10-05 09:18:00,808 : INFO : Mode.soulLanes : Stopped.
2020-10-05 09:18:00,808 : INFO : EventManager : Event: ======'modes_active_modes_changed'====== Args={}
2020-10-05 09:18:00,810 : INFO : EventManager : Event: ======'mode_soulLanes_stopped'====== Args={}
2020-10-05 09:18:00,811 : INFO : EventManager : Event: ======'clear'====== Args={'key': 'soulLanes'}
2020-10-05 09:18:00,862 : INFO : EventManager : Event: ======'ball_ended'====== Args={}
2020-10-05 09:18:00,870 : INFO : EventManager : Event: ======'player_turn_will_end'====== Args={'player': <Player 1>, 'number': 1}
2020-10-05 09:18:00,901 : INFO : EventManager : Event: ======'player_turn_ending'====== Args={'player': <Player 1>, 'number': 1}
2020-10-05 09:18:00,902 : INFO : EventManager : Event: ======'player_turn_ended'====== Args={'player': <Player 1>, 'number': 1}
2020-10-05 09:18:00,904 : INFO : EventManager : Event: ======'player_turn_will_start'====== Args={'player': <Player 1>, 'number': 1}
2020-10-05 09:18:00,905 : INFO : EventManager : Event: ======'player_turn_starting'====== Args={'player': <Player 1>, 'number': 1}
2020-10-05 09:18:00,906 : INFO : EventManager : Event: ======'player_ball'====== Args={'value': 2, 'prev_value': 1, 'change': 1, 'player_num': 1}
2020-10-05 09:18:00,911 : INFO : EventManager : Event: ======'player_turn_started'====== Args={'player': <Player 1>, 'number': 1}
2020-10-05 09:18:00,913 : INFO : EventManager : Event: ======'ball_will_start'====== Args={'player': 1, 'ball': 2, 'balls_remaining': 3, 'is_extra_ball': False}
2020-10-05 09:18:00,935 : INFO : EventManager : Event: ======'ball_starting'====== Args={'player': 1, 'ball': 2, 'balls_remaining': 3, 'is_extra_ball': False}
2020-10-05 09:18:00,937 : INFO : EventManager : Event: ======'mode_base_will_start'====== Args={'queue': <QueuedEvent>, 'player': 1, 'ball': 2, 'balls_remaining': 3, 'is_extra_ball': False}
2020-10-05 09:18:00,945 : INFO : EventManager : Event: ======'mode_base_starting'====== Args={'queue': <QueuedEvent>, 'player': 1, 'ball': 2, 'balls_remaining': 3, 'is_extra_ball': False}
2020-10-05 09:18:00,946 : INFO : drop_target_bank.cup_bank : All targets are already up. Will not reset bank.
2020-10-05 09:18:00,946 : INFO : drop_target_bank.mug_bank : All targets are already up. Will not reset bank.
2020-10-05 09:18:00,947 : INFO : EventManager : Event: ======'balls_in_play'====== Args={'balls': 1}
2020-10-05 09:18:00,948 : INFO : EventManager : Event: ======'ball_started'====== Args={'player': 1, 'ball': 2, 'balls_remaining': 3, 'is_extra_ball': False}
2020-10-05 09:18:00,951 : INFO : EventManager : Event: ======'logicblock_bonus_updated'====== Args={'value': 0, 'enabled': True}
2020-10-05 09:18:00,952 : INFO : EventManager : Event: ======'logicblock_bonus_updated'====== Args={'value': 0, 'enabled': True}
2020-10-05 09:18:00,953 : INFO : Mode.base : Started. Priority: 100
2020-10-05 09:18:00,954 : INFO : EventManager : Event: ======'modes_active_modes_changed'====== Args={}
2020-10-05 09:18:00,954 : INFO : EventManager : Event: ======'mode_base_started'====== Args={'queue': <QueuedEvent>, 'player': 1, 'ball': 2, 'balls_remaining': 3, 'is_extra_ball': False}
2020-10-05 09:18:00,956 : INFO : EventManager : Event: ======'mode_soulLanes_will_start'====== Args={'player': 1, 'ball': 2, 'balls_remaining': 3, 'is_extra_ball': False}
2020-10-05 09:18:00,960 : INFO : EventManager : Event: ======'soul_lanes_complete'====== Args={'state': 'unlit'}
2020-10-05 09:18:00,961 : INFO : EventManager : Event: ======'soul_lanes_unlit_complete'====== Args={}
2020-10-05 09:18:00,967 : INFO : EventManager : Event: ======'mode_soulLanes_starting'====== Args={'player': 1, 'ball': 2, 'balls_remaining': 3, 'is_extra_ball': False}
2020-10-05 09:18:00,974 : INFO : EventManager : Event: ======'player_contracts'====== Args={'value': 0, 'prev_value': 2, 'change': -2, 'player_num': 1}
2020-10-05 09:18:00,986 : INFO : EventManager : Event: ======'logicblock_soul_complete_count_updated'====== Args={'value': 1, 'enabled': True}
2020-10-05 09:18:00,987 : INFO : EventManager : Event: ======'logicblock_soul_complete_count_updated'====== Args={'value': 1, 'enabled': True}
2020-10-05 09:18:00,989 : INFO : Mode.soulLanes : Started. Priority: 110
2020-10-05 09:18:00,989 : INFO : EventManager : Event: ======'modes_active_modes_changed'====== Args={}
2020-10-05 09:18:00,990 : INFO : EventManager : Event: ======'mode_soulLanes_started'====== Args={'player': 1, 'ball': 2, 'balls_remaining': 3, 'is_extra_ball': False}
2020-10-05 09:18:00,992 : INFO : EventManager : Event: ======'player_bonus_multiplier'====== Args={'value': 0, 'prev_value': 2, 'change': -2, 'player_num': 1}
2020-10-05 09:18:00,993 : INFO : EventManager : Event: ======'single_player_ball_started'====== Args={}
2020-10-05 09:18:01,050 : INFO : ball_device.bd_plunger : Setting up player-controlled eject. Balls: 1, Target: <playfield.playfield>, player_controlled_eject_event: None
2020-10-05 09:18:01,052 : INFO : EventManager : Event: ======'balldevice_balls_available'====== Args={}
2020-10-05 09:18:01,083 : INFO : ball_device.bd_trough : State: waiting_for_target_ready
2020-10-05 09:18:01,084 : INFO : EventManager : Event: ======'balldevice_bd_trough_ball_eject_attempt'====== Args={'balls': 1, 'target': <ball_device.bd_plunger>, 'source': <ball_device.bd_trough>, 'mechanical_eject': True, 'num_attempts': 0}
2020-10-05 09:18:01,114 : INFO : EventManager : Event: ======'slide_base.slide_player-mode_base_started_removed'====== Args={'_from_bcp': True}
2020-10-05 09:18:01,125 : INFO : EventManager : Event: ======'slide_base.slide_player-mode_base_started_created'====== Args={'_from_bcp': True}
2020-10-05 09:18:01,143 : INFO : EventManager : Event: ======'slide_base.slide_player-mode_base_started_active'====== Args={'_from_bcp': True}
2020-10-05 09:18:05,025 : INFO : Machine : Shutting down...
2020-10-05 09:18:05,025 : INFO : EventManager : Event: ======'shutdown'====== Args={}
2020-10-05 09:18:05,041 : INFO : root : MPF run loop ended.
