2020-10-04 07:59:23,989 : kivy : Factory: 184 symbols loaded
2020-10-04 07:59:24,472 : kivy : ImageLoaderFFPy: Using ffpyplayer 4.3.1
2020-10-04 07:59:24,474 : kivy : Image: Providers: img_tex, img_dds, img_sdl2, img_pil, img_ffpyplayer, img_gif 
2020-10-04 07:59:24,704 : kivy : VideoGstplayer: Using Gstreamer 1.16.0.0
2020-10-04 07:59:24,704 : kivy : Video: Provider: gstplayer
2020-10-04 07:59:24,846 : kivy : Loading MPF-MC controller
2020-10-04 07:59:24,857 : YamlMultifileConfigLoader : Machine config file #1: config
2020-10-04 07:59:24,858 : ConfigProcessor : Config file in cache changed: c:\Pinball\Cuphead\config\config
2020-10-04 07:59:24,859 : ConfigProcessor : Loading config from file c:\users\themi\appdata\local\programs\python\python36\lib\site-packages\mpfmc\mcconfig.yaml.
2020-10-04 07:59:24,939 : ConfigProcessor : Loading config: c:\users\themi\appdata\local\programs\python\python36\lib\site-packages\mpfmc\mcconfig.yaml
2020-10-04 07:59:24,939 : ConfigProcessor : Loading config from file c:\Pinball\Cuphead\config\config.
2020-10-04 07:59:24,958 : ConfigProcessor : Loading config: c:\Pinball\Cuphead\config\config
2020-10-04 07:59:24,970 : ConfigProcessor : Loading config: c:\Pinball\Cuphead\config\keyboard.yaml
2020-10-04 07:59:25,010 : ConfigProcessor : Loading config: c:\Pinball\Cuphead\config\hwSwitches.yaml
2020-10-04 07:59:25,103 : ConfigProcessor : Loading config: c:\Pinball\Cuphead\config\hwLights.yaml
2020-10-04 07:59:25,128 : ConfigProcessor : Loading config: c:\Pinball\Cuphead\config\hwCoils.yaml
2020-10-04 07:59:25,133 : ConfigProcessor : Config file cache created: C:\Users\themi\AppData\Local\Temp\1bf5539849bfae2fda5beb863cde560d.mpf_cache
2020-10-04 07:59:25,135 : ConfigProcessor : Loading config from cache: C:\Users\themi\AppData\Local\Temp\7964e52b22911e9b68a8022172b185f3.mpf_cache
2020-10-04 07:59:25,136 : ConfigProcessor : Loading config from cache: C:\Users\themi\AppData\Local\Temp\4fcecb70f81c3c2fefb8e65ae9a0af5f.mpf_cache
2020-10-04 07:59:25,137 : ConfigProcessor : Loading config from cache: C:\Users\themi\AppData\Local\Temp\b2a05f27b99f0404929b6678617f21a2.mpf_cache
2020-10-04 07:59:25,138 : ConfigProcessor : Loading config from cache: C:\Users\themi\AppData\Local\Temp\ee661b7bde9ac1aee26ef2e16bd36711.mpf_cache
2020-10-04 07:59:25,139 : mpfmc : Mission Pinball Framework Media Controller v0.54.0-dev.20
2020-10-04 07:59:25,139 : mpfmc : Mission Pinball Framework Game Engine v0.54.0-dev.72
2020-10-04 07:59:25,139 : mpfmc : Machine path: c:\Pinball\Cuphead
2020-10-04 07:59:25,139 : mpfmc : Starting clock at 60.0Hz
2020-10-04 07:59:25,166 : kivy : Text: Provider: sdl2
2020-10-04 07:59:25,232 : kivy : Window: Provider: sdl2
2020-10-04 07:59:25,819 : kivy : GL: Using the "OpenGL" graphics system
2020-10-04 07:59:25,824 : kivy : GL: GLEW initialization succeeded
2020-10-04 07:59:25,824 : kivy : GL: Backend used <glew>
2020-10-04 07:59:25,826 : kivy : GL: OpenGL version <b'4.5.14568 Compatibility Profile Context 24.20.12050.0'>
2020-10-04 07:59:25,827 : kivy : GL: OpenGL vendor <b'ATI Technologies Inc.'>
2020-10-04 07:59:25,827 : kivy : GL: OpenGL renderer <b'AMD Radeon(TM) R4 Graphics'>
2020-10-04 07:59:25,827 : kivy : GL: OpenGL parsed version: 4, 5
2020-10-04 07:59:25,828 : kivy : GL: Shading version <b'4.50'>
2020-10-04 07:59:25,828 : kivy : GL: Texture max size <16384>
2020-10-04 07:59:25,828 : kivy : GL: Texture max units <32>
2020-10-04 07:59:25,872 : kivy : Window: auto add sdl2 input provider
2020-10-04 07:59:25,873 : kivy : Window: virtual keyboard not allowed, single mode, not docked
2020-10-04 07:59:25,890 : SoundSystem : SoundSystem: Using default 'sound_system' settings
2020-10-04 07:59:26,609 : AudioInterface : Initialized
2020-10-04 07:59:26,610 : SoundSystem : No audio tracks are specified in your machine config file. a track named 'default' has been created.
2020-10-04 07:59:26,616 : kivy : Base: Start application main loop
2020-10-04 07:59:26,617 : EventManager : Event: ======'display_window_initialized'====== Args={}
2020-10-04 07:59:26,669 : mpfmc : Display: Setting 'window' as default display
2020-10-04 07:59:26,684 : EventManager : Event: ======'displays_initialized'====== Args={}
2020-10-04 07:59:26,686 : EventManager : Event: ======'slide_window_blank_created'====== Args={}
2020-10-04 07:59:26,687 : EventManager : Event: ======'display_window_ready'====== Args={}
2020-10-04 07:59:26,706 : EventManager : Event: ======'init_phase_1'====== Args={}
2020-10-04 07:59:26,715 : EventManager : Event: ======'mc_ready'====== Args={}
2020-10-04 07:59:26,716 : EventManager : Event: ======'init_phase_2'====== Args={}
2020-10-04 07:59:26,724 : EventManager : Event: ======'init_phase_3'====== Args={}
2020-10-04 07:59:26,727 : AssetManager : Registering Asset: cupHighScore, File: cupHighScore.ogg, Default Group: default, Final Config: {'load': 'preload', 'file': 'c:\\Pinball\\Cuphead\\modes\\base\\sounds\\music\\cupHighScore.ogg'}
2020-10-04 07:59:26,728 : AssetManager : Registering Asset: cupMusic1, File: cupMusic1.ogg, Default Group: default, Final Config: {'load': 'preload', 'target': 'music', 'loop': -1, 'mode_end_action': 'stop', 'file': 'c:\\Pinball\\Cuphead\\modes\\base\\sounds\\music\\cupMusic1.ogg'}
2020-10-04 07:59:26,728 : AssetManager : Registering Asset: cupMusic2, File: cupMusic2.ogg, Default Group: default, Final Config: {'load': 'preload', 'target': 'music', 'loop': -1, 'mode_end_action': 'stop', 'file': 'c:\\Pinball\\Cuphead\\modes\\base\\sounds\\music\\cupMusic2.ogg'}
2020-10-04 07:59:26,728 : AssetManager : Registering Asset: cupMusic3, File: cupMusic3.ogg, Default Group: default, Final Config: {'load': 'preload', 'target': 'music', 'loop': -1, 'mode_end_action': 'stop', 'file': 'c:\\Pinball\\Cuphead\\modes\\base\\sounds\\music\\cupMusic3.ogg'}
2020-10-04 07:59:26,729 : AssetManager : Registering Asset: cupMusic4, File: cupMusic4.ogg, Default Group: default, Final Config: {'load': 'preload', 'target': 'music', 'loop': -1, 'mode_end_action': 'stop', 'file': 'c:\\Pinball\\Cuphead\\modes\\base\\sounds\\music\\cupMusic4.ogg'}
2020-10-04 07:59:26,729 : AssetManager : Registering Asset: cupMusic5, File: cupMusic5.ogg, Default Group: default, Final Config: {'load': 'preload', 'file': 'c:\\Pinball\\Cuphead\\modes\\base\\sounds\\music\\cupMusic5.ogg'}
2020-10-04 07:59:26,731 : AssetManager : Registering Asset: cupMusic6, File: cupMusic6.ogg, Default Group: default, Final Config: {'load': 'preload', 'file': 'c:\\Pinball\\Cuphead\\modes\\base\\sounds\\music\\cupMusic6.ogg'}
2020-10-04 07:59:26,731 : AssetManager : Registering Asset: cupMusic7, File: cupMusic7.ogg, Default Group: default, Final Config: {'load': 'preload', 'file': 'c:\\Pinball\\Cuphead\\modes\\base\\sounds\\music\\cupMusic7.ogg'}
2020-10-04 07:59:26,731 : AssetManager : Registering Asset: cupMusic8, File: cupMusic8.ogg, Default Group: default, Final Config: {'load': 'preload', 'file': 'c:\\Pinball\\Cuphead\\modes\\base\\sounds\\music\\cupMusic8.ogg'}
2020-10-04 07:59:26,732 : AssetManager : Registering Asset: cupMusic9, File: cupMusic9.ogg, Default Group: default, Final Config: {'load': 'preload', 'file': 'c:\\Pinball\\Cuphead\\modes\\base\\sounds\\music\\cupMusic9.ogg'}
2020-10-04 07:59:26,732 : AssetManager : Registering Asset: game_play_1, File: game_play_1.ogg, Default Group: default, Final Config: {'load': 'preload', 'file': 'c:\\Pinball\\Cuphead\\modes\\base\\sounds\\music\\game_play_1.ogg'}
2020-10-04 07:59:26,735 : AssetManager : Registering Asset: attract_music, File: attract_music.ogg, Default Group: default, Final Config: {'load': 'preload', 'file': 'c:\\Pinball\\Cuphead\\modes\\attract\\sounds\\music\\attract_music.ogg'}
2020-10-04 07:59:26,736 : EventManager : Event: ======'init_phase_4'====== Args={}
2020-10-04 07:59:26,736 : EventManager : Event: ======'init_phase_5'====== Args={}
2020-10-04 07:59:30,423 : EventManager : Event: ======'loading_assets'====== Args={'total': 12, 'loaded': 1, 'remaining': 11, 'percent': 8}
2020-10-04 07:59:31,170 : AssetManager : Loading assets: 1/12 (8%)
2020-10-04 07:59:32,060 : EventManager : Event: ======'loading_assets'====== Args={'total': 12, 'loaded': 6, 'remaining': 6, 'percent': 50}
2020-10-04 07:59:32,060 : AssetManager : Loading assets: 6/12 (50%)
2020-10-04 07:59:32,840 : EventManager : Event: ======'loading_assets'====== Args={'total': 12, 'loaded': 7, 'remaining': 5, 'percent': 58}
2020-10-04 07:59:32,841 : AssetManager : Loading assets: 7/12 (58%)
2020-10-04 07:59:33,375 : EventManager : Event: ======'loading_assets'====== Args={'total': 12, 'loaded': 9, 'remaining': 3, 'percent': 75}
2020-10-04 07:59:34,276 : AssetManager : Loading assets: 9/12 (75%)
2020-10-04 07:59:35,179 : EventManager : Event: ======'loading_assets'====== Args={'total': 12, 'loaded': 11, 'remaining': 1, 'percent': 92}
2020-10-04 07:59:35,997 : AssetManager : Loading assets: 11/12 (92%)
2020-10-04 07:59:35,997 : EventManager : Event: ======'loading_assets'====== Args={'total': 12, 'loaded': 12, 'remaining': 0, 'percent': 100}
2020-10-04 07:59:35,997 : AssetManager : Asset loading took: 9.38573956489563
2020-10-04 07:59:35,997 : EventManager : Event: ======'asset_loading_complete'====== Args={}
2020-10-04 07:59:35,997 : AssetManager : Loading assets: 12/12 (100%)
2020-10-04 07:59:35,997 : EventManager : Event: ======'init_done'====== Args={}
2020-10-04 07:59:35,998 : MPF-MC BCP Server : Starting up on localhost port 5050
2020-10-04 07:59:36,007 : MPF-MC BCP Server : Waiting for a connection...
2020-10-04 07:59:36,007 : mpfmc : SlidePlayer: Play called with settings={'slides': {welcome_slide-None-None: {'priority': None, 'target': None, 'background_color': [0.0, 0.0, 0.0, 1.0], 'show': True, 'force': False, 'expire': None, 'slide': None, 'tokens': {}, 'action': 'play', 'transition': None, 'transition_out': None}}}
2020-10-04 07:59:36,016 : kivy : GL: NPOT texture support is available
2020-10-04 07:59:36,017 : EventManager : Event: ======'slide_welcome_slide_created'====== Args={}
2020-10-04 07:59:36,019 : EventManager : Event: ======'slide_welcome_slide_active'====== Args={}
2020-10-04 07:59:36,026 : EventManager : Event: ======'client_disconnected'====== Args={'host': '127.0.0.1', 'port': 5050}
2020-10-04 07:59:36,479 : MPF-MC BCP Server : Received connection from: 127.0.0.1:50779
2020-10-04 07:59:36,484 : EventManager : Event: ======'client_connected'====== Args={'host': '127.0.0.1', 'port': 50779}
2020-10-04 07:59:36,498 : EventManager : Event: ======'machine_var_credits_string'====== Args={'value': 'FREE PLAY', 'prev_value': None, 'change': True}
2020-10-04 07:59:36,498 : EventManager : Event: ======'machine_var_player1_score'====== Args={'value': 8110, 'prev_value': None, 'change': True}
2020-10-04 07:59:36,499 : EventManager : Event: ======'machine_var_mpf_version'====== Args={'value': 'MPF v0.54.0-dev.72', 'prev_value': None, 'change': True}
2020-10-04 07:59:36,499 : EventManager : Event: ======'machine_var_mpf_extended_version'====== Args={'value': 'MPF v0.54.0-dev.72, Config version:5, Show version: 5, BCP version:1.1', 'prev_value': None, 'change': True}
2020-10-04 07:59:36,501 : EventManager : Event: ======'machine_var_python_version'====== Args={'value': '3.6.4', 'prev_value': None, 'change': True}
2020-10-04 07:59:36,501 : EventManager : Event: ======'machine_var_platform'====== Args={'value': 'Windows-10-10.0.18362-SP0', 'prev_value': None, 'change': True}
2020-10-04 07:59:36,501 : EventManager : Event: ======'machine_var_platform_system'====== Args={'value': 'Windows', 'prev_value': None, 'change': True}
2020-10-04 07:59:36,501 : EventManager : Event: ======'machine_var_platform_release'====== Args={'value': '10', 'prev_value': None, 'change': True}
2020-10-04 07:59:36,502 : EventManager : Event: ======'machine_var_platform_version'====== Args={'value': '10.0.18362', 'prev_value': None, 'change': True}
2020-10-04 07:59:36,502 : EventManager : Event: ======'machine_var_platform_machine'====== Args={'value': 'AMD64', 'prev_value': None, 'change': True}
2020-10-04 07:59:36,502 : EventManager : Event: ======'machine_var_mc_version'====== Args={'value': 'MPF-MC v0.54.0-dev.20', 'prev_value': None, 'change': True}
2020-10-04 07:59:36,502 : EventManager : Event: ======'machine_var_mc_extended_version'====== Args={'value': 'MPF-MC v0.54.0-dev.20 (config_version=5, BCP v1.1, Requires MPF v0.54.0-dev.68)', 'prev_value': None, 'change': True}
2020-10-04 07:59:36,502 : EventManager : Event: ======'machine_var_master_volume'====== Args={'value': 0.5, 'prev_value': None, 'change': True}
2020-10-04 07:59:36,612 : EventManager : Event: ======'machine_var_audits_events_game_ended'====== Args={'value': 21, 'prev_value': None, 'change': True}
2020-10-04 07:59:36,612 : EventManager : Event: ======'machine_var_audits_events_game_started'====== Args={'value': 40, 'prev_value': None, 'change': True}
2020-10-04 07:59:36,613 : EventManager : Event: ======'machine_var_audits_player_score'====== Args={'value': {'average': 530.4761904761905, 'top': [2970, 1300, 1220, 980, 880, 780, 720, 710, 630, 590], 'total': 21}, 'prev_value': None, 'change': True}
2020-10-04 07:59:36,613 : EventManager : Event: ======'machine_var_audits_shots_soul_L'====== Args={'value': 60, 'prev_value': None, 'change': True}
2020-10-04 07:59:36,613 : EventManager : Event: ======'machine_var_audits_shots_soul_O'====== Args={'value': 65, 'prev_value': None, 'change': True}
2020-10-04 07:59:36,614 : EventManager : Event: ======'machine_var_audits_shots_soul_S'====== Args={'value': 75, 'prev_value': None, 'change': True}
2020-10-04 07:59:36,614 : EventManager : Event: ======'machine_var_audits_shots_soul_U'====== Args={'value': 65, 'prev_value': None, 'change': True}
2020-10-04 07:59:36,614 : EventManager : Event: ======'machine_var_audits_switches_s_coin'====== Args={'value': 20, 'prev_value': None, 'change': True}
2020-10-04 07:59:36,614 : EventManager : Event: ======'machine_var_audits_switches_s_dash_L'====== Args={'value': 0, 'prev_value': None, 'change': True}
2020-10-04 07:59:36,614 : EventManager : Event: ======'machine_var_audits_switches_s_dash_R'====== Args={'value': 0, 'prev_value': None, 'change': True}
2020-10-04 07:59:36,615 : EventManager : Event: ======'machine_var_audits_switches_s_dtSling_L'====== Args={'value': 0, 'prev_value': None, 'change': True}
2020-10-04 07:59:36,615 : EventManager : Event: ======'machine_var_audits_switches_s_dtSling_R'====== Args={'value': 0, 'prev_value': None, 'change': True}
2020-10-04 07:59:36,615 : EventManager : Event: ======'machine_var_audits_switches_s_dt_C'====== Args={'value': 72, 'prev_value': None, 'change': True}
2020-10-04 07:59:36,615 : EventManager : Event: ======'machine_var_audits_switches_s_dt_G'====== Args={'value': 21, 'prev_value': None, 'change': True}
2020-10-04 07:59:36,615 : EventManager : Event: ======'machine_var_audits_switches_s_dt_M'====== Args={'value': 19, 'prev_value': None, 'change': True}
2020-10-04 07:59:36,615 : EventManager : Event: ======'machine_var_audits_switches_s_dt_P'====== Args={'value': 55, 'prev_value': None, 'change': True}
2020-10-04 07:59:36,624 : EventManager : Event: ======'machine_var_audits_switches_s_dt_U'====== Args={'value': 63, 'prev_value': None, 'change': True}
2020-10-04 07:59:36,624 : EventManager : Event: ======'machine_var_audits_switches_s_dt_U2'====== Args={'value': 19, 'prev_value': None, 'change': True}
2020-10-04 07:59:36,625 : EventManager : Event: ======'machine_var_audits_switches_s_exit_shooter_lane'====== Args={'value': 348, 'prev_value': None, 'change': True}
2020-10-04 07:59:36,625 : EventManager : Event: ======'machine_var_audits_switches_s_inLane_L'====== Args={'value': 0, 'prev_value': None, 'change': True}
2020-10-04 07:59:36,625 : EventManager : Event: ======'machine_var_audits_switches_s_inLane_R'====== Args={'value': 0, 'prev_value': None, 'change': True}
2020-10-04 07:59:36,626 : EventManager : Event: ======'machine_var_audits_switches_s_kicker'====== Args={'value': 0, 'prev_value': None, 'change': True}
2020-10-04 07:59:36,626 : EventManager : Event: ======'machine_var_audits_switches_s_left_flipper'====== Args={'value': 151, 'prev_value': None, 'change': True}
2020-10-04 07:59:36,627 : EventManager : Event: ======'machine_var_audits_switches_s_midRight'====== Args={'value': 0, 'prev_value': None, 'change': True}
2020-10-04 07:59:36,627 : EventManager : Event: ======'machine_var_audits_switches_s_outLane_L'====== Args={'value': 0, 'prev_value': None, 'change': True}
2020-10-04 07:59:36,628 : EventManager : Event: ======'machine_var_audits_switches_s_outLane_R'====== Args={'value': 0, 'prev_value': None, 'change': True}
2020-10-04 07:59:36,628 : EventManager : Event: ======'machine_var_audits_switches_s_perdition'====== Args={'value': 0, 'prev_value': None, 'change': True}
2020-10-04 07:59:36,629 : EventManager : Event: ======'machine_var_audits_switches_s_playfield'====== Args={'value': 0, 'prev_value': None, 'change': True}
2020-10-04 07:59:36,629 : EventManager : Event: ======'machine_var_audits_switches_s_plunger'====== Args={'value': 536, 'prev_value': None, 'change': True}
2020-10-04 07:59:36,629 : EventManager : Event: ======'machine_var_audits_switches_s_popBumper_1'====== Args={'value': 463, 'prev_value': None, 'change': True}
2020-10-04 07:59:36,631 : EventManager : Event: ======'machine_var_audits_switches_s_popBumper_2'====== Args={'value': 438, 'prev_value': None, 'change': True}
2020-10-04 07:59:36,631 : EventManager : Event: ======'machine_var_audits_switches_s_popBumper_3'====== Args={'value': 162, 'prev_value': None, 'change': True}
2020-10-04 07:59:36,632 : EventManager : Event: ======'machine_var_audits_switches_s_pop_bumper1'====== Args={'value': 120, 'prev_value': None, 'change': True}
2020-10-04 07:59:36,633 : EventManager : Event: ======'machine_var_audits_switches_s_pop_bumper2'====== Args={'value': 153, 'prev_value': None, 'change': True}
2020-10-04 07:59:36,634 : EventManager : Event: ======'machine_var_audits_switches_s_pop_bumper3'====== Args={'value': 100, 'prev_value': None, 'change': True}
2020-10-04 07:59:36,634 : EventManager : Event: ======'machine_var_audits_switches_s_right_flipper'====== Args={'value': 216, 'prev_value': None, 'change': True}
2020-10-04 07:59:36,646 : EventManager : Event: ======'machine_var_audits_switches_s_sling_L'====== Args={'value': 0, 'prev_value': None, 'change': True}
2020-10-04 07:59:36,646 : EventManager : Event: ======'machine_var_audits_switches_s_sling_R'====== Args={'value': 0, 'prev_value': None, 'change': True}
2020-10-04 07:59:36,646 : EventManager : Event: ======'machine_var_audits_switches_s_soul_L'====== Args={'value': 61, 'prev_value': None, 'change': True}
2020-10-04 07:59:36,647 : EventManager : Event: ======'machine_var_audits_switches_s_soul_O'====== Args={'value': 70, 'prev_value': None, 'change': True}
2020-10-04 07:59:36,647 : EventManager : Event: ======'machine_var_audits_switches_s_soul_S'====== Args={'value': 75, 'prev_value': None, 'change': True}
2020-10-04 07:59:36,647 : EventManager : Event: ======'machine_var_audits_switches_s_soul_U'====== Args={'value': 65, 'prev_value': None, 'change': True}
2020-10-04 07:59:36,648 : EventManager : Event: ======'machine_var_audits_switches_s_standUp_1'====== Args={'value': 0, 'prev_value': None, 'change': True}
2020-10-04 07:59:36,648 : EventManager : Event: ======'machine_var_audits_switches_s_standUp_2'====== Args={'value': 0, 'prev_value': None, 'change': True}
2020-10-04 07:59:36,648 : EventManager : Event: ======'machine_var_audits_switches_s_standUp_3'====== Args={'value': 0, 'prev_value': None, 'change': True}
2020-10-04 07:59:36,648 : EventManager : Event: ======'machine_var_audits_switches_s_standUp_R'====== Args={'value': 0, 'prev_value': None, 'change': True}
2020-10-04 07:59:36,649 : EventManager : Event: ======'machine_var_audits_switches_s_star_1'====== Args={'value': 0, 'prev_value': None, 'change': True}
2020-10-04 07:59:36,649 : EventManager : Event: ======'machine_var_audits_switches_s_star_2'====== Args={'value': 0, 'prev_value': None, 'change': True}
2020-10-04 07:59:36,649 : EventManager : Event: ======'machine_var_audits_switches_s_star_3'====== Args={'value': 0, 'prev_value': None, 'change': True}
2020-10-04 07:59:36,651 : EventManager : Event: ======'machine_var_audits_switches_s_start'====== Args={'value': 68, 'prev_value': None, 'change': True}
2020-10-04 07:59:36,651 : EventManager : Event: ======'machine_var_audits_switches_s_tilt'====== Args={'value': 0, 'prev_value': None, 'change': True}
2020-10-04 07:59:36,652 : EventManager : Event: ======'machine_var_audits_switches_s_trough1'====== Args={'value': 508, 'prev_value': None, 'change': True}
2020-10-04 07:59:36,652 : EventManager : Event: ======'machine_var_audits_switches_s_trough2'====== Args={'value': 72, 'prev_value': None, 'change': True}
2020-10-04 07:59:36,652 : EventManager : Event: ======'machine_var_audits_switches_s_trough_jam'====== Args={'value': 13, 'prev_value': None, 'change': True}
2020-10-04 07:59:36,691 : EventManager : Event: ======'slides_play'====== Args={'settings': {'welcome_slide': {'target': None, 'background_color': [0.0, 0.0, 0.0, 1.0], 'priority': None, 'show': True, 'force': False, 'expire': None, 'slide': None, 'tokens': {}, 'action': 'play'}}, 'context': '_global', 'calling_context': 'init_done', 'priority': 0}
2020-10-04 07:59:36,691 : EventManager : Event: ======'mc_reset_phase_1'====== Args={}
2020-10-04 07:59:36,692 : mpfmc : SlidePlayer: Play called with settings={'welcome_slide': {'target': None, 'background_color': [0.0, 0.0, 0.0, 1.0], 'priority': None, 'show': True, 'force': False, 'expire': None, 'slide': None, 'tokens': {}, 'action': 'play'}}
2020-10-04 07:59:36,694 : EventManager : Event: ======'slide_welcome_slide_removed'====== Args={}
2020-10-04 07:59:36,699 : EventManager : Event: ======'slide_welcome_slide_created'====== Args={}
2020-10-04 07:59:36,701 : EventManager : Event: ======'mc_reset_phase_2'====== Args={}
2020-10-04 07:59:36,702 : EventManager : Event: ======'mc_reset_phase_3'====== Args={}
2020-10-04 07:59:36,702 : EventManager : Event: ======'mc_reset_complete'====== Args={}
2020-10-04 07:59:36,703 : EventManager : Event: ======'slide_welcome_slide_active'====== Args={}
2020-10-04 07:59:36,713 : EventManager : Event: ======'slides_play'====== Args={'settings': {'awesome_slide': {'widgets': [{'type': 'text', 'text': 'Cuphead Pinball', 'font_size': 50, '_default_settings': ['type', 'text', 'font_size'], 'x': None, 'y': None, 'anchor_x': 'center', 'anchor_y': 'center', 'round_anchor_x': None, 'round_anchor_y': None, 'opacity': 1.0, 'z': 0, 'reset_animations_events': {}, 'color': [1.0, 1.0, 1.0, 1.0], 'style': [], 'adjust_top': 0, 'adjust_bottom': 0, 'adjust_left': 0, 'adjust_right': 0, 'expire': None, 'key': None, 'widget': None, 'events_when_added': [], 'events_when_removed': [], 'bitmap_font': False, 'font_kerning': True, 'bold': False, 'italic': False, 'number_grouping': False, 'min_digits': 0, 'halign': 'center', 'valign': 'middle', 'rotation': 0, 'scale': 1.0, 'casing': None, 'animations': None}], 'transition': {'type': 'push', 'duration': 1.0, 'direction': 'left', 'easing': 'out_quad'}, 'target': None, 'background_color': [0.0, 0.0, 0.0, 1.0], 'priority': None, 'show': True, 'force': False, 'expire': None, 'slide': None, 'tokens': {}, 'action': 'play'}}, 'context': 'show_1', 'calling_context': 0, 'priority': 10, 'show_tokens': {}, 'start_time': 394418.312}
2020-10-04 07:59:36,713 : EventManager : Event: ======'sounds_play'====== Args={'settings': {'attract_music': {'loops': -1, 'mode_end_action': 'stop', 'priority': None, 'action': 'play', 'track': None, 'volume': None, 'pan': None, 'start_at': None, 'fade_in': None, 'fade_out': None, 'about_to_finish_time': -1.0, 'max_queue_time': -1.0, 'events_when_played': ['use_sound_setting'], 'events_when_stopped': ['use_sound_setting'], 'events_when_looping': ['use_sound_setting'], 'events_when_about_to_finish': ['use_sound_setting'], 'key': 'use_sound_setting'}}, 'context': 'attract', 'calling_context': 'mode_attract_started', 'priority': 10}
2020-10-04 07:59:36,714 : mpfmc : SlidePlayer: Play called with settings={'awesome_slide': {'widgets': [{'type': 'text', 'text': 'Cuphead Pinball', 'font_size': 50, '_default_settings': ['type', 'text', 'font_size'], 'x': None, 'y': None, 'anchor_x': 'center', 'anchor_y': 'center', 'round_anchor_x': None, 'round_anchor_y': None, 'opacity': 1.0, 'z': 0, 'reset_animations_events': {}, 'color': [1.0, 1.0, 1.0, 1.0], 'style': [], 'adjust_top': 0, 'adjust_bottom': 0, 'adjust_left': 0, 'adjust_right': 0, 'expire': None, 'key': None, 'widget': None, 'events_when_added': [], 'events_when_removed': [], 'bitmap_font': False, 'font_kerning': True, 'bold': False, 'italic': False, 'number_grouping': False, 'min_digits': 0, 'halign': 'center', 'valign': 'middle', 'rotation': 0, 'scale': 1.0, 'casing': None, 'animations': None}], 'transition': {'type': 'push', 'duration': 1.0, 'direction': 'left', 'easing': 'out_quad'}, 'target': None, 'background_color': [0.0, 0.0, 0.0, 1.0], 'priority': None, 'show': True, 'force': False, 'expire': None, 'slide': None, 'tokens': {}, 'action': 'play'}}
2020-10-04 07:59:36,722 : EventManager : Event: ======'slide_awesome_slide_created'====== Args={}
2020-10-04 07:59:36,726 : EventManager : Event: ======'slide_awesome_slide_active'====== Args={}
2020-10-04 07:59:39,016 : EventManager : Event: ======'game_started'====== Args={}
2020-10-04 07:59:39,016 : EventManager : Event: ======'slides_clear'====== Args={'context': 'show_1'}
2020-10-04 07:59:39,017 : EventManager : Event: ======'sounds_clear'====== Args={'context': 'attract'}
2020-10-04 07:59:39,018 : EventManager : Event: ======'slide_awesome_slide_removed'====== Args={}
2020-10-04 07:59:39,021 : EventManager : Event: ======'slide_welcome_slide_active'====== Args={}
2020-10-04 07:59:39,071 : EventManager : Event: ======'player_added'====== Args={'player': <Player 1>, 'num': 1}
2020-10-04 07:59:39,072 : EventManager : Event: ======'player_index'====== Args={'value': 0, 'prev_value': 0, 'change': 0, 'player_num': 1}
2020-10-04 07:59:39,072 : EventManager : Event: ======'player_number'====== Args={'value': 1, 'prev_value': 1, 'change': 0, 'player_num': 1}
2020-10-04 07:59:39,072 : EventManager : Event: ======'player_score'====== Args={'value': 0, 'prev_value': 0, 'change': 0, 'player_num': 1}
2020-10-04 07:59:39,100 : EventManager : Event: ======'player_ball'====== Args={'value': 1, 'prev_value': 0, 'change': 1, 'player_num': 1}
2020-10-04 07:59:39,112 : EventManager : Event: ======'player_turn_start'====== Args={'number': 1, 'player': <Player 1>}
2020-10-04 07:59:39,149 : EventManager : Event: ======'player_shot_soul_S_enabled'====== Args={'value': True, 'prev_value': 0, 'change': 1, 'player_num': 1}
2020-10-04 07:59:39,149 : EventManager : Event: ======'player_shot_soul_O_enabled'====== Args={'value': True, 'prev_value': 0, 'change': 1, 'player_num': 1}
2020-10-04 07:59:39,150 : EventManager : Event: ======'player_shot_soul_U_enabled'====== Args={'value': True, 'prev_value': 0, 'change': 1, 'player_num': 1}
2020-10-04 07:59:39,161 : EventManager : Event: ======'player_shot_soul_L_enabled'====== Args={'value': True, 'prev_value': 0, 'change': 1, 'player_num': 1}
2020-10-04 07:59:39,174 : EventManager : Event: ======'sounds_play'====== Args={'settings': {'poolCupHeadBase': {'loops': -1, 'priority': None, 'action': 'play', 'track': None, 'volume': None, 'pan': None, 'start_at': None, 'fade_in': None, 'fade_out': None, 'about_to_finish_time': -1.0, 'max_queue_time': -1.0, 'events_when_played': ['use_sound_setting'], 'events_when_stopped': ['use_sound_setting'], 'events_when_looping': ['use_sound_setting'], 'events_when_about_to_finish': ['use_sound_setting'], 'mode_end_action': 'use_sound_setting', 'key': 'use_sound_setting'}}, 'context': 'base', 'calling_context': 'mode_base_started', 'priority': 100, 'queue': '<QueuedEvent>', 'player': 1, 'ball': 1, 'balls_remaining': 4, 'is_extra_ball': False}
2020-10-04 07:59:39,174 : EventManager : Event: ======'slides_play'====== Args={'settings': {'widgets': {'widgets': [{'type': 'text', 'text': '(score)', 'number_grouping': True, 'min_digits': 2, 'font_size': 100, '_default_settings': ['type', 'text', 'number_grouping', 'min_digits', 'font_size'], 'x': None, 'y': None, 'anchor_x': 'center', 'anchor_y': 'center', 'round_anchor_x': None, 'round_anchor_y': None, 'opacity': 1.0, 'z': 0, 'reset_animations_events': {}, 'color': [1.0, 1.0, 1.0, 1.0], 'style': [], 'adjust_top': 0, 'adjust_bottom': 0, 'adjust_left': 0, 'adjust_right': 0, 'expire': None, 'key': None, 'widget': None, 'events_when_added': [], 'events_when_removed': [], 'bitmap_font': False, 'font_kerning': True, 'bold': False, 'italic': False, 'halign': 'center', 'valign': 'middle', 'rotation': 0, 'scale': 1.0, 'casing': None, 'animations': None}, {'type': 'text', 'text': 'Player (player)', 'y': '10', 'x': '10', 'font_size': 30, 'anchor_x': 'left', 'anchor_y': 'bottom', '_default_settings': ['type', 'text', 'y', 'x', 'font_size', 'anchor_x', 'anchor_y'], 'round_anchor_x': None, 'round_anchor_y': None, 'opacity': 1.0, 'z': 0, 'reset_animations_events': {}, 'color': [1.0, 1.0, 1.0, 1.0], 'style': [], 'adjust_top': 0, 'adjust_bottom': 0, 'adjust_left': 0, 'adjust_right': 0, 'expire': None, 'key': None, 'widget': None, 'events_when_added': [], 'events_when_removed': [], 'bitmap_font': False, 'font_kerning': True, 'bold': False, 'italic': False, 'number_grouping': False, 'min_digits': 0, 'halign': 'center', 'valign': 'middle', 'rotation': 0, 'scale': 1.0, 'casing': None, 'animations': None}, {'type': 'text', 'text': 'BALL (ball)', 'y': '10', 'x': 'right-10', 'anchor_x': 'right', 'anchor_y': 'bottom', 'font_size': 50, '_default_settings': ['type', 'text', 'y', 'x', 'anchor_x', 'anchor_y', 'font_size'], 'round_anchor_x': None, 'round_anchor_y': None, 'opacity': 1.0, 'z': 0, 'reset_animations_events': {}, 'color': [1.0, 1.0, 1.0, 1.0], 'style': [], 'adjust_top': 0, 'adjust_bottom': 0, 'adjust_left': 0, 'adjust_right': 0, 'expire': None, 'key': None, 'widget': None, 'events_when_added': [], 'events_when_removed': [], 'bitmap_font': False, 'font_kerning': True, 'bold': False, 'italic': False, 'number_grouping': False, 'min_digits': 0, 'halign': 'center', 'valign': 'middle', 'rotation': 0, 'scale': 1.0, 'casing': None, 'animations': None}], 'target': None, 'background_color': [0.0, 0.0, 0.0, 1.0], 'priority': None, 'show': True, 'force': False, 'expire': None, 'slide': None, 'tokens': {}, 'action': 'play'}}, 'context': 'base', 'calling_context': 'mode_base_started', 'priority': 100, 'queue': '<QueuedEvent>', 'player': 1, 'ball': 1, 'balls_remaining': 4, 'is_extra_ball': False}
2020-10-04 07:59:39,175 : mpfmc : SlidePlayer: Play called with settings={'widgets': {'widgets': [{'type': 'text', 'text': '(score)', 'number_grouping': True, 'min_digits': 2, 'font_size': 100, '_default_settings': ['type', 'text', 'number_grouping', 'min_digits', 'font_size'], 'x': None, 'y': None, 'anchor_x': 'center', 'anchor_y': 'center', 'round_anchor_x': None, 'round_anchor_y': None, 'opacity': 1.0, 'z': 0, 'reset_animations_events': {}, 'color': [1.0, 1.0, 1.0, 1.0], 'style': [], 'adjust_top': 0, 'adjust_bottom': 0, 'adjust_left': 0, 'adjust_right': 0, 'expire': None, 'key': None, 'widget': None, 'events_when_added': [], 'events_when_removed': [], 'bitmap_font': False, 'font_kerning': True, 'bold': False, 'italic': False, 'halign': 'center', 'valign': 'middle', 'rotation': 0, 'scale': 1.0, 'casing': None, 'animations': None}, {'type': 'text', 'text': 'Player (player)', 'y': '10', 'x': '10', 'font_size': 30, 'anchor_x': 'left', 'anchor_y': 'bottom', '_default_settings': ['type', 'text', 'y', 'x', 'font_size', 'anchor_x', 'anchor_y'], 'round_anchor_x': None, 'round_anchor_y': None, 'opacity': 1.0, 'z': 0, 'reset_animations_events': {}, 'color': [1.0, 1.0, 1.0, 1.0], 'style': [], 'adjust_top': 0, 'adjust_bottom': 0, 'adjust_left': 0, 'adjust_right': 0, 'expire': None, 'key': None, 'widget': None, 'events_when_added': [], 'events_when_removed': [], 'bitmap_font': False, 'font_kerning': True, 'bold': False, 'italic': False, 'number_grouping': False, 'min_digits': 0, 'halign': 'center', 'valign': 'middle', 'rotation': 0, 'scale': 1.0, 'casing': None, 'animations': None}, {'type': 'text', 'text': 'BALL (ball)', 'y': '10', 'x': 'right-10', 'anchor_x': 'right', 'anchor_y': 'bottom', 'font_size': 50, '_default_settings': ['type', 'text', 'y', 'x', 'anchor_x', 'anchor_y', 'font_size'], 'round_anchor_x': None, 'round_anchor_y': None, 'opacity': 1.0, 'z': 0, 'reset_animations_events': {}, 'color': [1.0, 1.0, 1.0, 1.0], 'style': [], 'adjust_top': 0, 'adjust_bottom': 0, 'adjust_left': 0, 'adjust_right': 0, 'expire': None, 'key': None, 'widget': None, 'events_when_added': [], 'events_when_removed': [], 'bitmap_font': False, 'font_kerning': True, 'bold': False, 'italic': False, 'number_grouping': False, 'min_digits': 0, 'halign': 'center', 'valign': 'middle', 'rotation': 0, 'scale': 1.0, 'casing': None, 'animations': None}], 'target': None, 'background_color': [0.0, 0.0, 0.0, 1.0], 'priority': None, 'show': True, 'force': False, 'expire': None, 'slide': None, 'tokens': {}, 'action': 'play'}}
2020-10-04 07:59:39,189 : EventManager : Event: ======'slide_base.slide_player-mode_base_started_created'====== Args={}
2020-10-04 07:59:39,193 : EventManager : Event: ======'slide_base.slide_player-mode_base_started_active'====== Args={}
2020-10-04 07:59:39,447 : EventManager : Event: ======'machine_var_audits_switches_s_plunger'====== Args={'value': 537, 'prev_value': 536, 'change': 1}
2020-10-04 07:59:44,591 : EventManager : Event: ======'machine_var_audits_switches_s_exit_shooter_lane'====== Args={'value': 349, 'prev_value': 348, 'change': 1}
2020-10-04 07:59:45,509 : EventManager : Event: ======'machine_var_audits_switches_s_soul_S'====== Args={'value': 76, 'prev_value': 75, 'change': 1}
2020-10-04 07:59:45,509 : EventManager : Event: ======'player_shot_soul_S'====== Args={'value': 1, 'prev_value': 0, 'change': 1, 'player_num': 1}
2020-10-04 07:59:45,511 : EventManager : Event: ======'machine_var_audits_shots_soul_S'====== Args={'value': 76, 'prev_value': 75, 'change': 1}
2020-10-04 07:59:45,511 : EventManager : Event: ======'player_score'====== Args={'value': 100, 'prev_value': 0, 'change': 100, 'player_num': 1}
2020-10-04 07:59:46,458 : EventManager : Event: ======'machine_var_audits_switches_s_soul_O'====== Args={'value': 71, 'prev_value': 70, 'change': 1}
2020-10-04 07:59:46,458 : EventManager : Event: ======'player_shot_soul_O'====== Args={'value': 1, 'prev_value': 0, 'change': 1, 'player_num': 1}
2020-10-04 07:59:46,458 : EventManager : Event: ======'machine_var_audits_shots_soul_O'====== Args={'value': 66, 'prev_value': 65, 'change': 1}
2020-10-04 07:59:46,459 : EventManager : Event: ======'player_score'====== Args={'value': 200, 'prev_value': 100, 'change': 100, 'player_num': 1}
2020-10-04 07:59:46,927 : EventManager : Event: ======'machine_var_audits_switches_s_soul_U'====== Args={'value': 66, 'prev_value': 65, 'change': 1}
2020-10-04 07:59:46,927 : EventManager : Event: ======'player_shot_soul_U'====== Args={'value': 1, 'prev_value': 0, 'change': 1, 'player_num': 1}
2020-10-04 07:59:46,927 : EventManager : Event: ======'machine_var_audits_shots_soul_U'====== Args={'value': 66, 'prev_value': 65, 'change': 1}
2020-10-04 07:59:46,928 : EventManager : Event: ======'player_score'====== Args={'value': 300, 'prev_value': 200, 'change': 100, 'player_num': 1}
2020-10-04 07:59:48,311 : EventManager : Event: ======'machine_var_audits_switches_s_soul_L'====== Args={'value': 62, 'prev_value': 61, 'change': 1}
2020-10-04 07:59:48,311 : EventManager : Event: ======'player_shot_soul_L'====== Args={'value': 1, 'prev_value': 0, 'change': 1, 'player_num': 1}
2020-10-04 07:59:48,311 : EventManager : Event: ======'machine_var_audits_shots_soul_L'====== Args={'value': 61, 'prev_value': 60, 'change': 1}
2020-10-04 07:59:48,312 : EventManager : Event: ======'player_score'====== Args={'value': 400, 'prev_value': 300, 'change': 100, 'player_num': 1}
2020-10-04 07:59:48,312 : EventManager : Event: ======'player_score'====== Args={'value': 1400, 'prev_value': 400, 'change': 1000, 'player_num': 1}
2020-10-04 07:59:48,338 : EventManager : Event: ======'player_bonus_multiplier'====== Args={'value': 2, 'prev_value': 0, 'change': 2, 'player_num': 1}
2020-10-04 07:59:49,306 : EventManager : Event: ======'player_shot_soul_S'====== Args={'value': 0, 'prev_value': 1, 'change': -1, 'player_num': 1}
2020-10-04 07:59:49,306 : EventManager : Event: ======'player_shot_soul_O'====== Args={'value': 0, 'prev_value': 1, 'change': -1, 'player_num': 1}
2020-10-04 07:59:49,307 : EventManager : Event: ======'player_shot_soul_U'====== Args={'value': 0, 'prev_value': 1, 'change': -1, 'player_num': 1}
2020-10-04 07:59:49,307 : EventManager : Event: ======'player_shot_soul_L'====== Args={'value': 0, 'prev_value': 1, 'change': -1, 'player_num': 1}
2020-10-04 07:59:51,316 : EventManager : Event: ======'machine_var_audits_switches_s_soul_S'====== Args={'value': 77, 'prev_value': 76, 'change': 1}
2020-10-04 07:59:51,316 : EventManager : Event: ======'player_shot_soul_S'====== Args={'value': 1, 'prev_value': 0, 'change': 1, 'player_num': 1}
2020-10-04 07:59:51,317 : EventManager : Event: ======'machine_var_audits_shots_soul_S'====== Args={'value': 77, 'prev_value': 76, 'change': 1}
2020-10-04 07:59:51,317 : EventManager : Event: ======'player_score'====== Args={'value': 1500, 'prev_value': 1400, 'change': 100, 'player_num': 1}
2020-10-04 07:59:51,713 : EventManager : Event: ======'machine_var_audits_switches_s_soul_O'====== Args={'value': 72, 'prev_value': 71, 'change': 1}
2020-10-04 07:59:51,713 : EventManager : Event: ======'player_shot_soul_O'====== Args={'value': 1, 'prev_value': 0, 'change': 1, 'player_num': 1}
2020-10-04 07:59:51,713 : EventManager : Event: ======'machine_var_audits_shots_soul_O'====== Args={'value': 67, 'prev_value': 66, 'change': 1}
2020-10-04 07:59:51,713 : EventManager : Event: ======'player_score'====== Args={'value': 1600, 'prev_value': 1500, 'change': 100, 'player_num': 1}
2020-10-04 07:59:52,121 : EventManager : Event: ======'machine_var_audits_switches_s_soul_U'====== Args={'value': 67, 'prev_value': 66, 'change': 1}
2020-10-04 07:59:52,121 : EventManager : Event: ======'player_shot_soul_U'====== Args={'value': 1, 'prev_value': 0, 'change': 1, 'player_num': 1}
2020-10-04 07:59:52,121 : EventManager : Event: ======'machine_var_audits_shots_soul_U'====== Args={'value': 67, 'prev_value': 66, 'change': 1}
2020-10-04 07:59:52,122 : EventManager : Event: ======'player_score'====== Args={'value': 1700, 'prev_value': 1600, 'change': 100, 'player_num': 1}
2020-10-04 07:59:53,677 : EventManager : Event: ======'machine_var_audits_switches_s_soul_L'====== Args={'value': 63, 'prev_value': 62, 'change': 1}
2020-10-04 07:59:53,678 : EventManager : Event: ======'player_shot_soul_L'====== Args={'value': 1, 'prev_value': 0, 'change': 1, 'player_num': 1}
2020-10-04 07:59:53,679 : EventManager : Event: ======'machine_var_audits_shots_soul_L'====== Args={'value': 62, 'prev_value': 61, 'change': 1}
2020-10-04 07:59:53,679 : EventManager : Event: ======'player_score'====== Args={'value': 1800, 'prev_value': 1700, 'change': 100, 'player_num': 1}
2020-10-04 07:59:53,679 : EventManager : Event: ======'player_score'====== Args={'value': 2800, 'prev_value': 1800, 'change': 1000, 'player_num': 1}
2020-10-04 07:59:53,702 : EventManager : Event: ======'player_bonus_multiplier'====== Args={'value': 3, 'prev_value': 2, 'change': 1, 'player_num': 1}
2020-10-04 07:59:54,711 : EventManager : Event: ======'player_shot_soul_S'====== Args={'value': 0, 'prev_value': 1, 'change': -1, 'player_num': 1}
2020-10-04 07:59:54,711 : EventManager : Event: ======'player_shot_soul_O'====== Args={'value': 0, 'prev_value': 1, 'change': -1, 'player_num': 1}
2020-10-04 07:59:54,712 : EventManager : Event: ======'player_shot_soul_U'====== Args={'value': 0, 'prev_value': 1, 'change': -1, 'player_num': 1}
2020-10-04 07:59:54,712 : EventManager : Event: ======'player_shot_soul_L'====== Args={'value': 0, 'prev_value': 1, 'change': -1, 'player_num': 1}
2020-10-04 07:59:54,903 : EventManager : Event: ======'machine_var_audits_switches_s_soul_S'====== Args={'value': 78, 'prev_value': 77, 'change': 1}
2020-10-04 07:59:54,903 : EventManager : Event: ======'player_shot_soul_S'====== Args={'value': 1, 'prev_value': 0, 'change': 1, 'player_num': 1}
2020-10-04 07:59:54,903 : EventManager : Event: ======'machine_var_audits_shots_soul_S'====== Args={'value': 78, 'prev_value': 77, 'change': 1}
2020-10-04 07:59:54,903 : EventManager : Event: ======'player_score'====== Args={'value': 2900, 'prev_value': 2800, 'change': 100, 'player_num': 1}
2020-10-04 07:59:55,230 : EventManager : Event: ======'machine_var_audits_switches_s_soul_O'====== Args={'value': 73, 'prev_value': 72, 'change': 1}
2020-10-04 07:59:55,232 : EventManager : Event: ======'player_shot_soul_O'====== Args={'value': 1, 'prev_value': 0, 'change': 1, 'player_num': 1}
2020-10-04 07:59:55,232 : EventManager : Event: ======'machine_var_audits_shots_soul_O'====== Args={'value': 68, 'prev_value': 67, 'change': 1}
2020-10-04 07:59:55,232 : EventManager : Event: ======'player_score'====== Args={'value': 3000, 'prev_value': 2900, 'change': 100, 'player_num': 1}
2020-10-04 07:59:55,627 : EventManager : Event: ======'machine_var_audits_switches_s_soul_U'====== Args={'value': 68, 'prev_value': 67, 'change': 1}
2020-10-04 07:59:55,627 : EventManager : Event: ======'player_shot_soul_U'====== Args={'value': 1, 'prev_value': 0, 'change': 1, 'player_num': 1}
2020-10-04 07:59:55,628 : EventManager : Event: ======'machine_var_audits_shots_soul_U'====== Args={'value': 68, 'prev_value': 67, 'change': 1}
2020-10-04 07:59:55,628 : EventManager : Event: ======'player_score'====== Args={'value': 3100, 'prev_value': 3000, 'change': 100, 'player_num': 1}
2020-10-04 07:59:56,160 : EventManager : Event: ======'machine_var_audits_switches_s_soul_L'====== Args={'value': 64, 'prev_value': 63, 'change': 1}
2020-10-04 07:59:56,161 : EventManager : Event: ======'player_shot_soul_L'====== Args={'value': 1, 'prev_value': 0, 'change': 1, 'player_num': 1}
2020-10-04 07:59:56,162 : EventManager : Event: ======'machine_var_audits_shots_soul_L'====== Args={'value': 63, 'prev_value': 62, 'change': 1}
2020-10-04 07:59:56,162 : EventManager : Event: ======'player_score'====== Args={'value': 3200, 'prev_value': 3100, 'change': 100, 'player_num': 1}
2020-10-04 07:59:56,162 : EventManager : Event: ======'player_score'====== Args={'value': 4200, 'prev_value': 3200, 'change': 1000, 'player_num': 1}
2020-10-04 07:59:56,169 : EventManager : Event: ======'player_bonus_multiplier'====== Args={'value': 4, 'prev_value': 3, 'change': 1, 'player_num': 1}
2020-10-04 07:59:57,164 : EventManager : Event: ======'player_shot_soul_S'====== Args={'value': 0, 'prev_value': 1, 'change': -1, 'player_num': 1}
2020-10-04 07:59:57,164 : EventManager : Event: ======'player_shot_soul_O'====== Args={'value': 0, 'prev_value': 1, 'change': -1, 'player_num': 1}
2020-10-04 07:59:57,164 : EventManager : Event: ======'player_shot_soul_U'====== Args={'value': 0, 'prev_value': 1, 'change': -1, 'player_num': 1}
2020-10-04 07:59:57,164 : EventManager : Event: ======'player_shot_soul_L'====== Args={'value': 0, 'prev_value': 1, 'change': -1, 'player_num': 1}
2020-10-04 07:59:58,537 : EventManager : Event: ======'machine_var_audits_switches_s_soul_S'====== Args={'value': 79, 'prev_value': 78, 'change': 1}
2020-10-04 07:59:58,551 : EventManager : Event: ======'player_shot_soul_S'====== Args={'value': 1, 'prev_value': 0, 'change': 1, 'player_num': 1}
2020-10-04 07:59:58,551 : EventManager : Event: ======'machine_var_audits_shots_soul_S'====== Args={'value': 79, 'prev_value': 78, 'change': 1}
2020-10-04 07:59:58,551 : EventManager : Event: ======'player_score'====== Args={'value': 4300, 'prev_value': 4200, 'change': 100, 'player_num': 1}
2020-10-04 07:59:58,898 : EventManager : Event: ======'machine_var_audits_switches_s_soul_O'====== Args={'value': 74, 'prev_value': 73, 'change': 1}
2020-10-04 07:59:58,898 : EventManager : Event: ======'player_shot_soul_O'====== Args={'value': 1, 'prev_value': 0, 'change': 1, 'player_num': 1}
2020-10-04 07:59:58,898 : EventManager : Event: ======'machine_var_audits_shots_soul_O'====== Args={'value': 69, 'prev_value': 68, 'change': 1}
2020-10-04 07:59:58,899 : EventManager : Event: ======'player_score'====== Args={'value': 4400, 'prev_value': 4300, 'change': 100, 'player_num': 1}
2020-10-04 07:59:59,330 : EventManager : Event: ======'machine_var_audits_switches_s_soul_U'====== Args={'value': 69, 'prev_value': 68, 'change': 1}
2020-10-04 07:59:59,331 : EventManager : Event: ======'player_shot_soul_U'====== Args={'value': 1, 'prev_value': 0, 'change': 1, 'player_num': 1}
2020-10-04 07:59:59,331 : EventManager : Event: ======'machine_var_audits_shots_soul_U'====== Args={'value': 69, 'prev_value': 68, 'change': 1}
2020-10-04 07:59:59,331 : EventManager : Event: ======'player_score'====== Args={'value': 4500, 'prev_value': 4400, 'change': 100, 'player_num': 1}
2020-10-04 08:00:02,025 : EventManager : Event: ======'machine_var_audits_switches_s_soul_L'====== Args={'value': 65, 'prev_value': 64, 'change': 1}
2020-10-04 08:00:02,025 : EventManager : Event: ======'player_shot_soul_L'====== Args={'value': 1, 'prev_value': 0, 'change': 1, 'player_num': 1}
2020-10-04 08:00:02,025 : EventManager : Event: ======'machine_var_audits_shots_soul_L'====== Args={'value': 64, 'prev_value': 63, 'change': 1}
2020-10-04 08:00:02,025 : EventManager : Event: ======'player_score'====== Args={'value': 4600, 'prev_value': 4500, 'change': 100, 'player_num': 1}
2020-10-04 08:00:02,025 : EventManager : Event: ======'player_score'====== Args={'value': 5600, 'prev_value': 4600, 'change': 1000, 'player_num': 1}
2020-10-04 08:00:03,054 : EventManager : Event: ======'player_shot_soul_S'====== Args={'value': 0, 'prev_value': 1, 'change': -1, 'player_num': 1}
2020-10-04 08:00:03,055 : EventManager : Event: ======'player_shot_soul_O'====== Args={'value': 0, 'prev_value': 1, 'change': -1, 'player_num': 1}
2020-10-04 08:00:03,055 : EventManager : Event: ======'player_shot_soul_U'====== Args={'value': 0, 'prev_value': 1, 'change': -1, 'player_num': 1}
2020-10-04 08:00:03,055 : EventManager : Event: ======'player_shot_soul_L'====== Args={'value': 0, 'prev_value': 1, 'change': -1, 'player_num': 1}
2020-10-04 08:00:06,589 : EventManager : Event: ======'machine_var_audits_switches_s_soul_S'====== Args={'value': 80, 'prev_value': 79, 'change': 1}
2020-10-04 08:00:06,589 : EventManager : Event: ======'player_shot_soul_S'====== Args={'value': 1, 'prev_value': 0, 'change': 1, 'player_num': 1}
2020-10-04 08:00:06,589 : EventManager : Event: ======'machine_var_audits_shots_soul_S'====== Args={'value': 80, 'prev_value': 79, 'change': 1}
2020-10-04 08:00:06,589 : EventManager : Event: ======'player_score'====== Args={'value': 5700, 'prev_value': 5600, 'change': 100, 'player_num': 1}
2020-10-04 08:00:06,775 : EventManager : Event: ======'machine_var_audits_switches_s_soul_O'====== Args={'value': 75, 'prev_value': 74, 'change': 1}
2020-10-04 08:00:06,775 : EventManager : Event: ======'player_shot_soul_O'====== Args={'value': 1, 'prev_value': 0, 'change': 1, 'player_num': 1}
2020-10-04 08:00:06,788 : EventManager : Event: ======'machine_var_audits_shots_soul_O'====== Args={'value': 70, 'prev_value': 69, 'change': 1}
2020-10-04 08:00:06,788 : EventManager : Event: ======'player_score'====== Args={'value': 5800, 'prev_value': 5700, 'change': 100, 'player_num': 1}
2020-10-04 08:00:07,129 : EventManager : Event: ======'machine_var_audits_switches_s_soul_U'====== Args={'value': 70, 'prev_value': 69, 'change': 1}
2020-10-04 08:00:07,130 : EventManager : Event: ======'player_shot_soul_U'====== Args={'value': 1, 'prev_value': 0, 'change': 1, 'player_num': 1}
2020-10-04 08:00:07,131 : EventManager : Event: ======'machine_var_audits_shots_soul_U'====== Args={'value': 70, 'prev_value': 69, 'change': 1}
2020-10-04 08:00:07,131 : EventManager : Event: ======'player_score'====== Args={'value': 5900, 'prev_value': 5800, 'change': 100, 'player_num': 1}
2020-10-04 08:00:07,524 : EventManager : Event: ======'machine_var_audits_switches_s_soul_L'====== Args={'value': 66, 'prev_value': 65, 'change': 1}
2020-10-04 08:00:07,524 : EventManager : Event: ======'player_shot_soul_L'====== Args={'value': 1, 'prev_value': 0, 'change': 1, 'player_num': 1}
2020-10-04 08:00:07,524 : EventManager : Event: ======'machine_var_audits_shots_soul_L'====== Args={'value': 65, 'prev_value': 64, 'change': 1}
2020-10-04 08:00:07,524 : EventManager : Event: ======'player_score'====== Args={'value': 6000, 'prev_value': 5900, 'change': 100, 'player_num': 1}
2020-10-04 08:00:07,525 : EventManager : Event: ======'player_score'====== Args={'value': 7000, 'prev_value': 6000, 'change': 1000, 'player_num': 1}
2020-10-04 08:00:08,517 : EventManager : Event: ======'player_shot_soul_S'====== Args={'value': 0, 'prev_value': 1, 'change': -1, 'player_num': 1}
2020-10-04 08:00:08,518 : EventManager : Event: ======'player_shot_soul_O'====== Args={'value': 0, 'prev_value': 1, 'change': -1, 'player_num': 1}
2020-10-04 08:00:08,518 : EventManager : Event: ======'player_shot_soul_U'====== Args={'value': 0, 'prev_value': 1, 'change': -1, 'player_num': 1}
2020-10-04 08:00:08,518 : EventManager : Event: ======'player_shot_soul_L'====== Args={'value': 0, 'prev_value': 1, 'change': -1, 'player_num': 1}
2020-10-04 08:00:08,831 : EventManager : Event: ======'machine_var_audits_switches_s_soul_S'====== Args={'value': 81, 'prev_value': 80, 'change': 1}
2020-10-04 08:00:08,831 : EventManager : Event: ======'player_shot_soul_S'====== Args={'value': 1, 'prev_value': 0, 'change': 1, 'player_num': 1}
2020-10-04 08:00:08,844 : EventManager : Event: ======'machine_var_audits_shots_soul_S'====== Args={'value': 81, 'prev_value': 80, 'change': 1}
2020-10-04 08:00:08,844 : EventManager : Event: ======'player_score'====== Args={'value': 7100, 'prev_value': 7000, 'change': 100, 'player_num': 1}
2020-10-04 08:00:09,035 : EventManager : Event: ======'machine_var_audits_switches_s_soul_O'====== Args={'value': 76, 'prev_value': 75, 'change': 1}
2020-10-04 08:00:09,035 : EventManager : Event: ======'player_shot_soul_O'====== Args={'value': 1, 'prev_value': 0, 'change': 1, 'player_num': 1}
2020-10-04 08:00:09,035 : EventManager : Event: ======'machine_var_audits_shots_soul_O'====== Args={'value': 71, 'prev_value': 70, 'change': 1}
2020-10-04 08:00:09,035 : EventManager : Event: ======'player_score'====== Args={'value': 7200, 'prev_value': 7100, 'change': 100, 'player_num': 1}
2020-10-04 08:00:09,573 : EventManager : Event: ======'machine_var_audits_switches_s_soul_U'====== Args={'value': 71, 'prev_value': 70, 'change': 1}
2020-10-04 08:00:09,573 : EventManager : Event: ======'player_shot_soul_U'====== Args={'value': 1, 'prev_value': 0, 'change': 1, 'player_num': 1}
2020-10-04 08:00:09,573 : EventManager : Event: ======'machine_var_audits_shots_soul_U'====== Args={'value': 71, 'prev_value': 70, 'change': 1}
2020-10-04 08:00:09,574 : EventManager : Event: ======'player_score'====== Args={'value': 7300, 'prev_value': 7200, 'change': 100, 'player_num': 1}
2020-10-04 08:00:11,193 : EventManager : Event: ======'machine_var_audits_switches_s_soul_L'====== Args={'value': 67, 'prev_value': 66, 'change': 1}
2020-10-04 08:00:11,193 : EventManager : Event: ======'player_shot_soul_L'====== Args={'value': 1, 'prev_value': 0, 'change': 1, 'player_num': 1}
2020-10-04 08:00:11,206 : EventManager : Event: ======'machine_var_audits_shots_soul_L'====== Args={'value': 66, 'prev_value': 65, 'change': 1}
2020-10-04 08:00:11,206 : EventManager : Event: ======'player_score'====== Args={'value': 7400, 'prev_value': 7300, 'change': 100, 'player_num': 1}
2020-10-04 08:00:11,214 : EventManager : Event: ======'player_score'====== Args={'value': 8400, 'prev_value': 7400, 'change': 1000, 'player_num': 1}
2020-10-04 08:00:12,243 : EventManager : Event: ======'player_shot_soul_S'====== Args={'value': 0, 'prev_value': 1, 'change': -1, 'player_num': 1}
2020-10-04 08:00:12,243 : EventManager : Event: ======'player_shot_soul_O'====== Args={'value': 0, 'prev_value': 1, 'change': -1, 'player_num': 1}
2020-10-04 08:00:12,243 : EventManager : Event: ======'player_shot_soul_U'====== Args={'value': 0, 'prev_value': 1, 'change': -1, 'player_num': 1}
2020-10-04 08:00:12,244 : EventManager : Event: ======'player_shot_soul_L'====== Args={'value': 0, 'prev_value': 1, 'change': -1, 'player_num': 1}
2020-10-04 08:00:12,863 : EventManager : Event: ======'machine_var_audits_switches_s_soul_S'====== Args={'value': 82, 'prev_value': 81, 'change': 1}
2020-10-04 08:00:12,863 : EventManager : Event: ======'player_shot_soul_S'====== Args={'value': 1, 'prev_value': 0, 'change': 1, 'player_num': 1}
2020-10-04 08:00:12,863 : EventManager : Event: ======'machine_var_audits_shots_soul_S'====== Args={'value': 82, 'prev_value': 81, 'change': 1}
2020-10-04 08:00:12,864 : EventManager : Event: ======'player_score'====== Args={'value': 8500, 'prev_value': 8400, 'change': 100, 'player_num': 1}
2020-10-04 08:00:13,085 : EventManager : Event: ======'machine_var_audits_switches_s_soul_O'====== Args={'value': 77, 'prev_value': 76, 'change': 1}
2020-10-04 08:00:13,085 : EventManager : Event: ======'player_shot_soul_O'====== Args={'value': 1, 'prev_value': 0, 'change': 1, 'player_num': 1}
2020-10-04 08:00:13,085 : EventManager : Event: ======'machine_var_audits_shots_soul_O'====== Args={'value': 72, 'prev_value': 71, 'change': 1}
2020-10-04 08:00:13,085 : EventManager : Event: ======'player_score'====== Args={'value': 8600, 'prev_value': 8500, 'change': 100, 'player_num': 1}
2020-10-04 08:00:13,413 : EventManager : Event: ======'machine_var_audits_switches_s_soul_U'====== Args={'value': 72, 'prev_value': 71, 'change': 1}
2020-10-04 08:00:13,413 : EventManager : Event: ======'player_shot_soul_U'====== Args={'value': 1, 'prev_value': 0, 'change': 1, 'player_num': 1}
2020-10-04 08:00:13,413 : EventManager : Event: ======'machine_var_audits_shots_soul_U'====== Args={'value': 72, 'prev_value': 71, 'change': 1}
2020-10-04 08:00:13,414 : EventManager : Event: ======'player_score'====== Args={'value': 8700, 'prev_value': 8600, 'change': 100, 'player_num': 1}
2020-10-04 08:00:13,725 : EventManager : Event: ======'machine_var_audits_switches_s_soul_L'====== Args={'value': 68, 'prev_value': 67, 'change': 1}
2020-10-04 08:00:13,725 : EventManager : Event: ======'player_shot_soul_L'====== Args={'value': 1, 'prev_value': 0, 'change': 1, 'player_num': 1}
2020-10-04 08:00:13,725 : EventManager : Event: ======'machine_var_audits_shots_soul_L'====== Args={'value': 67, 'prev_value': 66, 'change': 1}
2020-10-04 08:00:13,749 : EventManager : Event: ======'player_score'====== Args={'value': 8800, 'prev_value': 8700, 'change': 100, 'player_num': 1}
2020-10-04 08:00:13,749 : EventManager : Event: ======'player_score'====== Args={'value': 9800, 'prev_value': 8800, 'change': 1000, 'player_num': 1}
2020-10-04 08:00:14,733 : EventManager : Event: ======'player_shot_soul_S'====== Args={'value': 0, 'prev_value': 1, 'change': -1, 'player_num': 1}
2020-10-04 08:00:14,733 : EventManager : Event: ======'player_shot_soul_O'====== Args={'value': 0, 'prev_value': 1, 'change': -1, 'player_num': 1}
2020-10-04 08:00:14,733 : EventManager : Event: ======'player_shot_soul_U'====== Args={'value': 0, 'prev_value': 1, 'change': -1, 'player_num': 1}
2020-10-04 08:00:14,734 : EventManager : Event: ======'player_shot_soul_L'====== Args={'value': 0, 'prev_value': 1, 'change': -1, 'player_num': 1}
2020-10-04 08:00:14,867 : EventManager : Event: ======'machine_var_audits_switches_s_soul_S'====== Args={'value': 83, 'prev_value': 82, 'change': 1}
2020-10-04 08:00:14,867 : EventManager : Event: ======'player_shot_soul_S'====== Args={'value': 1, 'prev_value': 0, 'change': 1, 'player_num': 1}
2020-10-04 08:00:14,867 : EventManager : Event: ======'machine_var_audits_shots_soul_S'====== Args={'value': 83, 'prev_value': 82, 'change': 1}
2020-10-04 08:00:14,867 : EventManager : Event: ======'player_score'====== Args={'value': 9900, 'prev_value': 9800, 'change': 100, 'player_num': 1}
2020-10-04 08:00:15,044 : EventManager : Event: ======'machine_var_audits_switches_s_soul_O'====== Args={'value': 78, 'prev_value': 77, 'change': 1}
2020-10-04 08:00:15,044 : EventManager : Event: ======'player_shot_soul_O'====== Args={'value': 1, 'prev_value': 0, 'change': 1, 'player_num': 1}
2020-10-04 08:00:15,056 : EventManager : Event: ======'machine_var_audits_shots_soul_O'====== Args={'value': 73, 'prev_value': 72, 'change': 1}
2020-10-04 08:00:15,056 : EventManager : Event: ======'player_score'====== Args={'value': 10000, 'prev_value': 9900, 'change': 100, 'player_num': 1}
2020-10-04 08:00:15,343 : EventManager : Event: ======'machine_var_audits_switches_s_soul_U'====== Args={'value': 73, 'prev_value': 72, 'change': 1}
2020-10-04 08:00:15,343 : EventManager : Event: ======'player_shot_soul_U'====== Args={'value': 1, 'prev_value': 0, 'change': 1, 'player_num': 1}
2020-10-04 08:00:15,343 : EventManager : Event: ======'machine_var_audits_shots_soul_U'====== Args={'value': 73, 'prev_value': 72, 'change': 1}
2020-10-04 08:00:15,343 : EventManager : Event: ======'player_score'====== Args={'value': 10100, 'prev_value': 10000, 'change': 100, 'player_num': 1}
2020-10-04 08:00:15,963 : EventManager : Event: ======'machine_var_audits_switches_s_soul_L'====== Args={'value': 69, 'prev_value': 68, 'change': 1}
2020-10-04 08:00:15,964 : EventManager : Event: ======'player_shot_soul_L'====== Args={'value': 1, 'prev_value': 0, 'change': 1, 'player_num': 1}
2020-10-04 08:00:15,964 : EventManager : Event: ======'machine_var_audits_shots_soul_L'====== Args={'value': 68, 'prev_value': 67, 'change': 1}
2020-10-04 08:00:15,964 : EventManager : Event: ======'player_score'====== Args={'value': 10200, 'prev_value': 10100, 'change': 100, 'player_num': 1}
2020-10-04 08:00:15,972 : EventManager : Event: ======'player_score'====== Args={'value': 11200, 'prev_value': 10200, 'change': 1000, 'player_num': 1}
2020-10-04 08:00:16,918 : EventManager : Event: ======'machine_var_audits_switches_s_soul_S'====== Args={'value': 84, 'prev_value': 83, 'change': 1}
2020-10-04 08:00:16,919 : EventManager : Event: ======'machine_var_audits_shots_soul_S'====== Args={'value': 84, 'prev_value': 83, 'change': 1}
2020-10-04 08:00:16,919 : EventManager : Event: ======'player_score'====== Args={'value': 11300, 'prev_value': 11200, 'change': 100, 'player_num': 1}
2020-10-04 08:00:16,979 : EventManager : Event: ======'player_shot_soul_S'====== Args={'value': 0, 'prev_value': 1, 'change': -1, 'player_num': 1}
2020-10-04 08:00:16,979 : EventManager : Event: ======'player_shot_soul_O'====== Args={'value': 0, 'prev_value': 1, 'change': -1, 'player_num': 1}
2020-10-04 08:00:16,980 : EventManager : Event: ======'player_shot_soul_U'====== Args={'value': 0, 'prev_value': 1, 'change': -1, 'player_num': 1}
2020-10-04 08:00:16,980 : EventManager : Event: ======'player_shot_soul_L'====== Args={'value': 0, 'prev_value': 1, 'change': -1, 'player_num': 1}
2020-10-04 08:00:17,342 : EventManager : Event: ======'machine_var_audits_switches_s_soul_O'====== Args={'value': 79, 'prev_value': 78, 'change': 1}
2020-10-04 08:00:17,342 : EventManager : Event: ======'player_shot_soul_O'====== Args={'value': 1, 'prev_value': 0, 'change': 1, 'player_num': 1}
2020-10-04 08:00:17,342 : EventManager : Event: ======'machine_var_audits_shots_soul_O'====== Args={'value': 74, 'prev_value': 73, 'change': 1}
2020-10-04 08:00:17,343 : EventManager : Event: ======'player_score'====== Args={'value': 11400, 'prev_value': 11300, 'change': 100, 'player_num': 1}
2020-10-04 08:00:17,793 : EventManager : Event: ======'machine_var_audits_switches_s_soul_U'====== Args={'value': 74, 'prev_value': 73, 'change': 1}
2020-10-04 08:00:17,793 : EventManager : Event: ======'player_shot_soul_U'====== Args={'value': 1, 'prev_value': 0, 'change': 1, 'player_num': 1}
2020-10-04 08:00:17,794 : EventManager : Event: ======'machine_var_audits_shots_soul_U'====== Args={'value': 74, 'prev_value': 73, 'change': 1}
2020-10-04 08:00:17,794 : EventManager : Event: ======'player_score'====== Args={'value': 11500, 'prev_value': 11400, 'change': 100, 'player_num': 1}
2020-10-04 08:00:20,532 : EventManager : Event: ======'machine_var_audits_switches_s_soul_L'====== Args={'value': 70, 'prev_value': 69, 'change': 1}
2020-10-04 08:00:20,532 : EventManager : Event: ======'player_shot_soul_L'====== Args={'value': 1, 'prev_value': 0, 'change': 1, 'player_num': 1}
2020-10-04 08:00:20,545 : EventManager : Event: ======'machine_var_audits_shots_soul_L'====== Args={'value': 69, 'prev_value': 68, 'change': 1}
2020-10-04 08:00:20,545 : EventManager : Event: ======'player_score'====== Args={'value': 11600, 'prev_value': 11500, 'change': 100, 'player_num': 1}
2020-10-04 08:00:21,844 : EventManager : Event: ======'machine_var_audits_switches_s_soul_S'====== Args={'value': 85, 'prev_value': 84, 'change': 1}
2020-10-04 08:00:21,844 : EventManager : Event: ======'player_shot_soul_S'====== Args={'value': 1, 'prev_value': 0, 'change': 1, 'player_num': 1}
2020-10-04 08:00:21,844 : EventManager : Event: ======'machine_var_audits_shots_soul_S'====== Args={'value': 85, 'prev_value': 84, 'change': 1}
2020-10-04 08:00:21,845 : EventManager : Event: ======'player_score'====== Args={'value': 11700, 'prev_value': 11600, 'change': 100, 'player_num': 1}
2020-10-04 08:00:21,845 : EventManager : Event: ======'player_score'====== Args={'value': 12700, 'prev_value': 11700, 'change': 1000, 'player_num': 1}
2020-10-04 08:00:22,019 : EventManager : Event: ======'machine_var_audits_switches_s_soul_O'====== Args={'value': 80, 'prev_value': 79, 'change': 1}
2020-10-04 08:00:22,019 : EventManager : Event: ======'machine_var_audits_shots_soul_O'====== Args={'value': 75, 'prev_value': 74, 'change': 1}
2020-10-04 08:00:22,019 : EventManager : Event: ======'player_score'====== Args={'value': 12800, 'prev_value': 12700, 'change': 100, 'player_num': 1}
2020-10-04 08:00:22,299 : EventManager : Event: ======'machine_var_audits_switches_s_soul_U'====== Args={'value': 75, 'prev_value': 74, 'change': 1}
2020-10-04 08:00:22,299 : EventManager : Event: ======'machine_var_audits_shots_soul_U'====== Args={'value': 75, 'prev_value': 74, 'change': 1}
2020-10-04 08:00:22,299 : EventManager : Event: ======'player_score'====== Args={'value': 12900, 'prev_value': 12800, 'change': 100, 'player_num': 1}
2020-10-04 08:00:22,597 : EventManager : Event: ======'machine_var_audits_switches_s_soul_L'====== Args={'value': 71, 'prev_value': 70, 'change': 1}
2020-10-04 08:00:22,597 : EventManager : Event: ======'machine_var_audits_shots_soul_L'====== Args={'value': 70, 'prev_value': 69, 'change': 1}
2020-10-04 08:00:22,598 : EventManager : Event: ======'player_score'====== Args={'value': 13000, 'prev_value': 12900, 'change': 100, 'player_num': 1}
2020-10-04 08:00:22,859 : EventManager : Event: ======'player_shot_soul_S'====== Args={'value': 0, 'prev_value': 1, 'change': -1, 'player_num': 1}
2020-10-04 08:00:22,859 : EventManager : Event: ======'player_shot_soul_O'====== Args={'value': 0, 'prev_value': 1, 'change': -1, 'player_num': 1}
2020-10-04 08:00:22,859 : EventManager : Event: ======'player_shot_soul_U'====== Args={'value': 0, 'prev_value': 1, 'change': -1, 'player_num': 1}
2020-10-04 08:00:22,860 : EventManager : Event: ======'player_shot_soul_L'====== Args={'value': 0, 'prev_value': 1, 'change': -1, 'player_num': 1}
2020-10-04 08:00:23,691 : EventManager : Event: ======'machine_var_audits_switches_s_soul_S'====== Args={'value': 86, 'prev_value': 85, 'change': 1}
2020-10-04 08:00:23,691 : EventManager : Event: ======'player_shot_soul_S'====== Args={'value': 1, 'prev_value': 0, 'change': 1, 'player_num': 1}
2020-10-04 08:00:23,691 : EventManager : Event: ======'machine_var_audits_shots_soul_S'====== Args={'value': 86, 'prev_value': 85, 'change': 1}
2020-10-04 08:00:23,691 : EventManager : Event: ======'player_score'====== Args={'value': 13100, 'prev_value': 13000, 'change': 100, 'player_num': 1}
2020-10-04 08:00:24,532 : EventManager : Event: ======'machine_var_audits_switches_s_soul_L'====== Args={'value': 72, 'prev_value': 71, 'change': 1}
2020-10-04 08:00:24,532 : EventManager : Event: ======'player_shot_soul_L'====== Args={'value': 1, 'prev_value': 0, 'change': 1, 'player_num': 1}
2020-10-04 08:00:24,532 : EventManager : Event: ======'machine_var_audits_shots_soul_L'====== Args={'value': 71, 'prev_value': 70, 'change': 1}
2020-10-04 08:00:24,533 : EventManager : Event: ======'player_score'====== Args={'value': 13200, 'prev_value': 13100, 'change': 100, 'player_num': 1}
2020-10-04 08:00:25,240 : EventManager : Event: ======'machine_var_audits_switches_s_soul_O'====== Args={'value': 81, 'prev_value': 80, 'change': 1}
2020-10-04 08:00:25,242 : EventManager : Event: ======'player_shot_soul_O'====== Args={'value': 1, 'prev_value': 0, 'change': 1, 'player_num': 1}
2020-10-04 08:00:25,242 : EventManager : Event: ======'machine_var_audits_shots_soul_O'====== Args={'value': 76, 'prev_value': 75, 'change': 1}
2020-10-04 08:00:25,243 : EventManager : Event: ======'player_score'====== Args={'value': 13300, 'prev_value': 13200, 'change': 100, 'player_num': 1}
2020-10-04 08:00:27,629 : EventManager : Event: ======'machine_var_audits_switches_s_soul_U'====== Args={'value': 76, 'prev_value': 75, 'change': 1}
2020-10-04 08:00:27,631 : EventManager : Event: ======'player_shot_soul_U'====== Args={'value': 1, 'prev_value': 0, 'change': 1, 'player_num': 1}
2020-10-04 08:00:27,647 : EventManager : Event: ======'machine_var_audits_shots_soul_U'====== Args={'value': 76, 'prev_value': 75, 'change': 1}
2020-10-04 08:00:27,647 : EventManager : Event: ======'player_score'====== Args={'value': 13400, 'prev_value': 13300, 'change': 100, 'player_num': 1}
2020-10-04 08:00:27,648 : EventManager : Event: ======'player_score'====== Args={'value': 14400, 'prev_value': 13400, 'change': 1000, 'player_num': 1}
2020-10-04 08:00:28,669 : EventManager : Event: ======'machine_var_audits_switches_s_soul_S'====== Args={'value': 87, 'prev_value': 86, 'change': 1}
2020-10-04 08:00:28,670 : EventManager : Event: ======'machine_var_audits_shots_soul_S'====== Args={'value': 87, 'prev_value': 86, 'change': 1}
2020-10-04 08:00:28,670 : EventManager : Event: ======'player_score'====== Args={'value': 14500, 'prev_value': 14400, 'change': 100, 'player_num': 1}
2020-10-04 08:00:28,726 : EventManager : Event: ======'player_shot_soul_S'====== Args={'value': 0, 'prev_value': 1, 'change': -1, 'player_num': 1}
2020-10-04 08:00:28,726 : EventManager : Event: ======'player_shot_soul_O'====== Args={'value': 0, 'prev_value': 1, 'change': -1, 'player_num': 1}
2020-10-04 08:00:28,726 : EventManager : Event: ======'player_shot_soul_U'====== Args={'value': 0, 'prev_value': 1, 'change': -1, 'player_num': 1}
2020-10-04 08:00:28,727 : EventManager : Event: ======'player_shot_soul_L'====== Args={'value': 0, 'prev_value': 1, 'change': -1, 'player_num': 1}
2020-10-04 08:00:29,685 : EventManager : Event: ======'machine_var_audits_switches_s_soul_O'====== Args={'value': 82, 'prev_value': 81, 'change': 1}
2020-10-04 08:00:29,685 : EventManager : Event: ======'player_shot_soul_O'====== Args={'value': 1, 'prev_value': 0, 'change': 1, 'player_num': 1}
2020-10-04 08:00:29,685 : EventManager : Event: ======'machine_var_audits_shots_soul_O'====== Args={'value': 77, 'prev_value': 76, 'change': 1}
2020-10-04 08:00:29,685 : EventManager : Event: ======'player_score'====== Args={'value': 14600, 'prev_value': 14500, 'change': 100, 'player_num': 1}
2020-10-04 08:00:30,322 : EventManager : Event: ======'machine_var_audits_switches_s_soul_U'====== Args={'value': 77, 'prev_value': 76, 'change': 1}
2020-10-04 08:00:30,322 : EventManager : Event: ======'player_shot_soul_U'====== Args={'value': 1, 'prev_value': 0, 'change': 1, 'player_num': 1}
2020-10-04 08:00:30,322 : EventManager : Event: ======'machine_var_audits_shots_soul_U'====== Args={'value': 77, 'prev_value': 76, 'change': 1}
2020-10-04 08:00:30,322 : EventManager : Event: ======'player_score'====== Args={'value': 14700, 'prev_value': 14600, 'change': 100, 'player_num': 1}
2020-10-04 08:00:32,442 : EventManager : Event: ======'machine_var_audits_switches_s_soul_L'====== Args={'value': 73, 'prev_value': 72, 'change': 1}
2020-10-04 08:00:32,442 : EventManager : Event: ======'player_shot_soul_L'====== Args={'value': 1, 'prev_value': 0, 'change': 1, 'player_num': 1}
2020-10-04 08:00:32,455 : EventManager : Event: ======'machine_var_audits_shots_soul_L'====== Args={'value': 72, 'prev_value': 71, 'change': 1}
2020-10-04 08:00:32,455 : EventManager : Event: ======'player_score'====== Args={'value': 14800, 'prev_value': 14700, 'change': 100, 'player_num': 1}
2020-10-04 08:00:34,572 : EventManager : Event: ======'machine_var_audits_switches_s_soul_S'====== Args={'value': 88, 'prev_value': 87, 'change': 1}
2020-10-04 08:00:34,572 : EventManager : Event: ======'player_shot_soul_S'====== Args={'value': 1, 'prev_value': 0, 'change': 1, 'player_num': 1}
2020-10-04 08:00:34,585 : EventManager : Event: ======'machine_var_audits_shots_soul_S'====== Args={'value': 88, 'prev_value': 87, 'change': 1}
2020-10-04 08:00:34,585 : EventManager : Event: ======'player_score'====== Args={'value': 14900, 'prev_value': 14800, 'change': 100, 'player_num': 1}
2020-10-04 08:00:34,595 : EventManager : Event: ======'player_score'====== Args={'value': 15900, 'prev_value': 14900, 'change': 1000, 'player_num': 1}
2020-10-04 08:00:35,620 : EventManager : Event: ======'player_shot_soul_S'====== Args={'value': 0, 'prev_value': 1, 'change': -1, 'player_num': 1}
2020-10-04 08:00:35,620 : EventManager : Event: ======'player_shot_soul_O'====== Args={'value': 0, 'prev_value': 1, 'change': -1, 'player_num': 1}
2020-10-04 08:00:35,620 : EventManager : Event: ======'player_shot_soul_U'====== Args={'value': 0, 'prev_value': 1, 'change': -1, 'player_num': 1}
2020-10-04 08:00:35,620 : EventManager : Event: ======'player_shot_soul_L'====== Args={'value': 0, 'prev_value': 1, 'change': -1, 'player_num': 1}
2020-10-04 08:00:36,166 : EventManager : Event: ======'machine_var_audits_switches_s_soul_S'====== Args={'value': 89, 'prev_value': 88, 'change': 1}
2020-10-04 08:00:36,166 : EventManager : Event: ======'player_shot_soul_S'====== Args={'value': 1, 'prev_value': 0, 'change': 1, 'player_num': 1}
2020-10-04 08:00:36,168 : EventManager : Event: ======'machine_var_audits_shots_soul_S'====== Args={'value': 89, 'prev_value': 88, 'change': 1}
2020-10-04 08:00:36,168 : EventManager : Event: ======'player_score'====== Args={'value': 16000, 'prev_value': 15900, 'change': 100, 'player_num': 1}
2020-10-04 08:00:38,670 : EventManager : Event: ======'machine_var_audits_switches_s_soul_S'====== Args={'value': 90, 'prev_value': 89, 'change': 1}
2020-10-04 08:00:38,683 : EventManager : Event: ======'machine_var_audits_shots_soul_S'====== Args={'value': 90, 'prev_value': 89, 'change': 1}
2020-10-04 08:00:38,683 : EventManager : Event: ======'player_score'====== Args={'value': 16100, 'prev_value': 16000, 'change': 100, 'player_num': 1}
2020-10-04 08:00:39,607 : EventManager : Event: ======'machine_var_audits_switches_s_soul_S'====== Args={'value': 91, 'prev_value': 90, 'change': 1}
2020-10-04 08:00:39,607 : EventManager : Event: ======'machine_var_audits_shots_soul_S'====== Args={'value': 91, 'prev_value': 90, 'change': 1}
2020-10-04 08:00:39,607 : EventManager : Event: ======'player_score'====== Args={'value': 16200, 'prev_value': 16100, 'change': 100, 'player_num': 1}
2020-10-04 08:00:40,213 : EventManager : Event: ======'machine_var_audits_switches_s_soul_O'====== Args={'value': 83, 'prev_value': 82, 'change': 1}
2020-10-04 08:00:40,213 : EventManager : Event: ======'player_shot_soul_O'====== Args={'value': 1, 'prev_value': 0, 'change': 1, 'player_num': 1}
2020-10-04 08:00:40,213 : EventManager : Event: ======'machine_var_audits_shots_soul_O'====== Args={'value': 78, 'prev_value': 77, 'change': 1}
2020-10-04 08:00:40,213 : EventManager : Event: ======'player_score'====== Args={'value': 16300, 'prev_value': 16200, 'change': 100, 'player_num': 1}
2020-10-04 08:00:40,972 : EventManager : Event: ======'machine_var_audits_switches_s_soul_U'====== Args={'value': 78, 'prev_value': 77, 'change': 1}
2020-10-04 08:00:40,973 : EventManager : Event: ======'player_shot_soul_U'====== Args={'value': 1, 'prev_value': 0, 'change': 1, 'player_num': 1}
2020-10-04 08:00:40,973 : EventManager : Event: ======'machine_var_audits_shots_soul_U'====== Args={'value': 78, 'prev_value': 77, 'change': 1}
2020-10-04 08:00:40,973 : EventManager : Event: ======'player_score'====== Args={'value': 16400, 'prev_value': 16300, 'change': 100, 'player_num': 1}
2020-10-04 08:00:42,749 : EventManager : Event: ======'machine_var_audits_switches_s_soul_L'====== Args={'value': 74, 'prev_value': 73, 'change': 1}
2020-10-04 08:00:42,750 : EventManager : Event: ======'player_shot_soul_L'====== Args={'value': 1, 'prev_value': 0, 'change': 1, 'player_num': 1}
2020-10-04 08:00:42,751 : EventManager : Event: ======'machine_var_audits_shots_soul_L'====== Args={'value': 73, 'prev_value': 72, 'change': 1}
2020-10-04 08:00:42,751 : EventManager : Event: ======'player_score'====== Args={'value': 16500, 'prev_value': 16400, 'change': 100, 'player_num': 1}
2020-10-04 08:00:42,751 : EventManager : Event: ======'player_score'====== Args={'value': 17500, 'prev_value': 16500, 'change': 1000, 'player_num': 1}
2020-10-04 08:00:43,756 : EventManager : Event: ======'player_shot_soul_S'====== Args={'value': 0, 'prev_value': 1, 'change': -1, 'player_num': 1}
2020-10-04 08:00:43,756 : EventManager : Event: ======'player_shot_soul_O'====== Args={'value': 0, 'prev_value': 1, 'change': -1, 'player_num': 1}
2020-10-04 08:00:43,757 : EventManager : Event: ======'player_shot_soul_U'====== Args={'value': 0, 'prev_value': 1, 'change': -1, 'player_num': 1}
2020-10-04 08:00:43,768 : EventManager : Event: ======'player_shot_soul_L'====== Args={'value': 0, 'prev_value': 1, 'change': -1, 'player_num': 1}
2020-10-04 08:00:46,361 : kivy : Base: Leaving application in progress...
2020-10-04 08:00:46,695 : kivy : WindowSDL: exiting mainloop and closing.
2020-10-04 08:00:46,726 : mpfmc : Stopping...
2020-10-04 08:00:46,726 : EventManager : Event: ======'shutdown'====== Args={}
2020-10-04 08:00:46,726 : mpfmc : Loop rate 70.04 Hz
2020-10-04 08:00:46,726 : kivy : MC run loop ended.
2020-10-04 08:00:46,726 : kivy : Stopping child threads... (3 remaining)
2020-10-04 08:00:46,726 : MPF-MC BCP Server : Stopping BCP sending thread
2020-10-04 08:00:47,479 : mpfmc : Stopping...
2020-10-04 08:00:47,479 : EventManager : Event: ======'shutdown'====== Args={}
2020-10-04 08:00:47,479 : mpfmc : Loop rate 69.39 Hz
2020-10-04 08:00:47,510 : kivy : All child threads stopped.
