2020-10-05 07:58:16,251 : INFO : root : Loading config.
2020-10-05 07:58:16,267 : INFO : YamlMultifileConfigLoader : Machine config file #1: config.yaml
2020-10-05 07:58:16,267 : INFO : ConfigProcessor : Loading config from cache: C:\Users\themi\AppData\Local\Temp\2b6ef079982d662fef43bd5e7e2d4708.mpf_cache
2020-10-05 07:58:16,470 : INFO : ConfigProcessor : Loading config from cache: C:\Users\themi\AppData\Local\Temp\89b9c5cb952cce9fc74d723399719cc6.mpf_cache
2020-10-05 07:58:16,485 : INFO : ConfigProcessor : Loading config from cache: C:\Users\themi\AppData\Local\Temp\4fcecb70f81c3c2fefb8e65ae9a0af5f.mpf_cache
2020-10-05 07:58:16,485 : WARNING : ConfigProcessor : Config file in cache changed: c:\GitHub\Cuphead\modes\base\config\base.yaml
2020-10-05 07:58:16,485 : INFO : ConfigProcessor : Loading config from file c:\GitHub\Cuphead\modes\base\config\base.yaml.
2020-10-05 07:58:16,579 : INFO : ConfigProcessor : Loading config: c:\GitHub\Cuphead\modes\base\config\base.yaml
2020-10-05 07:58:16,579 : INFO : ConfigProcessor : Config file cache created: C:\Users\themi\AppData\Local\Temp\5820a65357aa32f3082a694bbd0b1b93.mpf_cache
2020-10-05 07:58:16,579 : WARNING : ConfigProcessor : Config file in cache changed: c:\GitHub\Cuphead\modes\soulLanes\config\soulLanes.yaml
2020-10-05 07:58:16,579 : INFO : ConfigProcessor : Loading config from file c:\GitHub\Cuphead\modes\soulLanes\config\soulLanes.yaml.
2020-10-05 07:58:16,610 : INFO : ConfigProcessor : Loading config: c:\GitHub\Cuphead\modes\soulLanes\config\soulLanes.yaml
2020-10-05 07:58:16,626 : INFO : ConfigProcessor : Config file cache created: C:\Users\themi\AppData\Local\Temp\2f1df67e0c6599f893aeb5468bc976f9.mpf_cache
2020-10-05 07:58:16,626 : INFO : ConfigProcessor : Loading config from cache: C:\Users\themi\AppData\Local\Temp\893c92602cb79b5461df4ae912d665e0.mpf_cache
2020-10-05 07:58:16,626 : INFO : ConfigProcessor : Loading config from cache: C:\Users\themi\AppData\Local\Temp\15cb35af48ef2b73a1399ecc64f542cf.mpf_cache
2020-10-05 07:58:16,626 : INFO : ConfigProcessor : Loading config from cache: C:\Users\themi\AppData\Local\Temp\8f78dc3447c1c9fe6775dbe5408c12e9.mpf_cache
2020-10-05 07:58:16,643 : INFO : ConfigProcessor : Loading config from cache: C:\Users\themi\AppData\Local\Temp\459e0fbd95aa261661d4ec522fde7178.mpf_cache
2020-10-05 07:58:16,644 : INFO : ConfigProcessor : Loading config from cache: C:\Users\themi\AppData\Local\Temp\bc011c11c9e34bbd89eedfa08565ed62.mpf_cache
2020-10-05 07:58:16,645 : INFO : ConfigProcessor : Loading config from cache: C:\Users\themi\AppData\Local\Temp\6f009ec52b9ccf4b89f291e4051b3241.mpf_cache
2020-10-05 07:58:16,646 : INFO : ConfigProcessor : Loading config from cache: C:\Users\themi\AppData\Local\Temp\c2ce7139d0aaca9aa552320269b3f50d.mpf_cache
2020-10-05 07:58:16,648 : INFO : ConfigProcessor : Loading config from cache: C:\Users\themi\AppData\Local\Temp\2b7bf9166be80f4b554569a332b23de4.mpf_cache
2020-10-05 07:58:16,649 : INFO : ConfigProcessor : Loading config from cache: C:\Users\themi\AppData\Local\Temp\c546e3aedc6779039624162d0203f540.mpf_cache
2020-10-05 07:58:16,651 : INFO : ConfigProcessor : Loading config from cache: C:\Users\themi\AppData\Local\Temp\abdfe7fa7b37a4a193490f565dc0597d.mpf_cache
2020-10-05 07:58:16,652 : INFO : ConfigProcessor : Loading config from cache: C:\Users\themi\AppData\Local\Temp\4342b421d288ce5a4483067739b72cdd.mpf_cache
2020-10-05 07:58:16,653 : INFO : ConfigProcessor : Loading config from cache: C:\Users\themi\AppData\Local\Temp\368aa16bb3be9e41d99a527245060f83.mpf_cache
2020-10-05 07:58:16,654 : INFO : ConfigProcessor : Loading config from cache: C:\Users\themi\AppData\Local\Temp\d0e012eb2507157abb0bb72425aaf5b2.mpf_cache
2020-10-05 07:58:16,655 : INFO : ConfigProcessor : Loading config from cache: C:\Users\themi\AppData\Local\Temp\0f1b51b912b71211c13fe22b9a37b50a.mpf_cache
2020-10-05 07:58:16,657 : INFO : ConfigProcessor : Loading config from cache: C:\Users\themi\AppData\Local\Temp\10ee2574e78165e598e7a995071a74cc.mpf_cache
2020-10-05 07:58:16,657 : INFO : ConfigProcessor : Loading config from cache: C:\Users\themi\AppData\Local\Temp\a266cad92e011305e896e67dddfd4a6c.mpf_cache
2020-10-05 07:58:16,657 : INFO : ConfigProcessor : Loading config from cache: C:\Users\themi\AppData\Local\Temp\7ee3e0eba3dedef43a01da4ffa491384.mpf_cache
2020-10-05 07:58:16,657 : INFO : ConfigProcessor : Loading config from cache: C:\Users\themi\AppData\Local\Temp\13fd6d25ddf06daef684ee2be33938b7.mpf_cache
2020-10-05 07:58:16,657 : INFO : Machine : Mission Pinball Framework Core Engine v0.54.0-dev.72
2020-10-05 07:58:16,657 : INFO : Machine : Command line arguments: {'no_load_cache': False, 'create_config_cache': True, 'bcp': True, 'configfile': ['config.yaml'], 'force_assets_load': False, 'jsonlogging': False, 'logfile': 'logs\\2020-10-05-07-58-16-mpf-LAPTOP-C39PEUFD.log', 'pause': False, 'production': False, 'text_ui': True, 'loglevel': 15, 'consoleloglevel': 20, 'force_platform': 'smart_virtual', 'syslog_address': None, 'mc_file_name': None, 'no_sound': False}
2020-10-05 07:58:16,657 : INFO : Machine : MPF path: c:\users\themi\appdata\local\programs\python\python36\lib\site-packages\mpf
2020-10-05 07:58:16,657 : INFO : Machine : Machine path: c:\GitHub\Cuphead
2020-10-05 07:58:16,657 : INFO : Machine : Platform: win32
2020-10-05 07:58:16,657 : INFO : Machine : Python executable location: c:\users\themi\appdata\local\programs\python\python36\python.exe
2020-10-05 07:58:16,657 : INFO : Machine : Python version: 3.6.4 (64-bit)
2020-10-05 07:58:16,657 : INFO : Machine : Initialise MPF.
2020-10-05 07:58:17,345 : INFO : EventManager : Event: ======'machine_var_credits_string'====== Args={'value': 'FREE PLAY', 'prev_value': None, 'change': True}
2020-10-05 07:58:17,454 : INFO : EventManager : Event: ======'machine_var_player1_score'====== Args={'value': 8110, 'prev_value': None, 'change': True}
2020-10-05 07:58:17,454 : INFO : EventManager : Event: ======'machine_var_mpf_version'====== Args={'value': 'MPF v0.54.0-dev.72', 'prev_value': None, 'change': True}
2020-10-05 07:58:17,454 : INFO : EventManager : Event: ======'machine_var_mpf_extended_version'====== Args={'value': 'MPF v0.54.0-dev.72, Config version:5, Show version: 5, BCP version:1.1', 'prev_value': None, 'change': True}
2020-10-05 07:58:17,454 : INFO : EventManager : Event: ======'machine_var_python_version'====== Args={'value': '3.6.4', 'prev_value': None, 'change': True}
2020-10-05 07:58:17,454 : INFO : EventManager : Event: ======'machine_var_platform'====== Args={'value': 'Windows-10-10.0.18362-SP0', 'prev_value': None, 'change': True}
2020-10-05 07:58:17,454 : INFO : EventManager : Event: ======'machine_var_platform_system'====== Args={'value': 'Windows', 'prev_value': None, 'change': True}
2020-10-05 07:58:17,454 : INFO : EventManager : Event: ======'machine_var_platform_release'====== Args={'value': '10', 'prev_value': None, 'change': True}
2020-10-05 07:58:17,454 : INFO : EventManager : Event: ======'machine_var_platform_version'====== Args={'value': '10.0.18362', 'prev_value': None, 'change': True}
2020-10-05 07:58:17,454 : INFO : EventManager : Event: ======'machine_var_platform_machine'====== Args={'value': 'AMD64', 'prev_value': None, 'change': True}
2020-10-05 07:58:17,454 : INFO : EventManager : Event: ======'init_phase_1'====== Args={}
2020-10-05 07:58:17,595 : INFO : EventManager : Event: ======'drop_target_bank_cup_bank_up'====== Args={}
2020-10-05 07:58:17,595 : INFO : EventManager : Event: ======'drop_target_bank_mug_bank_up'====== Args={}
2020-10-05 07:58:17,595 : INFO : EventManager : Event: ======'init_phase_2'====== Args={}
2020-10-05 07:58:17,595 : INFO : SwitchController : Found active switch: ('2', <Platform.SmartVirtual>)
2020-10-05 07:58:17,595 : INFO : SwitchController : Found active switch: ('3', <Platform.SmartVirtual>)
2020-10-05 07:58:17,611 : INFO : EventManager : Event: ======'bcp_connection_attempt'====== Args={'name': 'local_display', 'host': 'localhost', 'port': 5050}
2020-10-05 07:58:17,611 : INFO : BCPClientSocket : Connecting BCP to 'local_display' at localhost:5050...
2020-10-05 07:59:33,857 : INFO : BCPClientSocket : Connected BCP to 'local_display' localhost:5050
2020-10-05 07:59:33,858 : INFO : EventManager : Event: ======'bcp_clients_connected'====== Args={}
2020-10-05 07:59:33,905 : INFO : EventManager : Event: ======'machine_var_mc_version'====== Args={'value': 'MPF-MC v0.54.0-dev.20', 'prev_value': None, 'change': True}
2020-10-05 07:59:33,906 : INFO : EventManager : Event: ======'machine_var_mc_extended_version'====== Args={'value': 'MPF-MC v0.54.0-dev.20 (config_version=5, BCP v1.1, Requires MPF v0.54.0-dev.68)', 'prev_value': None, 'change': True}
2020-10-05 07:59:33,925 : INFO : EventManager : Event: ======'machine_var_master_volume'====== Args={'value': 0.5, 'prev_value': None, 'change': True}
2020-10-05 07:59:33,926 : INFO : ball_device.bd_trough : State: idle
2020-10-05 07:59:33,952 : INFO : ball_device.bd_plunger : State: idle
2020-10-05 07:59:34,101 : INFO : EventManager : Event: ======'init_phase_3'====== Args={}
2020-10-05 07:59:34,131 : INFO : EventManager : Event: ======'init_phase_4'====== Args={}
2020-10-05 07:59:34,135 : INFO : EventManager : Event: ======'machine_var_audits_events_game_ended'====== Args={'value': 21, 'prev_value': None, 'change': True}
2020-10-05 07:59:34,136 : INFO : EventManager : Event: ======'machine_var_audits_events_game_started'====== Args={'value': 40, 'prev_value': None, 'change': True}
2020-10-05 07:59:34,142 : INFO : EventManager : Event: ======'machine_var_audits_player_score'====== Args={'value': {'average': 530.4761904761905, 'top': [2970, 1300, 1220, 980, 880, 780, 720, 710, 630, 590], 'total': 21}, 'prev_value': None, 'change': True}
2020-10-05 07:59:34,143 : INFO : EventManager : Event: ======'machine_var_audits_shots_soul_L'====== Args={'value': 217, 'prev_value': None, 'change': True}
2020-10-05 07:59:34,144 : INFO : EventManager : Event: ======'machine_var_audits_shots_soul_O'====== Args={'value': 224, 'prev_value': None, 'change': True}
2020-10-05 07:59:34,145 : INFO : EventManager : Event: ======'machine_var_audits_shots_soul_S'====== Args={'value': 256, 'prev_value': None, 'change': True}
2020-10-05 07:59:34,146 : INFO : EventManager : Event: ======'machine_var_audits_shots_soul_U'====== Args={'value': 220, 'prev_value': None, 'change': True}
2020-10-05 07:59:34,146 : INFO : EventManager : Event: ======'machine_var_audits_switches_s_coin'====== Args={'value': 20, 'prev_value': None, 'change': True}
2020-10-05 07:59:34,148 : INFO : EventManager : Event: ======'machine_var_audits_switches_s_dash_L'====== Args={'value': 0, 'prev_value': None, 'change': True}
2020-10-05 07:59:34,149 : INFO : EventManager : Event: ======'machine_var_audits_switches_s_dash_R'====== Args={'value': 0, 'prev_value': None, 'change': True}
2020-10-05 07:59:34,149 : INFO : EventManager : Event: ======'machine_var_audits_switches_s_dtSling_L'====== Args={'value': 0, 'prev_value': None, 'change': True}
2020-10-05 07:59:34,150 : INFO : EventManager : Event: ======'machine_var_audits_switches_s_dtSling_R'====== Args={'value': 0, 'prev_value': None, 'change': True}
2020-10-05 07:59:34,151 : INFO : EventManager : Event: ======'machine_var_audits_switches_s_dt_C'====== Args={'value': 76, 'prev_value': None, 'change': True}
2020-10-05 07:59:34,152 : INFO : EventManager : Event: ======'machine_var_audits_switches_s_dt_G'====== Args={'value': 25, 'prev_value': None, 'change': True}
2020-10-05 07:59:34,152 : INFO : EventManager : Event: ======'machine_var_audits_switches_s_dt_M'====== Args={'value': 23, 'prev_value': None, 'change': True}
2020-10-05 07:59:34,154 : INFO : EventManager : Event: ======'machine_var_audits_switches_s_dt_P'====== Args={'value': 59, 'prev_value': None, 'change': True}
2020-10-05 07:59:34,157 : INFO : EventManager : Event: ======'machine_var_audits_switches_s_dt_U'====== Args={'value': 67, 'prev_value': None, 'change': True}
2020-10-05 07:59:34,158 : INFO : EventManager : Event: ======'machine_var_audits_switches_s_dt_U2'====== Args={'value': 23, 'prev_value': None, 'change': True}
2020-10-05 07:59:34,159 : INFO : EventManager : Event: ======'machine_var_audits_switches_s_exit_shooter_lane'====== Args={'value': 357, 'prev_value': None, 'change': True}
2020-10-05 07:59:34,160 : INFO : EventManager : Event: ======'machine_var_audits_switches_s_inLane_L'====== Args={'value': 0, 'prev_value': None, 'change': True}
2020-10-05 07:59:34,160 : INFO : EventManager : Event: ======'machine_var_audits_switches_s_inLane_R'====== Args={'value': 0, 'prev_value': None, 'change': True}
2020-10-05 07:59:34,161 : INFO : EventManager : Event: ======'machine_var_audits_switches_s_kicker'====== Args={'value': 0, 'prev_value': None, 'change': True}
2020-10-05 07:59:34,162 : INFO : EventManager : Event: ======'machine_var_audits_switches_s_left_flipper'====== Args={'value': 151, 'prev_value': None, 'change': True}
2020-10-05 07:59:34,163 : INFO : EventManager : Event: ======'machine_var_audits_switches_s_midRight'====== Args={'value': 0, 'prev_value': None, 'change': True}
2020-10-05 07:59:34,164 : INFO : EventManager : Event: ======'machine_var_audits_switches_s_outLane_L'====== Args={'value': 0, 'prev_value': None, 'change': True}
2020-10-05 07:59:34,165 : INFO : EventManager : Event: ======'machine_var_audits_switches_s_outLane_R'====== Args={'value': 0, 'prev_value': None, 'change': True}
2020-10-05 07:59:34,166 : INFO : EventManager : Event: ======'machine_var_audits_switches_s_perdition'====== Args={'value': 0, 'prev_value': None, 'change': True}
2020-10-05 07:59:34,166 : INFO : EventManager : Event: ======'machine_var_audits_switches_s_playfield'====== Args={'value': 0, 'prev_value': None, 'change': True}
2020-10-05 07:59:34,167 : INFO : EventManager : Event: ======'machine_var_audits_switches_s_plunger'====== Args={'value': 573, 'prev_value': None, 'change': True}
2020-10-05 07:59:34,168 : INFO : EventManager : Event: ======'machine_var_audits_switches_s_popBumper_1'====== Args={'value': 464, 'prev_value': None, 'change': True}
2020-10-05 07:59:34,169 : INFO : EventManager : Event: ======'machine_var_audits_switches_s_popBumper_2'====== Args={'value': 440, 'prev_value': None, 'change': True}
2020-10-05 07:59:34,173 : INFO : EventManager : Event: ======'machine_var_audits_switches_s_popBumper_3'====== Args={'value': 164, 'prev_value': None, 'change': True}
2020-10-05 07:59:34,174 : INFO : EventManager : Event: ======'machine_var_audits_switches_s_pop_bumper1'====== Args={'value': 120, 'prev_value': None, 'change': True}
2020-10-05 07:59:34,175 : INFO : EventManager : Event: ======'machine_var_audits_switches_s_pop_bumper2'====== Args={'value': 153, 'prev_value': None, 'change': True}
2020-10-05 07:59:34,176 : INFO : EventManager : Event: ======'machine_var_audits_switches_s_pop_bumper3'====== Args={'value': 100, 'prev_value': None, 'change': True}
2020-10-05 07:59:34,177 : INFO : EventManager : Event: ======'machine_var_audits_switches_s_right_flipper'====== Args={'value': 217, 'prev_value': None, 'change': True}
2020-10-05 07:59:34,180 : INFO : EventManager : Event: ======'machine_var_audits_switches_s_sling_L'====== Args={'value': 0, 'prev_value': None, 'change': True}
2020-10-05 07:59:34,181 : INFO : EventManager : Event: ======'machine_var_audits_switches_s_sling_R'====== Args={'value': 0, 'prev_value': None, 'change': True}
2020-10-05 07:59:34,181 : INFO : EventManager : Event: ======'machine_var_audits_switches_s_soul_L'====== Args={'value': 218, 'prev_value': None, 'change': True}
2020-10-05 07:59:34,182 : INFO : EventManager : Event: ======'machine_var_audits_switches_s_soul_O'====== Args={'value': 229, 'prev_value': None, 'change': True}
2020-10-05 07:59:34,183 : INFO : EventManager : Event: ======'machine_var_audits_switches_s_soul_S'====== Args={'value': 256, 'prev_value': None, 'change': True}
2020-10-05 07:59:34,184 : INFO : EventManager : Event: ======'machine_var_audits_switches_s_soul_U'====== Args={'value': 220, 'prev_value': None, 'change': True}
2020-10-05 07:59:34,190 : INFO : EventManager : Event: ======'machine_var_audits_switches_s_standUp_1'====== Args={'value': 0, 'prev_value': None, 'change': True}
2020-10-05 07:59:34,191 : INFO : EventManager : Event: ======'machine_var_audits_switches_s_standUp_2'====== Args={'value': 0, 'prev_value': None, 'change': True}
2020-10-05 07:59:34,192 : INFO : EventManager : Event: ======'machine_var_audits_switches_s_standUp_3'====== Args={'value': 0, 'prev_value': None, 'change': True}
2020-10-05 07:59:34,194 : INFO : EventManager : Event: ======'machine_var_audits_switches_s_standUp_R'====== Args={'value': 0, 'prev_value': None, 'change': True}
2020-10-05 07:59:34,195 : INFO : EventManager : Event: ======'machine_var_audits_switches_s_star_1'====== Args={'value': 0, 'prev_value': None, 'change': True}
2020-10-05 07:59:34,196 : INFO : EventManager : Event: ======'machine_var_audits_switches_s_star_2'====== Args={'value': 0, 'prev_value': None, 'change': True}
2020-10-05 07:59:34,197 : INFO : EventManager : Event: ======'machine_var_audits_switches_s_star_3'====== Args={'value': 0, 'prev_value': None, 'change': True}
2020-10-05 07:59:34,198 : INFO : EventManager : Event: ======'machine_var_audits_switches_s_start'====== Args={'value': 68, 'prev_value': None, 'change': True}
2020-10-05 07:59:34,199 : INFO : EventManager : Event: ======'machine_var_audits_switches_s_tilt'====== Args={'value': 0, 'prev_value': None, 'change': True}
2020-10-05 07:59:34,200 : INFO : EventManager : Event: ======'machine_var_audits_switches_s_trough1'====== Args={'value': 513, 'prev_value': None, 'change': True}
2020-10-05 07:59:34,202 : INFO : EventManager : Event: ======'machine_var_audits_switches_s_trough2'====== Args={'value': 72, 'prev_value': None, 'change': True}
2020-10-05 07:59:34,203 : INFO : EventManager : Event: ======'machine_var_audits_switches_s_trough_jam'====== Args={'value': 13, 'prev_value': None, 'change': True}
2020-10-05 07:59:34,206 : INFO : EventManager : Event: ======'init_phase_5'====== Args={}
2020-10-05 07:59:34,246 : INFO : EventManager : Event: ======'init_done'====== Args={}
2020-10-05 07:59:34,259 : INFO : EventManager : Event: ======'machine_reset_phase_1'====== Args={}
2020-10-05 07:59:34,259 : INFO : BcpServer : New client connected.
2020-10-05 07:59:34,295 : INFO : EventManager : Event: ======'slide_welcome_slide_removed'====== Args={'_from_bcp': True}
2020-10-05 07:59:34,301 : INFO : EventManager : Event: ======'slide_welcome_slide_created'====== Args={'_from_bcp': True}
2020-10-05 07:59:34,311 : INFO : EventManager : Event: ======'slide_welcome_slide_active'====== Args={'_from_bcp': True}
2020-10-05 07:59:34,330 : INFO : EventManager : Event: ======'machine_reset_phase_2'====== Args={}
2020-10-05 07:59:34,333 : INFO : EventManager : Event: ======'machine_reset_phase_3'====== Args={}
2020-10-05 07:59:34,334 : INFO : drop_target_bank.cup_bank : All targets are already up. Will not reset bank.
2020-10-05 07:59:34,334 : INFO : drop_target_bank.mug_bank : All targets are already up. Will not reset bank.
2020-10-05 07:59:34,335 : INFO : EventManager : Event: ======'reset_complete'====== Args={}
2020-10-05 07:59:34,336 : INFO : EventManager : Event: ======'mode_attract_will_start'====== Args={}
2020-10-05 07:59:34,340 : INFO : EventManager : Event: ======'mode_attract_starting'====== Args={}
2020-10-05 07:59:34,341 : INFO : Mode.attract : Started. Priority: 10
2020-10-05 07:59:34,341 : INFO : EventManager : Event: ======'modes_active_modes_changed'====== Args={}
2020-10-05 07:59:34,342 : INFO : EventManager : Event: ======'mode_attract_started'====== Args={}
2020-10-05 07:59:34,345 : INFO : EventManager : Event: ======'collecting_balls_complete'====== Args={}
2020-10-05 07:59:34,411 : INFO : EventManager : Event: ======'slide_awesome_slide_created'====== Args={'_from_bcp': True}
2020-10-05 07:59:34,412 : INFO : Machine : Starting the main run loop.
2020-10-05 07:59:34,422 : INFO : EventManager : Event: ======'slide_awesome_slide_active'====== Args={'_from_bcp': True}
2020-10-05 07:59:37,367 : INFO : EventManager : Event: ======'slide_press_start_created'====== Args={'_from_bcp': True}
2020-10-05 07:59:37,373 : INFO : EventManager : Event: ======'slide_press_start_active'====== Args={'_from_bcp': True}
2020-10-05 07:59:39,597 : INFO : Machine : Shutting down...
2020-10-05 07:59:39,597 : INFO : EventManager : Event: ======'shutdown'====== Args={}
2020-10-05 07:59:39,609 : INFO : root : MPF run loop ended.
