2020-10-04 08:49:52,405 : kivy : Factory: 184 symbols loaded
2020-10-04 08:49:52,849 : kivy : ImageLoaderFFPy: Using ffpyplayer 4.3.1
2020-10-04 08:49:52,851 : kivy : Image: Providers: img_tex, img_dds, img_sdl2, img_pil, img_ffpyplayer, img_gif 
2020-10-04 08:49:52,973 : kivy : VideoGstplayer: Using Gstreamer 1.16.0.0
2020-10-04 08:49:52,974 : kivy : Video: Provider: gstplayer
2020-10-04 08:49:53,215 : kivy : Loading MPF-MC controller
2020-10-04 08:49:53,226 : YamlMultifileConfigLoader : Machine config file #1: config
2020-10-04 08:49:53,226 : ConfigProcessor : Config file in cache changed: c:\Pinball\Cuphead\config\config
2020-10-04 08:49:53,228 : ConfigProcessor : Loading config from file c:\users\themi\appdata\local\programs\python\python36\lib\site-packages\mpfmc\mcconfig.yaml.
2020-10-04 08:49:53,308 : ConfigProcessor : Loading config: c:\users\themi\appdata\local\programs\python\python36\lib\site-packages\mpfmc\mcconfig.yaml
2020-10-04 08:49:53,309 : ConfigProcessor : Loading config from file c:\Pinball\Cuphead\config\config.
2020-10-04 08:49:53,329 : ConfigProcessor : Loading config: c:\Pinball\Cuphead\config\config
2020-10-04 08:49:53,341 : ConfigProcessor : Loading config: c:\Pinball\Cuphead\config\keyboard.yaml
2020-10-04 08:49:53,383 : ConfigProcessor : Loading config: c:\Pinball\Cuphead\config\hwSwitches.yaml
2020-10-04 08:49:53,471 : ConfigProcessor : Loading config: c:\Pinball\Cuphead\config\hwLights.yaml
2020-10-04 08:49:53,510 : ConfigProcessor : Loading config: c:\Pinball\Cuphead\config\hwCoils.yaml
2020-10-04 08:49:53,519 : ConfigProcessor : Config file cache created: C:\Users\themi\AppData\Local\Temp\1bf5539849bfae2fda5beb863cde560d.mpf_cache
2020-10-04 08:49:53,520 : ConfigProcessor : Loading config from cache: C:\Users\themi\AppData\Local\Temp\7964e52b22911e9b68a8022172b185f3.mpf_cache
2020-10-04 08:49:53,521 : ConfigProcessor : Loading config from cache: C:\Users\themi\AppData\Local\Temp\4fcecb70f81c3c2fefb8e65ae9a0af5f.mpf_cache
2020-10-04 08:49:53,522 : ConfigProcessor : Loading config from cache: C:\Users\themi\AppData\Local\Temp\b2a05f27b99f0404929b6678617f21a2.mpf_cache
2020-10-04 08:49:53,523 : ConfigProcessor : Loading config from cache: C:\Users\themi\AppData\Local\Temp\ee661b7bde9ac1aee26ef2e16bd36711.mpf_cache
2020-10-04 08:49:53,524 : mpfmc : Mission Pinball Framework Media Controller v0.54.0-dev.20
2020-10-04 08:49:53,524 : mpfmc : Mission Pinball Framework Game Engine v0.54.0-dev.72
2020-10-04 08:49:53,524 : mpfmc : Machine path: c:\Pinball\Cuphead
2020-10-04 08:49:53,524 : mpfmc : Starting clock at 60.0Hz
2020-10-04 08:49:53,551 : kivy : Text: Provider: sdl2
2020-10-04 08:49:53,617 : kivy : Window: Provider: sdl2
2020-10-04 08:49:54,177 : kivy : GL: Using the "OpenGL" graphics system
2020-10-04 08:49:54,181 : kivy : GL: GLEW initialization succeeded
2020-10-04 08:49:54,181 : kivy : GL: Backend used <glew>
2020-10-04 08:49:54,183 : kivy : GL: OpenGL version <b'4.5.14568 Compatibility Profile Context 24.20.12050.0'>
2020-10-04 08:49:54,183 : kivy : GL: OpenGL vendor <b'ATI Technologies Inc.'>
2020-10-04 08:49:54,184 : kivy : GL: OpenGL renderer <b'AMD Radeon(TM) R4 Graphics'>
2020-10-04 08:49:54,184 : kivy : GL: OpenGL parsed version: 4, 5
2020-10-04 08:49:54,185 : kivy : GL: Shading version <b'4.50'>
2020-10-04 08:49:54,185 : kivy : GL: Texture max size <16384>
2020-10-04 08:49:54,185 : kivy : GL: Texture max units <32>
2020-10-04 08:49:54,232 : kivy : Window: auto add sdl2 input provider
2020-10-04 08:49:54,232 : kivy : Window: virtual keyboard not allowed, single mode, not docked
2020-10-04 08:49:54,251 : SoundSystem : SoundSystem: Using default 'sound_system' settings
2020-10-04 08:49:54,970 : AudioInterface : Initialized
2020-10-04 08:49:54,971 : SoundSystem : No audio tracks are specified in your machine config file. a track named 'default' has been created.
2020-10-04 08:49:54,976 : kivy : Base: Start application main loop
2020-10-04 08:49:54,977 : EventManager : Event: ======'display_window_initialized'====== Args={}
2020-10-04 08:49:55,030 : mpfmc : Display: Setting 'window' as default display
2020-10-04 08:49:55,046 : EventManager : Event: ======'displays_initialized'====== Args={}
2020-10-04 08:49:55,048 : EventManager : Event: ======'slide_window_blank_created'====== Args={}
2020-10-04 08:49:55,048 : EventManager : Event: ======'display_window_ready'====== Args={}
2020-10-04 08:49:55,068 : EventManager : Event: ======'init_phase_1'====== Args={}
2020-10-04 08:49:55,076 : EventManager : Event: ======'mc_ready'====== Args={}
2020-10-04 08:49:55,076 : EventManager : Event: ======'init_phase_2'====== Args={}
2020-10-04 08:49:55,081 : EventManager : Event: ======'init_phase_3'====== Args={}
2020-10-04 08:49:55,082 : AssetManager : Registering Asset: attract_music, File: attract_music.ogg, Default Group: default, Final Config: {'load': 'preload', 'file': 'c:\\Pinball\\Cuphead\\modes\\attract\\sounds\\music\\attract_music.ogg'}
2020-10-04 08:49:55,086 : AssetManager : Registering Asset: cupHighScore, File: cupHighScore.ogg, Default Group: default, Final Config: {'load': 'preload', 'file': 'c:\\Pinball\\Cuphead\\modes\\base\\sounds\\music\\cupHighScore.ogg'}
2020-10-04 08:49:55,086 : AssetManager : Registering Asset: cupMusic1, File: cupMusic1.ogg, Default Group: default, Final Config: {'load': 'preload', 'target': 'music', 'loop': -1, 'mode_end_action': 'stop', 'file': 'c:\\Pinball\\Cuphead\\modes\\base\\sounds\\music\\cupMusic1.ogg'}
2020-10-04 08:49:55,086 : AssetManager : Registering Asset: cupMusic2, File: cupMusic2.ogg, Default Group: default, Final Config: {'load': 'preload', 'target': 'music', 'loop': -1, 'mode_end_action': 'stop', 'file': 'c:\\Pinball\\Cuphead\\modes\\base\\sounds\\music\\cupMusic2.ogg'}
2020-10-04 08:49:55,086 : AssetManager : Registering Asset: cupMusic3, File: cupMusic3.ogg, Default Group: default, Final Config: {'load': 'preload', 'target': 'music', 'loop': -1, 'mode_end_action': 'stop', 'file': 'c:\\Pinball\\Cuphead\\modes\\base\\sounds\\music\\cupMusic3.ogg'}
2020-10-04 08:49:55,086 : AssetManager : Registering Asset: cupMusic4, File: cupMusic4.ogg, Default Group: default, Final Config: {'load': 'preload', 'target': 'music', 'loop': -1, 'mode_end_action': 'stop', 'file': 'c:\\Pinball\\Cuphead\\modes\\base\\sounds\\music\\cupMusic4.ogg'}
2020-10-04 08:49:55,086 : AssetManager : Registering Asset: cupMusic5, File: cupMusic5.ogg, Default Group: default, Final Config: {'load': 'preload', 'file': 'c:\\Pinball\\Cuphead\\modes\\base\\sounds\\music\\cupMusic5.ogg'}
2020-10-04 08:49:55,086 : AssetManager : Registering Asset: cupMusic6, File: cupMusic6.ogg, Default Group: default, Final Config: {'load': 'preload', 'file': 'c:\\Pinball\\Cuphead\\modes\\base\\sounds\\music\\cupMusic6.ogg'}
2020-10-04 08:49:55,087 : AssetManager : Registering Asset: cupMusic7, File: cupMusic7.ogg, Default Group: default, Final Config: {'load': 'preload', 'file': 'c:\\Pinball\\Cuphead\\modes\\base\\sounds\\music\\cupMusic7.ogg'}
2020-10-04 08:49:55,087 : AssetManager : Registering Asset: cupMusic8, File: cupMusic8.ogg, Default Group: default, Final Config: {'load': 'preload', 'file': 'c:\\Pinball\\Cuphead\\modes\\base\\sounds\\music\\cupMusic8.ogg'}
2020-10-04 08:49:55,087 : AssetManager : Registering Asset: cupMusic9, File: cupMusic9.ogg, Default Group: default, Final Config: {'load': 'preload', 'file': 'c:\\Pinball\\Cuphead\\modes\\base\\sounds\\music\\cupMusic9.ogg'}
2020-10-04 08:49:55,087 : AssetManager : Registering Asset: game_play_1, File: game_play_1.ogg, Default Group: default, Final Config: {'load': 'preload', 'file': 'c:\\Pinball\\Cuphead\\modes\\base\\sounds\\music\\game_play_1.ogg'}
2020-10-04 08:49:55,088 : EventManager : Event: ======'init_phase_4'====== Args={}
2020-10-04 08:49:55,088 : EventManager : Event: ======'init_phase_5'====== Args={}
2020-10-04 08:49:56,707 : EventManager : Event: ======'loading_assets'====== Args={'total': 12, 'loaded': 1, 'remaining': 11, 'percent': 8}
2020-10-04 08:49:56,707 : AssetManager : Loading assets: 1/12 (8%)
2020-10-04 08:49:57,533 : EventManager : Event: ======'loading_assets'====== Args={'total': 12, 'loaded': 2, 'remaining': 10, 'percent': 17}
2020-10-04 08:49:57,533 : AssetManager : Loading assets: 2/12 (17%)
2020-10-04 08:49:58,791 : EventManager : Event: ======'loading_assets'====== Args={'total': 12, 'loaded': 4, 'remaining': 8, 'percent': 33}
2020-10-04 08:49:58,791 : AssetManager : Loading assets: 4/12 (33%)
2020-10-04 08:50:00,668 : EventManager : Event: ======'loading_assets'====== Args={'total': 12, 'loaded': 6, 'remaining': 6, 'percent': 50}
2020-10-04 08:50:00,669 : AssetManager : Loading assets: 6/12 (50%)
2020-10-04 08:50:02,361 : EventManager : Event: ======'loading_assets'====== Args={'total': 12, 'loaded': 8, 'remaining': 4, 'percent': 67}
2020-10-04 08:50:02,362 : AssetManager : Loading assets: 8/12 (67%)
2020-10-04 08:50:03,247 : EventManager : Event: ======'loading_assets'====== Args={'total': 12, 'loaded': 10, 'remaining': 2, 'percent': 83}
2020-10-04 08:50:03,933 : AssetManager : Loading assets: 10/12 (83%)
2020-10-04 08:50:04,482 : EventManager : Event: ======'loading_assets'====== Args={'total': 12, 'loaded': 12, 'remaining': 0, 'percent': 100}
2020-10-04 08:50:04,482 : AssetManager : Asset loading took: 9.509514331817627
2020-10-04 08:50:04,483 : EventManager : Event: ======'asset_loading_complete'====== Args={}
2020-10-04 08:50:04,483 : AssetManager : Loading assets: 12/12 (100%)
2020-10-04 08:50:04,483 : EventManager : Event: ======'init_done'====== Args={}
2020-10-04 08:50:04,483 : MPF-MC BCP Server : Starting up on localhost port 5050
2020-10-04 08:50:04,492 : MPF-MC BCP Server : Waiting for a connection...
2020-10-04 08:50:04,492 : mpfmc : SlidePlayer: Play called with settings={'slides': {welcome_slide-None-None: {'priority': None, 'target': None, 'background_color': [0.0, 0.0, 0.0, 1.0], 'show': True, 'force': False, 'expire': None, 'slide': None, 'tokens': {}, 'action': 'play', 'transition': None, 'transition_out': None}}}
2020-10-04 08:50:04,501 : kivy : GL: NPOT texture support is available
2020-10-04 08:50:04,502 : EventManager : Event: ======'slide_welcome_slide_created'====== Args={}
2020-10-04 08:50:04,504 : EventManager : Event: ======'slide_welcome_slide_active'====== Args={}
2020-10-04 08:50:04,511 : EventManager : Event: ======'client_disconnected'====== Args={'host': '127.0.0.1', 'port': 5050}
2020-10-04 08:50:04,862 : MPF-MC BCP Server : Received connection from: 127.0.0.1:51813
2020-10-04 08:50:04,872 : EventManager : Event: ======'client_connected'====== Args={'host': '127.0.0.1', 'port': 51813}
2020-10-04 08:50:04,885 : EventManager : Event: ======'machine_var_credits_string'====== Args={'value': 'FREE PLAY', 'prev_value': None, 'change': True}
2020-10-04 08:50:04,885 : EventManager : Event: ======'machine_var_player1_score'====== Args={'value': 8110, 'prev_value': None, 'change': True}
2020-10-04 08:50:04,886 : EventManager : Event: ======'machine_var_mpf_version'====== Args={'value': 'MPF v0.54.0-dev.72', 'prev_value': None, 'change': True}
2020-10-04 08:50:04,886 : EventManager : Event: ======'machine_var_mpf_extended_version'====== Args={'value': 'MPF v0.54.0-dev.72, Config version:5, Show version: 5, BCP version:1.1', 'prev_value': None, 'change': True}
2020-10-04 08:50:04,886 : EventManager : Event: ======'machine_var_python_version'====== Args={'value': '3.6.4', 'prev_value': None, 'change': True}
2020-10-04 08:50:04,886 : EventManager : Event: ======'machine_var_platform'====== Args={'value': 'Windows-10-10.0.18362-SP0', 'prev_value': None, 'change': True}
2020-10-04 08:50:04,888 : EventManager : Event: ======'machine_var_platform_system'====== Args={'value': 'Windows', 'prev_value': None, 'change': True}
2020-10-04 08:50:04,888 : EventManager : Event: ======'machine_var_platform_release'====== Args={'value': '10', 'prev_value': None, 'change': True}
2020-10-04 08:50:04,888 : EventManager : Event: ======'machine_var_platform_version'====== Args={'value': '10.0.18362', 'prev_value': None, 'change': True}
2020-10-04 08:50:04,888 : EventManager : Event: ======'machine_var_platform_machine'====== Args={'value': 'AMD64', 'prev_value': None, 'change': True}
2020-10-04 08:50:04,888 : EventManager : Event: ======'machine_var_mc_version'====== Args={'value': 'MPF-MC v0.54.0-dev.20', 'prev_value': None, 'change': True}
2020-10-04 08:50:04,889 : EventManager : Event: ======'machine_var_mc_extended_version'====== Args={'value': 'MPF-MC v0.54.0-dev.20 (config_version=5, BCP v1.1, Requires MPF v0.54.0-dev.68)', 'prev_value': None, 'change': True}
2020-10-04 08:50:04,889 : EventManager : Event: ======'machine_var_master_volume'====== Args={'value': 0.5, 'prev_value': None, 'change': True}
2020-10-04 08:50:04,995 : EventManager : Event: ======'machine_var_audits_events_game_ended'====== Args={'value': 21, 'prev_value': None, 'change': True}
2020-10-04 08:50:04,995 : EventManager : Event: ======'machine_var_audits_events_game_started'====== Args={'value': 40, 'prev_value': None, 'change': True}
2020-10-04 08:50:04,995 : EventManager : Event: ======'machine_var_audits_player_score'====== Args={'value': {'average': 530.4761904761905, 'top': [2970, 1300, 1220, 980, 880, 780, 720, 710, 630, 590], 'total': 21}, 'prev_value': None, 'change': True}
2020-10-04 08:50:04,996 : EventManager : Event: ======'machine_var_audits_shots_soul_L'====== Args={'value': 149, 'prev_value': None, 'change': True}
2020-10-04 08:50:04,996 : EventManager : Event: ======'machine_var_audits_shots_soul_O'====== Args={'value': 155, 'prev_value': None, 'change': True}
2020-10-04 08:50:04,996 : EventManager : Event: ======'machine_var_audits_shots_soul_S'====== Args={'value': 179, 'prev_value': None, 'change': True}
2020-10-04 08:50:04,997 : EventManager : Event: ======'machine_var_audits_shots_soul_U'====== Args={'value': 152, 'prev_value': None, 'change': True}
2020-10-04 08:50:04,997 : EventManager : Event: ======'machine_var_audits_switches_s_coin'====== Args={'value': 20, 'prev_value': None, 'change': True}
2020-10-04 08:50:04,998 : EventManager : Event: ======'machine_var_audits_switches_s_dash_L'====== Args={'value': 0, 'prev_value': None, 'change': True}
2020-10-04 08:50:04,998 : EventManager : Event: ======'machine_var_audits_switches_s_dash_R'====== Args={'value': 0, 'prev_value': None, 'change': True}
2020-10-04 08:50:04,999 : EventManager : Event: ======'machine_var_audits_switches_s_dtSling_L'====== Args={'value': 0, 'prev_value': None, 'change': True}
2020-10-04 08:50:04,999 : EventManager : Event: ======'machine_var_audits_switches_s_dtSling_R'====== Args={'value': 0, 'prev_value': None, 'change': True}
2020-10-04 08:50:04,999 : EventManager : Event: ======'machine_var_audits_switches_s_dt_C'====== Args={'value': 72, 'prev_value': None, 'change': True}
2020-10-04 08:50:05,000 : EventManager : Event: ======'machine_var_audits_switches_s_dt_G'====== Args={'value': 21, 'prev_value': None, 'change': True}
2020-10-04 08:50:05,000 : EventManager : Event: ======'machine_var_audits_switches_s_dt_M'====== Args={'value': 19, 'prev_value': None, 'change': True}
2020-10-04 08:50:05,000 : EventManager : Event: ======'machine_var_audits_switches_s_dt_P'====== Args={'value': 55, 'prev_value': None, 'change': True}
2020-10-04 08:50:05,001 : EventManager : Event: ======'machine_var_audits_switches_s_dt_U'====== Args={'value': 63, 'prev_value': None, 'change': True}
2020-10-04 08:50:05,001 : EventManager : Event: ======'machine_var_audits_switches_s_dt_U2'====== Args={'value': 19, 'prev_value': None, 'change': True}
2020-10-04 08:50:05,001 : EventManager : Event: ======'machine_var_audits_switches_s_exit_shooter_lane'====== Args={'value': 356, 'prev_value': None, 'change': True}
2020-10-04 08:50:05,002 : EventManager : Event: ======'machine_var_audits_switches_s_inLane_L'====== Args={'value': 0, 'prev_value': None, 'change': True}
2020-10-04 08:50:05,003 : EventManager : Event: ======'machine_var_audits_switches_s_inLane_R'====== Args={'value': 0, 'prev_value': None, 'change': True}
2020-10-04 08:50:05,003 : EventManager : Event: ======'machine_var_audits_switches_s_kicker'====== Args={'value': 0, 'prev_value': None, 'change': True}
2020-10-04 08:50:05,005 : EventManager : Event: ======'machine_var_audits_switches_s_left_flipper'====== Args={'value': 151, 'prev_value': None, 'change': True}
2020-10-04 08:50:05,005 : EventManager : Event: ======'machine_var_audits_switches_s_midRight'====== Args={'value': 0, 'prev_value': None, 'change': True}
2020-10-04 08:50:05,006 : EventManager : Event: ======'machine_var_audits_switches_s_outLane_L'====== Args={'value': 0, 'prev_value': None, 'change': True}
2020-10-04 08:50:05,006 : EventManager : Event: ======'machine_var_audits_switches_s_outLane_R'====== Args={'value': 0, 'prev_value': None, 'change': True}
2020-10-04 08:50:05,015 : EventManager : Event: ======'machine_var_audits_switches_s_perdition'====== Args={'value': 0, 'prev_value': None, 'change': True}
2020-10-04 08:50:05,015 : EventManager : Event: ======'machine_var_audits_switches_s_playfield'====== Args={'value': 0, 'prev_value': None, 'change': True}
2020-10-04 08:50:05,015 : EventManager : Event: ======'machine_var_audits_switches_s_plunger'====== Args={'value': 551, 'prev_value': None, 'change': True}
2020-10-04 08:50:05,015 : EventManager : Event: ======'machine_var_audits_switches_s_popBumper_1'====== Args={'value': 464, 'prev_value': None, 'change': True}
2020-10-04 08:50:05,016 : EventManager : Event: ======'machine_var_audits_switches_s_popBumper_2'====== Args={'value': 439, 'prev_value': None, 'change': True}
2020-10-04 08:50:05,016 : EventManager : Event: ======'machine_var_audits_switches_s_popBumper_3'====== Args={'value': 163, 'prev_value': None, 'change': True}
2020-10-04 08:50:05,016 : EventManager : Event: ======'machine_var_audits_switches_s_pop_bumper1'====== Args={'value': 120, 'prev_value': None, 'change': True}
2020-10-04 08:50:05,016 : EventManager : Event: ======'machine_var_audits_switches_s_pop_bumper2'====== Args={'value': 153, 'prev_value': None, 'change': True}
2020-10-04 08:50:05,016 : EventManager : Event: ======'machine_var_audits_switches_s_pop_bumper3'====== Args={'value': 100, 'prev_value': None, 'change': True}
2020-10-04 08:50:05,016 : EventManager : Event: ======'machine_var_audits_switches_s_right_flipper'====== Args={'value': 216, 'prev_value': None, 'change': True}
2020-10-04 08:50:05,027 : EventManager : Event: ======'machine_var_audits_switches_s_sling_L'====== Args={'value': 0, 'prev_value': None, 'change': True}
2020-10-04 08:50:05,027 : EventManager : Event: ======'machine_var_audits_switches_s_sling_R'====== Args={'value': 0, 'prev_value': None, 'change': True}
2020-10-04 08:50:05,027 : EventManager : Event: ======'machine_var_audits_switches_s_soul_L'====== Args={'value': 150, 'prev_value': None, 'change': True}
2020-10-04 08:50:05,027 : EventManager : Event: ======'machine_var_audits_switches_s_soul_O'====== Args={'value': 160, 'prev_value': None, 'change': True}
2020-10-04 08:50:05,028 : EventManager : Event: ======'machine_var_audits_switches_s_soul_S'====== Args={'value': 179, 'prev_value': None, 'change': True}
2020-10-04 08:50:05,028 : EventManager : Event: ======'machine_var_audits_switches_s_soul_U'====== Args={'value': 152, 'prev_value': None, 'change': True}
2020-10-04 08:50:05,028 : EventManager : Event: ======'machine_var_audits_switches_s_standUp_1'====== Args={'value': 0, 'prev_value': None, 'change': True}
2020-10-04 08:50:05,028 : EventManager : Event: ======'machine_var_audits_switches_s_standUp_2'====== Args={'value': 0, 'prev_value': None, 'change': True}
2020-10-04 08:50:05,029 : EventManager : Event: ======'machine_var_audits_switches_s_standUp_3'====== Args={'value': 0, 'prev_value': None, 'change': True}
2020-10-04 08:50:05,029 : EventManager : Event: ======'machine_var_audits_switches_s_standUp_R'====== Args={'value': 0, 'prev_value': None, 'change': True}
2020-10-04 08:50:05,029 : EventManager : Event: ======'machine_var_audits_switches_s_star_1'====== Args={'value': 0, 'prev_value': None, 'change': True}
2020-10-04 08:50:05,030 : EventManager : Event: ======'machine_var_audits_switches_s_star_2'====== Args={'value': 0, 'prev_value': None, 'change': True}
2020-10-04 08:50:05,030 : EventManager : Event: ======'machine_var_audits_switches_s_star_3'====== Args={'value': 0, 'prev_value': None, 'change': True}
2020-10-04 08:50:05,030 : EventManager : Event: ======'machine_var_audits_switches_s_start'====== Args={'value': 68, 'prev_value': None, 'change': True}
2020-10-04 08:50:05,030 : EventManager : Event: ======'machine_var_audits_switches_s_tilt'====== Args={'value': 0, 'prev_value': None, 'change': True}
2020-10-04 08:50:05,031 : EventManager : Event: ======'machine_var_audits_switches_s_trough1'====== Args={'value': 508, 'prev_value': None, 'change': True}
2020-10-04 08:50:05,031 : EventManager : Event: ======'machine_var_audits_switches_s_trough2'====== Args={'value': 72, 'prev_value': None, 'change': True}
2020-10-04 08:50:05,040 : EventManager : Event: ======'machine_var_audits_switches_s_trough_jam'====== Args={'value': 13, 'prev_value': None, 'change': True}
2020-10-04 08:50:05,065 : EventManager : Event: ======'slides_play'====== Args={'settings': {'welcome_slide': {'target': None, 'background_color': [0.0, 0.0, 0.0, 1.0], 'priority': None, 'show': True, 'force': False, 'expire': None, 'slide': None, 'tokens': {}, 'action': 'play'}}, 'context': '_global', 'calling_context': 'init_done', 'priority': 0}
2020-10-04 08:50:05,066 : mpfmc : SlidePlayer: Play called with settings={'welcome_slide': {'target': None, 'background_color': [0.0, 0.0, 0.0, 1.0], 'priority': None, 'show': True, 'force': False, 'expire': None, 'slide': None, 'tokens': {}, 'action': 'play'}}
2020-10-04 08:50:05,067 : EventManager : Event: ======'slide_welcome_slide_removed'====== Args={}
2020-10-04 08:50:05,071 : EventManager : Event: ======'slide_welcome_slide_created'====== Args={}
2020-10-04 08:50:05,073 : EventManager : Event: ======'slide_welcome_slide_active'====== Args={}
2020-10-04 08:50:05,081 : EventManager : Event: ======'mc_reset_phase_1'====== Args={}
2020-10-04 08:50:05,082 : EventManager : Event: ======'mc_reset_phase_2'====== Args={}
2020-10-04 08:50:05,082 : EventManager : Event: ======'mc_reset_phase_3'====== Args={}
2020-10-04 08:50:05,082 : EventManager : Event: ======'mc_reset_complete'====== Args={}
2020-10-04 08:50:05,093 : EventManager : Event: ======'slides_play'====== Args={'settings': {'awesome_slide': {'widgets': [{'type': 'text', 'text': 'Cuphead Pinball', 'font_size': 50, '_default_settings': ['type', 'text', 'font_size'], 'x': None, 'y': None, 'anchor_x': 'center', 'anchor_y': 'center', 'round_anchor_x': None, 'round_anchor_y': None, 'opacity': 1.0, 'z': 0, 'reset_animations_events': {}, 'color': [1.0, 1.0, 1.0, 1.0], 'style': [], 'adjust_top': 0, 'adjust_bottom': 0, 'adjust_left': 0, 'adjust_right': 0, 'expire': None, 'key': None, 'widget': None, 'events_when_added': [], 'events_when_removed': [], 'bitmap_font': False, 'font_kerning': True, 'bold': False, 'italic': False, 'number_grouping': False, 'min_digits': 0, 'halign': 'center', 'valign': 'middle', 'rotation': 0, 'scale': 1.0, 'casing': None, 'animations': None}], 'transition': {'type': 'push', 'duration': 1.0, 'direction': 'left', 'easing': 'out_quad'}, 'target': None, 'background_color': [0.0, 0.0, 0.0, 1.0], 'priority': None, 'show': True, 'force': False, 'expire': None, 'slide': None, 'tokens': {}, 'action': 'play'}}, 'context': 'show_1', 'calling_context': 0, 'priority': 10, 'show_tokens': {}, 'start_time': 397446.703}
2020-10-04 08:50:05,095 : EventManager : Event: ======'sounds_play'====== Args={'settings': {'attract_music': {'loops': -1, 'mode_end_action': 'stop', 'priority': None, 'action': 'play', 'track': None, 'volume': None, 'pan': None, 'start_at': None, 'fade_in': None, 'fade_out': None, 'about_to_finish_time': -1.0, 'max_queue_time': -1.0, 'events_when_played': ['use_sound_setting'], 'events_when_stopped': ['use_sound_setting'], 'events_when_looping': ['use_sound_setting'], 'events_when_about_to_finish': ['use_sound_setting'], 'key': 'use_sound_setting'}}, 'context': 'attract', 'calling_context': 'mode_attract_started', 'priority': 10}
2020-10-04 08:50:05,095 : mpfmc : SlidePlayer: Play called with settings={'awesome_slide': {'widgets': [{'type': 'text', 'text': 'Cuphead Pinball', 'font_size': 50, '_default_settings': ['type', 'text', 'font_size'], 'x': None, 'y': None, 'anchor_x': 'center', 'anchor_y': 'center', 'round_anchor_x': None, 'round_anchor_y': None, 'opacity': 1.0, 'z': 0, 'reset_animations_events': {}, 'color': [1.0, 1.0, 1.0, 1.0], 'style': [], 'adjust_top': 0, 'adjust_bottom': 0, 'adjust_left': 0, 'adjust_right': 0, 'expire': None, 'key': None, 'widget': None, 'events_when_added': [], 'events_when_removed': [], 'bitmap_font': False, 'font_kerning': True, 'bold': False, 'italic': False, 'number_grouping': False, 'min_digits': 0, 'halign': 'center', 'valign': 'middle', 'rotation': 0, 'scale': 1.0, 'casing': None, 'animations': None}], 'transition': {'type': 'push', 'duration': 1.0, 'direction': 'left', 'easing': 'out_quad'}, 'target': None, 'background_color': [0.0, 0.0, 0.0, 1.0], 'priority': None, 'show': True, 'force': False, 'expire': None, 'slide': None, 'tokens': {}, 'action': 'play'}}
2020-10-04 08:50:05,106 : EventManager : Event: ======'slide_awesome_slide_created'====== Args={}
2020-10-04 08:50:05,110 : EventManager : Event: ======'slide_awesome_slide_active'====== Args={}
2020-10-04 08:50:05,460 : EventManager : Event: ======'game_started'====== Args={}
2020-10-04 08:50:05,460 : EventManager : Event: ======'slides_clear'====== Args={'context': 'show_1'}
2020-10-04 08:50:05,460 : EventManager : Event: ======'sounds_clear'====== Args={'context': 'attract'}
2020-10-04 08:50:05,462 : EventManager : Event: ======'slide_awesome_slide_removed'====== Args={}
2020-10-04 08:50:05,466 : EventManager : Event: ======'slide_welcome_slide_active'====== Args={}
2020-10-04 08:50:05,496 : EventManager : Event: ======'player_added'====== Args={'player': <Player 1>, 'num': 1}
2020-10-04 08:50:05,496 : EventManager : Event: ======'player_index'====== Args={'value': 0, 'prev_value': 0, 'change': 0, 'player_num': 1}
2020-10-04 08:50:05,498 : EventManager : Event: ======'player_number'====== Args={'value': 1, 'prev_value': 1, 'change': 0, 'player_num': 1}
2020-10-04 08:50:05,498 : EventManager : Event: ======'player_score'====== Args={'value': 0, 'prev_value': 0, 'change': 0, 'player_num': 1}
2020-10-04 08:50:05,498 : EventManager : Event: ======'player_bonus_multiplier'====== Args={'value': 1, 'prev_value': 0, 'change': 1, 'player_num': 1}
2020-10-04 08:50:05,520 : EventManager : Event: ======'player_ball'====== Args={'value': 1, 'prev_value': 0, 'change': 1, 'player_num': 1}
2020-10-04 08:50:05,520 : EventManager : Event: ======'player_turn_start'====== Args={'number': 1, 'player': <Player 1>}
2020-10-04 08:50:05,545 : EventManager : Event: ======'player_shot_soul_S_enabled'====== Args={'value': True, 'prev_value': 0, 'change': 1, 'player_num': 1}
2020-10-04 08:50:05,546 : EventManager : Event: ======'player_shot_soul_O_enabled'====== Args={'value': True, 'prev_value': 0, 'change': 1, 'player_num': 1}
2020-10-04 08:50:05,557 : EventManager : Event: ======'player_shot_soul_U_enabled'====== Args={'value': True, 'prev_value': 0, 'change': 1, 'player_num': 1}
2020-10-04 08:50:05,557 : EventManager : Event: ======'player_shot_soul_L_enabled'====== Args={'value': True, 'prev_value': 0, 'change': 1, 'player_num': 1}
2020-10-04 08:50:05,558 : EventManager : Event: ======'sounds_play'====== Args={'settings': {'poolCupHeadBase': {'loops': -1, 'priority': None, 'action': 'play', 'track': None, 'volume': None, 'pan': None, 'start_at': None, 'fade_in': None, 'fade_out': None, 'about_to_finish_time': -1.0, 'max_queue_time': -1.0, 'events_when_played': ['use_sound_setting'], 'events_when_stopped': ['use_sound_setting'], 'events_when_looping': ['use_sound_setting'], 'events_when_about_to_finish': ['use_sound_setting'], 'mode_end_action': 'use_sound_setting', 'key': 'use_sound_setting'}}, 'context': 'base', 'calling_context': 'mode_base_started', 'priority': 100, 'queue': '<QueuedEvent>', 'player': 1, 'ball': 1, 'balls_remaining': 4, 'is_extra_ball': False}
2020-10-04 08:50:05,558 : EventManager : Event: ======'slides_play'====== Args={'settings': {'widgets': {'widgets': [{'type': 'text', 'text': '(score)', 'number_grouping': True, 'min_digits': 2, 'font_size': 100, '_default_settings': ['type', 'text', 'number_grouping', 'min_digits', 'font_size'], 'x': None, 'y': None, 'anchor_x': 'center', 'anchor_y': 'center', 'round_anchor_x': None, 'round_anchor_y': None, 'opacity': 1.0, 'z': 0, 'reset_animations_events': {}, 'color': [1.0, 1.0, 1.0, 1.0], 'style': [], 'adjust_top': 0, 'adjust_bottom': 0, 'adjust_left': 0, 'adjust_right': 0, 'expire': None, 'key': None, 'widget': None, 'events_when_added': [], 'events_when_removed': [], 'bitmap_font': False, 'font_kerning': True, 'bold': False, 'italic': False, 'halign': 'center', 'valign': 'middle', 'rotation': 0, 'scale': 1.0, 'casing': None, 'animations': None}, {'type': 'text', 'text': 'Player (player)', 'y': '10', 'x': '10', 'font_size': 30, 'anchor_x': 'left', 'anchor_y': 'bottom', '_default_settings': ['type', 'text', 'y', 'x', 'font_size', 'anchor_x', 'anchor_y'], 'round_anchor_x': None, 'round_anchor_y': None, 'opacity': 1.0, 'z': 0, 'reset_animations_events': {}, 'color': [1.0, 1.0, 1.0, 1.0], 'style': [], 'adjust_top': 0, 'adjust_bottom': 0, 'adjust_left': 0, 'adjust_right': 0, 'expire': None, 'key': None, 'widget': None, 'events_when_added': [], 'events_when_removed': [], 'bitmap_font': False, 'font_kerning': True, 'bold': False, 'italic': False, 'number_grouping': False, 'min_digits': 0, 'halign': 'center', 'valign': 'middle', 'rotation': 0, 'scale': 1.0, 'casing': None, 'animations': None}, {'type': 'text', 'text': 'BALL (ball) (bonus_multiplier)', 'y': '10', 'x': 'right-10', 'anchor_x': 'right', 'anchor_y': 'bottom', 'font_size': 50, '_default_settings': ['type', 'text', 'y', 'x', 'anchor_x', 'anchor_y', 'font_size'], 'round_anchor_x': None, 'round_anchor_y': None, 'opacity': 1.0, 'z': 0, 'reset_animations_events': {}, 'color': [1.0, 1.0, 1.0, 1.0], 'style': [], 'adjust_top': 0, 'adjust_bottom': 0, 'adjust_left': 0, 'adjust_right': 0, 'expire': None, 'key': None, 'widget': None, 'events_when_added': [], 'events_when_removed': [], 'bitmap_font': False, 'font_kerning': True, 'bold': False, 'italic': False, 'number_grouping': False, 'min_digits': 0, 'halign': 'center', 'valign': 'middle', 'rotation': 0, 'scale': 1.0, 'casing': None, 'animations': None}], 'target': None, 'background_color': [0.0, 0.0, 0.0, 1.0], 'priority': None, 'show': True, 'force': False, 'expire': None, 'slide': None, 'tokens': {}, 'action': 'play'}}, 'context': 'base', 'calling_context': 'mode_base_started', 'priority': 100, 'queue': '<QueuedEvent>', 'player': 1, 'ball': 1, 'balls_remaining': 4, 'is_extra_ball': False}
2020-10-04 08:50:05,559 : mpfmc : SlidePlayer: Play called with settings={'widgets': {'widgets': [{'type': 'text', 'text': '(score)', 'number_grouping': True, 'min_digits': 2, 'font_size': 100, '_default_settings': ['type', 'text', 'number_grouping', 'min_digits', 'font_size'], 'x': None, 'y': None, 'anchor_x': 'center', 'anchor_y': 'center', 'round_anchor_x': None, 'round_anchor_y': None, 'opacity': 1.0, 'z': 0, 'reset_animations_events': {}, 'color': [1.0, 1.0, 1.0, 1.0], 'style': [], 'adjust_top': 0, 'adjust_bottom': 0, 'adjust_left': 0, 'adjust_right': 0, 'expire': None, 'key': None, 'widget': None, 'events_when_added': [], 'events_when_removed': [], 'bitmap_font': False, 'font_kerning': True, 'bold': False, 'italic': False, 'halign': 'center', 'valign': 'middle', 'rotation': 0, 'scale': 1.0, 'casing': None, 'animations': None}, {'type': 'text', 'text': 'Player (player)', 'y': '10', 'x': '10', 'font_size': 30, 'anchor_x': 'left', 'anchor_y': 'bottom', '_default_settings': ['type', 'text', 'y', 'x', 'font_size', 'anchor_x', 'anchor_y'], 'round_anchor_x': None, 'round_anchor_y': None, 'opacity': 1.0, 'z': 0, 'reset_animations_events': {}, 'color': [1.0, 1.0, 1.0, 1.0], 'style': [], 'adjust_top': 0, 'adjust_bottom': 0, 'adjust_left': 0, 'adjust_right': 0, 'expire': None, 'key': None, 'widget': None, 'events_when_added': [], 'events_when_removed': [], 'bitmap_font': False, 'font_kerning': True, 'bold': False, 'italic': False, 'number_grouping': False, 'min_digits': 0, 'halign': 'center', 'valign': 'middle', 'rotation': 0, 'scale': 1.0, 'casing': None, 'animations': None}, {'type': 'text', 'text': 'BALL (ball) (bonus_multiplier)', 'y': '10', 'x': 'right-10', 'anchor_x': 'right', 'anchor_y': 'bottom', 'font_size': 50, '_default_settings': ['type', 'text', 'y', 'x', 'anchor_x', 'anchor_y', 'font_size'], 'round_anchor_x': None, 'round_anchor_y': None, 'opacity': 1.0, 'z': 0, 'reset_animations_events': {}, 'color': [1.0, 1.0, 1.0, 1.0], 'style': [], 'adjust_top': 0, 'adjust_bottom': 0, 'adjust_left': 0, 'adjust_right': 0, 'expire': None, 'key': None, 'widget': None, 'events_when_added': [], 'events_when_removed': [], 'bitmap_font': False, 'font_kerning': True, 'bold': False, 'italic': False, 'number_grouping': False, 'min_digits': 0, 'halign': 'center', 'valign': 'middle', 'rotation': 0, 'scale': 1.0, 'casing': None, 'animations': None}], 'target': None, 'background_color': [0.0, 0.0, 0.0, 1.0], 'priority': None, 'show': True, 'force': False, 'expire': None, 'slide': None, 'tokens': {}, 'action': 'play'}}
2020-10-04 08:50:05,578 : EventManager : Event: ======'slide_base.slide_player-mode_base_started_created'====== Args={}
2020-10-04 08:50:05,585 : EventManager : Event: ======'slide_base.slide_player-mode_base_started_active'====== Args={}
2020-10-04 08:50:05,624 : EventManager : Event: ======'widgets_play'====== Args={'settings': {'soul_lanes_banner': {'priority': 0, 'slide': None, 'action': 'add', 'key': None, 'target': None}}, 'context': 'soulLanes', 'calling_context': 'mode_soulLanes_started', 'priority': 110, 'player': 1, 'ball': 1, 'balls_remaining': 4, 'is_extra_ball': False}
2020-10-04 08:50:05,829 : EventManager : Event: ======'machine_var_audits_switches_s_plunger'====== Args={'value': 552, 'prev_value': 551, 'change': 1}
2020-10-04 08:50:06,610 : EventManager : Event: ======'machine_var_audits_switches_s_soul_S'====== Args={'value': 180, 'prev_value': 179, 'change': 1}
2020-10-04 08:50:06,611 : EventManager : Event: ======'player_shot_soul_S'====== Args={'value': 1, 'prev_value': 0, 'change': 1, 'player_num': 1}
2020-10-04 08:50:06,611 : EventManager : Event: ======'machine_var_audits_shots_soul_S'====== Args={'value': 180, 'prev_value': 179, 'change': 1}
2020-10-04 08:50:06,611 : EventManager : Event: ======'player_score'====== Args={'value': 10, 'prev_value': 0, 'change': 10, 'player_num': 1}
2020-10-04 08:50:07,489 : EventManager : Event: ======'machine_var_audits_switches_s_soul_O'====== Args={'value': 161, 'prev_value': 160, 'change': 1}
2020-10-04 08:50:07,489 : EventManager : Event: ======'player_shot_soul_O'====== Args={'value': 1, 'prev_value': 0, 'change': 1, 'player_num': 1}
2020-10-04 08:50:07,489 : EventManager : Event: ======'machine_var_audits_shots_soul_O'====== Args={'value': 156, 'prev_value': 155, 'change': 1}
2020-10-04 08:50:07,490 : EventManager : Event: ======'player_score'====== Args={'value': 20, 'prev_value': 10, 'change': 10, 'player_num': 1}
2020-10-04 08:50:07,920 : EventManager : Event: ======'machine_var_audits_switches_s_soul_U'====== Args={'value': 153, 'prev_value': 152, 'change': 1}
2020-10-04 08:50:07,945 : EventManager : Event: ======'player_shot_soul_U'====== Args={'value': 1, 'prev_value': 0, 'change': 1, 'player_num': 1}
2020-10-04 08:50:07,945 : EventManager : Event: ======'machine_var_audits_shots_soul_U'====== Args={'value': 153, 'prev_value': 152, 'change': 1}
2020-10-04 08:50:07,946 : EventManager : Event: ======'player_score'====== Args={'value': 30, 'prev_value': 20, 'change': 10, 'player_num': 1}
2020-10-04 08:50:08,702 : EventManager : Event: ======'machine_var_audits_switches_s_soul_L'====== Args={'value': 151, 'prev_value': 150, 'change': 1}
2020-10-04 08:50:08,702 : EventManager : Event: ======'player_shot_soul_L'====== Args={'value': 1, 'prev_value': 0, 'change': 1, 'player_num': 1}
2020-10-04 08:50:08,702 : EventManager : Event: ======'machine_var_audits_shots_soul_L'====== Args={'value': 150, 'prev_value': 149, 'change': 1}
2020-10-04 08:50:08,703 : EventManager : Event: ======'player_score'====== Args={'value': 40, 'prev_value': 30, 'change': 10, 'player_num': 1}
2020-10-04 08:50:08,703 : EventManager : Event: ======'player_score'====== Args={'value': 2040, 'prev_value': 40, 'change': 2000, 'player_num': 1}
2020-10-04 08:50:08,703 : EventManager : Event: ======'player_bonus_multiplier'====== Args={'value': 2, 'prev_value': 1, 'change': 1, 'player_num': 1}
2020-10-04 08:50:09,723 : EventManager : Event: ======'player_shot_soul_S'====== Args={'value': 0, 'prev_value': 1, 'change': -1, 'player_num': 1}
2020-10-04 08:50:09,723 : EventManager : Event: ======'player_shot_soul_O'====== Args={'value': 0, 'prev_value': 1, 'change': -1, 'player_num': 1}
2020-10-04 08:50:09,723 : EventManager : Event: ======'player_shot_soul_U'====== Args={'value': 0, 'prev_value': 1, 'change': -1, 'player_num': 1}
2020-10-04 08:50:09,724 : EventManager : Event: ======'player_shot_soul_L'====== Args={'value': 0, 'prev_value': 1, 'change': -1, 'player_num': 1}
2020-10-04 08:50:10,833 : EventManager : Event: ======'machine_var_audits_switches_s_soul_S'====== Args={'value': 181, 'prev_value': 180, 'change': 1}
2020-10-04 08:50:10,833 : EventManager : Event: ======'player_shot_soul_S'====== Args={'value': 1, 'prev_value': 0, 'change': 1, 'player_num': 1}
2020-10-04 08:50:10,833 : EventManager : Event: ======'machine_var_audits_shots_soul_S'====== Args={'value': 181, 'prev_value': 180, 'change': 1}
2020-10-04 08:50:10,834 : EventManager : Event: ======'player_score'====== Args={'value': 2050, 'prev_value': 2040, 'change': 10, 'player_num': 1}
2020-10-04 08:50:11,191 : EventManager : Event: ======'machine_var_audits_switches_s_soul_O'====== Args={'value': 162, 'prev_value': 161, 'change': 1}
2020-10-04 08:50:11,191 : EventManager : Event: ======'player_shot_soul_O'====== Args={'value': 1, 'prev_value': 0, 'change': 1, 'player_num': 1}
2020-10-04 08:50:11,191 : EventManager : Event: ======'machine_var_audits_shots_soul_O'====== Args={'value': 157, 'prev_value': 156, 'change': 1}
2020-10-04 08:50:11,191 : EventManager : Event: ======'player_score'====== Args={'value': 2060, 'prev_value': 2050, 'change': 10, 'player_num': 1}
2020-10-04 08:50:11,466 : EventManager : Event: ======'machine_var_audits_switches_s_soul_U'====== Args={'value': 154, 'prev_value': 153, 'change': 1}
2020-10-04 08:50:11,466 : EventManager : Event: ======'player_shot_soul_U'====== Args={'value': 1, 'prev_value': 0, 'change': 1, 'player_num': 1}
2020-10-04 08:50:11,467 : EventManager : Event: ======'machine_var_audits_shots_soul_U'====== Args={'value': 154, 'prev_value': 153, 'change': 1}
2020-10-04 08:50:11,467 : EventManager : Event: ======'player_score'====== Args={'value': 2070, 'prev_value': 2060, 'change': 10, 'player_num': 1}
2020-10-04 08:50:11,838 : EventManager : Event: ======'machine_var_audits_switches_s_soul_L'====== Args={'value': 152, 'prev_value': 151, 'change': 1}
2020-10-04 08:50:11,838 : EventManager : Event: ======'player_shot_soul_L'====== Args={'value': 1, 'prev_value': 0, 'change': 1, 'player_num': 1}
2020-10-04 08:50:11,838 : EventManager : Event: ======'machine_var_audits_shots_soul_L'====== Args={'value': 151, 'prev_value': 150, 'change': 1}
2020-10-04 08:50:11,839 : EventManager : Event: ======'player_score'====== Args={'value': 2080, 'prev_value': 2070, 'change': 10, 'player_num': 1}
2020-10-04 08:50:11,846 : EventManager : Event: ======'player_score'====== Args={'value': 4080, 'prev_value': 2080, 'change': 2000, 'player_num': 1}
2020-10-04 08:50:11,847 : EventManager : Event: ======'player_bonus_multiplier'====== Args={'value': 3, 'prev_value': 2, 'change': 1, 'player_num': 1}
2020-10-04 08:50:12,446 : EventManager : Event: ======'machine_var_audits_switches_s_soul_S'====== Args={'value': 182, 'prev_value': 181, 'change': 1}
2020-10-04 08:50:12,446 : EventManager : Event: ======'machine_var_audits_shots_soul_S'====== Args={'value': 182, 'prev_value': 181, 'change': 1}
2020-10-04 08:50:12,446 : EventManager : Event: ======'player_score'====== Args={'value': 4090, 'prev_value': 4080, 'change': 10, 'player_num': 1}
2020-10-04 08:50:12,800 : EventManager : Event: ======'machine_var_audits_switches_s_soul_O'====== Args={'value': 163, 'prev_value': 162, 'change': 1}
2020-10-04 08:50:12,800 : EventManager : Event: ======'machine_var_audits_shots_soul_O'====== Args={'value': 158, 'prev_value': 157, 'change': 1}
2020-10-04 08:50:12,800 : EventManager : Event: ======'player_score'====== Args={'value': 4100, 'prev_value': 4090, 'change': 10, 'player_num': 1}
2020-10-04 08:50:12,843 : EventManager : Event: ======'player_shot_soul_S'====== Args={'value': 0, 'prev_value': 1, 'change': -1, 'player_num': 1}
2020-10-04 08:50:12,856 : EventManager : Event: ======'player_shot_soul_O'====== Args={'value': 0, 'prev_value': 1, 'change': -1, 'player_num': 1}
2020-10-04 08:50:12,856 : EventManager : Event: ======'player_shot_soul_U'====== Args={'value': 0, 'prev_value': 1, 'change': -1, 'player_num': 1}
2020-10-04 08:50:12,856 : EventManager : Event: ======'player_shot_soul_L'====== Args={'value': 0, 'prev_value': 1, 'change': -1, 'player_num': 1}
2020-10-04 08:50:13,146 : EventManager : Event: ======'machine_var_audits_switches_s_soul_U'====== Args={'value': 155, 'prev_value': 154, 'change': 1}
2020-10-04 08:50:13,146 : EventManager : Event: ======'player_shot_soul_U'====== Args={'value': 1, 'prev_value': 0, 'change': 1, 'player_num': 1}
2020-10-04 08:50:13,147 : EventManager : Event: ======'machine_var_audits_shots_soul_U'====== Args={'value': 155, 'prev_value': 154, 'change': 1}
2020-10-04 08:50:13,147 : EventManager : Event: ======'player_score'====== Args={'value': 4110, 'prev_value': 4100, 'change': 10, 'player_num': 1}
2020-10-04 08:50:13,519 : EventManager : Event: ======'machine_var_audits_switches_s_soul_L'====== Args={'value': 153, 'prev_value': 152, 'change': 1}
2020-10-04 08:50:13,519 : EventManager : Event: ======'player_shot_soul_L'====== Args={'value': 1, 'prev_value': 0, 'change': 1, 'player_num': 1}
2020-10-04 08:50:13,519 : EventManager : Event: ======'machine_var_audits_shots_soul_L'====== Args={'value': 152, 'prev_value': 151, 'change': 1}
2020-10-04 08:50:13,519 : EventManager : Event: ======'player_score'====== Args={'value': 4120, 'prev_value': 4110, 'change': 10, 'player_num': 1}
2020-10-04 08:50:14,420 : EventManager : Event: ======'machine_var_audits_switches_s_soul_S'====== Args={'value': 183, 'prev_value': 182, 'change': 1}
2020-10-04 08:50:14,420 : EventManager : Event: ======'player_shot_soul_S'====== Args={'value': 1, 'prev_value': 0, 'change': 1, 'player_num': 1}
2020-10-04 08:50:14,421 : EventManager : Event: ======'machine_var_audits_shots_soul_S'====== Args={'value': 183, 'prev_value': 182, 'change': 1}
2020-10-04 08:50:14,421 : EventManager : Event: ======'player_score'====== Args={'value': 4130, 'prev_value': 4120, 'change': 10, 'player_num': 1}
2020-10-04 08:50:15,084 : EventManager : Event: ======'machine_var_audits_switches_s_soul_L'====== Args={'value': 154, 'prev_value': 153, 'change': 1}
2020-10-04 08:50:15,085 : EventManager : Event: ======'machine_var_audits_shots_soul_L'====== Args={'value': 153, 'prev_value': 152, 'change': 1}
2020-10-04 08:50:15,105 : EventManager : Event: ======'player_score'====== Args={'value': 4140, 'prev_value': 4130, 'change': 10, 'player_num': 1}
2020-10-04 08:50:15,566 : EventManager : Event: ======'machine_var_audits_switches_s_soul_O'====== Args={'value': 164, 'prev_value': 163, 'change': 1}
2020-10-04 08:50:15,566 : EventManager : Event: ======'player_shot_soul_O'====== Args={'value': 1, 'prev_value': 0, 'change': 1, 'player_num': 1}
2020-10-04 08:50:15,566 : EventManager : Event: ======'machine_var_audits_shots_soul_O'====== Args={'value': 159, 'prev_value': 158, 'change': 1}
2020-10-04 08:50:15,566 : EventManager : Event: ======'player_score'====== Args={'value': 4150, 'prev_value': 4140, 'change': 10, 'player_num': 1}
2020-10-04 08:50:15,576 : EventManager : Event: ======'player_score'====== Args={'value': 6150, 'prev_value': 4150, 'change': 2000, 'player_num': 1}
2020-10-04 08:50:15,576 : EventManager : Event: ======'player_bonus_multiplier'====== Args={'value': 4, 'prev_value': 3, 'change': 1, 'player_num': 1}
2020-10-04 08:50:16,106 : EventManager : Event: ======'machine_var_audits_switches_s_soul_U'====== Args={'value': 156, 'prev_value': 155, 'change': 1}
2020-10-04 08:50:16,106 : EventManager : Event: ======'machine_var_audits_shots_soul_U'====== Args={'value': 156, 'prev_value': 155, 'change': 1}
2020-10-04 08:50:16,107 : EventManager : Event: ======'player_score'====== Args={'value': 6160, 'prev_value': 6150, 'change': 10, 'player_num': 1}
2020-10-04 08:50:16,553 : EventManager : Event: ======'player_shot_soul_S'====== Args={'value': 0, 'prev_value': 1, 'change': -1, 'player_num': 1}
2020-10-04 08:50:16,554 : EventManager : Event: ======'player_shot_soul_O'====== Args={'value': 0, 'prev_value': 1, 'change': -1, 'player_num': 1}
2020-10-04 08:50:16,555 : EventManager : Event: ======'player_shot_soul_U'====== Args={'value': 0, 'prev_value': 1, 'change': -1, 'player_num': 1}
2020-10-04 08:50:16,556 : EventManager : Event: ======'player_shot_soul_L'====== Args={'value': 0, 'prev_value': 1, 'change': -1, 'player_num': 1}
2020-10-04 08:50:17,147 : EventManager : Event: ======'machine_var_audits_switches_s_soul_S'====== Args={'value': 184, 'prev_value': 183, 'change': 1}
2020-10-04 08:50:17,147 : EventManager : Event: ======'player_shot_soul_S'====== Args={'value': 1, 'prev_value': 0, 'change': 1, 'player_num': 1}
2020-10-04 08:50:17,148 : EventManager : Event: ======'machine_var_audits_shots_soul_S'====== Args={'value': 184, 'prev_value': 183, 'change': 1}
2020-10-04 08:50:17,148 : EventManager : Event: ======'player_score'====== Args={'value': 6170, 'prev_value': 6160, 'change': 10, 'player_num': 1}
2020-10-04 08:50:17,617 : EventManager : Event: ======'machine_var_audits_switches_s_soul_U'====== Args={'value': 157, 'prev_value': 156, 'change': 1}
2020-10-04 08:50:17,617 : EventManager : Event: ======'player_shot_soul_U'====== Args={'value': 1, 'prev_value': 0, 'change': 1, 'player_num': 1}
2020-10-04 08:50:17,617 : EventManager : Event: ======'machine_var_audits_shots_soul_U'====== Args={'value': 157, 'prev_value': 156, 'change': 1}
2020-10-04 08:50:17,617 : EventManager : Event: ======'player_score'====== Args={'value': 6180, 'prev_value': 6170, 'change': 10, 'player_num': 1}
2020-10-04 08:50:18,060 : EventManager : Event: ======'machine_var_audits_switches_s_soul_O'====== Args={'value': 165, 'prev_value': 164, 'change': 1}
2020-10-04 08:50:18,060 : EventManager : Event: ======'player_shot_soul_O'====== Args={'value': 1, 'prev_value': 0, 'change': 1, 'player_num': 1}
2020-10-04 08:50:18,061 : EventManager : Event: ======'machine_var_audits_shots_soul_O'====== Args={'value': 160, 'prev_value': 159, 'change': 1}
2020-10-04 08:50:18,061 : EventManager : Event: ======'player_score'====== Args={'value': 6190, 'prev_value': 6180, 'change': 10, 'player_num': 1}
2020-10-04 08:50:18,576 : EventManager : Event: ======'machine_var_audits_switches_s_soul_L'====== Args={'value': 155, 'prev_value': 154, 'change': 1}
2020-10-04 08:50:18,576 : EventManager : Event: ======'player_shot_soul_L'====== Args={'value': 1, 'prev_value': 0, 'change': 1, 'player_num': 1}
2020-10-04 08:50:18,615 : EventManager : Event: ======'machine_var_audits_shots_soul_L'====== Args={'value': 154, 'prev_value': 153, 'change': 1}
2020-10-04 08:50:18,616 : EventManager : Event: ======'player_score'====== Args={'value': 6200, 'prev_value': 6190, 'change': 10, 'player_num': 1}
2020-10-04 08:50:18,616 : EventManager : Event: ======'player_score'====== Args={'value': 8200, 'prev_value': 6200, 'change': 2000, 'player_num': 1}
2020-10-04 08:50:19,586 : EventManager : Event: ======'player_shot_soul_S'====== Args={'value': 0, 'prev_value': 1, 'change': -1, 'player_num': 1}
2020-10-04 08:50:19,587 : EventManager : Event: ======'player_shot_soul_O'====== Args={'value': 0, 'prev_value': 1, 'change': -1, 'player_num': 1}
2020-10-04 08:50:19,587 : EventManager : Event: ======'player_shot_soul_U'====== Args={'value': 0, 'prev_value': 1, 'change': -1, 'player_num': 1}
2020-10-04 08:50:19,598 : EventManager : Event: ======'player_shot_soul_L'====== Args={'value': 0, 'prev_value': 1, 'change': -1, 'player_num': 1}
2020-10-04 08:50:22,712 : kivy : Base: Leaving application in progress...
2020-10-04 08:50:23,036 : kivy : WindowSDL: exiting mainloop and closing.
2020-10-04 08:50:23,079 : mpfmc : Stopping...
2020-10-04 08:50:23,079 : EventManager : Event: ======'shutdown'====== Args={}
2020-10-04 08:50:23,079 : mpfmc : Loop rate 50.42 Hz
2020-10-04 08:50:23,079 : kivy : MC run loop ended.
2020-10-04 08:50:23,079 : kivy : Stopping child threads... (3 remaining)
2020-10-04 08:50:23,079 : MPF-MC BCP Server : Stopping BCP sending thread
2020-10-04 08:50:23,912 : mpfmc : Stopping...
2020-10-04 08:50:23,912 : EventManager : Event: ======'shutdown'====== Args={}
2020-10-04 08:50:23,912 : mpfmc : Loop rate 48.97 Hz
2020-10-04 08:50:24,288 : kivy : All child threads stopped.
