2020-10-05 17:10:59,475 : kivy : Factory: 184 symbols loaded
2020-10-05 17:10:59,917 : kivy : ImageLoaderFFPy: Using ffpyplayer 4.3.1
2020-10-05 17:10:59,920 : kivy : Image: Providers: img_tex, img_dds, img_sdl2, img_pil, img_ffpyplayer, img_gif 
2020-10-05 17:11:00,161 : kivy : VideoGstplayer: Using Gstreamer 1.16.0.0
2020-10-05 17:11:00,162 : kivy : Video: Provider: gstplayer
2020-10-05 17:11:00,339 : kivy : Loading MPF-MC controller
2020-10-05 17:11:00,349 : YamlMultifileConfigLoader : Machine config file #1: config
2020-10-05 17:11:00,350 : ConfigProcessor : Config file in cache changed: c:\GitHub\Cuphead\config\config
2020-10-05 17:11:00,352 : ConfigProcessor : Loading config from file c:\users\themi\appdata\local\programs\python\python36\lib\site-packages\mpfmc\mcconfig.yaml.
2020-10-05 17:11:00,431 : ConfigProcessor : Loading config: c:\users\themi\appdata\local\programs\python\python36\lib\site-packages\mpfmc\mcconfig.yaml
2020-10-05 17:11:00,432 : ConfigProcessor : Loading config from file c:\GitHub\Cuphead\config\config.
2020-10-05 17:11:00,454 : ConfigProcessor : Loading config: c:\GitHub\Cuphead\config\config
2020-10-05 17:11:00,466 : ConfigProcessor : Loading config: c:\GitHub\Cuphead\config\keyboard.yaml
2020-10-05 17:11:00,507 : ConfigProcessor : Loading config: c:\GitHub\Cuphead\config\hwSwitches.yaml
2020-10-05 17:11:00,596 : ConfigProcessor : Loading config: c:\GitHub\Cuphead\config\hwLights.yaml
2020-10-05 17:11:00,622 : ConfigProcessor : Loading config: c:\GitHub\Cuphead\config\hwCoils.yaml
2020-10-05 17:11:00,629 : ConfigProcessor : Config file cache created: C:\Users\themi\AppData\Local\Temp\0cbdbb896bde7c562664fa91ae109528.mpf_cache
2020-10-05 17:11:00,630 : ConfigProcessor : Loading config from cache: C:\Users\themi\AppData\Local\Temp\89b9c5cb952cce9fc74d723399719cc6.mpf_cache
2020-10-05 17:11:00,631 : ConfigProcessor : Loading config from cache: C:\Users\themi\AppData\Local\Temp\4fcecb70f81c3c2fefb8e65ae9a0af5f.mpf_cache
2020-10-05 17:11:00,632 : ConfigProcessor : Loading config from cache: C:\Users\themi\AppData\Local\Temp\5820a65357aa32f3082a694bbd0b1b93.mpf_cache
2020-10-05 17:11:00,633 : ConfigProcessor : Loading config from cache: C:\Users\themi\AppData\Local\Temp\2f1df67e0c6599f893aeb5468bc976f9.mpf_cache
2020-10-05 17:11:00,634 : ConfigProcessor : Loading config from cache: C:\Users\themi\AppData\Local\Temp\3e28196fea866bd961d93515ab5c664b.mpf_cache
2020-10-05 17:11:00,635 : mpfmc : Mission Pinball Framework Media Controller v0.54.0-dev.20
2020-10-05 17:11:00,635 : mpfmc : Mission Pinball Framework Game Engine v0.54.0-dev.72
2020-10-05 17:11:00,635 : mpfmc : Machine path: c:\GitHub\Cuphead
2020-10-05 17:11:00,635 : mpfmc : Starting clock at 60.0Hz
2020-10-05 17:11:00,666 : kivy : Text: Provider: sdl2
2020-10-05 17:11:00,740 : kivy : Window: Provider: sdl2
2020-10-05 17:11:01,537 : kivy : GL: Using the "OpenGL" graphics system
2020-10-05 17:11:01,541 : kivy : GL: GLEW initialization succeeded
2020-10-05 17:11:01,541 : kivy : GL: Backend used <glew>
2020-10-05 17:11:01,543 : kivy : GL: OpenGL version <b'4.5.14568 Compatibility Profile Context 24.20.12050.0'>
2020-10-05 17:11:01,544 : kivy : GL: OpenGL vendor <b'ATI Technologies Inc.'>
2020-10-05 17:11:01,544 : kivy : GL: OpenGL renderer <b'AMD Radeon(TM) R4 Graphics'>
2020-10-05 17:11:01,545 : kivy : GL: OpenGL parsed version: 4, 5
2020-10-05 17:11:01,545 : kivy : GL: Shading version <b'4.50'>
2020-10-05 17:11:01,545 : kivy : GL: Texture max size <16384>
2020-10-05 17:11:01,546 : kivy : GL: Texture max units <32>
2020-10-05 17:11:01,589 : kivy : Window: auto add sdl2 input provider
2020-10-05 17:11:01,590 : kivy : Window: virtual keyboard not allowed, single mode, not docked
2020-10-05 17:11:01,605 : SoundSystem : SoundSystem: Using default 'sound_system' settings
2020-10-05 17:11:02,217 : AudioInterface : Initialized
2020-10-05 17:11:02,218 : SoundSystem : No audio tracks are specified in your machine config file. a track named 'default' has been created.
2020-10-05 17:11:02,231 : kivy : Base: Start application main loop
2020-10-05 17:11:02,233 : EventManager : Event: ======'display_window_initialized'====== Args={}
2020-10-05 17:11:02,305 : mpfmc : Display: Setting 'window' as default display
2020-10-05 17:11:02,319 : EventManager : Event: ======'displays_initialized'====== Args={}
2020-10-05 17:11:02,325 : EventManager : Event: ======'slide_window_blank_created'====== Args={}
2020-10-05 17:11:02,327 : EventManager : Event: ======'display_window_ready'====== Args={}
2020-10-05 17:11:02,351 : EventManager : Event: ======'init_phase_1'====== Args={}
2020-10-05 17:11:02,359 : EventManager : Event: ======'mc_ready'====== Args={}
2020-10-05 17:11:02,359 : EventManager : Event: ======'init_phase_2'====== Args={}
2020-10-05 17:11:02,366 : EventManager : Event: ======'init_phase_3'====== Args={}
2020-10-05 17:11:02,368 : AssetManager : Registering Asset: cupHighScore, File: cupHighScore.ogg, Default Group: default, Final Config: {'load': 'preload', 'file': 'c:\\GitHub\\Cuphead\\modes\\base\\sounds\\music\\cupHighScore.ogg'}
2020-10-05 17:11:02,368 : AssetManager : Registering Asset: cupMusic1, File: cupMusic1.ogg, Default Group: default, Final Config: {'load': 'preload', 'target': 'music', 'loop': -1, 'mode_end_action': 'stop', 'file': 'c:\\GitHub\\Cuphead\\modes\\base\\sounds\\music\\cupMusic1.ogg'}
2020-10-05 17:11:02,368 : AssetManager : Registering Asset: cupMusic2, File: cupMusic2.ogg, Default Group: default, Final Config: {'load': 'preload', 'target': 'music', 'loop': -1, 'mode_end_action': 'stop', 'file': 'c:\\GitHub\\Cuphead\\modes\\base\\sounds\\music\\cupMusic2.ogg'}
2020-10-05 17:11:02,369 : AssetManager : Registering Asset: cupMusic3, File: cupMusic3.ogg, Default Group: default, Final Config: {'load': 'preload', 'target': 'music', 'loop': -1, 'mode_end_action': 'stop', 'file': 'c:\\GitHub\\Cuphead\\modes\\base\\sounds\\music\\cupMusic3.ogg'}
2020-10-05 17:11:02,369 : AssetManager : Registering Asset: cupMusic4, File: cupMusic4.ogg, Default Group: default, Final Config: {'load': 'preload', 'target': 'music', 'loop': -1, 'mode_end_action': 'stop', 'file': 'c:\\GitHub\\Cuphead\\modes\\base\\sounds\\music\\cupMusic4.ogg'}
2020-10-05 17:11:02,369 : AssetManager : Registering Asset: cupMusic5, File: cupMusic5.ogg, Default Group: default, Final Config: {'load': 'preload', 'file': 'c:\\GitHub\\Cuphead\\modes\\base\\sounds\\music\\cupMusic5.ogg'}
2020-10-05 17:11:02,369 : AssetManager : Registering Asset: cupMusic6, File: cupMusic6.ogg, Default Group: default, Final Config: {'load': 'preload', 'file': 'c:\\GitHub\\Cuphead\\modes\\base\\sounds\\music\\cupMusic6.ogg'}
2020-10-05 17:11:02,369 : AssetManager : Registering Asset: cupMusic7, File: cupMusic7.ogg, Default Group: default, Final Config: {'load': 'preload', 'file': 'c:\\GitHub\\Cuphead\\modes\\base\\sounds\\music\\cupMusic7.ogg'}
2020-10-05 17:11:02,369 : AssetManager : Registering Asset: cupMusic8, File: cupMusic8.ogg, Default Group: default, Final Config: {'load': 'preload', 'file': 'c:\\GitHub\\Cuphead\\modes\\base\\sounds\\music\\cupMusic8.ogg'}
2020-10-05 17:11:02,369 : AssetManager : Registering Asset: cupMusic9, File: cupMusic9.ogg, Default Group: default, Final Config: {'load': 'preload', 'file': 'c:\\GitHub\\Cuphead\\modes\\base\\sounds\\music\\cupMusic9.ogg'}
2020-10-05 17:11:02,370 : AssetManager : Registering Asset: game_play_1, File: game_play_1.ogg, Default Group: default, Final Config: {'load': 'preload', 'file': 'c:\\GitHub\\Cuphead\\modes\\base\\sounds\\music\\game_play_1.ogg'}
2020-10-05 17:11:02,373 : AssetManager : Registering Asset: attract_music, File: attract_music.ogg, Default Group: default, Final Config: {'load': 'preload', 'file': 'c:\\GitHub\\Cuphead\\modes\\attract\\sounds\\music\\attract_music.ogg'}
2020-10-05 17:11:02,376 : EventManager : Event: ======'init_phase_4'====== Args={}
2020-10-05 17:11:02,376 : EventManager : Event: ======'init_phase_5'====== Args={}
2020-10-05 17:11:03,943 : EventManager : Event: ======'loading_assets'====== Args={'total': 12, 'loaded': 1, 'remaining': 11, 'percent': 8}
2020-10-05 17:11:03,943 : AssetManager : Loading assets: 1/12 (8%)
2020-10-05 17:11:06,508 : EventManager : Event: ======'loading_assets'====== Args={'total': 12, 'loaded': 3, 'remaining': 9, 'percent': 25}
2020-10-05 17:11:06,508 : AssetManager : Loading assets: 3/12 (25%)
2020-10-05 17:11:08,303 : EventManager : Event: ======'loading_assets'====== Args={'total': 12, 'loaded': 6, 'remaining': 6, 'percent': 50}
2020-10-05 17:11:08,304 : AssetManager : Loading assets: 6/12 (50%)
2020-10-05 17:11:09,205 : EventManager : Event: ======'loading_assets'====== Args={'total': 12, 'loaded': 8, 'remaining': 4, 'percent': 67}
2020-10-05 17:11:09,205 : AssetManager : Loading assets: 8/12 (67%)
2020-10-05 17:11:11,196 : EventManager : Event: ======'loading_assets'====== Args={'total': 12, 'loaded': 9, 'remaining': 3, 'percent': 75}
2020-10-05 17:11:11,197 : AssetManager : Loading assets: 9/12 (75%)
2020-10-05 17:11:13,290 : EventManager : Event: ======'loading_assets'====== Args={'total': 12, 'loaded': 11, 'remaining': 1, 'percent': 92}
2020-10-05 17:11:13,290 : AssetManager : Loading assets: 11/12 (92%)
2020-10-05 17:11:13,291 : EventManager : Event: ======'loading_assets'====== Args={'total': 12, 'loaded': 12, 'remaining': 0, 'percent': 100}
2020-10-05 17:11:13,291 : AssetManager : Asset loading took: 11.07099437713623
2020-10-05 17:11:13,291 : EventManager : Event: ======'asset_loading_complete'====== Args={}
2020-10-05 17:11:13,291 : AssetManager : Loading assets: 12/12 (100%)
2020-10-05 17:11:13,291 : EventManager : Event: ======'init_done'====== Args={}
2020-10-05 17:11:13,292 : MPF-MC BCP Server : Starting up on localhost port 5050
2020-10-05 17:11:13,300 : MPF-MC BCP Server : Waiting for a connection...
2020-10-05 17:11:13,301 : mpfmc : SlidePlayer: Play called with settings={'slides': {welcome_slide-None-None: {'priority': None, 'target': None, 'background_color': [0.0, 0.0, 0.0, 1.0], 'show': True, 'force': False, 'expire': None, 'slide': None, 'tokens': {}, 'action': 'play', 'transition': None, 'transition_out': None}}}
2020-10-05 17:11:13,310 : kivy : GL: NPOT texture support is available
2020-10-05 17:11:13,311 : EventManager : Event: ======'slide_welcome_slide_created'====== Args={}
2020-10-05 17:11:13,313 : EventManager : Event: ======'slide_welcome_slide_active'====== Args={}
2020-10-05 17:11:13,321 : EventManager : Event: ======'client_disconnected'====== Args={'host': '127.0.0.1', 'port': 5050}
2020-10-05 17:11:14,645 : MPF-MC BCP Server : Received connection from: 127.0.0.1:65008
2020-10-05 17:11:14,650 : EventManager : Event: ======'client_connected'====== Args={'host': '127.0.0.1', 'port': 65008}
2020-10-05 17:11:14,681 : EventManager : Event: ======'machine_var_credits_string'====== Args={'value': 'FREE PLAY', 'prev_value': None, 'change': True}
2020-10-05 17:11:14,681 : EventManager : Event: ======'machine_var_player1_score'====== Args={'value': 8110, 'prev_value': None, 'change': True}
2020-10-05 17:11:14,682 : EventManager : Event: ======'machine_var_mpf_version'====== Args={'value': 'MPF v0.54.0-dev.72', 'prev_value': None, 'change': True}
2020-10-05 17:11:14,682 : EventManager : Event: ======'machine_var_mpf_extended_version'====== Args={'value': 'MPF v0.54.0-dev.72, Config version:5, Show version: 5, BCP version:1.1', 'prev_value': None, 'change': True}
2020-10-05 17:11:14,682 : EventManager : Event: ======'machine_var_python_version'====== Args={'value': '3.6.4', 'prev_value': None, 'change': True}
2020-10-05 17:11:14,683 : EventManager : Event: ======'machine_var_platform'====== Args={'value': 'Windows-10-10.0.18362-SP0', 'prev_value': None, 'change': True}
2020-10-05 17:11:14,684 : EventManager : Event: ======'machine_var_platform_system'====== Args={'value': 'Windows', 'prev_value': None, 'change': True}
2020-10-05 17:11:14,684 : EventManager : Event: ======'machine_var_platform_release'====== Args={'value': '10', 'prev_value': None, 'change': True}
2020-10-05 17:11:14,684 : EventManager : Event: ======'machine_var_platform_version'====== Args={'value': '10.0.18362', 'prev_value': None, 'change': True}
2020-10-05 17:11:14,684 : EventManager : Event: ======'machine_var_platform_machine'====== Args={'value': 'AMD64', 'prev_value': None, 'change': True}
2020-10-05 17:11:14,684 : EventManager : Event: ======'machine_var_mc_version'====== Args={'value': 'MPF-MC v0.54.0-dev.20', 'prev_value': None, 'change': True}
2020-10-05 17:11:14,685 : EventManager : Event: ======'machine_var_mc_extended_version'====== Args={'value': 'MPF-MC v0.54.0-dev.20 (config_version=5, BCP v1.1, Requires MPF v0.54.0-dev.68)', 'prev_value': None, 'change': True}
2020-10-05 17:11:14,685 : EventManager : Event: ======'machine_var_master_volume'====== Args={'value': 0.5, 'prev_value': None, 'change': True}
2020-10-05 17:11:14,789 : EventManager : Event: ======'machine_var_audits_events_game_ended'====== Args={'value': 21, 'prev_value': None, 'change': True}
2020-10-05 17:11:14,790 : EventManager : Event: ======'machine_var_audits_events_game_started'====== Args={'value': 40, 'prev_value': None, 'change': True}
2020-10-05 17:11:14,791 : EventManager : Event: ======'machine_var_audits_player_score'====== Args={'value': {'average': 530.4761904761905, 'top': [2970, 1300, 1220, 980, 880, 780, 720, 710, 630, 590], 'total': 21}, 'prev_value': None, 'change': True}
2020-10-05 17:11:14,791 : EventManager : Event: ======'machine_var_audits_shots_soul_L'====== Args={'value': 248, 'prev_value': None, 'change': True}
2020-10-05 17:11:14,792 : EventManager : Event: ======'machine_var_audits_shots_soul_O'====== Args={'value': 255, 'prev_value': None, 'change': True}
2020-10-05 17:11:14,792 : EventManager : Event: ======'machine_var_audits_shots_soul_S'====== Args={'value': 288, 'prev_value': None, 'change': True}
2020-10-05 17:11:14,792 : EventManager : Event: ======'machine_var_audits_shots_soul_U'====== Args={'value': 250, 'prev_value': None, 'change': True}
2020-10-05 17:11:14,792 : EventManager : Event: ======'machine_var_audits_switches_s_coin'====== Args={'value': 20, 'prev_value': None, 'change': True}
2020-10-05 17:11:14,793 : EventManager : Event: ======'machine_var_audits_switches_s_dash_L'====== Args={'value': 0, 'prev_value': None, 'change': True}
2020-10-05 17:11:14,793 : EventManager : Event: ======'machine_var_audits_switches_s_dash_R'====== Args={'value': 0, 'prev_value': None, 'change': True}
2020-10-05 17:11:14,794 : EventManager : Event: ======'machine_var_audits_switches_s_dtSling_L'====== Args={'value': 0, 'prev_value': None, 'change': True}
2020-10-05 17:11:14,794 : EventManager : Event: ======'machine_var_audits_switches_s_dtSling_R'====== Args={'value': 0, 'prev_value': None, 'change': True}
2020-10-05 17:11:14,794 : EventManager : Event: ======'machine_var_audits_switches_s_dt_C'====== Args={'value': 101, 'prev_value': None, 'change': True}
2020-10-05 17:11:14,794 : EventManager : Event: ======'machine_var_audits_switches_s_dt_G'====== Args={'value': 28, 'prev_value': None, 'change': True}
2020-10-05 17:11:14,795 : EventManager : Event: ======'machine_var_audits_switches_s_dt_M'====== Args={'value': 26, 'prev_value': None, 'change': True}
2020-10-05 17:11:14,795 : EventManager : Event: ======'machine_var_audits_switches_s_dt_P'====== Args={'value': 81, 'prev_value': None, 'change': True}
2020-10-05 17:11:14,795 : EventManager : Event: ======'machine_var_audits_switches_s_dt_U'====== Args={'value': 89, 'prev_value': None, 'change': True}
2020-10-05 17:11:14,795 : EventManager : Event: ======'machine_var_audits_switches_s_dt_U2'====== Args={'value': 26, 'prev_value': None, 'change': True}
2020-10-05 17:11:14,796 : EventManager : Event: ======'machine_var_audits_switches_s_exit_shooter_lane'====== Args={'value': 373, 'prev_value': None, 'change': True}
2020-10-05 17:11:14,796 : EventManager : Event: ======'machine_var_audits_switches_s_inLane_L'====== Args={'value': 0, 'prev_value': None, 'change': True}
2020-10-05 17:11:14,797 : EventManager : Event: ======'machine_var_audits_switches_s_inLane_R'====== Args={'value': 0, 'prev_value': None, 'change': True}
2020-10-05 17:11:14,797 : EventManager : Event: ======'machine_var_audits_switches_s_kicker'====== Args={'value': 0, 'prev_value': None, 'change': True}
2020-10-05 17:11:14,798 : EventManager : Event: ======'machine_var_audits_switches_s_left_flipper'====== Args={'value': 151, 'prev_value': None, 'change': True}
2020-10-05 17:11:14,798 : EventManager : Event: ======'machine_var_audits_switches_s_midRight'====== Args={'value': 0, 'prev_value': None, 'change': True}
2020-10-05 17:11:14,799 : EventManager : Event: ======'machine_var_audits_switches_s_outLane_L'====== Args={'value': 0, 'prev_value': None, 'change': True}
2020-10-05 17:11:14,812 : EventManager : Event: ======'machine_var_audits_switches_s_outLane_R'====== Args={'value': 0, 'prev_value': None, 'change': True}
2020-10-05 17:11:14,812 : EventManager : Event: ======'machine_var_audits_switches_s_perdition'====== Args={'value': 0, 'prev_value': None, 'change': True}
2020-10-05 17:11:14,813 : EventManager : Event: ======'machine_var_audits_switches_s_playfield'====== Args={'value': 0, 'prev_value': None, 'change': True}
2020-10-05 17:11:14,813 : EventManager : Event: ======'machine_var_audits_switches_s_plunger'====== Args={'value': 606, 'prev_value': None, 'change': True}
2020-10-05 17:11:14,813 : EventManager : Event: ======'machine_var_audits_switches_s_popBumper_1'====== Args={'value': 464, 'prev_value': None, 'change': True}
2020-10-05 17:11:14,813 : EventManager : Event: ======'machine_var_audits_switches_s_popBumper_2'====== Args={'value': 440, 'prev_value': None, 'change': True}
2020-10-05 17:11:14,814 : EventManager : Event: ======'machine_var_audits_switches_s_popBumper_3'====== Args={'value': 164, 'prev_value': None, 'change': True}
2020-10-05 17:11:14,814 : EventManager : Event: ======'machine_var_audits_switches_s_pop_bumper1'====== Args={'value': 120, 'prev_value': None, 'change': True}
2020-10-05 17:11:14,814 : EventManager : Event: ======'machine_var_audits_switches_s_pop_bumper2'====== Args={'value': 153, 'prev_value': None, 'change': True}
2020-10-05 17:11:14,814 : EventManager : Event: ======'machine_var_audits_switches_s_pop_bumper3'====== Args={'value': 100, 'prev_value': None, 'change': True}
2020-10-05 17:11:14,814 : EventManager : Event: ======'machine_var_audits_switches_s_right_flipper'====== Args={'value': 217, 'prev_value': None, 'change': True}
2020-10-05 17:11:14,815 : EventManager : Event: ======'machine_var_audits_switches_s_sling_L'====== Args={'value': 0, 'prev_value': None, 'change': True}
2020-10-05 17:11:14,815 : EventManager : Event: ======'machine_var_audits_switches_s_sling_R'====== Args={'value': 0, 'prev_value': None, 'change': True}
2020-10-05 17:11:14,815 : EventManager : Event: ======'machine_var_audits_switches_s_soul_L'====== Args={'value': 249, 'prev_value': None, 'change': True}
2020-10-05 17:11:14,816 : EventManager : Event: ======'machine_var_audits_switches_s_soul_O'====== Args={'value': 260, 'prev_value': None, 'change': True}
2020-10-05 17:11:14,824 : EventManager : Event: ======'machine_var_audits_switches_s_soul_S'====== Args={'value': 288, 'prev_value': None, 'change': True}
2020-10-05 17:11:14,824 : EventManager : Event: ======'machine_var_audits_switches_s_soul_U'====== Args={'value': 250, 'prev_value': None, 'change': True}
2020-10-05 17:11:14,824 : EventManager : Event: ======'machine_var_audits_switches_s_standUp_1'====== Args={'value': 0, 'prev_value': None, 'change': True}
2020-10-05 17:11:14,825 : EventManager : Event: ======'machine_var_audits_switches_s_standUp_2'====== Args={'value': 0, 'prev_value': None, 'change': True}
2020-10-05 17:11:14,825 : EventManager : Event: ======'machine_var_audits_switches_s_standUp_3'====== Args={'value': 0, 'prev_value': None, 'change': True}
2020-10-05 17:11:14,825 : EventManager : Event: ======'machine_var_audits_switches_s_standUp_R'====== Args={'value': 0, 'prev_value': None, 'change': True}
2020-10-05 17:11:14,826 : EventManager : Event: ======'machine_var_audits_switches_s_star_1'====== Args={'value': 0, 'prev_value': None, 'change': True}
2020-10-05 17:11:14,826 : EventManager : Event: ======'machine_var_audits_switches_s_star_2'====== Args={'value': 0, 'prev_value': None, 'change': True}
2020-10-05 17:11:14,827 : EventManager : Event: ======'machine_var_audits_switches_s_star_3'====== Args={'value': 0, 'prev_value': None, 'change': True}
2020-10-05 17:11:14,827 : EventManager : Event: ======'machine_var_audits_switches_s_start'====== Args={'value': 69, 'prev_value': None, 'change': True}
2020-10-05 17:11:14,827 : EventManager : Event: ======'machine_var_audits_switches_s_tilt'====== Args={'value': 0, 'prev_value': None, 'change': True}
2020-10-05 17:11:14,828 : EventManager : Event: ======'machine_var_audits_switches_s_trough1'====== Args={'value': 538, 'prev_value': None, 'change': True}
2020-10-05 17:11:14,836 : EventManager : Event: ======'machine_var_audits_switches_s_trough2'====== Args={'value': 72, 'prev_value': None, 'change': True}
2020-10-05 17:11:14,836 : EventManager : Event: ======'machine_var_audits_switches_s_trough_jam'====== Args={'value': 13, 'prev_value': None, 'change': True}
2020-10-05 17:11:14,871 : EventManager : Event: ======'slides_play'====== Args={'settings': {'welcome_slide': {'target': None, 'background_color': [0.0, 0.0, 0.0, 1.0], 'priority': None, 'show': True, 'force': False, 'expire': None, 'slide': None, 'tokens': {}, 'action': 'play'}}, 'context': '_global', 'calling_context': 'init_done', 'priority': 0}
2020-10-05 17:11:14,871 : EventManager : Event: ======'mc_reset_phase_1'====== Args={}
2020-10-05 17:11:14,871 : mpfmc : SlidePlayer: Play called with settings={'welcome_slide': {'target': None, 'background_color': [0.0, 0.0, 0.0, 1.0], 'priority': None, 'show': True, 'force': False, 'expire': None, 'slide': None, 'tokens': {}, 'action': 'play'}}
2020-10-05 17:11:14,872 : EventManager : Event: ======'slide_welcome_slide_removed'====== Args={}
2020-10-05 17:11:14,879 : EventManager : Event: ======'slide_welcome_slide_created'====== Args={}
2020-10-05 17:11:14,880 : EventManager : Event: ======'mc_reset_phase_2'====== Args={}
2020-10-05 17:11:14,880 : EventManager : Event: ======'mc_reset_phase_3'====== Args={}
2020-10-05 17:11:14,881 : EventManager : Event: ======'mc_reset_complete'====== Args={}
2020-10-05 17:11:14,882 : EventManager : Event: ======'slide_welcome_slide_active'====== Args={}
2020-10-05 17:11:14,894 : EventManager : Event: ======'slides_play'====== Args={'settings': {'awesome_slide': {'widgets': [{'type': 'text', 'text': 'Cuphead Pinball', 'font_size': 50, '_default_settings': ['type', 'text', 'font_size'], 'x': None, 'y': None, 'anchor_x': 'center', 'anchor_y': 'center', 'round_anchor_x': None, 'round_anchor_y': None, 'opacity': 1.0, 'z': 0, 'reset_animations_events': {}, 'color': [1.0, 1.0, 1.0, 1.0], 'style': [], 'adjust_top': 0, 'adjust_bottom': 0, 'adjust_left': 0, 'adjust_right': 0, 'expire': None, 'key': None, 'widget': None, 'events_when_added': [], 'events_when_removed': [], 'bitmap_font': False, 'font_kerning': True, 'bold': False, 'italic': False, 'number_grouping': False, 'min_digits': 0, 'halign': 'center', 'valign': 'middle', 'rotation': 0, 'scale': 1.0, 'casing': None, 'animations': None}], 'transition': {'type': 'push', 'duration': 1.0, 'direction': 'left', 'easing': 'out_quad'}, 'target': None, 'background_color': [0.0, 0.0, 0.0, 1.0], 'priority': None, 'show': True, 'force': False, 'expire': None, 'slide': None, 'tokens': {}, 'action': 'play'}}, 'context': 'show_1', 'calling_context': 0, 'priority': 10, 'show_tokens': {}, 'start_time': 513918.156}
2020-10-05 17:11:14,895 : EventManager : Event: ======'sounds_play'====== Args={'settings': {'attract_music': {'loops': -1, 'mode_end_action': 'stop', 'priority': None, 'action': 'play', 'track': None, 'volume': None, 'pan': None, 'start_at': None, 'fade_in': None, 'fade_out': None, 'about_to_finish_time': -1.0, 'max_queue_time': -1.0, 'events_when_played': ['use_sound_setting'], 'events_when_stopped': ['use_sound_setting'], 'events_when_looping': ['use_sound_setting'], 'events_when_about_to_finish': ['use_sound_setting'], 'key': 'use_sound_setting'}}, 'context': 'attract', 'calling_context': 'mode_attract_started', 'priority': 10}
2020-10-05 17:11:14,895 : mpfmc : SlidePlayer: Play called with settings={'awesome_slide': {'widgets': [{'type': 'text', 'text': 'Cuphead Pinball', 'font_size': 50, '_default_settings': ['type', 'text', 'font_size'], 'x': None, 'y': None, 'anchor_x': 'center', 'anchor_y': 'center', 'round_anchor_x': None, 'round_anchor_y': None, 'opacity': 1.0, 'z': 0, 'reset_animations_events': {}, 'color': [1.0, 1.0, 1.0, 1.0], 'style': [], 'adjust_top': 0, 'adjust_bottom': 0, 'adjust_left': 0, 'adjust_right': 0, 'expire': None, 'key': None, 'widget': None, 'events_when_added': [], 'events_when_removed': [], 'bitmap_font': False, 'font_kerning': True, 'bold': False, 'italic': False, 'number_grouping': False, 'min_digits': 0, 'halign': 'center', 'valign': 'middle', 'rotation': 0, 'scale': 1.0, 'casing': None, 'animations': None}], 'transition': {'type': 'push', 'duration': 1.0, 'direction': 'left', 'easing': 'out_quad'}, 'target': None, 'background_color': [0.0, 0.0, 0.0, 1.0], 'priority': None, 'show': True, 'force': False, 'expire': None, 'slide': None, 'tokens': {}, 'action': 'play'}}
2020-10-05 17:11:14,904 : EventManager : Event: ======'slide_awesome_slide_created'====== Args={}
2020-10-05 17:11:14,912 : EventManager : Event: ======'slide_awesome_slide_active'====== Args={}
2020-10-05 17:11:16,472 : EventManager : Event: ======'game_started'====== Args={}
2020-10-05 17:11:16,474 : EventManager : Event: ======'slides_clear'====== Args={'context': 'show_1'}
2020-10-05 17:11:16,475 : EventManager : Event: ======'sounds_clear'====== Args={'context': 'attract'}
2020-10-05 17:11:16,478 : EventManager : Event: ======'slide_awesome_slide_removed'====== Args={}
2020-10-05 17:11:16,480 : EventManager : Event: ======'slide_welcome_slide_active'====== Args={}
2020-10-05 17:11:16,510 : EventManager : Event: ======'player_added'====== Args={'player': <Player 1>, 'num': 1}
2020-10-05 17:11:16,510 : EventManager : Event: ======'player_index'====== Args={'value': 0, 'prev_value': 0, 'change': 0, 'player_num': 1}
2020-10-05 17:11:16,510 : EventManager : Event: ======'player_number'====== Args={'value': 1, 'prev_value': 1, 'change': 0, 'player_num': 1}
2020-10-05 17:11:16,510 : EventManager : Event: ======'player_score'====== Args={'value': 0, 'prev_value': 0, 'change': 0, 'player_num': 1}
2020-10-05 17:11:16,511 : EventManager : Event: ======'player_bonus_multiplier'====== Args={'value': 1, 'prev_value': 0, 'change': 1, 'player_num': 1}
2020-10-05 17:11:16,511 : EventManager : Event: ======'player_contracts'====== Args={'value': 0, 'prev_value': 0, 'change': 0, 'player_num': 1}
2020-10-05 17:11:16,535 : EventManager : Event: ======'player_ball'====== Args={'value': 1, 'prev_value': 0, 'change': 1, 'player_num': 1}
2020-10-05 17:11:16,535 : EventManager : Event: ======'player_turn_start'====== Args={'number': 1, 'player': <Player 1>}
2020-10-05 17:11:16,560 : EventManager : Event: ======'player_shot_soul_S_enabled'====== Args={'value': True, 'prev_value': 0, 'change': 1, 'player_num': 1}
2020-10-05 17:11:16,561 : EventManager : Event: ======'player_shot_soul_O_enabled'====== Args={'value': True, 'prev_value': 0, 'change': 1, 'player_num': 1}
2020-10-05 17:11:16,561 : EventManager : Event: ======'player_shot_soul_U_enabled'====== Args={'value': True, 'prev_value': 0, 'change': 1, 'player_num': 1}
2020-10-05 17:11:16,561 : EventManager : Event: ======'player_shot_soul_L_enabled'====== Args={'value': True, 'prev_value': 0, 'change': 1, 'player_num': 1}
2020-10-05 17:11:16,572 : EventManager : Event: ======'sounds_play'====== Args={'settings': {'poolCupHeadBase': {'loops': -1, 'priority': None, 'action': 'play', 'track': None, 'volume': None, 'pan': None, 'start_at': None, 'fade_in': None, 'fade_out': None, 'about_to_finish_time': -1.0, 'max_queue_time': -1.0, 'events_when_played': ['use_sound_setting'], 'events_when_stopped': ['use_sound_setting'], 'events_when_looping': ['use_sound_setting'], 'events_when_about_to_finish': ['use_sound_setting'], 'mode_end_action': 'use_sound_setting', 'key': 'use_sound_setting'}}, 'context': 'base', 'calling_context': 'mode_base_started', 'priority': 100, 'queue': '<QueuedEvent>', 'player': 1, 'ball': 1, 'balls_remaining': 4, 'is_extra_ball': False}
2020-10-05 17:11:16,574 : EventManager : Event: ======'slides_play'====== Args={'settings': {'widgets': {'widgets': [{'type': 'text', 'text': '(score)', 'number_grouping': True, 'min_digits': 2, 'font_size': 100, '_default_settings': ['type', 'text', 'number_grouping', 'min_digits', 'font_size'], 'x': None, 'y': None, 'anchor_x': 'center', 'anchor_y': 'center', 'round_anchor_x': None, 'round_anchor_y': None, 'opacity': 1.0, 'z': 0, 'reset_animations_events': {}, 'color': [1.0, 1.0, 1.0, 1.0], 'style': [], 'adjust_top': 0, 'adjust_bottom': 0, 'adjust_left': 0, 'adjust_right': 0, 'expire': None, 'key': None, 'widget': None, 'events_when_added': [], 'events_when_removed': [], 'bitmap_font': False, 'font_kerning': True, 'bold': False, 'italic': False, 'halign': 'center', 'valign': 'middle', 'rotation': 0, 'scale': 1.0, 'casing': None, 'animations': None}, {'type': 'text', 'text': 'Player (player)', 'y': '10', 'x': '10', 'font_size': 30, 'anchor_x': 'left', 'anchor_y': 'bottom', '_default_settings': ['type', 'text', 'y', 'x', 'font_size', 'anchor_x', 'anchor_y'], 'round_anchor_x': None, 'round_anchor_y': None, 'opacity': 1.0, 'z': 0, 'reset_animations_events': {}, 'color': [1.0, 1.0, 1.0, 1.0], 'style': [], 'adjust_top': 0, 'adjust_bottom': 0, 'adjust_left': 0, 'adjust_right': 0, 'expire': None, 'key': None, 'widget': None, 'events_when_added': [], 'events_when_removed': [], 'bitmap_font': False, 'font_kerning': True, 'bold': False, 'italic': False, 'number_grouping': False, 'min_digits': 0, 'halign': 'center', 'valign': 'middle', 'rotation': 0, 'scale': 1.0, 'casing': None, 'animations': None}, {'type': 'text', 'text': 'BALL (ball)', 'y': '10', 'x': 'right-10', 'anchor_x': 'right', 'anchor_y': 'bottom', 'font_size': 50, '_default_settings': ['type', 'text', 'y', 'x', 'anchor_x', 'anchor_y', 'font_size'], 'round_anchor_x': None, 'round_anchor_y': None, 'opacity': 1.0, 'z': 0, 'reset_animations_events': {}, 'color': [1.0, 1.0, 1.0, 1.0], 'style': [], 'adjust_top': 0, 'adjust_bottom': 0, 'adjust_left': 0, 'adjust_right': 0, 'expire': None, 'key': None, 'widget': None, 'events_when_added': [], 'events_when_removed': [], 'bitmap_font': False, 'font_kerning': True, 'bold': False, 'italic': False, 'number_grouping': False, 'min_digits': 0, 'halign': 'center', 'valign': 'middle', 'rotation': 0, 'scale': 1.0, 'casing': None, 'animations': None}], 'target': None, 'background_color': [0.0, 0.0, 0.0, 1.0], 'priority': None, 'show': True, 'force': False, 'expire': None, 'slide': None, 'tokens': {}, 'action': 'play'}}, 'context': 'base', 'calling_context': 'mode_base_started', 'priority': 100, 'queue': '<QueuedEvent>', 'player': 1, 'ball': 1, 'balls_remaining': 4, 'is_extra_ball': False}
2020-10-05 17:11:16,575 : mpfmc : SlidePlayer: Play called with settings={'widgets': {'widgets': [{'type': 'text', 'text': '(score)', 'number_grouping': True, 'min_digits': 2, 'font_size': 100, '_default_settings': ['type', 'text', 'number_grouping', 'min_digits', 'font_size'], 'x': None, 'y': None, 'anchor_x': 'center', 'anchor_y': 'center', 'round_anchor_x': None, 'round_anchor_y': None, 'opacity': 1.0, 'z': 0, 'reset_animations_events': {}, 'color': [1.0, 1.0, 1.0, 1.0], 'style': [], 'adjust_top': 0, 'adjust_bottom': 0, 'adjust_left': 0, 'adjust_right': 0, 'expire': None, 'key': None, 'widget': None, 'events_when_added': [], 'events_when_removed': [], 'bitmap_font': False, 'font_kerning': True, 'bold': False, 'italic': False, 'halign': 'center', 'valign': 'middle', 'rotation': 0, 'scale': 1.0, 'casing': None, 'animations': None}, {'type': 'text', 'text': 'Player (player)', 'y': '10', 'x': '10', 'font_size': 30, 'anchor_x': 'left', 'anchor_y': 'bottom', '_default_settings': ['type', 'text', 'y', 'x', 'font_size', 'anchor_x', 'anchor_y'], 'round_anchor_x': None, 'round_anchor_y': None, 'opacity': 1.0, 'z': 0, 'reset_animations_events': {}, 'color': [1.0, 1.0, 1.0, 1.0], 'style': [], 'adjust_top': 0, 'adjust_bottom': 0, 'adjust_left': 0, 'adjust_right': 0, 'expire': None, 'key': None, 'widget': None, 'events_when_added': [], 'events_when_removed': [], 'bitmap_font': False, 'font_kerning': True, 'bold': False, 'italic': False, 'number_grouping': False, 'min_digits': 0, 'halign': 'center', 'valign': 'middle', 'rotation': 0, 'scale': 1.0, 'casing': None, 'animations': None}, {'type': 'text', 'text': 'BALL (ball)', 'y': '10', 'x': 'right-10', 'anchor_x': 'right', 'anchor_y': 'bottom', 'font_size': 50, '_default_settings': ['type', 'text', 'y', 'x', 'anchor_x', 'anchor_y', 'font_size'], 'round_anchor_x': None, 'round_anchor_y': None, 'opacity': 1.0, 'z': 0, 'reset_animations_events': {}, 'color': [1.0, 1.0, 1.0, 1.0], 'style': [], 'adjust_top': 0, 'adjust_bottom': 0, 'adjust_left': 0, 'adjust_right': 0, 'expire': None, 'key': None, 'widget': None, 'events_when_added': [], 'events_when_removed': [], 'bitmap_font': False, 'font_kerning': True, 'bold': False, 'italic': False, 'number_grouping': False, 'min_digits': 0, 'halign': 'center', 'valign': 'middle', 'rotation': 0, 'scale': 1.0, 'casing': None, 'animations': None}], 'target': None, 'background_color': [0.0, 0.0, 0.0, 1.0], 'priority': None, 'show': True, 'force': False, 'expire': None, 'slide': None, 'tokens': {}, 'action': 'play'}}
2020-10-05 17:11:16,588 : EventManager : Event: ======'slide_base.slide_player-mode_base_started_created'====== Args={}
2020-10-05 17:11:16,594 : EventManager : Event: ======'slide_base.slide_player-mode_base_started_active'====== Args={}
2020-10-05 17:11:16,617 : EventManager : Event: ======'player_bonus_multiplier'====== Args={'value': 0, 'prev_value': 1, 'change': -1, 'player_num': 1}
2020-10-05 17:11:16,618 : EventManager : Event: ======'widgets_play'====== Args={'settings': {'soul_lanes_banner': {'priority': 0, 'slide': None, 'action': 'add', 'key': None, 'target': None}}, 'context': 'soulLanes', 'calling_context': 'mode_soulLanes_started', 'priority': 110, 'player': 1, 'ball': 1, 'balls_remaining': 4, 'is_extra_ball': False}
2020-10-05 17:11:16,618 : EventManager : Event: ======'widgets_play'====== Args={'settings': {'contracts_banner': {'priority': 0, 'slide': None, 'action': 'add', 'key': None, 'target': None}}, 'context': 'base', 'calling_context': 'mode_soulLanes_started', 'priority': 100, 'player': 1, 'ball': 1, 'balls_remaining': 4, 'is_extra_ball': False}
2020-10-05 17:11:16,778 : EventManager : Event: ======'machine_var_audits_switches_s_plunger'====== Args={'value': 607, 'prev_value': 606, 'change': 1}
2020-10-05 17:11:23,423 : kivy : Base: Leaving application in progress...
2020-10-05 17:11:23,671 : kivy : WindowSDL: exiting mainloop and closing.
2020-10-05 17:11:23,704 : mpfmc : Stopping...
2020-10-05 17:11:23,704 : EventManager : Event: ======'shutdown'====== Args={}
2020-10-05 17:11:23,704 : mpfmc : Loop rate 38.23 Hz
2020-10-05 17:11:23,704 : kivy : MC run loop ended.
2020-10-05 17:11:23,704 : kivy : Stopping child threads... (3 remaining)
2020-10-05 17:11:23,751 : mpfmc : Stopping...
2020-10-05 17:11:23,751 : EventManager : Event: ======'shutdown'====== Args={}
2020-10-05 17:11:23,751 : mpfmc : Loop rate 38.15 Hz
2020-10-05 17:11:23,767 : MPF-MC BCP Server : Stopping BCP sending thread
2020-10-05 17:11:24,353 : kivy : All child threads stopped.
