2020-10-04 08:17:13,599 : kivy : Factory: 184 symbols loaded
2020-10-04 08:17:13,919 : kivy : ImageLoaderFFPy: Using ffpyplayer 4.3.1
2020-10-04 08:17:13,921 : kivy : Image: Providers: img_tex, img_dds, img_sdl2, img_pil, img_ffpyplayer, img_gif 
2020-10-04 08:17:14,045 : kivy : VideoGstplayer: Using Gstreamer 1.16.0.0
2020-10-04 08:17:14,045 : kivy : Video: Provider: gstplayer
2020-10-04 08:17:14,179 : kivy : Loading MPF-MC controller
2020-10-04 08:17:14,190 : YamlMultifileConfigLoader : Machine config file #1: config
2020-10-04 08:17:14,190 : ConfigProcessor : Config file in cache changed: c:\Pinball\Cuphead\config\config
2020-10-04 08:17:14,192 : ConfigProcessor : Loading config from file c:\users\themi\appdata\local\programs\python\python36\lib\site-packages\mpfmc\mcconfig.yaml.
2020-10-04 08:17:14,364 : ConfigProcessor : Loading config: c:\users\themi\appdata\local\programs\python\python36\lib\site-packages\mpfmc\mcconfig.yaml
2020-10-04 08:17:14,365 : ConfigProcessor : Loading config from file c:\Pinball\Cuphead\config\config.
2020-10-04 08:17:14,387 : ConfigProcessor : Loading config: c:\Pinball\Cuphead\config\config
2020-10-04 08:17:14,400 : ConfigProcessor : Loading config: c:\Pinball\Cuphead\config\keyboard.yaml
2020-10-04 08:17:14,443 : ConfigProcessor : Loading config: c:\Pinball\Cuphead\config\hwSwitches.yaml
2020-10-04 08:17:14,532 : ConfigProcessor : Loading config: c:\Pinball\Cuphead\config\hwLights.yaml
2020-10-04 08:17:14,557 : ConfigProcessor : Loading config: c:\Pinball\Cuphead\config\hwCoils.yaml
2020-10-04 08:17:14,563 : ConfigProcessor : Config file cache created: C:\Users\themi\AppData\Local\Temp\1bf5539849bfae2fda5beb863cde560d.mpf_cache
2020-10-04 08:17:14,564 : ConfigProcessor : Loading config from cache: C:\Users\themi\AppData\Local\Temp\7964e52b22911e9b68a8022172b185f3.mpf_cache
2020-10-04 08:17:14,565 : ConfigProcessor : Loading config from cache: C:\Users\themi\AppData\Local\Temp\4fcecb70f81c3c2fefb8e65ae9a0af5f.mpf_cache
2020-10-04 08:17:14,566 : ConfigProcessor : Loading config from cache: C:\Users\themi\AppData\Local\Temp\b2a05f27b99f0404929b6678617f21a2.mpf_cache
2020-10-04 08:17:14,568 : ConfigProcessor : Loading config from cache: C:\Users\themi\AppData\Local\Temp\ee661b7bde9ac1aee26ef2e16bd36711.mpf_cache
2020-10-04 08:17:14,568 : mpfmc : Mission Pinball Framework Media Controller v0.54.0-dev.20
2020-10-04 08:17:14,569 : mpfmc : Mission Pinball Framework Game Engine v0.54.0-dev.72
2020-10-04 08:17:14,569 : mpfmc : Machine path: c:\Pinball\Cuphead
2020-10-04 08:17:14,569 : mpfmc : Starting clock at 60.0Hz
2020-10-04 08:17:14,598 : kivy : Text: Provider: sdl2
2020-10-04 08:17:14,664 : kivy : Window: Provider: sdl2
2020-10-04 08:17:15,277 : kivy : GL: Using the "OpenGL" graphics system
2020-10-04 08:17:15,281 : kivy : GL: GLEW initialization succeeded
2020-10-04 08:17:15,282 : kivy : GL: Backend used <glew>
2020-10-04 08:17:15,283 : kivy : GL: OpenGL version <b'4.5.14568 Compatibility Profile Context 24.20.12050.0'>
2020-10-04 08:17:15,283 : kivy : GL: OpenGL vendor <b'ATI Technologies Inc.'>
2020-10-04 08:17:15,283 : kivy : GL: OpenGL renderer <b'AMD Radeon(TM) R4 Graphics'>
2020-10-04 08:17:15,284 : kivy : GL: OpenGL parsed version: 4, 5
2020-10-04 08:17:15,284 : kivy : GL: Shading version <b'4.50'>
2020-10-04 08:17:15,284 : kivy : GL: Texture max size <16384>
2020-10-04 08:17:15,284 : kivy : GL: Texture max units <32>
2020-10-04 08:17:15,329 : kivy : Window: auto add sdl2 input provider
2020-10-04 08:17:15,330 : kivy : Window: virtual keyboard not allowed, single mode, not docked
2020-10-04 08:17:15,347 : SoundSystem : SoundSystem: Using default 'sound_system' settings
2020-10-04 08:17:16,180 : AudioInterface : Initialized
2020-10-04 08:17:16,181 : SoundSystem : No audio tracks are specified in your machine config file. a track named 'default' has been created.
2020-10-04 08:17:16,189 : kivy : Base: Start application main loop
2020-10-04 08:17:16,191 : EventManager : Event: ======'display_window_initialized'====== Args={}
2020-10-04 08:17:16,241 : mpfmc : Display: Setting 'window' as default display
2020-10-04 08:17:16,256 : EventManager : Event: ======'displays_initialized'====== Args={}
2020-10-04 08:17:16,259 : EventManager : Event: ======'slide_window_blank_created'====== Args={}
2020-10-04 08:17:16,259 : EventManager : Event: ======'display_window_ready'====== Args={}
2020-10-04 08:17:16,281 : EventManager : Event: ======'init_phase_1'====== Args={}
2020-10-04 08:17:16,288 : EventManager : Event: ======'mc_ready'====== Args={}
2020-10-04 08:17:16,289 : EventManager : Event: ======'init_phase_2'====== Args={}
2020-10-04 08:17:16,296 : EventManager : Event: ======'init_phase_3'====== Args={}
2020-10-04 08:17:16,298 : AssetManager : Registering Asset: cupHighScore, File: cupHighScore.ogg, Default Group: default, Final Config: {'load': 'preload', 'file': 'c:\\Pinball\\Cuphead\\modes\\base\\sounds\\music\\cupHighScore.ogg'}
2020-10-04 08:17:16,298 : AssetManager : Registering Asset: cupMusic1, File: cupMusic1.ogg, Default Group: default, Final Config: {'load': 'preload', 'target': 'music', 'loop': -1, 'mode_end_action': 'stop', 'file': 'c:\\Pinball\\Cuphead\\modes\\base\\sounds\\music\\cupMusic1.ogg'}
2020-10-04 08:17:16,299 : AssetManager : Registering Asset: cupMusic2, File: cupMusic2.ogg, Default Group: default, Final Config: {'load': 'preload', 'target': 'music', 'loop': -1, 'mode_end_action': 'stop', 'file': 'c:\\Pinball\\Cuphead\\modes\\base\\sounds\\music\\cupMusic2.ogg'}
2020-10-04 08:17:16,299 : AssetManager : Registering Asset: cupMusic3, File: cupMusic3.ogg, Default Group: default, Final Config: {'load': 'preload', 'target': 'music', 'loop': -1, 'mode_end_action': 'stop', 'file': 'c:\\Pinball\\Cuphead\\modes\\base\\sounds\\music\\cupMusic3.ogg'}
2020-10-04 08:17:16,299 : AssetManager : Registering Asset: cupMusic4, File: cupMusic4.ogg, Default Group: default, Final Config: {'load': 'preload', 'target': 'music', 'loop': -1, 'mode_end_action': 'stop', 'file': 'c:\\Pinball\\Cuphead\\modes\\base\\sounds\\music\\cupMusic4.ogg'}
2020-10-04 08:17:16,299 : AssetManager : Registering Asset: cupMusic5, File: cupMusic5.ogg, Default Group: default, Final Config: {'load': 'preload', 'file': 'c:\\Pinball\\Cuphead\\modes\\base\\sounds\\music\\cupMusic5.ogg'}
2020-10-04 08:17:16,299 : AssetManager : Registering Asset: cupMusic6, File: cupMusic6.ogg, Default Group: default, Final Config: {'load': 'preload', 'file': 'c:\\Pinball\\Cuphead\\modes\\base\\sounds\\music\\cupMusic6.ogg'}
2020-10-04 08:17:16,299 : AssetManager : Registering Asset: cupMusic7, File: cupMusic7.ogg, Default Group: default, Final Config: {'load': 'preload', 'file': 'c:\\Pinball\\Cuphead\\modes\\base\\sounds\\music\\cupMusic7.ogg'}
2020-10-04 08:17:16,299 : AssetManager : Registering Asset: cupMusic8, File: cupMusic8.ogg, Default Group: default, Final Config: {'load': 'preload', 'file': 'c:\\Pinball\\Cuphead\\modes\\base\\sounds\\music\\cupMusic8.ogg'}
2020-10-04 08:17:16,300 : AssetManager : Registering Asset: cupMusic9, File: cupMusic9.ogg, Default Group: default, Final Config: {'load': 'preload', 'file': 'c:\\Pinball\\Cuphead\\modes\\base\\sounds\\music\\cupMusic9.ogg'}
2020-10-04 08:17:16,300 : AssetManager : Registering Asset: game_play_1, File: game_play_1.ogg, Default Group: default, Final Config: {'load': 'preload', 'file': 'c:\\Pinball\\Cuphead\\modes\\base\\sounds\\music\\game_play_1.ogg'}
2020-10-04 08:17:16,303 : AssetManager : Registering Asset: attract_music, File: attract_music.ogg, Default Group: default, Final Config: {'load': 'preload', 'file': 'c:\\Pinball\\Cuphead\\modes\\attract\\sounds\\music\\attract_music.ogg'}
2020-10-04 08:17:16,304 : EventManager : Event: ======'init_phase_4'====== Args={}
2020-10-04 08:17:16,305 : EventManager : Event: ======'init_phase_5'====== Args={}
2020-10-04 08:17:20,729 : EventManager : Event: ======'loading_assets'====== Args={'total': 12, 'loaded': 1, 'remaining': 11, 'percent': 8}
2020-10-04 08:17:20,729 : AssetManager : Loading assets: 1/12 (8%)
2020-10-04 08:17:22,372 : EventManager : Event: ======'loading_assets'====== Args={'total': 12, 'loaded': 7, 'remaining': 5, 'percent': 58}
2020-10-04 08:17:22,372 : AssetManager : Loading assets: 7/12 (58%)
2020-10-04 08:17:23,815 : EventManager : Event: ======'loading_assets'====== Args={'total': 12, 'loaded': 9, 'remaining': 3, 'percent': 75}
2020-10-04 08:17:23,815 : AssetManager : Loading assets: 9/12 (75%)
2020-10-04 08:17:25,531 : EventManager : Event: ======'loading_assets'====== Args={'total': 12, 'loaded': 11, 'remaining': 1, 'percent': 92}
2020-10-04 08:17:25,531 : AssetManager : Loading assets: 11/12 (92%)
2020-10-04 08:17:25,531 : EventManager : Event: ======'loading_assets'====== Args={'total': 12, 'loaded': 12, 'remaining': 0, 'percent': 100}
2020-10-04 08:17:25,531 : AssetManager : Asset loading took: 9.349363327026367
2020-10-04 08:17:25,532 : EventManager : Event: ======'asset_loading_complete'====== Args={}
2020-10-04 08:17:25,532 : AssetManager : Loading assets: 12/12 (100%)
2020-10-04 08:17:25,532 : EventManager : Event: ======'init_done'====== Args={}
2020-10-04 08:17:25,532 : MPF-MC BCP Server : Starting up on localhost port 5050
2020-10-04 08:17:25,541 : MPF-MC BCP Server : Waiting for a connection...
2020-10-04 08:17:25,542 : mpfmc : SlidePlayer: Play called with settings={'slides': {welcome_slide-None-None: {'priority': None, 'target': None, 'background_color': [0.0, 0.0, 0.0, 1.0], 'show': True, 'force': False, 'expire': None, 'slide': None, 'tokens': {}, 'action': 'play', 'transition': None, 'transition_out': None}}}
2020-10-04 08:17:25,551 : kivy : GL: NPOT texture support is available
2020-10-04 08:17:25,551 : EventManager : Event: ======'slide_welcome_slide_created'====== Args={}
2020-10-04 08:17:25,553 : EventManager : Event: ======'slide_welcome_slide_active'====== Args={}
2020-10-04 08:17:25,561 : EventManager : Event: ======'client_disconnected'====== Args={'host': '127.0.0.1', 'port': 5050}
2020-10-04 08:17:25,568 : MPF-MC BCP Server : Received connection from: 127.0.0.1:51151
2020-10-04 08:17:25,575 : EventManager : Event: ======'client_connected'====== Args={'host': '127.0.0.1', 'port': 51151}
2020-10-04 08:17:25,589 : EventManager : Event: ======'machine_var_credits_string'====== Args={'value': 'FREE PLAY', 'prev_value': None, 'change': True}
2020-10-04 08:17:25,591 : EventManager : Event: ======'machine_var_player1_score'====== Args={'value': 8110, 'prev_value': None, 'change': True}
2020-10-04 08:17:25,591 : EventManager : Event: ======'machine_var_mpf_version'====== Args={'value': 'MPF v0.54.0-dev.72', 'prev_value': None, 'change': True}
2020-10-04 08:17:25,592 : EventManager : Event: ======'machine_var_mpf_extended_version'====== Args={'value': 'MPF v0.54.0-dev.72, Config version:5, Show version: 5, BCP version:1.1', 'prev_value': None, 'change': True}
2020-10-04 08:17:25,592 : EventManager : Event: ======'machine_var_python_version'====== Args={'value': '3.6.4', 'prev_value': None, 'change': True}
2020-10-04 08:17:25,592 : EventManager : Event: ======'machine_var_platform'====== Args={'value': 'Windows-10-10.0.18362-SP0', 'prev_value': None, 'change': True}
2020-10-04 08:17:25,593 : EventManager : Event: ======'machine_var_platform_system'====== Args={'value': 'Windows', 'prev_value': None, 'change': True}
2020-10-04 08:17:25,593 : EventManager : Event: ======'machine_var_platform_release'====== Args={'value': '10', 'prev_value': None, 'change': True}
2020-10-04 08:17:25,593 : EventManager : Event: ======'machine_var_platform_version'====== Args={'value': '10.0.18362', 'prev_value': None, 'change': True}
2020-10-04 08:17:25,593 : EventManager : Event: ======'machine_var_platform_machine'====== Args={'value': 'AMD64', 'prev_value': None, 'change': True}
2020-10-04 08:17:25,593 : EventManager : Event: ======'machine_var_mc_version'====== Args={'value': 'MPF-MC v0.54.0-dev.20', 'prev_value': None, 'change': True}
2020-10-04 08:17:25,593 : EventManager : Event: ======'machine_var_mc_extended_version'====== Args={'value': 'MPF-MC v0.54.0-dev.20 (config_version=5, BCP v1.1, Requires MPF v0.54.0-dev.68)', 'prev_value': None, 'change': True}
2020-10-04 08:17:25,594 : EventManager : Event: ======'machine_var_master_volume'====== Args={'value': 0.5, 'prev_value': None, 'change': True}
2020-10-04 08:17:25,686 : EventManager : Event: ======'machine_var_audits_events_game_ended'====== Args={'value': 21, 'prev_value': None, 'change': True}
2020-10-04 08:17:25,686 : EventManager : Event: ======'machine_var_audits_events_game_started'====== Args={'value': 40, 'prev_value': None, 'change': True}
2020-10-04 08:17:25,687 : EventManager : Event: ======'machine_var_audits_player_score'====== Args={'value': {'average': 530.4761904761905, 'top': [2970, 1300, 1220, 980, 880, 780, 720, 710, 630, 590], 'total': 21}, 'prev_value': None, 'change': True}
2020-10-04 08:17:25,688 : EventManager : Event: ======'machine_var_audits_shots_soul_L'====== Args={'value': 85, 'prev_value': None, 'change': True}
2020-10-04 08:17:25,688 : EventManager : Event: ======'machine_var_audits_shots_soul_O'====== Args={'value': 90, 'prev_value': None, 'change': True}
2020-10-04 08:17:25,689 : EventManager : Event: ======'machine_var_audits_shots_soul_S'====== Args={'value': 104, 'prev_value': None, 'change': True}
2020-10-04 08:17:25,689 : EventManager : Event: ======'machine_var_audits_shots_soul_U'====== Args={'value': 89, 'prev_value': None, 'change': True}
2020-10-04 08:17:25,690 : EventManager : Event: ======'machine_var_audits_switches_s_coin'====== Args={'value': 20, 'prev_value': None, 'change': True}
2020-10-04 08:17:25,690 : EventManager : Event: ======'machine_var_audits_switches_s_dash_L'====== Args={'value': 0, 'prev_value': None, 'change': True}
2020-10-04 08:17:25,690 : EventManager : Event: ======'machine_var_audits_switches_s_dash_R'====== Args={'value': 0, 'prev_value': None, 'change': True}
2020-10-04 08:17:25,691 : EventManager : Event: ======'machine_var_audits_switches_s_dtSling_L'====== Args={'value': 0, 'prev_value': None, 'change': True}
2020-10-04 08:17:25,691 : EventManager : Event: ======'machine_var_audits_switches_s_dtSling_R'====== Args={'value': 0, 'prev_value': None, 'change': True}
2020-10-04 08:17:25,692 : EventManager : Event: ======'machine_var_audits_switches_s_dt_C'====== Args={'value': 72, 'prev_value': None, 'change': True}
2020-10-04 08:17:25,692 : EventManager : Event: ======'machine_var_audits_switches_s_dt_G'====== Args={'value': 21, 'prev_value': None, 'change': True}
2020-10-04 08:17:25,692 : EventManager : Event: ======'machine_var_audits_switches_s_dt_M'====== Args={'value': 19, 'prev_value': None, 'change': True}
2020-10-04 08:17:25,693 : EventManager : Event: ======'machine_var_audits_switches_s_dt_P'====== Args={'value': 55, 'prev_value': None, 'change': True}
2020-10-04 08:17:25,693 : EventManager : Event: ======'machine_var_audits_switches_s_dt_U'====== Args={'value': 63, 'prev_value': None, 'change': True}
2020-10-04 08:17:25,694 : EventManager : Event: ======'machine_var_audits_switches_s_dt_U2'====== Args={'value': 19, 'prev_value': None, 'change': True}
2020-10-04 08:17:25,694 : EventManager : Event: ======'machine_var_audits_switches_s_exit_shooter_lane'====== Args={'value': 350, 'prev_value': None, 'change': True}
2020-10-04 08:17:25,694 : EventManager : Event: ======'machine_var_audits_switches_s_inLane_L'====== Args={'value': 0, 'prev_value': None, 'change': True}
2020-10-04 08:17:25,695 : EventManager : Event: ======'machine_var_audits_switches_s_inLane_R'====== Args={'value': 0, 'prev_value': None, 'change': True}
2020-10-04 08:17:25,695 : EventManager : Event: ======'machine_var_audits_switches_s_kicker'====== Args={'value': 0, 'prev_value': None, 'change': True}
2020-10-04 08:17:25,696 : EventManager : Event: ======'machine_var_audits_switches_s_left_flipper'====== Args={'value': 151, 'prev_value': None, 'change': True}
2020-10-04 08:17:25,697 : EventManager : Event: ======'machine_var_audits_switches_s_midRight'====== Args={'value': 0, 'prev_value': None, 'change': True}
2020-10-04 08:17:25,699 : EventManager : Event: ======'machine_var_audits_switches_s_outLane_L'====== Args={'value': 0, 'prev_value': None, 'change': True}
2020-10-04 08:17:25,699 : EventManager : Event: ======'machine_var_audits_switches_s_outLane_R'====== Args={'value': 0, 'prev_value': None, 'change': True}
2020-10-04 08:17:25,700 : EventManager : Event: ======'machine_var_audits_switches_s_perdition'====== Args={'value': 0, 'prev_value': None, 'change': True}
2020-10-04 08:17:25,700 : EventManager : Event: ======'machine_var_audits_switches_s_playfield'====== Args={'value': 0, 'prev_value': None, 'change': True}
2020-10-04 08:17:25,714 : EventManager : Event: ======'machine_var_audits_switches_s_plunger'====== Args={'value': 538, 'prev_value': None, 'change': True}
2020-10-04 08:17:25,714 : EventManager : Event: ======'machine_var_audits_switches_s_popBumper_1'====== Args={'value': 463, 'prev_value': None, 'change': True}
2020-10-04 08:17:25,715 : EventManager : Event: ======'machine_var_audits_switches_s_popBumper_2'====== Args={'value': 438, 'prev_value': None, 'change': True}
2020-10-04 08:17:25,716 : EventManager : Event: ======'machine_var_audits_switches_s_popBumper_3'====== Args={'value': 162, 'prev_value': None, 'change': True}
2020-10-04 08:17:25,716 : EventManager : Event: ======'machine_var_audits_switches_s_pop_bumper1'====== Args={'value': 120, 'prev_value': None, 'change': True}
2020-10-04 08:17:25,716 : EventManager : Event: ======'machine_var_audits_switches_s_pop_bumper2'====== Args={'value': 153, 'prev_value': None, 'change': True}
2020-10-04 08:17:25,717 : EventManager : Event: ======'machine_var_audits_switches_s_pop_bumper3'====== Args={'value': 100, 'prev_value': None, 'change': True}
2020-10-04 08:17:25,718 : EventManager : Event: ======'machine_var_audits_switches_s_right_flipper'====== Args={'value': 216, 'prev_value': None, 'change': True}
2020-10-04 08:17:25,718 : EventManager : Event: ======'machine_var_audits_switches_s_sling_L'====== Args={'value': 0, 'prev_value': None, 'change': True}
2020-10-04 08:17:25,719 : EventManager : Event: ======'machine_var_audits_switches_s_sling_R'====== Args={'value': 0, 'prev_value': None, 'change': True}
2020-10-04 08:17:25,719 : EventManager : Event: ======'machine_var_audits_switches_s_soul_L'====== Args={'value': 86, 'prev_value': None, 'change': True}
2020-10-04 08:17:25,719 : EventManager : Event: ======'machine_var_audits_switches_s_soul_O'====== Args={'value': 95, 'prev_value': None, 'change': True}
2020-10-04 08:17:25,719 : EventManager : Event: ======'machine_var_audits_switches_s_soul_S'====== Args={'value': 104, 'prev_value': None, 'change': True}
2020-10-04 08:17:25,720 : EventManager : Event: ======'machine_var_audits_switches_s_soul_U'====== Args={'value': 89, 'prev_value': None, 'change': True}
2020-10-04 08:17:25,720 : EventManager : Event: ======'machine_var_audits_switches_s_standUp_1'====== Args={'value': 0, 'prev_value': None, 'change': True}
2020-10-04 08:17:25,720 : EventManager : Event: ======'machine_var_audits_switches_s_standUp_2'====== Args={'value': 0, 'prev_value': None, 'change': True}
2020-10-04 08:17:25,720 : EventManager : Event: ======'machine_var_audits_switches_s_standUp_3'====== Args={'value': 0, 'prev_value': None, 'change': True}
2020-10-04 08:17:25,721 : EventManager : Event: ======'machine_var_audits_switches_s_standUp_R'====== Args={'value': 0, 'prev_value': None, 'change': True}
2020-10-04 08:17:25,721 : EventManager : Event: ======'machine_var_audits_switches_s_star_1'====== Args={'value': 0, 'prev_value': None, 'change': True}
2020-10-04 08:17:25,721 : EventManager : Event: ======'machine_var_audits_switches_s_star_2'====== Args={'value': 0, 'prev_value': None, 'change': True}
2020-10-04 08:17:25,722 : EventManager : Event: ======'machine_var_audits_switches_s_star_3'====== Args={'value': 0, 'prev_value': None, 'change': True}
2020-10-04 08:17:25,723 : EventManager : Event: ======'machine_var_audits_switches_s_start'====== Args={'value': 68, 'prev_value': None, 'change': True}
2020-10-04 08:17:25,723 : EventManager : Event: ======'machine_var_audits_switches_s_tilt'====== Args={'value': 0, 'prev_value': None, 'change': True}
2020-10-04 08:17:25,724 : EventManager : Event: ======'machine_var_audits_switches_s_trough1'====== Args={'value': 508, 'prev_value': None, 'change': True}
2020-10-04 08:17:25,724 : EventManager : Event: ======'machine_var_audits_switches_s_trough2'====== Args={'value': 72, 'prev_value': None, 'change': True}
2020-10-04 08:17:25,724 : EventManager : Event: ======'machine_var_audits_switches_s_trough_jam'====== Args={'value': 13, 'prev_value': None, 'change': True}
2020-10-04 08:17:25,762 : EventManager : Event: ======'slides_play'====== Args={'settings': {'welcome_slide': {'target': None, 'background_color': [0.0, 0.0, 0.0, 1.0], 'priority': None, 'show': True, 'force': False, 'expire': None, 'slide': None, 'tokens': {}, 'action': 'play'}}, 'context': '_global', 'calling_context': 'init_done', 'priority': 0}
2020-10-04 08:17:25,762 : EventManager : Event: ======'mc_reset_phase_1'====== Args={}
2020-10-04 08:17:25,763 : mpfmc : SlidePlayer: Play called with settings={'welcome_slide': {'target': None, 'background_color': [0.0, 0.0, 0.0, 1.0], 'priority': None, 'show': True, 'force': False, 'expire': None, 'slide': None, 'tokens': {}, 'action': 'play'}}
2020-10-04 08:17:25,764 : EventManager : Event: ======'slide_welcome_slide_removed'====== Args={}
2020-10-04 08:17:25,768 : EventManager : Event: ======'slide_welcome_slide_created'====== Args={}
2020-10-04 08:17:25,769 : EventManager : Event: ======'mc_reset_phase_2'====== Args={}
2020-10-04 08:17:25,769 : EventManager : Event: ======'mc_reset_phase_3'====== Args={}
2020-10-04 08:17:25,769 : EventManager : Event: ======'mc_reset_complete'====== Args={}
2020-10-04 08:17:25,770 : EventManager : Event: ======'slide_welcome_slide_active'====== Args={}
2020-10-04 08:17:25,783 : EventManager : Event: ======'slides_play'====== Args={'settings': {'awesome_slide': {'widgets': [{'type': 'text', 'text': 'Cuphead Pinball', 'font_size': 50, '_default_settings': ['type', 'text', 'font_size'], 'x': None, 'y': None, 'anchor_x': 'center', 'anchor_y': 'center', 'round_anchor_x': None, 'round_anchor_y': None, 'opacity': 1.0, 'z': 0, 'reset_animations_events': {}, 'color': [1.0, 1.0, 1.0, 1.0], 'style': [], 'adjust_top': 0, 'adjust_bottom': 0, 'adjust_left': 0, 'adjust_right': 0, 'expire': None, 'key': None, 'widget': None, 'events_when_added': [], 'events_when_removed': [], 'bitmap_font': False, 'font_kerning': True, 'bold': False, 'italic': False, 'number_grouping': False, 'min_digits': 0, 'halign': 'center', 'valign': 'middle', 'rotation': 0, 'scale': 1.0, 'casing': None, 'animations': None}], 'transition': {'type': 'push', 'duration': 1.0, 'direction': 'left', 'easing': 'out_quad'}, 'target': None, 'background_color': [0.0, 0.0, 0.0, 1.0], 'priority': None, 'show': True, 'force': False, 'expire': None, 'slide': None, 'tokens': {}, 'action': 'play'}}, 'context': 'show_1', 'calling_context': 0, 'priority': 10, 'show_tokens': {}, 'start_time': 395487.39}
2020-10-04 08:17:25,784 : EventManager : Event: ======'sounds_play'====== Args={'settings': {'attract_music': {'loops': -1, 'mode_end_action': 'stop', 'priority': None, 'action': 'play', 'track': None, 'volume': None, 'pan': None, 'start_at': None, 'fade_in': None, 'fade_out': None, 'about_to_finish_time': -1.0, 'max_queue_time': -1.0, 'events_when_played': ['use_sound_setting'], 'events_when_stopped': ['use_sound_setting'], 'events_when_looping': ['use_sound_setting'], 'events_when_about_to_finish': ['use_sound_setting'], 'key': 'use_sound_setting'}}, 'context': 'attract', 'calling_context': 'mode_attract_started', 'priority': 10}
2020-10-04 08:17:25,784 : mpfmc : SlidePlayer: Play called with settings={'awesome_slide': {'widgets': [{'type': 'text', 'text': 'Cuphead Pinball', 'font_size': 50, '_default_settings': ['type', 'text', 'font_size'], 'x': None, 'y': None, 'anchor_x': 'center', 'anchor_y': 'center', 'round_anchor_x': None, 'round_anchor_y': None, 'opacity': 1.0, 'z': 0, 'reset_animations_events': {}, 'color': [1.0, 1.0, 1.0, 1.0], 'style': [], 'adjust_top': 0, 'adjust_bottom': 0, 'adjust_left': 0, 'adjust_right': 0, 'expire': None, 'key': None, 'widget': None, 'events_when_added': [], 'events_when_removed': [], 'bitmap_font': False, 'font_kerning': True, 'bold': False, 'italic': False, 'number_grouping': False, 'min_digits': 0, 'halign': 'center', 'valign': 'middle', 'rotation': 0, 'scale': 1.0, 'casing': None, 'animations': None}], 'transition': {'type': 'push', 'duration': 1.0, 'direction': 'left', 'easing': 'out_quad'}, 'target': None, 'background_color': [0.0, 0.0, 0.0, 1.0], 'priority': None, 'show': True, 'force': False, 'expire': None, 'slide': None, 'tokens': {}, 'action': 'play'}}
2020-10-04 08:17:25,796 : EventManager : Event: ======'slide_awesome_slide_created'====== Args={}
2020-10-04 08:17:25,801 : EventManager : Event: ======'slide_awesome_slide_active'====== Args={}
2020-10-04 08:17:28,782 : EventManager : Event: ======'slides_play'====== Args={'settings': {'press_start': {'widgets': [{'type': 'Text', 'text': 'PRESS START', 'animations': {'pre_show_slide': [{'property': ['opacity'], 'value': ['0'], 'duration': 0.5, 'relative': False, 'timing': 'after_previous', 'repeat': False, 'easing': 'linear'}, {'property': ['opacity'], 'value': ['1'], 'duration': 0.5, 'repeat': False, 'relative': False, 'timing': 'after_previous', 'easing': 'linear'}]}, '_default_settings': ['type', 'text', 'animations'], 'x': None, 'y': None, 'anchor_x': 'center', 'anchor_y': 'center', 'round_anchor_x': None, 'round_anchor_y': None, 'opacity': 1.0, 'z': 0, 'reset_animations_events': {}, 'color': [1.0, 1.0, 1.0, 1.0], 'style': [], 'adjust_top': 0, 'adjust_bottom': 0, 'adjust_left': 0, 'adjust_right': 0, 'expire': None, 'key': None, 'widget': None, 'events_when_added': [], 'events_when_removed': [], 'font_size': 15, 'bitmap_font': False, 'font_kerning': True, 'bold': False, 'italic': False, 'number_grouping': False, 'min_digits': 0, 'halign': 'center', 'valign': 'middle', 'rotation': 0, 'scale': 1.0, 'casing': None}, {'type': 'Text', 'text': 'FREE PLAY', 'color': [0.0, 0.5019607843137255, 0.0, 1], 'y': '10', 'anchor_y': 'bottom', '_default_settings': ['type', 'text', 'color', 'y', 'anchor_y'], 'x': None, 'anchor_x': 'center', 'round_anchor_x': None, 'round_anchor_y': None, 'opacity': 1.0, 'z': 0, 'reset_animations_events': {}, 'style': [], 'adjust_top': 0, 'adjust_bottom': 0, 'adjust_left': 0, 'adjust_right': 0, 'expire': None, 'key': None, 'widget': None, 'events_when_added': [], 'events_when_removed': [], 'font_size': 15, 'bitmap_font': False, 'font_kerning': True, 'bold': False, 'italic': False, 'number_grouping': False, 'min_digits': 0, 'halign': 'center', 'valign': 'middle', 'rotation': 0, 'scale': 1.0, 'casing': None, 'animations': None}], 'transition': {'type': 'move_in', 'duration': 1.0, 'direction': 'right', 'easing': 'out_quad'}, 'target': None, 'background_color': [0.0, 0.0, 0.0, 1.0], 'priority': None, 'show': True, 'force': False, 'expire': None, 'slide': None, 'tokens': {}, 'action': 'play'}}, 'context': 'show_1', 'calling_context': 1, 'priority': 10, 'show_tokens': {}, 'start_time': 395490.39}
2020-10-04 08:17:28,785 : mpfmc : SlidePlayer: Play called with settings={'press_start': {'widgets': [{'type': 'Text', 'text': 'PRESS START', 'animations': {'pre_show_slide': [{'property': ['opacity'], 'value': ['0'], 'duration': 0.5, 'relative': False, 'timing': 'after_previous', 'repeat': False, 'easing': 'linear'}, {'property': ['opacity'], 'value': ['1'], 'duration': 0.5, 'repeat': False, 'relative': False, 'timing': 'after_previous', 'easing': 'linear'}]}, '_default_settings': ['type', 'text', 'animations'], 'x': None, 'y': None, 'anchor_x': 'center', 'anchor_y': 'center', 'round_anchor_x': None, 'round_anchor_y': None, 'opacity': 1.0, 'z': 0, 'reset_animations_events': {}, 'color': [1.0, 1.0, 1.0, 1.0], 'style': [], 'adjust_top': 0, 'adjust_bottom': 0, 'adjust_left': 0, 'adjust_right': 0, 'expire': None, 'key': None, 'widget': None, 'events_when_added': [], 'events_when_removed': [], 'font_size': 15, 'bitmap_font': False, 'font_kerning': True, 'bold': False, 'italic': False, 'number_grouping': False, 'min_digits': 0, 'halign': 'center', 'valign': 'middle', 'rotation': 0, 'scale': 1.0, 'casing': None}, {'type': 'Text', 'text': 'FREE PLAY', 'color': [0.0, 0.5019607843137255, 0.0, 1], 'y': '10', 'anchor_y': 'bottom', '_default_settings': ['type', 'text', 'color', 'y', 'anchor_y'], 'x': None, 'anchor_x': 'center', 'round_anchor_x': None, 'round_anchor_y': None, 'opacity': 1.0, 'z': 0, 'reset_animations_events': {}, 'style': [], 'adjust_top': 0, 'adjust_bottom': 0, 'adjust_left': 0, 'adjust_right': 0, 'expire': None, 'key': None, 'widget': None, 'events_when_added': [], 'events_when_removed': [], 'font_size': 15, 'bitmap_font': False, 'font_kerning': True, 'bold': False, 'italic': False, 'number_grouping': False, 'min_digits': 0, 'halign': 'center', 'valign': 'middle', 'rotation': 0, 'scale': 1.0, 'casing': None, 'animations': None}], 'transition': {'type': 'move_in', 'duration': 1.0, 'direction': 'right', 'easing': 'out_quad'}, 'target': None, 'background_color': [0.0, 0.0, 0.0, 1.0], 'priority': None, 'show': True, 'force': False, 'expire': None, 'slide': None, 'tokens': {}, 'action': 'play'}}
2020-10-04 08:17:28,801 : EventManager : Event: ======'slide_press_start_created'====== Args={}
2020-10-04 08:17:28,809 : EventManager : Event: ======'slide_press_start_active'====== Args={}
2020-10-04 08:17:29,283 : EventManager : Event: ======'game_started'====== Args={}
2020-10-04 08:17:29,283 : EventManager : Event: ======'slides_clear'====== Args={'context': 'show_1'}
2020-10-04 08:17:29,284 : EventManager : Event: ======'sounds_clear'====== Args={'context': 'attract'}
2020-10-04 08:17:29,286 : EventManager : Event: ======'slide_awesome_slide_removed'====== Args={}
2020-10-04 08:17:29,289 : EventManager : Event: ======'slide_press_start_removed'====== Args={}
2020-10-04 08:17:29,291 : EventManager : Event: ======'slide_welcome_slide_active'====== Args={}
2020-10-04 08:17:29,350 : EventManager : Event: ======'player_added'====== Args={'player': <Player 1>, 'num': 1}
2020-10-04 08:17:29,350 : EventManager : Event: ======'player_index'====== Args={'value': 0, 'prev_value': 0, 'change': 0, 'player_num': 1}
2020-10-04 08:17:29,350 : EventManager : Event: ======'player_number'====== Args={'value': 1, 'prev_value': 1, 'change': 0, 'player_num': 1}
2020-10-04 08:17:29,350 : EventManager : Event: ======'player_score'====== Args={'value': 0, 'prev_value': 0, 'change': 0, 'player_num': 1}
2020-10-04 08:17:29,351 : EventManager : Event: ======'player_bonus_multiplier'====== Args={'value': 1, 'prev_value': 0, 'change': 1, 'player_num': 1}
2020-10-04 08:17:29,386 : EventManager : Event: ======'player_ball'====== Args={'value': 1, 'prev_value': 0, 'change': 1, 'player_num': 1}
2020-10-04 08:17:29,386 : EventManager : Event: ======'player_turn_start'====== Args={'number': 1, 'player': <Player 1>}
2020-10-04 08:17:29,423 : EventManager : Event: ======'player_shot_soul_S_enabled'====== Args={'value': True, 'prev_value': 0, 'change': 1, 'player_num': 1}
2020-10-04 08:17:29,435 : EventManager : Event: ======'player_shot_soul_O_enabled'====== Args={'value': True, 'prev_value': 0, 'change': 1, 'player_num': 1}
2020-10-04 08:17:29,435 : EventManager : Event: ======'player_shot_soul_U_enabled'====== Args={'value': True, 'prev_value': 0, 'change': 1, 'player_num': 1}
2020-10-04 08:17:29,435 : EventManager : Event: ======'player_shot_soul_L_enabled'====== Args={'value': True, 'prev_value': 0, 'change': 1, 'player_num': 1}
2020-10-04 08:17:29,447 : EventManager : Event: ======'sounds_play'====== Args={'settings': {'poolCupHeadBase': {'loops': -1, 'priority': None, 'action': 'play', 'track': None, 'volume': None, 'pan': None, 'start_at': None, 'fade_in': None, 'fade_out': None, 'about_to_finish_time': -1.0, 'max_queue_time': -1.0, 'events_when_played': ['use_sound_setting'], 'events_when_stopped': ['use_sound_setting'], 'events_when_looping': ['use_sound_setting'], 'events_when_about_to_finish': ['use_sound_setting'], 'mode_end_action': 'use_sound_setting', 'key': 'use_sound_setting'}}, 'context': 'base', 'calling_context': 'mode_base_started', 'priority': 100, 'queue': '<QueuedEvent>', 'player': 1, 'ball': 1, 'balls_remaining': 4, 'is_extra_ball': False}
2020-10-04 08:17:29,448 : EventManager : Event: ======'slides_play'====== Args={'settings': {'widgets': {'widgets': [{'type': 'text', 'text': '(score)', 'number_grouping': True, 'min_digits': 2, 'font_size': 100, '_default_settings': ['type', 'text', 'number_grouping', 'min_digits', 'font_size'], 'x': None, 'y': None, 'anchor_x': 'center', 'anchor_y': 'center', 'round_anchor_x': None, 'round_anchor_y': None, 'opacity': 1.0, 'z': 0, 'reset_animations_events': {}, 'color': [1.0, 1.0, 1.0, 1.0], 'style': [], 'adjust_top': 0, 'adjust_bottom': 0, 'adjust_left': 0, 'adjust_right': 0, 'expire': None, 'key': None, 'widget': None, 'events_when_added': [], 'events_when_removed': [], 'bitmap_font': False, 'font_kerning': True, 'bold': False, 'italic': False, 'halign': 'center', 'valign': 'middle', 'rotation': 0, 'scale': 1.0, 'casing': None, 'animations': None}, {'type': 'text', 'text': 'Player (player)', 'y': '10', 'x': '10', 'font_size': 30, 'anchor_x': 'left', 'anchor_y': 'bottom', '_default_settings': ['type', 'text', 'y', 'x', 'font_size', 'anchor_x', 'anchor_y'], 'round_anchor_x': None, 'round_anchor_y': None, 'opacity': 1.0, 'z': 0, 'reset_animations_events': {}, 'color': [1.0, 1.0, 1.0, 1.0], 'style': [], 'adjust_top': 0, 'adjust_bottom': 0, 'adjust_left': 0, 'adjust_right': 0, 'expire': None, 'key': None, 'widget': None, 'events_when_added': [], 'events_when_removed': [], 'bitmap_font': False, 'font_kerning': True, 'bold': False, 'italic': False, 'number_grouping': False, 'min_digits': 0, 'halign': 'center', 'valign': 'middle', 'rotation': 0, 'scale': 1.0, 'casing': None, 'animations': None}, {'type': 'text', 'text': 'BALL (ball)', 'y': '10', 'x': 'right-10', 'anchor_x': 'right', 'anchor_y': 'bottom', 'font_size': 50, '_default_settings': ['type', 'text', 'y', 'x', 'anchor_x', 'anchor_y', 'font_size'], 'round_anchor_x': None, 'round_anchor_y': None, 'opacity': 1.0, 'z': 0, 'reset_animations_events': {}, 'color': [1.0, 1.0, 1.0, 1.0], 'style': [], 'adjust_top': 0, 'adjust_bottom': 0, 'adjust_left': 0, 'adjust_right': 0, 'expire': None, 'key': None, 'widget': None, 'events_when_added': [], 'events_when_removed': [], 'bitmap_font': False, 'font_kerning': True, 'bold': False, 'italic': False, 'number_grouping': False, 'min_digits': 0, 'halign': 'center', 'valign': 'middle', 'rotation': 0, 'scale': 1.0, 'casing': None, 'animations': None}], 'target': None, 'background_color': [0.0, 0.0, 0.0, 1.0], 'priority': None, 'show': True, 'force': False, 'expire': None, 'slide': None, 'tokens': {}, 'action': 'play'}}, 'context': 'base', 'calling_context': 'mode_base_started', 'priority': 100, 'queue': '<QueuedEvent>', 'player': 1, 'ball': 1, 'balls_remaining': 4, 'is_extra_ball': False}
2020-10-04 08:17:29,449 : mpfmc : SlidePlayer: Play called with settings={'widgets': {'widgets': [{'type': 'text', 'text': '(score)', 'number_grouping': True, 'min_digits': 2, 'font_size': 100, '_default_settings': ['type', 'text', 'number_grouping', 'min_digits', 'font_size'], 'x': None, 'y': None, 'anchor_x': 'center', 'anchor_y': 'center', 'round_anchor_x': None, 'round_anchor_y': None, 'opacity': 1.0, 'z': 0, 'reset_animations_events': {}, 'color': [1.0, 1.0, 1.0, 1.0], 'style': [], 'adjust_top': 0, 'adjust_bottom': 0, 'adjust_left': 0, 'adjust_right': 0, 'expire': None, 'key': None, 'widget': None, 'events_when_added': [], 'events_when_removed': [], 'bitmap_font': False, 'font_kerning': True, 'bold': False, 'italic': False, 'halign': 'center', 'valign': 'middle', 'rotation': 0, 'scale': 1.0, 'casing': None, 'animations': None}, {'type': 'text', 'text': 'Player (player)', 'y': '10', 'x': '10', 'font_size': 30, 'anchor_x': 'left', 'anchor_y': 'bottom', '_default_settings': ['type', 'text', 'y', 'x', 'font_size', 'anchor_x', 'anchor_y'], 'round_anchor_x': None, 'round_anchor_y': None, 'opacity': 1.0, 'z': 0, 'reset_animations_events': {}, 'color': [1.0, 1.0, 1.0, 1.0], 'style': [], 'adjust_top': 0, 'adjust_bottom': 0, 'adjust_left': 0, 'adjust_right': 0, 'expire': None, 'key': None, 'widget': None, 'events_when_added': [], 'events_when_removed': [], 'bitmap_font': False, 'font_kerning': True, 'bold': False, 'italic': False, 'number_grouping': False, 'min_digits': 0, 'halign': 'center', 'valign': 'middle', 'rotation': 0, 'scale': 1.0, 'casing': None, 'animations': None}, {'type': 'text', 'text': 'BALL (ball)', 'y': '10', 'x': 'right-10', 'anchor_x': 'right', 'anchor_y': 'bottom', 'font_size': 50, '_default_settings': ['type', 'text', 'y', 'x', 'anchor_x', 'anchor_y', 'font_size'], 'round_anchor_x': None, 'round_anchor_y': None, 'opacity': 1.0, 'z': 0, 'reset_animations_events': {}, 'color': [1.0, 1.0, 1.0, 1.0], 'style': [], 'adjust_top': 0, 'adjust_bottom': 0, 'adjust_left': 0, 'adjust_right': 0, 'expire': None, 'key': None, 'widget': None, 'events_when_added': [], 'events_when_removed': [], 'bitmap_font': False, 'font_kerning': True, 'bold': False, 'italic': False, 'number_grouping': False, 'min_digits': 0, 'halign': 'center', 'valign': 'middle', 'rotation': 0, 'scale': 1.0, 'casing': None, 'animations': None}], 'target': None, 'background_color': [0.0, 0.0, 0.0, 1.0], 'priority': None, 'show': True, 'force': False, 'expire': None, 'slide': None, 'tokens': {}, 'action': 'play'}}
2020-10-04 08:17:29,462 : EventManager : Event: ======'slide_base.slide_player-mode_base_started_created'====== Args={}
2020-10-04 08:17:29,466 : EventManager : Event: ======'slide_base.slide_player-mode_base_started_active'====== Args={}
2020-10-04 08:17:29,719 : EventManager : Event: ======'machine_var_audits_switches_s_plunger'====== Args={'value': 539, 'prev_value': 538, 'change': 1}
2020-10-04 08:17:37,579 : EventManager : Event: ======'machine_var_audits_switches_s_exit_shooter_lane'====== Args={'value': 351, 'prev_value': 350, 'change': 1}
2020-10-04 08:17:38,522 : EventManager : Event: ======'machine_var_audits_switches_s_soul_S'====== Args={'value': 105, 'prev_value': 104, 'change': 1}
2020-10-04 08:17:38,525 : EventManager : Event: ======'player_shot_soul_S'====== Args={'value': 1, 'prev_value': 0, 'change': 1, 'player_num': 1}
2020-10-04 08:17:38,526 : EventManager : Event: ======'machine_var_audits_shots_soul_S'====== Args={'value': 105, 'prev_value': 104, 'change': 1}
2020-10-04 08:17:38,532 : EventManager : Event: ======'player_score'====== Args={'value': 10, 'prev_value': 0, 'change': 10, 'player_num': 1}
2020-10-04 08:17:39,358 : EventManager : Event: ======'machine_var_audits_switches_s_soul_O'====== Args={'value': 96, 'prev_value': 95, 'change': 1}
2020-10-04 08:17:39,358 : EventManager : Event: ======'player_shot_soul_O'====== Args={'value': 1, 'prev_value': 0, 'change': 1, 'player_num': 1}
2020-10-04 08:17:39,359 : EventManager : Event: ======'machine_var_audits_shots_soul_O'====== Args={'value': 91, 'prev_value': 90, 'change': 1}
2020-10-04 08:17:39,359 : EventManager : Event: ======'player_score'====== Args={'value': 20, 'prev_value': 10, 'change': 10, 'player_num': 1}
2020-10-04 08:17:39,731 : EventManager : Event: ======'machine_var_audits_switches_s_soul_U'====== Args={'value': 90, 'prev_value': 89, 'change': 1}
2020-10-04 08:17:39,732 : EventManager : Event: ======'player_shot_soul_U'====== Args={'value': 1, 'prev_value': 0, 'change': 1, 'player_num': 1}
2020-10-04 08:17:39,732 : EventManager : Event: ======'machine_var_audits_shots_soul_U'====== Args={'value': 90, 'prev_value': 89, 'change': 1}
2020-10-04 08:17:39,732 : EventManager : Event: ======'player_score'====== Args={'value': 30, 'prev_value': 20, 'change': 10, 'player_num': 1}
2020-10-04 08:17:40,632 : EventManager : Event: ======'machine_var_audits_switches_s_soul_L'====== Args={'value': 87, 'prev_value': 86, 'change': 1}
2020-10-04 08:17:40,633 : EventManager : Event: ======'player_shot_soul_L'====== Args={'value': 1, 'prev_value': 0, 'change': 1, 'player_num': 1}
2020-10-04 08:17:40,633 : EventManager : Event: ======'machine_var_audits_shots_soul_L'====== Args={'value': 86, 'prev_value': 85, 'change': 1}
2020-10-04 08:17:40,634 : EventManager : Event: ======'player_score'====== Args={'value': 40, 'prev_value': 30, 'change': 10, 'player_num': 1}
2020-10-04 08:17:40,634 : EventManager : Event: ======'player_score'====== Args={'value': 1040, 'prev_value': 40, 'change': 1000, 'player_num': 1}
2020-10-04 08:17:40,634 : EventManager : Event: ======'player_bonus_multiplier'====== Args={'value': 2, 'prev_value': 1, 'change': 1, 'player_num': 1}
2020-10-04 08:17:41,640 : EventManager : Event: ======'player_shot_soul_S'====== Args={'value': 0, 'prev_value': 1, 'change': -1, 'player_num': 1}
2020-10-04 08:17:41,640 : EventManager : Event: ======'player_shot_soul_O'====== Args={'value': 0, 'prev_value': 1, 'change': -1, 'player_num': 1}
2020-10-04 08:17:41,640 : EventManager : Event: ======'player_shot_soul_U'====== Args={'value': 0, 'prev_value': 1, 'change': -1, 'player_num': 1}
2020-10-04 08:17:41,640 : EventManager : Event: ======'player_shot_soul_L'====== Args={'value': 0, 'prev_value': 1, 'change': -1, 'player_num': 1}
2020-10-04 08:17:41,713 : EventManager : Event: ======'machine_var_audits_switches_s_soul_S'====== Args={'value': 106, 'prev_value': 105, 'change': 1}
2020-10-04 08:17:41,713 : EventManager : Event: ======'player_shot_soul_S'====== Args={'value': 1, 'prev_value': 0, 'change': 1, 'player_num': 1}
2020-10-04 08:17:41,713 : EventManager : Event: ======'machine_var_audits_shots_soul_S'====== Args={'value': 106, 'prev_value': 105, 'change': 1}
2020-10-04 08:17:41,713 : EventManager : Event: ======'player_score'====== Args={'value': 1050, 'prev_value': 1040, 'change': 10, 'player_num': 1}
2020-10-04 08:17:42,228 : EventManager : Event: ======'machine_var_audits_switches_s_soul_O'====== Args={'value': 97, 'prev_value': 96, 'change': 1}
2020-10-04 08:17:42,228 : EventManager : Event: ======'player_shot_soul_O'====== Args={'value': 1, 'prev_value': 0, 'change': 1, 'player_num': 1}
2020-10-04 08:17:42,228 : EventManager : Event: ======'machine_var_audits_shots_soul_O'====== Args={'value': 92, 'prev_value': 91, 'change': 1}
2020-10-04 08:17:42,228 : EventManager : Event: ======'player_score'====== Args={'value': 1060, 'prev_value': 1050, 'change': 10, 'player_num': 1}
2020-10-04 08:17:42,729 : EventManager : Event: ======'machine_var_audits_switches_s_soul_U'====== Args={'value': 91, 'prev_value': 90, 'change': 1}
2020-10-04 08:17:42,729 : EventManager : Event: ======'player_shot_soul_U'====== Args={'value': 1, 'prev_value': 0, 'change': 1, 'player_num': 1}
2020-10-04 08:17:42,729 : EventManager : Event: ======'machine_var_audits_shots_soul_U'====== Args={'value': 91, 'prev_value': 90, 'change': 1}
2020-10-04 08:17:42,729 : EventManager : Event: ======'player_score'====== Args={'value': 1070, 'prev_value': 1060, 'change': 10, 'player_num': 1}
2020-10-04 08:17:43,731 : EventManager : Event: ======'machine_var_audits_switches_s_soul_L'====== Args={'value': 88, 'prev_value': 87, 'change': 1}
2020-10-04 08:17:43,731 : EventManager : Event: ======'player_shot_soul_L'====== Args={'value': 1, 'prev_value': 0, 'change': 1, 'player_num': 1}
2020-10-04 08:17:43,732 : EventManager : Event: ======'machine_var_audits_shots_soul_L'====== Args={'value': 87, 'prev_value': 86, 'change': 1}
2020-10-04 08:17:43,732 : EventManager : Event: ======'player_score'====== Args={'value': 1080, 'prev_value': 1070, 'change': 10, 'player_num': 1}
2020-10-04 08:17:43,732 : EventManager : Event: ======'player_score'====== Args={'value': 2080, 'prev_value': 1080, 'change': 1000, 'player_num': 1}
2020-10-04 08:17:43,741 : EventManager : Event: ======'player_bonus_multiplier'====== Args={'value': 3, 'prev_value': 2, 'change': 1, 'player_num': 1}
2020-10-04 08:17:44,741 : EventManager : Event: ======'player_shot_soul_S'====== Args={'value': 0, 'prev_value': 1, 'change': -1, 'player_num': 1}
2020-10-04 08:17:44,742 : EventManager : Event: ======'player_shot_soul_O'====== Args={'value': 0, 'prev_value': 1, 'change': -1, 'player_num': 1}
2020-10-04 08:17:44,742 : EventManager : Event: ======'player_shot_soul_U'====== Args={'value': 0, 'prev_value': 1, 'change': -1, 'player_num': 1}
2020-10-04 08:17:44,742 : EventManager : Event: ======'player_shot_soul_L'====== Args={'value': 0, 'prev_value': 1, 'change': -1, 'player_num': 1}
2020-10-04 08:17:45,896 : EventManager : Event: ======'machine_var_audits_switches_s_soul_S'====== Args={'value': 107, 'prev_value': 106, 'change': 1}
2020-10-04 08:17:45,908 : EventManager : Event: ======'player_shot_soul_S'====== Args={'value': 1, 'prev_value': 0, 'change': 1, 'player_num': 1}
2020-10-04 08:17:45,908 : EventManager : Event: ======'machine_var_audits_shots_soul_S'====== Args={'value': 107, 'prev_value': 106, 'change': 1}
2020-10-04 08:17:45,920 : EventManager : Event: ======'player_score'====== Args={'value': 2090, 'prev_value': 2080, 'change': 10, 'player_num': 1}
2020-10-04 08:17:46,268 : EventManager : Event: ======'machine_var_audits_switches_s_soul_O'====== Args={'value': 98, 'prev_value': 97, 'change': 1}
2020-10-04 08:17:46,268 : EventManager : Event: ======'player_shot_soul_O'====== Args={'value': 1, 'prev_value': 0, 'change': 1, 'player_num': 1}
2020-10-04 08:17:46,268 : EventManager : Event: ======'machine_var_audits_shots_soul_O'====== Args={'value': 93, 'prev_value': 92, 'change': 1}
2020-10-04 08:17:46,269 : EventManager : Event: ======'player_score'====== Args={'value': 2100, 'prev_value': 2090, 'change': 10, 'player_num': 1}
2020-10-04 08:17:46,606 : EventManager : Event: ======'machine_var_audits_switches_s_soul_U'====== Args={'value': 92, 'prev_value': 91, 'change': 1}
2020-10-04 08:17:46,606 : EventManager : Event: ======'player_shot_soul_U'====== Args={'value': 1, 'prev_value': 0, 'change': 1, 'player_num': 1}
2020-10-04 08:17:46,606 : EventManager : Event: ======'machine_var_audits_shots_soul_U'====== Args={'value': 92, 'prev_value': 91, 'change': 1}
2020-10-04 08:17:46,607 : EventManager : Event: ======'player_score'====== Args={'value': 2110, 'prev_value': 2100, 'change': 10, 'player_num': 1}
2020-10-04 08:17:47,098 : EventManager : Event: ======'machine_var_audits_switches_s_soul_L'====== Args={'value': 89, 'prev_value': 88, 'change': 1}
2020-10-04 08:17:47,098 : EventManager : Event: ======'player_shot_soul_L'====== Args={'value': 1, 'prev_value': 0, 'change': 1, 'player_num': 1}
2020-10-04 08:17:47,099 : EventManager : Event: ======'machine_var_audits_shots_soul_L'====== Args={'value': 88, 'prev_value': 87, 'change': 1}
2020-10-04 08:17:47,099 : EventManager : Event: ======'player_score'====== Args={'value': 2120, 'prev_value': 2110, 'change': 10, 'player_num': 1}
2020-10-04 08:17:47,107 : EventManager : Event: ======'player_score'====== Args={'value': 3120, 'prev_value': 2120, 'change': 1000, 'player_num': 1}
2020-10-04 08:17:47,108 : EventManager : Event: ======'player_bonus_multiplier'====== Args={'value': 4, 'prev_value': 3, 'change': 1, 'player_num': 1}
2020-10-04 08:17:47,854 : EventManager : Event: ======'machine_var_audits_switches_s_soul_S'====== Args={'value': 108, 'prev_value': 107, 'change': 1}
2020-10-04 08:17:47,854 : EventManager : Event: ======'machine_var_audits_shots_soul_S'====== Args={'value': 108, 'prev_value': 107, 'change': 1}
2020-10-04 08:17:47,854 : EventManager : Event: ======'player_score'====== Args={'value': 3130, 'prev_value': 3120, 'change': 10, 'player_num': 1}
2020-10-04 08:17:48,093 : EventManager : Event: ======'machine_var_audits_switches_s_soul_O'====== Args={'value': 99, 'prev_value': 98, 'change': 1}
2020-10-04 08:17:48,093 : EventManager : Event: ======'machine_var_audits_shots_soul_O'====== Args={'value': 94, 'prev_value': 93, 'change': 1}
2020-10-04 08:17:48,093 : EventManager : Event: ======'player_score'====== Args={'value': 3140, 'prev_value': 3130, 'change': 10, 'player_num': 1}
2020-10-04 08:17:48,117 : EventManager : Event: ======'player_shot_soul_S'====== Args={'value': 0, 'prev_value': 1, 'change': -1, 'player_num': 1}
2020-10-04 08:17:48,118 : EventManager : Event: ======'player_shot_soul_O'====== Args={'value': 0, 'prev_value': 1, 'change': -1, 'player_num': 1}
2020-10-04 08:17:48,130 : EventManager : Event: ======'player_shot_soul_U'====== Args={'value': 0, 'prev_value': 1, 'change': -1, 'player_num': 1}
2020-10-04 08:17:48,130 : EventManager : Event: ======'player_shot_soul_L'====== Args={'value': 0, 'prev_value': 1, 'change': -1, 'player_num': 1}
2020-10-04 08:17:48,404 : EventManager : Event: ======'machine_var_audits_switches_s_soul_U'====== Args={'value': 93, 'prev_value': 92, 'change': 1}
2020-10-04 08:17:48,405 : EventManager : Event: ======'player_shot_soul_U'====== Args={'value': 1, 'prev_value': 0, 'change': 1, 'player_num': 1}
2020-10-04 08:17:48,405 : EventManager : Event: ======'machine_var_audits_shots_soul_U'====== Args={'value': 93, 'prev_value': 92, 'change': 1}
2020-10-04 08:17:48,405 : EventManager : Event: ======'player_score'====== Args={'value': 3150, 'prev_value': 3140, 'change': 10, 'player_num': 1}
2020-10-04 08:17:48,775 : EventManager : Event: ======'machine_var_audits_switches_s_soul_L'====== Args={'value': 90, 'prev_value': 89, 'change': 1}
2020-10-04 08:17:48,775 : EventManager : Event: ======'player_shot_soul_L'====== Args={'value': 1, 'prev_value': 0, 'change': 1, 'player_num': 1}
2020-10-04 08:17:48,775 : EventManager : Event: ======'machine_var_audits_shots_soul_L'====== Args={'value': 89, 'prev_value': 88, 'change': 1}
2020-10-04 08:17:48,775 : EventManager : Event: ======'player_score'====== Args={'value': 3160, 'prev_value': 3150, 'change': 10, 'player_num': 1}
2020-10-04 08:17:50,058 : EventManager : Event: ======'machine_var_audits_switches_s_soul_S'====== Args={'value': 109, 'prev_value': 108, 'change': 1}
2020-10-04 08:17:50,058 : EventManager : Event: ======'player_shot_soul_S'====== Args={'value': 1, 'prev_value': 0, 'change': 1, 'player_num': 1}
2020-10-04 08:17:50,059 : EventManager : Event: ======'machine_var_audits_shots_soul_S'====== Args={'value': 109, 'prev_value': 108, 'change': 1}
2020-10-04 08:17:50,060 : EventManager : Event: ======'player_score'====== Args={'value': 3170, 'prev_value': 3160, 'change': 10, 'player_num': 1}
2020-10-04 08:17:50,848 : EventManager : Event: ======'machine_var_audits_switches_s_soul_O'====== Args={'value': 100, 'prev_value': 99, 'change': 1}
2020-10-04 08:17:50,848 : EventManager : Event: ======'player_shot_soul_O'====== Args={'value': 1, 'prev_value': 0, 'change': 1, 'player_num': 1}
2020-10-04 08:17:50,849 : EventManager : Event: ======'machine_var_audits_shots_soul_O'====== Args={'value': 95, 'prev_value': 94, 'change': 1}
2020-10-04 08:17:50,849 : EventManager : Event: ======'player_score'====== Args={'value': 3180, 'prev_value': 3170, 'change': 10, 'player_num': 1}
2020-10-04 08:17:50,849 : EventManager : Event: ======'player_score'====== Args={'value': 4180, 'prev_value': 3180, 'change': 1000, 'player_num': 1}
2020-10-04 08:17:51,863 : EventManager : Event: ======'player_shot_soul_S'====== Args={'value': 0, 'prev_value': 1, 'change': -1, 'player_num': 1}
2020-10-04 08:17:51,863 : EventManager : Event: ======'player_shot_soul_O'====== Args={'value': 0, 'prev_value': 1, 'change': -1, 'player_num': 1}
2020-10-04 08:17:51,863 : EventManager : Event: ======'player_shot_soul_U'====== Args={'value': 0, 'prev_value': 1, 'change': -1, 'player_num': 1}
2020-10-04 08:17:51,864 : EventManager : Event: ======'player_shot_soul_L'====== Args={'value': 0, 'prev_value': 1, 'change': -1, 'player_num': 1}
2020-10-04 08:17:52,799 : EventManager : Event: ======'machine_var_audits_switches_s_soul_S'====== Args={'value': 110, 'prev_value': 109, 'change': 1}
2020-10-04 08:17:52,800 : EventManager : Event: ======'player_shot_soul_S'====== Args={'value': 1, 'prev_value': 0, 'change': 1, 'player_num': 1}
2020-10-04 08:17:52,800 : EventManager : Event: ======'machine_var_audits_shots_soul_S'====== Args={'value': 110, 'prev_value': 109, 'change': 1}
2020-10-04 08:17:52,800 : EventManager : Event: ======'player_score'====== Args={'value': 4190, 'prev_value': 4180, 'change': 10, 'player_num': 1}
2020-10-04 08:17:53,578 : EventManager : Event: ======'machine_var_audits_switches_s_soul_O'====== Args={'value': 101, 'prev_value': 100, 'change': 1}
2020-10-04 08:17:53,578 : EventManager : Event: ======'player_shot_soul_O'====== Args={'value': 1, 'prev_value': 0, 'change': 1, 'player_num': 1}
2020-10-04 08:17:53,578 : EventManager : Event: ======'machine_var_audits_shots_soul_O'====== Args={'value': 96, 'prev_value': 95, 'change': 1}
2020-10-04 08:17:53,579 : EventManager : Event: ======'player_score'====== Args={'value': 4200, 'prev_value': 4190, 'change': 10, 'player_num': 1}
2020-10-04 08:17:54,423 : EventManager : Event: ======'machine_var_audits_switches_s_soul_U'====== Args={'value': 94, 'prev_value': 93, 'change': 1}
2020-10-04 08:17:54,423 : EventManager : Event: ======'player_shot_soul_U'====== Args={'value': 1, 'prev_value': 0, 'change': 1, 'player_num': 1}
2020-10-04 08:17:54,423 : EventManager : Event: ======'machine_var_audits_shots_soul_U'====== Args={'value': 94, 'prev_value': 93, 'change': 1}
2020-10-04 08:17:54,423 : EventManager : Event: ======'player_score'====== Args={'value': 4210, 'prev_value': 4200, 'change': 10, 'player_num': 1}
2020-10-04 08:17:55,058 : EventManager : Event: ======'machine_var_audits_switches_s_soul_L'====== Args={'value': 91, 'prev_value': 90, 'change': 1}
2020-10-04 08:17:55,058 : EventManager : Event: ======'player_shot_soul_L'====== Args={'value': 1, 'prev_value': 0, 'change': 1, 'player_num': 1}
2020-10-04 08:17:55,059 : EventManager : Event: ======'machine_var_audits_shots_soul_L'====== Args={'value': 90, 'prev_value': 89, 'change': 1}
2020-10-04 08:17:55,059 : EventManager : Event: ======'player_score'====== Args={'value': 4220, 'prev_value': 4210, 'change': 10, 'player_num': 1}
2020-10-04 08:17:55,059 : EventManager : Event: ======'player_score'====== Args={'value': 5220, 'prev_value': 4220, 'change': 1000, 'player_num': 1}
2020-10-04 08:17:56,057 : EventManager : Event: ======'player_shot_soul_S'====== Args={'value': 0, 'prev_value': 1, 'change': -1, 'player_num': 1}
2020-10-04 08:17:56,057 : EventManager : Event: ======'player_shot_soul_O'====== Args={'value': 0, 'prev_value': 1, 'change': -1, 'player_num': 1}
2020-10-04 08:17:56,058 : EventManager : Event: ======'player_shot_soul_U'====== Args={'value': 0, 'prev_value': 1, 'change': -1, 'player_num': 1}
2020-10-04 08:17:56,058 : EventManager : Event: ======'player_shot_soul_L'====== Args={'value': 0, 'prev_value': 1, 'change': -1, 'player_num': 1}
2020-10-04 08:17:57,842 : kivy : Base: Leaving application in progress...
2020-10-04 08:17:58,153 : kivy : WindowSDL: exiting mainloop and closing.
2020-10-04 08:17:58,185 : mpfmc : Stopping...
2020-10-04 08:17:58,185 : EventManager : Event: ======'shutdown'====== Args={}
2020-10-04 08:17:58,185 : mpfmc : Loop rate 61.5 Hz
2020-10-04 08:17:58,185 : kivy : MC run loop ended.
2020-10-04 08:17:58,185 : kivy : Stopping child threads... (3 remaining)
2020-10-04 08:17:58,185 : MPF-MC BCP Server : Stopping BCP sending thread
2020-10-04 08:17:58,903 : mpfmc : Stopping...
2020-10-04 08:17:58,903 : EventManager : Event: ======'shutdown'====== Args={}
2020-10-04 08:17:58,903 : mpfmc : Loop rate 60.47 Hz
2020-10-04 08:17:58,935 : kivy : All child threads stopped.
