2020-10-06 10:35:42,534 : kivy : Factory: 184 symbols loaded
2020-10-06 10:35:43,261 : kivy : ImageLoaderFFPy: Using ffpyplayer 4.3.1
2020-10-06 10:35:43,264 : kivy : Image: Providers: img_tex, img_dds, img_sdl2, img_pil, img_ffpyplayer, img_gif 
2020-10-06 10:35:43,441 : kivy : VideoGstplayer: Using Gstreamer 1.16.0.0
2020-10-06 10:35:43,441 : kivy : Video: Provider: gstplayer
2020-10-06 10:35:43,651 : kivy : Loading MPF-MC controller
2020-10-06 10:35:43,663 : YamlMultifileConfigLoader : Machine config file #1: config
2020-10-06 10:35:43,664 : ConfigProcessor : Config file in cache changed: c:\GitHub\Cuphead\config\config
2020-10-06 10:35:43,702 : ConfigProcessor : Loading config from file c:\users\themi\appdata\local\programs\python\python36\lib\site-packages\mpfmc\mcconfig.yaml.
2020-10-06 10:35:43,803 : ConfigProcessor : Loading config: c:\users\themi\appdata\local\programs\python\python36\lib\site-packages\mpfmc\mcconfig.yaml
2020-10-06 10:35:43,804 : ConfigProcessor : Loading config from file c:\GitHub\Cuphead\config\config.
2020-10-06 10:35:43,836 : ConfigProcessor : Loading config: c:\GitHub\Cuphead\config\config
2020-10-06 10:35:43,853 : ConfigProcessor : Loading config: c:\GitHub\Cuphead\config\keyboard.yaml
2020-10-06 10:35:43,917 : ConfigProcessor : Loading config: c:\GitHub\Cuphead\config\hwSwitches.yaml
2020-10-06 10:35:44,032 : ConfigProcessor : Loading config: c:\GitHub\Cuphead\config\hwLights.yaml
2020-10-06 10:35:44,069 : ConfigProcessor : Loading config: c:\GitHub\Cuphead\config\hwCoils.yaml
2020-10-06 10:35:44,076 : ConfigProcessor : Config file cache created: C:\Users\themi\AppData\Local\Temp\0cbdbb896bde7c562664fa91ae109528.mpf_cache
2020-10-06 10:35:44,078 : ConfigProcessor : Loading config from cache: C:\Users\themi\AppData\Local\Temp\89b9c5cb952cce9fc74d723399719cc6.mpf_cache
2020-10-06 10:35:44,080 : ConfigProcessor : Loading config from cache: C:\Users\themi\AppData\Local\Temp\4fcecb70f81c3c2fefb8e65ae9a0af5f.mpf_cache
2020-10-06 10:35:44,081 : ConfigProcessor : Loading config from cache: C:\Users\themi\AppData\Local\Temp\5820a65357aa32f3082a694bbd0b1b93.mpf_cache
2020-10-06 10:35:44,083 : ConfigProcessor : Loading config from cache: C:\Users\themi\AppData\Local\Temp\2f1df67e0c6599f893aeb5468bc976f9.mpf_cache
2020-10-06 10:35:44,085 : ConfigProcessor : Loading config from cache: C:\Users\themi\AppData\Local\Temp\3e28196fea866bd961d93515ab5c664b.mpf_cache
2020-10-06 10:35:44,086 : mpfmc : Mission Pinball Framework Media Controller v0.54.0-dev.20
2020-10-06 10:35:44,086 : mpfmc : Mission Pinball Framework Game Engine v0.54.0-dev.72
2020-10-06 10:35:44,087 : mpfmc : Machine path: c:\GitHub\Cuphead
2020-10-06 10:35:44,087 : mpfmc : Starting clock at 60.0Hz
2020-10-06 10:35:44,125 : kivy : Text: Provider: sdl2
2020-10-06 10:35:44,240 : kivy : Window: Provider: sdl2
2020-10-06 10:35:44,870 : kivy : GL: Using the "OpenGL" graphics system
2020-10-06 10:35:44,874 : kivy : GL: GLEW initialization succeeded
2020-10-06 10:35:44,874 : kivy : GL: Backend used <glew>
2020-10-06 10:35:44,876 : kivy : GL: OpenGL version <b'4.5.14568 Compatibility Profile Context 24.20.12050.0'>
2020-10-06 10:35:44,877 : kivy : GL: OpenGL vendor <b'ATI Technologies Inc.'>
2020-10-06 10:35:44,877 : kivy : GL: OpenGL renderer <b'AMD Radeon(TM) R4 Graphics'>
2020-10-06 10:35:44,878 : kivy : GL: OpenGL parsed version: 4, 5
2020-10-06 10:35:44,878 : kivy : GL: Shading version <b'4.50'>
2020-10-06 10:35:44,879 : kivy : GL: Texture max size <16384>
2020-10-06 10:35:44,879 : kivy : GL: Texture max units <32>
2020-10-06 10:35:44,933 : kivy : Window: auto add sdl2 input provider
2020-10-06 10:35:44,934 : kivy : Window: virtual keyboard not allowed, single mode, not docked
2020-10-06 10:35:44,955 : SoundSystem : SoundSystem: Using default 'sound_system' settings
2020-10-06 10:35:45,689 : AudioInterface : Initialized
2020-10-06 10:35:45,690 : SoundSystem : No audio tracks are specified in your machine config file. a track named 'default' has been created.
2020-10-06 10:35:45,697 : kivy : Base: Start application main loop
2020-10-06 10:35:45,699 : EventManager : Event: ======'display_window_initialized'====== Args={}
2020-10-06 10:35:45,750 : mpfmc : Display: Setting 'window' as default display
2020-10-06 10:35:45,766 : EventManager : Event: ======'displays_initialized'====== Args={}
2020-10-06 10:35:45,768 : EventManager : Event: ======'slide_window_blank_created'====== Args={}
2020-10-06 10:35:45,768 : EventManager : Event: ======'display_window_ready'====== Args={}
2020-10-06 10:35:45,788 : EventManager : Event: ======'init_phase_1'====== Args={}
2020-10-06 10:35:45,798 : EventManager : Event: ======'mc_ready'====== Args={}
2020-10-06 10:35:45,799 : EventManager : Event: ======'init_phase_2'====== Args={}
2020-10-06 10:35:45,806 : EventManager : Event: ======'init_phase_3'====== Args={}
2020-10-06 10:35:45,809 : AssetManager : Registering Asset: attract_music, File: attract_music.ogg, Default Group: default, Final Config: {'load': 'preload', 'file': 'c:\\GitHub\\Cuphead\\modes\\attract\\sounds\\music\\attract_music.ogg'}
2020-10-06 10:35:45,814 : AssetManager : Registering Asset: cupHighScore, File: cupHighScore.ogg, Default Group: default, Final Config: {'load': 'preload', 'file': 'c:\\GitHub\\Cuphead\\modes\\base\\sounds\\music\\cupHighScore.ogg'}
2020-10-06 10:35:45,815 : AssetManager : Registering Asset: cupMusic1, File: cupMusic1.ogg, Default Group: default, Final Config: {'load': 'preload', 'target': 'music', 'loop': -1, 'mode_end_action': 'stop', 'file': 'c:\\GitHub\\Cuphead\\modes\\base\\sounds\\music\\cupMusic1.ogg'}
2020-10-06 10:35:45,815 : AssetManager : Registering Asset: cupMusic2, File: cupMusic2.ogg, Default Group: default, Final Config: {'load': 'preload', 'target': 'music', 'loop': -1, 'mode_end_action': 'stop', 'file': 'c:\\GitHub\\Cuphead\\modes\\base\\sounds\\music\\cupMusic2.ogg'}
2020-10-06 10:35:45,815 : AssetManager : Registering Asset: cupMusic3, File: cupMusic3.ogg, Default Group: default, Final Config: {'load': 'preload', 'target': 'music', 'loop': -1, 'mode_end_action': 'stop', 'file': 'c:\\GitHub\\Cuphead\\modes\\base\\sounds\\music\\cupMusic3.ogg'}
2020-10-06 10:35:45,815 : AssetManager : Registering Asset: cupMusic4, File: cupMusic4.ogg, Default Group: default, Final Config: {'load': 'preload', 'target': 'music', 'loop': -1, 'mode_end_action': 'stop', 'file': 'c:\\GitHub\\Cuphead\\modes\\base\\sounds\\music\\cupMusic4.ogg'}
2020-10-06 10:35:45,815 : AssetManager : Registering Asset: cupMusic5, File: cupMusic5.ogg, Default Group: default, Final Config: {'load': 'preload', 'file': 'c:\\GitHub\\Cuphead\\modes\\base\\sounds\\music\\cupMusic5.ogg'}
2020-10-06 10:35:45,815 : AssetManager : Registering Asset: cupMusic6, File: cupMusic6.ogg, Default Group: default, Final Config: {'load': 'preload', 'file': 'c:\\GitHub\\Cuphead\\modes\\base\\sounds\\music\\cupMusic6.ogg'}
2020-10-06 10:35:45,815 : AssetManager : Registering Asset: cupMusic7, File: cupMusic7.ogg, Default Group: default, Final Config: {'load': 'preload', 'file': 'c:\\GitHub\\Cuphead\\modes\\base\\sounds\\music\\cupMusic7.ogg'}
2020-10-06 10:35:45,816 : AssetManager : Registering Asset: cupMusic8, File: cupMusic8.ogg, Default Group: default, Final Config: {'load': 'preload', 'file': 'c:\\GitHub\\Cuphead\\modes\\base\\sounds\\music\\cupMusic8.ogg'}
2020-10-06 10:35:45,816 : AssetManager : Registering Asset: cupMusic9, File: cupMusic9.ogg, Default Group: default, Final Config: {'load': 'preload', 'file': 'c:\\GitHub\\Cuphead\\modes\\base\\sounds\\music\\cupMusic9.ogg'}
2020-10-06 10:35:45,816 : AssetManager : Registering Asset: game_play_1, File: game_play_1.ogg, Default Group: default, Final Config: {'load': 'preload', 'file': 'c:\\GitHub\\Cuphead\\modes\\base\\sounds\\music\\game_play_1.ogg'}
2020-10-06 10:35:45,818 : EventManager : Event: ======'init_phase_4'====== Args={}
2020-10-06 10:35:46,622 : EventManager : Event: ======'init_phase_5'====== Args={}
2020-10-06 10:35:48,310 : EventManager : Event: ======'loading_assets'====== Args={'total': 12, 'loaded': 1, 'remaining': 11, 'percent': 8}
2020-10-06 10:35:48,311 : AssetManager : Loading assets: 1/12 (8%)
2020-10-06 10:35:49,591 : EventManager : Event: ======'loading_assets'====== Args={'total': 12, 'loaded': 4, 'remaining': 8, 'percent': 33}
2020-10-06 10:35:49,592 : AssetManager : Loading assets: 4/12 (33%)
2020-10-06 10:35:50,465 : EventManager : Event: ======'loading_assets'====== Args={'total': 12, 'loaded': 6, 'remaining': 6, 'percent': 50}
2020-10-06 10:35:51,255 : AssetManager : Loading assets: 6/12 (50%)
2020-10-06 10:35:53,269 : EventManager : Event: ======'loading_assets'====== Args={'total': 12, 'loaded': 8, 'remaining': 4, 'percent': 67}
2020-10-06 10:35:53,269 : AssetManager : Loading assets: 8/12 (67%)
2020-10-06 10:35:54,264 : EventManager : Event: ======'loading_assets'====== Args={'total': 12, 'loaded': 9, 'remaining': 3, 'percent': 75}
2020-10-06 10:35:54,264 : AssetManager : Loading assets: 9/12 (75%)
2020-10-06 10:35:55,850 : EventManager : Event: ======'loading_assets'====== Args={'total': 12, 'loaded': 11, 'remaining': 1, 'percent': 92}
2020-10-06 10:35:55,850 : AssetManager : Loading assets: 11/12 (92%)
2020-10-06 10:35:55,861 : EventManager : Event: ======'loading_assets'====== Args={'total': 12, 'loaded': 12, 'remaining': 0, 'percent': 100}
2020-10-06 10:35:55,861 : AssetManager : Asset loading took: 10.170188665390015
2020-10-06 10:35:55,862 : EventManager : Event: ======'asset_loading_complete'====== Args={}
2020-10-06 10:35:55,862 : AssetManager : Loading assets: 12/12 (100%)
2020-10-06 10:35:55,862 : EventManager : Event: ======'init_done'====== Args={}
2020-10-06 10:35:55,862 : MPF-MC BCP Server : Starting up on localhost port 5050
2020-10-06 10:35:55,871 : MPF-MC BCP Server : Waiting for a connection...
2020-10-06 10:35:55,872 : mpfmc : SlidePlayer: Play called with settings={'slides': {welcome_slide-None-None: {'priority': None, 'target': None, 'background_color': [0.0, 0.0, 0.0, 1.0], 'show': True, 'force': False, 'expire': None, 'slide': None, 'tokens': {}, 'action': 'play', 'transition': None, 'transition_out': None}}}
2020-10-06 10:35:55,881 : kivy : GL: NPOT texture support is available
2020-10-06 10:35:55,882 : EventManager : Event: ======'slide_welcome_slide_created'====== Args={}
2020-10-06 10:35:55,885 : EventManager : Event: ======'slide_welcome_slide_active'====== Args={}
2020-10-06 10:35:55,893 : EventManager : Event: ======'client_disconnected'====== Args={'host': '127.0.0.1', 'port': 5050}
2020-10-06 10:35:57,016 : MPF-MC BCP Server : Received connection from: 127.0.0.1:60520
2020-10-06 10:35:57,021 : EventManager : Event: ======'client_connected'====== Args={'host': '127.0.0.1', 'port': 60520}
2020-10-06 10:35:57,058 : EventManager : Event: ======'machine_var_credits_string'====== Args={'value': 'FREE PLAY', 'prev_value': None, 'change': True}
2020-10-06 10:35:57,058 : EventManager : Event: ======'machine_var_player1_score'====== Args={'value': 16340, 'prev_value': None, 'change': True}
2020-10-06 10:35:57,058 : EventManager : Event: ======'machine_var_mpf_version'====== Args={'value': 'MPF v0.54.0-dev.72', 'prev_value': None, 'change': True}
2020-10-06 10:35:57,059 : EventManager : Event: ======'machine_var_mpf_extended_version'====== Args={'value': 'MPF v0.54.0-dev.72, Config version:5, Show version: 5, BCP version:1.1', 'prev_value': None, 'change': True}
2020-10-06 10:35:57,059 : EventManager : Event: ======'machine_var_python_version'====== Args={'value': '3.6.4', 'prev_value': None, 'change': True}
2020-10-06 10:35:57,059 : EventManager : Event: ======'machine_var_platform'====== Args={'value': 'Windows-10-10.0.18362-SP0', 'prev_value': None, 'change': True}
2020-10-06 10:35:57,059 : EventManager : Event: ======'machine_var_platform_system'====== Args={'value': 'Windows', 'prev_value': None, 'change': True}
2020-10-06 10:35:57,059 : EventManager : Event: ======'machine_var_platform_release'====== Args={'value': '10', 'prev_value': None, 'change': True}
2020-10-06 10:35:57,059 : EventManager : Event: ======'machine_var_platform_version'====== Args={'value': '10.0.18362', 'prev_value': None, 'change': True}
2020-10-06 10:35:57,060 : EventManager : Event: ======'machine_var_platform_machine'====== Args={'value': 'AMD64', 'prev_value': None, 'change': True}
2020-10-06 10:35:57,060 : EventManager : Event: ======'machine_var_mc_version'====== Args={'value': 'MPF-MC v0.54.0-dev.20', 'prev_value': None, 'change': True}
2020-10-06 10:35:57,060 : EventManager : Event: ======'machine_var_mc_extended_version'====== Args={'value': 'MPF-MC v0.54.0-dev.20 (config_version=5, BCP v1.1, Requires MPF v0.54.0-dev.68)', 'prev_value': None, 'change': True}
2020-10-06 10:35:57,060 : EventManager : Event: ======'machine_var_master_volume'====== Args={'value': 0.5, 'prev_value': None, 'change': True}
2020-10-06 10:35:57,142 : EventManager : Event: ======'machine_var_audits_events_game_ended'====== Args={'value': 21, 'prev_value': None, 'change': True}
2020-10-06 10:35:57,144 : EventManager : Event: ======'machine_var_audits_events_game_started'====== Args={'value': 40, 'prev_value': None, 'change': True}
2020-10-06 10:35:57,144 : EventManager : Event: ======'machine_var_audits_player_score'====== Args={'value': {'average': 530.4761904761905, 'top': [2970, 1300, 1220, 980, 880, 780, 720, 710, 630, 590], 'total': 21}, 'prev_value': None, 'change': True}
2020-10-06 10:35:57,145 : EventManager : Event: ======'machine_var_audits_shots_soul_L'====== Args={'value': 313, 'prev_value': None, 'change': True}
2020-10-06 10:35:57,146 : EventManager : Event: ======'machine_var_audits_shots_soul_O'====== Args={'value': 319, 'prev_value': None, 'change': True}
2020-10-06 10:35:57,146 : EventManager : Event: ======'machine_var_audits_shots_soul_S'====== Args={'value': 353, 'prev_value': None, 'change': True}
2020-10-06 10:35:57,147 : EventManager : Event: ======'machine_var_audits_shots_soul_U'====== Args={'value': 316, 'prev_value': None, 'change': True}
2020-10-06 10:35:57,147 : EventManager : Event: ======'machine_var_audits_switches_s_coin'====== Args={'value': 21, 'prev_value': None, 'change': True}
2020-10-06 10:35:57,148 : EventManager : Event: ======'machine_var_audits_switches_s_dash_L'====== Args={'value': 0, 'prev_value': None, 'change': True}
2020-10-06 10:35:57,148 : EventManager : Event: ======'machine_var_audits_switches_s_dash_R'====== Args={'value': 0, 'prev_value': None, 'change': True}
2020-10-06 10:35:57,149 : EventManager : Event: ======'machine_var_audits_switches_s_dtSling_L'====== Args={'value': 0, 'prev_value': None, 'change': True}
2020-10-06 10:35:57,150 : EventManager : Event: ======'machine_var_audits_switches_s_dtSling_R'====== Args={'value': 0, 'prev_value': None, 'change': True}
2020-10-06 10:35:57,151 : EventManager : Event: ======'machine_var_audits_switches_s_dt_C'====== Args={'value': 161, 'prev_value': None, 'change': True}
2020-10-06 10:35:57,151 : EventManager : Event: ======'machine_var_audits_switches_s_dt_G'====== Args={'value': 59, 'prev_value': None, 'change': True}
2020-10-06 10:35:57,152 : EventManager : Event: ======'machine_var_audits_switches_s_dt_M'====== Args={'value': 60, 'prev_value': None, 'change': True}
2020-10-06 10:35:57,152 : EventManager : Event: ======'machine_var_audits_switches_s_dt_P'====== Args={'value': 141, 'prev_value': None, 'change': True}
2020-10-06 10:35:57,154 : EventManager : Event: ======'machine_var_audits_switches_s_dt_U'====== Args={'value': 156, 'prev_value': None, 'change': True}
2020-10-06 10:35:57,154 : EventManager : Event: ======'machine_var_audits_switches_s_dt_U2'====== Args={'value': 53, 'prev_value': None, 'change': True}
2020-10-06 10:35:57,155 : EventManager : Event: ======'machine_var_audits_switches_s_exit_shooter_lane'====== Args={'value': 396, 'prev_value': None, 'change': True}
2020-10-06 10:35:57,155 : EventManager : Event: ======'machine_var_audits_switches_s_inLane_L'====== Args={'value': 0, 'prev_value': None, 'change': True}
2020-10-06 10:35:57,156 : EventManager : Event: ======'machine_var_audits_switches_s_inLane_R'====== Args={'value': 0, 'prev_value': None, 'change': True}
2020-10-06 10:35:57,157 : EventManager : Event: ======'machine_var_audits_switches_s_kicker'====== Args={'value': 0, 'prev_value': None, 'change': True}
2020-10-06 10:35:57,158 : EventManager : Event: ======'machine_var_audits_switches_s_left_flipper'====== Args={'value': 151, 'prev_value': None, 'change': True}
2020-10-06 10:35:57,158 : EventManager : Event: ======'machine_var_audits_switches_s_midRight'====== Args={'value': 0, 'prev_value': None, 'change': True}
2020-10-06 10:35:57,158 : EventManager : Event: ======'machine_var_audits_switches_s_outLane_L'====== Args={'value': 0, 'prev_value': None, 'change': True}
2020-10-06 10:35:57,159 : EventManager : Event: ======'machine_var_audits_switches_s_outLane_R'====== Args={'value': 0, 'prev_value': None, 'change': True}
2020-10-06 10:35:57,159 : EventManager : Event: ======'machine_var_audits_switches_s_perdition'====== Args={'value': 0, 'prev_value': None, 'change': True}
2020-10-06 10:35:57,160 : EventManager : Event: ======'machine_var_audits_switches_s_playfield'====== Args={'value': 0, 'prev_value': None, 'change': True}
2020-10-06 10:35:57,160 : EventManager : Event: ======'machine_var_audits_switches_s_plunger'====== Args={'value': 652, 'prev_value': None, 'change': True}
2020-10-06 10:35:57,161 : EventManager : Event: ======'machine_var_audits_switches_s_popBumper_1'====== Args={'value': 566, 'prev_value': None, 'change': True}
2020-10-06 10:35:57,163 : EventManager : Event: ======'machine_var_audits_switches_s_popBumper_2'====== Args={'value': 449, 'prev_value': None, 'change': True}
2020-10-06 10:35:57,164 : EventManager : Event: ======'machine_var_audits_switches_s_popBumper_3'====== Args={'value': 168, 'prev_value': None, 'change': True}
2020-10-06 10:35:57,164 : EventManager : Event: ======'machine_var_audits_switches_s_pop_bumper1'====== Args={'value': 120, 'prev_value': None, 'change': True}
2020-10-06 10:35:57,165 : EventManager : Event: ======'machine_var_audits_switches_s_pop_bumper2'====== Args={'value': 153, 'prev_value': None, 'change': True}
2020-10-06 10:35:57,165 : EventManager : Event: ======'machine_var_audits_switches_s_pop_bumper3'====== Args={'value': 100, 'prev_value': None, 'change': True}
2020-10-06 10:35:57,174 : EventManager : Event: ======'machine_var_audits_switches_s_right_flipper'====== Args={'value': 217, 'prev_value': None, 'change': True}
2020-10-06 10:35:57,174 : EventManager : Event: ======'machine_var_audits_switches_s_sling_L'====== Args={'value': 0, 'prev_value': None, 'change': True}
2020-10-06 10:35:57,175 : EventManager : Event: ======'machine_var_audits_switches_s_sling_R'====== Args={'value': 0, 'prev_value': None, 'change': True}
2020-10-06 10:35:57,176 : EventManager : Event: ======'machine_var_audits_switches_s_soul_L'====== Args={'value': 314, 'prev_value': None, 'change': True}
2020-10-06 10:35:57,176 : EventManager : Event: ======'machine_var_audits_switches_s_soul_O'====== Args={'value': 324, 'prev_value': None, 'change': True}
2020-10-06 10:35:57,176 : EventManager : Event: ======'machine_var_audits_switches_s_soul_S'====== Args={'value': 353, 'prev_value': None, 'change': True}
2020-10-06 10:35:57,176 : EventManager : Event: ======'machine_var_audits_switches_s_soul_U'====== Args={'value': 316, 'prev_value': None, 'change': True}
2020-10-06 10:35:57,177 : EventManager : Event: ======'machine_var_audits_switches_s_standUp_1'====== Args={'value': 0, 'prev_value': None, 'change': True}
2020-10-06 10:35:57,177 : EventManager : Event: ======'machine_var_audits_switches_s_standUp_2'====== Args={'value': 0, 'prev_value': None, 'change': True}
2020-10-06 10:35:57,178 : EventManager : Event: ======'machine_var_audits_switches_s_standUp_3'====== Args={'value': 0, 'prev_value': None, 'change': True}
2020-10-06 10:35:57,192 : EventManager : Event: ======'machine_var_audits_switches_s_standUp_R'====== Args={'value': 0, 'prev_value': None, 'change': True}
2020-10-06 10:35:57,192 : EventManager : Event: ======'machine_var_audits_switches_s_star_1'====== Args={'value': 0, 'prev_value': None, 'change': True}
2020-10-06 10:35:57,192 : EventManager : Event: ======'machine_var_audits_switches_s_star_2'====== Args={'value': 0, 'prev_value': None, 'change': True}
2020-10-06 10:35:57,193 : EventManager : Event: ======'machine_var_audits_switches_s_star_3'====== Args={'value': 0, 'prev_value': None, 'change': True}
2020-10-06 10:35:57,194 : EventManager : Event: ======'machine_var_audits_switches_s_start'====== Args={'value': 69, 'prev_value': None, 'change': True}
2020-10-06 10:35:57,194 : EventManager : Event: ======'machine_var_audits_switches_s_tilt'====== Args={'value': 0, 'prev_value': None, 'change': True}
2020-10-06 10:35:57,194 : EventManager : Event: ======'machine_var_audits_switches_s_trough1'====== Args={'value': 576, 'prev_value': None, 'change': True}
2020-10-06 10:35:57,194 : EventManager : Event: ======'machine_var_audits_switches_s_trough2'====== Args={'value': 72, 'prev_value': None, 'change': True}
2020-10-06 10:35:57,194 : EventManager : Event: ======'machine_var_audits_switches_s_trough_jam'====== Args={'value': 13, 'prev_value': None, 'change': True}
2020-10-06 10:35:57,219 : EventManager : Event: ======'slides_play'====== Args={'settings': {'welcome_slide': {'target': None, 'background_color': [0.0, 0.0, 0.0, 1.0], 'priority': None, 'show': True, 'force': False, 'expire': None, 'slide': None, 'tokens': {}, 'action': 'play'}}, 'context': '_global', 'calling_context': 'init_done', 'priority': 0}
2020-10-06 10:35:57,219 : EventManager : Event: ======'mc_reset_phase_1'====== Args={}
2020-10-06 10:35:57,219 : mpfmc : SlidePlayer: Play called with settings={'welcome_slide': {'target': None, 'background_color': [0.0, 0.0, 0.0, 1.0], 'priority': None, 'show': True, 'force': False, 'expire': None, 'slide': None, 'tokens': {}, 'action': 'play'}}
2020-10-06 10:35:57,221 : EventManager : Event: ======'slide_welcome_slide_removed'====== Args={}
2020-10-06 10:35:57,226 : EventManager : Event: ======'slide_welcome_slide_created'====== Args={}
2020-10-06 10:35:57,227 : EventManager : Event: ======'mc_reset_phase_2'====== Args={}
2020-10-06 10:35:57,228 : EventManager : Event: ======'mc_reset_phase_3'====== Args={}
2020-10-06 10:35:57,228 : EventManager : Event: ======'mc_reset_complete'====== Args={}
2020-10-06 10:35:57,229 : EventManager : Event: ======'slide_welcome_slide_active'====== Args={}
2020-10-06 10:35:57,241 : EventManager : Event: ======'slides_play'====== Args={'settings': {'awesome_slide': {'widgets': [{'type': 'text', 'text': 'Cuphead Pinball', 'font_size': 50, '_default_settings': ['type', 'text', 'font_size'], 'x': None, 'y': None, 'anchor_x': 'center', 'anchor_y': 'center', 'round_anchor_x': None, 'round_anchor_y': None, 'opacity': 1.0, 'z': 0, 'reset_animations_events': {}, 'color': [1.0, 1.0, 1.0, 1.0], 'style': [], 'adjust_top': 0, 'adjust_bottom': 0, 'adjust_left': 0, 'adjust_right': 0, 'expire': None, 'key': None, 'widget': None, 'events_when_added': [], 'events_when_removed': [], 'bitmap_font': False, 'font_kerning': True, 'bold': False, 'italic': False, 'number_grouping': False, 'min_digits': 0, 'halign': 'center', 'valign': 'middle', 'rotation': 0, 'scale': 1.0, 'casing': None, 'animations': None}], 'transition': {'type': 'push', 'duration': 1.0, 'direction': 'left', 'easing': 'out_quad'}, 'target': None, 'background_color': [0.0, 0.0, 0.0, 1.0], 'priority': None, 'show': True, 'force': False, 'expire': None, 'slide': None, 'tokens': {}, 'action': 'play'}}, 'context': 'show_1', 'calling_context': 0, 'priority': 10, 'show_tokens': {}, 'start_time': 576602.25}
2020-10-06 10:35:57,242 : EventManager : Event: ======'sounds_play'====== Args={'settings': {'attract_music': {'loops': -1, 'mode_end_action': 'stop', 'priority': None, 'action': 'play', 'track': None, 'volume': None, 'pan': None, 'start_at': None, 'fade_in': None, 'fade_out': None, 'about_to_finish_time': -1.0, 'max_queue_time': -1.0, 'events_when_played': ['use_sound_setting'], 'events_when_stopped': ['use_sound_setting'], 'events_when_looping': ['use_sound_setting'], 'events_when_about_to_finish': ['use_sound_setting'], 'key': 'use_sound_setting'}}, 'context': 'attract', 'calling_context': 'mode_attract_started', 'priority': 10}
2020-10-06 10:35:57,243 : mpfmc : SlidePlayer: Play called with settings={'awesome_slide': {'widgets': [{'type': 'text', 'text': 'Cuphead Pinball', 'font_size': 50, '_default_settings': ['type', 'text', 'font_size'], 'x': None, 'y': None, 'anchor_x': 'center', 'anchor_y': 'center', 'round_anchor_x': None, 'round_anchor_y': None, 'opacity': 1.0, 'z': 0, 'reset_animations_events': {}, 'color': [1.0, 1.0, 1.0, 1.0], 'style': [], 'adjust_top': 0, 'adjust_bottom': 0, 'adjust_left': 0, 'adjust_right': 0, 'expire': None, 'key': None, 'widget': None, 'events_when_added': [], 'events_when_removed': [], 'bitmap_font': False, 'font_kerning': True, 'bold': False, 'italic': False, 'number_grouping': False, 'min_digits': 0, 'halign': 'center', 'valign': 'middle', 'rotation': 0, 'scale': 1.0, 'casing': None, 'animations': None}], 'transition': {'type': 'push', 'duration': 1.0, 'direction': 'left', 'easing': 'out_quad'}, 'target': None, 'background_color': [0.0, 0.0, 0.0, 1.0], 'priority': None, 'show': True, 'force': False, 'expire': None, 'slide': None, 'tokens': {}, 'action': 'play'}}
2020-10-06 10:35:57,252 : EventManager : Event: ======'slide_awesome_slide_created'====== Args={}
2020-10-06 10:35:57,260 : EventManager : Event: ======'slide_awesome_slide_active'====== Args={}
2020-10-06 10:36:00,254 : EventManager : Event: ======'slides_play'====== Args={'settings': {'press_start': {'widgets': [{'type': 'Text', 'text': 'PRESS START', 'animations': {'pre_show_slide': [{'property': ['opacity'], 'value': ['0'], 'duration': 0.5, 'relative': False, 'timing': 'after_previous', 'repeat': False, 'easing': 'linear'}, {'property': ['opacity'], 'value': ['1'], 'duration': 0.5, 'repeat': False, 'relative': False, 'timing': 'after_previous', 'easing': 'linear'}]}, '_default_settings': ['type', 'text', 'animations'], 'x': None, 'y': None, 'anchor_x': 'center', 'anchor_y': 'center', 'round_anchor_x': None, 'round_anchor_y': None, 'opacity': 1.0, 'z': 0, 'reset_animations_events': {}, 'color': [1.0, 1.0, 1.0, 1.0], 'style': [], 'adjust_top': 0, 'adjust_bottom': 0, 'adjust_left': 0, 'adjust_right': 0, 'expire': None, 'key': None, 'widget': None, 'events_when_added': [], 'events_when_removed': [], 'font_size': 15, 'bitmap_font': False, 'font_kerning': True, 'bold': False, 'italic': False, 'number_grouping': False, 'min_digits': 0, 'halign': 'center', 'valign': 'middle', 'rotation': 0, 'scale': 1.0, 'casing': None}, {'type': 'Text', 'text': 'FREE PLAY', 'color': [0.0, 0.5019607843137255, 0.0, 1], 'y': '10', 'anchor_y': 'bottom', '_default_settings': ['type', 'text', 'color', 'y', 'anchor_y'], 'x': None, 'anchor_x': 'center', 'round_anchor_x': None, 'round_anchor_y': None, 'opacity': 1.0, 'z': 0, 'reset_animations_events': {}, 'style': [], 'adjust_top': 0, 'adjust_bottom': 0, 'adjust_left': 0, 'adjust_right': 0, 'expire': None, 'key': None, 'widget': None, 'events_when_added': [], 'events_when_removed': [], 'font_size': 15, 'bitmap_font': False, 'font_kerning': True, 'bold': False, 'italic': False, 'number_grouping': False, 'min_digits': 0, 'halign': 'center', 'valign': 'middle', 'rotation': 0, 'scale': 1.0, 'casing': None, 'animations': None}], 'transition': {'type': 'move_in', 'duration': 1.0, 'direction': 'right', 'easing': 'out_quad'}, 'target': None, 'background_color': [0.0, 0.0, 0.0, 1.0], 'priority': None, 'show': True, 'force': False, 'expire': None, 'slide': None, 'tokens': {}, 'action': 'play'}}, 'context': 'show_1', 'calling_context': 1, 'priority': 10, 'show_tokens': {}, 'start_time': 576605.25}
2020-10-06 10:36:00,254 : mpfmc : SlidePlayer: Play called with settings={'press_start': {'widgets': [{'type': 'Text', 'text': 'PRESS START', 'animations': {'pre_show_slide': [{'property': ['opacity'], 'value': ['0'], 'duration': 0.5, 'relative': False, 'timing': 'after_previous', 'repeat': False, 'easing': 'linear'}, {'property': ['opacity'], 'value': ['1'], 'duration': 0.5, 'repeat': False, 'relative': False, 'timing': 'after_previous', 'easing': 'linear'}]}, '_default_settings': ['type', 'text', 'animations'], 'x': None, 'y': None, 'anchor_x': 'center', 'anchor_y': 'center', 'round_anchor_x': None, 'round_anchor_y': None, 'opacity': 1.0, 'z': 0, 'reset_animations_events': {}, 'color': [1.0, 1.0, 1.0, 1.0], 'style': [], 'adjust_top': 0, 'adjust_bottom': 0, 'adjust_left': 0, 'adjust_right': 0, 'expire': None, 'key': None, 'widget': None, 'events_when_added': [], 'events_when_removed': [], 'font_size': 15, 'bitmap_font': False, 'font_kerning': True, 'bold': False, 'italic': False, 'number_grouping': False, 'min_digits': 0, 'halign': 'center', 'valign': 'middle', 'rotation': 0, 'scale': 1.0, 'casing': None}, {'type': 'Text', 'text': 'FREE PLAY', 'color': [0.0, 0.5019607843137255, 0.0, 1], 'y': '10', 'anchor_y': 'bottom', '_default_settings': ['type', 'text', 'color', 'y', 'anchor_y'], 'x': None, 'anchor_x': 'center', 'round_anchor_x': None, 'round_anchor_y': None, 'opacity': 1.0, 'z': 0, 'reset_animations_events': {}, 'style': [], 'adjust_top': 0, 'adjust_bottom': 0, 'adjust_left': 0, 'adjust_right': 0, 'expire': None, 'key': None, 'widget': None, 'events_when_added': [], 'events_when_removed': [], 'font_size': 15, 'bitmap_font': False, 'font_kerning': True, 'bold': False, 'italic': False, 'number_grouping': False, 'min_digits': 0, 'halign': 'center', 'valign': 'middle', 'rotation': 0, 'scale': 1.0, 'casing': None, 'animations': None}], 'transition': {'type': 'move_in', 'duration': 1.0, 'direction': 'right', 'easing': 'out_quad'}, 'target': None, 'background_color': [0.0, 0.0, 0.0, 1.0], 'priority': None, 'show': True, 'force': False, 'expire': None, 'slide': None, 'tokens': {}, 'action': 'play'}}
2020-10-06 10:36:00,264 : EventManager : Event: ======'slide_press_start_created'====== Args={}
2020-10-06 10:36:00,269 : EventManager : Event: ======'slide_press_start_active'====== Args={}
2020-10-06 10:36:00,515 : EventManager : Event: ======'game_started'====== Args={}
2020-10-06 10:36:00,527 : EventManager : Event: ======'slides_clear'====== Args={'context': 'show_1'}
2020-10-06 10:36:00,527 : EventManager : Event: ======'sounds_clear'====== Args={'context': 'attract'}
2020-10-06 10:36:00,529 : EventManager : Event: ======'slide_awesome_slide_removed'====== Args={}
2020-10-06 10:36:00,531 : EventManager : Event: ======'slide_press_start_removed'====== Args={}
2020-10-06 10:36:00,533 : EventManager : Event: ======'slide_welcome_slide_active'====== Args={}
2020-10-06 10:36:00,634 : EventManager : Event: ======'player_added'====== Args={'player': <Player 1>, 'num': 1}
2020-10-06 10:36:00,634 : EventManager : Event: ======'player_index'====== Args={'value': 0, 'prev_value': 0, 'change': 0, 'player_num': 1}
2020-10-06 10:36:00,635 : EventManager : Event: ======'player_number'====== Args={'value': 1, 'prev_value': 1, 'change': 0, 'player_num': 1}
2020-10-06 10:36:00,635 : EventManager : Event: ======'player_score'====== Args={'value': 0, 'prev_value': 0, 'change': 0, 'player_num': 1}
2020-10-06 10:36:00,647 : EventManager : Event: ======'player_bonus_multiplier'====== Args={'value': 1, 'prev_value': 0, 'change': 1, 'player_num': 1}
2020-10-06 10:36:00,647 : EventManager : Event: ======'player_contracts'====== Args={'value': 0, 'prev_value': 0, 'change': 0, 'player_num': 1}
2020-10-06 10:36:00,737 : EventManager : Event: ======'player_ball'====== Args={'value': 1, 'prev_value': 0, 'change': 1, 'player_num': 1}
2020-10-06 10:36:00,737 : EventManager : Event: ======'player_turn_start'====== Args={'number': 1, 'player': <Player 1>}
2020-10-06 10:36:00,775 : EventManager : Event: ======'player_shot_soul_S_enabled'====== Args={'value': True, 'prev_value': 0, 'change': 1, 'player_num': 1}
2020-10-06 10:36:00,775 : EventManager : Event: ======'player_shot_soul_O_enabled'====== Args={'value': True, 'prev_value': 0, 'change': 1, 'player_num': 1}
2020-10-06 10:36:00,775 : EventManager : Event: ======'player_shot_soul_U_enabled'====== Args={'value': True, 'prev_value': 0, 'change': 1, 'player_num': 1}
2020-10-06 10:36:00,776 : EventManager : Event: ======'player_shot_soul_L_enabled'====== Args={'value': True, 'prev_value': 0, 'change': 1, 'player_num': 1}
2020-10-06 10:36:00,800 : EventManager : Event: ======'sounds_play'====== Args={'settings': {'poolCupHeadBase': {'loops': -1, 'priority': None, 'action': 'play', 'track': None, 'volume': None, 'pan': None, 'start_at': None, 'fade_in': None, 'fade_out': None, 'about_to_finish_time': -1.0, 'max_queue_time': -1.0, 'events_when_played': ['use_sound_setting'], 'events_when_stopped': ['use_sound_setting'], 'events_when_looping': ['use_sound_setting'], 'events_when_about_to_finish': ['use_sound_setting'], 'mode_end_action': 'use_sound_setting', 'key': 'use_sound_setting'}}, 'context': 'base', 'calling_context': 'mode_base_started', 'priority': 100, 'queue': '<QueuedEvent>', 'player': 1, 'ball': 1, 'balls_remaining': 4, 'is_extra_ball': False}
2020-10-06 10:36:00,800 : EventManager : Event: ======'slides_play'====== Args={'settings': {'widgets': {'widgets': [{'type': 'text', 'text': '(score)', 'number_grouping': True, 'min_digits': 2, 'font_size': 100, '_default_settings': ['type', 'text', 'number_grouping', 'min_digits', 'font_size'], 'x': None, 'y': None, 'anchor_x': 'center', 'anchor_y': 'center', 'round_anchor_x': None, 'round_anchor_y': None, 'opacity': 1.0, 'z': 0, 'reset_animations_events': {}, 'color': [1.0, 1.0, 1.0, 1.0], 'style': [], 'adjust_top': 0, 'adjust_bottom': 0, 'adjust_left': 0, 'adjust_right': 0, 'expire': None, 'key': None, 'widget': None, 'events_when_added': [], 'events_when_removed': [], 'bitmap_font': False, 'font_kerning': True, 'bold': False, 'italic': False, 'halign': 'center', 'valign': 'middle', 'rotation': 0, 'scale': 1.0, 'casing': None, 'animations': None}, {'type': 'text', 'text': 'Player (player)', 'y': '10', 'x': '10', 'font_size': 30, 'anchor_x': 'left', 'anchor_y': 'bottom', '_default_settings': ['type', 'text', 'y', 'x', 'font_size', 'anchor_x', 'anchor_y'], 'round_anchor_x': None, 'round_anchor_y': None, 'opacity': 1.0, 'z': 0, 'reset_animations_events': {}, 'color': [1.0, 1.0, 1.0, 1.0], 'style': [], 'adjust_top': 0, 'adjust_bottom': 0, 'adjust_left': 0, 'adjust_right': 0, 'expire': None, 'key': None, 'widget': None, 'events_when_added': [], 'events_when_removed': [], 'bitmap_font': False, 'font_kerning': True, 'bold': False, 'italic': False, 'number_grouping': False, 'min_digits': 0, 'halign': 'center', 'valign': 'middle', 'rotation': 0, 'scale': 1.0, 'casing': None, 'animations': None}, {'type': 'text', 'text': 'BALL (ball)', 'y': '10', 'x': 'right-10', 'anchor_x': 'right', 'anchor_y': 'bottom', 'font_size': 50, '_default_settings': ['type', 'text', 'y', 'x', 'anchor_x', 'anchor_y', 'font_size'], 'round_anchor_x': None, 'round_anchor_y': None, 'opacity': 1.0, 'z': 0, 'reset_animations_events': {}, 'color': [1.0, 1.0, 1.0, 1.0], 'style': [], 'adjust_top': 0, 'adjust_bottom': 0, 'adjust_left': 0, 'adjust_right': 0, 'expire': None, 'key': None, 'widget': None, 'events_when_added': [], 'events_when_removed': [], 'bitmap_font': False, 'font_kerning': True, 'bold': False, 'italic': False, 'number_grouping': False, 'min_digits': 0, 'halign': 'center', 'valign': 'middle', 'rotation': 0, 'scale': 1.0, 'casing': None, 'animations': None}], 'target': None, 'background_color': [0.0, 0.0, 0.0, 1.0], 'priority': None, 'show': True, 'force': False, 'expire': None, 'slide': None, 'tokens': {}, 'action': 'play'}}, 'context': 'base', 'calling_context': 'mode_base_started', 'priority': 100, 'queue': '<QueuedEvent>', 'player': 1, 'ball': 1, 'balls_remaining': 4, 'is_extra_ball': False}
2020-10-06 10:36:00,801 : mpfmc : SlidePlayer: Play called with settings={'widgets': {'widgets': [{'type': 'text', 'text': '(score)', 'number_grouping': True, 'min_digits': 2, 'font_size': 100, '_default_settings': ['type', 'text', 'number_grouping', 'min_digits', 'font_size'], 'x': None, 'y': None, 'anchor_x': 'center', 'anchor_y': 'center', 'round_anchor_x': None, 'round_anchor_y': None, 'opacity': 1.0, 'z': 0, 'reset_animations_events': {}, 'color': [1.0, 1.0, 1.0, 1.0], 'style': [], 'adjust_top': 0, 'adjust_bottom': 0, 'adjust_left': 0, 'adjust_right': 0, 'expire': None, 'key': None, 'widget': None, 'events_when_added': [], 'events_when_removed': [], 'bitmap_font': False, 'font_kerning': True, 'bold': False, 'italic': False, 'halign': 'center', 'valign': 'middle', 'rotation': 0, 'scale': 1.0, 'casing': None, 'animations': None}, {'type': 'text', 'text': 'Player (player)', 'y': '10', 'x': '10', 'font_size': 30, 'anchor_x': 'left', 'anchor_y': 'bottom', '_default_settings': ['type', 'text', 'y', 'x', 'font_size', 'anchor_x', 'anchor_y'], 'round_anchor_x': None, 'round_anchor_y': None, 'opacity': 1.0, 'z': 0, 'reset_animations_events': {}, 'color': [1.0, 1.0, 1.0, 1.0], 'style': [], 'adjust_top': 0, 'adjust_bottom': 0, 'adjust_left': 0, 'adjust_right': 0, 'expire': None, 'key': None, 'widget': None, 'events_when_added': [], 'events_when_removed': [], 'bitmap_font': False, 'font_kerning': True, 'bold': False, 'italic': False, 'number_grouping': False, 'min_digits': 0, 'halign': 'center', 'valign': 'middle', 'rotation': 0, 'scale': 1.0, 'casing': None, 'animations': None}, {'type': 'text', 'text': 'BALL (ball)', 'y': '10', 'x': 'right-10', 'anchor_x': 'right', 'anchor_y': 'bottom', 'font_size': 50, '_default_settings': ['type', 'text', 'y', 'x', 'anchor_x', 'anchor_y', 'font_size'], 'round_anchor_x': None, 'round_anchor_y': None, 'opacity': 1.0, 'z': 0, 'reset_animations_events': {}, 'color': [1.0, 1.0, 1.0, 1.0], 'style': [], 'adjust_top': 0, 'adjust_bottom': 0, 'adjust_left': 0, 'adjust_right': 0, 'expire': None, 'key': None, 'widget': None, 'events_when_added': [], 'events_when_removed': [], 'bitmap_font': False, 'font_kerning': True, 'bold': False, 'italic': False, 'number_grouping': False, 'min_digits': 0, 'halign': 'center', 'valign': 'middle', 'rotation': 0, 'scale': 1.0, 'casing': None, 'animations': None}], 'target': None, 'background_color': [0.0, 0.0, 0.0, 1.0], 'priority': None, 'show': True, 'force': False, 'expire': None, 'slide': None, 'tokens': {}, 'action': 'play'}}
2020-10-06 10:36:00,816 : EventManager : Event: ======'slide_base.slide_player-mode_base_started_created'====== Args={}
2020-10-06 10:36:00,821 : EventManager : Event: ======'slide_base.slide_player-mode_base_started_active'====== Args={}
2020-10-06 10:36:00,979 : EventManager : Event: ======'player_bonus_multiplier'====== Args={'value': 0, 'prev_value': 1, 'change': -1, 'player_num': 1}
2020-10-06 10:36:00,979 : EventManager : Event: ======'widgets_play'====== Args={'settings': {'soul_lanes_banner': {'priority': 0, 'slide': None, 'action': 'add', 'key': None, 'target': None}}, 'context': 'soulLanes', 'calling_context': 'mode_soulLanes_started', 'priority': 110, 'player': 1, 'ball': 1, 'balls_remaining': 4, 'is_extra_ball': False}
2020-10-06 10:36:00,979 : EventManager : Event: ======'widgets_play'====== Args={'settings': {'contracts_banner': {'priority': 0, 'slide': None, 'action': 'add', 'key': None, 'target': None}}, 'context': 'base', 'calling_context': 'mode_soulLanes_started', 'priority': 100, 'player': 1, 'ball': 1, 'balls_remaining': 4, 'is_extra_ball': False}
2020-10-06 10:36:01,191 : EventManager : Event: ======'machine_var_audits_switches_s_plunger'====== Args={'value': 653, 'prev_value': 652, 'change': 1}
2020-10-06 10:36:02,093 : EventManager : Event: ======'machine_var_audits_switches_s_soul_S'====== Args={'value': 354, 'prev_value': 353, 'change': 1}
2020-10-06 10:36:02,093 : EventManager : Event: ======'player_shot_soul_S'====== Args={'value': 1, 'prev_value': 0, 'change': 1, 'player_num': 1}
2020-10-06 10:36:02,093 : EventManager : Event: ======'machine_var_audits_shots_soul_S'====== Args={'value': 354, 'prev_value': 353, 'change': 1}
2020-10-06 10:36:02,094 : EventManager : Event: ======'player_score'====== Args={'value': 10, 'prev_value': 0, 'change': 10, 'player_num': 1}
2020-10-06 10:36:02,681 : EventManager : Event: ======'machine_var_audits_switches_s_soul_O'====== Args={'value': 325, 'prev_value': 324, 'change': 1}
2020-10-06 10:36:02,681 : EventManager : Event: ======'player_shot_soul_O'====== Args={'value': 1, 'prev_value': 0, 'change': 1, 'player_num': 1}
2020-10-06 10:36:02,682 : EventManager : Event: ======'machine_var_audits_shots_soul_O'====== Args={'value': 320, 'prev_value': 319, 'change': 1}
2020-10-06 10:36:02,682 : EventManager : Event: ======'player_score'====== Args={'value': 20, 'prev_value': 10, 'change': 10, 'player_num': 1}
2020-10-06 10:36:03,119 : EventManager : Event: ======'machine_var_audits_switches_s_soul_U'====== Args={'value': 317, 'prev_value': 316, 'change': 1}
2020-10-06 10:36:03,119 : EventManager : Event: ======'player_shot_soul_U'====== Args={'value': 1, 'prev_value': 0, 'change': 1, 'player_num': 1}
2020-10-06 10:36:03,119 : EventManager : Event: ======'machine_var_audits_shots_soul_U'====== Args={'value': 317, 'prev_value': 316, 'change': 1}
2020-10-06 10:36:03,120 : EventManager : Event: ======'player_score'====== Args={'value': 30, 'prev_value': 20, 'change': 10, 'player_num': 1}
2020-10-06 10:36:03,658 : EventManager : Event: ======'machine_var_audits_switches_s_soul_L'====== Args={'value': 315, 'prev_value': 314, 'change': 1}
2020-10-06 10:36:03,658 : EventManager : Event: ======'player_shot_soul_L'====== Args={'value': 1, 'prev_value': 0, 'change': 1, 'player_num': 1}
2020-10-06 10:36:03,659 : EventManager : Event: ======'machine_var_audits_shots_soul_L'====== Args={'value': 314, 'prev_value': 313, 'change': 1}
2020-10-06 10:36:03,659 : EventManager : Event: ======'player_score'====== Args={'value': 40, 'prev_value': 30, 'change': 10, 'player_num': 1}
2020-10-06 10:36:03,668 : EventManager : Event: ======'player_score'====== Args={'value': 1040, 'prev_value': 40, 'change': 1000, 'player_num': 1}
2020-10-06 10:36:03,668 : EventManager : Event: ======'player_bonus_multiplier'====== Args={'value': 1, 'prev_value': 0, 'change': 1, 'player_num': 1}
2020-10-06 10:36:04,326 : EventManager : Event: ======'machine_var_audits_switches_s_soul_S'====== Args={'value': 355, 'prev_value': 354, 'change': 1}
2020-10-06 10:36:04,326 : EventManager : Event: ======'machine_var_audits_shots_soul_S'====== Args={'value': 355, 'prev_value': 354, 'change': 1}
2020-10-06 10:36:04,327 : EventManager : Event: ======'player_score'====== Args={'value': 1050, 'prev_value': 1040, 'change': 10, 'player_num': 1}
2020-10-06 10:36:04,660 : EventManager : Event: ======'player_shot_soul_S'====== Args={'value': 0, 'prev_value': 1, 'change': -1, 'player_num': 1}
2020-10-06 10:36:04,660 : EventManager : Event: ======'player_shot_soul_O'====== Args={'value': 0, 'prev_value': 1, 'change': -1, 'player_num': 1}
2020-10-06 10:36:04,660 : EventManager : Event: ======'player_shot_soul_U'====== Args={'value': 0, 'prev_value': 1, 'change': -1, 'player_num': 1}
2020-10-06 10:36:04,661 : EventManager : Event: ======'player_shot_soul_L'====== Args={'value': 0, 'prev_value': 1, 'change': -1, 'player_num': 1}
2020-10-06 10:36:04,757 : EventManager : Event: ======'machine_var_audits_switches_s_soul_O'====== Args={'value': 326, 'prev_value': 325, 'change': 1}
2020-10-06 10:36:04,758 : EventManager : Event: ======'player_shot_soul_O'====== Args={'value': 1, 'prev_value': 0, 'change': 1, 'player_num': 1}
2020-10-06 10:36:04,758 : EventManager : Event: ======'machine_var_audits_shots_soul_O'====== Args={'value': 321, 'prev_value': 320, 'change': 1}
2020-10-06 10:36:04,758 : EventManager : Event: ======'player_score'====== Args={'value': 1060, 'prev_value': 1050, 'change': 10, 'player_num': 1}
2020-10-06 10:36:05,144 : EventManager : Event: ======'machine_var_audits_switches_s_soul_U'====== Args={'value': 318, 'prev_value': 317, 'change': 1}
2020-10-06 10:36:05,144 : EventManager : Event: ======'player_shot_soul_U'====== Args={'value': 1, 'prev_value': 0, 'change': 1, 'player_num': 1}
2020-10-06 10:36:05,144 : EventManager : Event: ======'machine_var_audits_shots_soul_U'====== Args={'value': 318, 'prev_value': 317, 'change': 1}
2020-10-06 10:36:05,146 : EventManager : Event: ======'player_score'====== Args={'value': 1070, 'prev_value': 1060, 'change': 10, 'player_num': 1}
2020-10-06 10:36:05,628 : EventManager : Event: ======'machine_var_audits_switches_s_soul_L'====== Args={'value': 316, 'prev_value': 315, 'change': 1}
2020-10-06 10:36:05,628 : EventManager : Event: ======'player_shot_soul_L'====== Args={'value': 1, 'prev_value': 0, 'change': 1, 'player_num': 1}
2020-10-06 10:36:05,629 : EventManager : Event: ======'machine_var_audits_shots_soul_L'====== Args={'value': 315, 'prev_value': 314, 'change': 1}
2020-10-06 10:36:05,629 : EventManager : Event: ======'player_score'====== Args={'value': 1080, 'prev_value': 1070, 'change': 10, 'player_num': 1}
2020-10-06 10:36:19,085 : EventManager : Event: ======'machine_var_audits_switches_s_plunger'====== Args={'value': 654, 'prev_value': 653, 'change': 1}
2020-10-06 10:36:25,445 : EventManager : Event: ======'machine_var_audits_switches_s_exit_shooter_lane'====== Args={'value': 397, 'prev_value': 396, 'change': 1}
2020-10-06 10:36:27,203 : EventManager : Event: ======'machine_var_audits_switches_s_dt_C'====== Args={'value': 162, 'prev_value': 161, 'change': 1}
2020-10-06 10:36:27,217 : EventManager : Event: ======'player_score'====== Args={'value': 1180, 'prev_value': 1080, 'change': 100, 'player_num': 1}
2020-10-06 10:36:28,480 : EventManager : Event: ======'machine_var_audits_switches_s_dt_U'====== Args={'value': 157, 'prev_value': 156, 'change': 1}
2020-10-06 10:36:28,525 : EventManager : Event: ======'player_score'====== Args={'value': 1280, 'prev_value': 1180, 'change': 100, 'player_num': 1}
2020-10-06 10:36:29,816 : EventManager : Event: ======'machine_var_audits_switches_s_dt_P'====== Args={'value': 142, 'prev_value': 141, 'change': 1}
2020-10-06 10:36:29,817 : EventManager : Event: ======'player_score'====== Args={'value': 1380, 'prev_value': 1280, 'change': 100, 'player_num': 1}
2020-10-06 10:36:29,817 : EventManager : Event: ======'player_contracts'====== Args={'value': 1, 'prev_value': 0, 'change': 1, 'player_num': 1}
2020-10-06 10:36:31,412 : EventManager : Event: ======'machine_var_audits_switches_s_dt_C'====== Args={'value': 163, 'prev_value': 162, 'change': 1}
2020-10-06 10:36:31,451 : EventManager : Event: ======'player_score'====== Args={'value': 1480, 'prev_value': 1380, 'change': 100, 'player_num': 1}
2020-10-06 10:36:32,984 : EventManager : Event: ======'machine_var_audits_switches_s_dt_U'====== Args={'value': 158, 'prev_value': 157, 'change': 1}
2020-10-06 10:36:32,985 : EventManager : Event: ======'player_score'====== Args={'value': 1580, 'prev_value': 1480, 'change': 100, 'player_num': 1}
2020-10-06 10:36:34,611 : EventManager : Event: ======'machine_var_audits_switches_s_dt_P'====== Args={'value': 143, 'prev_value': 142, 'change': 1}
2020-10-06 10:36:34,611 : EventManager : Event: ======'player_score'====== Args={'value': 1680, 'prev_value': 1580, 'change': 100, 'player_num': 1}
2020-10-06 10:36:34,695 : EventManager : Event: ======'player_contracts'====== Args={'value': 2, 'prev_value': 1, 'change': 1, 'player_num': 1}
2020-10-06 10:36:37,728 : EventManager : Event: ======'machine_var_audits_switches_s_trough1'====== Args={'value': 577, 'prev_value': 576, 'change': 1}
2020-10-06 10:36:38,291 : EventManager : Event: ======'widgets_play'====== Args={'settings': {'bonusPayout_banner': {'priority': 0, 'slide': None, 'action': 'add', 'key': None, 'target': None}}, 'context': 'bonus', 'calling_context': 'mode_bonus_started', 'priority': 500, 'queue': '<QueuedEvent>'}
2020-10-06 10:36:42,252 : EventManager : Event: ======'player_score'====== Args={'value': 3680, 'prev_value': 1680, 'change': 2000, 'player_num': 1}
2020-10-06 10:36:44,264 : EventManager : Event: ======'widgets_clear'====== Args={'context': 'bonus'}
2020-10-06 10:36:45,300 : EventManager : Event: ======'sounds_clear'====== Args={'context': 'base'}
2020-10-06 10:36:45,301 : EventManager : Event: ======'widgets_clear'====== Args={'context': 'base'}
2020-10-06 10:36:45,301 : EventManager : Event: ======'slides_clear'====== Args={'context': 'base'}
2020-10-06 10:36:45,306 : EventManager : Event: ======'slide_base.slide_player-mode_base_started_removed'====== Args={}
2020-10-06 10:36:45,307 : EventManager : Event: ======'widgets_clear'====== Args={'context': 'soulLanes'}
2020-10-06 10:36:45,307 : EventManager : Event: ======'player_ball'====== Args={'value': 2, 'prev_value': 1, 'change': 1, 'player_num': 1}
2020-10-06 10:36:45,309 : EventManager : Event: ======'player_contracts'====== Args={'value': 0, 'prev_value': 2, 'change': -2, 'player_num': 1}
2020-10-06 10:36:45,312 : EventManager : Event: ======'sounds_play'====== Args={'settings': {'poolCupHeadBase': {'loops': -1, 'priority': None, 'action': 'play', 'track': None, 'volume': None, 'pan': None, 'start_at': None, 'fade_in': None, 'fade_out': None, 'about_to_finish_time': -1.0, 'max_queue_time': -1.0, 'events_when_played': ['use_sound_setting'], 'events_when_stopped': ['use_sound_setting'], 'events_when_looping': ['use_sound_setting'], 'events_when_about_to_finish': ['use_sound_setting'], 'mode_end_action': 'use_sound_setting', 'key': 'use_sound_setting'}}, 'context': 'base', 'calling_context': 'mode_base_started', 'priority': 100, 'queue': '<QueuedEvent>', 'player': 1, 'ball': 2, 'balls_remaining': 3, 'is_extra_ball': False}
2020-10-06 10:36:45,312 : EventManager : Event: ======'slides_play'====== Args={'settings': {'widgets': {'widgets': [{'type': 'text', 'text': '(score)', 'number_grouping': True, 'min_digits': 2, 'font_size': 100, '_default_settings': ['type', 'text', 'number_grouping', 'min_digits', 'font_size'], 'x': None, 'y': None, 'anchor_x': 'center', 'anchor_y': 'center', 'round_anchor_x': None, 'round_anchor_y': None, 'opacity': 1.0, 'z': 0, 'reset_animations_events': {}, 'color': [1.0, 1.0, 1.0, 1.0], 'style': [], 'adjust_top': 0, 'adjust_bottom': 0, 'adjust_left': 0, 'adjust_right': 0, 'expire': None, 'key': None, 'widget': None, 'events_when_added': [], 'events_when_removed': [], 'bitmap_font': False, 'font_kerning': True, 'bold': False, 'italic': False, 'halign': 'center', 'valign': 'middle', 'rotation': 0, 'scale': 1.0, 'casing': None, 'animations': None}, {'type': 'text', 'text': 'Player (player)', 'y': '10', 'x': '10', 'font_size': 30, 'anchor_x': 'left', 'anchor_y': 'bottom', '_default_settings': ['type', 'text', 'y', 'x', 'font_size', 'anchor_x', 'anchor_y'], 'round_anchor_x': None, 'round_anchor_y': None, 'opacity': 1.0, 'z': 0, 'reset_animations_events': {}, 'color': [1.0, 1.0, 1.0, 1.0], 'style': [], 'adjust_top': 0, 'adjust_bottom': 0, 'adjust_left': 0, 'adjust_right': 0, 'expire': None, 'key': None, 'widget': None, 'events_when_added': [], 'events_when_removed': [], 'bitmap_font': False, 'font_kerning': True, 'bold': False, 'italic': False, 'number_grouping': False, 'min_digits': 0, 'halign': 'center', 'valign': 'middle', 'rotation': 0, 'scale': 1.0, 'casing': None, 'animations': None}, {'type': 'text', 'text': 'BALL (ball)', 'y': '10', 'x': 'right-10', 'anchor_x': 'right', 'anchor_y': 'bottom', 'font_size': 50, '_default_settings': ['type', 'text', 'y', 'x', 'anchor_x', 'anchor_y', 'font_size'], 'round_anchor_x': None, 'round_anchor_y': None, 'opacity': 1.0, 'z': 0, 'reset_animations_events': {}, 'color': [1.0, 1.0, 1.0, 1.0], 'style': [], 'adjust_top': 0, 'adjust_bottom': 0, 'adjust_left': 0, 'adjust_right': 0, 'expire': None, 'key': None, 'widget': None, 'events_when_added': [], 'events_when_removed': [], 'bitmap_font': False, 'font_kerning': True, 'bold': False, 'italic': False, 'number_grouping': False, 'min_digits': 0, 'halign': 'center', 'valign': 'middle', 'rotation': 0, 'scale': 1.0, 'casing': None, 'animations': None}], 'target': None, 'background_color': [0.0, 0.0, 0.0, 1.0], 'priority': None, 'show': True, 'force': False, 'expire': None, 'slide': None, 'tokens': {}, 'action': 'play'}}, 'context': 'base', 'calling_context': 'mode_base_started', 'priority': 100, 'queue': '<QueuedEvent>', 'player': 1, 'ball': 2, 'balls_remaining': 3, 'is_extra_ball': False}
2020-10-06 10:36:45,313 : EventManager : Event: ======'player_bonus_multiplier'====== Args={'value': 0, 'prev_value': 1, 'change': -1, 'player_num': 1}
2020-10-06 10:36:45,314 : EventManager : Event: ======'widgets_play'====== Args={'settings': {'soul_lanes_banner': {'priority': 0, 'slide': None, 'action': 'add', 'key': None, 'target': None}}, 'context': 'soulLanes', 'calling_context': 'mode_soulLanes_started', 'priority': 110, 'player': 1, 'ball': 2, 'balls_remaining': 3, 'is_extra_ball': False}
2020-10-06 10:36:45,314 : EventManager : Event: ======'widgets_play'====== Args={'settings': {'contracts_banner': {'priority': 0, 'slide': None, 'action': 'add', 'key': None, 'target': None}}, 'context': 'base', 'calling_context': 'mode_soulLanes_started', 'priority': 100, 'player': 1, 'ball': 2, 'balls_remaining': 3, 'is_extra_ball': False}
2020-10-06 10:36:45,315 : mpfmc : SlidePlayer: Play called with settings={'widgets': {'widgets': [{'type': 'text', 'text': '(score)', 'number_grouping': True, 'min_digits': 2, 'font_size': 100, '_default_settings': ['type', 'text', 'number_grouping', 'min_digits', 'font_size'], 'x': None, 'y': None, 'anchor_x': 'center', 'anchor_y': 'center', 'round_anchor_x': None, 'round_anchor_y': None, 'opacity': 1.0, 'z': 0, 'reset_animations_events': {}, 'color': [1.0, 1.0, 1.0, 1.0], 'style': [], 'adjust_top': 0, 'adjust_bottom': 0, 'adjust_left': 0, 'adjust_right': 0, 'expire': None, 'key': None, 'widget': None, 'events_when_added': [], 'events_when_removed': [], 'bitmap_font': False, 'font_kerning': True, 'bold': False, 'italic': False, 'halign': 'center', 'valign': 'middle', 'rotation': 0, 'scale': 1.0, 'casing': None, 'animations': None}, {'type': 'text', 'text': 'Player (player)', 'y': '10', 'x': '10', 'font_size': 30, 'anchor_x': 'left', 'anchor_y': 'bottom', '_default_settings': ['type', 'text', 'y', 'x', 'font_size', 'anchor_x', 'anchor_y'], 'round_anchor_x': None, 'round_anchor_y': None, 'opacity': 1.0, 'z': 0, 'reset_animations_events': {}, 'color': [1.0, 1.0, 1.0, 1.0], 'style': [], 'adjust_top': 0, 'adjust_bottom': 0, 'adjust_left': 0, 'adjust_right': 0, 'expire': None, 'key': None, 'widget': None, 'events_when_added': [], 'events_when_removed': [], 'bitmap_font': False, 'font_kerning': True, 'bold': False, 'italic': False, 'number_grouping': False, 'min_digits': 0, 'halign': 'center', 'valign': 'middle', 'rotation': 0, 'scale': 1.0, 'casing': None, 'animations': None}, {'type': 'text', 'text': 'BALL (ball)', 'y': '10', 'x': 'right-10', 'anchor_x': 'right', 'anchor_y': 'bottom', 'font_size': 50, '_default_settings': ['type', 'text', 'y', 'x', 'anchor_x', 'anchor_y', 'font_size'], 'round_anchor_x': None, 'round_anchor_y': None, 'opacity': 1.0, 'z': 0, 'reset_animations_events': {}, 'color': [1.0, 1.0, 1.0, 1.0], 'style': [], 'adjust_top': 0, 'adjust_bottom': 0, 'adjust_left': 0, 'adjust_right': 0, 'expire': None, 'key': None, 'widget': None, 'events_when_added': [], 'events_when_removed': [], 'bitmap_font': False, 'font_kerning': True, 'bold': False, 'italic': False, 'number_grouping': False, 'min_digits': 0, 'halign': 'center', 'valign': 'middle', 'rotation': 0, 'scale': 1.0, 'casing': None, 'animations': None}], 'target': None, 'background_color': [0.0, 0.0, 0.0, 1.0], 'priority': None, 'show': True, 'force': False, 'expire': None, 'slide': None, 'tokens': {}, 'action': 'play'}}
2020-10-06 10:36:45,334 : EventManager : Event: ======'slide_base.slide_player-mode_base_started_created'====== Args={}
2020-10-06 10:36:45,349 : EventManager : Event: ======'slide_base.slide_player-mode_base_started_active'====== Args={}
2020-10-06 10:36:45,433 : EventManager : Event: ======'machine_var_audits_switches_s_plunger'====== Args={'value': 655, 'prev_value': 654, 'change': 1}
2020-10-06 10:36:50,668 : kivy : Base: Leaving application in progress...
2020-10-06 10:36:50,936 : kivy : WindowSDL: exiting mainloop and closing.
2020-10-06 10:36:50,962 : mpfmc : Stopping...
2020-10-06 10:36:50,962 : EventManager : Event: ======'shutdown'====== Args={}
2020-10-06 10:36:50,962 : mpfmc : Loop rate 64.46 Hz
2020-10-06 10:36:50,962 : kivy : MC run loop ended.
2020-10-06 10:36:50,962 : kivy : Stopping child threads... (3 remaining)
2020-10-06 10:36:51,940 : mpfmc : Stopping...
2020-10-06 10:36:51,940 : EventManager : Event: ======'shutdown'====== Args={}
2020-10-06 10:36:51,940 : mpfmc : Loop rate 63.51 Hz
2020-10-06 10:36:51,971 : MPF-MC BCP Server : Stopping BCP sending thread
2020-10-06 10:36:52,049 : kivy : All child threads stopped.
