2020-10-06 16:58:01,320 : kivy : Factory: 184 symbols loaded
2020-10-06 16:58:04,207 : kivy : ImageLoaderFFPy: Using ffpyplayer 4.3.1
2020-10-06 16:58:04,210 : kivy : Image: Providers: img_tex, img_dds, img_sdl2, img_pil, img_ffpyplayer, img_gif 
2020-10-06 16:58:05,245 : kivy : VideoGstplayer: Using Gstreamer 1.16.0.0
2020-10-06 16:58:05,246 : kivy : Video: Provider: gstplayer
2020-10-06 16:58:06,077 : kivy : Loading MPF-MC controller
2020-10-06 16:58:06,087 : YamlMultifileConfigLoader : Machine config file #1: config
2020-10-06 16:58:06,087 : ConfigProcessor : Config file in cache changed: c:\GitHub\Cuphead\config\config
2020-10-06 16:58:06,091 : ConfigProcessor : Loading config from file c:\users\themi\appdata\local\programs\python\python36\lib\site-packages\mpfmc\mcconfig.yaml.
2020-10-06 16:58:06,241 : ConfigProcessor : Loading config: c:\users\themi\appdata\local\programs\python\python36\lib\site-packages\mpfmc\mcconfig.yaml
2020-10-06 16:58:06,242 : ConfigProcessor : Loading config from file c:\GitHub\Cuphead\config\config.
2020-10-06 16:58:06,265 : ConfigProcessor : Loading config: c:\GitHub\Cuphead\config\config
2020-10-06 16:58:06,278 : ConfigProcessor : Loading config: c:\GitHub\Cuphead\config\keyboard.yaml
2020-10-06 16:58:06,392 : ConfigProcessor : Loading config: c:\GitHub\Cuphead\config\hwSwitches.yaml
2020-10-06 16:58:06,488 : ConfigProcessor : Loading config: c:\GitHub\Cuphead\config\hwLights.yaml
2020-10-06 16:58:06,516 : ConfigProcessor : Loading config: c:\GitHub\Cuphead\config\hwCoils.yaml
2020-10-06 16:58:06,522 : ConfigProcessor : Config file cache created: C:\Users\themi\AppData\Local\Temp\0cbdbb896bde7c562664fa91ae109528.mpf_cache
2020-10-06 16:58:06,524 : ConfigProcessor : Loading config from cache: C:\Users\themi\AppData\Local\Temp\89b9c5cb952cce9fc74d723399719cc6.mpf_cache
2020-10-06 16:58:06,525 : ConfigProcessor : Loading config from cache: C:\Users\themi\AppData\Local\Temp\4fcecb70f81c3c2fefb8e65ae9a0af5f.mpf_cache
2020-10-06 16:58:06,527 : ConfigProcessor : Loading config from cache: C:\Users\themi\AppData\Local\Temp\5820a65357aa32f3082a694bbd0b1b93.mpf_cache
2020-10-06 16:58:06,528 : ConfigProcessor : Loading config from cache: C:\Users\themi\AppData\Local\Temp\2f1df67e0c6599f893aeb5468bc976f9.mpf_cache
2020-10-06 16:58:06,530 : ConfigProcessor : Loading config from cache: C:\Users\themi\AppData\Local\Temp\3e28196fea866bd961d93515ab5c664b.mpf_cache
2020-10-06 16:58:06,530 : mpfmc : Mission Pinball Framework Media Controller v0.54.0-dev.20
2020-10-06 16:58:06,531 : mpfmc : Mission Pinball Framework Game Engine v0.54.0-dev.72
2020-10-06 16:58:06,531 : mpfmc : Machine path: c:\GitHub\Cuphead
2020-10-06 16:58:06,531 : mpfmc : Starting clock at 60.0Hz
2020-10-06 16:58:06,613 : kivy : Text: Provider: sdl2
2020-10-06 16:58:06,733 : kivy : Window: Provider: sdl2
2020-10-06 16:58:07,716 : kivy : GL: Using the "OpenGL" graphics system
2020-10-06 16:58:07,730 : kivy : GL: GLEW initialization succeeded
2020-10-06 16:58:07,731 : kivy : GL: Backend used <glew>
2020-10-06 16:58:07,733 : kivy : GL: OpenGL version <b'4.5.14568 Compatibility Profile Context 24.20.12050.0'>
2020-10-06 16:58:07,733 : kivy : GL: OpenGL vendor <b'ATI Technologies Inc.'>
2020-10-06 16:58:07,734 : kivy : GL: OpenGL renderer <b'AMD Radeon(TM) R4 Graphics'>
2020-10-06 16:58:07,734 : kivy : GL: OpenGL parsed version: 4, 5
2020-10-06 16:58:07,735 : kivy : GL: Shading version <b'4.50'>
2020-10-06 16:58:07,735 : kivy : GL: Texture max size <16384>
2020-10-06 16:58:07,736 : kivy : GL: Texture max units <32>
2020-10-06 16:58:07,803 : kivy : Window: auto add sdl2 input provider
2020-10-06 16:58:07,804 : kivy : Window: virtual keyboard not allowed, single mode, not docked
2020-10-06 16:58:07,828 : SoundSystem : SoundSystem: Using default 'sound_system' settings
2020-10-06 16:58:17,371 : AudioInterface : Initialized
2020-10-06 16:58:17,372 : SoundSystem : No audio tracks are specified in your machine config file. a track named 'default' has been created.
2020-10-06 16:58:17,376 : kivy : Base: Start application main loop
2020-10-06 16:58:17,377 : EventManager : Event: ======'display_window_initialized'====== Args={}
2020-10-06 16:58:17,402 : mpfmc : Display: Setting 'window' as default display
2020-10-06 16:58:17,417 : EventManager : Event: ======'displays_initialized'====== Args={}
2020-10-06 16:58:17,419 : EventManager : Event: ======'slide_window_blank_created'====== Args={}
2020-10-06 16:58:17,420 : EventManager : Event: ======'display_window_ready'====== Args={}
2020-10-06 16:58:17,441 : EventManager : Event: ======'init_phase_1'====== Args={}
2020-10-06 16:58:17,447 : EventManager : Event: ======'mc_ready'====== Args={}
2020-10-06 16:58:17,447 : EventManager : Event: ======'init_phase_2'====== Args={}
2020-10-06 16:58:17,452 : EventManager : Event: ======'init_phase_3'====== Args={}
2020-10-06 16:58:17,454 : AssetManager : Registering Asset: attract_music, File: attract_music.ogg, Default Group: default, Final Config: {'load': 'preload', 'file': 'c:\\GitHub\\Cuphead\\modes\\attract\\sounds\\music\\attract_music.ogg'}
2020-10-06 16:58:17,456 : AssetManager : Registering Asset: cupHighScore, File: cupHighScore.ogg, Default Group: default, Final Config: {'load': 'preload', 'file': 'c:\\GitHub\\Cuphead\\modes\\base\\sounds\\music\\cupHighScore.ogg'}
2020-10-06 16:58:17,456 : AssetManager : Registering Asset: cupMusic1, File: cupMusic1.ogg, Default Group: default, Final Config: {'load': 'preload', 'target': 'music', 'loop': -1, 'mode_end_action': 'stop', 'file': 'c:\\GitHub\\Cuphead\\modes\\base\\sounds\\music\\cupMusic1.ogg'}
2020-10-06 16:58:17,456 : AssetManager : Registering Asset: cupMusic2, File: cupMusic2.ogg, Default Group: default, Final Config: {'load': 'preload', 'target': 'music', 'loop': -1, 'mode_end_action': 'stop', 'file': 'c:\\GitHub\\Cuphead\\modes\\base\\sounds\\music\\cupMusic2.ogg'}
2020-10-06 16:58:17,456 : AssetManager : Registering Asset: cupMusic3, File: cupMusic3.ogg, Default Group: default, Final Config: {'load': 'preload', 'target': 'music', 'loop': -1, 'mode_end_action': 'stop', 'file': 'c:\\GitHub\\Cuphead\\modes\\base\\sounds\\music\\cupMusic3.ogg'}
2020-10-06 16:58:17,457 : AssetManager : Registering Asset: cupMusic4, File: cupMusic4.ogg, Default Group: default, Final Config: {'load': 'preload', 'target': 'music', 'loop': -1, 'mode_end_action': 'stop', 'file': 'c:\\GitHub\\Cuphead\\modes\\base\\sounds\\music\\cupMusic4.ogg'}
2020-10-06 16:58:17,457 : AssetManager : Registering Asset: cupMusic5, File: cupMusic5.ogg, Default Group: default, Final Config: {'load': 'preload', 'file': 'c:\\GitHub\\Cuphead\\modes\\base\\sounds\\music\\cupMusic5.ogg'}
2020-10-06 16:58:17,457 : AssetManager : Registering Asset: cupMusic6, File: cupMusic6.ogg, Default Group: default, Final Config: {'load': 'preload', 'file': 'c:\\GitHub\\Cuphead\\modes\\base\\sounds\\music\\cupMusic6.ogg'}
2020-10-06 16:58:17,457 : AssetManager : Registering Asset: cupMusic7, File: cupMusic7.ogg, Default Group: default, Final Config: {'load': 'preload', 'file': 'c:\\GitHub\\Cuphead\\modes\\base\\sounds\\music\\cupMusic7.ogg'}
2020-10-06 16:58:17,457 : AssetManager : Registering Asset: cupMusic8, File: cupMusic8.ogg, Default Group: default, Final Config: {'load': 'preload', 'file': 'c:\\GitHub\\Cuphead\\modes\\base\\sounds\\music\\cupMusic8.ogg'}
2020-10-06 16:58:17,458 : AssetManager : Registering Asset: cupMusic9, File: cupMusic9.ogg, Default Group: default, Final Config: {'load': 'preload', 'file': 'c:\\GitHub\\Cuphead\\modes\\base\\sounds\\music\\cupMusic9.ogg'}
2020-10-06 16:58:17,458 : AssetManager : Registering Asset: game_play_1, File: game_play_1.ogg, Default Group: default, Final Config: {'load': 'preload', 'file': 'c:\\GitHub\\Cuphead\\modes\\base\\sounds\\music\\game_play_1.ogg'}
2020-10-06 16:58:17,460 : EventManager : Event: ======'init_phase_4'====== Args={}
2020-10-06 16:58:17,460 : EventManager : Event: ======'init_phase_5'====== Args={}
2020-10-06 16:58:19,120 : EventManager : Event: ======'loading_assets'====== Args={'total': 12, 'loaded': 1, 'remaining': 11, 'percent': 8}
2020-10-06 16:58:20,157 : AssetManager : Loading assets: 1/12 (8%)
2020-10-06 16:58:20,707 : EventManager : Event: ======'loading_assets'====== Args={'total': 12, 'loaded': 4, 'remaining': 8, 'percent': 33}
2020-10-06 16:58:21,638 : AssetManager : Loading assets: 4/12 (33%)
2020-10-06 16:58:22,553 : EventManager : Event: ======'loading_assets'====== Args={'total': 12, 'loaded': 6, 'remaining': 6, 'percent': 50}
2020-10-06 16:58:22,553 : AssetManager : Loading assets: 6/12 (50%)
2020-10-06 16:58:25,700 : EventManager : Event: ======'loading_assets'====== Args={'total': 12, 'loaded': 7, 'remaining': 5, 'percent': 58}
2020-10-06 16:58:26,880 : AssetManager : Loading assets: 7/12 (58%)
2020-10-06 16:58:28,624 : EventManager : Event: ======'loading_assets'====== Args={'total': 12, 'loaded': 11, 'remaining': 1, 'percent': 92}
2020-10-06 16:58:28,629 : AssetManager : Loading assets: 11/12 (92%)
2020-10-06 16:58:28,629 : EventManager : Event: ======'loading_assets'====== Args={'total': 12, 'loaded': 12, 'remaining': 0, 'percent': 100}
2020-10-06 16:58:28,629 : AssetManager : Asset loading took: 11.257725954055786
2020-10-06 16:58:28,629 : EventManager : Event: ======'asset_loading_complete'====== Args={}
2020-10-06 16:58:28,629 : AssetManager : Loading assets: 12/12 (100%)
2020-10-06 16:58:28,629 : EventManager : Event: ======'init_done'====== Args={}
2020-10-06 16:58:28,630 : MPF-MC BCP Server : Starting up on localhost port 5050
2020-10-06 16:58:28,654 : MPF-MC BCP Server : Waiting for a connection...
2020-10-06 16:58:28,655 : mpfmc : SlidePlayer: Play called with settings={'slides': {welcome_slide-None-None: {'priority': None, 'target': None, 'background_color': [0.0, 0.0, 0.0, 1.0], 'show': True, 'force': False, 'expire': None, 'slide': None, 'tokens': {}, 'action': 'play', 'transition': None, 'transition_out': None}}}
2020-10-06 16:58:28,706 : kivy : GL: NPOT texture support is available
2020-10-06 16:58:28,707 : EventManager : Event: ======'slide_welcome_slide_created'====== Args={}
2020-10-06 16:58:28,710 : EventManager : Event: ======'slide_welcome_slide_active'====== Args={}
2020-10-06 16:58:28,785 : EventManager : Event: ======'client_disconnected'====== Args={'host': '127.0.0.1', 'port': 5050}
2020-10-06 16:58:29,143 : MPF-MC BCP Server : Received connection from: 127.0.0.1:50900
2020-10-06 16:58:29,150 : EventManager : Event: ======'client_connected'====== Args={'host': '127.0.0.1', 'port': 50900}
2020-10-06 16:58:29,236 : EventManager : Event: ======'machine_var_credits_string'====== Args={'value': 'FREE PLAY', 'prev_value': None, 'change': True}
2020-10-06 16:58:29,238 : EventManager : Event: ======'machine_var_player1_score'====== Args={'value': 52810, 'prev_value': None, 'change': True}
2020-10-06 16:58:29,238 : EventManager : Event: ======'machine_var_mpf_version'====== Args={'value': 'MPF v0.54.0-dev.72', 'prev_value': None, 'change': True}
2020-10-06 16:58:29,238 : EventManager : Event: ======'machine_var_mpf_extended_version'====== Args={'value': 'MPF v0.54.0-dev.72, Config version:5, Show version: 5, BCP version:1.1', 'prev_value': None, 'change': True}
2020-10-06 16:58:29,238 : EventManager : Event: ======'machine_var_python_version'====== Args={'value': '3.6.4', 'prev_value': None, 'change': True}
2020-10-06 16:58:29,239 : EventManager : Event: ======'machine_var_platform'====== Args={'value': 'Windows-10-10.0.18362-SP0', 'prev_value': None, 'change': True}
2020-10-06 16:58:29,239 : EventManager : Event: ======'machine_var_platform_system'====== Args={'value': 'Windows', 'prev_value': None, 'change': True}
2020-10-06 16:58:29,239 : EventManager : Event: ======'machine_var_platform_release'====== Args={'value': '10', 'prev_value': None, 'change': True}
2020-10-06 16:58:29,239 : EventManager : Event: ======'machine_var_platform_version'====== Args={'value': '10.0.18362', 'prev_value': None, 'change': True}
2020-10-06 16:58:29,239 : EventManager : Event: ======'machine_var_platform_machine'====== Args={'value': 'AMD64', 'prev_value': None, 'change': True}
2020-10-06 16:58:29,239 : EventManager : Event: ======'machine_var_mc_version'====== Args={'value': 'MPF-MC v0.54.0-dev.20', 'prev_value': None, 'change': True}
2020-10-06 16:58:29,239 : EventManager : Event: ======'machine_var_mc_extended_version'====== Args={'value': 'MPF-MC v0.54.0-dev.20 (config_version=5, BCP v1.1, Requires MPF v0.54.0-dev.68)', 'prev_value': None, 'change': True}
2020-10-06 16:58:29,240 : EventManager : Event: ======'machine_var_master_volume'====== Args={'value': 0.5, 'prev_value': None, 'change': True}
2020-10-06 16:58:29,381 : EventManager : Event: ======'machine_var_audits_events_game_ended'====== Args={'value': 21, 'prev_value': None, 'change': True}
2020-10-06 16:58:29,381 : EventManager : Event: ======'machine_var_audits_events_game_started'====== Args={'value': 40, 'prev_value': None, 'change': True}
2020-10-06 16:58:29,381 : EventManager : Event: ======'machine_var_audits_player_score'====== Args={'value': {'average': 530.4761904761905, 'top': [2970, 1300, 1220, 980, 880, 780, 720, 710, 630, 590], 'total': 21}, 'prev_value': None, 'change': True}
2020-10-06 16:58:29,382 : EventManager : Event: ======'machine_var_audits_shots_soul_L'====== Args={'value': 375, 'prev_value': None, 'change': True}
2020-10-06 16:58:29,383 : EventManager : Event: ======'machine_var_audits_shots_soul_O'====== Args={'value': 381, 'prev_value': None, 'change': True}
2020-10-06 16:58:29,383 : EventManager : Event: ======'machine_var_audits_shots_soul_S'====== Args={'value': 417, 'prev_value': None, 'change': True}
2020-10-06 16:58:29,383 : EventManager : Event: ======'machine_var_audits_shots_soul_U'====== Args={'value': 378, 'prev_value': None, 'change': True}
2020-10-06 16:58:29,384 : EventManager : Event: ======'machine_var_audits_switches_s_coin'====== Args={'value': 21, 'prev_value': None, 'change': True}
2020-10-06 16:58:29,384 : EventManager : Event: ======'machine_var_audits_switches_s_dash_L'====== Args={'value': 0, 'prev_value': None, 'change': True}
2020-10-06 16:58:29,384 : EventManager : Event: ======'machine_var_audits_switches_s_dash_R'====== Args={'value': 0, 'prev_value': None, 'change': True}
2020-10-06 16:58:29,385 : EventManager : Event: ======'machine_var_audits_switches_s_dtSling_L'====== Args={'value': 0, 'prev_value': None, 'change': True}
2020-10-06 16:58:29,385 : EventManager : Event: ======'machine_var_audits_switches_s_dtSling_R'====== Args={'value': 0, 'prev_value': None, 'change': True}
2020-10-06 16:58:29,385 : EventManager : Event: ======'machine_var_audits_switches_s_dt_C'====== Args={'value': 290, 'prev_value': None, 'change': True}
2020-10-06 16:58:29,386 : EventManager : Event: ======'machine_var_audits_switches_s_dt_G'====== Args={'value': 68, 'prev_value': None, 'change': True}
2020-10-06 16:58:29,387 : EventManager : Event: ======'machine_var_audits_switches_s_dt_M'====== Args={'value': 69, 'prev_value': None, 'change': True}
2020-10-06 16:58:29,388 : EventManager : Event: ======'machine_var_audits_switches_s_dt_P'====== Args={'value': 267, 'prev_value': None, 'change': True}
2020-10-06 16:58:29,388 : EventManager : Event: ======'machine_var_audits_switches_s_dt_U'====== Args={'value': 279, 'prev_value': None, 'change': True}
2020-10-06 16:58:29,388 : EventManager : Event: ======'machine_var_audits_switches_s_dt_U2'====== Args={'value': 61, 'prev_value': None, 'change': True}
2020-10-06 16:58:29,389 : EventManager : Event: ======'machine_var_audits_switches_s_exit_shooter_lane'====== Args={'value': 434, 'prev_value': None, 'change': True}
2020-10-06 16:58:29,389 : EventManager : Event: ======'machine_var_audits_switches_s_inLane_L'====== Args={'value': 0, 'prev_value': None, 'change': True}
2020-10-06 16:58:29,389 : EventManager : Event: ======'machine_var_audits_switches_s_inLane_R'====== Args={'value': 0, 'prev_value': None, 'change': True}
2020-10-06 16:58:29,390 : EventManager : Event: ======'machine_var_audits_switches_s_kicker'====== Args={'value': 0, 'prev_value': None, 'change': True}
2020-10-06 16:58:29,390 : EventManager : Event: ======'machine_var_audits_switches_s_left_flipper'====== Args={'value': 151, 'prev_value': None, 'change': True}
2020-10-06 16:58:29,390 : EventManager : Event: ======'machine_var_audits_switches_s_midRight'====== Args={'value': 0, 'prev_value': None, 'change': True}
2020-10-06 16:58:29,390 : EventManager : Event: ======'machine_var_audits_switches_s_outLane_L'====== Args={'value': 0, 'prev_value': None, 'change': True}
2020-10-06 16:58:29,391 : EventManager : Event: ======'machine_var_audits_switches_s_outLane_R'====== Args={'value': 0, 'prev_value': None, 'change': True}
2020-10-06 16:58:29,391 : EventManager : Event: ======'machine_var_audits_switches_s_perdition'====== Args={'value': 0, 'prev_value': None, 'change': True}
2020-10-06 16:58:29,404 : EventManager : Event: ======'machine_var_audits_switches_s_playfield'====== Args={'value': 0, 'prev_value': None, 'change': True}
2020-10-06 16:58:29,404 : EventManager : Event: ======'machine_var_audits_switches_s_plunger'====== Args={'value': 709, 'prev_value': None, 'change': True}
2020-10-06 16:58:29,404 : EventManager : Event: ======'machine_var_audits_switches_s_popBumper_1'====== Args={'value': 566, 'prev_value': None, 'change': True}
2020-10-06 16:58:29,404 : EventManager : Event: ======'machine_var_audits_switches_s_popBumper_2'====== Args={'value': 492, 'prev_value': None, 'change': True}
2020-10-06 16:58:29,405 : EventManager : Event: ======'machine_var_audits_switches_s_popBumper_3'====== Args={'value': 222, 'prev_value': None, 'change': True}
2020-10-06 16:58:29,405 : EventManager : Event: ======'machine_var_audits_switches_s_pop_bumper1'====== Args={'value': 120, 'prev_value': None, 'change': True}
2020-10-06 16:58:29,405 : EventManager : Event: ======'machine_var_audits_switches_s_pop_bumper2'====== Args={'value': 153, 'prev_value': None, 'change': True}
2020-10-06 16:58:29,406 : EventManager : Event: ======'machine_var_audits_switches_s_pop_bumper3'====== Args={'value': 100, 'prev_value': None, 'change': True}
2020-10-06 16:58:29,406 : EventManager : Event: ======'machine_var_audits_switches_s_right_flipper'====== Args={'value': 221, 'prev_value': None, 'change': True}
2020-10-06 16:58:29,406 : EventManager : Event: ======'machine_var_audits_switches_s_sling_L'====== Args={'value': 0, 'prev_value': None, 'change': True}
2020-10-06 16:58:29,406 : EventManager : Event: ======'machine_var_audits_switches_s_sling_R'====== Args={'value': 0, 'prev_value': None, 'change': True}
2020-10-06 16:58:29,406 : EventManager : Event: ======'machine_var_audits_switches_s_soul_L'====== Args={'value': 376, 'prev_value': None, 'change': True}
2020-10-06 16:58:29,407 : EventManager : Event: ======'machine_var_audits_switches_s_soul_O'====== Args={'value': 386, 'prev_value': None, 'change': True}
2020-10-06 16:58:29,407 : EventManager : Event: ======'machine_var_audits_switches_s_soul_S'====== Args={'value': 417, 'prev_value': None, 'change': True}
2020-10-06 16:58:29,407 : EventManager : Event: ======'machine_var_audits_switches_s_soul_U'====== Args={'value': 378, 'prev_value': None, 'change': True}
2020-10-06 16:58:29,408 : EventManager : Event: ======'machine_var_audits_switches_s_standUp_1'====== Args={'value': 0, 'prev_value': None, 'change': True}
2020-10-06 16:58:29,408 : EventManager : Event: ======'machine_var_audits_switches_s_standUp_2'====== Args={'value': 0, 'prev_value': None, 'change': True}
2020-10-06 16:58:29,408 : EventManager : Event: ======'machine_var_audits_switches_s_standUp_3'====== Args={'value': 0, 'prev_value': None, 'change': True}
2020-10-06 16:58:29,417 : EventManager : Event: ======'machine_var_audits_switches_s_standUp_R'====== Args={'value': 0, 'prev_value': None, 'change': True}
2020-10-06 16:58:29,418 : EventManager : Event: ======'machine_var_audits_switches_s_star_1'====== Args={'value': 0, 'prev_value': None, 'change': True}
2020-10-06 16:58:29,418 : EventManager : Event: ======'machine_var_audits_switches_s_star_2'====== Args={'value': 0, 'prev_value': None, 'change': True}
2020-10-06 16:58:29,418 : EventManager : Event: ======'machine_var_audits_switches_s_star_3'====== Args={'value': 0, 'prev_value': None, 'change': True}
2020-10-06 16:58:29,418 : EventManager : Event: ======'machine_var_audits_switches_s_start'====== Args={'value': 69, 'prev_value': None, 'change': True}
2020-10-06 16:58:29,418 : EventManager : Event: ======'machine_var_audits_switches_s_tilt'====== Args={'value': 0, 'prev_value': None, 'change': True}
2020-10-06 16:58:29,418 : EventManager : Event: ======'machine_var_audits_switches_s_trough1'====== Args={'value': 619, 'prev_value': None, 'change': True}
2020-10-06 16:58:29,419 : EventManager : Event: ======'machine_var_audits_switches_s_trough2'====== Args={'value': 72, 'prev_value': None, 'change': True}
2020-10-06 16:58:29,419 : EventManager : Event: ======'machine_var_audits_switches_s_trough_jam'====== Args={'value': 13, 'prev_value': None, 'change': True}
2020-10-06 16:58:29,452 : EventManager : Event: ======'slides_play'====== Args={'settings': {'welcome_slide': {'target': None, 'background_color': [0.0, 0.0, 0.0, 1.0], 'priority': None, 'show': True, 'force': False, 'expire': None, 'slide': None, 'tokens': {}, 'action': 'play'}}, 'context': '_global', 'calling_context': 'init_done', 'priority': 0}
2020-10-06 16:58:29,452 : EventManager : Event: ======'mc_reset_phase_1'====== Args={}
2020-10-06 16:58:29,453 : mpfmc : SlidePlayer: Play called with settings={'welcome_slide': {'target': None, 'background_color': [0.0, 0.0, 0.0, 1.0], 'priority': None, 'show': True, 'force': False, 'expire': None, 'slide': None, 'tokens': {}, 'action': 'play'}}
2020-10-06 16:58:29,454 : EventManager : Event: ======'slide_welcome_slide_removed'====== Args={}
2020-10-06 16:58:29,458 : EventManager : Event: ======'slide_welcome_slide_created'====== Args={}
2020-10-06 16:58:29,459 : EventManager : Event: ======'mc_reset_phase_2'====== Args={}
2020-10-06 16:58:29,460 : EventManager : Event: ======'mc_reset_phase_3'====== Args={}
2020-10-06 16:58:29,460 : EventManager : Event: ======'mc_reset_complete'====== Args={}
2020-10-06 16:58:29,461 : EventManager : Event: ======'slide_welcome_slide_active'====== Args={}
2020-10-06 16:58:29,473 : EventManager : Event: ======'slides_play'====== Args={'settings': {'awesome_slide': {'widgets': [{'type': 'text', 'text': 'Cuphead Pinball', 'font_size': 50, '_default_settings': ['type', 'text', 'font_size'], 'x': None, 'y': None, 'anchor_x': 'center', 'anchor_y': 'center', 'round_anchor_x': None, 'round_anchor_y': None, 'opacity': 1.0, 'z': 0, 'reset_animations_events': {}, 'color': [1.0, 1.0, 1.0, 1.0], 'style': [], 'adjust_top': 0, 'adjust_bottom': 0, 'adjust_left': 0, 'adjust_right': 0, 'expire': None, 'key': None, 'widget': None, 'events_when_added': [], 'events_when_removed': [], 'bitmap_font': False, 'font_kerning': True, 'bold': False, 'italic': False, 'number_grouping': False, 'min_digits': 0, 'halign': 'center', 'valign': 'middle', 'rotation': 0, 'scale': 1.0, 'casing': None, 'animations': None}], 'transition': {'type': 'push', 'duration': 1.0, 'direction': 'left', 'easing': 'out_quad'}, 'target': None, 'background_color': [0.0, 0.0, 0.0, 1.0], 'priority': None, 'show': True, 'force': False, 'expire': None, 'slide': None, 'tokens': {}, 'action': 'play'}}, 'context': 'show_1', 'calling_context': 0, 'priority': 10, 'show_tokens': {}, 'start_time': 599554.484}
2020-10-06 16:58:29,474 : EventManager : Event: ======'sounds_play'====== Args={'settings': {'attract_music': {'loops': -1, 'mode_end_action': 'stop', 'priority': None, 'action': 'play', 'track': None, 'volume': None, 'pan': None, 'start_at': None, 'fade_in': None, 'fade_out': None, 'about_to_finish_time': -1.0, 'max_queue_time': -1.0, 'events_when_played': ['use_sound_setting'], 'events_when_stopped': ['use_sound_setting'], 'events_when_looping': ['use_sound_setting'], 'events_when_about_to_finish': ['use_sound_setting'], 'key': 'use_sound_setting'}}, 'context': 'attract', 'calling_context': 'mode_attract_started', 'priority': 10}
2020-10-06 16:58:29,474 : mpfmc : SlidePlayer: Play called with settings={'awesome_slide': {'widgets': [{'type': 'text', 'text': 'Cuphead Pinball', 'font_size': 50, '_default_settings': ['type', 'text', 'font_size'], 'x': None, 'y': None, 'anchor_x': 'center', 'anchor_y': 'center', 'round_anchor_x': None, 'round_anchor_y': None, 'opacity': 1.0, 'z': 0, 'reset_animations_events': {}, 'color': [1.0, 1.0, 1.0, 1.0], 'style': [], 'adjust_top': 0, 'adjust_bottom': 0, 'adjust_left': 0, 'adjust_right': 0, 'expire': None, 'key': None, 'widget': None, 'events_when_added': [], 'events_when_removed': [], 'bitmap_font': False, 'font_kerning': True, 'bold': False, 'italic': False, 'number_grouping': False, 'min_digits': 0, 'halign': 'center', 'valign': 'middle', 'rotation': 0, 'scale': 1.0, 'casing': None, 'animations': None}], 'transition': {'type': 'push', 'duration': 1.0, 'direction': 'left', 'easing': 'out_quad'}, 'target': None, 'background_color': [0.0, 0.0, 0.0, 1.0], 'priority': None, 'show': True, 'force': False, 'expire': None, 'slide': None, 'tokens': {}, 'action': 'play'}}
2020-10-06 16:58:29,487 : EventManager : Event: ======'slide_awesome_slide_created'====== Args={}
2020-10-06 16:58:29,554 : EventManager : Event: ======'slide_awesome_slide_active'====== Args={}
2020-10-06 16:58:31,850 : EventManager : Event: ======'game_started'====== Args={}
2020-10-06 16:58:31,851 : EventManager : Event: ======'slides_clear'====== Args={'context': 'show_1'}
2020-10-06 16:58:31,851 : EventManager : Event: ======'sounds_clear'====== Args={'context': 'attract'}
2020-10-06 16:58:31,854 : EventManager : Event: ======'slide_awesome_slide_removed'====== Args={}
2020-10-06 16:58:31,855 : EventManager : Event: ======'slide_welcome_slide_active'====== Args={}
2020-10-06 16:58:31,913 : EventManager : Event: ======'player_added'====== Args={'player': <Player 1>, 'num': 1}
2020-10-06 16:58:31,913 : EventManager : Event: ======'player_index'====== Args={'value': 0, 'prev_value': 0, 'change': 0, 'player_num': 1}
2020-10-06 16:58:31,914 : EventManager : Event: ======'player_number'====== Args={'value': 1, 'prev_value': 1, 'change': 0, 'player_num': 1}
2020-10-06 16:58:31,914 : EventManager : Event: ======'player_score'====== Args={'value': 0, 'prev_value': 0, 'change': 0, 'player_num': 1}
2020-10-06 16:58:31,914 : EventManager : Event: ======'player_bonus_multiplier'====== Args={'value': 1, 'prev_value': 0, 'change': 1, 'player_num': 1}
2020-10-06 16:58:31,914 : EventManager : Event: ======'player_contracts'====== Args={'value': 0, 'prev_value': 0, 'change': 0, 'player_num': 1}
2020-10-06 16:58:31,941 : EventManager : Event: ======'player_ball'====== Args={'value': 1, 'prev_value': 0, 'change': 1, 'player_num': 1}
2020-10-06 16:58:31,941 : EventManager : Event: ======'player_turn_start'====== Args={'number': 1, 'player': <Player 1>}
2020-10-06 16:58:32,001 : EventManager : Event: ======'player_shot_soul_S_enabled'====== Args={'value': True, 'prev_value': 0, 'change': 1, 'player_num': 1}
2020-10-06 16:58:32,001 : EventManager : Event: ======'player_shot_soul_O_enabled'====== Args={'value': True, 'prev_value': 0, 'change': 1, 'player_num': 1}
2020-10-06 16:58:32,001 : EventManager : Event: ======'player_shot_soul_U_enabled'====== Args={'value': True, 'prev_value': 0, 'change': 1, 'player_num': 1}
2020-10-06 16:58:32,002 : EventManager : Event: ======'player_shot_soul_L_enabled'====== Args={'value': True, 'prev_value': 0, 'change': 1, 'player_num': 1}
2020-10-06 16:58:32,002 : EventManager : Event: ======'sounds_play'====== Args={'settings': {'poolCupHeadBase': {'loops': -1, 'priority': None, 'action': 'play', 'track': None, 'volume': None, 'pan': None, 'start_at': None, 'fade_in': None, 'fade_out': None, 'about_to_finish_time': -1.0, 'max_queue_time': -1.0, 'events_when_played': ['use_sound_setting'], 'events_when_stopped': ['use_sound_setting'], 'events_when_looping': ['use_sound_setting'], 'events_when_about_to_finish': ['use_sound_setting'], 'mode_end_action': 'use_sound_setting', 'key': 'use_sound_setting'}}, 'context': 'base', 'calling_context': 'mode_base_started', 'priority': 100, 'queue': '<QueuedEvent>', 'player': 1, 'ball': 1, 'balls_remaining': 4, 'is_extra_ball': False}
2020-10-06 16:58:32,002 : EventManager : Event: ======'slides_play'====== Args={'settings': {'widgets': {'widgets': [{'type': 'text', 'text': '(score)', 'number_grouping': True, 'min_digits': 2, 'font_size': 100, '_default_settings': ['type', 'text', 'number_grouping', 'min_digits', 'font_size'], 'x': None, 'y': None, 'anchor_x': 'center', 'anchor_y': 'center', 'round_anchor_x': None, 'round_anchor_y': None, 'opacity': 1.0, 'z': 0, 'reset_animations_events': {}, 'color': [1.0, 1.0, 1.0, 1.0], 'style': [], 'adjust_top': 0, 'adjust_bottom': 0, 'adjust_left': 0, 'adjust_right': 0, 'expire': None, 'key': None, 'widget': None, 'events_when_added': [], 'events_when_removed': [], 'bitmap_font': False, 'font_kerning': True, 'bold': False, 'italic': False, 'halign': 'center', 'valign': 'middle', 'rotation': 0, 'scale': 1.0, 'casing': None, 'animations': None}, {'type': 'text', 'text': 'Player (player)', 'y': '10', 'x': '10', 'font_size': 30, 'anchor_x': 'left', 'anchor_y': 'bottom', '_default_settings': ['type', 'text', 'y', 'x', 'font_size', 'anchor_x', 'anchor_y'], 'round_anchor_x': None, 'round_anchor_y': None, 'opacity': 1.0, 'z': 0, 'reset_animations_events': {}, 'color': [1.0, 1.0, 1.0, 1.0], 'style': [], 'adjust_top': 0, 'adjust_bottom': 0, 'adjust_left': 0, 'adjust_right': 0, 'expire': None, 'key': None, 'widget': None, 'events_when_added': [], 'events_when_removed': [], 'bitmap_font': False, 'font_kerning': True, 'bold': False, 'italic': False, 'number_grouping': False, 'min_digits': 0, 'halign': 'center', 'valign': 'middle', 'rotation': 0, 'scale': 1.0, 'casing': None, 'animations': None}, {'type': 'text', 'text': 'BALL (ball)', 'y': '10', 'x': 'right-10', 'anchor_x': 'right', 'anchor_y': 'bottom', 'font_size': 50, '_default_settings': ['type', 'text', 'y', 'x', 'anchor_x', 'anchor_y', 'font_size'], 'round_anchor_x': None, 'round_anchor_y': None, 'opacity': 1.0, 'z': 0, 'reset_animations_events': {}, 'color': [1.0, 1.0, 1.0, 1.0], 'style': [], 'adjust_top': 0, 'adjust_bottom': 0, 'adjust_left': 0, 'adjust_right': 0, 'expire': None, 'key': None, 'widget': None, 'events_when_added': [], 'events_when_removed': [], 'bitmap_font': False, 'font_kerning': True, 'bold': False, 'italic': False, 'number_grouping': False, 'min_digits': 0, 'halign': 'center', 'valign': 'middle', 'rotation': 0, 'scale': 1.0, 'casing': None, 'animations': None}, {'type': 'text', 'text': 'Contracts (contracts)', 'font_size': 25, 'color': [1.0, 0.0, 0.0, 1], 'y': '60%', '_default_settings': ['type', 'text', 'font_size', 'color', 'y'], 'x': None, 'anchor_x': 'center', 'anchor_y': 'center', 'round_anchor_x': None, 'round_anchor_y': None, 'opacity': 1.0, 'z': 0, 'reset_animations_events': {}, 'style': [], 'adjust_top': 0, 'adjust_bottom': 0, 'adjust_left': 0, 'adjust_right': 0, 'expire': None, 'key': None, 'widget': None, 'events_when_added': [], 'events_when_removed': [], 'bitmap_font': False, 'font_kerning': True, 'bold': False, 'italic': False, 'number_grouping': False, 'min_digits': 0, 'halign': 'center', 'valign': 'middle', 'rotation': 0, 'scale': 1.0, 'casing': None, 'animations': None}], 'target': None, 'background_color': [0.0, 0.0, 0.0, 1.0], 'priority': None, 'show': True, 'force': False, 'expire': None, 'slide': None, 'tokens': {}, 'action': 'play'}}, 'context': 'base', 'calling_context': 'mode_base_started', 'priority': 100, 'queue': '<QueuedEvent>', 'player': 1, 'ball': 1, 'balls_remaining': 4, 'is_extra_ball': False}
2020-10-06 16:58:32,004 : mpfmc : SlidePlayer: Play called with settings={'widgets': {'widgets': [{'type': 'text', 'text': '(score)', 'number_grouping': True, 'min_digits': 2, 'font_size': 100, '_default_settings': ['type', 'text', 'number_grouping', 'min_digits', 'font_size'], 'x': None, 'y': None, 'anchor_x': 'center', 'anchor_y': 'center', 'round_anchor_x': None, 'round_anchor_y': None, 'opacity': 1.0, 'z': 0, 'reset_animations_events': {}, 'color': [1.0, 1.0, 1.0, 1.0], 'style': [], 'adjust_top': 0, 'adjust_bottom': 0, 'adjust_left': 0, 'adjust_right': 0, 'expire': None, 'key': None, 'widget': None, 'events_when_added': [], 'events_when_removed': [], 'bitmap_font': False, 'font_kerning': True, 'bold': False, 'italic': False, 'halign': 'center', 'valign': 'middle', 'rotation': 0, 'scale': 1.0, 'casing': None, 'animations': None}, {'type': 'text', 'text': 'Player (player)', 'y': '10', 'x': '10', 'font_size': 30, 'anchor_x': 'left', 'anchor_y': 'bottom', '_default_settings': ['type', 'text', 'y', 'x', 'font_size', 'anchor_x', 'anchor_y'], 'round_anchor_x': None, 'round_anchor_y': None, 'opacity': 1.0, 'z': 0, 'reset_animations_events': {}, 'color': [1.0, 1.0, 1.0, 1.0], 'style': [], 'adjust_top': 0, 'adjust_bottom': 0, 'adjust_left': 0, 'adjust_right': 0, 'expire': None, 'key': None, 'widget': None, 'events_when_added': [], 'events_when_removed': [], 'bitmap_font': False, 'font_kerning': True, 'bold': False, 'italic': False, 'number_grouping': False, 'min_digits': 0, 'halign': 'center', 'valign': 'middle', 'rotation': 0, 'scale': 1.0, 'casing': None, 'animations': None}, {'type': 'text', 'text': 'BALL (ball)', 'y': '10', 'x': 'right-10', 'anchor_x': 'right', 'anchor_y': 'bottom', 'font_size': 50, '_default_settings': ['type', 'text', 'y', 'x', 'anchor_x', 'anchor_y', 'font_size'], 'round_anchor_x': None, 'round_anchor_y': None, 'opacity': 1.0, 'z': 0, 'reset_animations_events': {}, 'color': [1.0, 1.0, 1.0, 1.0], 'style': [], 'adjust_top': 0, 'adjust_bottom': 0, 'adjust_left': 0, 'adjust_right': 0, 'expire': None, 'key': None, 'widget': None, 'events_when_added': [], 'events_when_removed': [], 'bitmap_font': False, 'font_kerning': True, 'bold': False, 'italic': False, 'number_grouping': False, 'min_digits': 0, 'halign': 'center', 'valign': 'middle', 'rotation': 0, 'scale': 1.0, 'casing': None, 'animations': None}, {'type': 'text', 'text': 'Contracts (contracts)', 'font_size': 25, 'color': [1.0, 0.0, 0.0, 1], 'y': '60%', '_default_settings': ['type', 'text', 'font_size', 'color', 'y'], 'x': None, 'anchor_x': 'center', 'anchor_y': 'center', 'round_anchor_x': None, 'round_anchor_y': None, 'opacity': 1.0, 'z': 0, 'reset_animations_events': {}, 'style': [], 'adjust_top': 0, 'adjust_bottom': 0, 'adjust_left': 0, 'adjust_right': 0, 'expire': None, 'key': None, 'widget': None, 'events_when_added': [], 'events_when_removed': [], 'bitmap_font': False, 'font_kerning': True, 'bold': False, 'italic': False, 'number_grouping': False, 'min_digits': 0, 'halign': 'center', 'valign': 'middle', 'rotation': 0, 'scale': 1.0, 'casing': None, 'animations': None}], 'target': None, 'background_color': [0.0, 0.0, 0.0, 1.0], 'priority': None, 'show': True, 'force': False, 'expire': None, 'slide': None, 'tokens': {}, 'action': 'play'}}
2020-10-06 16:58:32,025 : EventManager : Event: ======'slide_base.slide_player-mode_base_started_created'====== Args={}
2020-10-06 16:58:32,031 : EventManager : Event: ======'slide_base.slide_player-mode_base_started_active'====== Args={}
2020-10-06 16:58:32,104 : EventManager : Event: ======'player_bonus_multiplier'====== Args={'value': 0, 'prev_value': 1, 'change': -1, 'player_num': 1}
2020-10-06 16:58:32,104 : EventManager : Event: ======'widgets_play'====== Args={'settings': {'soul_lanes_banner': {'priority': 0, 'slide': None, 'action': 'add', 'key': None, 'target': None}}, 'context': 'soulLanes', 'calling_context': 'mode_soulLanes_started', 'priority': 110, 'player': 1, 'ball': 1, 'balls_remaining': 4, 'is_extra_ball': False}
2020-10-06 16:58:32,264 : EventManager : Event: ======'machine_var_audits_switches_s_plunger'====== Args={'value': 710, 'prev_value': 709, 'change': 1}
2020-10-06 16:58:43,252 : EventManager : Event: ======'machine_var_audits_switches_s_exit_shooter_lane'====== Args={'value': 435, 'prev_value': 434, 'change': 1}
2020-10-06 16:58:47,155 : EventManager : Event: ======'machine_var_audits_switches_s_dt_C'====== Args={'value': 291, 'prev_value': 290, 'change': 1}
2020-10-06 16:58:47,155 : EventManager : Event: ======'player_score'====== Args={'value': 100, 'prev_value': 0, 'change': 100, 'player_num': 1}
2020-10-06 16:58:48,247 : EventManager : Event: ======'machine_var_audits_switches_s_dt_U'====== Args={'value': 280, 'prev_value': 279, 'change': 1}
2020-10-06 16:58:48,247 : EventManager : Event: ======'player_score'====== Args={'value': 200, 'prev_value': 100, 'change': 100, 'player_num': 1}
2020-10-06 16:58:49,468 : EventManager : Event: ======'machine_var_audits_switches_s_dt_P'====== Args={'value': 268, 'prev_value': 267, 'change': 1}
2020-10-06 16:58:49,468 : EventManager : Event: ======'player_score'====== Args={'value': 300, 'prev_value': 200, 'change': 100, 'player_num': 1}
2020-10-06 16:58:49,468 : EventManager : Event: ======'player_contracts'====== Args={'value': 1, 'prev_value': 0, 'change': 1, 'player_num': 1}
2020-10-06 16:58:49,872 : EventManager : Event: ======'player_contracts'====== Args={'value': 2, 'prev_value': 1, 'change': 1, 'player_num': 1}
2020-10-06 16:58:51,176 : EventManager : Event: ======'machine_var_audits_switches_s_dt_C'====== Args={'value': 292, 'prev_value': 291, 'change': 1}
2020-10-06 16:58:51,178 : EventManager : Event: ======'player_score'====== Args={'value': 400, 'prev_value': 300, 'change': 100, 'player_num': 1}
2020-10-06 16:58:52,301 : EventManager : Event: ======'machine_var_audits_switches_s_dt_U'====== Args={'value': 281, 'prev_value': 280, 'change': 1}
2020-10-06 16:58:52,313 : EventManager : Event: ======'player_score'====== Args={'value': 500, 'prev_value': 400, 'change': 100, 'player_num': 1}
2020-10-06 16:58:53,945 : EventManager : Event: ======'machine_var_audits_switches_s_dt_P'====== Args={'value': 269, 'prev_value': 268, 'change': 1}
2020-10-06 16:58:53,946 : EventManager : Event: ======'player_score'====== Args={'value': 600, 'prev_value': 500, 'change': 100, 'player_num': 1}
2020-10-06 16:58:53,946 : EventManager : Event: ======'player_contracts'====== Args={'value': 3, 'prev_value': 2, 'change': 1, 'player_num': 1}
2020-10-06 16:58:55,464 : EventManager : Event: ======'machine_var_audits_switches_s_dt_C'====== Args={'value': 293, 'prev_value': 292, 'change': 1}
2020-10-06 16:58:55,465 : EventManager : Event: ======'player_score'====== Args={'value': 700, 'prev_value': 600, 'change': 100, 'player_num': 1}
2020-10-06 16:58:56,711 : EventManager : Event: ======'machine_var_audits_switches_s_dt_U'====== Args={'value': 282, 'prev_value': 281, 'change': 1}
2020-10-06 16:58:56,711 : EventManager : Event: ======'player_score'====== Args={'value': 800, 'prev_value': 700, 'change': 100, 'player_num': 1}
2020-10-06 16:58:57,858 : EventManager : Event: ======'machine_var_audits_switches_s_dt_P'====== Args={'value': 270, 'prev_value': 269, 'change': 1}
2020-10-06 16:58:57,859 : EventManager : Event: ======'player_score'====== Args={'value': 900, 'prev_value': 800, 'change': 100, 'player_num': 1}
2020-10-06 16:58:57,859 : EventManager : Event: ======'player_contracts'====== Args={'value': 4, 'prev_value': 3, 'change': 1, 'player_num': 1}
2020-10-06 16:59:06,427 : EventManager : Event: ======'machine_var_audits_switches_s_soul_S'====== Args={'value': 418, 'prev_value': 417, 'change': 1}
2020-10-06 16:59:06,454 : EventManager : Event: ======'player_shot_soul_S'====== Args={'value': 1, 'prev_value': 0, 'change': 1, 'player_num': 1}
2020-10-06 16:59:06,454 : EventManager : Event: ======'machine_var_audits_shots_soul_S'====== Args={'value': 418, 'prev_value': 417, 'change': 1}
2020-10-06 16:59:06,454 : EventManager : Event: ======'player_score'====== Args={'value': 910, 'prev_value': 900, 'change': 10, 'player_num': 1}
2020-10-06 16:59:06,847 : EventManager : Event: ======'machine_var_audits_switches_s_soul_O'====== Args={'value': 387, 'prev_value': 386, 'change': 1}
2020-10-06 16:59:06,848 : EventManager : Event: ======'player_shot_soul_O'====== Args={'value': 1, 'prev_value': 0, 'change': 1, 'player_num': 1}
2020-10-06 16:59:06,848 : EventManager : Event: ======'machine_var_audits_shots_soul_O'====== Args={'value': 382, 'prev_value': 381, 'change': 1}
2020-10-06 16:59:06,848 : EventManager : Event: ======'player_score'====== Args={'value': 920, 'prev_value': 910, 'change': 10, 'player_num': 1}
2020-10-06 16:59:07,167 : EventManager : Event: ======'machine_var_audits_switches_s_soul_U'====== Args={'value': 379, 'prev_value': 378, 'change': 1}
2020-10-06 16:59:07,168 : EventManager : Event: ======'player_shot_soul_U'====== Args={'value': 1, 'prev_value': 0, 'change': 1, 'player_num': 1}
2020-10-06 16:59:07,168 : EventManager : Event: ======'machine_var_audits_shots_soul_U'====== Args={'value': 379, 'prev_value': 378, 'change': 1}
2020-10-06 16:59:07,168 : EventManager : Event: ======'player_score'====== Args={'value': 930, 'prev_value': 920, 'change': 10, 'player_num': 1}
2020-10-06 16:59:07,501 : EventManager : Event: ======'machine_var_audits_switches_s_soul_L'====== Args={'value': 377, 'prev_value': 376, 'change': 1}
2020-10-06 16:59:07,513 : EventManager : Event: ======'player_shot_soul_L'====== Args={'value': 1, 'prev_value': 0, 'change': 1, 'player_num': 1}
2020-10-06 16:59:07,525 : EventManager : Event: ======'machine_var_audits_shots_soul_L'====== Args={'value': 376, 'prev_value': 375, 'change': 1}
2020-10-06 16:59:07,525 : EventManager : Event: ======'player_score'====== Args={'value': 940, 'prev_value': 930, 'change': 10, 'player_num': 1}
2020-10-06 16:59:07,525 : EventManager : Event: ======'player_score'====== Args={'value': 1940, 'prev_value': 940, 'change': 1000, 'player_num': 1}
2020-10-06 16:59:07,535 : EventManager : Event: ======'player_bonus_multiplier'====== Args={'value': 1, 'prev_value': 0, 'change': 1, 'player_num': 1}
2020-10-06 16:59:08,534 : EventManager : Event: ======'player_shot_soul_S'====== Args={'value': 0, 'prev_value': 1, 'change': -1, 'player_num': 1}
2020-10-06 16:59:08,534 : EventManager : Event: ======'player_shot_soul_O'====== Args={'value': 0, 'prev_value': 1, 'change': -1, 'player_num': 1}
2020-10-06 16:59:08,534 : EventManager : Event: ======'player_shot_soul_U'====== Args={'value': 0, 'prev_value': 1, 'change': -1, 'player_num': 1}
2020-10-06 16:59:08,535 : EventManager : Event: ======'player_shot_soul_L'====== Args={'value': 0, 'prev_value': 1, 'change': -1, 'player_num': 1}
2020-10-06 16:59:16,665 : EventManager : Event: ======'machine_var_audits_switches_s_trough1'====== Args={'value': 620, 'prev_value': 619, 'change': 1}
2020-10-06 16:59:17,275 : mpfmc : Stopping...
2020-10-06 16:59:17,276 : EventManager : Event: ======'shutdown'====== Args={}
2020-10-06 16:59:17,506 : mpfmc : Loop rate 60.42 Hz
2020-10-06 16:59:17,506 : kivy : Base: Leaving application in progress...
2020-10-06 16:59:17,509 : MPF-MC BCP Server : Stopping BCP sending thread
2020-10-06 16:59:17,521 : kivy : WindowSDL: exiting mainloop and closing.
2020-10-06 16:59:18,083 : mpfmc : Stopping...
2020-10-06 16:59:18,083 : EventManager : Event: ======'shutdown'====== Args={}
2020-10-06 16:59:18,084 : mpfmc : Loop rate 59.86 Hz
2020-10-06 16:59:18,084 : kivy : MC run loop ended.
2020-10-06 16:59:18,084 : kivy : Stopping child threads... (1 remaining)
2020-10-06 16:59:18,195 : kivy : All child threads stopped.
