2020-10-06 15:16:59,883 : INFO : root : Loading config.
2020-10-06 15:16:59,883 : INFO : YamlMultifileConfigLoader : Machine config file #1: config.yaml
2020-10-06 15:16:59,883 : INFO : ConfigProcessor : Loading config from cache: C:\Users\themi\AppData\Local\Temp\2b6ef079982d662fef43bd5e7e2d4708.mpf_cache
2020-10-06 15:17:00,180 : INFO : ConfigProcessor : Loading config from cache: C:\Users\themi\AppData\Local\Temp\89b9c5cb952cce9fc74d723399719cc6.mpf_cache
2020-10-06 15:17:00,180 : INFO : ConfigProcessor : Loading config from cache: C:\Users\themi\AppData\Local\Temp\4fcecb70f81c3c2fefb8e65ae9a0af5f.mpf_cache
2020-10-06 15:17:00,180 : INFO : ConfigProcessor : Loading config from cache: C:\Users\themi\AppData\Local\Temp\5820a65357aa32f3082a694bbd0b1b93.mpf_cache
2020-10-06 15:17:00,195 : INFO : ConfigProcessor : Loading config from cache: C:\Users\themi\AppData\Local\Temp\2f1df67e0c6599f893aeb5468bc976f9.mpf_cache
2020-10-06 15:17:00,195 : WARNING : ConfigProcessor : Config file in cache changed: c:\GitHub\Cuphead\modes\bonus\config\bonus.yaml
2020-10-06 15:17:00,195 : INFO : ConfigProcessor : Loading config from file c:\users\themi\appdata\local\programs\python\python36\lib\site-packages\mpf\modes\bonus\config\bonus.yaml.
2020-10-06 15:17:00,195 : INFO : ConfigProcessor : Loading config: c:\users\themi\appdata\local\programs\python\python36\lib\site-packages\mpf\modes\bonus\config\bonus.yaml
2020-10-06 15:17:00,195 : INFO : ConfigProcessor : Loading config from file c:\GitHub\Cuphead\modes\bonus\config\bonus.yaml.
2020-10-06 15:17:00,227 : INFO : ConfigProcessor : Loading config: c:\GitHub\Cuphead\modes\bonus\config\bonus.yaml
2020-10-06 15:17:00,227 : INFO : ConfigProcessor : Config file cache created: C:\Users\themi\AppData\Local\Temp\3e28196fea866bd961d93515ab5c664b.mpf_cache
2020-10-06 15:17:00,227 : INFO : ConfigProcessor : Loading config from cache: C:\Users\themi\AppData\Local\Temp\893c92602cb79b5461df4ae912d665e0.mpf_cache
2020-10-06 15:17:00,227 : INFO : ConfigProcessor : Loading config from cache: C:\Users\themi\AppData\Local\Temp\15cb35af48ef2b73a1399ecc64f542cf.mpf_cache
2020-10-06 15:17:00,227 : INFO : ConfigProcessor : Loading config from cache: C:\Users\themi\AppData\Local\Temp\8f78dc3447c1c9fe6775dbe5408c12e9.mpf_cache
2020-10-06 15:17:00,227 : INFO : ConfigProcessor : Loading config from cache: C:\Users\themi\AppData\Local\Temp\459e0fbd95aa261661d4ec522fde7178.mpf_cache
2020-10-06 15:17:00,227 : INFO : ConfigProcessor : Loading config from cache: C:\Users\themi\AppData\Local\Temp\bc011c11c9e34bbd89eedfa08565ed62.mpf_cache
2020-10-06 15:17:00,227 : INFO : ConfigProcessor : Loading config from cache: C:\Users\themi\AppData\Local\Temp\6f009ec52b9ccf4b89f291e4051b3241.mpf_cache
2020-10-06 15:17:00,227 : INFO : ConfigProcessor : Loading config from cache: C:\Users\themi\AppData\Local\Temp\c2ce7139d0aaca9aa552320269b3f50d.mpf_cache
2020-10-06 15:17:00,227 : INFO : ConfigProcessor : Loading config from cache: C:\Users\themi\AppData\Local\Temp\2b7bf9166be80f4b554569a332b23de4.mpf_cache
2020-10-06 15:17:00,242 : INFO : ConfigProcessor : Loading config from cache: C:\Users\themi\AppData\Local\Temp\c546e3aedc6779039624162d0203f540.mpf_cache
2020-10-06 15:17:00,242 : INFO : ConfigProcessor : Loading config from cache: C:\Users\themi\AppData\Local\Temp\abdfe7fa7b37a4a193490f565dc0597d.mpf_cache
2020-10-06 15:17:00,242 : INFO : ConfigProcessor : Loading config from cache: C:\Users\themi\AppData\Local\Temp\4342b421d288ce5a4483067739b72cdd.mpf_cache
2020-10-06 15:17:00,242 : INFO : ConfigProcessor : Loading config from cache: C:\Users\themi\AppData\Local\Temp\368aa16bb3be9e41d99a527245060f83.mpf_cache
2020-10-06 15:17:00,242 : INFO : ConfigProcessor : Loading config from cache: C:\Users\themi\AppData\Local\Temp\d0e012eb2507157abb0bb72425aaf5b2.mpf_cache
2020-10-06 15:17:00,242 : INFO : ConfigProcessor : Loading config from cache: C:\Users\themi\AppData\Local\Temp\0f1b51b912b71211c13fe22b9a37b50a.mpf_cache
2020-10-06 15:17:00,242 : INFO : ConfigProcessor : Loading config from cache: C:\Users\themi\AppData\Local\Temp\10ee2574e78165e598e7a995071a74cc.mpf_cache
2020-10-06 15:17:00,242 : INFO : ConfigProcessor : Loading config from cache: C:\Users\themi\AppData\Local\Temp\a266cad92e011305e896e67dddfd4a6c.mpf_cache
2020-10-06 15:17:00,242 : INFO : ConfigProcessor : Loading config from cache: C:\Users\themi\AppData\Local\Temp\7ee3e0eba3dedef43a01da4ffa491384.mpf_cache
2020-10-06 15:17:00,242 : INFO : ConfigProcessor : Loading config from cache: C:\Users\themi\AppData\Local\Temp\13fd6d25ddf06daef684ee2be33938b7.mpf_cache
2020-10-06 15:17:00,242 : INFO : ConfigProcessor : Loading config from cache: C:\Users\themi\AppData\Local\Temp\0b0cb9dce530fd5533b52f679ba6d4c7.mpf_cache
2020-10-06 15:17:00,242 : INFO : ConfigProcessor : Loading config from cache: C:\Users\themi\AppData\Local\Temp\6448a7490ccbbf7c92ae3827fedf65d7.mpf_cache
2020-10-06 15:17:00,242 : INFO : ConfigProcessor : Loading config from cache: C:\Users\themi\AppData\Local\Temp\cbfe20b556c038913af5118889400ccc.mpf_cache
2020-10-06 15:17:00,258 : INFO : ConfigProcessor : Loading config from cache: C:\Users\themi\AppData\Local\Temp\db00c3dd6414ff9cfb2bf542763a8a69.mpf_cache
2020-10-06 15:17:00,258 : INFO : ConfigProcessor : Loading config from cache: C:\Users\themi\AppData\Local\Temp\1fa5e27674b4aa7d98e43b722406aa74.mpf_cache
2020-10-06 15:17:00,258 : INFO : ConfigProcessor : Loading config from cache: C:\Users\themi\AppData\Local\Temp\5883b660032b5311c8838643c5c4f04e.mpf_cache
2020-10-06 15:17:00,258 : INFO : ConfigProcessor : Loading config from cache: C:\Users\themi\AppData\Local\Temp\49716d4cb57f232d2d55ea4b85c0bf9a.mpf_cache
2020-10-06 15:17:00,258 : INFO : ConfigProcessor : Loading config from cache: C:\Users\themi\AppData\Local\Temp\02d9d2d34f4e72c61edea96a1832348d.mpf_cache
2020-10-06 15:17:00,258 : INFO : ConfigProcessor : Loading config from cache: C:\Users\themi\AppData\Local\Temp\75ddffbe1d195e10645833a8c787820e.mpf_cache
2020-10-06 15:17:00,258 : INFO : ConfigProcessor : Loading config from cache: C:\Users\themi\AppData\Local\Temp\383ac4b0678bf6b0edc3780467155495.mpf_cache
2020-10-06 15:17:00,258 : INFO : Machine : Mission Pinball Framework Core Engine v0.54.0-dev.72
2020-10-06 15:17:00,258 : INFO : Machine : Command line arguments: {'no_load_cache': False, 'create_config_cache': True, 'bcp': True, 'configfile': ['config.yaml'], 'force_assets_load': False, 'jsonlogging': False, 'logfile': 'logs\\2020-10-06-15-16-59-mpf-LAPTOP-C39PEUFD.log', 'pause': False, 'production': False, 'text_ui': True, 'loglevel': 15, 'consoleloglevel': 20, 'force_platform': 'smart_virtual', 'syslog_address': None, 'mc_file_name': None, 'no_sound': False}
2020-10-06 15:17:00,258 : INFO : Machine : MPF path: c:\users\themi\appdata\local\programs\python\python36\lib\site-packages\mpf
2020-10-06 15:17:00,258 : INFO : Machine : Machine path: c:\GitHub\Cuphead
2020-10-06 15:17:00,258 : INFO : Machine : Platform: win32
2020-10-06 15:17:00,258 : INFO : Machine : Python executable location: c:\users\themi\appdata\local\programs\python\python36\python.exe
2020-10-06 15:17:00,258 : INFO : Machine : Python version: 3.6.4 (64-bit)
2020-10-06 15:17:00,258 : INFO : Machine : Initialise MPF.
2020-10-06 15:17:00,769 : INFO : EventManager : Event: ======'machine_var_credits_string'====== Args={'value': 'FREE PLAY', 'prev_value': None, 'change': True}
2020-10-06 15:17:00,925 : INFO : EventManager : Event: ======'machine_var_player1_score'====== Args={'value': 14640, 'prev_value': None, 'change': True}
2020-10-06 15:17:00,925 : INFO : EventManager : Event: ======'machine_var_mpf_version'====== Args={'value': 'MPF v0.54.0-dev.72', 'prev_value': None, 'change': True}
2020-10-06 15:17:00,925 : INFO : EventManager : Event: ======'machine_var_mpf_extended_version'====== Args={'value': 'MPF v0.54.0-dev.72, Config version:5, Show version: 5, BCP version:1.1', 'prev_value': None, 'change': True}
2020-10-06 15:17:00,925 : INFO : EventManager : Event: ======'machine_var_python_version'====== Args={'value': '3.6.4', 'prev_value': None, 'change': True}
2020-10-06 15:17:00,925 : INFO : EventManager : Event: ======'machine_var_platform'====== Args={'value': 'Windows-10-10.0.18362-SP0', 'prev_value': None, 'change': True}
2020-10-06 15:17:00,925 : INFO : EventManager : Event: ======'machine_var_platform_system'====== Args={'value': 'Windows', 'prev_value': None, 'change': True}
2020-10-06 15:17:00,925 : INFO : EventManager : Event: ======'machine_var_platform_release'====== Args={'value': '10', 'prev_value': None, 'change': True}
2020-10-06 15:17:00,941 : INFO : EventManager : Event: ======'machine_var_platform_version'====== Args={'value': '10.0.18362', 'prev_value': None, 'change': True}
2020-10-06 15:17:00,941 : INFO : EventManager : Event: ======'machine_var_platform_machine'====== Args={'value': 'AMD64', 'prev_value': None, 'change': True}
2020-10-06 15:17:00,941 : INFO : EventManager : Event: ======'init_phase_1'====== Args={}
2020-10-06 15:17:01,082 : INFO : EventManager : Event: ======'drop_target_bank_cup_bank_up'====== Args={}
2020-10-06 15:17:01,082 : INFO : EventManager : Event: ======'drop_target_bank_mug_bank_up'====== Args={}
2020-10-06 15:17:01,082 : INFO : EventManager : Event: ======'init_phase_2'====== Args={}
2020-10-06 15:17:01,082 : INFO : SwitchController : Found active switch: ('2', <Platform.SmartVirtual>)
2020-10-06 15:17:01,082 : INFO : SwitchController : Found active switch: ('3', <Platform.SmartVirtual>)
2020-10-06 15:17:01,113 : INFO : EventManager : Event: ======'bcp_connection_attempt'====== Args={'name': 'local_display', 'host': 'localhost', 'port': 5050}
2020-10-06 15:17:01,113 : INFO : BCPClientSocket : Connecting BCP to 'local_display' at localhost:5050...
2020-10-06 15:17:15,527 : INFO : BCPClientSocket : Connected BCP to 'local_display' localhost:5050
2020-10-06 15:17:15,528 : INFO : EventManager : Event: ======'bcp_clients_connected'====== Args={}
2020-10-06 15:17:15,546 : INFO : EventManager : Event: ======'machine_var_mc_version'====== Args={'value': 'MPF-MC v0.54.0-dev.20', 'prev_value': None, 'change': True}
2020-10-06 15:17:15,547 : INFO : EventManager : Event: ======'machine_var_mc_extended_version'====== Args={'value': 'MPF-MC v0.54.0-dev.20 (config_version=5, BCP v1.1, Requires MPF v0.54.0-dev.68)', 'prev_value': None, 'change': True}
2020-10-06 15:17:15,551 : INFO : EventManager : Event: ======'machine_var_master_volume'====== Args={'value': 0.5, 'prev_value': None, 'change': True}
2020-10-06 15:17:15,552 : INFO : ball_device.bd_trough : State: idle
2020-10-06 15:17:15,583 : INFO : ball_device.bd_plunger : State: idle
2020-10-06 15:17:15,620 : INFO : EventManager : Event: ======'init_phase_3'====== Args={}
2020-10-06 15:17:15,635 : INFO : EventManager : Event: ======'init_phase_4'====== Args={}
2020-10-06 15:17:15,637 : INFO : EventManager : Event: ======'machine_var_audits_events_game_ended'====== Args={'value': 21, 'prev_value': None, 'change': True}
2020-10-06 15:17:15,638 : INFO : EventManager : Event: ======'machine_var_audits_events_game_started'====== Args={'value': 40, 'prev_value': None, 'change': True}
2020-10-06 15:17:15,639 : INFO : EventManager : Event: ======'machine_var_audits_player_score'====== Args={'value': {'average': 530.4761904761905, 'top': [2970, 1300, 1220, 980, 880, 780, 720, 710, 630, 590], 'total': 21}, 'prev_value': None, 'change': True}
2020-10-06 15:17:15,639 : INFO : EventManager : Event: ======'machine_var_audits_shots_soul_L'====== Args={'value': 348, 'prev_value': None, 'change': True}
2020-10-06 15:17:15,640 : INFO : EventManager : Event: ======'machine_var_audits_shots_soul_O'====== Args={'value': 354, 'prev_value': None, 'change': True}
2020-10-06 15:17:15,641 : INFO : EventManager : Event: ======'machine_var_audits_shots_soul_S'====== Args={'value': 388, 'prev_value': None, 'change': True}
2020-10-06 15:17:15,641 : INFO : EventManager : Event: ======'machine_var_audits_shots_soul_U'====== Args={'value': 351, 'prev_value': None, 'change': True}
2020-10-06 15:17:15,642 : INFO : EventManager : Event: ======'machine_var_audits_switches_s_coin'====== Args={'value': 21, 'prev_value': None, 'change': True}
2020-10-06 15:17:15,643 : INFO : EventManager : Event: ======'machine_var_audits_switches_s_dash_L'====== Args={'value': 0, 'prev_value': None, 'change': True}
2020-10-06 15:17:15,644 : INFO : EventManager : Event: ======'machine_var_audits_switches_s_dash_R'====== Args={'value': 0, 'prev_value': None, 'change': True}
2020-10-06 15:17:15,644 : INFO : EventManager : Event: ======'machine_var_audits_switches_s_dtSling_L'====== Args={'value': 0, 'prev_value': None, 'change': True}
2020-10-06 15:17:15,645 : INFO : EventManager : Event: ======'machine_var_audits_switches_s_dtSling_R'====== Args={'value': 0, 'prev_value': None, 'change': True}
2020-10-06 15:17:15,646 : INFO : EventManager : Event: ======'machine_var_audits_switches_s_dt_C'====== Args={'value': 224, 'prev_value': None, 'change': True}
2020-10-06 15:17:15,647 : INFO : EventManager : Event: ======'machine_var_audits_switches_s_dt_G'====== Args={'value': 63, 'prev_value': None, 'change': True}
2020-10-06 15:17:15,648 : INFO : EventManager : Event: ======'machine_var_audits_switches_s_dt_M'====== Args={'value': 64, 'prev_value': None, 'change': True}
2020-10-06 15:17:15,649 : INFO : EventManager : Event: ======'machine_var_audits_switches_s_dt_P'====== Args={'value': 199, 'prev_value': None, 'change': True}
2020-10-06 15:17:15,650 : INFO : EventManager : Event: ======'machine_var_audits_switches_s_dt_U'====== Args={'value': 214, 'prev_value': None, 'change': True}
2020-10-06 15:17:15,651 : INFO : EventManager : Event: ======'machine_var_audits_switches_s_dt_U2'====== Args={'value': 56, 'prev_value': None, 'change': True}
2020-10-06 15:17:15,651 : INFO : EventManager : Event: ======'machine_var_audits_switches_s_exit_shooter_lane'====== Args={'value': 415, 'prev_value': None, 'change': True}
2020-10-06 15:17:15,652 : INFO : EventManager : Event: ======'machine_var_audits_switches_s_inLane_L'====== Args={'value': 0, 'prev_value': None, 'change': True}
2020-10-06 15:17:15,653 : INFO : EventManager : Event: ======'machine_var_audits_switches_s_inLane_R'====== Args={'value': 0, 'prev_value': None, 'change': True}
2020-10-06 15:17:15,654 : INFO : EventManager : Event: ======'machine_var_audits_switches_s_kicker'====== Args={'value': 0, 'prev_value': None, 'change': True}
2020-10-06 15:17:15,654 : INFO : EventManager : Event: ======'machine_var_audits_switches_s_left_flipper'====== Args={'value': 151, 'prev_value': None, 'change': True}
2020-10-06 15:17:15,655 : INFO : EventManager : Event: ======'machine_var_audits_switches_s_midRight'====== Args={'value': 0, 'prev_value': None, 'change': True}
2020-10-06 15:17:15,656 : INFO : EventManager : Event: ======'machine_var_audits_switches_s_outLane_L'====== Args={'value': 0, 'prev_value': None, 'change': True}
2020-10-06 15:17:15,657 : INFO : EventManager : Event: ======'machine_var_audits_switches_s_outLane_R'====== Args={'value': 0, 'prev_value': None, 'change': True}
2020-10-06 15:17:15,658 : INFO : EventManager : Event: ======'machine_var_audits_switches_s_perdition'====== Args={'value': 0, 'prev_value': None, 'change': True}
2020-10-06 15:17:15,659 : INFO : EventManager : Event: ======'machine_var_audits_switches_s_playfield'====== Args={'value': 0, 'prev_value': None, 'change': True}
2020-10-06 15:17:15,660 : INFO : EventManager : Event: ======'machine_var_audits_switches_s_plunger'====== Args={'value': 684, 'prev_value': None, 'change': True}
2020-10-06 15:17:15,661 : INFO : EventManager : Event: ======'machine_var_audits_switches_s_popBumper_1'====== Args={'value': 566, 'prev_value': None, 'change': True}
2020-10-06 15:17:15,662 : INFO : EventManager : Event: ======'machine_var_audits_switches_s_popBumper_2'====== Args={'value': 478, 'prev_value': None, 'change': True}
2020-10-06 15:17:15,663 : INFO : EventManager : Event: ======'machine_var_audits_switches_s_popBumper_3'====== Args={'value': 174, 'prev_value': None, 'change': True}
2020-10-06 15:17:15,664 : INFO : EventManager : Event: ======'machine_var_audits_switches_s_pop_bumper1'====== Args={'value': 120, 'prev_value': None, 'change': True}
2020-10-06 15:17:15,665 : INFO : EventManager : Event: ======'machine_var_audits_switches_s_pop_bumper2'====== Args={'value': 153, 'prev_value': None, 'change': True}
2020-10-06 15:17:15,665 : INFO : EventManager : Event: ======'machine_var_audits_switches_s_pop_bumper3'====== Args={'value': 100, 'prev_value': None, 'change': True}
2020-10-06 15:17:15,666 : INFO : EventManager : Event: ======'machine_var_audits_switches_s_right_flipper'====== Args={'value': 217, 'prev_value': None, 'change': True}
2020-10-06 15:17:15,667 : INFO : EventManager : Event: ======'machine_var_audits_switches_s_sling_L'====== Args={'value': 0, 'prev_value': None, 'change': True}
2020-10-06 15:17:15,668 : INFO : EventManager : Event: ======'machine_var_audits_switches_s_sling_R'====== Args={'value': 0, 'prev_value': None, 'change': True}
2020-10-06 15:17:15,669 : INFO : EventManager : Event: ======'machine_var_audits_switches_s_soul_L'====== Args={'value': 349, 'prev_value': None, 'change': True}
2020-10-06 15:17:15,670 : INFO : EventManager : Event: ======'machine_var_audits_switches_s_soul_O'====== Args={'value': 359, 'prev_value': None, 'change': True}
2020-10-06 15:17:15,671 : INFO : EventManager : Event: ======'machine_var_audits_switches_s_soul_S'====== Args={'value': 388, 'prev_value': None, 'change': True}
2020-10-06 15:17:15,672 : INFO : EventManager : Event: ======'machine_var_audits_switches_s_soul_U'====== Args={'value': 351, 'prev_value': None, 'change': True}
2020-10-06 15:17:15,673 : INFO : EventManager : Event: ======'machine_var_audits_switches_s_standUp_1'====== Args={'value': 0, 'prev_value': None, 'change': True}
2020-10-06 15:17:15,674 : INFO : EventManager : Event: ======'machine_var_audits_switches_s_standUp_2'====== Args={'value': 0, 'prev_value': None, 'change': True}
2020-10-06 15:17:15,675 : INFO : EventManager : Event: ======'machine_var_audits_switches_s_standUp_3'====== Args={'value': 0, 'prev_value': None, 'change': True}
2020-10-06 15:17:15,676 : INFO : EventManager : Event: ======'machine_var_audits_switches_s_standUp_R'====== Args={'value': 0, 'prev_value': None, 'change': True}
2020-10-06 15:17:15,677 : INFO : EventManager : Event: ======'machine_var_audits_switches_s_star_1'====== Args={'value': 0, 'prev_value': None, 'change': True}
2020-10-06 15:17:15,678 : INFO : EventManager : Event: ======'machine_var_audits_switches_s_star_2'====== Args={'value': 0, 'prev_value': None, 'change': True}
2020-10-06 15:17:15,679 : INFO : EventManager : Event: ======'machine_var_audits_switches_s_star_3'====== Args={'value': 0, 'prev_value': None, 'change': True}
2020-10-06 15:17:15,680 : INFO : EventManager : Event: ======'machine_var_audits_switches_s_start'====== Args={'value': 69, 'prev_value': None, 'change': True}
2020-10-06 15:17:15,681 : INFO : EventManager : Event: ======'machine_var_audits_switches_s_tilt'====== Args={'value': 0, 'prev_value': None, 'change': True}
2020-10-06 15:17:15,682 : INFO : EventManager : Event: ======'machine_var_audits_switches_s_trough1'====== Args={'value': 600, 'prev_value': None, 'change': True}
2020-10-06 15:17:15,683 : INFO : EventManager : Event: ======'machine_var_audits_switches_s_trough2'====== Args={'value': 72, 'prev_value': None, 'change': True}
2020-10-06 15:17:15,684 : INFO : EventManager : Event: ======'machine_var_audits_switches_s_trough_jam'====== Args={'value': 13, 'prev_value': None, 'change': True}
2020-10-06 15:17:15,685 : INFO : EventManager : Event: ======'init_phase_5'====== Args={}
2020-10-06 15:17:15,715 : INFO : EventManager : Event: ======'init_done'====== Args={}
2020-10-06 15:17:15,716 : INFO : EventManager : Event: ======'machine_reset_phase_1'====== Args={}
2020-10-06 15:17:15,730 : INFO : EventManager : Event: ======'slide_welcome_slide_removed'====== Args={'_from_bcp': True}
2020-10-06 15:17:15,735 : INFO : EventManager : Event: ======'slide_welcome_slide_created'====== Args={'_from_bcp': True}
2020-10-06 15:17:15,737 : INFO : EventManager : Event: ======'machine_reset_phase_2'====== Args={}
2020-10-06 15:17:15,738 : INFO : EventManager : Event: ======'machine_reset_phase_3'====== Args={}
2020-10-06 15:17:15,738 : INFO : EventManager : Event: ======'slide_welcome_slide_active'====== Args={'_from_bcp': True}
2020-10-06 15:17:15,739 : INFO : drop_target_bank.cup_bank : All targets are already up. Will not reset bank.
2020-10-06 15:17:15,739 : INFO : drop_target_bank.mug_bank : All targets are already up. Will not reset bank.
2020-10-06 15:17:15,740 : INFO : EventManager : Event: ======'reset_complete'====== Args={}
2020-10-06 15:17:15,740 : INFO : EventManager : Event: ======'mode_attract_will_start'====== Args={}
2020-10-06 15:17:15,742 : INFO : EventManager : Event: ======'mode_attract_starting'====== Args={}
2020-10-06 15:17:15,742 : INFO : Mode.attract : Started. Priority: 10
2020-10-06 15:17:15,743 : INFO : EventManager : Event: ======'modes_active_modes_changed'====== Args={}
2020-10-06 15:17:15,743 : INFO : EventManager : Event: ======'mode_attract_started'====== Args={}
2020-10-06 15:17:15,747 : INFO : EventManager : Event: ======'collecting_balls_complete'====== Args={}
2020-10-06 15:17:15,805 : INFO : EventManager : Event: ======'slide_awesome_slide_created'====== Args={'_from_bcp': True}
2020-10-06 15:17:15,806 : INFO : EventManager : Event: ======'slide_awesome_slide_active'====== Args={'_from_bcp': True}
2020-10-06 15:17:15,806 : INFO : Machine : Starting the main run loop.
2020-10-06 15:17:15,958 : INFO : BcpServer : New client connected.
2020-10-06 15:17:18,202 : INFO : SwitchController : <<<<<<< 's_start' active >>>>>>>
2020-10-06 15:17:18,373 : INFO : SwitchController : <<<<<<< 's_start' inactive >>>>>>>
2020-10-06 15:17:18,373 : INFO : EventManager : Event: ======'request_to_start_game'====== Args={}
2020-10-06 15:17:18,375 : INFO : EventManager : Event: ======'game_start'====== Args={'buttons': [], 'hold_time': 0.1720000000204891}
2020-10-06 15:17:18,376 : INFO : EventManager : Event: ======'mode_game_will_start'====== Args={'buttons': [], 'hold_time': 0.1720000000204891}
2020-10-06 15:17:18,377 : INFO : EventManager : Event: ======'mode_game_starting'====== Args={'buttons': [], 'hold_time': 0.1720000000204891}
2020-10-06 15:17:18,378 : INFO : EventManager : Event: ======'mode_attract_will_stop'====== Args={}
2020-10-06 15:17:18,378 : INFO : EventManager : Event: ======'mode_attract_stopping'====== Args={}
2020-10-06 15:17:18,379 : INFO : Mode.attract : Stopped.
2020-10-06 15:17:18,379 : INFO : EventManager : Event: ======'modes_active_modes_changed'====== Args={}
2020-10-06 15:17:18,382 : INFO : EventManager : Event: ======'mode_attract_stopped'====== Args={}
2020-10-06 15:17:18,383 : INFO : EventManager : Event: ======'clear'====== Args={'key': 'attract'}
2020-10-06 15:17:18,384 : INFO : Mode.game : Started. Priority: 20
2020-10-06 15:17:18,384 : INFO : EventManager : Event: ======'modes_active_modes_changed'====== Args={}
2020-10-06 15:17:18,385 : INFO : EventManager : Event: ======'mode_game_started'====== Args={'buttons': [], 'hold_time': 0.1720000000204891}
2020-10-06 15:17:18,419 : INFO : EventManager : Event: ======'game_will_start'====== Args={}
2020-10-06 15:17:18,421 : INFO : EventManager : Event: ======'slide_awesome_slide_removed'====== Args={'_from_bcp': True}
2020-10-06 15:17:18,423 : INFO : EventManager : Event: ======'slide_welcome_slide_active'====== Args={'_from_bcp': True}
2020-10-06 15:17:18,450 : INFO : EventManager : Event: ======'game_starting'====== Args={'game': <Mode.game>}
2020-10-06 15:17:18,451 : INFO : EventManager : Event: ======'player_add_request'====== Args={}
2020-10-06 15:17:18,452 : INFO : EventManager : Event: ======'player_will_add'====== Args={'number': 1}
2020-10-06 15:17:18,453 : INFO : EventManager : Event: ======'player_adding'====== Args={'player': <Player 1>, 'number': 1}
2020-10-06 15:17:18,453 : INFO : EventManager : Event: ======'player_added'====== Args={'player': <Player 1>, 'num': 1}
2020-10-06 15:17:18,454 : INFO : Mode.game : Player added successfully. Total players: 1
2020-10-06 15:17:18,454 : INFO : EventManager : Event: ======'player_index'====== Args={'value': 0, 'prev_value': 0, 'change': 0, 'player_num': 1}
2020-10-06 15:17:18,456 : INFO : EventManager : Event: ======'player_number'====== Args={'value': 1, 'prev_value': 1, 'change': 0, 'player_num': 1}
2020-10-06 15:17:18,456 : INFO : EventManager : Event: ======'player_bonus_multiplier'====== Args={'value': 1, 'prev_value': 1, 'change': 0, 'player_num': 1}
2020-10-06 15:17:18,457 : INFO : EventManager : Event: ======'player_contracts'====== Args={'value': 0, 'prev_value': 0, 'change': 0, 'player_num': 1}
2020-10-06 15:17:18,457 : INFO : EventManager : Event: ======'player_score'====== Args={'value': 0, 'prev_value': 0, 'change': 0, 'player_num': 1}
2020-10-06 15:17:18,465 : INFO : EventManager : Event: ======'game_started'====== Args={}
2020-10-06 15:17:18,492 : INFO : EventManager : Event: ======'player_turn_will_start'====== Args={'player': <Player 1>, 'number': 1}
2020-10-06 15:17:18,494 : INFO : EventManager : Event: ======'player_turn_starting'====== Args={'player': <Player 1>, 'number': 1}
2020-10-06 15:17:18,495 : INFO : EventManager : Event: ======'player_ball'====== Args={'value': 1, 'prev_value': 0, 'change': 1, 'player_num': 1}
2020-10-06 15:17:18,497 : INFO : EventManager : Event: ======'player_turn_started'====== Args={'player': <Player 1>, 'number': 1}
2020-10-06 15:17:18,498 : INFO : EventManager : Event: ======'ball_will_start'====== Args={'player': 1, 'ball': 1, 'balls_remaining': 4, 'is_extra_ball': False}
2020-10-06 15:17:18,520 : INFO : EventManager : Event: ======'ball_starting'====== Args={'player': 1, 'ball': 1, 'balls_remaining': 4, 'is_extra_ball': False}
2020-10-06 15:17:18,522 : INFO : EventManager : Event: ======'mode_base_will_start'====== Args={'queue': <QueuedEvent>, 'player': 1, 'ball': 1, 'balls_remaining': 4, 'is_extra_ball': False}
2020-10-06 15:17:18,530 : INFO : EventManager : Event: ======'mode_base_starting'====== Args={'queue': <QueuedEvent>, 'player': 1, 'ball': 1, 'balls_remaining': 4, 'is_extra_ball': False}
2020-10-06 15:17:18,531 : INFO : drop_target_bank.cup_bank : All targets are already up. Will not reset bank.
2020-10-06 15:17:18,531 : INFO : drop_target_bank.mug_bank : All targets are already up. Will not reset bank.
2020-10-06 15:17:18,533 : INFO : EventManager : Event: ======'balls_in_play'====== Args={'balls': 1}
2020-10-06 15:17:18,534 : INFO : EventManager : Event: ======'ball_started'====== Args={'player': 1, 'ball': 1, 'balls_remaining': 4, 'is_extra_ball': False}
2020-10-06 15:17:18,535 : INFO : EventManager : Event: ======'logicblock_bonus_updated'====== Args={'value': 0, 'enabled': True}
2020-10-06 15:17:18,536 : INFO : EventManager : Event: ======'logicblock_bonus_updated'====== Args={'value': 0, 'enabled': True}
2020-10-06 15:17:18,537 : INFO : Mode.base : Started. Priority: 100
2020-10-06 15:17:18,537 : INFO : EventManager : Event: ======'modes_active_modes_changed'====== Args={}
2020-10-06 15:17:18,539 : INFO : EventManager : Event: ======'mode_base_started'====== Args={'queue': <QueuedEvent>, 'player': 1, 'ball': 1, 'balls_remaining': 4, 'is_extra_ball': False}
2020-10-06 15:17:18,541 : INFO : EventManager : Event: ======'mode_soulLanes_will_start'====== Args={'player': 1, 'ball': 1, 'balls_remaining': 4, 'is_extra_ball': False}
2020-10-06 15:17:18,542 : INFO : EventManager : Event: ======'player_shot_soul_S_enabled'====== Args={'value': True, 'prev_value': 0, 'change': 1, 'player_num': 1}
2020-10-06 15:17:18,547 : INFO : EventManager : Event: ======'player_shot_soul_O_enabled'====== Args={'value': True, 'prev_value': 0, 'change': 1, 'player_num': 1}
2020-10-06 15:17:18,550 : INFO : EventManager : Event: ======'player_shot_soul_U_enabled'====== Args={'value': True, 'prev_value': 0, 'change': 1, 'player_num': 1}
2020-10-06 15:17:18,551 : INFO : EventManager : Event: ======'player_shot_soul_L_enabled'====== Args={'value': True, 'prev_value': 0, 'change': 1, 'player_num': 1}
2020-10-06 15:17:18,553 : INFO : EventManager : Event: ======'soul_lanes_complete'====== Args={'state': 'unlit'}
2020-10-06 15:17:18,553 : INFO : EventManager : Event: ======'soul_lanes_unlit_complete'====== Args={}
2020-10-06 15:17:18,561 : INFO : EventManager : Event: ======'mode_soulLanes_starting'====== Args={'player': 1, 'ball': 1, 'balls_remaining': 4, 'is_extra_ball': False}
2020-10-06 15:17:18,573 : INFO : EventManager : Event: ======'logicblock_contarct_counter_updated'====== Args={'value': 1, 'enabled': True}
2020-10-06 15:17:18,574 : INFO : EventManager : Event: ======'logicblock_contarct_counter_updated'====== Args={'value': 1, 'enabled': True}
2020-10-06 15:17:18,574 : INFO : Mode.soulLanes : Started. Priority: 110
2020-10-06 15:17:18,575 : INFO : EventManager : Event: ======'modes_active_modes_changed'====== Args={}
2020-10-06 15:17:18,575 : INFO : EventManager : Event: ======'mode_soulLanes_started'====== Args={'player': 1, 'ball': 1, 'balls_remaining': 4, 'is_extra_ball': False}
2020-10-06 15:17:18,576 : INFO : EventManager : Event: ======'single_player_ball_started'====== Args={}
2020-10-06 15:17:18,649 : INFO : EventManager : Event: ======'player_bonus_multiplier'====== Args={'value': 0, 'prev_value': 1, 'change': -1, 'player_num': 1}
2020-10-06 15:17:18,651 : INFO : ball_device.bd_plunger : Setting up player-controlled eject. Balls: 1, Target: <playfield.playfield>, player_controlled_eject_event: None
2020-10-06 15:17:18,652 : INFO : EventManager : Event: ======'balldevice_balls_available'====== Args={}
2020-10-06 15:17:18,705 : INFO : EventManager : Event: ======'slide_base.slide_player-mode_base_started_created'====== Args={'_from_bcp': True}
2020-10-06 15:17:18,706 : INFO : EventManager : Event: ======'slide_base.slide_player-mode_base_started_active'====== Args={'_from_bcp': True}
2020-10-06 15:17:18,707 : INFO : ball_device.bd_trough : State: waiting_for_target_ready
2020-10-06 15:17:18,708 : INFO : EventManager : Event: ======'balldevice_bd_trough_ball_eject_attempt'====== Args={'balls': 1, 'target': <ball_device.bd_plunger>, 'source': <ball_device.bd_trough>, 'mechanical_eject': True, 'num_attempts': 0}
2020-10-06 15:17:18,709 : INFO : ball_device.bd_plunger : State: waiting_for_ball
2020-10-06 15:17:18,710 : INFO : ball_device.bd_trough : State: ejecting
2020-10-06 15:17:18,711 : INFO : ball_device.bd_trough : Ejecting ball to <ball_device.bd_plunger>
2020-10-06 15:17:18,713 : INFO : EventManager : Event: ======'balldevice_bd_trough_ejecting_ball'====== Args={'balls': 1, 'target': <ball_device.bd_plunger>, 'source': <ball_device.bd_trough>, 'mechanical_eject': True, 'num_attempts': 0}
2020-10-06 15:17:18,714 : INFO : ball_device.bd_trough : Wait for ball to leave device
2020-10-06 15:17:18,715 : INFO : coil.c_trough_eject : Pulsing Driver for 20ms (1.0 pulse_power)
2020-10-06 15:17:18,716 : INFO : SwitchController : <<<<<<< 's_trough1' inactive >>>>>>>
2020-10-06 15:17:18,738 : INFO : ball_device.bd_trough : State: ball_left
2020-10-06 15:17:18,738 : INFO : ball_device.bd_trough : Ball left
2020-10-06 15:17:18,739 : INFO : ball_device.bd_trough : Wait for confirm with timeout 10.0
2020-10-06 15:17:18,800 : INFO : SwitchController : <<<<<<< 's_plunger' active >>>>>>>
2020-10-06 15:17:18,800 : INFO : EventManager : Event: ======'machine_var_audits_switches_s_plunger'====== Args={'value': 685, 'prev_value': 684, 'change': 1}
2020-10-06 15:17:19,299 : INFO : ball_device.bd_plunger : Received ball from <ball_device.bd_trough>
2020-10-06 15:17:19,300 : INFO : EventManager : Event: ======'balldevice_bd_plunger_ball_enter'====== Args={'new_balls': 1, 'unclaimed_balls': 0, 'new_available_balls': 0, 'device': <ball_device.bd_plunger>}
2020-10-06 15:17:19,301 : INFO : EventManager : Event: ======'balldevice_bd_plunger_ball_entered'====== Args={'new_balls': 0, 'device': <ball_device.bd_plunger>}
2020-10-06 15:17:19,302 : INFO : EventManager : Event: ======'balldevice_bd_plunger_ball_count_changed'====== Args={'balls': 1}
2020-10-06 15:17:19,302 : INFO : ball_device.bd_trough : Got eject confirm
2020-10-06 15:17:19,303 : INFO : ball_device.bd_trough : Eject successful
2020-10-06 15:17:19,303 : INFO : EventManager : Event: ======'balldevice_bd_trough_ball_eject_success'====== Args={'balls': 1, 'target': <ball_device.bd_plunger>}
2020-10-06 15:17:19,304 : INFO : EventManager : Event: ======'balldevice_bd_trough_ball_count_changed'====== Args={'balls': 1}
2020-10-06 15:17:19,305 : INFO : ball_device.bd_trough : State: idle
2020-10-06 15:17:19,305 : INFO : ball_device.bd_plunger : State: waiting_for_target_ready
2020-10-06 15:17:19,306 : INFO : EventManager : Event: ======'balldevice_bd_plunger_ball_eject_attempt'====== Args={'balls': 1, 'target': <playfield.playfield>, 'source': <ball_device.bd_plunger>, 'mechanical_eject': True, 'num_attempts': 0}
2020-10-06 15:17:19,307 : INFO : ball_device.bd_plunger : State: ejecting
2020-10-06 15:17:19,308 : INFO : ball_device.bd_plunger : Ejecting ball to <playfield.playfield>
2020-10-06 15:17:19,308 : INFO : EventManager : Event: ======'balldevice_bd_plunger_ejecting_ball'====== Args={'balls': 1, 'target': <playfield.playfield>, 'source': <ball_device.bd_plunger>, 'mechanical_eject': True, 'num_attempts': 0}
2020-10-06 15:17:19,311 : INFO : ball_device.bd_plunger : Wait for ball to leave device
2020-10-06 15:17:19,557 : INFO : SwitchController : <<<<<<< 's_soul_S' active >>>>>>>
2020-10-06 15:17:19,557 : INFO : EventManager : Event: ======'s_soul_S_active'====== Args={}
2020-10-06 15:17:19,558 : INFO : EventManager : Event: ======'machine_var_audits_switches_s_soul_S'====== Args={'value': 389, 'prev_value': 388, 'change': 1}
2020-10-06 15:17:19,560 : INFO : EventManager : Event: ======'playfield_active'====== Args={}
2020-10-06 15:17:19,561 : INFO : EventManager : Event: ======'player_shot_soul_S'====== Args={'value': 1, 'prev_value': 0, 'change': 1, 'player_num': 1}
2020-10-06 15:17:19,562 : INFO : EventManager : Event: ======'machine_var_audits_shots_soul_S'====== Args={'value': 389, 'prev_value': 388, 'change': 1}
2020-10-06 15:17:19,564 : INFO : EventManager : Event: ======'soul_S_hit'====== Args={'profile': 'default', 'state': 'unlit', 'advancing': True}
2020-10-06 15:17:19,564 : INFO : EventManager : Event: ======'soul_S_default_hit'====== Args={'profile': 'default', 'state': 'unlit', 'advancing': True}
2020-10-06 15:17:19,565 : INFO : EventManager : Event: ======'soul_S_default_unlit_hit'====== Args={'profile': 'default', 'state': 'unlit', 'advancing': True}
2020-10-06 15:17:19,565 : INFO : EventManager : Event: ======'soul_S_unlit_hit'====== Args={'profile': 'default', 'state': 'unlit', 'advancing': True}
2020-10-06 15:17:19,566 : INFO : EventManager : Event: ======'player_score'====== Args={'value': 10, 'prev_value': 0, 'change': 10, 'player_num': 1}
2020-10-06 15:17:19,567 : INFO : EventManager : Event: ======'soul_lanes_hit'====== Args={}
2020-10-06 15:17:19,567 : INFO : EventManager : Event: ======'soul_lanes_unlit_hit'====== Args={}
2020-10-06 15:17:19,751 : INFO : SwitchController : <<<<<<< 's_soul_S' inactive >>>>>>>
2020-10-06 15:17:19,959 : INFO : SwitchController : <<<<<<< 's_soul_O' active >>>>>>>
2020-10-06 15:17:19,960 : INFO : EventManager : Event: ======'s_soul_O_active'====== Args={}
2020-10-06 15:17:19,961 : INFO : EventManager : Event: ======'machine_var_audits_switches_s_soul_O'====== Args={'value': 360, 'prev_value': 359, 'change': 1}
2020-10-06 15:17:19,962 : INFO : EventManager : Event: ======'playfield_active'====== Args={}
2020-10-06 15:17:19,963 : INFO : EventManager : Event: ======'player_shot_soul_O'====== Args={'value': 1, 'prev_value': 0, 'change': 1, 'player_num': 1}
2020-10-06 15:17:19,964 : INFO : EventManager : Event: ======'machine_var_audits_shots_soul_O'====== Args={'value': 355, 'prev_value': 354, 'change': 1}
2020-10-06 15:17:19,966 : INFO : EventManager : Event: ======'soul_O_hit'====== Args={'profile': 'default', 'state': 'unlit', 'advancing': True}
2020-10-06 15:17:19,966 : INFO : EventManager : Event: ======'soul_O_default_hit'====== Args={'profile': 'default', 'state': 'unlit', 'advancing': True}
2020-10-06 15:17:19,967 : INFO : EventManager : Event: ======'soul_O_default_unlit_hit'====== Args={'profile': 'default', 'state': 'unlit', 'advancing': True}
2020-10-06 15:17:19,968 : INFO : EventManager : Event: ======'soul_O_unlit_hit'====== Args={'profile': 'default', 'state': 'unlit', 'advancing': True}
2020-10-06 15:17:19,968 : INFO : EventManager : Event: ======'player_score'====== Args={'value': 20, 'prev_value': 10, 'change': 10, 'player_num': 1}
2020-10-06 15:17:19,969 : INFO : EventManager : Event: ======'soul_lanes_hit'====== Args={}
2020-10-06 15:17:19,970 : INFO : EventManager : Event: ======'soul_lanes_unlit_hit'====== Args={}
2020-10-06 15:17:20,080 : INFO : SwitchController : <<<<<<< 's_soul_O' inactive >>>>>>>
2020-10-06 15:17:20,430 : INFO : SwitchController : <<<<<<< 's_soul_U' active >>>>>>>
2020-10-06 15:17:20,430 : INFO : EventManager : Event: ======'s_soul_U_active'====== Args={}
2020-10-06 15:17:20,431 : INFO : EventManager : Event: ======'machine_var_audits_switches_s_soul_U'====== Args={'value': 352, 'prev_value': 351, 'change': 1}
2020-10-06 15:17:20,433 : INFO : EventManager : Event: ======'playfield_active'====== Args={}
2020-10-06 15:17:20,434 : INFO : EventManager : Event: ======'player_shot_soul_U'====== Args={'value': 1, 'prev_value': 0, 'change': 1, 'player_num': 1}
2020-10-06 15:17:20,435 : INFO : EventManager : Event: ======'machine_var_audits_shots_soul_U'====== Args={'value': 352, 'prev_value': 351, 'change': 1}
2020-10-06 15:17:20,437 : INFO : EventManager : Event: ======'soul_U_hit'====== Args={'profile': 'default', 'state': 'unlit', 'advancing': True}
2020-10-06 15:17:20,437 : INFO : EventManager : Event: ======'soul_U_default_hit'====== Args={'profile': 'default', 'state': 'unlit', 'advancing': True}
2020-10-06 15:17:20,438 : INFO : EventManager : Event: ======'soul_U_default_unlit_hit'====== Args={'profile': 'default', 'state': 'unlit', 'advancing': True}
2020-10-06 15:17:20,439 : INFO : EventManager : Event: ======'soul_U_unlit_hit'====== Args={'profile': 'default', 'state': 'unlit', 'advancing': True}
2020-10-06 15:17:20,439 : INFO : EventManager : Event: ======'player_score'====== Args={'value': 30, 'prev_value': 20, 'change': 10, 'player_num': 1}
2020-10-06 15:17:20,440 : INFO : EventManager : Event: ======'soul_lanes_hit'====== Args={}
2020-10-06 15:17:20,441 : INFO : EventManager : Event: ======'soul_lanes_unlit_hit'====== Args={}
2020-10-06 15:17:20,559 : INFO : SwitchController : <<<<<<< 's_soul_U' inactive >>>>>>>
2020-10-06 15:17:21,413 : INFO : SwitchController : <<<<<<< 's_soul_L' active >>>>>>>
2020-10-06 15:17:21,413 : INFO : EventManager : Event: ======'s_soul_L_active'====== Args={}
2020-10-06 15:17:21,414 : INFO : EventManager : Event: ======'machine_var_audits_switches_s_soul_L'====== Args={'value': 350, 'prev_value': 349, 'change': 1}
2020-10-06 15:17:21,416 : INFO : EventManager : Event: ======'playfield_active'====== Args={}
2020-10-06 15:17:21,416 : INFO : EventManager : Event: ======'player_shot_soul_L'====== Args={'value': 1, 'prev_value': 0, 'change': 1, 'player_num': 1}
2020-10-06 15:17:21,418 : INFO : EventManager : Event: ======'machine_var_audits_shots_soul_L'====== Args={'value': 349, 'prev_value': 348, 'change': 1}
2020-10-06 15:17:21,419 : INFO : EventManager : Event: ======'soul_L_hit'====== Args={'profile': 'default', 'state': 'unlit', 'advancing': True}
2020-10-06 15:17:21,420 : INFO : EventManager : Event: ======'soul_L_default_hit'====== Args={'profile': 'default', 'state': 'unlit', 'advancing': True}
2020-10-06 15:17:21,421 : INFO : EventManager : Event: ======'soul_L_default_unlit_hit'====== Args={'profile': 'default', 'state': 'unlit', 'advancing': True}
2020-10-06 15:17:21,421 : INFO : EventManager : Event: ======'soul_L_unlit_hit'====== Args={'profile': 'default', 'state': 'unlit', 'advancing': True}
2020-10-06 15:17:21,422 : INFO : EventManager : Event: ======'player_score'====== Args={'value': 40, 'prev_value': 30, 'change': 10, 'player_num': 1}
2020-10-06 15:17:21,423 : INFO : EventManager : Event: ======'soul_lanes_complete'====== Args={'state': 'lit'}
2020-10-06 15:17:21,423 : INFO : EventManager : Event: ======'soul_lanes_lit_complete'====== Args={}
2020-10-06 15:17:21,424 : INFO : EventManager : Event: ======'soul_lanes_hit'====== Args={}
2020-10-06 15:17:21,425 : INFO : EventManager : Event: ======'soul_lanes_unlit_hit'====== Args={}
2020-10-06 15:17:21,425 : INFO : EventManager : Event: ======'player_score'====== Args={'value': 1040, 'prev_value': 40, 'change': 1000, 'player_num': 1}
2020-10-06 15:17:21,427 : INFO : EventManager : Event: ======'logicblock_contarct_counter_updated'====== Args={'value': 2, 'enabled': True}
2020-10-06 15:17:21,429 : INFO : EventManager : Event: ======'soul_lanes_done'====== Args={'count': 2}
2020-10-06 15:17:21,431 : INFO : EventManager : Event: ======'player_bonus_multiplier'====== Args={'value': 1, 'prev_value': 0, 'change': 1, 'player_num': 1}
2020-10-06 15:17:21,520 : INFO : SwitchController : <<<<<<< 's_soul_L' inactive >>>>>>>
2020-10-06 15:17:22,432 : INFO : EventManager : Event: ======'player_shot_soul_S'====== Args={'value': 0, 'prev_value': 1, 'change': -1, 'player_num': 1}
2020-10-06 15:17:22,434 : INFO : EventManager : Event: ======'player_shot_soul_O'====== Args={'value': 0, 'prev_value': 1, 'change': -1, 'player_num': 1}
2020-10-06 15:17:22,436 : INFO : EventManager : Event: ======'player_shot_soul_U'====== Args={'value': 0, 'prev_value': 1, 'change': -1, 'player_num': 1}
2020-10-06 15:17:22,438 : INFO : EventManager : Event: ======'player_shot_soul_L'====== Args={'value': 0, 'prev_value': 1, 'change': -1, 'player_num': 1}
2020-10-06 15:17:31,140 : INFO : SwitchController : <<<<<<< 's_plunger' inactive >>>>>>>
2020-10-06 15:17:31,160 : INFO : ball_device.bd_plunger : State: ball_left
2020-10-06 15:17:31,161 : INFO : ball_device.bd_plunger : Ball left
2020-10-06 15:17:31,161 : INFO : ball_device.bd_plunger : Wait for confirm with timeout 10.0
2020-10-06 15:17:33,672 : INFO : SwitchController : <<<<<<< 's_exit_shooter_lane' active >>>>>>>
2020-10-06 15:17:33,672 : INFO : EventManager : Event: ======'sw_playfield_active'====== Args={}
2020-10-06 15:17:33,673 : INFO : EventManager : Event: ======'machine_var_audits_switches_s_exit_shooter_lane'====== Args={'value': 416, 'prev_value': 415, 'change': 1}
2020-10-06 15:17:33,681 : INFO : EventManager : Event: ======'playfield_active'====== Args={}
2020-10-06 15:17:33,709 : INFO : ball_device.bd_plunger : Got eject confirm
2020-10-06 15:17:33,709 : INFO : ball_device.bd_plunger : Eject successful
2020-10-06 15:17:33,709 : INFO : EventManager : Event: ======'balldevice_bd_plunger_ball_eject_success'====== Args={'balls': 1, 'target': <playfield.playfield>}
2020-10-06 15:17:33,710 : INFO : EventManager : Event: ======'balldevice_playfield_ball_enter'====== Args={'new_balls': 1, 'unclaimed_balls': 1, 'device': <playfield.playfield>}
2020-10-06 15:17:33,710 : INFO : EventManager : Event: ======'playfield_ball_count_change'====== Args={'balls': 1, 'change': 1}
2020-10-06 15:17:33,711 : INFO : EventManager : Event: ======'balldevice_bd_plunger_ball_count_changed'====== Args={'balls': 0}
2020-10-06 15:17:33,712 : INFO : ball_device.bd_plunger : State: idle
2020-10-06 15:17:34,006 : INFO : SwitchController : <<<<<<< 's_exit_shooter_lane' inactive >>>>>>>
2020-10-06 15:17:37,351 : INFO : SwitchController : <<<<<<< 's_dt_C' active >>>>>>>
2020-10-06 15:17:37,351 : INFO : EventManager : Event: ======'s_dt_C_active'====== Args={}
2020-10-06 15:17:37,353 : INFO : EventManager : Event: ======'drop_target_cup_C_down'====== Args={'device': <drop_target.cup_C>}
2020-10-06 15:17:37,357 : INFO : EventManager : Event: ======'drop_target_bank_cup_bank_mixed'====== Args={'down': 1}
2020-10-06 15:17:37,361 : INFO : EventManager : Event: ======'machine_var_audits_switches_s_dt_C'====== Args={'value': 225, 'prev_value': 224, 'change': 1}
2020-10-06 15:17:37,363 : INFO : EventManager : Event: ======'player_score'====== Args={'value': 1140, 'prev_value': 1040, 'change': 100, 'player_num': 1}
2020-10-06 15:17:39,136 : INFO : SwitchController : <<<<<<< 's_dt_U' active >>>>>>>
2020-10-06 15:17:39,136 : INFO : EventManager : Event: ======'s_dt_U_active'====== Args={}
2020-10-06 15:17:39,138 : INFO : EventManager : Event: ======'drop_target_cup_U_down'====== Args={'device': <drop_target.cup_U>}
2020-10-06 15:17:39,141 : INFO : EventManager : Event: ======'drop_target_bank_cup_bank_mixed'====== Args={'down': 2}
2020-10-06 15:17:39,141 : INFO : EventManager : Event: ======'machine_var_audits_switches_s_dt_U'====== Args={'value': 215, 'prev_value': 214, 'change': 1}
2020-10-06 15:17:39,142 : INFO : EventManager : Event: ======'player_score'====== Args={'value': 1240, 'prev_value': 1140, 'change': 100, 'player_num': 1}
2020-10-06 15:17:40,551 : INFO : SwitchController : <<<<<<< 's_dt_P' active >>>>>>>
2020-10-06 15:17:40,551 : INFO : EventManager : Event: ======'s_dt_P_active'====== Args={}
2020-10-06 15:17:40,552 : INFO : EventManager : Event: ======'drop_target_cup_P_down'====== Args={'device': <drop_target.cup_P>}
2020-10-06 15:17:40,555 : INFO : EventManager : Event: ======'drop_target_bank_cup_bank_down'====== Args={}
2020-10-06 15:17:40,556 : INFO : EventManager : Event: ======'machine_var_audits_switches_s_dt_P'====== Args={'value': 200, 'prev_value': 199, 'change': 1}
2020-10-06 15:17:40,563 : INFO : EventManager : Event: ======'player_score'====== Args={'value': 1340, 'prev_value': 1240, 'change': 100, 'player_num': 1}
2020-10-06 15:17:40,568 : INFO : EventManager : Event: ======'player_contracts'====== Args={'value': 1, 'prev_value': 0, 'change': 1, 'player_num': 1}
2020-10-06 15:17:40,574 : INFO : EventManager : Event: ======'logicblock_bonus_updated'====== Args={'value': 1, 'enabled': True}
2020-10-06 15:17:40,574 : INFO : EventManager : Event: ======'bank_done'====== Args={'count': 1, 'remaining': 9}
2020-10-06 15:17:40,576 : INFO : drop_target_bank.cup_bank : 3 targets are down. Will reset those.
2020-10-06 15:17:40,577 : INFO : coil.c_dt_reset_CUP : Pulsing Driver for 10ms (1.0 pulse_power)
2020-10-06 15:17:40,648 : INFO : SwitchController : <<<<<<< 's_dt_C' inactive >>>>>>>
2020-10-06 15:17:40,649 : INFO : SwitchController : <<<<<<< 's_dt_U' inactive >>>>>>>
2020-10-06 15:17:40,650 : INFO : SwitchController : <<<<<<< 's_dt_P' inactive >>>>>>>
2020-10-06 15:17:41,052 : INFO : drop_target_bank.cup_bank : 3 targets are down. Will reset those.
2020-10-06 15:17:41,052 : INFO : coil.c_dt_reset_CUP : Pulsing Driver for 10ms (1.0 pulse_power)
2020-10-06 15:17:41,070 : INFO : EventManager : Event: ======'drop_target_cup_P_up'====== Args={'device': <drop_target.cup_P>}
2020-10-06 15:17:41,071 : INFO : EventManager : Event: ======'drop_target_cup_U_up'====== Args={'device': <drop_target.cup_U>}
2020-10-06 15:17:41,071 : INFO : EventManager : Event: ======'drop_target_cup_C_up'====== Args={'device': <drop_target.cup_C>}
2020-10-06 15:17:41,112 : WARNING : SwitchController : Received duplicate switch state 0 for switch s_dt_C from the platform interface. Log Code: Log-SwitchController-1 (https://docs.missionpinball.org/en/dev/logs/Log-SwitchController-1.html)
2020-10-06 15:17:41,112 : WARNING : SwitchController : Received duplicate switch state 0 for switch s_dt_U from the platform interface. Log Code: Log-SwitchController-1 (https://docs.missionpinball.org/en/dev/logs/Log-SwitchController-1.html)
2020-10-06 15:17:41,112 : WARNING : SwitchController : Received duplicate switch state 0 for switch s_dt_P from the platform interface. Log Code: Log-SwitchController-1 (https://docs.missionpinball.org/en/dev/logs/Log-SwitchController-1.html)
2020-10-06 15:17:41,560 : INFO : EventManager : Event: ======'restore'====== Args={}
2020-10-06 15:17:41,561 : INFO : EventManager : Event: ======'drop_target_bank_cup_bank_up'====== Args={}
2020-10-06 15:17:42,021 : INFO : SwitchController : <<<<<<< 's_dt_M' active >>>>>>>
2020-10-06 15:17:42,022 : INFO : EventManager : Event: ======'s_dt_M_active'====== Args={}
2020-10-06 15:17:42,024 : INFO : EventManager : Event: ======'drop_target_mug_M_down'====== Args={'device': <drop_target.mug_M>}
2020-10-06 15:17:42,025 : INFO : EventManager : Event: ======'drop_target_bank_mug_bank_mixed'====== Args={'down': 1}
2020-10-06 15:17:42,026 : INFO : EventManager : Event: ======'machine_var_audits_switches_s_dt_M'====== Args={'value': 65, 'prev_value': 64, 'change': 1}
2020-10-06 15:17:42,038 : INFO : EventManager : Event: ======'player_score'====== Args={'value': 1440, 'prev_value': 1340, 'change': 100, 'player_num': 1}
2020-10-06 15:17:43,383 : INFO : SwitchController : <<<<<<< 's_dt_U2' active >>>>>>>
2020-10-06 15:17:43,383 : INFO : EventManager : Event: ======'s_dt_U2_active'====== Args={}
2020-10-06 15:17:43,384 : INFO : EventManager : Event: ======'drop_target_mug_U_down'====== Args={'device': <drop_target.mug_U>}
2020-10-06 15:17:43,386 : INFO : EventManager : Event: ======'drop_target_bank_mug_bank_mixed'====== Args={'down': 2}
2020-10-06 15:17:43,386 : INFO : EventManager : Event: ======'machine_var_audits_switches_s_dt_U2'====== Args={'value': 57, 'prev_value': 56, 'change': 1}
2020-10-06 15:17:43,400 : INFO : EventManager : Event: ======'player_score'====== Args={'value': 1540, 'prev_value': 1440, 'change': 100, 'player_num': 1}
2020-10-06 15:17:44,714 : INFO : SwitchController : <<<<<<< 's_dt_G' active >>>>>>>
2020-10-06 15:17:44,714 : INFO : EventManager : Event: ======'s_dt_G_active'====== Args={}
2020-10-06 15:17:44,715 : INFO : EventManager : Event: ======'drop_target_mug_G_down'====== Args={'device': <drop_target.mug_G>}
2020-10-06 15:17:44,717 : INFO : EventManager : Event: ======'drop_target_bank_mug_bank_down'====== Args={}
2020-10-06 15:17:44,718 : INFO : EventManager : Event: ======'machine_var_audits_switches_s_dt_G'====== Args={'value': 64, 'prev_value': 63, 'change': 1}
2020-10-06 15:17:44,726 : INFO : EventManager : Event: ======'player_score'====== Args={'value': 1640, 'prev_value': 1540, 'change': 100, 'player_num': 1}
2020-10-06 15:17:44,733 : INFO : EventManager : Event: ======'player_contracts'====== Args={'value': 2, 'prev_value': 1, 'change': 1, 'player_num': 1}
2020-10-06 15:17:44,734 : INFO : EventManager : Event: ======'logicblock_bonus_updated'====== Args={'value': 2, 'enabled': True}
2020-10-06 15:17:44,735 : INFO : EventManager : Event: ======'bank_done'====== Args={'count': 2, 'remaining': 8}
2020-10-06 15:17:44,737 : INFO : drop_target_bank.mug_bank : 3 targets are down. Will reset those.
2020-10-06 15:17:44,738 : INFO : coil.c_dt_reset_MUG : Pulsing Driver for 10ms (1.0 pulse_power)
2020-10-06 15:17:44,784 : INFO : SwitchController : <<<<<<< 's_dt_M' inactive >>>>>>>
2020-10-06 15:17:44,785 : INFO : SwitchController : <<<<<<< 's_dt_U2' inactive >>>>>>>
2020-10-06 15:17:44,785 : INFO : SwitchController : <<<<<<< 's_dt_G' inactive >>>>>>>
2020-10-06 15:17:45,198 : INFO : drop_target_bank.mug_bank : 3 targets are down. Will reset those.
2020-10-06 15:17:45,198 : INFO : coil.c_dt_reset_MUG : Pulsing Driver for 10ms (1.0 pulse_power)
2020-10-06 15:17:45,239 : INFO : EventManager : Event: ======'drop_target_mug_M_up'====== Args={'device': <drop_target.mug_M>}
2020-10-06 15:17:45,240 : INFO : EventManager : Event: ======'drop_target_mug_U_up'====== Args={'device': <drop_target.mug_U>}
2020-10-06 15:17:45,241 : INFO : EventManager : Event: ======'drop_target_mug_G_up'====== Args={'device': <drop_target.mug_G>}
2020-10-06 15:17:45,241 : WARNING : SwitchController : Received duplicate switch state 0 for switch s_dt_M from the platform interface. Log Code: Log-SwitchController-1 (https://docs.missionpinball.org/en/dev/logs/Log-SwitchController-1.html)
2020-10-06 15:17:45,241 : WARNING : SwitchController : Received duplicate switch state 0 for switch s_dt_U2 from the platform interface. Log Code: Log-SwitchController-1 (https://docs.missionpinball.org/en/dev/logs/Log-SwitchController-1.html)
2020-10-06 15:17:45,241 : WARNING : SwitchController : Received duplicate switch state 0 for switch s_dt_G from the platform interface. Log Code: Log-SwitchController-1 (https://docs.missionpinball.org/en/dev/logs/Log-SwitchController-1.html)
2020-10-06 15:17:45,703 : INFO : EventManager : Event: ======'restore'====== Args={}
2020-10-06 15:17:45,704 : INFO : EventManager : Event: ======'drop_target_bank_mug_bank_up'====== Args={}
2020-10-06 15:17:46,423 : INFO : SwitchController : <<<<<<< 's_dt_C' active >>>>>>>
2020-10-06 15:17:46,423 : INFO : EventManager : Event: ======'s_dt_C_active'====== Args={}
2020-10-06 15:17:46,424 : INFO : EventManager : Event: ======'drop_target_cup_C_down'====== Args={'device': <drop_target.cup_C>}
2020-10-06 15:17:46,425 : INFO : EventManager : Event: ======'drop_target_bank_cup_bank_mixed'====== Args={'down': 1}
2020-10-06 15:17:46,426 : INFO : EventManager : Event: ======'machine_var_audits_switches_s_dt_C'====== Args={'value': 226, 'prev_value': 225, 'change': 1}
2020-10-06 15:17:46,434 : INFO : EventManager : Event: ======'player_score'====== Args={'value': 1740, 'prev_value': 1640, 'change': 100, 'player_num': 1}
2020-10-06 15:17:47,992 : INFO : SwitchController : <<<<<<< 's_dt_U' active >>>>>>>
2020-10-06 15:17:47,992 : INFO : EventManager : Event: ======'s_dt_U_active'====== Args={}
2020-10-06 15:17:47,993 : INFO : EventManager : Event: ======'drop_target_cup_U_down'====== Args={'device': <drop_target.cup_U>}
2020-10-06 15:17:47,995 : INFO : EventManager : Event: ======'drop_target_bank_cup_bank_mixed'====== Args={'down': 2}
2020-10-06 15:17:47,995 : INFO : EventManager : Event: ======'machine_var_audits_switches_s_dt_U'====== Args={'value': 216, 'prev_value': 215, 'change': 1}
2020-10-06 15:17:47,997 : INFO : EventManager : Event: ======'player_score'====== Args={'value': 1840, 'prev_value': 1740, 'change': 100, 'player_num': 1}
2020-10-06 15:17:49,260 : INFO : SwitchController : <<<<<<< 's_dt_P' active >>>>>>>
2020-10-06 15:17:49,261 : INFO : EventManager : Event: ======'s_dt_P_active'====== Args={}
2020-10-06 15:17:49,262 : INFO : EventManager : Event: ======'drop_target_cup_P_down'====== Args={'device': <drop_target.cup_P>}
2020-10-06 15:17:49,263 : INFO : EventManager : Event: ======'drop_target_bank_cup_bank_down'====== Args={}
2020-10-06 15:17:49,264 : INFO : EventManager : Event: ======'machine_var_audits_switches_s_dt_P'====== Args={'value': 201, 'prev_value': 200, 'change': 1}
2020-10-06 15:17:49,266 : INFO : EventManager : Event: ======'player_score'====== Args={'value': 1940, 'prev_value': 1840, 'change': 100, 'player_num': 1}
2020-10-06 15:17:49,267 : INFO : EventManager : Event: ======'player_contracts'====== Args={'value': 3, 'prev_value': 2, 'change': 1, 'player_num': 1}
2020-10-06 15:17:49,268 : INFO : EventManager : Event: ======'logicblock_bonus_updated'====== Args={'value': 3, 'enabled': True}
2020-10-06 15:17:49,269 : INFO : EventManager : Event: ======'bank_done'====== Args={'count': 3, 'remaining': 7}
2020-10-06 15:17:49,271 : INFO : drop_target_bank.cup_bank : 3 targets are down. Will reset those.
2020-10-06 15:17:49,272 : INFO : coil.c_dt_reset_CUP : Pulsing Driver for 10ms (1.0 pulse_power)
2020-10-06 15:17:49,316 : INFO : SwitchController : <<<<<<< 's_dt_C' inactive >>>>>>>
2020-10-06 15:17:49,317 : INFO : SwitchController : <<<<<<< 's_dt_U' inactive >>>>>>>
2020-10-06 15:17:49,317 : INFO : SwitchController : <<<<<<< 's_dt_P' inactive >>>>>>>
2020-10-06 15:17:49,748 : INFO : drop_target_bank.cup_bank : 3 targets are down. Will reset those.
2020-10-06 15:17:49,749 : INFO : coil.c_dt_reset_CUP : Pulsing Driver for 10ms (1.0 pulse_power)
2020-10-06 15:17:49,767 : INFO : EventManager : Event: ======'drop_target_cup_C_up'====== Args={'device': <drop_target.cup_C>}
2020-10-06 15:17:49,768 : INFO : EventManager : Event: ======'drop_target_cup_P_up'====== Args={'device': <drop_target.cup_P>}
2020-10-06 15:17:49,768 : INFO : EventManager : Event: ======'drop_target_cup_U_up'====== Args={'device': <drop_target.cup_U>}
2020-10-06 15:17:49,789 : WARNING : SwitchController : Received duplicate switch state 0 for switch s_dt_C from the platform interface. Log Code: Log-SwitchController-1 (https://docs.missionpinball.org/en/dev/logs/Log-SwitchController-1.html)
2020-10-06 15:17:49,789 : WARNING : SwitchController : Received duplicate switch state 0 for switch s_dt_U from the platform interface. Log Code: Log-SwitchController-1 (https://docs.missionpinball.org/en/dev/logs/Log-SwitchController-1.html)
2020-10-06 15:17:49,789 : WARNING : SwitchController : Received duplicate switch state 0 for switch s_dt_P from the platform interface. Log Code: Log-SwitchController-1 (https://docs.missionpinball.org/en/dev/logs/Log-SwitchController-1.html)
2020-10-06 15:17:50,237 : INFO : EventManager : Event: ======'restore'====== Args={}
2020-10-06 15:17:50,239 : INFO : EventManager : Event: ======'drop_target_bank_cup_bank_up'====== Args={}
2020-10-06 15:17:51,103 : INFO : SwitchController : <<<<<<< 's_dt_M' active >>>>>>>
2020-10-06 15:17:51,103 : INFO : EventManager : Event: ======'s_dt_M_active'====== Args={}
2020-10-06 15:17:51,104 : INFO : EventManager : Event: ======'drop_target_mug_M_down'====== Args={'device': <drop_target.mug_M>}
2020-10-06 15:17:51,106 : INFO : EventManager : Event: ======'drop_target_bank_mug_bank_mixed'====== Args={'down': 1}
2020-10-06 15:17:51,106 : INFO : EventManager : Event: ======'machine_var_audits_switches_s_dt_M'====== Args={'value': 66, 'prev_value': 65, 'change': 1}
2020-10-06 15:17:51,108 : INFO : EventManager : Event: ======'player_score'====== Args={'value': 2040, 'prev_value': 1940, 'change': 100, 'player_num': 1}
2020-10-06 15:17:52,414 : INFO : SwitchController : <<<<<<< 's_dt_U2' active >>>>>>>
2020-10-06 15:17:52,414 : INFO : EventManager : Event: ======'s_dt_U2_active'====== Args={}
2020-10-06 15:17:52,415 : INFO : EventManager : Event: ======'drop_target_mug_U_down'====== Args={'device': <drop_target.mug_U>}
2020-10-06 15:17:52,417 : INFO : EventManager : Event: ======'drop_target_bank_mug_bank_mixed'====== Args={'down': 2}
2020-10-06 15:17:52,419 : INFO : EventManager : Event: ======'machine_var_audits_switches_s_dt_U2'====== Args={'value': 58, 'prev_value': 57, 'change': 1}
2020-10-06 15:17:52,421 : INFO : EventManager : Event: ======'player_score'====== Args={'value': 2140, 'prev_value': 2040, 'change': 100, 'player_num': 1}
2020-10-06 15:17:53,607 : INFO : SwitchController : <<<<<<< 's_dt_G' active >>>>>>>
2020-10-06 15:17:53,607 : INFO : EventManager : Event: ======'s_dt_G_active'====== Args={}
2020-10-06 15:17:53,608 : INFO : EventManager : Event: ======'drop_target_mug_G_down'====== Args={'device': <drop_target.mug_G>}
2020-10-06 15:17:53,611 : INFO : EventManager : Event: ======'drop_target_bank_mug_bank_down'====== Args={}
2020-10-06 15:17:53,612 : INFO : EventManager : Event: ======'machine_var_audits_switches_s_dt_G'====== Args={'value': 65, 'prev_value': 64, 'change': 1}
2020-10-06 15:17:53,613 : INFO : EventManager : Event: ======'player_score'====== Args={'value': 2240, 'prev_value': 2140, 'change': 100, 'player_num': 1}
2020-10-06 15:17:53,614 : INFO : EventManager : Event: ======'player_contracts'====== Args={'value': 4, 'prev_value': 3, 'change': 1, 'player_num': 1}
2020-10-06 15:17:53,615 : INFO : EventManager : Event: ======'logicblock_bonus_updated'====== Args={'value': 4, 'enabled': True}
2020-10-06 15:17:53,615 : INFO : EventManager : Event: ======'bank_done'====== Args={'count': 4, 'remaining': 6}
2020-10-06 15:17:53,617 : INFO : drop_target_bank.mug_bank : 3 targets are down. Will reset those.
2020-10-06 15:17:53,618 : INFO : coil.c_dt_reset_MUG : Pulsing Driver for 10ms (1.0 pulse_power)
2020-10-06 15:17:53,670 : INFO : SwitchController : <<<<<<< 's_dt_M' inactive >>>>>>>
2020-10-06 15:17:53,671 : INFO : SwitchController : <<<<<<< 's_dt_U2' inactive >>>>>>>
2020-10-06 15:17:53,671 : INFO : SwitchController : <<<<<<< 's_dt_G' inactive >>>>>>>
2020-10-06 15:17:54,111 : INFO : drop_target_bank.mug_bank : 3 targets are down. Will reset those.
2020-10-06 15:17:54,111 : INFO : coil.c_dt_reset_MUG : Pulsing Driver for 10ms (1.0 pulse_power)
2020-10-06 15:17:54,112 : INFO : EventManager : Event: ======'drop_target_mug_G_up'====== Args={'device': <drop_target.mug_G>}
2020-10-06 15:17:54,112 : INFO : EventManager : Event: ======'drop_target_mug_M_up'====== Args={'device': <drop_target.mug_M>}
2020-10-06 15:17:54,113 : INFO : EventManager : Event: ======'drop_target_mug_U_up'====== Args={'device': <drop_target.mug_U>}
2020-10-06 15:17:54,173 : WARNING : SwitchController : Received duplicate switch state 0 for switch s_dt_M from the platform interface. Log Code: Log-SwitchController-1 (https://docs.missionpinball.org/en/dev/logs/Log-SwitchController-1.html)
2020-10-06 15:17:54,173 : WARNING : SwitchController : Received duplicate switch state 0 for switch s_dt_U2 from the platform interface. Log Code: Log-SwitchController-1 (https://docs.missionpinball.org/en/dev/logs/Log-SwitchController-1.html)
2020-10-06 15:17:54,173 : WARNING : SwitchController : Received duplicate switch state 0 for switch s_dt_G from the platform interface. Log Code: Log-SwitchController-1 (https://docs.missionpinball.org/en/dev/logs/Log-SwitchController-1.html)
2020-10-06 15:17:54,612 : INFO : EventManager : Event: ======'restore'====== Args={}
2020-10-06 15:17:54,614 : INFO : EventManager : Event: ======'drop_target_bank_mug_bank_up'====== Args={}
2020-10-06 15:17:55,781 : INFO : SwitchController : <<<<<<< 's_dt_C' active >>>>>>>
2020-10-06 15:17:55,781 : INFO : EventManager : Event: ======'s_dt_C_active'====== Args={}
2020-10-06 15:17:55,782 : INFO : EventManager : Event: ======'drop_target_cup_C_down'====== Args={'device': <drop_target.cup_C>}
2020-10-06 15:17:55,784 : INFO : EventManager : Event: ======'drop_target_bank_cup_bank_mixed'====== Args={'down': 1}
2020-10-06 15:17:55,784 : INFO : EventManager : Event: ======'machine_var_audits_switches_s_dt_C'====== Args={'value': 227, 'prev_value': 226, 'change': 1}
2020-10-06 15:17:55,792 : INFO : EventManager : Event: ======'player_score'====== Args={'value': 2340, 'prev_value': 2240, 'change': 100, 'player_num': 1}
2020-10-06 15:17:56,836 : INFO : SwitchController : <<<<<<< 's_dt_U' active >>>>>>>
2020-10-06 15:17:56,836 : INFO : EventManager : Event: ======'s_dt_U_active'====== Args={}
2020-10-06 15:17:56,839 : INFO : EventManager : Event: ======'drop_target_cup_U_down'====== Args={'device': <drop_target.cup_U>}
2020-10-06 15:17:56,843 : INFO : EventManager : Event: ======'drop_target_bank_cup_bank_mixed'====== Args={'down': 2}
2020-10-06 15:17:56,844 : INFO : EventManager : Event: ======'machine_var_audits_switches_s_dt_U'====== Args={'value': 217, 'prev_value': 216, 'change': 1}
2020-10-06 15:17:56,851 : INFO : EventManager : Event: ======'player_score'====== Args={'value': 2440, 'prev_value': 2340, 'change': 100, 'player_num': 1}
2020-10-06 15:17:57,953 : INFO : SwitchController : <<<<<<< 's_dt_P' active >>>>>>>
2020-10-06 15:17:57,953 : INFO : EventManager : Event: ======'s_dt_P_active'====== Args={}
2020-10-06 15:17:57,954 : INFO : EventManager : Event: ======'drop_target_cup_P_down'====== Args={'device': <drop_target.cup_P>}
2020-10-06 15:17:57,956 : INFO : EventManager : Event: ======'drop_target_bank_cup_bank_down'====== Args={}
2020-10-06 15:17:57,957 : INFO : EventManager : Event: ======'machine_var_audits_switches_s_dt_P'====== Args={'value': 202, 'prev_value': 201, 'change': 1}
2020-10-06 15:17:57,959 : INFO : EventManager : Event: ======'player_score'====== Args={'value': 2540, 'prev_value': 2440, 'change': 100, 'player_num': 1}
2020-10-06 15:17:57,960 : INFO : EventManager : Event: ======'player_contracts'====== Args={'value': 5, 'prev_value': 4, 'change': 1, 'player_num': 1}
2020-10-06 15:17:57,961 : INFO : EventManager : Event: ======'logicblock_bonus_updated'====== Args={'value': 5, 'enabled': True}
2020-10-06 15:17:57,961 : INFO : EventManager : Event: ======'bank_done'====== Args={'count': 5, 'remaining': 5}
2020-10-06 15:17:57,963 : INFO : drop_target_bank.cup_bank : 3 targets are down. Will reset those.
2020-10-06 15:17:57,963 : INFO : coil.c_dt_reset_CUP : Pulsing Driver for 10ms (1.0 pulse_power)
2020-10-06 15:17:58,013 : INFO : SwitchController : <<<<<<< 's_dt_C' inactive >>>>>>>
2020-10-06 15:17:58,014 : INFO : SwitchController : <<<<<<< 's_dt_U' inactive >>>>>>>
2020-10-06 15:17:58,014 : INFO : SwitchController : <<<<<<< 's_dt_P' inactive >>>>>>>
2020-10-06 15:17:58,448 : INFO : EventManager : Event: ======'restore'====== Args={}
2020-10-06 15:17:58,449 : INFO : EventManager : Event: ======'drop_target_bank_cup_bank_down'====== Args={}
2020-10-06 15:17:58,450 : INFO : EventManager : Event: ======'player_contracts'====== Args={'value': 6, 'prev_value': 5, 'change': 1, 'player_num': 1}
2020-10-06 15:17:58,451 : INFO : EventManager : Event: ======'logicblock_bonus_updated'====== Args={'value': 6, 'enabled': True}
2020-10-06 15:17:58,452 : INFO : EventManager : Event: ======'bank_done'====== Args={'count': 6, 'remaining': 4}
2020-10-06 15:17:58,454 : INFO : drop_target_bank.cup_bank : 3 targets are down. Will reset those.
2020-10-06 15:17:58,454 : INFO : coil.c_dt_reset_CUP : Pulsing Driver for 10ms (1.0 pulse_power)
2020-10-06 15:17:58,455 : INFO : EventManager : Event: ======'drop_target_cup_U_up'====== Args={'device': <drop_target.cup_U>}
2020-10-06 15:17:58,456 : INFO : EventManager : Event: ======'drop_target_cup_P_up'====== Args={'device': <drop_target.cup_P>}
2020-10-06 15:17:58,457 : INFO : EventManager : Event: ======'drop_target_cup_C_up'====== Args={'device': <drop_target.cup_C>}
2020-10-06 15:17:58,457 : INFO : drop_target_bank.cup_bank : 3 targets are down. Will reset those.
2020-10-06 15:17:58,479 : INFO : coil.c_dt_reset_CUP : Pulsing Driver for 10ms (1.0 pulse_power)
2020-10-06 15:17:58,500 : WARNING : SwitchController : Received duplicate switch state 0 for switch s_dt_C from the platform interface. Log Code: Log-SwitchController-1 (https://docs.missionpinball.org/en/dev/logs/Log-SwitchController-1.html)
2020-10-06 15:17:58,500 : WARNING : SwitchController : Received duplicate switch state 0 for switch s_dt_U from the platform interface. Log Code: Log-SwitchController-1 (https://docs.missionpinball.org/en/dev/logs/Log-SwitchController-1.html)
2020-10-06 15:17:58,500 : WARNING : SwitchController : Received duplicate switch state 0 for switch s_dt_P from the platform interface. Log Code: Log-SwitchController-1 (https://docs.missionpinball.org/en/dev/logs/Log-SwitchController-1.html)
2020-10-06 15:17:58,520 : WARNING : SwitchController : Received duplicate switch state 0 for switch s_dt_C from the platform interface. Log Code: Log-SwitchController-1 (https://docs.missionpinball.org/en/dev/logs/Log-SwitchController-1.html)
2020-10-06 15:17:58,520 : WARNING : SwitchController : Received duplicate switch state 0 for switch s_dt_U from the platform interface. Log Code: Log-SwitchController-1 (https://docs.missionpinball.org/en/dev/logs/Log-SwitchController-1.html)
2020-10-06 15:17:58,520 : WARNING : SwitchController : Received duplicate switch state 0 for switch s_dt_P from the platform interface. Log Code: Log-SwitchController-1 (https://docs.missionpinball.org/en/dev/logs/Log-SwitchController-1.html)
2020-10-06 15:17:58,951 : INFO : drop_target_bank.cup_bank : 3 targets are down. Will reset those.
2020-10-06 15:17:58,951 : INFO : coil.c_dt_reset_CUP : Pulsing Driver for 10ms (1.0 pulse_power)
2020-10-06 15:17:58,992 : WARNING : SwitchController : Received duplicate switch state 0 for switch s_dt_C from the platform interface. Log Code: Log-SwitchController-1 (https://docs.missionpinball.org/en/dev/logs/Log-SwitchController-1.html)
2020-10-06 15:17:58,992 : WARNING : SwitchController : Received duplicate switch state 0 for switch s_dt_U from the platform interface. Log Code: Log-SwitchController-1 (https://docs.missionpinball.org/en/dev/logs/Log-SwitchController-1.html)
2020-10-06 15:17:58,992 : WARNING : SwitchController : Received duplicate switch state 0 for switch s_dt_P from the platform interface. Log Code: Log-SwitchController-1 (https://docs.missionpinball.org/en/dev/logs/Log-SwitchController-1.html)
2020-10-06 15:17:59,446 : INFO : EventManager : Event: ======'restore'====== Args={}
2020-10-06 15:17:59,447 : INFO : EventManager : Event: ======'drop_target_bank_cup_bank_up'====== Args={}
2020-10-06 15:18:13,053 : INFO : SwitchController : <<<<<<< 's_trough1' active >>>>>>>
2020-10-06 15:18:13,054 : INFO : EventManager : Event: ======'machine_var_audits_switches_s_trough1'====== Args={'value': 601, 'prev_value': 600, 'change': 1}
2020-10-06 15:18:13,551 : INFO : EventManager : Event: ======'balldevice_bd_trough_ball_count_changed'====== Args={'balls': 2}
2020-10-06 15:18:13,552 : INFO : ball_device.bd_trough : Received unexpected ball
2020-10-06 15:18:13,552 : INFO : EventManager : Event: ======'balldevice_captured_from_playfield'====== Args={'balls': 1}
2020-10-06 15:18:13,553 : INFO : EventManager : Event: ======'sw_playfield_active'====== Args={'balls': 1}
2020-10-06 15:18:13,554 : INFO : EventManager : Event: ======'playfield_ball_count_change'====== Args={'balls': 0, 'change': -1}
2020-10-06 15:18:13,555 : INFO : EventManager : Event: ======'balldevice_bd_trough_ball_enter'====== Args={'new_balls': 1, 'unclaimed_balls': 1, 'new_available_balls': 1, 'device': <ball_device.bd_trough>}
2020-10-06 15:18:13,556 : INFO : EventManager : Event: ======'ball_drain'====== Args={'device': <ball_device.bd_trough>, 'balls': 1}
2020-10-06 15:18:13,557 : INFO : EventManager : Event: ======'ball_will_end'====== Args={}
2020-10-06 15:18:13,558 : INFO : EventManager : Event: ======'balldevice_balls_available'====== Args={}
2020-10-06 15:18:13,558 : INFO : EventManager : Event: ======'balldevice_bd_trough_ball_entered'====== Args={'new_balls': 1, 'device': <ball_device.bd_trough>}
2020-10-06 15:18:13,561 : INFO : EventManager : Event: ======'ball_ending'====== Args={}
2020-10-06 15:18:13,562 : INFO : EventManager : Event: ======'mode_bonus_will_start'====== Args={'queue': <QueuedEvent>}
2020-10-06 15:18:13,565 : INFO : EventManager : Event: ======'mode_bonus_starting'====== Args={'queue': <QueuedEvent>}
2020-10-06 15:18:13,566 : INFO : Mode.bonus : Started. Priority: 500
2020-10-06 15:18:13,566 : INFO : EventManager : Event: ======'modes_active_modes_changed'====== Args={}
2020-10-06 15:18:13,567 : INFO : EventManager : Event: ======'mode_bonus_started'====== Args={'queue': <QueuedEvent>}
2020-10-06 15:18:13,568 : INFO : Timer.bonusCountDown : Starting Timer.
2020-10-06 15:18:13,569 : INFO : EventManager : Event: ======'timer_bonusCountDown_started'====== Args={'ticks': 6, 'ticks_remaining': 6}
2020-10-06 15:18:13,570 : INFO : EventManager : Event: ======'timer_bonusCountDown_tick'====== Args={'ticks': 6, 'ticks_remaining': 6}
2020-10-06 15:18:13,570 : INFO : EventManager : Event: ======'player_contracts'====== Args={'value': 5, 'prev_value': 6, 'change': -1, 'player_num': 1}
2020-10-06 15:18:13,571 : INFO : EventManager : Event: ======'bonus_start'====== Args={}
2020-10-06 15:18:15,068 : INFO : EventManager : Event: ======'player_bonus_bonusCountDown_tick'====== Args={'value': 5, 'prev_value': 0, 'change': 5, 'player_num': 1}
2020-10-06 15:18:15,070 : INFO : EventManager : Event: ======'timer_bonusCountDown_tick'====== Args={'ticks': 5, 'ticks_remaining': 5}
2020-10-06 15:18:15,071 : INFO : EventManager : Event: ======'player_contracts'====== Args={'value': 4, 'prev_value': 5, 'change': -1, 'player_num': 1}
2020-10-06 15:18:15,567 : INFO : EventManager : Event: ======'bonusPayout'====== Args={'score': 2000, 'bonus_score': 2000, 'hits': 1}
2020-10-06 15:18:15,579 : INFO : EventManager : Event: ======'slide_bonusPayout_slide_created'====== Args={'_from_bcp': True}
2020-10-06 15:18:15,584 : INFO : EventManager : Event: ======'slide_bonusPayout_slide_active'====== Args={'_from_bcp': True}
2020-10-06 15:18:16,568 : INFO : EventManager : Event: ======'player_bonus_bonusCountDown_tick'====== Args={'value': 4, 'prev_value': 5, 'change': -1, 'player_num': 1}
2020-10-06 15:18:16,569 : INFO : EventManager : Event: ======'timer_bonusCountDown_tick'====== Args={'ticks': 4, 'ticks_remaining': 4}
2020-10-06 15:18:16,571 : INFO : EventManager : Event: ======'player_contracts'====== Args={'value': 3, 'prev_value': 4, 'change': -1, 'player_num': 1}
2020-10-06 15:18:17,571 : INFO : EventManager : Event: ======'player_score'====== Args={'value': 4540, 'prev_value': 2540, 'change': 2000, 'player_num': 1}
2020-10-06 15:18:17,573 : INFO : EventManager : Event: ======'bonus_total'====== Args={'score': 2000}
2020-10-06 15:18:18,071 : INFO : EventManager : Event: ======'player_bonus_bonusCountDown_tick'====== Args={'value': 3, 'prev_value': 4, 'change': -1, 'player_num': 1}
2020-10-06 15:18:18,073 : INFO : EventManager : Event: ======'timer_bonusCountDown_tick'====== Args={'ticks': 3, 'ticks_remaining': 3}
2020-10-06 15:18:18,074 : INFO : EventManager : Event: ======'player_contracts'====== Args={'value': 2, 'prev_value': 3, 'change': -1, 'player_num': 1}
2020-10-06 15:18:19,568 : INFO : EventManager : Event: ======'player_bonus_bonusCountDown_tick'====== Args={'value': 2, 'prev_value': 3, 'change': -1, 'player_num': 1}
2020-10-06 15:18:19,570 : INFO : EventManager : Event: ======'timer_bonusCountDown_tick'====== Args={'ticks': 2, 'ticks_remaining': 2}
2020-10-06 15:18:19,572 : INFO : EventManager : Event: ======'mode_bonus_will_stop'====== Args={}
2020-10-06 15:18:19,573 : INFO : EventManager : Event: ======'mode_bonus_stopping'====== Args={}
2020-10-06 15:18:19,574 : INFO : EventManager : Event: ======'player_contracts'====== Args={'value': 1, 'prev_value': 2, 'change': -1, 'player_num': 1}
2020-10-06 15:18:19,575 : INFO : Mode.bonus : Stopped.
2020-10-06 15:18:19,575 : INFO : EventManager : Event: ======'modes_active_modes_changed'====== Args={}
2020-10-06 15:18:19,576 : INFO : EventManager : Event: ======'mode_bonus_stopped'====== Args={}
2020-10-06 15:18:19,577 : INFO : EventManager : Event: ======'clear'====== Args={'key': 'bonus'}
2020-10-06 15:18:19,579 : INFO : Timer.bonusCountDown : Stopping Timer
2020-10-06 15:18:19,580 : INFO : EventManager : Event: ======'timer_bonusCountDown_stopped'====== Args={'ticks': 2, 'ticks_remaining': 2}
2020-10-06 15:18:19,581 : INFO : EventManager : Event: ======'mode_soulLanes_will_stop'====== Args={}
2020-10-06 15:18:19,583 : INFO : EventManager : Event: ======'mode_soulLanes_stopping'====== Args={}
2020-10-06 15:18:19,584 : INFO : EventManager : Event: ======'mode_base_will_stop'====== Args={}
2020-10-06 15:18:19,584 : INFO : EventManager : Event: ======'mode_base_stopping'====== Args={}
2020-10-06 15:18:19,585 : INFO : Mode.base : Stopped.
2020-10-06 15:18:19,585 : INFO : EventManager : Event: ======'modes_active_modes_changed'====== Args={}
2020-10-06 15:18:19,589 : INFO : EventManager : Event: ======'mode_base_stopped'====== Args={}
2020-10-06 15:18:19,590 : INFO : EventManager : Event: ======'clear'====== Args={'key': 'base'}
2020-10-06 15:18:19,591 : INFO : Mode.soulLanes : Stopped.
2020-10-06 15:18:19,591 : INFO : EventManager : Event: ======'modes_active_modes_changed'====== Args={}
2020-10-06 15:18:19,592 : INFO : EventManager : Event: ======'mode_soulLanes_stopped'====== Args={}
2020-10-06 15:18:19,593 : INFO : EventManager : Event: ======'clear'====== Args={'key': 'soulLanes'}
2020-10-06 15:18:19,653 : INFO : EventManager : Event: ======'ball_ended'====== Args={}
2020-10-06 15:18:19,654 : INFO : EventManager : Event: ======'player_turn_will_end'====== Args={'player': <Player 1>, 'number': 1}
2020-10-06 15:18:19,680 : INFO : EventManager : Event: ======'player_turn_ending'====== Args={'player': <Player 1>, 'number': 1}
2020-10-06 15:18:19,681 : INFO : EventManager : Event: ======'player_turn_ended'====== Args={'player': <Player 1>, 'number': 1}
2020-10-06 15:18:19,683 : INFO : EventManager : Event: ======'player_turn_will_start'====== Args={'player': <Player 1>, 'number': 1}
2020-10-06 15:18:19,684 : INFO : EventManager : Event: ======'player_turn_starting'====== Args={'player': <Player 1>, 'number': 1}
2020-10-06 15:18:19,685 : INFO : EventManager : Event: ======'player_ball'====== Args={'value': 2, 'prev_value': 1, 'change': 1, 'player_num': 1}
2020-10-06 15:18:19,686 : INFO : EventManager : Event: ======'player_turn_started'====== Args={'player': <Player 1>, 'number': 1}
2020-10-06 15:18:19,688 : INFO : EventManager : Event: ======'ball_will_start'====== Args={'player': 1, 'ball': 2, 'balls_remaining': 3, 'is_extra_ball': False}
2020-10-06 15:18:19,713 : INFO : EventManager : Event: ======'ball_starting'====== Args={'player': 1, 'ball': 2, 'balls_remaining': 3, 'is_extra_ball': False}
2020-10-06 15:18:19,715 : INFO : EventManager : Event: ======'mode_base_will_start'====== Args={'queue': <QueuedEvent>, 'player': 1, 'ball': 2, 'balls_remaining': 3, 'is_extra_ball': False}
2020-10-06 15:18:19,721 : INFO : EventManager : Event: ======'mode_base_starting'====== Args={'queue': <QueuedEvent>, 'player': 1, 'ball': 2, 'balls_remaining': 3, 'is_extra_ball': False}
2020-10-06 15:18:19,721 : INFO : drop_target_bank.cup_bank : All targets are already up. Will not reset bank.
2020-10-06 15:18:19,721 : INFO : drop_target_bank.mug_bank : All targets are already up. Will not reset bank.
2020-10-06 15:18:19,722 : INFO : EventManager : Event: ======'balls_in_play'====== Args={'balls': 1}
2020-10-06 15:18:19,722 : INFO : EventManager : Event: ======'ball_started'====== Args={'player': 1, 'ball': 2, 'balls_remaining': 3, 'is_extra_ball': False}
2020-10-06 15:18:19,724 : INFO : EventManager : Event: ======'logicblock_bonus_updated'====== Args={'value': 0, 'enabled': True}
2020-10-06 15:18:19,724 : INFO : EventManager : Event: ======'logicblock_bonus_updated'====== Args={'value': 0, 'enabled': True}
2020-10-06 15:18:19,724 : INFO : Mode.base : Started. Priority: 100
2020-10-06 15:18:19,724 : INFO : EventManager : Event: ======'modes_active_modes_changed'====== Args={}
2020-10-06 15:18:19,725 : INFO : EventManager : Event: ======'mode_base_started'====== Args={'queue': <QueuedEvent>, 'player': 1, 'ball': 2, 'balls_remaining': 3, 'is_extra_ball': False}
2020-10-06 15:18:19,726 : INFO : EventManager : Event: ======'mode_soulLanes_will_start'====== Args={'player': 1, 'ball': 2, 'balls_remaining': 3, 'is_extra_ball': False}
2020-10-06 15:18:19,730 : INFO : EventManager : Event: ======'soul_lanes_complete'====== Args={'state': 'unlit'}
2020-10-06 15:18:19,730 : INFO : EventManager : Event: ======'soul_lanes_unlit_complete'====== Args={}
2020-10-06 15:18:19,735 : INFO : EventManager : Event: ======'mode_soulLanes_starting'====== Args={'player': 1, 'ball': 2, 'balls_remaining': 3, 'is_extra_ball': False}
2020-10-06 15:18:19,741 : INFO : EventManager : Event: ======'player_contracts'====== Args={'value': 0, 'prev_value': 1, 'change': -1, 'player_num': 1}
2020-10-06 15:18:19,753 : INFO : EventManager : Event: ======'logicblock_contarct_counter_updated'====== Args={'value': 1, 'enabled': True}
2020-10-06 15:18:19,754 : INFO : EventManager : Event: ======'logicblock_contarct_counter_updated'====== Args={'value': 1, 'enabled': True}
2020-10-06 15:18:19,754 : INFO : Mode.soulLanes : Started. Priority: 110
2020-10-06 15:18:19,755 : INFO : EventManager : Event: ======'modes_active_modes_changed'====== Args={}
2020-10-06 15:18:19,756 : INFO : EventManager : Event: ======'mode_soulLanes_started'====== Args={'player': 1, 'ball': 2, 'balls_remaining': 3, 'is_extra_ball': False}
2020-10-06 15:18:19,757 : INFO : EventManager : Event: ======'player_bonus_multiplier'====== Args={'value': 0, 'prev_value': 1, 'change': -1, 'player_num': 1}
2020-10-06 15:18:19,759 : INFO : EventManager : Event: ======'single_player_ball_started'====== Args={}
2020-10-06 15:18:19,808 : INFO : ball_device.bd_plunger : Setting up player-controlled eject. Balls: 1, Target: <playfield.playfield>, player_controlled_eject_event: None
2020-10-06 15:18:19,810 : INFO : EventManager : Event: ======'balldevice_balls_available'====== Args={}
2020-10-06 15:18:19,813 : INFO : ball_device.bd_trough : State: waiting_for_target_ready
2020-10-06 15:18:19,814 : INFO : EventManager : Event: ======'balldevice_bd_trough_ball_eject_attempt'====== Args={'balls': 1, 'target': <ball_device.bd_plunger>, 'source': <ball_device.bd_trough>, 'mechanical_eject': True, 'num_attempts': 0}
2020-10-06 15:18:19,815 : INFO : ball_device.bd_plunger : State: waiting_for_ball
2020-10-06 15:18:19,816 : INFO : ball_device.bd_trough : State: ejecting
2020-10-06 15:18:19,816 : INFO : ball_device.bd_trough : Ejecting ball to <ball_device.bd_plunger>
2020-10-06 15:18:19,817 : INFO : EventManager : Event: ======'balldevice_bd_trough_ejecting_ball'====== Args={'balls': 1, 'target': <ball_device.bd_plunger>, 'source': <ball_device.bd_trough>, 'mechanical_eject': True, 'num_attempts': 0}
2020-10-06 15:18:19,818 : INFO : ball_device.bd_trough : Wait for ball to leave device
2020-10-06 15:18:19,819 : INFO : coil.c_trough_eject : Pulsing Driver for 20ms (1.0 pulse_power)
2020-10-06 15:18:19,819 : INFO : SwitchController : <<<<<<< 's_trough1' inactive >>>>>>>
2020-10-06 15:18:19,844 : INFO : ball_device.bd_trough : State: ball_left
2020-10-06 15:18:19,845 : INFO : ball_device.bd_trough : Ball left
2020-10-06 15:18:19,846 : INFO : ball_device.bd_trough : Wait for confirm with timeout 10.0
2020-10-06 15:18:19,856 : INFO : EventManager : Event: ======'slide_bonusPayout_slide_removed'====== Args={'_from_bcp': True}
2020-10-06 15:18:19,857 : INFO : EventManager : Event: ======'slide_base.slide_player-mode_base_started_removed'====== Args={'_from_bcp': True}
2020-10-06 15:18:19,912 : INFO : SwitchController : <<<<<<< 's_plunger' active >>>>>>>
2020-10-06 15:18:19,912 : INFO : EventManager : Event: ======'machine_var_audits_switches_s_plunger'====== Args={'value': 686, 'prev_value': 685, 'change': 1}
2020-10-06 15:18:19,972 : INFO : EventManager : Event: ======'slide_base.slide_player-mode_base_started_created'====== Args={'_from_bcp': True}
2020-10-06 15:18:19,983 : INFO : EventManager : Event: ======'slide_base.slide_player-mode_base_started_active'====== Args={'_from_bcp': True}
2020-10-06 15:18:20,425 : INFO : ball_device.bd_plunger : Received ball from <ball_device.bd_trough>
2020-10-06 15:18:20,425 : INFO : EventManager : Event: ======'balldevice_bd_plunger_ball_enter'====== Args={'new_balls': 1, 'unclaimed_balls': 0, 'new_available_balls': 0, 'device': <ball_device.bd_plunger>}
2020-10-06 15:18:20,426 : INFO : EventManager : Event: ======'balldevice_bd_plunger_ball_entered'====== Args={'new_balls': 0, 'device': <ball_device.bd_plunger>}
2020-10-06 15:18:20,427 : INFO : EventManager : Event: ======'balldevice_bd_plunger_ball_count_changed'====== Args={'balls': 1}
2020-10-06 15:18:20,428 : INFO : ball_device.bd_trough : Got eject confirm
2020-10-06 15:18:20,429 : INFO : ball_device.bd_trough : Eject successful
2020-10-06 15:18:20,429 : INFO : EventManager : Event: ======'balldevice_bd_trough_ball_eject_success'====== Args={'balls': 1, 'target': <ball_device.bd_plunger>}
2020-10-06 15:18:20,430 : INFO : EventManager : Event: ======'balldevice_bd_trough_ball_count_changed'====== Args={'balls': 1}
2020-10-06 15:18:20,430 : INFO : ball_device.bd_trough : State: idle
2020-10-06 15:18:20,431 : INFO : ball_device.bd_plunger : State: waiting_for_target_ready
2020-10-06 15:18:20,431 : INFO : EventManager : Event: ======'balldevice_bd_plunger_ball_eject_attempt'====== Args={'balls': 1, 'target': <playfield.playfield>, 'source': <ball_device.bd_plunger>, 'mechanical_eject': True, 'num_attempts': 0}
2020-10-06 15:18:20,432 : INFO : ball_device.bd_plunger : State: ejecting
2020-10-06 15:18:20,432 : INFO : ball_device.bd_plunger : Ejecting ball to <playfield.playfield>
2020-10-06 15:18:20,432 : INFO : EventManager : Event: ======'balldevice_bd_plunger_ejecting_ball'====== Args={'balls': 1, 'target': <playfield.playfield>, 'source': <ball_device.bd_plunger>, 'mechanical_eject': True, 'num_attempts': 0}
2020-10-06 15:18:20,434 : INFO : ball_device.bd_plunger : Wait for ball to leave device
2020-10-06 15:18:35,423 : INFO : Machine : Shutting down...
2020-10-06 15:18:35,423 : INFO : EventManager : Event: ======'shutdown'====== Args={}
2020-10-06 15:18:35,423 : INFO : root : MPF run loop ended.
