2020-10-04 08:37:30,129 : INFO : root : Loading config.
2020-10-04 08:37:30,145 : INFO : YamlMultifileConfigLoader : Machine config file #1: config.yaml
2020-10-04 08:37:30,145 : INFO : ConfigProcessor : Loading config from cache: C:\Users\themi\AppData\Local\Temp\1a0afbd38efada64622f7c1a19dba099.mpf_cache
2020-10-04 08:37:30,332 : INFO : ConfigProcessor : Loading config from cache: C:\Users\themi\AppData\Local\Temp\7964e52b22911e9b68a8022172b185f3.mpf_cache
2020-10-04 08:37:30,332 : INFO : ConfigProcessor : Loading config from cache: C:\Users\themi\AppData\Local\Temp\4fcecb70f81c3c2fefb8e65ae9a0af5f.mpf_cache
2020-10-04 08:37:30,348 : INFO : ConfigProcessor : Loading config from cache: C:\Users\themi\AppData\Local\Temp\b2a05f27b99f0404929b6678617f21a2.mpf_cache
2020-10-04 08:37:30,348 : WARNING : ConfigProcessor : Config file in cache changed: c:\Pinball\Cuphead\modes\soulLanes\config\soulLanes.yaml
2020-10-04 08:37:30,348 : INFO : ConfigProcessor : Loading config from file c:\Pinball\Cuphead\modes\soulLanes\config\soulLanes.yaml.
2020-10-04 08:37:30,379 : INFO : ConfigProcessor : Loading config: c:\Pinball\Cuphead\modes\soulLanes\config\soulLanes.yaml
2020-10-04 08:37:30,379 : INFO : ConfigProcessor : Config file cache created: C:\Users\themi\AppData\Local\Temp\ee661b7bde9ac1aee26ef2e16bd36711.mpf_cache
2020-10-04 08:37:30,379 : INFO : ConfigProcessor : Loading config from cache: C:\Users\themi\AppData\Local\Temp\8b23b77e47e0aafb5c2cd6855492fe09.mpf_cache
2020-10-04 08:37:30,379 : INFO : ConfigProcessor : Loading config from cache: C:\Users\themi\AppData\Local\Temp\8d4786f117f290f34c6b54fd8b6fe8fe.mpf_cache
2020-10-04 08:37:30,379 : INFO : ConfigProcessor : Loading config from cache: C:\Users\themi\AppData\Local\Temp\d1f28e307667fe64a15b0a7332832e8a.mpf_cache
2020-10-04 08:37:30,379 : INFO : ConfigProcessor : Loading config from cache: C:\Users\themi\AppData\Local\Temp\4b1cd1ab6685d1ad48e4e22b92633748.mpf_cache
2020-10-04 08:37:30,395 : INFO : ConfigProcessor : Loading config from cache: C:\Users\themi\AppData\Local\Temp\0e5b9342958db12ded482c5bdee94a50.mpf_cache
2020-10-04 08:37:30,395 : INFO : ConfigProcessor : Loading config from cache: C:\Users\themi\AppData\Local\Temp\fa3b9c24e757a86afd7ebd54e8356a2f.mpf_cache
2020-10-04 08:37:30,395 : INFO : ConfigProcessor : Loading config from cache: C:\Users\themi\AppData\Local\Temp\4f17c1b7053da1ee6acf2b568ebeb609.mpf_cache
2020-10-04 08:37:30,395 : INFO : ConfigProcessor : Loading config from cache: C:\Users\themi\AppData\Local\Temp\ccd4282a3141e0878d86657c78349f12.mpf_cache
2020-10-04 08:37:30,395 : INFO : ConfigProcessor : Loading config from cache: C:\Users\themi\AppData\Local\Temp\17729cd0303cfaced1d4181f3ca2421f.mpf_cache
2020-10-04 08:37:30,395 : INFO : ConfigProcessor : Loading config from cache: C:\Users\themi\AppData\Local\Temp\47ffaea90c47406003f6ea8ebe74989d.mpf_cache
2020-10-04 08:37:30,395 : INFO : ConfigProcessor : Loading config from cache: C:\Users\themi\AppData\Local\Temp\6f6af101da615a72df8eebfca5188fca.mpf_cache
2020-10-04 08:37:30,395 : INFO : ConfigProcessor : Loading config from cache: C:\Users\themi\AppData\Local\Temp\3889d554abdf669f0bcb59dfdb43163f.mpf_cache
2020-10-04 08:37:30,395 : INFO : ConfigProcessor : Loading config from cache: C:\Users\themi\AppData\Local\Temp\dca7679fbf96e787efc0ee793457f019.mpf_cache
2020-10-04 08:37:30,395 : INFO : ConfigProcessor : Loading config from cache: C:\Users\themi\AppData\Local\Temp\773981adc2a393ce4661c342531a13c1.mpf_cache
2020-10-04 08:37:30,395 : INFO : ConfigProcessor : Loading config from cache: C:\Users\themi\AppData\Local\Temp\0e7ad57880df273f086bfe63563440af.mpf_cache
2020-10-04 08:37:30,395 : INFO : ConfigProcessor : Loading config from cache: C:\Users\themi\AppData\Local\Temp\14255cf3b2f3681937087b07de526758.mpf_cache
2020-10-04 08:37:30,410 : INFO : ConfigProcessor : Loading config from cache: C:\Users\themi\AppData\Local\Temp\01c6bf43074c3a497e337500f6bac20b.mpf_cache
2020-10-04 08:37:30,410 : INFO : ConfigProcessor : Loading config from cache: C:\Users\themi\AppData\Local\Temp\7eeffc9c6f8d1e96b5a9cad923ac520c.mpf_cache
2020-10-04 08:37:30,410 : INFO : Machine : Mission Pinball Framework Core Engine v0.54.0-dev.72
2020-10-04 08:37:30,410 : INFO : Machine : Command line arguments: {'no_load_cache': False, 'create_config_cache': True, 'bcp': True, 'configfile': ['config.yaml'], 'force_assets_load': False, 'jsonlogging': False, 'logfile': 'logs\\2020-10-04-08-37-30-mpf-LAPTOP-C39PEUFD.log', 'pause': False, 'production': False, 'text_ui': True, 'loglevel': 15, 'consoleloglevel': 20, 'force_platform': 'smart_virtual', 'syslog_address': None, 'mc_file_name': None, 'no_sound': False}
2020-10-04 08:37:30,410 : INFO : Machine : MPF path: c:\users\themi\appdata\local\programs\python\python36\lib\site-packages\mpf
2020-10-04 08:37:30,410 : INFO : Machine : Machine path: c:\Pinball\Cuphead
2020-10-04 08:37:30,410 : INFO : Machine : Platform: win32
2020-10-04 08:37:30,410 : INFO : Machine : Python executable location: c:\users\themi\appdata\local\programs\python\python36\python.exe
2020-10-04 08:37:30,410 : INFO : Machine : Python version: 3.6.4 (64-bit)
2020-10-04 08:37:30,410 : INFO : Machine : Initialise MPF.
2020-10-04 08:37:30,882 : INFO : EventManager : Event: ======'machine_var_credits_string'====== Args={'value': 'FREE PLAY', 'prev_value': None, 'change': True}
2020-10-04 08:37:31,007 : INFO : EventManager : Event: ======'machine_var_player1_score'====== Args={'value': 8110, 'prev_value': None, 'change': True}
2020-10-04 08:37:31,007 : INFO : EventManager : Event: ======'machine_var_mpf_version'====== Args={'value': 'MPF v0.54.0-dev.72', 'prev_value': None, 'change': True}
2020-10-04 08:37:31,007 : INFO : EventManager : Event: ======'machine_var_mpf_extended_version'====== Args={'value': 'MPF v0.54.0-dev.72, Config version:5, Show version: 5, BCP version:1.1', 'prev_value': None, 'change': True}
2020-10-04 08:37:31,007 : INFO : EventManager : Event: ======'machine_var_python_version'====== Args={'value': '3.6.4', 'prev_value': None, 'change': True}
2020-10-04 08:37:31,007 : INFO : EventManager : Event: ======'machine_var_platform'====== Args={'value': 'Windows-10-10.0.18362-SP0', 'prev_value': None, 'change': True}
2020-10-04 08:37:31,007 : INFO : EventManager : Event: ======'machine_var_platform_system'====== Args={'value': 'Windows', 'prev_value': None, 'change': True}
2020-10-04 08:37:31,007 : INFO : EventManager : Event: ======'machine_var_platform_release'====== Args={'value': '10', 'prev_value': None, 'change': True}
2020-10-04 08:37:31,007 : INFO : EventManager : Event: ======'machine_var_platform_version'====== Args={'value': '10.0.18362', 'prev_value': None, 'change': True}
2020-10-04 08:37:31,007 : INFO : EventManager : Event: ======'machine_var_platform_machine'====== Args={'value': 'AMD64', 'prev_value': None, 'change': True}
2020-10-04 08:37:31,007 : INFO : EventManager : Event: ======'init_phase_1'====== Args={}
2020-10-04 08:37:31,195 : INFO : EventManager : Event: ======'drop_target_bank_cup_bank_up'====== Args={}
2020-10-04 08:37:31,195 : INFO : EventManager : Event: ======'drop_target_bank_mug_bank_up'====== Args={}
2020-10-04 08:37:31,210 : INFO : EventManager : Event: ======'init_phase_2'====== Args={}
2020-10-04 08:37:31,210 : INFO : SwitchController : Found active switch: ('2', <Platform.SmartVirtual>)
2020-10-04 08:37:31,210 : INFO : SwitchController : Found active switch: ('3', <Platform.SmartVirtual>)
2020-10-04 08:37:31,226 : INFO : EventManager : Event: ======'bcp_connection_attempt'====== Args={'name': 'local_display', 'host': 'localhost', 'port': 5050}
2020-10-04 08:37:31,242 : INFO : BCPClientSocket : Connecting BCP to 'local_display' at localhost:5050...
2020-10-04 08:37:43,547 : INFO : BCPClientSocket : Connected BCP to 'local_display' localhost:5050
2020-10-04 08:37:43,549 : INFO : EventManager : Event: ======'machine_var_mc_version'====== Args={'value': 'MPF-MC v0.54.0-dev.20', 'prev_value': None, 'change': True}
2020-10-04 08:37:43,550 : INFO : EventManager : Event: ======'machine_var_mc_extended_version'====== Args={'value': 'MPF-MC v0.54.0-dev.20 (config_version=5, BCP v1.1, Requires MPF v0.54.0-dev.68)', 'prev_value': None, 'change': True}
2020-10-04 08:37:43,553 : INFO : EventManager : Event: ======'machine_var_master_volume'====== Args={'value': 0.5, 'prev_value': None, 'change': True}
2020-10-04 08:37:43,554 : INFO : EventManager : Event: ======'bcp_clients_connected'====== Args={}
2020-10-04 08:37:43,605 : INFO : ball_device.bd_trough : State: idle
2020-10-04 08:37:43,606 : INFO : ball_device.bd_plunger : State: idle
2020-10-04 08:37:43,640 : INFO : EventManager : Event: ======'init_phase_3'====== Args={}
2020-10-04 08:37:43,652 : INFO : EventManager : Event: ======'init_phase_4'====== Args={}
2020-10-04 08:37:43,655 : INFO : EventManager : Event: ======'machine_var_audits_events_game_ended'====== Args={'value': 21, 'prev_value': None, 'change': True}
2020-10-04 08:37:43,656 : INFO : EventManager : Event: ======'machine_var_audits_events_game_started'====== Args={'value': 40, 'prev_value': None, 'change': True}
2020-10-04 08:37:43,656 : INFO : EventManager : Event: ======'machine_var_audits_player_score'====== Args={'value': {'average': 530.4761904761905, 'top': [2970, 1300, 1220, 980, 880, 780, 720, 710, 630, 590], 'total': 21}, 'prev_value': None, 'change': True}
2020-10-04 08:37:43,657 : INFO : EventManager : Event: ======'machine_var_audits_shots_soul_L'====== Args={'value': 106, 'prev_value': None, 'change': True}
2020-10-04 08:37:43,658 : INFO : EventManager : Event: ======'machine_var_audits_shots_soul_O'====== Args={'value': 112, 'prev_value': None, 'change': True}
2020-10-04 08:37:43,659 : INFO : EventManager : Event: ======'machine_var_audits_shots_soul_S'====== Args={'value': 128, 'prev_value': None, 'change': True}
2020-10-04 08:37:43,659 : INFO : EventManager : Event: ======'machine_var_audits_shots_soul_U'====== Args={'value': 109, 'prev_value': None, 'change': True}
2020-10-04 08:37:43,660 : INFO : EventManager : Event: ======'machine_var_audits_switches_s_coin'====== Args={'value': 20, 'prev_value': None, 'change': True}
2020-10-04 08:37:43,661 : INFO : EventManager : Event: ======'machine_var_audits_switches_s_dash_L'====== Args={'value': 0, 'prev_value': None, 'change': True}
2020-10-04 08:37:43,661 : INFO : EventManager : Event: ======'machine_var_audits_switches_s_dash_R'====== Args={'value': 0, 'prev_value': None, 'change': True}
2020-10-04 08:37:43,662 : INFO : EventManager : Event: ======'machine_var_audits_switches_s_dtSling_L'====== Args={'value': 0, 'prev_value': None, 'change': True}
2020-10-04 08:37:43,663 : INFO : EventManager : Event: ======'machine_var_audits_switches_s_dtSling_R'====== Args={'value': 0, 'prev_value': None, 'change': True}
2020-10-04 08:37:43,664 : INFO : EventManager : Event: ======'machine_var_audits_switches_s_dt_C'====== Args={'value': 72, 'prev_value': None, 'change': True}
2020-10-04 08:37:43,665 : INFO : EventManager : Event: ======'machine_var_audits_switches_s_dt_G'====== Args={'value': 21, 'prev_value': None, 'change': True}
2020-10-04 08:37:43,665 : INFO : EventManager : Event: ======'machine_var_audits_switches_s_dt_M'====== Args={'value': 19, 'prev_value': None, 'change': True}
2020-10-04 08:37:43,666 : INFO : EventManager : Event: ======'machine_var_audits_switches_s_dt_P'====== Args={'value': 55, 'prev_value': None, 'change': True}
2020-10-04 08:37:43,667 : INFO : EventManager : Event: ======'machine_var_audits_switches_s_dt_U'====== Args={'value': 63, 'prev_value': None, 'change': True}
2020-10-04 08:37:43,668 : INFO : EventManager : Event: ======'machine_var_audits_switches_s_dt_U2'====== Args={'value': 19, 'prev_value': None, 'change': True}
2020-10-04 08:37:43,668 : INFO : EventManager : Event: ======'machine_var_audits_switches_s_exit_shooter_lane'====== Args={'value': 353, 'prev_value': None, 'change': True}
2020-10-04 08:37:43,669 : INFO : EventManager : Event: ======'machine_var_audits_switches_s_inLane_L'====== Args={'value': 0, 'prev_value': None, 'change': True}
2020-10-04 08:37:43,670 : INFO : EventManager : Event: ======'machine_var_audits_switches_s_inLane_R'====== Args={'value': 0, 'prev_value': None, 'change': True}
2020-10-04 08:37:43,671 : INFO : EventManager : Event: ======'machine_var_audits_switches_s_kicker'====== Args={'value': 0, 'prev_value': None, 'change': True}
2020-10-04 08:37:43,672 : INFO : EventManager : Event: ======'machine_var_audits_switches_s_left_flipper'====== Args={'value': 151, 'prev_value': None, 'change': True}
2020-10-04 08:37:43,672 : INFO : EventManager : Event: ======'machine_var_audits_switches_s_midRight'====== Args={'value': 0, 'prev_value': None, 'change': True}
2020-10-04 08:37:43,673 : INFO : EventManager : Event: ======'machine_var_audits_switches_s_outLane_L'====== Args={'value': 0, 'prev_value': None, 'change': True}
2020-10-04 08:37:43,674 : INFO : EventManager : Event: ======'machine_var_audits_switches_s_outLane_R'====== Args={'value': 0, 'prev_value': None, 'change': True}
2020-10-04 08:37:43,675 : INFO : EventManager : Event: ======'machine_var_audits_switches_s_perdition'====== Args={'value': 0, 'prev_value': None, 'change': True}
2020-10-04 08:37:43,676 : INFO : EventManager : Event: ======'machine_var_audits_switches_s_playfield'====== Args={'value': 0, 'prev_value': None, 'change': True}
2020-10-04 08:37:43,677 : INFO : EventManager : Event: ======'machine_var_audits_switches_s_plunger'====== Args={'value': 542, 'prev_value': None, 'change': True}
2020-10-04 08:37:43,677 : INFO : EventManager : Event: ======'machine_var_audits_switches_s_popBumper_1'====== Args={'value': 463, 'prev_value': None, 'change': True}
2020-10-04 08:37:43,678 : INFO : EventManager : Event: ======'machine_var_audits_switches_s_popBumper_2'====== Args={'value': 438, 'prev_value': None, 'change': True}
2020-10-04 08:37:43,679 : INFO : EventManager : Event: ======'machine_var_audits_switches_s_popBumper_3'====== Args={'value': 162, 'prev_value': None, 'change': True}
2020-10-04 08:37:43,680 : INFO : EventManager : Event: ======'machine_var_audits_switches_s_pop_bumper1'====== Args={'value': 120, 'prev_value': None, 'change': True}
2020-10-04 08:37:43,681 : INFO : EventManager : Event: ======'machine_var_audits_switches_s_pop_bumper2'====== Args={'value': 153, 'prev_value': None, 'change': True}
2020-10-04 08:37:43,682 : INFO : EventManager : Event: ======'machine_var_audits_switches_s_pop_bumper3'====== Args={'value': 100, 'prev_value': None, 'change': True}
2020-10-04 08:37:43,683 : INFO : EventManager : Event: ======'machine_var_audits_switches_s_right_flipper'====== Args={'value': 216, 'prev_value': None, 'change': True}
2020-10-04 08:37:43,684 : INFO : EventManager : Event: ======'machine_var_audits_switches_s_sling_L'====== Args={'value': 0, 'prev_value': None, 'change': True}
2020-10-04 08:37:43,685 : INFO : EventManager : Event: ======'machine_var_audits_switches_s_sling_R'====== Args={'value': 0, 'prev_value': None, 'change': True}
2020-10-04 08:37:43,686 : INFO : EventManager : Event: ======'machine_var_audits_switches_s_soul_L'====== Args={'value': 107, 'prev_value': None, 'change': True}
2020-10-04 08:37:43,687 : INFO : EventManager : Event: ======'machine_var_audits_switches_s_soul_O'====== Args={'value': 117, 'prev_value': None, 'change': True}
2020-10-04 08:37:43,688 : INFO : EventManager : Event: ======'machine_var_audits_switches_s_soul_S'====== Args={'value': 128, 'prev_value': None, 'change': True}
2020-10-04 08:37:43,689 : INFO : EventManager : Event: ======'machine_var_audits_switches_s_soul_U'====== Args={'value': 109, 'prev_value': None, 'change': True}
2020-10-04 08:37:43,690 : INFO : EventManager : Event: ======'machine_var_audits_switches_s_standUp_1'====== Args={'value': 0, 'prev_value': None, 'change': True}
2020-10-04 08:37:43,691 : INFO : EventManager : Event: ======'machine_var_audits_switches_s_standUp_2'====== Args={'value': 0, 'prev_value': None, 'change': True}
2020-10-04 08:37:43,692 : INFO : EventManager : Event: ======'machine_var_audits_switches_s_standUp_3'====== Args={'value': 0, 'prev_value': None, 'change': True}
2020-10-04 08:37:43,693 : INFO : EventManager : Event: ======'machine_var_audits_switches_s_standUp_R'====== Args={'value': 0, 'prev_value': None, 'change': True}
2020-10-04 08:37:43,694 : INFO : EventManager : Event: ======'machine_var_audits_switches_s_star_1'====== Args={'value': 0, 'prev_value': None, 'change': True}
2020-10-04 08:37:43,695 : INFO : EventManager : Event: ======'machine_var_audits_switches_s_star_2'====== Args={'value': 0, 'prev_value': None, 'change': True}
2020-10-04 08:37:43,696 : INFO : EventManager : Event: ======'machine_var_audits_switches_s_star_3'====== Args={'value': 0, 'prev_value': None, 'change': True}
2020-10-04 08:37:43,697 : INFO : EventManager : Event: ======'machine_var_audits_switches_s_start'====== Args={'value': 68, 'prev_value': None, 'change': True}
2020-10-04 08:37:43,698 : INFO : EventManager : Event: ======'machine_var_audits_switches_s_tilt'====== Args={'value': 0, 'prev_value': None, 'change': True}
2020-10-04 08:37:43,699 : INFO : EventManager : Event: ======'machine_var_audits_switches_s_trough1'====== Args={'value': 508, 'prev_value': None, 'change': True}
2020-10-04 08:37:43,699 : INFO : EventManager : Event: ======'machine_var_audits_switches_s_trough2'====== Args={'value': 72, 'prev_value': None, 'change': True}
2020-10-04 08:37:43,700 : INFO : EventManager : Event: ======'machine_var_audits_switches_s_trough_jam'====== Args={'value': 13, 'prev_value': None, 'change': True}
2020-10-04 08:37:43,702 : INFO : EventManager : Event: ======'init_phase_5'====== Args={}
2020-10-04 08:37:43,733 : INFO : EventManager : Event: ======'init_done'====== Args={}
2020-10-04 08:37:43,734 : INFO : EventManager : Event: ======'machine_reset_phase_1'====== Args={}
2020-10-04 08:37:43,739 : INFO : EventManager : Event: ======'slide_welcome_slide_removed'====== Args={'_from_bcp': True}
2020-10-04 08:37:43,743 : INFO : EventManager : Event: ======'slide_welcome_slide_created'====== Args={'_from_bcp': True}
2020-10-04 08:37:43,747 : INFO : EventManager : Event: ======'machine_reset_phase_2'====== Args={}
2020-10-04 08:37:43,748 : INFO : EventManager : Event: ======'machine_reset_phase_3'====== Args={}
2020-10-04 08:37:43,748 : INFO : drop_target_bank.cup_bank : All targets are already up. Will not reset bank.
2020-10-04 08:37:43,748 : INFO : drop_target_bank.mug_bank : All targets are already up. Will not reset bank.
2020-10-04 08:37:43,749 : INFO : EventManager : Event: ======'reset_complete'====== Args={}
2020-10-04 08:37:43,749 : INFO : EventManager : Event: ======'mode_attract_will_start'====== Args={}
2020-10-04 08:37:43,751 : INFO : EventManager : Event: ======'mode_attract_starting'====== Args={}
2020-10-04 08:37:43,751 : INFO : Mode.attract : Started. Priority: 10
2020-10-04 08:37:43,752 : INFO : EventManager : Event: ======'modes_active_modes_changed'====== Args={}
2020-10-04 08:37:43,752 : INFO : EventManager : Event: ======'mode_attract_started'====== Args={}
2020-10-04 08:37:43,756 : INFO : EventManager : Event: ======'collecting_balls_complete'====== Args={}
2020-10-04 08:37:43,809 : INFO : EventManager : Event: ======'slide_welcome_slide_active'====== Args={'_from_bcp': True}
2020-10-04 08:37:43,810 : INFO : EventManager : Event: ======'slide_awesome_slide_created'====== Args={'_from_bcp': True}
2020-10-04 08:37:43,810 : INFO : EventManager : Event: ======'slide_awesome_slide_active'====== Args={'_from_bcp': True}
2020-10-04 08:37:43,811 : INFO : Machine : Starting the main run loop.
2020-10-04 08:37:43,859 : INFO : BcpServer : New client connected.
2020-10-04 08:37:44,850 : INFO : SwitchController : <<<<<<< 's_start' active >>>>>>>
2020-10-04 08:37:45,034 : INFO : SwitchController : <<<<<<< 's_start' inactive >>>>>>>
2020-10-04 08:37:45,034 : INFO : EventManager : Event: ======'request_to_start_game'====== Args={}
2020-10-04 08:37:45,035 : INFO : EventManager : Event: ======'game_start'====== Args={'buttons': [], 'hold_time': 0.18700000003445894}
2020-10-04 08:37:45,036 : INFO : EventManager : Event: ======'mode_game_will_start'====== Args={'buttons': [], 'hold_time': 0.18700000003445894}
2020-10-04 08:37:45,037 : INFO : EventManager : Event: ======'mode_game_starting'====== Args={'buttons': [], 'hold_time': 0.18700000003445894}
2020-10-04 08:37:45,038 : INFO : EventManager : Event: ======'mode_attract_will_stop'====== Args={}
2020-10-04 08:37:45,039 : INFO : EventManager : Event: ======'mode_attract_stopping'====== Args={}
2020-10-04 08:37:45,039 : INFO : Mode.attract : Stopped.
2020-10-04 08:37:45,039 : INFO : EventManager : Event: ======'modes_active_modes_changed'====== Args={}
2020-10-04 08:37:45,042 : INFO : EventManager : Event: ======'mode_attract_stopped'====== Args={}
2020-10-04 08:37:45,042 : INFO : EventManager : Event: ======'clear'====== Args={'key': 'attract'}
2020-10-04 08:37:45,043 : INFO : Mode.game : Started. Priority: 20
2020-10-04 08:37:45,043 : INFO : EventManager : Event: ======'modes_active_modes_changed'====== Args={}
2020-10-04 08:37:45,044 : INFO : EventManager : Event: ======'mode_game_started'====== Args={'buttons': [], 'hold_time': 0.18700000003445894}
2020-10-04 08:37:45,068 : INFO : EventManager : Event: ======'game_will_start'====== Args={}
2020-10-04 08:37:45,069 : INFO : EventManager : Event: ======'slide_awesome_slide_removed'====== Args={'_from_bcp': True}
2020-10-04 08:37:45,069 : INFO : EventManager : Event: ======'slide_welcome_slide_active'====== Args={'_from_bcp': True}
2020-10-04 08:37:45,078 : INFO : EventManager : Event: ======'game_starting'====== Args={'game': <Mode.game>}
2020-10-04 08:37:45,080 : INFO : EventManager : Event: ======'player_add_request'====== Args={}
2020-10-04 08:37:45,083 : INFO : EventManager : Event: ======'player_will_add'====== Args={'number': 1}
2020-10-04 08:37:45,083 : INFO : EventManager : Event: ======'player_adding'====== Args={'player': <Player 1>, 'number': 1}
2020-10-04 08:37:45,084 : INFO : EventManager : Event: ======'player_added'====== Args={'player': <Player 1>, 'num': 1}
2020-10-04 08:37:45,084 : INFO : Mode.game : Player added successfully. Total players: 1
2020-10-04 08:37:45,085 : INFO : EventManager : Event: ======'player_index'====== Args={'value': 0, 'prev_value': 0, 'change': 0, 'player_num': 1}
2020-10-04 08:37:45,086 : INFO : EventManager : Event: ======'player_number'====== Args={'value': 1, 'prev_value': 1, 'change': 0, 'player_num': 1}
2020-10-04 08:37:45,087 : INFO : EventManager : Event: ======'player_bonus_multiplier'====== Args={'value': 1, 'prev_value': 1, 'change': 0, 'player_num': 1}
2020-10-04 08:37:45,088 : INFO : EventManager : Event: ======'player_score'====== Args={'value': 0, 'prev_value': 0, 'change': 0, 'player_num': 1}
2020-10-04 08:37:45,089 : INFO : EventManager : Event: ======'game_started'====== Args={}
2020-10-04 08:37:45,123 : INFO : EventManager : Event: ======'player_turn_will_start'====== Args={'player': <Player 1>, 'number': 1}
2020-10-04 08:37:45,125 : INFO : EventManager : Event: ======'player_turn_starting'====== Args={'player': <Player 1>, 'number': 1}
2020-10-04 08:37:45,126 : INFO : EventManager : Event: ======'player_ball'====== Args={'value': 1, 'prev_value': 0, 'change': 1, 'player_num': 1}
2020-10-04 08:37:45,128 : INFO : EventManager : Event: ======'player_turn_started'====== Args={'player': <Player 1>, 'number': 1}
2020-10-04 08:37:45,130 : INFO : EventManager : Event: ======'ball_will_start'====== Args={'player': 1, 'ball': 1, 'balls_remaining': 4, 'is_extra_ball': False}
2020-10-04 08:37:45,151 : INFO : EventManager : Event: ======'ball_starting'====== Args={'player': 1, 'ball': 1, 'balls_remaining': 4, 'is_extra_ball': False}
2020-10-04 08:37:45,152 : INFO : EventManager : Event: ======'mode_base_will_start'====== Args={'queue': <QueuedEvent>, 'player': 1, 'ball': 1, 'balls_remaining': 4, 'is_extra_ball': False}
2020-10-04 08:37:45,158 : INFO : EventManager : Event: ======'mode_base_starting'====== Args={'queue': <QueuedEvent>, 'player': 1, 'ball': 1, 'balls_remaining': 4, 'is_extra_ball': False}
2020-10-04 08:37:45,158 : INFO : drop_target_bank.cup_bank : All targets are already up. Will not reset bank.
2020-10-04 08:37:45,159 : INFO : drop_target_bank.mug_bank : All targets are already up. Will not reset bank.
2020-10-04 08:37:45,159 : INFO : EventManager : Event: ======'balls_in_play'====== Args={'balls': 1}
2020-10-04 08:37:45,160 : INFO : EventManager : Event: ======'ball_started'====== Args={'player': 1, 'ball': 1, 'balls_remaining': 4, 'is_extra_ball': False}
2020-10-04 08:37:45,162 : INFO : EventManager : Event: ======'logicblock_bonus_updated'====== Args={'value': 0, 'enabled': True}
2020-10-04 08:37:45,163 : INFO : EventManager : Event: ======'logicblock_bonus_updated'====== Args={'value': 0, 'enabled': True}
2020-10-04 08:37:45,163 : INFO : Mode.base : Started. Priority: 100
2020-10-04 08:37:45,164 : INFO : EventManager : Event: ======'modes_active_modes_changed'====== Args={}
2020-10-04 08:37:45,164 : INFO : EventManager : Event: ======'mode_base_started'====== Args={'queue': <QueuedEvent>, 'player': 1, 'ball': 1, 'balls_remaining': 4, 'is_extra_ball': False}
2020-10-04 08:37:45,166 : INFO : EventManager : Event: ======'mode_soulLanes_will_start'====== Args={'player': 1, 'ball': 1, 'balls_remaining': 4, 'is_extra_ball': False}
2020-10-04 08:37:45,167 : INFO : EventManager : Event: ======'player_shot_soul_S_enabled'====== Args={'value': True, 'prev_value': 0, 'change': 1, 'player_num': 1}
2020-10-04 08:37:45,169 : INFO : EventManager : Event: ======'player_shot_soul_O_enabled'====== Args={'value': True, 'prev_value': 0, 'change': 1, 'player_num': 1}
2020-10-04 08:37:45,171 : INFO : EventManager : Event: ======'player_shot_soul_U_enabled'====== Args={'value': True, 'prev_value': 0, 'change': 1, 'player_num': 1}
2020-10-04 08:37:45,173 : INFO : EventManager : Event: ======'player_shot_soul_L_enabled'====== Args={'value': True, 'prev_value': 0, 'change': 1, 'player_num': 1}
2020-10-04 08:37:45,175 : INFO : EventManager : Event: ======'soul_lanes_complete'====== Args={'state': 'unlit'}
2020-10-04 08:37:45,175 : INFO : EventManager : Event: ======'soul_lanes_unlit_complete'====== Args={}
2020-10-04 08:37:45,180 : INFO : EventManager : Event: ======'mode_soulLanes_starting'====== Args={'player': 1, 'ball': 1, 'balls_remaining': 4, 'is_extra_ball': False}
2020-10-04 08:37:45,187 : INFO : EventManager : Event: ======'logicblock_soul_complete_count_updated'====== Args={'value': 1, 'enabled': True}
2020-10-04 08:37:45,188 : INFO : EventManager : Event: ======'logicblock_soul_complete_count_updated'====== Args={'value': 1, 'enabled': True}
2020-10-04 08:37:45,189 : INFO : Mode.soulLanes : Started. Priority: 110
2020-10-04 08:37:45,189 : INFO : EventManager : Event: ======'modes_active_modes_changed'====== Args={}
2020-10-04 08:37:45,189 : INFO : EventManager : Event: ======'mode_soulLanes_started'====== Args={'player': 1, 'ball': 1, 'balls_remaining': 4, 'is_extra_ball': False}
2020-10-04 08:37:45,190 : INFO : EventManager : Event: ======'single_player_ball_started'====== Args={}
2020-10-04 08:37:45,262 : INFO : ball_device.bd_plunger : Setting up player-controlled eject. Balls: 1, Target: <playfield.playfield>, player_controlled_eject_event: None
2020-10-04 08:37:45,263 : INFO : EventManager : Event: ======'balldevice_balls_available'====== Args={}
2020-10-04 08:37:45,325 : INFO : EventManager : Event: ======'slide_base.slide_player-mode_base_started_created'====== Args={'_from_bcp': True}
2020-10-04 08:37:45,326 : INFO : EventManager : Event: ======'slide_base.slide_player-mode_base_started_active'====== Args={'_from_bcp': True}
2020-10-04 08:37:45,328 : INFO : ball_device.bd_trough : State: waiting_for_target_ready
2020-10-04 08:37:45,328 : INFO : EventManager : Event: ======'balldevice_bd_trough_ball_eject_attempt'====== Args={'balls': 1, 'target': <ball_device.bd_plunger>, 'source': <ball_device.bd_trough>, 'mechanical_eject': True, 'num_attempts': 0}
2020-10-04 08:37:45,329 : INFO : ball_device.bd_plunger : State: waiting_for_ball
2020-10-04 08:37:45,331 : INFO : ball_device.bd_trough : State: ejecting
2020-10-04 08:37:45,332 : INFO : ball_device.bd_trough : Ejecting ball to <ball_device.bd_plunger>
2020-10-04 08:37:45,332 : INFO : EventManager : Event: ======'balldevice_bd_trough_ejecting_ball'====== Args={'balls': 1, 'target': <ball_device.bd_plunger>, 'source': <ball_device.bd_trough>, 'mechanical_eject': True, 'num_attempts': 0}
2020-10-04 08:37:45,334 : INFO : ball_device.bd_trough : Wait for ball to leave device
2020-10-04 08:37:45,335 : INFO : coil.c_trough_eject : Pulsing Driver for 20ms (1.0 pulse_power)
2020-10-04 08:37:45,336 : INFO : SwitchController : <<<<<<< 's_trough1' inactive >>>>>>>
2020-10-04 08:37:45,357 : INFO : ball_device.bd_trough : State: ball_left
2020-10-04 08:37:45,358 : INFO : ball_device.bd_trough : Ball left
2020-10-04 08:37:45,358 : INFO : ball_device.bd_trough : Wait for confirm with timeout 10.0
2020-10-04 08:37:45,419 : INFO : SwitchController : <<<<<<< 's_plunger' active >>>>>>>
2020-10-04 08:37:45,419 : INFO : EventManager : Event: ======'machine_var_audits_switches_s_plunger'====== Args={'value': 543, 'prev_value': 542, 'change': 1}
2020-10-04 08:37:45,923 : INFO : ball_device.bd_plunger : Received ball from <ball_device.bd_trough>
2020-10-04 08:37:45,924 : INFO : EventManager : Event: ======'balldevice_bd_plunger_ball_enter'====== Args={'new_balls': 1, 'unclaimed_balls': 0, 'new_available_balls': 0, 'device': <ball_device.bd_plunger>}
2020-10-04 08:37:45,925 : INFO : EventManager : Event: ======'balldevice_bd_plunger_ball_entered'====== Args={'new_balls': 0, 'device': <ball_device.bd_plunger>}
2020-10-04 08:37:45,926 : INFO : EventManager : Event: ======'balldevice_bd_plunger_ball_count_changed'====== Args={'balls': 1}
2020-10-04 08:37:45,926 : INFO : ball_device.bd_trough : Got eject confirm
2020-10-04 08:37:45,927 : INFO : ball_device.bd_trough : Eject successful
2020-10-04 08:37:45,927 : INFO : EventManager : Event: ======'balldevice_bd_trough_ball_eject_success'====== Args={'balls': 1, 'target': <ball_device.bd_plunger>}
2020-10-04 08:37:45,928 : INFO : EventManager : Event: ======'balldevice_bd_trough_ball_count_changed'====== Args={'balls': 1}
2020-10-04 08:37:45,929 : INFO : ball_device.bd_trough : State: idle
2020-10-04 08:37:45,930 : INFO : ball_device.bd_plunger : State: waiting_for_target_ready
2020-10-04 08:37:45,930 : INFO : EventManager : Event: ======'balldevice_bd_plunger_ball_eject_attempt'====== Args={'balls': 1, 'target': <playfield.playfield>, 'source': <ball_device.bd_plunger>, 'mechanical_eject': True, 'num_attempts': 0}
2020-10-04 08:37:45,932 : INFO : ball_device.bd_plunger : State: ejecting
2020-10-04 08:37:45,932 : INFO : ball_device.bd_plunger : Ejecting ball to <playfield.playfield>
2020-10-04 08:37:45,933 : INFO : EventManager : Event: ======'balldevice_bd_plunger_ejecting_ball'====== Args={'balls': 1, 'target': <playfield.playfield>, 'source': <ball_device.bd_plunger>, 'mechanical_eject': True, 'num_attempts': 0}
2020-10-04 08:37:45,935 : INFO : ball_device.bd_plunger : Wait for ball to leave device
2020-10-04 08:37:47,654 : INFO : SwitchController : <<<<<<< 's_soul_S' active >>>>>>>
2020-10-04 08:37:47,654 : INFO : EventManager : Event: ======'s_soul_S_active'====== Args={}
2020-10-04 08:37:47,655 : INFO : EventManager : Event: ======'machine_var_audits_switches_s_soul_S'====== Args={'value': 129, 'prev_value': 128, 'change': 1}
2020-10-04 08:37:47,668 : INFO : EventManager : Event: ======'playfield_active'====== Args={}
2020-10-04 08:37:47,671 : INFO : EventManager : Event: ======'player_shot_soul_S'====== Args={'value': 1, 'prev_value': 0, 'change': 1, 'player_num': 1}
2020-10-04 08:37:47,673 : INFO : EventManager : Event: ======'machine_var_audits_shots_soul_S'====== Args={'value': 129, 'prev_value': 128, 'change': 1}
2020-10-04 08:37:47,674 : INFO : EventManager : Event: ======'soul_S_hit'====== Args={'profile': 'default', 'state': 'unlit', 'advancing': True}
2020-10-04 08:37:47,674 : INFO : EventManager : Event: ======'soul_S_default_hit'====== Args={'profile': 'default', 'state': 'unlit', 'advancing': True}
2020-10-04 08:37:47,675 : INFO : EventManager : Event: ======'soul_S_default_unlit_hit'====== Args={'profile': 'default', 'state': 'unlit', 'advancing': True}
2020-10-04 08:37:47,675 : INFO : EventManager : Event: ======'soul_S_unlit_hit'====== Args={'profile': 'default', 'state': 'unlit', 'advancing': True}
2020-10-04 08:37:47,676 : INFO : EventManager : Event: ======'player_score'====== Args={'value': 10, 'prev_value': 0, 'change': 10, 'player_num': 1}
2020-10-04 08:37:47,677 : INFO : EventManager : Event: ======'soul_lanes_hit'====== Args={}
2020-10-04 08:37:47,677 : INFO : EventManager : Event: ======'soul_lanes_unlit_hit'====== Args={}
2020-10-04 08:37:47,938 : INFO : SwitchController : <<<<<<< 's_soul_S' inactive >>>>>>>
2020-10-04 08:37:51,758 : INFO : SwitchController : <<<<<<< 's_soul_S' active >>>>>>>
2020-10-04 08:37:51,758 : INFO : EventManager : Event: ======'s_soul_S_active'====== Args={}
2020-10-04 08:37:51,759 : INFO : EventManager : Event: ======'machine_var_audits_switches_s_soul_S'====== Args={'value': 130, 'prev_value': 129, 'change': 1}
2020-10-04 08:37:51,766 : INFO : EventManager : Event: ======'playfield_active'====== Args={}
2020-10-04 08:37:51,771 : INFO : EventManager : Event: ======'machine_var_audits_shots_soul_S'====== Args={'value': 130, 'prev_value': 129, 'change': 1}
2020-10-04 08:37:51,772 : INFO : EventManager : Event: ======'soul_S_hit'====== Args={'profile': 'default', 'state': 'lit', 'advancing': False}
2020-10-04 08:37:51,773 : INFO : EventManager : Event: ======'soul_S_default_hit'====== Args={'profile': 'default', 'state': 'lit', 'advancing': False}
2020-10-04 08:37:51,775 : INFO : EventManager : Event: ======'soul_S_default_lit_hit'====== Args={'profile': 'default', 'state': 'lit', 'advancing': False}
2020-10-04 08:37:51,776 : INFO : EventManager : Event: ======'soul_S_lit_hit'====== Args={'profile': 'default', 'state': 'lit', 'advancing': False}
2020-10-04 08:37:51,776 : INFO : EventManager : Event: ======'player_score'====== Args={'value': 20, 'prev_value': 10, 'change': 10, 'player_num': 1}
2020-10-04 08:37:51,777 : INFO : EventManager : Event: ======'soul_lanes_hit'====== Args={}
2020-10-04 08:37:51,777 : INFO : EventManager : Event: ======'soul_lanes_lit_hit'====== Args={}
2020-10-04 08:37:51,979 : INFO : SwitchController : <<<<<<< 's_soul_S' inactive >>>>>>>
2020-10-04 08:37:53,604 : INFO : SwitchController : <<<<<<< 's_plunger' inactive >>>>>>>
2020-10-04 08:37:53,624 : INFO : ball_device.bd_plunger : State: ball_left
2020-10-04 08:37:53,625 : INFO : ball_device.bd_plunger : Ball left
2020-10-04 08:37:53,625 : INFO : ball_device.bd_plunger : Wait for confirm with timeout 10.0
2020-10-04 08:37:55,072 : INFO : SwitchController : <<<<<<< 's_exit_shooter_lane' active >>>>>>>
2020-10-04 08:37:55,073 : INFO : EventManager : Event: ======'sw_playfield_active'====== Args={}
2020-10-04 08:37:55,074 : INFO : EventManager : Event: ======'machine_var_audits_switches_s_exit_shooter_lane'====== Args={'value': 354, 'prev_value': 353, 'change': 1}
2020-10-04 08:37:55,078 : INFO : EventManager : Event: ======'playfield_active'====== Args={}
2020-10-04 08:37:55,115 : INFO : ball_device.bd_plunger : Got eject confirm
2020-10-04 08:37:55,115 : INFO : ball_device.bd_plunger : Eject successful
2020-10-04 08:37:55,115 : INFO : EventManager : Event: ======'balldevice_bd_plunger_ball_eject_success'====== Args={'balls': 1, 'target': <playfield.playfield>}
2020-10-04 08:37:55,116 : INFO : EventManager : Event: ======'balldevice_playfield_ball_enter'====== Args={'new_balls': 1, 'unclaimed_balls': 1, 'device': <playfield.playfield>}
2020-10-04 08:37:55,117 : INFO : EventManager : Event: ======'playfield_ball_count_change'====== Args={'balls': 1, 'change': 1}
2020-10-04 08:37:55,118 : INFO : EventManager : Event: ======'balldevice_bd_plunger_ball_count_changed'====== Args={'balls': 0}
2020-10-04 08:37:55,118 : INFO : ball_device.bd_plunger : State: idle
2020-10-04 08:37:55,424 : INFO : SwitchController : <<<<<<< 's_exit_shooter_lane' inactive >>>>>>>
2020-10-04 08:37:56,422 : INFO : SwitchController : <<<<<<< 's_soul_S' active >>>>>>>
2020-10-04 08:37:56,422 : INFO : EventManager : Event: ======'s_soul_S_active'====== Args={}
2020-10-04 08:37:56,423 : INFO : EventManager : Event: ======'machine_var_audits_switches_s_soul_S'====== Args={'value': 131, 'prev_value': 130, 'change': 1}
2020-10-04 08:37:56,436 : INFO : EventManager : Event: ======'machine_var_audits_shots_soul_S'====== Args={'value': 131, 'prev_value': 130, 'change': 1}
2020-10-04 08:37:56,437 : INFO : EventManager : Event: ======'soul_S_hit'====== Args={'profile': 'default', 'state': 'lit', 'advancing': False}
2020-10-04 08:37:56,437 : INFO : EventManager : Event: ======'soul_S_default_hit'====== Args={'profile': 'default', 'state': 'lit', 'advancing': False}
2020-10-04 08:37:56,438 : INFO : EventManager : Event: ======'soul_S_default_lit_hit'====== Args={'profile': 'default', 'state': 'lit', 'advancing': False}
2020-10-04 08:37:56,438 : INFO : EventManager : Event: ======'soul_S_lit_hit'====== Args={'profile': 'default', 'state': 'lit', 'advancing': False}
2020-10-04 08:37:56,438 : INFO : EventManager : Event: ======'player_score'====== Args={'value': 30, 'prev_value': 20, 'change': 10, 'player_num': 1}
2020-10-04 08:37:56,439 : INFO : EventManager : Event: ======'soul_lanes_hit'====== Args={}
2020-10-04 08:37:56,439 : INFO : EventManager : Event: ======'soul_lanes_lit_hit'====== Args={}
2020-10-04 08:37:56,603 : INFO : SwitchController : <<<<<<< 's_soul_S' inactive >>>>>>>
2020-10-04 08:37:57,111 : INFO : SwitchController : <<<<<<< 's_soul_S' active >>>>>>>
2020-10-04 08:37:57,111 : INFO : EventManager : Event: ======'s_soul_S_active'====== Args={}
2020-10-04 08:37:57,112 : INFO : EventManager : Event: ======'machine_var_audits_switches_s_soul_S'====== Args={'value': 132, 'prev_value': 131, 'change': 1}
2020-10-04 08:37:57,114 : INFO : EventManager : Event: ======'machine_var_audits_shots_soul_S'====== Args={'value': 132, 'prev_value': 131, 'change': 1}
2020-10-04 08:37:57,115 : INFO : EventManager : Event: ======'soul_S_hit'====== Args={'profile': 'default', 'state': 'lit', 'advancing': False}
2020-10-04 08:37:57,116 : INFO : EventManager : Event: ======'soul_S_default_hit'====== Args={'profile': 'default', 'state': 'lit', 'advancing': False}
2020-10-04 08:37:57,117 : INFO : EventManager : Event: ======'soul_S_default_lit_hit'====== Args={'profile': 'default', 'state': 'lit', 'advancing': False}
2020-10-04 08:37:57,117 : INFO : EventManager : Event: ======'soul_S_lit_hit'====== Args={'profile': 'default', 'state': 'lit', 'advancing': False}
2020-10-04 08:37:57,118 : INFO : EventManager : Event: ======'player_score'====== Args={'value': 40, 'prev_value': 30, 'change': 10, 'player_num': 1}
2020-10-04 08:37:57,118 : INFO : EventManager : Event: ======'soul_lanes_hit'====== Args={}
2020-10-04 08:37:57,119 : INFO : EventManager : Event: ======'soul_lanes_lit_hit'====== Args={}
2020-10-04 08:37:57,293 : INFO : SwitchController : <<<<<<< 's_soul_S' inactive >>>>>>>
2020-10-04 08:37:58,110 : INFO : SwitchController : <<<<<<< 's_soul_O' active >>>>>>>
2020-10-04 08:37:58,110 : INFO : EventManager : Event: ======'s_soul_O_active'====== Args={}
2020-10-04 08:37:58,111 : INFO : EventManager : Event: ======'machine_var_audits_switches_s_soul_O'====== Args={'value': 118, 'prev_value': 117, 'change': 1}
2020-10-04 08:37:58,112 : INFO : EventManager : Event: ======'player_shot_soul_O'====== Args={'value': 1, 'prev_value': 0, 'change': 1, 'player_num': 1}
2020-10-04 08:37:58,114 : INFO : EventManager : Event: ======'machine_var_audits_shots_soul_O'====== Args={'value': 113, 'prev_value': 112, 'change': 1}
2020-10-04 08:37:58,115 : INFO : EventManager : Event: ======'soul_O_hit'====== Args={'profile': 'default', 'state': 'unlit', 'advancing': True}
2020-10-04 08:37:58,116 : INFO : EventManager : Event: ======'soul_O_default_hit'====== Args={'profile': 'default', 'state': 'unlit', 'advancing': True}
2020-10-04 08:37:58,116 : INFO : EventManager : Event: ======'soul_O_default_unlit_hit'====== Args={'profile': 'default', 'state': 'unlit', 'advancing': True}
2020-10-04 08:37:58,116 : INFO : EventManager : Event: ======'soul_O_unlit_hit'====== Args={'profile': 'default', 'state': 'unlit', 'advancing': True}
2020-10-04 08:37:58,117 : INFO : EventManager : Event: ======'player_score'====== Args={'value': 50, 'prev_value': 40, 'change': 10, 'player_num': 1}
2020-10-04 08:37:58,118 : INFO : EventManager : Event: ======'soul_lanes_hit'====== Args={}
2020-10-04 08:37:58,118 : INFO : EventManager : Event: ======'soul_lanes_unlit_hit'====== Args={}
2020-10-04 08:37:58,239 : INFO : SwitchController : <<<<<<< 's_soul_O' inactive >>>>>>>
2020-10-04 08:37:58,440 : INFO : SwitchController : <<<<<<< 's_soul_U' active >>>>>>>
2020-10-04 08:37:58,441 : INFO : EventManager : Event: ======'s_soul_U_active'====== Args={}
2020-10-04 08:37:58,442 : INFO : EventManager : Event: ======'machine_var_audits_switches_s_soul_U'====== Args={'value': 110, 'prev_value': 109, 'change': 1}
2020-10-04 08:37:58,444 : INFO : EventManager : Event: ======'player_shot_soul_U'====== Args={'value': 1, 'prev_value': 0, 'change': 1, 'player_num': 1}
2020-10-04 08:37:58,446 : INFO : EventManager : Event: ======'machine_var_audits_shots_soul_U'====== Args={'value': 110, 'prev_value': 109, 'change': 1}
2020-10-04 08:37:58,447 : INFO : EventManager : Event: ======'soul_U_hit'====== Args={'profile': 'default', 'state': 'unlit', 'advancing': True}
2020-10-04 08:37:58,448 : INFO : EventManager : Event: ======'soul_U_default_hit'====== Args={'profile': 'default', 'state': 'unlit', 'advancing': True}
2020-10-04 08:37:58,448 : INFO : EventManager : Event: ======'soul_U_default_unlit_hit'====== Args={'profile': 'default', 'state': 'unlit', 'advancing': True}
2020-10-04 08:37:58,449 : INFO : EventManager : Event: ======'soul_U_unlit_hit'====== Args={'profile': 'default', 'state': 'unlit', 'advancing': True}
2020-10-04 08:37:58,449 : INFO : EventManager : Event: ======'player_score'====== Args={'value': 60, 'prev_value': 50, 'change': 10, 'player_num': 1}
2020-10-04 08:37:58,451 : INFO : EventManager : Event: ======'soul_lanes_hit'====== Args={}
2020-10-04 08:37:58,451 : INFO : EventManager : Event: ======'soul_lanes_unlit_hit'====== Args={}
2020-10-04 08:37:58,646 : INFO : SwitchController : <<<<<<< 's_soul_U' inactive >>>>>>>
2020-10-04 08:37:58,728 : INFO : SwitchController : <<<<<<< 's_soul_L' active >>>>>>>
2020-10-04 08:37:58,728 : INFO : EventManager : Event: ======'s_soul_L_active'====== Args={}
2020-10-04 08:37:58,729 : INFO : EventManager : Event: ======'machine_var_audits_switches_s_soul_L'====== Args={'value': 108, 'prev_value': 107, 'change': 1}
2020-10-04 08:37:58,730 : INFO : EventManager : Event: ======'player_shot_soul_L'====== Args={'value': 1, 'prev_value': 0, 'change': 1, 'player_num': 1}
2020-10-04 08:37:58,732 : INFO : EventManager : Event: ======'machine_var_audits_shots_soul_L'====== Args={'value': 107, 'prev_value': 106, 'change': 1}
2020-10-04 08:37:58,733 : INFO : EventManager : Event: ======'soul_L_hit'====== Args={'profile': 'default', 'state': 'unlit', 'advancing': True}
2020-10-04 08:37:58,733 : INFO : EventManager : Event: ======'soul_L_default_hit'====== Args={'profile': 'default', 'state': 'unlit', 'advancing': True}
2020-10-04 08:37:58,734 : INFO : EventManager : Event: ======'soul_L_default_unlit_hit'====== Args={'profile': 'default', 'state': 'unlit', 'advancing': True}
2020-10-04 08:37:58,734 : INFO : EventManager : Event: ======'soul_L_unlit_hit'====== Args={'profile': 'default', 'state': 'unlit', 'advancing': True}
2020-10-04 08:37:58,734 : INFO : EventManager : Event: ======'player_score'====== Args={'value': 70, 'prev_value': 60, 'change': 10, 'player_num': 1}
2020-10-04 08:37:58,735 : INFO : EventManager : Event: ======'soul_lanes_complete'====== Args={'state': 'lit'}
2020-10-04 08:37:58,736 : INFO : EventManager : Event: ======'soul_lanes_lit_complete'====== Args={}
2020-10-04 08:37:58,737 : INFO : EventManager : Event: ======'soul_lanes_hit'====== Args={}
2020-10-04 08:37:58,737 : INFO : EventManager : Event: ======'soul_lanes_unlit_hit'====== Args={}
2020-10-04 08:37:58,738 : INFO : EventManager : Event: ======'player_score'====== Args={'value': 1070, 'prev_value': 70, 'change': 1000, 'player_num': 1}
2020-10-04 08:37:58,739 : INFO : EventManager : Event: ======'logicblock_soul_complete_count_updated'====== Args={'value': 2, 'enabled': True}
2020-10-04 08:37:58,739 : INFO : EventManager : Event: ======'soul_lanes_done'====== Args={'count': 2}
2020-10-04 08:37:58,741 : INFO : EventManager : Event: ======'player_bonus_multiplier'====== Args={'value': 2, 'prev_value': 1, 'change': 1, 'player_num': 1}
2020-10-04 08:37:58,836 : INFO : SwitchController : <<<<<<< 's_soul_L' inactive >>>>>>>
2020-10-04 08:37:59,565 : INFO : SwitchController : <<<<<<< 's_soul_S' active >>>>>>>
2020-10-04 08:37:59,565 : INFO : EventManager : Event: ======'s_soul_S_active'====== Args={}
2020-10-04 08:37:59,567 : INFO : EventManager : Event: ======'machine_var_audits_switches_s_soul_S'====== Args={'value': 133, 'prev_value': 132, 'change': 1}
2020-10-04 08:37:59,570 : INFO : EventManager : Event: ======'machine_var_audits_shots_soul_S'====== Args={'value': 133, 'prev_value': 132, 'change': 1}
2020-10-04 08:37:59,571 : INFO : EventManager : Event: ======'soul_S_hit'====== Args={'profile': 'default', 'state': 'lit', 'advancing': False}
2020-10-04 08:37:59,572 : INFO : EventManager : Event: ======'soul_S_default_hit'====== Args={'profile': 'default', 'state': 'lit', 'advancing': False}
2020-10-04 08:37:59,572 : INFO : EventManager : Event: ======'soul_S_default_lit_hit'====== Args={'profile': 'default', 'state': 'lit', 'advancing': False}
2020-10-04 08:37:59,573 : INFO : EventManager : Event: ======'soul_S_lit_hit'====== Args={'profile': 'default', 'state': 'lit', 'advancing': False}
2020-10-04 08:37:59,573 : INFO : EventManager : Event: ======'player_score'====== Args={'value': 1080, 'prev_value': 1070, 'change': 10, 'player_num': 1}
2020-10-04 08:37:59,575 : INFO : EventManager : Event: ======'soul_lanes_hit'====== Args={}
2020-10-04 08:37:59,575 : INFO : EventManager : Event: ======'soul_lanes_lit_hit'====== Args={}
2020-10-04 08:37:59,726 : INFO : EventManager : Event: ======'player_shot_soul_S'====== Args={'value': 0, 'prev_value': 1, 'change': -1, 'player_num': 1}
2020-10-04 08:37:59,728 : INFO : EventManager : Event: ======'player_shot_soul_O'====== Args={'value': 0, 'prev_value': 1, 'change': -1, 'player_num': 1}
2020-10-04 08:37:59,730 : INFO : EventManager : Event: ======'player_shot_soul_U'====== Args={'value': 0, 'prev_value': 1, 'change': -1, 'player_num': 1}
2020-10-04 08:37:59,731 : INFO : EventManager : Event: ======'player_shot_soul_L'====== Args={'value': 0, 'prev_value': 1, 'change': -1, 'player_num': 1}
2020-10-04 08:37:59,744 : INFO : SwitchController : <<<<<<< 's_soul_S' inactive >>>>>>>
2020-10-04 08:37:59,824 : INFO : SwitchController : <<<<<<< 's_soul_O' active >>>>>>>
2020-10-04 08:37:59,825 : INFO : EventManager : Event: ======'s_soul_O_active'====== Args={}
2020-10-04 08:37:59,826 : INFO : EventManager : Event: ======'machine_var_audits_switches_s_soul_O'====== Args={'value': 119, 'prev_value': 118, 'change': 1}
2020-10-04 08:37:59,828 : INFO : EventManager : Event: ======'player_shot_soul_O'====== Args={'value': 1, 'prev_value': 0, 'change': 1, 'player_num': 1}
2020-10-04 08:37:59,829 : INFO : EventManager : Event: ======'machine_var_audits_shots_soul_O'====== Args={'value': 114, 'prev_value': 113, 'change': 1}
2020-10-04 08:37:59,831 : INFO : EventManager : Event: ======'soul_O_hit'====== Args={'profile': 'default', 'state': 'unlit', 'advancing': True}
2020-10-04 08:37:59,831 : INFO : EventManager : Event: ======'soul_O_default_hit'====== Args={'profile': 'default', 'state': 'unlit', 'advancing': True}
2020-10-04 08:37:59,832 : INFO : EventManager : Event: ======'soul_O_default_unlit_hit'====== Args={'profile': 'default', 'state': 'unlit', 'advancing': True}
2020-10-04 08:37:59,832 : INFO : EventManager : Event: ======'soul_O_unlit_hit'====== Args={'profile': 'default', 'state': 'unlit', 'advancing': True}
2020-10-04 08:37:59,833 : INFO : EventManager : Event: ======'player_score'====== Args={'value': 1090, 'prev_value': 1080, 'change': 10, 'player_num': 1}
2020-10-04 08:37:59,834 : INFO : EventManager : Event: ======'soul_lanes_hit'====== Args={}
2020-10-04 08:37:59,835 : INFO : EventManager : Event: ======'soul_lanes_unlit_hit'====== Args={}
2020-10-04 08:37:59,942 : INFO : SwitchController : <<<<<<< 's_soul_O' inactive >>>>>>>
2020-10-04 08:38:00,099 : INFO : SwitchController : <<<<<<< 's_soul_U' active >>>>>>>
2020-10-04 08:38:00,099 : INFO : EventManager : Event: ======'s_soul_U_active'====== Args={}
2020-10-04 08:38:00,100 : INFO : EventManager : Event: ======'machine_var_audits_switches_s_soul_U'====== Args={'value': 111, 'prev_value': 110, 'change': 1}
2020-10-04 08:38:00,102 : INFO : EventManager : Event: ======'player_shot_soul_U'====== Args={'value': 1, 'prev_value': 0, 'change': 1, 'player_num': 1}
2020-10-04 08:38:00,104 : INFO : EventManager : Event: ======'machine_var_audits_shots_soul_U'====== Args={'value': 111, 'prev_value': 110, 'change': 1}
2020-10-04 08:38:00,105 : INFO : EventManager : Event: ======'soul_U_hit'====== Args={'profile': 'default', 'state': 'unlit', 'advancing': True}
2020-10-04 08:38:00,106 : INFO : EventManager : Event: ======'soul_U_default_hit'====== Args={'profile': 'default', 'state': 'unlit', 'advancing': True}
2020-10-04 08:38:00,106 : INFO : EventManager : Event: ======'soul_U_default_unlit_hit'====== Args={'profile': 'default', 'state': 'unlit', 'advancing': True}
2020-10-04 08:38:00,107 : INFO : EventManager : Event: ======'soul_U_unlit_hit'====== Args={'profile': 'default', 'state': 'unlit', 'advancing': True}
2020-10-04 08:38:00,108 : INFO : EventManager : Event: ======'player_score'====== Args={'value': 1100, 'prev_value': 1090, 'change': 10, 'player_num': 1}
2020-10-04 08:38:00,109 : INFO : EventManager : Event: ======'soul_lanes_hit'====== Args={}
2020-10-04 08:38:00,109 : INFO : EventManager : Event: ======'soul_lanes_unlit_hit'====== Args={}
2020-10-04 08:38:00,231 : INFO : SwitchController : <<<<<<< 's_soul_U' inactive >>>>>>>
2020-10-04 08:38:00,388 : INFO : SwitchController : <<<<<<< 's_soul_L' active >>>>>>>
2020-10-04 08:38:00,388 : INFO : EventManager : Event: ======'s_soul_L_active'====== Args={}
2020-10-04 08:38:00,389 : INFO : EventManager : Event: ======'machine_var_audits_switches_s_soul_L'====== Args={'value': 109, 'prev_value': 108, 'change': 1}
2020-10-04 08:38:00,391 : INFO : EventManager : Event: ======'player_shot_soul_L'====== Args={'value': 1, 'prev_value': 0, 'change': 1, 'player_num': 1}
2020-10-04 08:38:00,394 : INFO : EventManager : Event: ======'machine_var_audits_shots_soul_L'====== Args={'value': 108, 'prev_value': 107, 'change': 1}
2020-10-04 08:38:00,395 : INFO : EventManager : Event: ======'soul_L_hit'====== Args={'profile': 'default', 'state': 'unlit', 'advancing': True}
2020-10-04 08:38:00,396 : INFO : EventManager : Event: ======'soul_L_default_hit'====== Args={'profile': 'default', 'state': 'unlit', 'advancing': True}
2020-10-04 08:38:00,396 : INFO : EventManager : Event: ======'soul_L_default_unlit_hit'====== Args={'profile': 'default', 'state': 'unlit', 'advancing': True}
2020-10-04 08:38:00,397 : INFO : EventManager : Event: ======'soul_L_unlit_hit'====== Args={'profile': 'default', 'state': 'unlit', 'advancing': True}
2020-10-04 08:38:00,398 : INFO : EventManager : Event: ======'player_score'====== Args={'value': 1110, 'prev_value': 1100, 'change': 10, 'player_num': 1}
2020-10-04 08:38:00,398 : INFO : EventManager : Event: ======'soul_lanes_hit'====== Args={}
2020-10-04 08:38:00,399 : INFO : EventManager : Event: ======'soul_lanes_unlit_hit'====== Args={}
2020-10-04 08:38:00,563 : INFO : SwitchController : <<<<<<< 's_soul_L' inactive >>>>>>>
2020-10-04 08:38:01,490 : INFO : SwitchController : <<<<<<< 's_soul_S' active >>>>>>>
2020-10-04 08:38:01,490 : INFO : EventManager : Event: ======'s_soul_S_active'====== Args={}
2020-10-04 08:38:01,492 : INFO : EventManager : Event: ======'machine_var_audits_switches_s_soul_S'====== Args={'value': 134, 'prev_value': 133, 'change': 1}
2020-10-04 08:38:01,494 : INFO : EventManager : Event: ======'player_shot_soul_S'====== Args={'value': 1, 'prev_value': 0, 'change': 1, 'player_num': 1}
2020-10-04 08:38:01,496 : INFO : EventManager : Event: ======'machine_var_audits_shots_soul_S'====== Args={'value': 134, 'prev_value': 133, 'change': 1}
2020-10-04 08:38:01,497 : INFO : EventManager : Event: ======'soul_S_hit'====== Args={'profile': 'default', 'state': 'unlit', 'advancing': True}
2020-10-04 08:38:01,498 : INFO : EventManager : Event: ======'soul_S_default_hit'====== Args={'profile': 'default', 'state': 'unlit', 'advancing': True}
2020-10-04 08:38:01,498 : INFO : EventManager : Event: ======'soul_S_default_unlit_hit'====== Args={'profile': 'default', 'state': 'unlit', 'advancing': True}
2020-10-04 08:38:01,499 : INFO : EventManager : Event: ======'soul_S_unlit_hit'====== Args={'profile': 'default', 'state': 'unlit', 'advancing': True}
2020-10-04 08:38:01,499 : INFO : EventManager : Event: ======'player_score'====== Args={'value': 1120, 'prev_value': 1110, 'change': 10, 'player_num': 1}
2020-10-04 08:38:01,500 : INFO : EventManager : Event: ======'soul_lanes_complete'====== Args={'state': 'lit'}
2020-10-04 08:38:01,501 : INFO : EventManager : Event: ======'soul_lanes_lit_complete'====== Args={}
2020-10-04 08:38:01,502 : INFO : EventManager : Event: ======'soul_lanes_hit'====== Args={}
2020-10-04 08:38:01,502 : INFO : EventManager : Event: ======'soul_lanes_unlit_hit'====== Args={}
2020-10-04 08:38:01,503 : INFO : EventManager : Event: ======'player_score'====== Args={'value': 2120, 'prev_value': 1120, 'change': 1000, 'player_num': 1}
2020-10-04 08:38:01,504 : INFO : EventManager : Event: ======'logicblock_soul_complete_count_updated'====== Args={'value': 3, 'enabled': True}
2020-10-04 08:38:01,505 : INFO : EventManager : Event: ======'soul_lanes_done'====== Args={'count': 3}
2020-10-04 08:38:01,506 : INFO : EventManager : Event: ======'player_bonus_multiplier'====== Args={'value': 3, 'prev_value': 2, 'change': 1, 'player_num': 1}
2020-10-04 08:38:01,678 : INFO : SwitchController : <<<<<<< 's_soul_S' inactive >>>>>>>
2020-10-04 08:38:02,384 : INFO : SwitchController : <<<<<<< 's_soul_S' active >>>>>>>
2020-10-04 08:38:02,384 : INFO : EventManager : Event: ======'s_soul_S_active'====== Args={}
2020-10-04 08:38:02,385 : INFO : EventManager : Event: ======'machine_var_audits_switches_s_soul_S'====== Args={'value': 135, 'prev_value': 134, 'change': 1}
2020-10-04 08:38:02,387 : INFO : EventManager : Event: ======'machine_var_audits_shots_soul_S'====== Args={'value': 135, 'prev_value': 134, 'change': 1}
2020-10-04 08:38:02,389 : INFO : EventManager : Event: ======'soul_S_hit'====== Args={'profile': 'default', 'state': 'lit', 'advancing': False}
2020-10-04 08:38:02,389 : INFO : EventManager : Event: ======'soul_S_default_hit'====== Args={'profile': 'default', 'state': 'lit', 'advancing': False}
2020-10-04 08:38:02,390 : INFO : EventManager : Event: ======'soul_S_default_lit_hit'====== Args={'profile': 'default', 'state': 'lit', 'advancing': False}
2020-10-04 08:38:02,390 : INFO : EventManager : Event: ======'soul_S_lit_hit'====== Args={'profile': 'default', 'state': 'lit', 'advancing': False}
2020-10-04 08:38:02,391 : INFO : EventManager : Event: ======'player_score'====== Args={'value': 2130, 'prev_value': 2120, 'change': 10, 'player_num': 1}
2020-10-04 08:38:02,392 : INFO : EventManager : Event: ======'soul_lanes_hit'====== Args={}
2020-10-04 08:38:02,393 : INFO : EventManager : Event: ======'soul_lanes_lit_hit'====== Args={}
2020-10-04 08:38:02,498 : INFO : EventManager : Event: ======'player_shot_soul_S'====== Args={'value': 0, 'prev_value': 1, 'change': -1, 'player_num': 1}
2020-10-04 08:38:02,500 : INFO : EventManager : Event: ======'player_shot_soul_O'====== Args={'value': 0, 'prev_value': 1, 'change': -1, 'player_num': 1}
2020-10-04 08:38:02,501 : INFO : EventManager : Event: ======'player_shot_soul_U'====== Args={'value': 0, 'prev_value': 1, 'change': -1, 'player_num': 1}
2020-10-04 08:38:02,503 : INFO : EventManager : Event: ======'player_shot_soul_L'====== Args={'value': 0, 'prev_value': 1, 'change': -1, 'player_num': 1}
2020-10-04 08:38:02,620 : INFO : SwitchController : <<<<<<< 's_soul_S' inactive >>>>>>>
2020-10-04 08:38:03,093 : INFO : SwitchController : <<<<<<< 's_soul_O' active >>>>>>>
2020-10-04 08:38:03,094 : INFO : EventManager : Event: ======'s_soul_O_active'====== Args={}
2020-10-04 08:38:03,094 : INFO : EventManager : Event: ======'machine_var_audits_switches_s_soul_O'====== Args={'value': 120, 'prev_value': 119, 'change': 1}
2020-10-04 08:38:03,096 : INFO : EventManager : Event: ======'player_shot_soul_O'====== Args={'value': 1, 'prev_value': 0, 'change': 1, 'player_num': 1}
2020-10-04 08:38:03,098 : INFO : EventManager : Event: ======'machine_var_audits_shots_soul_O'====== Args={'value': 115, 'prev_value': 114, 'change': 1}
2020-10-04 08:38:03,099 : INFO : EventManager : Event: ======'soul_O_hit'====== Args={'profile': 'default', 'state': 'unlit', 'advancing': True}
2020-10-04 08:38:03,100 : INFO : EventManager : Event: ======'soul_O_default_hit'====== Args={'profile': 'default', 'state': 'unlit', 'advancing': True}
2020-10-04 08:38:03,100 : INFO : EventManager : Event: ======'soul_O_default_unlit_hit'====== Args={'profile': 'default', 'state': 'unlit', 'advancing': True}
2020-10-04 08:38:03,101 : INFO : EventManager : Event: ======'soul_O_unlit_hit'====== Args={'profile': 'default', 'state': 'unlit', 'advancing': True}
2020-10-04 08:38:03,101 : INFO : EventManager : Event: ======'player_score'====== Args={'value': 2140, 'prev_value': 2130, 'change': 10, 'player_num': 1}
2020-10-04 08:38:03,103 : INFO : EventManager : Event: ======'soul_lanes_hit'====== Args={}
2020-10-04 08:38:03,103 : INFO : EventManager : Event: ======'soul_lanes_unlit_hit'====== Args={}
2020-10-04 08:38:03,248 : INFO : SwitchController : <<<<<<< 's_soul_O' inactive >>>>>>>
2020-10-04 08:38:03,419 : INFO : SwitchController : <<<<<<< 's_soul_U' active >>>>>>>
2020-10-04 08:38:03,419 : INFO : EventManager : Event: ======'s_soul_U_active'====== Args={}
2020-10-04 08:38:03,420 : INFO : EventManager : Event: ======'machine_var_audits_switches_s_soul_U'====== Args={'value': 112, 'prev_value': 111, 'change': 1}
2020-10-04 08:38:03,423 : INFO : EventManager : Event: ======'player_shot_soul_U'====== Args={'value': 1, 'prev_value': 0, 'change': 1, 'player_num': 1}
2020-10-04 08:38:03,424 : INFO : EventManager : Event: ======'machine_var_audits_shots_soul_U'====== Args={'value': 112, 'prev_value': 111, 'change': 1}
2020-10-04 08:38:03,426 : INFO : EventManager : Event: ======'soul_U_hit'====== Args={'profile': 'default', 'state': 'unlit', 'advancing': True}
2020-10-04 08:38:03,427 : INFO : EventManager : Event: ======'soul_U_default_hit'====== Args={'profile': 'default', 'state': 'unlit', 'advancing': True}
2020-10-04 08:38:03,427 : INFO : EventManager : Event: ======'soul_U_default_unlit_hit'====== Args={'profile': 'default', 'state': 'unlit', 'advancing': True}
2020-10-04 08:38:03,428 : INFO : EventManager : Event: ======'soul_U_unlit_hit'====== Args={'profile': 'default', 'state': 'unlit', 'advancing': True}
2020-10-04 08:38:03,428 : INFO : EventManager : Event: ======'player_score'====== Args={'value': 2150, 'prev_value': 2140, 'change': 10, 'player_num': 1}
2020-10-04 08:38:03,428 : INFO : EventManager : Event: ======'soul_lanes_hit'====== Args={}
2020-10-04 08:38:03,429 : INFO : EventManager : Event: ======'soul_lanes_unlit_hit'====== Args={}
2020-10-04 08:38:03,559 : INFO : SwitchController : <<<<<<< 's_soul_U' inactive >>>>>>>
2020-10-04 08:38:03,792 : INFO : SwitchController : <<<<<<< 's_soul_L' active >>>>>>>
2020-10-04 08:38:03,792 : INFO : EventManager : Event: ======'s_soul_L_active'====== Args={}
2020-10-04 08:38:03,793 : INFO : EventManager : Event: ======'machine_var_audits_switches_s_soul_L'====== Args={'value': 110, 'prev_value': 109, 'change': 1}
2020-10-04 08:38:03,795 : INFO : EventManager : Event: ======'player_shot_soul_L'====== Args={'value': 1, 'prev_value': 0, 'change': 1, 'player_num': 1}
2020-10-04 08:38:03,797 : INFO : EventManager : Event: ======'machine_var_audits_shots_soul_L'====== Args={'value': 109, 'prev_value': 108, 'change': 1}
2020-10-04 08:38:03,798 : INFO : EventManager : Event: ======'soul_L_hit'====== Args={'profile': 'default', 'state': 'unlit', 'advancing': True}
2020-10-04 08:38:03,799 : INFO : EventManager : Event: ======'soul_L_default_hit'====== Args={'profile': 'default', 'state': 'unlit', 'advancing': True}
2020-10-04 08:38:03,799 : INFO : EventManager : Event: ======'soul_L_default_unlit_hit'====== Args={'profile': 'default', 'state': 'unlit', 'advancing': True}
2020-10-04 08:38:03,800 : INFO : EventManager : Event: ======'soul_L_unlit_hit'====== Args={'profile': 'default', 'state': 'unlit', 'advancing': True}
2020-10-04 08:38:03,801 : INFO : EventManager : Event: ======'player_score'====== Args={'value': 2160, 'prev_value': 2150, 'change': 10, 'player_num': 1}
2020-10-04 08:38:03,801 : INFO : EventManager : Event: ======'soul_lanes_hit'====== Args={}
2020-10-04 08:38:03,802 : INFO : EventManager : Event: ======'soul_lanes_unlit_hit'====== Args={}
2020-10-04 08:38:03,979 : INFO : SwitchController : <<<<<<< 's_soul_L' inactive >>>>>>>
2020-10-04 08:38:05,121 : INFO : SwitchController : <<<<<<< 's_soul_S' active >>>>>>>
2020-10-04 08:38:05,121 : INFO : EventManager : Event: ======'s_soul_S_active'====== Args={}
2020-10-04 08:38:05,122 : INFO : EventManager : Event: ======'machine_var_audits_switches_s_soul_S'====== Args={'value': 136, 'prev_value': 135, 'change': 1}
2020-10-04 08:38:05,123 : INFO : EventManager : Event: ======'player_shot_soul_S'====== Args={'value': 1, 'prev_value': 0, 'change': 1, 'player_num': 1}
2020-10-04 08:38:05,125 : INFO : EventManager : Event: ======'machine_var_audits_shots_soul_S'====== Args={'value': 136, 'prev_value': 135, 'change': 1}
2020-10-04 08:38:05,127 : INFO : EventManager : Event: ======'soul_S_hit'====== Args={'profile': 'default', 'state': 'unlit', 'advancing': True}
2020-10-04 08:38:05,127 : INFO : EventManager : Event: ======'soul_S_default_hit'====== Args={'profile': 'default', 'state': 'unlit', 'advancing': True}
2020-10-04 08:38:05,128 : INFO : EventManager : Event: ======'soul_S_default_unlit_hit'====== Args={'profile': 'default', 'state': 'unlit', 'advancing': True}
2020-10-04 08:38:05,128 : INFO : EventManager : Event: ======'soul_S_unlit_hit'====== Args={'profile': 'default', 'state': 'unlit', 'advancing': True}
2020-10-04 08:38:05,129 : INFO : EventManager : Event: ======'player_score'====== Args={'value': 2170, 'prev_value': 2160, 'change': 10, 'player_num': 1}
2020-10-04 08:38:05,130 : INFO : EventManager : Event: ======'soul_lanes_complete'====== Args={'state': 'lit'}
2020-10-04 08:38:05,131 : INFO : EventManager : Event: ======'soul_lanes_lit_complete'====== Args={}
2020-10-04 08:38:05,131 : INFO : EventManager : Event: ======'soul_lanes_hit'====== Args={}
2020-10-04 08:38:05,132 : INFO : EventManager : Event: ======'soul_lanes_unlit_hit'====== Args={}
2020-10-04 08:38:05,132 : INFO : EventManager : Event: ======'player_score'====== Args={'value': 3170, 'prev_value': 2170, 'change': 1000, 'player_num': 1}
2020-10-04 08:38:05,134 : INFO : EventManager : Event: ======'logicblock_soul_complete_count_updated'====== Args={'value': 4, 'enabled': True}
2020-10-04 08:38:05,134 : INFO : EventManager : Event: ======'soul_lanes_done'====== Args={'count': 4}
2020-10-04 08:38:05,136 : INFO : EventManager : Event: ======'player_bonus_multiplier'====== Args={'value': 4, 'prev_value': 3, 'change': 1, 'player_num': 1}
2020-10-04 08:38:05,278 : INFO : SwitchController : <<<<<<< 's_soul_S' inactive >>>>>>>
2020-10-04 08:38:06,143 : INFO : EventManager : Event: ======'player_shot_soul_S'====== Args={'value': 0, 'prev_value': 1, 'change': -1, 'player_num': 1}
2020-10-04 08:38:06,145 : INFO : EventManager : Event: ======'player_shot_soul_O'====== Args={'value': 0, 'prev_value': 1, 'change': -1, 'player_num': 1}
2020-10-04 08:38:06,146 : INFO : EventManager : Event: ======'player_shot_soul_U'====== Args={'value': 0, 'prev_value': 1, 'change': -1, 'player_num': 1}
2020-10-04 08:38:06,147 : INFO : EventManager : Event: ======'player_shot_soul_L'====== Args={'value': 0, 'prev_value': 1, 'change': -1, 'player_num': 1}
2020-10-04 08:38:07,243 : INFO : SwitchController : <<<<<<< 's_soul_S' active >>>>>>>
2020-10-04 08:38:07,243 : INFO : EventManager : Event: ======'s_soul_S_active'====== Args={}
2020-10-04 08:38:07,244 : INFO : EventManager : Event: ======'machine_var_audits_switches_s_soul_S'====== Args={'value': 137, 'prev_value': 136, 'change': 1}
2020-10-04 08:38:07,245 : INFO : EventManager : Event: ======'player_shot_soul_S'====== Args={'value': 1, 'prev_value': 0, 'change': 1, 'player_num': 1}
2020-10-04 08:38:07,246 : INFO : EventManager : Event: ======'machine_var_audits_shots_soul_S'====== Args={'value': 137, 'prev_value': 136, 'change': 1}
2020-10-04 08:38:07,253 : INFO : EventManager : Event: ======'soul_S_hit'====== Args={'profile': 'default', 'state': 'unlit', 'advancing': True}
2020-10-04 08:38:07,253 : INFO : EventManager : Event: ======'soul_S_default_hit'====== Args={'profile': 'default', 'state': 'unlit', 'advancing': True}
2020-10-04 08:38:07,254 : INFO : EventManager : Event: ======'soul_S_default_unlit_hit'====== Args={'profile': 'default', 'state': 'unlit', 'advancing': True}
2020-10-04 08:38:07,260 : INFO : EventManager : Event: ======'soul_S_unlit_hit'====== Args={'profile': 'default', 'state': 'unlit', 'advancing': True}
2020-10-04 08:38:07,263 : INFO : EventManager : Event: ======'player_score'====== Args={'value': 3180, 'prev_value': 3170, 'change': 10, 'player_num': 1}
2020-10-04 08:38:07,264 : INFO : EventManager : Event: ======'soul_lanes_hit'====== Args={}
2020-10-04 08:38:07,264 : INFO : EventManager : Event: ======'soul_lanes_unlit_hit'====== Args={}
2020-10-04 08:38:07,463 : INFO : SwitchController : <<<<<<< 's_soul_S' inactive >>>>>>>
2020-10-04 08:38:08,160 : INFO : SwitchController : <<<<<<< 's_soul_O' active >>>>>>>
2020-10-04 08:38:08,160 : INFO : EventManager : Event: ======'s_soul_O_active'====== Args={}
2020-10-04 08:38:08,161 : INFO : EventManager : Event: ======'machine_var_audits_switches_s_soul_O'====== Args={'value': 121, 'prev_value': 120, 'change': 1}
2020-10-04 08:38:08,164 : INFO : EventManager : Event: ======'player_shot_soul_O'====== Args={'value': 1, 'prev_value': 0, 'change': 1, 'player_num': 1}
2020-10-04 08:38:08,165 : INFO : EventManager : Event: ======'machine_var_audits_shots_soul_O'====== Args={'value': 116, 'prev_value': 115, 'change': 1}
2020-10-04 08:38:08,166 : INFO : EventManager : Event: ======'soul_O_hit'====== Args={'profile': 'default', 'state': 'unlit', 'advancing': True}
2020-10-04 08:38:08,167 : INFO : EventManager : Event: ======'soul_O_default_hit'====== Args={'profile': 'default', 'state': 'unlit', 'advancing': True}
2020-10-04 08:38:08,168 : INFO : EventManager : Event: ======'soul_O_default_unlit_hit'====== Args={'profile': 'default', 'state': 'unlit', 'advancing': True}
2020-10-04 08:38:08,168 : INFO : EventManager : Event: ======'soul_O_unlit_hit'====== Args={'profile': 'default', 'state': 'unlit', 'advancing': True}
2020-10-04 08:38:08,169 : INFO : EventManager : Event: ======'player_score'====== Args={'value': 3190, 'prev_value': 3180, 'change': 10, 'player_num': 1}
2020-10-04 08:38:08,170 : INFO : EventManager : Event: ======'soul_lanes_hit'====== Args={}
2020-10-04 08:38:08,170 : INFO : EventManager : Event: ======'soul_lanes_unlit_hit'====== Args={}
2020-10-04 08:38:08,304 : INFO : SwitchController : <<<<<<< 's_soul_O' inactive >>>>>>>
2020-10-04 08:38:08,731 : INFO : SwitchController : <<<<<<< 's_soul_U' active >>>>>>>
2020-10-04 08:38:08,731 : INFO : EventManager : Event: ======'s_soul_U_active'====== Args={}
2020-10-04 08:38:08,733 : INFO : EventManager : Event: ======'machine_var_audits_switches_s_soul_U'====== Args={'value': 113, 'prev_value': 112, 'change': 1}
2020-10-04 08:38:08,734 : INFO : EventManager : Event: ======'player_shot_soul_U'====== Args={'value': 1, 'prev_value': 0, 'change': 1, 'player_num': 1}
2020-10-04 08:38:08,736 : INFO : EventManager : Event: ======'machine_var_audits_shots_soul_U'====== Args={'value': 113, 'prev_value': 112, 'change': 1}
2020-10-04 08:38:08,737 : INFO : EventManager : Event: ======'soul_U_hit'====== Args={'profile': 'default', 'state': 'unlit', 'advancing': True}
2020-10-04 08:38:08,737 : INFO : EventManager : Event: ======'soul_U_default_hit'====== Args={'profile': 'default', 'state': 'unlit', 'advancing': True}
2020-10-04 08:38:08,737 : INFO : EventManager : Event: ======'soul_U_default_unlit_hit'====== Args={'profile': 'default', 'state': 'unlit', 'advancing': True}
2020-10-04 08:38:08,738 : INFO : EventManager : Event: ======'soul_U_unlit_hit'====== Args={'profile': 'default', 'state': 'unlit', 'advancing': True}
2020-10-04 08:38:08,738 : INFO : EventManager : Event: ======'player_score'====== Args={'value': 3200, 'prev_value': 3190, 'change': 10, 'player_num': 1}
2020-10-04 08:38:08,739 : INFO : EventManager : Event: ======'soul_lanes_hit'====== Args={}
2020-10-04 08:38:08,739 : INFO : EventManager : Event: ======'soul_lanes_unlit_hit'====== Args={}
2020-10-04 08:38:08,881 : INFO : SwitchController : <<<<<<< 's_soul_U' inactive >>>>>>>
2020-10-04 08:38:09,368 : INFO : SwitchController : <<<<<<< 's_soul_L' active >>>>>>>
2020-10-04 08:38:09,368 : INFO : EventManager : Event: ======'s_soul_L_active'====== Args={}
2020-10-04 08:38:09,369 : INFO : EventManager : Event: ======'machine_var_audits_switches_s_soul_L'====== Args={'value': 111, 'prev_value': 110, 'change': 1}
2020-10-04 08:38:09,371 : INFO : EventManager : Event: ======'player_shot_soul_L'====== Args={'value': 1, 'prev_value': 0, 'change': 1, 'player_num': 1}
2020-10-04 08:38:09,373 : INFO : EventManager : Event: ======'machine_var_audits_shots_soul_L'====== Args={'value': 110, 'prev_value': 109, 'change': 1}
2020-10-04 08:38:09,374 : INFO : EventManager : Event: ======'soul_L_hit'====== Args={'profile': 'default', 'state': 'unlit', 'advancing': True}
2020-10-04 08:38:09,375 : INFO : EventManager : Event: ======'soul_L_default_hit'====== Args={'profile': 'default', 'state': 'unlit', 'advancing': True}
2020-10-04 08:38:09,375 : INFO : EventManager : Event: ======'soul_L_default_unlit_hit'====== Args={'profile': 'default', 'state': 'unlit', 'advancing': True}
2020-10-04 08:38:09,376 : INFO : EventManager : Event: ======'soul_L_unlit_hit'====== Args={'profile': 'default', 'state': 'unlit', 'advancing': True}
2020-10-04 08:38:09,376 : INFO : EventManager : Event: ======'player_score'====== Args={'value': 3210, 'prev_value': 3200, 'change': 10, 'player_num': 1}
2020-10-04 08:38:09,377 : INFO : EventManager : Event: ======'soul_lanes_complete'====== Args={'state': 'lit'}
2020-10-04 08:38:09,378 : INFO : EventManager : Event: ======'soul_lanes_lit_complete'====== Args={}
2020-10-04 08:38:09,379 : INFO : EventManager : Event: ======'soul_lanes_hit'====== Args={}
2020-10-04 08:38:09,379 : INFO : EventManager : Event: ======'soul_lanes_unlit_hit'====== Args={}
2020-10-04 08:38:09,380 : INFO : EventManager : Event: ======'player_score'====== Args={'value': 4210, 'prev_value': 3210, 'change': 1000, 'player_num': 1}
2020-10-04 08:38:09,382 : INFO : EventManager : Event: ======'logicblock_soul_complete_count_updated'====== Args={'value': 5, 'enabled': True}
2020-10-04 08:38:09,382 : INFO : EventManager : Event: ======'soul_lanes_done'====== Args={'count': 5}
2020-10-04 08:38:09,384 : INFO : EventManager : Event: ======'player_bonus_multiplier'====== Args={'value': 5, 'prev_value': 4, 'change': 1, 'player_num': 1}
2020-10-04 08:38:09,559 : INFO : SwitchController : <<<<<<< 's_soul_L' inactive >>>>>>>
2020-10-04 08:38:10,380 : INFO : EventManager : Event: ======'player_shot_soul_S'====== Args={'value': 0, 'prev_value': 1, 'change': -1, 'player_num': 1}
2020-10-04 08:38:10,382 : INFO : EventManager : Event: ======'player_shot_soul_O'====== Args={'value': 0, 'prev_value': 1, 'change': -1, 'player_num': 1}
2020-10-04 08:38:10,383 : INFO : EventManager : Event: ======'player_shot_soul_U'====== Args={'value': 0, 'prev_value': 1, 'change': -1, 'player_num': 1}
2020-10-04 08:38:10,385 : INFO : EventManager : Event: ======'player_shot_soul_L'====== Args={'value': 0, 'prev_value': 1, 'change': -1, 'player_num': 1}
2020-10-04 08:38:13,726 : INFO : SwitchController : <<<<<<< 's_soul_S' active >>>>>>>
2020-10-04 08:38:13,727 : INFO : EventManager : Event: ======'s_soul_S_active'====== Args={}
2020-10-04 08:38:13,727 : INFO : EventManager : Event: ======'machine_var_audits_switches_s_soul_S'====== Args={'value': 138, 'prev_value': 137, 'change': 1}
2020-10-04 08:38:13,729 : INFO : EventManager : Event: ======'player_shot_soul_S'====== Args={'value': 1, 'prev_value': 0, 'change': 1, 'player_num': 1}
2020-10-04 08:38:13,730 : INFO : EventManager : Event: ======'machine_var_audits_shots_soul_S'====== Args={'value': 138, 'prev_value': 137, 'change': 1}
2020-10-04 08:38:13,731 : INFO : EventManager : Event: ======'soul_S_hit'====== Args={'profile': 'default', 'state': 'unlit', 'advancing': True}
2020-10-04 08:38:13,732 : INFO : EventManager : Event: ======'soul_S_default_hit'====== Args={'profile': 'default', 'state': 'unlit', 'advancing': True}
2020-10-04 08:38:13,732 : INFO : EventManager : Event: ======'soul_S_default_unlit_hit'====== Args={'profile': 'default', 'state': 'unlit', 'advancing': True}
2020-10-04 08:38:13,733 : INFO : EventManager : Event: ======'soul_S_unlit_hit'====== Args={'profile': 'default', 'state': 'unlit', 'advancing': True}
2020-10-04 08:38:13,733 : INFO : EventManager : Event: ======'player_score'====== Args={'value': 4220, 'prev_value': 4210, 'change': 10, 'player_num': 1}
2020-10-04 08:38:13,734 : INFO : EventManager : Event: ======'soul_lanes_hit'====== Args={}
2020-10-04 08:38:13,734 : INFO : EventManager : Event: ======'soul_lanes_unlit_hit'====== Args={}
2020-10-04 08:38:13,989 : INFO : SwitchController : <<<<<<< 's_soul_S' inactive >>>>>>>
2020-10-04 08:38:15,283 : INFO : SwitchController : <<<<<<< 's_soul_O' active >>>>>>>
2020-10-04 08:38:15,284 : INFO : EventManager : Event: ======'s_soul_O_active'====== Args={}
2020-10-04 08:38:15,284 : INFO : EventManager : Event: ======'machine_var_audits_switches_s_soul_O'====== Args={'value': 122, 'prev_value': 121, 'change': 1}
2020-10-04 08:38:15,298 : INFO : EventManager : Event: ======'player_shot_soul_O'====== Args={'value': 1, 'prev_value': 0, 'change': 1, 'player_num': 1}
2020-10-04 08:38:15,302 : INFO : EventManager : Event: ======'machine_var_audits_shots_soul_O'====== Args={'value': 117, 'prev_value': 116, 'change': 1}
2020-10-04 08:38:15,303 : INFO : EventManager : Event: ======'soul_O_hit'====== Args={'profile': 'default', 'state': 'unlit', 'advancing': True}
2020-10-04 08:38:15,304 : INFO : EventManager : Event: ======'soul_O_default_hit'====== Args={'profile': 'default', 'state': 'unlit', 'advancing': True}
2020-10-04 08:38:15,305 : INFO : EventManager : Event: ======'soul_O_default_unlit_hit'====== Args={'profile': 'default', 'state': 'unlit', 'advancing': True}
2020-10-04 08:38:15,305 : INFO : EventManager : Event: ======'soul_O_unlit_hit'====== Args={'profile': 'default', 'state': 'unlit', 'advancing': True}
2020-10-04 08:38:15,306 : INFO : EventManager : Event: ======'player_score'====== Args={'value': 4230, 'prev_value': 4220, 'change': 10, 'player_num': 1}
2020-10-04 08:38:15,307 : INFO : EventManager : Event: ======'soul_lanes_hit'====== Args={}
2020-10-04 08:38:15,307 : INFO : EventManager : Event: ======'soul_lanes_unlit_hit'====== Args={}
2020-10-04 08:38:15,436 : INFO : SwitchController : <<<<<<< 's_soul_O' inactive >>>>>>>
2020-10-04 08:38:15,690 : INFO : SwitchController : <<<<<<< 's_soul_U' active >>>>>>>
2020-10-04 08:38:15,690 : INFO : EventManager : Event: ======'s_soul_U_active'====== Args={}
2020-10-04 08:38:15,691 : INFO : EventManager : Event: ======'machine_var_audits_switches_s_soul_U'====== Args={'value': 114, 'prev_value': 113, 'change': 1}
2020-10-04 08:38:15,693 : INFO : EventManager : Event: ======'player_shot_soul_U'====== Args={'value': 1, 'prev_value': 0, 'change': 1, 'player_num': 1}
2020-10-04 08:38:15,695 : INFO : EventManager : Event: ======'machine_var_audits_shots_soul_U'====== Args={'value': 114, 'prev_value': 113, 'change': 1}
2020-10-04 08:38:15,696 : INFO : EventManager : Event: ======'soul_U_hit'====== Args={'profile': 'default', 'state': 'unlit', 'advancing': True}
2020-10-04 08:38:15,697 : INFO : EventManager : Event: ======'soul_U_default_hit'====== Args={'profile': 'default', 'state': 'unlit', 'advancing': True}
2020-10-04 08:38:15,697 : INFO : EventManager : Event: ======'soul_U_default_unlit_hit'====== Args={'profile': 'default', 'state': 'unlit', 'advancing': True}
2020-10-04 08:38:15,698 : INFO : EventManager : Event: ======'soul_U_unlit_hit'====== Args={'profile': 'default', 'state': 'unlit', 'advancing': True}
2020-10-04 08:38:15,698 : INFO : EventManager : Event: ======'player_score'====== Args={'value': 4240, 'prev_value': 4230, 'change': 10, 'player_num': 1}
2020-10-04 08:38:15,699 : INFO : EventManager : Event: ======'soul_lanes_hit'====== Args={}
2020-10-04 08:38:15,700 : INFO : EventManager : Event: ======'soul_lanes_unlit_hit'====== Args={}
2020-10-04 08:38:15,841 : INFO : SwitchController : <<<<<<< 's_soul_U' inactive >>>>>>>
2020-10-04 08:38:16,130 : INFO : SwitchController : <<<<<<< 's_soul_L' active >>>>>>>
2020-10-04 08:38:16,130 : INFO : EventManager : Event: ======'s_soul_L_active'====== Args={}
2020-10-04 08:38:16,131 : INFO : EventManager : Event: ======'machine_var_audits_switches_s_soul_L'====== Args={'value': 112, 'prev_value': 111, 'change': 1}
2020-10-04 08:38:16,133 : INFO : EventManager : Event: ======'player_shot_soul_L'====== Args={'value': 1, 'prev_value': 0, 'change': 1, 'player_num': 1}
2020-10-04 08:38:16,135 : INFO : EventManager : Event: ======'machine_var_audits_shots_soul_L'====== Args={'value': 111, 'prev_value': 110, 'change': 1}
2020-10-04 08:38:16,136 : INFO : EventManager : Event: ======'soul_L_hit'====== Args={'profile': 'default', 'state': 'unlit', 'advancing': True}
2020-10-04 08:38:16,137 : INFO : EventManager : Event: ======'soul_L_default_hit'====== Args={'profile': 'default', 'state': 'unlit', 'advancing': True}
2020-10-04 08:38:16,138 : INFO : EventManager : Event: ======'soul_L_default_unlit_hit'====== Args={'profile': 'default', 'state': 'unlit', 'advancing': True}
2020-10-04 08:38:16,138 : INFO : EventManager : Event: ======'soul_L_unlit_hit'====== Args={'profile': 'default', 'state': 'unlit', 'advancing': True}
2020-10-04 08:38:16,139 : INFO : EventManager : Event: ======'player_score'====== Args={'value': 4250, 'prev_value': 4240, 'change': 10, 'player_num': 1}
2020-10-04 08:38:16,140 : INFO : EventManager : Event: ======'soul_lanes_complete'====== Args={'state': 'lit'}
2020-10-04 08:38:16,140 : INFO : EventManager : Event: ======'soul_lanes_lit_complete'====== Args={}
2020-10-04 08:38:16,142 : INFO : EventManager : Event: ======'soul_lanes_hit'====== Args={}
2020-10-04 08:38:16,142 : INFO : EventManager : Event: ======'soul_lanes_unlit_hit'====== Args={}
2020-10-04 08:38:16,143 : INFO : EventManager : Event: ======'player_score'====== Args={'value': 5250, 'prev_value': 4250, 'change': 1000, 'player_num': 1}
2020-10-04 08:38:16,144 : INFO : EventManager : Event: ======'logicblock_soul_complete_count_updated'====== Args={'value': 6, 'enabled': True}
2020-10-04 08:38:16,144 : INFO : EventManager : Event: ======'soul_lanes_done'====== Args={'count': 6}
2020-10-04 08:38:16,146 : INFO : EventManager : Event: ======'player_bonus_multiplier'====== Args={'value': 6, 'prev_value': 5, 'change': 1, 'player_num': 1}
2020-10-04 08:38:16,297 : INFO : SwitchController : <<<<<<< 's_soul_L' inactive >>>>>>>
2020-10-04 08:38:17,147 : INFO : EventManager : Event: ======'player_shot_soul_S'====== Args={'value': 0, 'prev_value': 1, 'change': -1, 'player_num': 1}
2020-10-04 08:38:17,148 : INFO : EventManager : Event: ======'player_shot_soul_O'====== Args={'value': 0, 'prev_value': 1, 'change': -1, 'player_num': 1}
2020-10-04 08:38:17,150 : INFO : EventManager : Event: ======'player_shot_soul_U'====== Args={'value': 0, 'prev_value': 1, 'change': -1, 'player_num': 1}
2020-10-04 08:38:17,151 : INFO : EventManager : Event: ======'player_shot_soul_L'====== Args={'value': 0, 'prev_value': 1, 'change': -1, 'player_num': 1}
2020-10-04 08:38:20,544 : INFO : Machine : Shutting down...
2020-10-04 08:38:20,544 : INFO : EventManager : Event: ======'shutdown'====== Args={}
2020-10-04 08:38:20,544 : INFO : root : MPF run loop ended.
