2020-10-05 09:21:58,467 : INFO : root : Loading config.
2020-10-05 09:21:58,482 : INFO : YamlMultifileConfigLoader : Machine config file #1: config.yaml
2020-10-05 09:21:58,482 : INFO : ConfigProcessor : Loading config from cache: C:\Users\themi\AppData\Local\Temp\2b6ef079982d662fef43bd5e7e2d4708.mpf_cache
2020-10-05 09:21:58,685 : INFO : ConfigProcessor : Loading config from cache: C:\Users\themi\AppData\Local\Temp\89b9c5cb952cce9fc74d723399719cc6.mpf_cache
2020-10-05 09:21:58,685 : INFO : ConfigProcessor : Loading config from cache: C:\Users\themi\AppData\Local\Temp\4fcecb70f81c3c2fefb8e65ae9a0af5f.mpf_cache
2020-10-05 09:21:58,685 : INFO : ConfigProcessor : Loading config from cache: C:\Users\themi\AppData\Local\Temp\5820a65357aa32f3082a694bbd0b1b93.mpf_cache
2020-10-05 09:21:58,685 : INFO : ConfigProcessor : Loading config from cache: C:\Users\themi\AppData\Local\Temp\2f1df67e0c6599f893aeb5468bc976f9.mpf_cache
2020-10-05 09:21:58,700 : WARNING : ConfigProcessor : Config file in cache changed: c:\GitHub\Cuphead\modes\bonusPayout\config\bonusPayout.yaml
2020-10-05 09:21:58,700 : INFO : ConfigProcessor : Loading config from file c:\GitHub\Cuphead\modes\bonusPayout\config\bonusPayout.yaml.
2020-10-05 09:21:58,700 : INFO : ConfigProcessor : Loading config: c:\GitHub\Cuphead\modes\bonusPayout\config\bonusPayout.yaml
2020-10-05 09:21:58,700 : INFO : ConfigProcessor : Config file cache created: C:\Users\themi\AppData\Local\Temp\e4f08e85af4a8c30a7d7240c7a9e2b7d.mpf_cache
2020-10-05 09:21:58,700 : INFO : ConfigProcessor : Loading config from cache: C:\Users\themi\AppData\Local\Temp\893c92602cb79b5461df4ae912d665e0.mpf_cache
2020-10-05 09:21:58,700 : INFO : ConfigProcessor : Loading config from cache: C:\Users\themi\AppData\Local\Temp\15cb35af48ef2b73a1399ecc64f542cf.mpf_cache
2020-10-05 09:21:58,700 : INFO : ConfigProcessor : Loading config from cache: C:\Users\themi\AppData\Local\Temp\8f78dc3447c1c9fe6775dbe5408c12e9.mpf_cache
2020-10-05 09:21:58,716 : INFO : ConfigProcessor : Loading config from cache: C:\Users\themi\AppData\Local\Temp\459e0fbd95aa261661d4ec522fde7178.mpf_cache
2020-10-05 09:21:58,716 : INFO : ConfigProcessor : Loading config from cache: C:\Users\themi\AppData\Local\Temp\bc011c11c9e34bbd89eedfa08565ed62.mpf_cache
2020-10-05 09:21:58,716 : INFO : ConfigProcessor : Loading config from cache: C:\Users\themi\AppData\Local\Temp\6f009ec52b9ccf4b89f291e4051b3241.mpf_cache
2020-10-05 09:21:58,716 : INFO : ConfigProcessor : Loading config from cache: C:\Users\themi\AppData\Local\Temp\c2ce7139d0aaca9aa552320269b3f50d.mpf_cache
2020-10-05 09:21:58,716 : INFO : ConfigProcessor : Loading config from cache: C:\Users\themi\AppData\Local\Temp\2b7bf9166be80f4b554569a332b23de4.mpf_cache
2020-10-05 09:21:58,716 : INFO : ConfigProcessor : Loading config from cache: C:\Users\themi\AppData\Local\Temp\c546e3aedc6779039624162d0203f540.mpf_cache
2020-10-05 09:21:58,716 : INFO : ConfigProcessor : Loading config from cache: C:\Users\themi\AppData\Local\Temp\abdfe7fa7b37a4a193490f565dc0597d.mpf_cache
2020-10-05 09:21:58,716 : INFO : ConfigProcessor : Loading config from cache: C:\Users\themi\AppData\Local\Temp\4342b421d288ce5a4483067739b72cdd.mpf_cache
2020-10-05 09:21:58,716 : INFO : ConfigProcessor : Loading config from cache: C:\Users\themi\AppData\Local\Temp\368aa16bb3be9e41d99a527245060f83.mpf_cache
2020-10-05 09:21:58,716 : INFO : ConfigProcessor : Loading config from cache: C:\Users\themi\AppData\Local\Temp\d0e012eb2507157abb0bb72425aaf5b2.mpf_cache
2020-10-05 09:21:58,716 : INFO : ConfigProcessor : Loading config from cache: C:\Users\themi\AppData\Local\Temp\0f1b51b912b71211c13fe22b9a37b50a.mpf_cache
2020-10-05 09:21:58,716 : INFO : ConfigProcessor : Loading config from cache: C:\Users\themi\AppData\Local\Temp\10ee2574e78165e598e7a995071a74cc.mpf_cache
2020-10-05 09:21:58,731 : INFO : ConfigProcessor : Loading config from cache: C:\Users\themi\AppData\Local\Temp\a266cad92e011305e896e67dddfd4a6c.mpf_cache
2020-10-05 09:21:58,731 : INFO : ConfigProcessor : Loading config from cache: C:\Users\themi\AppData\Local\Temp\7ee3e0eba3dedef43a01da4ffa491384.mpf_cache
2020-10-05 09:21:58,731 : INFO : ConfigProcessor : Loading config from cache: C:\Users\themi\AppData\Local\Temp\13fd6d25ddf06daef684ee2be33938b7.mpf_cache
2020-10-05 09:21:58,731 : INFO : Machine : Mission Pinball Framework Core Engine v0.54.0-dev.72
2020-10-05 09:21:58,731 : INFO : Machine : Command line arguments: {'no_load_cache': False, 'create_config_cache': True, 'bcp': True, 'configfile': ['config.yaml'], 'force_assets_load': False, 'jsonlogging': False, 'logfile': 'logs\\2020-10-05-09-21-58-mpf-LAPTOP-C39PEUFD.log', 'pause': False, 'production': False, 'text_ui': True, 'loglevel': 15, 'consoleloglevel': 20, 'force_platform': None, 'syslog_address': None, 'mc_file_name': None, 'no_sound': False}
2020-10-05 09:21:58,731 : INFO : Machine : MPF path: c:\users\themi\appdata\local\programs\python\python36\lib\site-packages\mpf
2020-10-05 09:21:58,731 : INFO : Machine : Machine path: c:\GitHub\Cuphead
2020-10-05 09:21:58,731 : INFO : Machine : Platform: win32
2020-10-05 09:21:58,731 : INFO : Machine : Python executable location: c:\users\themi\appdata\local\programs\python\python36\python.exe
2020-10-05 09:21:58,731 : INFO : Machine : Python version: 3.6.4 (64-bit)
2020-10-05 09:21:58,731 : INFO : Machine : Initialise MPF.
2020-10-05 09:21:59,169 : INFO : EventManager : Event: ======'machine_var_credits_string'====== Args={'value': 'FREE PLAY', 'prev_value': None, 'change': True}
2020-10-05 09:21:59,294 : INFO : EventManager : Event: ======'machine_var_player1_score'====== Args={'value': 8110, 'prev_value': None, 'change': True}
2020-10-05 09:21:59,294 : INFO : EventManager : Event: ======'machine_var_mpf_version'====== Args={'value': 'MPF v0.54.0-dev.72', 'prev_value': None, 'change': True}
2020-10-05 09:21:59,294 : INFO : EventManager : Event: ======'machine_var_mpf_extended_version'====== Args={'value': 'MPF v0.54.0-dev.72, Config version:5, Show version: 5, BCP version:1.1', 'prev_value': None, 'change': True}
2020-10-05 09:21:59,294 : INFO : EventManager : Event: ======'machine_var_python_version'====== Args={'value': '3.6.4', 'prev_value': None, 'change': True}
2020-10-05 09:21:59,294 : INFO : EventManager : Event: ======'machine_var_platform'====== Args={'value': 'Windows-10-10.0.18362-SP0', 'prev_value': None, 'change': True}
2020-10-05 09:21:59,294 : INFO : EventManager : Event: ======'machine_var_platform_system'====== Args={'value': 'Windows', 'prev_value': None, 'change': True}
2020-10-05 09:21:59,294 : INFO : EventManager : Event: ======'machine_var_platform_release'====== Args={'value': '10', 'prev_value': None, 'change': True}
2020-10-05 09:21:59,294 : INFO : EventManager : Event: ======'machine_var_platform_version'====== Args={'value': '10.0.18362', 'prev_value': None, 'change': True}
2020-10-05 09:21:59,294 : INFO : EventManager : Event: ======'machine_var_platform_machine'====== Args={'value': 'AMD64', 'prev_value': None, 'change': True}
2020-10-05 09:21:59,294 : INFO : EventManager : Event: ======'init_phase_1'====== Args={}
2020-10-05 09:21:59,450 : INFO : EventManager : Event: ======'drop_target_bank_cup_bank_up'====== Args={}
2020-10-05 09:21:59,450 : INFO : EventManager : Event: ======'drop_target_bank_mug_bank_up'====== Args={}
2020-10-05 09:21:59,450 : INFO : EventManager : Event: ======'init_phase_2'====== Args={}
2020-10-05 09:21:59,450 : INFO : SwitchController : Found active switch: ('2', <Platform.SmartVirtual>)
2020-10-05 09:21:59,450 : INFO : SwitchController : Found active switch: ('3', <Platform.SmartVirtual>)
2020-10-05 09:21:59,466 : INFO : EventManager : Event: ======'bcp_connection_attempt'====== Args={'name': 'local_display', 'host': 'localhost', 'port': 5050}
2020-10-05 09:21:59,482 : INFO : BCPClientSocket : Connecting BCP to 'local_display' at localhost:5050...
2020-10-05 09:22:11,748 : INFO : BCPClientSocket : Connected BCP to 'local_display' localhost:5050
2020-10-05 09:22:11,749 : INFO : EventManager : Event: ======'bcp_clients_connected'====== Args={}
2020-10-05 09:22:11,766 : INFO : EventManager : Event: ======'machine_var_mc_version'====== Args={'value': 'MPF-MC v0.54.0-dev.20', 'prev_value': None, 'change': True}
2020-10-05 09:22:11,766 : INFO : EventManager : Event: ======'machine_var_mc_extended_version'====== Args={'value': 'MPF-MC v0.54.0-dev.20 (config_version=5, BCP v1.1, Requires MPF v0.54.0-dev.68)', 'prev_value': None, 'change': True}
2020-10-05 09:22:11,769 : INFO : EventManager : Event: ======'machine_var_master_volume'====== Args={'value': 0.5, 'prev_value': None, 'change': True}
2020-10-05 09:22:11,771 : INFO : ball_device.bd_trough : State: idle
2020-10-05 09:22:11,798 : INFO : ball_device.bd_plunger : State: idle
2020-10-05 09:22:11,845 : INFO : EventManager : Event: ======'init_phase_3'====== Args={}
2020-10-05 09:22:11,859 : INFO : EventManager : Event: ======'init_phase_4'====== Args={}
2020-10-05 09:22:11,862 : INFO : EventManager : Event: ======'machine_var_audits_events_game_ended'====== Args={'value': 21, 'prev_value': None, 'change': True}
2020-10-05 09:22:11,863 : INFO : EventManager : Event: ======'machine_var_audits_events_game_started'====== Args={'value': 40, 'prev_value': None, 'change': True}
2020-10-05 09:22:11,863 : INFO : EventManager : Event: ======'machine_var_audits_player_score'====== Args={'value': {'average': 530.4761904761905, 'top': [2970, 1300, 1220, 980, 880, 780, 720, 710, 630, 590], 'total': 21}, 'prev_value': None, 'change': True}
2020-10-05 09:22:11,864 : INFO : EventManager : Event: ======'machine_var_audits_shots_soul_L'====== Args={'value': 235, 'prev_value': None, 'change': True}
2020-10-05 09:22:11,865 : INFO : EventManager : Event: ======'machine_var_audits_shots_soul_O'====== Args={'value': 242, 'prev_value': None, 'change': True}
2020-10-05 09:22:11,865 : INFO : EventManager : Event: ======'machine_var_audits_shots_soul_S'====== Args={'value': 275, 'prev_value': None, 'change': True}
2020-10-05 09:22:11,866 : INFO : EventManager : Event: ======'machine_var_audits_shots_soul_U'====== Args={'value': 237, 'prev_value': None, 'change': True}
2020-10-05 09:22:11,867 : INFO : EventManager : Event: ======'machine_var_audits_switches_s_coin'====== Args={'value': 20, 'prev_value': None, 'change': True}
2020-10-05 09:22:11,867 : INFO : EventManager : Event: ======'machine_var_audits_switches_s_dash_L'====== Args={'value': 0, 'prev_value': None, 'change': True}
2020-10-05 09:22:11,868 : INFO : EventManager : Event: ======'machine_var_audits_switches_s_dash_R'====== Args={'value': 0, 'prev_value': None, 'change': True}
2020-10-05 09:22:11,869 : INFO : EventManager : Event: ======'machine_var_audits_switches_s_dtSling_L'====== Args={'value': 0, 'prev_value': None, 'change': True}
2020-10-05 09:22:11,869 : INFO : EventManager : Event: ======'machine_var_audits_switches_s_dtSling_R'====== Args={'value': 0, 'prev_value': None, 'change': True}
2020-10-05 09:22:11,870 : INFO : EventManager : Event: ======'machine_var_audits_switches_s_dt_C'====== Args={'value': 92, 'prev_value': None, 'change': True}
2020-10-05 09:22:11,871 : INFO : EventManager : Event: ======'machine_var_audits_switches_s_dt_G'====== Args={'value': 28, 'prev_value': None, 'change': True}
2020-10-05 09:22:11,872 : INFO : EventManager : Event: ======'machine_var_audits_switches_s_dt_M'====== Args={'value': 26, 'prev_value': None, 'change': True}
2020-10-05 09:22:11,873 : INFO : EventManager : Event: ======'machine_var_audits_switches_s_dt_P'====== Args={'value': 72, 'prev_value': None, 'change': True}
2020-10-05 09:22:11,874 : INFO : EventManager : Event: ======'machine_var_audits_switches_s_dt_U'====== Args={'value': 80, 'prev_value': None, 'change': True}
2020-10-05 09:22:11,875 : INFO : EventManager : Event: ======'machine_var_audits_switches_s_dt_U2'====== Args={'value': 26, 'prev_value': None, 'change': True}
2020-10-05 09:22:11,875 : INFO : EventManager : Event: ======'machine_var_audits_switches_s_exit_shooter_lane'====== Args={'value': 359, 'prev_value': None, 'change': True}
2020-10-05 09:22:11,876 : INFO : EventManager : Event: ======'machine_var_audits_switches_s_inLane_L'====== Args={'value': 0, 'prev_value': None, 'change': True}
2020-10-05 09:22:11,877 : INFO : EventManager : Event: ======'machine_var_audits_switches_s_inLane_R'====== Args={'value': 0, 'prev_value': None, 'change': True}
2020-10-05 09:22:11,878 : INFO : EventManager : Event: ======'machine_var_audits_switches_s_kicker'====== Args={'value': 0, 'prev_value': None, 'change': True}
2020-10-05 09:22:11,879 : INFO : EventManager : Event: ======'machine_var_audits_switches_s_left_flipper'====== Args={'value': 151, 'prev_value': None, 'change': True}
2020-10-05 09:22:11,879 : INFO : EventManager : Event: ======'machine_var_audits_switches_s_midRight'====== Args={'value': 0, 'prev_value': None, 'change': True}
2020-10-05 09:22:11,880 : INFO : EventManager : Event: ======'machine_var_audits_switches_s_outLane_L'====== Args={'value': 0, 'prev_value': None, 'change': True}
2020-10-05 09:22:11,881 : INFO : EventManager : Event: ======'machine_var_audits_switches_s_outLane_R'====== Args={'value': 0, 'prev_value': None, 'change': True}
2020-10-05 09:22:11,882 : INFO : EventManager : Event: ======'machine_var_audits_switches_s_perdition'====== Args={'value': 0, 'prev_value': None, 'change': True}
2020-10-05 09:22:11,883 : INFO : EventManager : Event: ======'machine_var_audits_switches_s_playfield'====== Args={'value': 0, 'prev_value': None, 'change': True}
2020-10-05 09:22:11,884 : INFO : EventManager : Event: ======'machine_var_audits_switches_s_plunger'====== Args={'value': 581, 'prev_value': None, 'change': True}
2020-10-05 09:22:11,884 : INFO : EventManager : Event: ======'machine_var_audits_switches_s_popBumper_1'====== Args={'value': 464, 'prev_value': None, 'change': True}
2020-10-05 09:22:11,885 : INFO : EventManager : Event: ======'machine_var_audits_switches_s_popBumper_2'====== Args={'value': 440, 'prev_value': None, 'change': True}
2020-10-05 09:22:11,886 : INFO : EventManager : Event: ======'machine_var_audits_switches_s_popBumper_3'====== Args={'value': 164, 'prev_value': None, 'change': True}
2020-10-05 09:22:11,887 : INFO : EventManager : Event: ======'machine_var_audits_switches_s_pop_bumper1'====== Args={'value': 120, 'prev_value': None, 'change': True}
2020-10-05 09:22:11,888 : INFO : EventManager : Event: ======'machine_var_audits_switches_s_pop_bumper2'====== Args={'value': 153, 'prev_value': None, 'change': True}
2020-10-05 09:22:11,888 : INFO : EventManager : Event: ======'machine_var_audits_switches_s_pop_bumper3'====== Args={'value': 100, 'prev_value': None, 'change': True}
2020-10-05 09:22:11,889 : INFO : EventManager : Event: ======'machine_var_audits_switches_s_right_flipper'====== Args={'value': 217, 'prev_value': None, 'change': True}
2020-10-05 09:22:11,890 : INFO : EventManager : Event: ======'machine_var_audits_switches_s_sling_L'====== Args={'value': 0, 'prev_value': None, 'change': True}
2020-10-05 09:22:11,891 : INFO : EventManager : Event: ======'machine_var_audits_switches_s_sling_R'====== Args={'value': 0, 'prev_value': None, 'change': True}
2020-10-05 09:22:11,892 : INFO : EventManager : Event: ======'machine_var_audits_switches_s_soul_L'====== Args={'value': 236, 'prev_value': None, 'change': True}
2020-10-05 09:22:11,893 : INFO : EventManager : Event: ======'machine_var_audits_switches_s_soul_O'====== Args={'value': 247, 'prev_value': None, 'change': True}
2020-10-05 09:22:11,895 : INFO : EventManager : Event: ======'machine_var_audits_switches_s_soul_S'====== Args={'value': 275, 'prev_value': None, 'change': True}
2020-10-05 09:22:11,896 : INFO : EventManager : Event: ======'machine_var_audits_switches_s_soul_U'====== Args={'value': 237, 'prev_value': None, 'change': True}
2020-10-05 09:22:11,897 : INFO : EventManager : Event: ======'machine_var_audits_switches_s_standUp_1'====== Args={'value': 0, 'prev_value': None, 'change': True}
2020-10-05 09:22:11,898 : INFO : EventManager : Event: ======'machine_var_audits_switches_s_standUp_2'====== Args={'value': 0, 'prev_value': None, 'change': True}
2020-10-05 09:22:11,899 : INFO : EventManager : Event: ======'machine_var_audits_switches_s_standUp_3'====== Args={'value': 0, 'prev_value': None, 'change': True}
2020-10-05 09:22:11,900 : INFO : EventManager : Event: ======'machine_var_audits_switches_s_standUp_R'====== Args={'value': 0, 'prev_value': None, 'change': True}
2020-10-05 09:22:11,901 : INFO : EventManager : Event: ======'machine_var_audits_switches_s_star_1'====== Args={'value': 0, 'prev_value': None, 'change': True}
2020-10-05 09:22:11,902 : INFO : EventManager : Event: ======'machine_var_audits_switches_s_star_2'====== Args={'value': 0, 'prev_value': None, 'change': True}
2020-10-05 09:22:11,903 : INFO : EventManager : Event: ======'machine_var_audits_switches_s_star_3'====== Args={'value': 0, 'prev_value': None, 'change': True}
2020-10-05 09:22:11,904 : INFO : EventManager : Event: ======'machine_var_audits_switches_s_start'====== Args={'value': 68, 'prev_value': None, 'change': True}
2020-10-05 09:22:11,905 : INFO : EventManager : Event: ======'machine_var_audits_switches_s_tilt'====== Args={'value': 0, 'prev_value': None, 'change': True}
2020-10-05 09:22:11,906 : INFO : EventManager : Event: ======'machine_var_audits_switches_s_trough1'====== Args={'value': 518, 'prev_value': None, 'change': True}
2020-10-05 09:22:11,907 : INFO : EventManager : Event: ======'machine_var_audits_switches_s_trough2'====== Args={'value': 72, 'prev_value': None, 'change': True}
2020-10-05 09:22:11,908 : INFO : EventManager : Event: ======'machine_var_audits_switches_s_trough_jam'====== Args={'value': 13, 'prev_value': None, 'change': True}
2020-10-05 09:22:11,910 : INFO : EventManager : Event: ======'init_phase_5'====== Args={}
2020-10-05 09:22:11,939 : INFO : EventManager : Event: ======'init_done'====== Args={}
2020-10-05 09:22:11,958 : INFO : EventManager : Event: ======'machine_reset_phase_1'====== Args={}
2020-10-05 09:22:11,959 : INFO : BcpServer : New client connected.
2020-10-05 09:22:11,984 : INFO : EventManager : Event: ======'slide_welcome_slide_removed'====== Args={'_from_bcp': True}
2020-10-05 09:22:11,988 : INFO : EventManager : Event: ======'slide_welcome_slide_created'====== Args={'_from_bcp': True}
2020-10-05 09:22:11,994 : INFO : EventManager : Event: ======'slide_welcome_slide_active'====== Args={'_from_bcp': True}
2020-10-05 09:22:12,006 : INFO : EventManager : Event: ======'machine_reset_phase_2'====== Args={}
2020-10-05 09:22:12,009 : INFO : EventManager : Event: ======'machine_reset_phase_3'====== Args={}
2020-10-05 09:22:12,011 : INFO : drop_target_bank.cup_bank : All targets are already up. Will not reset bank.
2020-10-05 09:22:12,011 : INFO : drop_target_bank.mug_bank : All targets are already up. Will not reset bank.
2020-10-05 09:22:12,011 : INFO : EventManager : Event: ======'reset_complete'====== Args={}
2020-10-05 09:22:12,012 : INFO : EventManager : Event: ======'mode_attract_will_start'====== Args={}
2020-10-05 09:22:12,014 : INFO : EventManager : Event: ======'mode_attract_starting'====== Args={}
2020-10-05 09:22:12,015 : INFO : Mode.attract : Started. Priority: 10
2020-10-05 09:22:12,015 : INFO : EventManager : Event: ======'modes_active_modes_changed'====== Args={}
2020-10-05 09:22:12,016 : INFO : EventManager : Event: ======'mode_attract_started'====== Args={}
2020-10-05 09:22:12,024 : INFO : EventManager : Event: ======'collecting_balls_complete'====== Args={}
2020-10-05 09:22:12,096 : INFO : EventManager : Event: ======'slide_awesome_slide_created'====== Args={'_from_bcp': True}
2020-10-05 09:22:12,096 : INFO : EventManager : Event: ======'slide_awesome_slide_active'====== Args={'_from_bcp': True}
2020-10-05 09:22:12,097 : INFO : Machine : Starting the main run loop.
2020-10-05 09:22:15,041 : INFO : EventManager : Event: ======'slide_press_start_created'====== Args={'_from_bcp': True}
2020-10-05 09:22:15,046 : INFO : EventManager : Event: ======'slide_press_start_active'====== Args={'_from_bcp': True}
2020-10-05 09:22:18,035 : INFO : EventManager : Event: ======'slide_mission_pinball_created'====== Args={'_from_bcp': True}
2020-10-05 09:22:18,042 : INFO : EventManager : Event: ======'slide_mission_pinball_active'====== Args={'_from_bcp': True}
2020-10-05 09:22:21,026 : INFO : EventManager : Event: ======'slide_last_game_score_slide_created'====== Args={'_from_bcp': True}
2020-10-05 09:22:21,034 : INFO : EventManager : Event: ======'slide_last_game_score_slide_active'====== Args={'_from_bcp': True}
2020-10-05 09:22:24,019 : INFO : EventManager : Event: ======'slide_awesome_slide_removed'====== Args={'_from_bcp': True}
2020-10-05 09:22:24,026 : INFO : EventManager : Event: ======'slide_awesome_slide_created'====== Args={'_from_bcp': True}
2020-10-05 09:22:24,032 : INFO : EventManager : Event: ======'slide_awesome_slide_active'====== Args={'_from_bcp': True}
2020-10-05 09:22:27,030 : INFO : EventManager : Event: ======'slide_press_start_removed'====== Args={'_from_bcp': True}
2020-10-05 09:22:27,042 : INFO : EventManager : Event: ======'slide_press_start_created'====== Args={'_from_bcp': True}
2020-10-05 09:22:27,046 : INFO : EventManager : Event: ======'slide_press_start_active'====== Args={'_from_bcp': True}
2020-10-05 09:22:30,039 : INFO : EventManager : Event: ======'slide_mission_pinball_removed'====== Args={'_from_bcp': True}
2020-10-05 09:22:30,045 : INFO : EventManager : Event: ======'slide_mission_pinball_created'====== Args={'_from_bcp': True}
2020-10-05 09:22:30,047 : INFO : EventManager : Event: ======'slide_mission_pinball_active'====== Args={'_from_bcp': True}
2020-10-05 09:22:33,032 : INFO : EventManager : Event: ======'slide_last_game_score_slide_removed'====== Args={'_from_bcp': True}
2020-10-05 09:22:33,042 : INFO : EventManager : Event: ======'slide_last_game_score_slide_created'====== Args={'_from_bcp': True}
2020-10-05 09:22:33,046 : INFO : EventManager : Event: ======'slide_last_game_score_slide_active'====== Args={'_from_bcp': True}
2020-10-05 09:22:36,038 : INFO : EventManager : Event: ======'slide_awesome_slide_removed'====== Args={'_from_bcp': True}
2020-10-05 09:22:36,044 : INFO : EventManager : Event: ======'slide_awesome_slide_created'====== Args={'_from_bcp': True}
2020-10-05 09:22:36,047 : INFO : EventManager : Event: ======'slide_awesome_slide_active'====== Args={'_from_bcp': True}
2020-10-05 09:22:39,043 : INFO : EventManager : Event: ======'slide_press_start_removed'====== Args={'_from_bcp': True}
2020-10-05 09:22:39,054 : INFO : EventManager : Event: ======'slide_press_start_created'====== Args={'_from_bcp': True}
2020-10-05 09:22:39,059 : INFO : EventManager : Event: ======'slide_press_start_active'====== Args={'_from_bcp': True}
2020-10-05 09:22:42,017 : INFO : EventManager : Event: ======'slide_mission_pinball_removed'====== Args={'_from_bcp': True}
2020-10-05 09:22:42,025 : INFO : EventManager : Event: ======'slide_mission_pinball_created'====== Args={'_from_bcp': True}
2020-10-05 09:22:42,030 : INFO : EventManager : Event: ======'slide_mission_pinball_active'====== Args={'_from_bcp': True}
2020-10-05 09:22:45,037 : INFO : EventManager : Event: ======'slide_last_game_score_slide_removed'====== Args={'_from_bcp': True}
2020-10-05 09:22:45,053 : INFO : EventManager : Event: ======'slide_last_game_score_slide_created'====== Args={'_from_bcp': True}
2020-10-05 09:22:45,059 : INFO : EventManager : Event: ======'slide_last_game_score_slide_active'====== Args={'_from_bcp': True}
2020-10-05 09:22:48,030 : INFO : EventManager : Event: ======'slide_awesome_slide_removed'====== Args={'_from_bcp': True}
2020-10-05 09:22:48,037 : INFO : EventManager : Event: ======'slide_awesome_slide_created'====== Args={'_from_bcp': True}
2020-10-05 09:22:48,040 : INFO : EventManager : Event: ======'slide_awesome_slide_active'====== Args={'_from_bcp': True}
2020-10-05 09:22:51,039 : INFO : EventManager : Event: ======'slide_press_start_removed'====== Args={'_from_bcp': True}
2020-10-05 09:22:51,047 : INFO : EventManager : Event: ======'slide_press_start_created'====== Args={'_from_bcp': True}
2020-10-05 09:22:51,051 : INFO : EventManager : Event: ======'slide_press_start_active'====== Args={'_from_bcp': True}
2020-10-05 09:22:51,754 : INFO : SwitchController : <<<<<<< 's_start' active >>>>>>>
2020-10-05 09:22:51,872 : INFO : SwitchController : <<<<<<< 's_start' inactive >>>>>>>
2020-10-05 09:22:51,872 : INFO : EventManager : Event: ======'request_to_start_game'====== Args={}
2020-10-05 09:22:51,873 : INFO : EventManager : Event: ======'game_start'====== Args={'buttons': [], 'hold_time': 0.10899999999674037}
2020-10-05 09:22:51,874 : INFO : EventManager : Event: ======'mode_game_will_start'====== Args={'buttons': [], 'hold_time': 0.10899999999674037}
2020-10-05 09:22:51,875 : INFO : EventManager : Event: ======'mode_game_starting'====== Args={'buttons': [], 'hold_time': 0.10899999999674037}
2020-10-05 09:22:51,876 : INFO : EventManager : Event: ======'mode_attract_will_stop'====== Args={}
2020-10-05 09:22:51,877 : INFO : EventManager : Event: ======'mode_attract_stopping'====== Args={}
2020-10-05 09:22:51,878 : INFO : Mode.attract : Stopped.
2020-10-05 09:22:51,878 : INFO : EventManager : Event: ======'modes_active_modes_changed'====== Args={}
2020-10-05 09:22:51,883 : INFO : EventManager : Event: ======'mode_attract_stopped'====== Args={}
2020-10-05 09:22:51,883 : INFO : EventManager : Event: ======'clear'====== Args={'key': 'attract'}
2020-10-05 09:22:51,885 : INFO : Mode.game : Started. Priority: 20
2020-10-05 09:22:51,885 : INFO : EventManager : Event: ======'modes_active_modes_changed'====== Args={}
2020-10-05 09:22:51,886 : INFO : EventManager : Event: ======'mode_game_started'====== Args={'buttons': [], 'hold_time': 0.10899999999674037}
2020-10-05 09:22:51,915 : INFO : EventManager : Event: ======'game_will_start'====== Args={}
2020-10-05 09:22:51,916 : INFO : EventManager : Event: ======'slide_mission_pinball_removed'====== Args={'_from_bcp': True}
2020-10-05 09:22:51,917 : INFO : EventManager : Event: ======'slide_last_game_score_slide_removed'====== Args={'_from_bcp': True}
2020-10-05 09:22:51,917 : INFO : EventManager : Event: ======'slide_awesome_slide_removed'====== Args={'_from_bcp': True}
2020-10-05 09:22:51,918 : INFO : EventManager : Event: ======'slide_press_start_removed'====== Args={'_from_bcp': True}
2020-10-05 09:22:51,918 : INFO : EventManager : Event: ======'slide_welcome_slide_active'====== Args={'_from_bcp': True}
2020-10-05 09:22:51,947 : INFO : EventManager : Event: ======'game_starting'====== Args={'game': <Mode.game>}
2020-10-05 09:22:51,949 : INFO : EventManager : Event: ======'player_add_request'====== Args={}
2020-10-05 09:22:51,949 : INFO : EventManager : Event: ======'player_will_add'====== Args={'number': 1}
2020-10-05 09:22:51,950 : INFO : EventManager : Event: ======'player_adding'====== Args={'player': <Player 1>, 'number': 1}
2020-10-05 09:22:51,952 : INFO : EventManager : Event: ======'player_added'====== Args={'player': <Player 1>, 'num': 1}
2020-10-05 09:22:51,952 : INFO : Mode.game : Player added successfully. Total players: 1
2020-10-05 09:22:51,953 : INFO : EventManager : Event: ======'player_index'====== Args={'value': 0, 'prev_value': 0, 'change': 0, 'player_num': 1}
2020-10-05 09:22:51,954 : INFO : EventManager : Event: ======'player_number'====== Args={'value': 1, 'prev_value': 1, 'change': 0, 'player_num': 1}
2020-10-05 09:22:51,954 : INFO : EventManager : Event: ======'player_bonus_multiplier'====== Args={'value': 1, 'prev_value': 1, 'change': 0, 'player_num': 1}
2020-10-05 09:22:51,955 : INFO : EventManager : Event: ======'player_contracts'====== Args={'value': 0, 'prev_value': 0, 'change': 0, 'player_num': 1}
2020-10-05 09:22:51,956 : INFO : EventManager : Event: ======'player_score'====== Args={'value': 0, 'prev_value': 0, 'change': 0, 'player_num': 1}
2020-10-05 09:22:51,958 : INFO : EventManager : Event: ======'game_started'====== Args={}
2020-10-05 09:22:51,993 : INFO : EventManager : Event: ======'player_turn_will_start'====== Args={'player': <Player 1>, 'number': 1}
2020-10-05 09:22:51,994 : INFO : EventManager : Event: ======'player_turn_starting'====== Args={'player': <Player 1>, 'number': 1}
2020-10-05 09:22:51,995 : INFO : EventManager : Event: ======'player_ball'====== Args={'value': 1, 'prev_value': 0, 'change': 1, 'player_num': 1}
2020-10-05 09:22:51,997 : INFO : EventManager : Event: ======'player_turn_started'====== Args={'player': <Player 1>, 'number': 1}
2020-10-05 09:22:51,999 : INFO : EventManager : Event: ======'ball_will_start'====== Args={'player': 1, 'ball': 1, 'balls_remaining': 4, 'is_extra_ball': False}
2020-10-05 09:22:52,027 : INFO : EventManager : Event: ======'ball_starting'====== Args={'player': 1, 'ball': 1, 'balls_remaining': 4, 'is_extra_ball': False}
2020-10-05 09:22:52,029 : INFO : EventManager : Event: ======'mode_base_will_start'====== Args={'queue': <QueuedEvent>, 'player': 1, 'ball': 1, 'balls_remaining': 4, 'is_extra_ball': False}
2020-10-05 09:22:52,038 : INFO : EventManager : Event: ======'mode_base_starting'====== Args={'queue': <QueuedEvent>, 'player': 1, 'ball': 1, 'balls_remaining': 4, 'is_extra_ball': False}
2020-10-05 09:22:52,039 : INFO : drop_target_bank.cup_bank : All targets are already up. Will not reset bank.
2020-10-05 09:22:52,039 : INFO : drop_target_bank.mug_bank : All targets are already up. Will not reset bank.
2020-10-05 09:22:52,041 : INFO : EventManager : Event: ======'balls_in_play'====== Args={'balls': 1}
2020-10-05 09:22:52,042 : INFO : EventManager : Event: ======'ball_started'====== Args={'player': 1, 'ball': 1, 'balls_remaining': 4, 'is_extra_ball': False}
2020-10-05 09:22:52,045 : INFO : EventManager : Event: ======'logicblock_bonus_updated'====== Args={'value': 0, 'enabled': True}
2020-10-05 09:22:52,047 : INFO : EventManager : Event: ======'logicblock_bonus_updated'====== Args={'value': 0, 'enabled': True}
2020-10-05 09:22:52,048 : INFO : Mode.base : Started. Priority: 100
2020-10-05 09:22:52,048 : INFO : EventManager : Event: ======'modes_active_modes_changed'====== Args={}
2020-10-05 09:22:52,049 : INFO : EventManager : Event: ======'mode_base_started'====== Args={'queue': <QueuedEvent>, 'player': 1, 'ball': 1, 'balls_remaining': 4, 'is_extra_ball': False}
2020-10-05 09:22:52,052 : INFO : EventManager : Event: ======'mode_soulLanes_will_start'====== Args={'player': 1, 'ball': 1, 'balls_remaining': 4, 'is_extra_ball': False}
2020-10-05 09:22:52,054 : INFO : EventManager : Event: ======'player_shot_soul_S_enabled'====== Args={'value': True, 'prev_value': 0, 'change': 1, 'player_num': 1}
2020-10-05 09:22:52,056 : INFO : EventManager : Event: ======'player_shot_soul_O_enabled'====== Args={'value': True, 'prev_value': 0, 'change': 1, 'player_num': 1}
2020-10-05 09:22:52,058 : INFO : EventManager : Event: ======'player_shot_soul_U_enabled'====== Args={'value': True, 'prev_value': 0, 'change': 1, 'player_num': 1}
2020-10-05 09:22:52,060 : INFO : EventManager : Event: ======'player_shot_soul_L_enabled'====== Args={'value': True, 'prev_value': 0, 'change': 1, 'player_num': 1}
2020-10-05 09:22:52,064 : INFO : EventManager : Event: ======'soul_lanes_complete'====== Args={'state': 'unlit'}
2020-10-05 09:22:52,064 : INFO : EventManager : Event: ======'soul_lanes_unlit_complete'====== Args={}
2020-10-05 09:22:52,072 : INFO : EventManager : Event: ======'mode_soulLanes_starting'====== Args={'player': 1, 'ball': 1, 'balls_remaining': 4, 'is_extra_ball': False}
2020-10-05 09:22:52,099 : INFO : EventManager : Event: ======'logicblock_soul_complete_count_updated'====== Args={'value': 1, 'enabled': True}
2020-10-05 09:22:52,100 : INFO : EventManager : Event: ======'logicblock_soul_complete_count_updated'====== Args={'value': 1, 'enabled': True}
2020-10-05 09:22:52,101 : INFO : Mode.soulLanes : Started. Priority: 110
2020-10-05 09:22:52,101 : INFO : EventManager : Event: ======'modes_active_modes_changed'====== Args={}
2020-10-05 09:22:52,103 : INFO : EventManager : Event: ======'mode_soulLanes_started'====== Args={'player': 1, 'ball': 1, 'balls_remaining': 4, 'is_extra_ball': False}
2020-10-05 09:22:52,105 : INFO : EventManager : Event: ======'single_player_ball_started'====== Args={}
2020-10-05 09:22:52,165 : INFO : EventManager : Event: ======'player_bonus_multiplier'====== Args={'value': 0, 'prev_value': 1, 'change': -1, 'player_num': 1}
2020-10-05 09:22:52,178 : INFO : ball_device.bd_plunger : Setting up player-controlled eject. Balls: 1, Target: <playfield.playfield>, player_controlled_eject_event: None
2020-10-05 09:22:52,181 : INFO : EventManager : Event: ======'balldevice_balls_available'====== Args={}
2020-10-05 09:22:52,255 : INFO : EventManager : Event: ======'slide_base.slide_player-mode_base_started_created'====== Args={'_from_bcp': True}
2020-10-05 09:22:52,256 : INFO : EventManager : Event: ======'slide_base.slide_player-mode_base_started_active'====== Args={'_from_bcp': True}
2020-10-05 09:22:52,258 : INFO : ball_device.bd_trough : State: waiting_for_target_ready
2020-10-05 09:22:52,259 : INFO : EventManager : Event: ======'balldevice_bd_trough_ball_eject_attempt'====== Args={'balls': 1, 'target': <ball_device.bd_plunger>, 'source': <ball_device.bd_trough>, 'mechanical_eject': True, 'num_attempts': 0}
2020-10-05 09:22:52,260 : INFO : ball_device.bd_plunger : State: waiting_for_ball
2020-10-05 09:22:52,261 : INFO : ball_device.bd_trough : State: ejecting
2020-10-05 09:22:52,262 : INFO : ball_device.bd_trough : Ejecting ball to <ball_device.bd_plunger>
2020-10-05 09:22:52,263 : INFO : EventManager : Event: ======'balldevice_bd_trough_ejecting_ball'====== Args={'balls': 1, 'target': <ball_device.bd_plunger>, 'source': <ball_device.bd_trough>, 'mechanical_eject': True, 'num_attempts': 0}
2020-10-05 09:22:52,266 : INFO : ball_device.bd_trough : Wait for ball to leave device
2020-10-05 09:22:52,266 : INFO : coil.c_trough_eject : Pulsing Driver for 20ms (1.0 pulse_power)
2020-10-05 09:22:52,267 : INFO : SwitchController : <<<<<<< 's_trough1' inactive >>>>>>>
2020-10-05 09:22:52,285 : INFO : ball_device.bd_trough : State: ball_left
2020-10-05 09:22:52,286 : INFO : ball_device.bd_trough : Ball left
2020-10-05 09:22:52,286 : INFO : ball_device.bd_trough : Wait for confirm with timeout 10.0
2020-10-05 09:22:52,347 : INFO : SwitchController : <<<<<<< 's_plunger' active >>>>>>>
2020-10-05 09:22:52,348 : INFO : EventManager : Event: ======'machine_var_audits_switches_s_plunger'====== Args={'value': 582, 'prev_value': 581, 'change': 1}
2020-10-05 09:22:52,858 : INFO : ball_device.bd_plunger : Received ball from <ball_device.bd_trough>
2020-10-05 09:22:52,859 : INFO : EventManager : Event: ======'balldevice_bd_plunger_ball_enter'====== Args={'new_balls': 1, 'unclaimed_balls': 0, 'new_available_balls': 0, 'device': <ball_device.bd_plunger>}
2020-10-05 09:22:52,861 : INFO : EventManager : Event: ======'balldevice_bd_plunger_ball_entered'====== Args={'new_balls': 0, 'device': <ball_device.bd_plunger>}
2020-10-05 09:22:52,863 : INFO : EventManager : Event: ======'balldevice_bd_plunger_ball_count_changed'====== Args={'balls': 1}
2020-10-05 09:22:52,863 : INFO : ball_device.bd_trough : Got eject confirm
2020-10-05 09:22:52,864 : INFO : ball_device.bd_trough : Eject successful
2020-10-05 09:22:52,864 : INFO : EventManager : Event: ======'balldevice_bd_trough_ball_eject_success'====== Args={'balls': 1, 'target': <ball_device.bd_plunger>}
2020-10-05 09:22:52,866 : INFO : EventManager : Event: ======'balldevice_bd_trough_ball_count_changed'====== Args={'balls': 1}
2020-10-05 09:22:52,867 : INFO : ball_device.bd_trough : State: idle
2020-10-05 09:22:52,868 : INFO : ball_device.bd_plunger : State: waiting_for_target_ready
2020-10-05 09:22:52,869 : INFO : EventManager : Event: ======'balldevice_bd_plunger_ball_eject_attempt'====== Args={'balls': 1, 'target': <playfield.playfield>, 'source': <ball_device.bd_plunger>, 'mechanical_eject': True, 'num_attempts': 0}
2020-10-05 09:22:52,872 : INFO : ball_device.bd_plunger : State: ejecting
2020-10-05 09:22:52,873 : INFO : ball_device.bd_plunger : Ejecting ball to <playfield.playfield>
2020-10-05 09:22:52,874 : INFO : EventManager : Event: ======'balldevice_bd_plunger_ejecting_ball'====== Args={'balls': 1, 'target': <playfield.playfield>, 'source': <ball_device.bd_plunger>, 'mechanical_eject': True, 'num_attempts': 0}
2020-10-05 09:22:52,877 : INFO : ball_device.bd_plunger : Wait for ball to leave device
2020-10-05 09:22:54,508 : INFO : SwitchController : <<<<<<< 's_soul_S' active >>>>>>>
2020-10-05 09:22:54,508 : INFO : EventManager : Event: ======'s_soul_S_active'====== Args={}
2020-10-05 09:22:54,509 : INFO : EventManager : Event: ======'machine_var_audits_switches_s_soul_S'====== Args={'value': 276, 'prev_value': 275, 'change': 1}
2020-10-05 09:22:54,510 : INFO : EventManager : Event: ======'playfield_active'====== Args={}
2020-10-05 09:22:54,511 : INFO : EventManager : Event: ======'player_shot_soul_S'====== Args={'value': 1, 'prev_value': 0, 'change': 1, 'player_num': 1}
2020-10-05 09:22:54,512 : INFO : EventManager : Event: ======'machine_var_audits_shots_soul_S'====== Args={'value': 276, 'prev_value': 275, 'change': 1}
2020-10-05 09:22:54,524 : INFO : EventManager : Event: ======'soul_S_hit'====== Args={'profile': 'default', 'state': 'unlit', 'advancing': True}
2020-10-05 09:22:54,525 : INFO : EventManager : Event: ======'soul_S_default_hit'====== Args={'profile': 'default', 'state': 'unlit', 'advancing': True}
2020-10-05 09:22:54,525 : INFO : EventManager : Event: ======'soul_S_default_unlit_hit'====== Args={'profile': 'default', 'state': 'unlit', 'advancing': True}
2020-10-05 09:22:54,525 : INFO : EventManager : Event: ======'soul_S_unlit_hit'====== Args={'profile': 'default', 'state': 'unlit', 'advancing': True}
2020-10-05 09:22:54,526 : INFO : EventManager : Event: ======'player_score'====== Args={'value': 10, 'prev_value': 0, 'change': 10, 'player_num': 1}
2020-10-05 09:22:54,526 : INFO : EventManager : Event: ======'soul_lanes_hit'====== Args={}
2020-10-05 09:22:54,527 : INFO : EventManager : Event: ======'soul_lanes_unlit_hit'====== Args={}
2020-10-05 09:22:54,677 : INFO : SwitchController : <<<<<<< 's_soul_S' inactive >>>>>>>
2020-10-05 09:22:54,812 : INFO : SwitchController : <<<<<<< 's_soul_O' active >>>>>>>
2020-10-05 09:22:54,812 : INFO : EventManager : Event: ======'s_soul_O_active'====== Args={}
2020-10-05 09:22:54,813 : INFO : EventManager : Event: ======'machine_var_audits_switches_s_soul_O'====== Args={'value': 248, 'prev_value': 247, 'change': 1}
2020-10-05 09:22:54,815 : INFO : EventManager : Event: ======'playfield_active'====== Args={}
2020-10-05 09:22:54,815 : INFO : EventManager : Event: ======'player_shot_soul_O'====== Args={'value': 1, 'prev_value': 0, 'change': 1, 'player_num': 1}
2020-10-05 09:22:54,817 : INFO : EventManager : Event: ======'machine_var_audits_shots_soul_O'====== Args={'value': 243, 'prev_value': 242, 'change': 1}
2020-10-05 09:22:54,818 : INFO : EventManager : Event: ======'soul_O_hit'====== Args={'profile': 'default', 'state': 'unlit', 'advancing': True}
2020-10-05 09:22:54,819 : INFO : EventManager : Event: ======'soul_O_default_hit'====== Args={'profile': 'default', 'state': 'unlit', 'advancing': True}
2020-10-05 09:22:54,819 : INFO : EventManager : Event: ======'soul_O_default_unlit_hit'====== Args={'profile': 'default', 'state': 'unlit', 'advancing': True}
2020-10-05 09:22:54,820 : INFO : EventManager : Event: ======'soul_O_unlit_hit'====== Args={'profile': 'default', 'state': 'unlit', 'advancing': True}
2020-10-05 09:22:54,821 : INFO : EventManager : Event: ======'player_score'====== Args={'value': 20, 'prev_value': 10, 'change': 10, 'player_num': 1}
2020-10-05 09:22:54,822 : INFO : EventManager : Event: ======'soul_lanes_hit'====== Args={}
2020-10-05 09:22:54,822 : INFO : EventManager : Event: ======'soul_lanes_unlit_hit'====== Args={}
2020-10-05 09:22:54,970 : INFO : SwitchController : <<<<<<< 's_soul_O' inactive >>>>>>>
2020-10-05 09:22:55,233 : INFO : SwitchController : <<<<<<< 's_soul_U' active >>>>>>>
2020-10-05 09:22:55,233 : INFO : EventManager : Event: ======'s_soul_U_active'====== Args={}
2020-10-05 09:22:55,235 : INFO : EventManager : Event: ======'machine_var_audits_switches_s_soul_U'====== Args={'value': 238, 'prev_value': 237, 'change': 1}
2020-10-05 09:22:55,238 : INFO : EventManager : Event: ======'playfield_active'====== Args={}
2020-10-05 09:22:55,239 : INFO : EventManager : Event: ======'player_shot_soul_U'====== Args={'value': 1, 'prev_value': 0, 'change': 1, 'player_num': 1}
2020-10-05 09:22:55,241 : INFO : EventManager : Event: ======'machine_var_audits_shots_soul_U'====== Args={'value': 238, 'prev_value': 237, 'change': 1}
2020-10-05 09:22:55,243 : INFO : EventManager : Event: ======'soul_U_hit'====== Args={'profile': 'default', 'state': 'unlit', 'advancing': True}
2020-10-05 09:22:55,243 : INFO : EventManager : Event: ======'soul_U_default_hit'====== Args={'profile': 'default', 'state': 'unlit', 'advancing': True}
2020-10-05 09:22:55,244 : INFO : EventManager : Event: ======'soul_U_default_unlit_hit'====== Args={'profile': 'default', 'state': 'unlit', 'advancing': True}
2020-10-05 09:22:55,244 : INFO : EventManager : Event: ======'soul_U_unlit_hit'====== Args={'profile': 'default', 'state': 'unlit', 'advancing': True}
2020-10-05 09:22:55,244 : INFO : EventManager : Event: ======'player_score'====== Args={'value': 30, 'prev_value': 20, 'change': 10, 'player_num': 1}
2020-10-05 09:22:55,245 : INFO : EventManager : Event: ======'soul_lanes_hit'====== Args={}
2020-10-05 09:22:55,246 : INFO : EventManager : Event: ======'soul_lanes_unlit_hit'====== Args={}
2020-10-05 09:22:55,347 : INFO : SwitchController : <<<<<<< 's_soul_U' inactive >>>>>>>
2020-10-05 09:22:56,182 : INFO : SwitchController : <<<<<<< 's_soul_L' active >>>>>>>
2020-10-05 09:22:56,182 : INFO : EventManager : Event: ======'s_soul_L_active'====== Args={}
2020-10-05 09:22:56,183 : INFO : EventManager : Event: ======'machine_var_audits_switches_s_soul_L'====== Args={'value': 237, 'prev_value': 236, 'change': 1}
2020-10-05 09:22:56,185 : INFO : EventManager : Event: ======'playfield_active'====== Args={}
2020-10-05 09:22:56,186 : INFO : EventManager : Event: ======'player_shot_soul_L'====== Args={'value': 1, 'prev_value': 0, 'change': 1, 'player_num': 1}
2020-10-05 09:22:56,188 : INFO : EventManager : Event: ======'machine_var_audits_shots_soul_L'====== Args={'value': 236, 'prev_value': 235, 'change': 1}
2020-10-05 09:22:56,189 : INFO : EventManager : Event: ======'soul_L_hit'====== Args={'profile': 'default', 'state': 'unlit', 'advancing': True}
2020-10-05 09:22:56,190 : INFO : EventManager : Event: ======'soul_L_default_hit'====== Args={'profile': 'default', 'state': 'unlit', 'advancing': True}
2020-10-05 09:22:56,191 : INFO : EventManager : Event: ======'soul_L_default_unlit_hit'====== Args={'profile': 'default', 'state': 'unlit', 'advancing': True}
2020-10-05 09:22:56,192 : INFO : EventManager : Event: ======'soul_L_unlit_hit'====== Args={'profile': 'default', 'state': 'unlit', 'advancing': True}
2020-10-05 09:22:56,192 : INFO : EventManager : Event: ======'player_score'====== Args={'value': 40, 'prev_value': 30, 'change': 10, 'player_num': 1}
2020-10-05 09:22:56,193 : INFO : EventManager : Event: ======'soul_lanes_complete'====== Args={'state': 'lit'}
2020-10-05 09:22:56,194 : INFO : EventManager : Event: ======'soul_lanes_lit_complete'====== Args={}
2020-10-05 09:22:56,195 : INFO : EventManager : Event: ======'soul_lanes_hit'====== Args={}
2020-10-05 09:22:56,196 : INFO : EventManager : Event: ======'soul_lanes_unlit_hit'====== Args={}
2020-10-05 09:22:56,197 : INFO : EventManager : Event: ======'logicblock_soul_complete_count_updated'====== Args={'value': 2, 'enabled': True}
2020-10-05 09:22:56,197 : INFO : EventManager : Event: ======'soul_lanes_done'====== Args={'count': 2}
2020-10-05 09:22:56,199 : INFO : EventManager : Event: ======'player_bonus_multiplier'====== Args={'value': 1, 'prev_value': 0, 'change': 1, 'player_num': 1}
2020-10-05 09:22:56,297 : INFO : SwitchController : <<<<<<< 's_soul_L' inactive >>>>>>>
2020-10-05 09:22:57,191 : INFO : EventManager : Event: ======'player_shot_soul_S'====== Args={'value': 0, 'prev_value': 1, 'change': -1, 'player_num': 1}
2020-10-05 09:22:57,193 : INFO : EventManager : Event: ======'player_shot_soul_O'====== Args={'value': 0, 'prev_value': 1, 'change': -1, 'player_num': 1}
2020-10-05 09:22:57,196 : INFO : EventManager : Event: ======'player_shot_soul_U'====== Args={'value': 0, 'prev_value': 1, 'change': -1, 'player_num': 1}
2020-10-05 09:22:57,197 : INFO : EventManager : Event: ======'player_shot_soul_L'====== Args={'value': 0, 'prev_value': 1, 'change': -1, 'player_num': 1}
2020-10-05 09:22:59,567 : INFO : SwitchController : <<<<<<< 's_trough1' active >>>>>>>
2020-10-05 09:22:59,567 : INFO : EventManager : Event: ======'s_trough1_active'====== Args={}
2020-10-05 09:22:59,568 : INFO : EventManager : Event: ======'machine_var_audits_switches_s_trough1'====== Args={'value': 519, 'prev_value': 518, 'change': 1}
2020-10-05 09:22:59,574 : INFO : EventManager : Event: ======'mode_bonusPayout_will_start'====== Args={}
2020-10-05 09:22:59,579 : INFO : EventManager : Event: ======'mode_bonusPayout_starting'====== Args={}
2020-10-05 09:22:59,580 : INFO : Mode.bonusPayout : Started. Priority: 140
2020-10-05 09:22:59,581 : INFO : EventManager : Event: ======'modes_active_modes_changed'====== Args={}
2020-10-05 09:22:59,581 : INFO : EventManager : Event: ======'mode_bonusPayout_started'====== Args={}
2020-10-05 09:23:00,071 : INFO : EventManager : Event: ======'balldevice_bd_trough_ball_count_changed'====== Args={'balls': 2}
2020-10-05 09:23:00,072 : INFO : ball_device.bd_trough : Received unexpected ball
2020-10-05 09:23:00,072 : INFO : EventManager : Event: ======'balldevice_captured_from_playfield'====== Args={'balls': 1}
2020-10-05 09:23:00,073 : INFO : EventManager : Event: ======'sw_playfield_active'====== Args={'balls': 1}
2020-10-05 09:23:00,074 : INFO : EventManager : Event: ======'playfield_active'====== Args={}
2020-10-05 09:23:00,074 : INFO : EventManager : Event: ======'playfield_ball_count_change'====== Args={'balls': -1, 'change': -1}
2020-10-05 09:23:00,075 : INFO : EventManager : Event: ======'balldevice_playfield_ball_enter'====== Args={'new_balls': 1, 'unclaimed_balls': 1, 'device': <playfield.playfield>}
2020-10-05 09:23:00,076 : INFO : EventManager : Event: ======'playfield_ball_count_change'====== Args={'balls': 0, 'change': 1}
2020-10-05 09:23:00,077 : INFO : BallController : Found a new ball which was captured from playfield. Known balls: 3
2020-10-05 09:23:00,078 : INFO : EventManager : Event: ======'found_new_ball'====== Args={}
2020-10-05 09:23:00,078 : INFO : EventManager : Event: ======'balldevice_bd_trough_ball_enter'====== Args={'new_balls': 1, 'unclaimed_balls': 1, 'new_available_balls': 1, 'device': <ball_device.bd_trough>}
2020-10-05 09:23:00,079 : INFO : EventManager : Event: ======'ball_drain'====== Args={'device': <ball_device.bd_trough>, 'balls': 1}
2020-10-05 09:23:00,080 : INFO : EventManager : Event: ======'ball_will_end'====== Args={}
2020-10-05 09:23:00,081 : INFO : EventManager : Event: ======'balldevice_balls_available'====== Args={}
2020-10-05 09:23:00,082 : INFO : EventManager : Event: ======'balldevice_bd_trough_ball_entered'====== Args={'new_balls': 1, 'device': <ball_device.bd_trough>}
2020-10-05 09:23:00,085 : INFO : EventManager : Event: ======'ball_ending'====== Args={}
2020-10-05 09:23:00,086 : INFO : EventManager : Event: ======'mode_bonusPayout_will_stop'====== Args={}
2020-10-05 09:23:00,086 : INFO : EventManager : Event: ======'mode_bonusPayout_stopping'====== Args={}
2020-10-05 09:23:00,086 : INFO : EventManager : Event: ======'mode_soulLanes_will_stop'====== Args={}
2020-10-05 09:23:00,087 : INFO : EventManager : Event: ======'mode_soulLanes_stopping'====== Args={}
2020-10-05 09:23:00,087 : INFO : EventManager : Event: ======'mode_base_will_stop'====== Args={}
2020-10-05 09:23:00,087 : INFO : EventManager : Event: ======'mode_base_stopping'====== Args={}
2020-10-05 09:23:00,088 : INFO : Mode.base : Stopped.
2020-10-05 09:23:00,088 : INFO : EventManager : Event: ======'modes_active_modes_changed'====== Args={}
2020-10-05 09:23:00,090 : INFO : EventManager : Event: ======'mode_base_stopped'====== Args={}
2020-10-05 09:23:00,090 : INFO : EventManager : Event: ======'clear'====== Args={'key': 'base'}
2020-10-05 09:23:00,092 : INFO : Mode.soulLanes : Stopped.
2020-10-05 09:23:00,092 : INFO : EventManager : Event: ======'modes_active_modes_changed'====== Args={}
2020-10-05 09:23:00,093 : INFO : EventManager : Event: ======'mode_soulLanes_stopped'====== Args={}
2020-10-05 09:23:00,095 : INFO : EventManager : Event: ======'clear'====== Args={'key': 'soulLanes'}
2020-10-05 09:23:00,097 : INFO : Mode.bonusPayout : Stopped.
2020-10-05 09:23:00,097 : INFO : EventManager : Event: ======'modes_active_modes_changed'====== Args={}
2020-10-05 09:23:00,098 : INFO : EventManager : Event: ======'mode_bonusPayout_stopped'====== Args={}
2020-10-05 09:23:00,098 : INFO : EventManager : Event: ======'clear'====== Args={'key': 'bonusPayout'}
2020-10-05 09:23:00,164 : INFO : EventManager : Event: ======'ball_ended'====== Args={}
2020-10-05 09:23:00,172 : INFO : EventManager : Event: ======'slide_base.slide_player-mode_base_started_removed'====== Args={'_from_bcp': True}
2020-10-05 09:23:00,173 : INFO : EventManager : Event: ======'slide_welcome_slide_active'====== Args={'_from_bcp': True}
2020-10-05 09:23:00,173 : INFO : EventManager : Event: ======'player_turn_will_end'====== Args={'player': <Player 1>, 'number': 1}
2020-10-05 09:23:00,202 : INFO : EventManager : Event: ======'player_turn_ending'====== Args={'player': <Player 1>, 'number': 1}
2020-10-05 09:23:00,204 : INFO : EventManager : Event: ======'player_turn_ended'====== Args={'player': <Player 1>, 'number': 1}
2020-10-05 09:23:00,205 : INFO : EventManager : Event: ======'player_turn_will_start'====== Args={'player': <Player 1>, 'number': 1}
2020-10-05 09:23:00,206 : INFO : EventManager : Event: ======'player_turn_starting'====== Args={'player': <Player 1>, 'number': 1}
2020-10-05 09:23:00,207 : INFO : EventManager : Event: ======'player_ball'====== Args={'value': 2, 'prev_value': 1, 'change': 1, 'player_num': 1}
2020-10-05 09:23:00,208 : INFO : EventManager : Event: ======'player_turn_started'====== Args={'player': <Player 1>, 'number': 1}
2020-10-05 09:23:00,209 : INFO : EventManager : Event: ======'ball_will_start'====== Args={'player': 1, 'ball': 2, 'balls_remaining': 3, 'is_extra_ball': False}
2020-10-05 09:23:00,230 : INFO : EventManager : Event: ======'ball_starting'====== Args={'player': 1, 'ball': 2, 'balls_remaining': 3, 'is_extra_ball': False}
2020-10-05 09:23:00,232 : INFO : EventManager : Event: ======'mode_base_will_start'====== Args={'queue': <QueuedEvent>, 'player': 1, 'ball': 2, 'balls_remaining': 3, 'is_extra_ball': False}
2020-10-05 09:23:00,237 : INFO : EventManager : Event: ======'mode_base_starting'====== Args={'queue': <QueuedEvent>, 'player': 1, 'ball': 2, 'balls_remaining': 3, 'is_extra_ball': False}
2020-10-05 09:23:00,238 : INFO : drop_target_bank.cup_bank : All targets are already up. Will not reset bank.
2020-10-05 09:23:00,238 : INFO : drop_target_bank.mug_bank : All targets are already up. Will not reset bank.
2020-10-05 09:23:00,239 : INFO : EventManager : Event: ======'balls_in_play'====== Args={'balls': 1}
2020-10-05 09:23:00,239 : INFO : EventManager : Event: ======'ball_started'====== Args={'player': 1, 'ball': 2, 'balls_remaining': 3, 'is_extra_ball': False}
2020-10-05 09:23:00,241 : INFO : EventManager : Event: ======'logicblock_bonus_updated'====== Args={'value': 0, 'enabled': True}
2020-10-05 09:23:00,242 : INFO : EventManager : Event: ======'logicblock_bonus_updated'====== Args={'value': 0, 'enabled': True}
2020-10-05 09:23:00,242 : INFO : Mode.base : Started. Priority: 100
2020-10-05 09:23:00,242 : INFO : EventManager : Event: ======'modes_active_modes_changed'====== Args={}
2020-10-05 09:23:00,243 : INFO : EventManager : Event: ======'mode_base_started'====== Args={'queue': <QueuedEvent>, 'player': 1, 'ball': 2, 'balls_remaining': 3, 'is_extra_ball': False}
2020-10-05 09:23:00,245 : INFO : EventManager : Event: ======'mode_soulLanes_will_start'====== Args={'player': 1, 'ball': 2, 'balls_remaining': 3, 'is_extra_ball': False}
2020-10-05 09:23:00,247 : INFO : EventManager : Event: ======'soul_lanes_complete'====== Args={'state': 'unlit'}
2020-10-05 09:23:00,248 : INFO : EventManager : Event: ======'soul_lanes_unlit_complete'====== Args={}
2020-10-05 09:23:00,253 : INFO : EventManager : Event: ======'mode_soulLanes_starting'====== Args={'player': 1, 'ball': 2, 'balls_remaining': 3, 'is_extra_ball': False}
2020-10-05 09:23:00,287 : INFO : EventManager : Event: ======'logicblock_soul_complete_count_updated'====== Args={'value': 1, 'enabled': True}
2020-10-05 09:23:00,288 : INFO : EventManager : Event: ======'logicblock_soul_complete_count_updated'====== Args={'value': 1, 'enabled': True}
2020-10-05 09:23:00,288 : INFO : Mode.soulLanes : Started. Priority: 110
2020-10-05 09:23:00,289 : INFO : EventManager : Event: ======'modes_active_modes_changed'====== Args={}
2020-10-05 09:23:00,290 : INFO : EventManager : Event: ======'mode_soulLanes_started'====== Args={'player': 1, 'ball': 2, 'balls_remaining': 3, 'is_extra_ball': False}
2020-10-05 09:23:00,291 : INFO : EventManager : Event: ======'single_player_ball_started'====== Args={}
2020-10-05 09:23:00,378 : INFO : EventManager : Event: ======'player_bonus_multiplier'====== Args={'value': 0, 'prev_value': 1, 'change': -1, 'player_num': 1}
2020-10-05 09:23:00,383 : INFO : EventManager : Event: ======'slide_base.slide_player-mode_base_started_created'====== Args={'_from_bcp': True}
2020-10-05 09:23:00,384 : INFO : EventManager : Event: ======'slide_base.slide_player-mode_base_started_active'====== Args={'_from_bcp': True}
2020-10-05 09:23:00,385 : INFO : ball_device.bd_plunger : Setting up player-controlled eject. Balls: 1, Target: <playfield.playfield>, player_controlled_eject_event: None
2020-10-05 09:23:00,386 : INFO : EventManager : Event: ======'balldevice_balls_available'====== Args={}
2020-10-05 09:23:00,467 : INFO : ball_device.bd_trough : State: waiting_for_target_ready
2020-10-05 09:23:00,468 : INFO : EventManager : Event: ======'balldevice_bd_trough_ball_eject_attempt'====== Args={'balls': 1, 'target': <ball_device.bd_plunger>, 'source': <ball_device.bd_trough>, 'mechanical_eject': True, 'num_attempts': 0}
2020-10-05 09:23:09,908 : INFO : Machine : Shutting down...
2020-10-05 09:23:09,908 : INFO : EventManager : Event: ======'shutdown'====== Args={}
2020-10-05 09:23:09,908 : INFO : root : MPF run loop ended.
