2020-10-04 08:44:35,333 : kivy : Factory: 184 symbols loaded
2020-10-04 08:44:35,766 : kivy : ImageLoaderFFPy: Using ffpyplayer 4.3.1
2020-10-04 08:44:35,768 : kivy : Image: Providers: img_tex, img_dds, img_sdl2, img_pil, img_ffpyplayer, img_gif 
2020-10-04 08:44:35,954 : kivy : VideoGstplayer: Using Gstreamer 1.16.0.0
2020-10-04 08:44:35,955 : kivy : Video: Provider: gstplayer
2020-10-04 08:44:36,125 : kivy : Loading MPF-MC controller
2020-10-04 08:44:36,135 : YamlMultifileConfigLoader : Machine config file #1: config
2020-10-04 08:44:36,136 : ConfigProcessor : Config file in cache changed: c:\Pinball\Cuphead\config\config
2020-10-04 08:44:36,138 : ConfigProcessor : Loading config from file c:\users\themi\appdata\local\programs\python\python36\lib\site-packages\mpfmc\mcconfig.yaml.
2020-10-04 08:44:36,221 : ConfigProcessor : Loading config: c:\users\themi\appdata\local\programs\python\python36\lib\site-packages\mpfmc\mcconfig.yaml
2020-10-04 08:44:36,222 : ConfigProcessor : Loading config from file c:\Pinball\Cuphead\config\config.
2020-10-04 08:44:36,242 : ConfigProcessor : Loading config: c:\Pinball\Cuphead\config\config
2020-10-04 08:44:36,255 : ConfigProcessor : Loading config: c:\Pinball\Cuphead\config\keyboard.yaml
2020-10-04 08:44:36,298 : ConfigProcessor : Loading config: c:\Pinball\Cuphead\config\hwSwitches.yaml
2020-10-04 08:44:36,389 : ConfigProcessor : Loading config: c:\Pinball\Cuphead\config\hwLights.yaml
2020-10-04 08:44:36,415 : ConfigProcessor : Loading config: c:\Pinball\Cuphead\config\hwCoils.yaml
2020-10-04 08:44:36,420 : ConfigProcessor : Config file cache created: C:\Users\themi\AppData\Local\Temp\1bf5539849bfae2fda5beb863cde560d.mpf_cache
2020-10-04 08:44:36,422 : ConfigProcessor : Loading config from cache: C:\Users\themi\AppData\Local\Temp\7964e52b22911e9b68a8022172b185f3.mpf_cache
2020-10-04 08:44:36,423 : ConfigProcessor : Loading config from cache: C:\Users\themi\AppData\Local\Temp\4fcecb70f81c3c2fefb8e65ae9a0af5f.mpf_cache
2020-10-04 08:44:36,424 : ConfigProcessor : Loading config from cache: C:\Users\themi\AppData\Local\Temp\b2a05f27b99f0404929b6678617f21a2.mpf_cache
2020-10-04 08:44:36,425 : ConfigProcessor : Loading config from cache: C:\Users\themi\AppData\Local\Temp\ee661b7bde9ac1aee26ef2e16bd36711.mpf_cache
2020-10-04 08:44:36,426 : mpfmc : Mission Pinball Framework Media Controller v0.54.0-dev.20
2020-10-04 08:44:36,426 : mpfmc : Mission Pinball Framework Game Engine v0.54.0-dev.72
2020-10-04 08:44:36,426 : mpfmc : Machine path: c:\Pinball\Cuphead
2020-10-04 08:44:36,427 : mpfmc : Starting clock at 60.0Hz
2020-10-04 08:44:36,454 : kivy : Text: Provider: sdl2
2020-10-04 08:44:36,521 : kivy : Window: Provider: sdl2
2020-10-04 08:44:37,214 : kivy : GL: Using the "OpenGL" graphics system
2020-10-04 08:44:37,218 : kivy : GL: GLEW initialization succeeded
2020-10-04 08:44:37,220 : kivy : GL: Backend used <glew>
2020-10-04 08:44:37,224 : kivy : GL: OpenGL version <b'4.5.14568 Compatibility Profile Context 24.20.12050.0'>
2020-10-04 08:44:37,224 : kivy : GL: OpenGL vendor <b'ATI Technologies Inc.'>
2020-10-04 08:44:37,224 : kivy : GL: OpenGL renderer <b'AMD Radeon(TM) R4 Graphics'>
2020-10-04 08:44:37,225 : kivy : GL: OpenGL parsed version: 4, 5
2020-10-04 08:44:37,225 : kivy : GL: Shading version <b'4.50'>
2020-10-04 08:44:37,225 : kivy : GL: Texture max size <16384>
2020-10-04 08:44:37,225 : kivy : GL: Texture max units <32>
2020-10-04 08:44:37,259 : kivy : Window: auto add sdl2 input provider
2020-10-04 08:44:37,260 : kivy : Window: virtual keyboard not allowed, single mode, not docked
2020-10-04 08:44:37,277 : SoundSystem : SoundSystem: Using default 'sound_system' settings
2020-10-04 08:44:37,885 : AudioInterface : Initialized
2020-10-04 08:44:37,886 : SoundSystem : No audio tracks are specified in your machine config file. a track named 'default' has been created.
2020-10-04 08:44:37,892 : kivy : Base: Start application main loop
2020-10-04 08:44:37,893 : EventManager : Event: ======'display_window_initialized'====== Args={}
2020-10-04 08:44:37,938 : mpfmc : Display: Setting 'window' as default display
2020-10-04 08:44:37,956 : EventManager : Event: ======'displays_initialized'====== Args={}
2020-10-04 08:44:37,961 : EventManager : Event: ======'slide_window_blank_created'====== Args={}
2020-10-04 08:44:37,961 : EventManager : Event: ======'display_window_ready'====== Args={}
2020-10-04 08:44:37,989 : EventManager : Event: ======'init_phase_1'====== Args={}
2020-10-04 08:44:38,000 : EventManager : Event: ======'mc_ready'====== Args={}
2020-10-04 08:44:38,000 : EventManager : Event: ======'init_phase_2'====== Args={}
2020-10-04 08:44:38,006 : EventManager : Event: ======'init_phase_3'====== Args={}
2020-10-04 08:44:38,008 : AssetManager : Registering Asset: cupHighScore, File: cupHighScore.ogg, Default Group: default, Final Config: {'load': 'preload', 'file': 'c:\\Pinball\\Cuphead\\modes\\base\\sounds\\music\\cupHighScore.ogg'}
2020-10-04 08:44:38,008 : AssetManager : Registering Asset: cupMusic1, File: cupMusic1.ogg, Default Group: default, Final Config: {'load': 'preload', 'target': 'music', 'loop': -1, 'mode_end_action': 'stop', 'file': 'c:\\Pinball\\Cuphead\\modes\\base\\sounds\\music\\cupMusic1.ogg'}
2020-10-04 08:44:38,008 : AssetManager : Registering Asset: cupMusic2, File: cupMusic2.ogg, Default Group: default, Final Config: {'load': 'preload', 'target': 'music', 'loop': -1, 'mode_end_action': 'stop', 'file': 'c:\\Pinball\\Cuphead\\modes\\base\\sounds\\music\\cupMusic2.ogg'}
2020-10-04 08:44:38,009 : AssetManager : Registering Asset: cupMusic3, File: cupMusic3.ogg, Default Group: default, Final Config: {'load': 'preload', 'target': 'music', 'loop': -1, 'mode_end_action': 'stop', 'file': 'c:\\Pinball\\Cuphead\\modes\\base\\sounds\\music\\cupMusic3.ogg'}
2020-10-04 08:44:38,009 : AssetManager : Registering Asset: cupMusic4, File: cupMusic4.ogg, Default Group: default, Final Config: {'load': 'preload', 'target': 'music', 'loop': -1, 'mode_end_action': 'stop', 'file': 'c:\\Pinball\\Cuphead\\modes\\base\\sounds\\music\\cupMusic4.ogg'}
2020-10-04 08:44:38,009 : AssetManager : Registering Asset: cupMusic5, File: cupMusic5.ogg, Default Group: default, Final Config: {'load': 'preload', 'file': 'c:\\Pinball\\Cuphead\\modes\\base\\sounds\\music\\cupMusic5.ogg'}
2020-10-04 08:44:38,010 : AssetManager : Registering Asset: cupMusic6, File: cupMusic6.ogg, Default Group: default, Final Config: {'load': 'preload', 'file': 'c:\\Pinball\\Cuphead\\modes\\base\\sounds\\music\\cupMusic6.ogg'}
2020-10-04 08:44:38,010 : AssetManager : Registering Asset: cupMusic7, File: cupMusic7.ogg, Default Group: default, Final Config: {'load': 'preload', 'file': 'c:\\Pinball\\Cuphead\\modes\\base\\sounds\\music\\cupMusic7.ogg'}
2020-10-04 08:44:38,010 : AssetManager : Registering Asset: cupMusic8, File: cupMusic8.ogg, Default Group: default, Final Config: {'load': 'preload', 'file': 'c:\\Pinball\\Cuphead\\modes\\base\\sounds\\music\\cupMusic8.ogg'}
2020-10-04 08:44:38,010 : AssetManager : Registering Asset: cupMusic9, File: cupMusic9.ogg, Default Group: default, Final Config: {'load': 'preload', 'file': 'c:\\Pinball\\Cuphead\\modes\\base\\sounds\\music\\cupMusic9.ogg'}
2020-10-04 08:44:38,010 : AssetManager : Registering Asset: game_play_1, File: game_play_1.ogg, Default Group: default, Final Config: {'load': 'preload', 'file': 'c:\\Pinball\\Cuphead\\modes\\base\\sounds\\music\\game_play_1.ogg'}
2020-10-04 08:44:38,014 : AssetManager : Registering Asset: attract_music, File: attract_music.ogg, Default Group: default, Final Config: {'load': 'preload', 'file': 'c:\\Pinball\\Cuphead\\modes\\attract\\sounds\\music\\attract_music.ogg'}
2020-10-04 08:44:38,023 : EventManager : Event: ======'init_phase_4'====== Args={}
2020-10-04 08:44:38,734 : EventManager : Event: ======'init_phase_5'====== Args={}
2020-10-04 08:44:41,660 : EventManager : Event: ======'loading_assets'====== Args={'total': 12, 'loaded': 1, 'remaining': 11, 'percent': 8}
2020-10-04 08:44:41,660 : AssetManager : Loading assets: 1/12 (8%)
2020-10-04 08:44:43,497 : EventManager : Event: ======'loading_assets'====== Args={'total': 12, 'loaded': 6, 'remaining': 6, 'percent': 50}
2020-10-04 08:44:43,497 : AssetManager : Loading assets: 6/12 (50%)
2020-10-04 08:44:44,341 : EventManager : Event: ======'loading_assets'====== Args={'total': 12, 'loaded': 7, 'remaining': 5, 'percent': 58}
2020-10-04 08:44:44,341 : AssetManager : Loading assets: 7/12 (58%)
2020-10-04 08:44:45,752 : EventManager : Event: ======'loading_assets'====== Args={'total': 12, 'loaded': 9, 'remaining': 3, 'percent': 75}
2020-10-04 08:44:45,752 : AssetManager : Loading assets: 9/12 (75%)
2020-10-04 08:44:47,463 : EventManager : Event: ======'loading_assets'====== Args={'total': 12, 'loaded': 11, 'remaining': 1, 'percent': 92}
2020-10-04 08:44:47,463 : AssetManager : Loading assets: 11/12 (92%)
2020-10-04 08:44:47,463 : EventManager : Event: ======'loading_assets'====== Args={'total': 12, 'loaded': 12, 'remaining': 0, 'percent': 100}
2020-10-04 08:44:47,463 : AssetManager : Asset loading took: 9.575835704803467
2020-10-04 08:44:47,464 : EventManager : Event: ======'asset_loading_complete'====== Args={}
2020-10-04 08:44:47,464 : AssetManager : Loading assets: 12/12 (100%)
2020-10-04 08:44:47,464 : EventManager : Event: ======'init_done'====== Args={}
2020-10-04 08:44:47,464 : MPF-MC BCP Server : Starting up on localhost port 5050
2020-10-04 08:44:47,474 : MPF-MC BCP Server : Waiting for a connection...
2020-10-04 08:44:47,474 : mpfmc : SlidePlayer: Play called with settings={'slides': {welcome_slide-None-None: {'priority': None, 'target': None, 'background_color': [0.0, 0.0, 0.0, 1.0], 'show': True, 'force': False, 'expire': None, 'slide': None, 'tokens': {}, 'action': 'play', 'transition': None, 'transition_out': None}}}
2020-10-04 08:44:47,482 : kivy : GL: NPOT texture support is available
2020-10-04 08:44:47,483 : EventManager : Event: ======'slide_welcome_slide_created'====== Args={}
2020-10-04 08:44:47,485 : EventManager : Event: ======'slide_welcome_slide_active'====== Args={}
2020-10-04 08:44:47,493 : EventManager : Event: ======'client_disconnected'====== Args={'host': '127.0.0.1', 'port': 5050}
2020-10-04 08:44:47,806 : MPF-MC BCP Server : Received connection from: 127.0.0.1:51706
2020-10-04 08:44:47,813 : EventManager : Event: ======'client_connected'====== Args={'host': '127.0.0.1', 'port': 51706}
2020-10-04 08:44:47,825 : EventManager : Event: ======'machine_var_credits_string'====== Args={'value': 'FREE PLAY', 'prev_value': None, 'change': True}
2020-10-04 08:44:47,825 : EventManager : Event: ======'machine_var_player1_score'====== Args={'value': 8110, 'prev_value': None, 'change': True}
2020-10-04 08:44:47,826 : EventManager : Event: ======'machine_var_mpf_version'====== Args={'value': 'MPF v0.54.0-dev.72', 'prev_value': None, 'change': True}
2020-10-04 08:44:47,826 : EventManager : Event: ======'machine_var_mpf_extended_version'====== Args={'value': 'MPF v0.54.0-dev.72, Config version:5, Show version: 5, BCP version:1.1', 'prev_value': None, 'change': True}
2020-10-04 08:44:47,826 : EventManager : Event: ======'machine_var_python_version'====== Args={'value': '3.6.4', 'prev_value': None, 'change': True}
2020-10-04 08:44:47,826 : EventManager : Event: ======'machine_var_platform'====== Args={'value': 'Windows-10-10.0.18362-SP0', 'prev_value': None, 'change': True}
2020-10-04 08:44:47,826 : EventManager : Event: ======'machine_var_platform_system'====== Args={'value': 'Windows', 'prev_value': None, 'change': True}
2020-10-04 08:44:47,826 : EventManager : Event: ======'machine_var_platform_release'====== Args={'value': '10', 'prev_value': None, 'change': True}
2020-10-04 08:44:47,826 : EventManager : Event: ======'machine_var_platform_version'====== Args={'value': '10.0.18362', 'prev_value': None, 'change': True}
2020-10-04 08:44:47,827 : EventManager : Event: ======'machine_var_platform_machine'====== Args={'value': 'AMD64', 'prev_value': None, 'change': True}
2020-10-04 08:44:47,827 : EventManager : Event: ======'machine_var_mc_version'====== Args={'value': 'MPF-MC v0.54.0-dev.20', 'prev_value': None, 'change': True}
2020-10-04 08:44:47,827 : EventManager : Event: ======'machine_var_mc_extended_version'====== Args={'value': 'MPF-MC v0.54.0-dev.20 (config_version=5, BCP v1.1, Requires MPF v0.54.0-dev.68)', 'prev_value': None, 'change': True}
2020-10-04 08:44:47,827 : EventManager : Event: ======'machine_var_master_volume'====== Args={'value': 0.5, 'prev_value': None, 'change': True}
2020-10-04 08:44:47,936 : EventManager : Event: ======'machine_var_audits_events_game_ended'====== Args={'value': 21, 'prev_value': None, 'change': True}
2020-10-04 08:44:47,937 : EventManager : Event: ======'machine_var_audits_events_game_started'====== Args={'value': 40, 'prev_value': None, 'change': True}
2020-10-04 08:44:47,937 : EventManager : Event: ======'machine_var_audits_player_score'====== Args={'value': {'average': 530.4761904761905, 'top': [2970, 1300, 1220, 980, 880, 780, 720, 710, 630, 590], 'total': 21}, 'prev_value': None, 'change': True}
2020-10-04 08:44:47,937 : EventManager : Event: ======'machine_var_audits_shots_soul_L'====== Args={'value': 128, 'prev_value': None, 'change': True}
2020-10-04 08:44:47,938 : EventManager : Event: ======'machine_var_audits_shots_soul_O'====== Args={'value': 134, 'prev_value': None, 'change': True}
2020-10-04 08:44:47,938 : EventManager : Event: ======'machine_var_audits_shots_soul_S'====== Args={'value': 155, 'prev_value': None, 'change': True}
2020-10-04 08:44:47,940 : EventManager : Event: ======'machine_var_audits_shots_soul_U'====== Args={'value': 131, 'prev_value': None, 'change': True}
2020-10-04 08:44:47,940 : EventManager : Event: ======'machine_var_audits_switches_s_coin'====== Args={'value': 20, 'prev_value': None, 'change': True}
2020-10-04 08:44:47,941 : EventManager : Event: ======'machine_var_audits_switches_s_dash_L'====== Args={'value': 0, 'prev_value': None, 'change': True}
2020-10-04 08:44:47,941 : EventManager : Event: ======'machine_var_audits_switches_s_dash_R'====== Args={'value': 0, 'prev_value': None, 'change': True}
2020-10-04 08:44:47,941 : EventManager : Event: ======'machine_var_audits_switches_s_dtSling_L'====== Args={'value': 0, 'prev_value': None, 'change': True}
2020-10-04 08:44:47,942 : EventManager : Event: ======'machine_var_audits_switches_s_dtSling_R'====== Args={'value': 0, 'prev_value': None, 'change': True}
2020-10-04 08:44:47,942 : EventManager : Event: ======'machine_var_audits_switches_s_dt_C'====== Args={'value': 72, 'prev_value': None, 'change': True}
2020-10-04 08:44:47,943 : EventManager : Event: ======'machine_var_audits_switches_s_dt_G'====== Args={'value': 21, 'prev_value': None, 'change': True}
2020-10-04 08:44:47,943 : EventManager : Event: ======'machine_var_audits_switches_s_dt_M'====== Args={'value': 19, 'prev_value': None, 'change': True}
2020-10-04 08:44:47,943 : EventManager : Event: ======'machine_var_audits_switches_s_dt_P'====== Args={'value': 55, 'prev_value': None, 'change': True}
2020-10-04 08:44:47,944 : EventManager : Event: ======'machine_var_audits_switches_s_dt_U'====== Args={'value': 63, 'prev_value': None, 'change': True}
2020-10-04 08:44:47,944 : EventManager : Event: ======'machine_var_audits_switches_s_dt_U2'====== Args={'value': 19, 'prev_value': None, 'change': True}
2020-10-04 08:44:47,945 : EventManager : Event: ======'machine_var_audits_switches_s_exit_shooter_lane'====== Args={'value': 356, 'prev_value': None, 'change': True}
2020-10-04 08:44:47,945 : EventManager : Event: ======'machine_var_audits_switches_s_inLane_L'====== Args={'value': 0, 'prev_value': None, 'change': True}
2020-10-04 08:44:47,946 : EventManager : Event: ======'machine_var_audits_switches_s_inLane_R'====== Args={'value': 0, 'prev_value': None, 'change': True}
2020-10-04 08:44:47,946 : EventManager : Event: ======'machine_var_audits_switches_s_kicker'====== Args={'value': 0, 'prev_value': None, 'change': True}
2020-10-04 08:44:47,947 : EventManager : Event: ======'machine_var_audits_switches_s_left_flipper'====== Args={'value': 151, 'prev_value': None, 'change': True}
2020-10-04 08:44:47,947 : EventManager : Event: ======'machine_var_audits_switches_s_midRight'====== Args={'value': 0, 'prev_value': None, 'change': True}
2020-10-04 08:44:47,948 : EventManager : Event: ======'machine_var_audits_switches_s_outLane_L'====== Args={'value': 0, 'prev_value': None, 'change': True}
2020-10-04 08:44:47,949 : EventManager : Event: ======'machine_var_audits_switches_s_outLane_R'====== Args={'value': 0, 'prev_value': None, 'change': True}
2020-10-04 08:44:47,950 : EventManager : Event: ======'machine_var_audits_switches_s_perdition'====== Args={'value': 0, 'prev_value': None, 'change': True}
2020-10-04 08:44:47,950 : EventManager : Event: ======'machine_var_audits_switches_s_playfield'====== Args={'value': 0, 'prev_value': None, 'change': True}
2020-10-04 08:44:47,950 : EventManager : Event: ======'machine_var_audits_switches_s_plunger'====== Args={'value': 547, 'prev_value': None, 'change': True}
2020-10-04 08:44:47,951 : EventManager : Event: ======'machine_var_audits_switches_s_popBumper_1'====== Args={'value': 464, 'prev_value': None, 'change': True}
2020-10-04 08:44:47,951 : EventManager : Event: ======'machine_var_audits_switches_s_popBumper_2'====== Args={'value': 439, 'prev_value': None, 'change': True}
2020-10-04 08:44:47,951 : EventManager : Event: ======'machine_var_audits_switches_s_popBumper_3'====== Args={'value': 163, 'prev_value': None, 'change': True}
2020-10-04 08:44:47,951 : EventManager : Event: ======'machine_var_audits_switches_s_pop_bumper1'====== Args={'value': 120, 'prev_value': None, 'change': True}
2020-10-04 08:44:47,952 : EventManager : Event: ======'machine_var_audits_switches_s_pop_bumper2'====== Args={'value': 153, 'prev_value': None, 'change': True}
2020-10-04 08:44:47,965 : EventManager : Event: ======'machine_var_audits_switches_s_pop_bumper3'====== Args={'value': 100, 'prev_value': None, 'change': True}
2020-10-04 08:44:47,965 : EventManager : Event: ======'machine_var_audits_switches_s_right_flipper'====== Args={'value': 216, 'prev_value': None, 'change': True}
2020-10-04 08:44:47,967 : EventManager : Event: ======'machine_var_audits_switches_s_sling_L'====== Args={'value': 0, 'prev_value': None, 'change': True}
2020-10-04 08:44:47,967 : EventManager : Event: ======'machine_var_audits_switches_s_sling_R'====== Args={'value': 0, 'prev_value': None, 'change': True}
2020-10-04 08:44:47,967 : EventManager : Event: ======'machine_var_audits_switches_s_soul_L'====== Args={'value': 129, 'prev_value': None, 'change': True}
2020-10-04 08:44:47,968 : EventManager : Event: ======'machine_var_audits_switches_s_soul_O'====== Args={'value': 139, 'prev_value': None, 'change': True}
2020-10-04 08:44:47,969 : EventManager : Event: ======'machine_var_audits_switches_s_soul_S'====== Args={'value': 155, 'prev_value': None, 'change': True}
2020-10-04 08:44:47,970 : EventManager : Event: ======'machine_var_audits_switches_s_soul_U'====== Args={'value': 131, 'prev_value': None, 'change': True}
2020-10-04 08:44:47,970 : EventManager : Event: ======'machine_var_audits_switches_s_standUp_1'====== Args={'value': 0, 'prev_value': None, 'change': True}
2020-10-04 08:44:47,971 : EventManager : Event: ======'machine_var_audits_switches_s_standUp_2'====== Args={'value': 0, 'prev_value': None, 'change': True}
2020-10-04 08:44:47,971 : EventManager : Event: ======'machine_var_audits_switches_s_standUp_3'====== Args={'value': 0, 'prev_value': None, 'change': True}
2020-10-04 08:44:47,971 : EventManager : Event: ======'machine_var_audits_switches_s_standUp_R'====== Args={'value': 0, 'prev_value': None, 'change': True}
2020-10-04 08:44:47,971 : EventManager : Event: ======'machine_var_audits_switches_s_star_1'====== Args={'value': 0, 'prev_value': None, 'change': True}
2020-10-04 08:44:47,971 : EventManager : Event: ======'machine_var_audits_switches_s_star_2'====== Args={'value': 0, 'prev_value': None, 'change': True}
2020-10-04 08:44:47,971 : EventManager : Event: ======'machine_var_audits_switches_s_star_3'====== Args={'value': 0, 'prev_value': None, 'change': True}
2020-10-04 08:44:47,972 : EventManager : Event: ======'machine_var_audits_switches_s_start'====== Args={'value': 68, 'prev_value': None, 'change': True}
2020-10-04 08:44:47,972 : EventManager : Event: ======'machine_var_audits_switches_s_tilt'====== Args={'value': 0, 'prev_value': None, 'change': True}
2020-10-04 08:44:47,972 : EventManager : Event: ======'machine_var_audits_switches_s_trough1'====== Args={'value': 508, 'prev_value': None, 'change': True}
2020-10-04 08:44:47,972 : EventManager : Event: ======'machine_var_audits_switches_s_trough2'====== Args={'value': 72, 'prev_value': None, 'change': True}
2020-10-04 08:44:47,972 : EventManager : Event: ======'machine_var_audits_switches_s_trough_jam'====== Args={'value': 13, 'prev_value': None, 'change': True}
2020-10-04 08:44:48,009 : EventManager : Event: ======'slides_play'====== Args={'settings': {'welcome_slide': {'target': None, 'background_color': [0.0, 0.0, 0.0, 1.0], 'priority': None, 'show': True, 'force': False, 'expire': None, 'slide': None, 'tokens': {}, 'action': 'play'}}, 'context': '_global', 'calling_context': 'init_done', 'priority': 0}
2020-10-04 08:44:48,009 : EventManager : Event: ======'mc_reset_phase_1'====== Args={}
2020-10-04 08:44:48,009 : mpfmc : SlidePlayer: Play called with settings={'welcome_slide': {'target': None, 'background_color': [0.0, 0.0, 0.0, 1.0], 'priority': None, 'show': True, 'force': False, 'expire': None, 'slide': None, 'tokens': {}, 'action': 'play'}}
2020-10-04 08:44:48,011 : EventManager : Event: ======'slide_welcome_slide_removed'====== Args={}
2020-10-04 08:44:48,015 : EventManager : Event: ======'slide_welcome_slide_created'====== Args={}
2020-10-04 08:44:48,017 : EventManager : Event: ======'mc_reset_phase_2'====== Args={}
2020-10-04 08:44:48,018 : EventManager : Event: ======'mc_reset_phase_3'====== Args={}
2020-10-04 08:44:48,018 : EventManager : Event: ======'mc_reset_complete'====== Args={}
2020-10-04 08:44:48,019 : EventManager : Event: ======'slide_welcome_slide_active'====== Args={}
2020-10-04 08:44:48,031 : EventManager : Event: ======'slides_play'====== Args={'settings': {'awesome_slide': {'widgets': [{'type': 'text', 'text': 'Cuphead Pinball', 'font_size': 50, '_default_settings': ['type', 'text', 'font_size'], 'x': None, 'y': None, 'anchor_x': 'center', 'anchor_y': 'center', 'round_anchor_x': None, 'round_anchor_y': None, 'opacity': 1.0, 'z': 0, 'reset_animations_events': {}, 'color': [1.0, 1.0, 1.0, 1.0], 'style': [], 'adjust_top': 0, 'adjust_bottom': 0, 'adjust_left': 0, 'adjust_right': 0, 'expire': None, 'key': None, 'widget': None, 'events_when_added': [], 'events_when_removed': [], 'bitmap_font': False, 'font_kerning': True, 'bold': False, 'italic': False, 'number_grouping': False, 'min_digits': 0, 'halign': 'center', 'valign': 'middle', 'rotation': 0, 'scale': 1.0, 'casing': None, 'animations': None}], 'transition': {'type': 'push', 'duration': 1.0, 'direction': 'left', 'easing': 'out_quad'}, 'target': None, 'background_color': [0.0, 0.0, 0.0, 1.0], 'priority': None, 'show': True, 'force': False, 'expire': None, 'slide': None, 'tokens': {}, 'action': 'play'}}, 'context': 'show_1', 'calling_context': 0, 'priority': 10, 'show_tokens': {}, 'start_time': 397129.625}
2020-10-04 08:44:48,031 : EventManager : Event: ======'sounds_play'====== Args={'settings': {'attract_music': {'loops': -1, 'mode_end_action': 'stop', 'priority': None, 'action': 'play', 'track': None, 'volume': None, 'pan': None, 'start_at': None, 'fade_in': None, 'fade_out': None, 'about_to_finish_time': -1.0, 'max_queue_time': -1.0, 'events_when_played': ['use_sound_setting'], 'events_when_stopped': ['use_sound_setting'], 'events_when_looping': ['use_sound_setting'], 'events_when_about_to_finish': ['use_sound_setting'], 'key': 'use_sound_setting'}}, 'context': 'attract', 'calling_context': 'mode_attract_started', 'priority': 10}
2020-10-04 08:44:48,032 : mpfmc : SlidePlayer: Play called with settings={'awesome_slide': {'widgets': [{'type': 'text', 'text': 'Cuphead Pinball', 'font_size': 50, '_default_settings': ['type', 'text', 'font_size'], 'x': None, 'y': None, 'anchor_x': 'center', 'anchor_y': 'center', 'round_anchor_x': None, 'round_anchor_y': None, 'opacity': 1.0, 'z': 0, 'reset_animations_events': {}, 'color': [1.0, 1.0, 1.0, 1.0], 'style': [], 'adjust_top': 0, 'adjust_bottom': 0, 'adjust_left': 0, 'adjust_right': 0, 'expire': None, 'key': None, 'widget': None, 'events_when_added': [], 'events_when_removed': [], 'bitmap_font': False, 'font_kerning': True, 'bold': False, 'italic': False, 'number_grouping': False, 'min_digits': 0, 'halign': 'center', 'valign': 'middle', 'rotation': 0, 'scale': 1.0, 'casing': None, 'animations': None}], 'transition': {'type': 'push', 'duration': 1.0, 'direction': 'left', 'easing': 'out_quad'}, 'target': None, 'background_color': [0.0, 0.0, 0.0, 1.0], 'priority': None, 'show': True, 'force': False, 'expire': None, 'slide': None, 'tokens': {}, 'action': 'play'}}
2020-10-04 08:44:48,042 : EventManager : Event: ======'slide_awesome_slide_created'====== Args={}
2020-10-04 08:44:48,046 : EventManager : Event: ======'slide_awesome_slide_active'====== Args={}
2020-10-04 08:44:48,957 : EventManager : Event: ======'game_started'====== Args={}
2020-10-04 08:44:48,976 : EventManager : Event: ======'slides_clear'====== Args={'context': 'show_1'}
2020-10-04 08:44:48,977 : EventManager : Event: ======'sounds_clear'====== Args={'context': 'attract'}
2020-10-04 08:44:48,980 : EventManager : Event: ======'slide_awesome_slide_removed'====== Args={}
2020-10-04 08:44:48,982 : EventManager : Event: ======'slide_welcome_slide_active'====== Args={}
2020-10-04 08:44:49,033 : EventManager : Event: ======'player_added'====== Args={'player': <Player 1>, 'num': 1}
2020-10-04 08:44:49,034 : EventManager : Event: ======'player_index'====== Args={'value': 0, 'prev_value': 0, 'change': 0, 'player_num': 1}
2020-10-04 08:44:49,034 : EventManager : Event: ======'player_number'====== Args={'value': 1, 'prev_value': 1, 'change': 0, 'player_num': 1}
2020-10-04 08:44:49,034 : EventManager : Event: ======'player_score'====== Args={'value': 0, 'prev_value': 0, 'change': 0, 'player_num': 1}
2020-10-04 08:44:49,035 : EventManager : Event: ======'player_bonus_multiplier'====== Args={'value': 1, 'prev_value': 0, 'change': 1, 'player_num': 1}
2020-10-04 08:44:49,082 : EventManager : Event: ======'player_ball'====== Args={'value': 1, 'prev_value': 0, 'change': 1, 'player_num': 1}
2020-10-04 08:44:49,083 : EventManager : Event: ======'player_turn_start'====== Args={'number': 1, 'player': <Player 1>}
2020-10-04 08:44:49,131 : EventManager : Event: ======'player_shot_soul_S_enabled'====== Args={'value': True, 'prev_value': 0, 'change': 1, 'player_num': 1}
2020-10-04 08:44:49,131 : EventManager : Event: ======'player_shot_soul_O_enabled'====== Args={'value': True, 'prev_value': 0, 'change': 1, 'player_num': 1}
2020-10-04 08:44:49,132 : EventManager : Event: ======'player_shot_soul_U_enabled'====== Args={'value': True, 'prev_value': 0, 'change': 1, 'player_num': 1}
2020-10-04 08:44:49,132 : EventManager : Event: ======'player_shot_soul_L_enabled'====== Args={'value': True, 'prev_value': 0, 'change': 1, 'player_num': 1}
2020-10-04 08:44:49,143 : EventManager : Event: ======'sounds_play'====== Args={'settings': {'poolCupHeadBase': {'loops': -1, 'priority': None, 'action': 'play', 'track': None, 'volume': None, 'pan': None, 'start_at': None, 'fade_in': None, 'fade_out': None, 'about_to_finish_time': -1.0, 'max_queue_time': -1.0, 'events_when_played': ['use_sound_setting'], 'events_when_stopped': ['use_sound_setting'], 'events_when_looping': ['use_sound_setting'], 'events_when_about_to_finish': ['use_sound_setting'], 'mode_end_action': 'use_sound_setting', 'key': 'use_sound_setting'}}, 'context': 'base', 'calling_context': 'mode_base_started', 'priority': 100, 'queue': '<QueuedEvent>', 'player': 1, 'ball': 1, 'balls_remaining': 4, 'is_extra_ball': False}
2020-10-04 08:44:49,143 : EventManager : Event: ======'slides_play'====== Args={'settings': {'widgets': {'widgets': [{'type': 'text', 'text': '(score)', 'number_grouping': True, 'min_digits': 2, 'font_size': 100, '_default_settings': ['type', 'text', 'number_grouping', 'min_digits', 'font_size'], 'x': None, 'y': None, 'anchor_x': 'center', 'anchor_y': 'center', 'round_anchor_x': None, 'round_anchor_y': None, 'opacity': 1.0, 'z': 0, 'reset_animations_events': {}, 'color': [1.0, 1.0, 1.0, 1.0], 'style': [], 'adjust_top': 0, 'adjust_bottom': 0, 'adjust_left': 0, 'adjust_right': 0, 'expire': None, 'key': None, 'widget': None, 'events_when_added': [], 'events_when_removed': [], 'bitmap_font': False, 'font_kerning': True, 'bold': False, 'italic': False, 'halign': 'center', 'valign': 'middle', 'rotation': 0, 'scale': 1.0, 'casing': None, 'animations': None}, {'type': 'text', 'text': 'Player (player)', 'y': '10', 'x': '10', 'font_size': 30, 'anchor_x': 'left', 'anchor_y': 'bottom', '_default_settings': ['type', 'text', 'y', 'x', 'font_size', 'anchor_x', 'anchor_y'], 'round_anchor_x': None, 'round_anchor_y': None, 'opacity': 1.0, 'z': 0, 'reset_animations_events': {}, 'color': [1.0, 1.0, 1.0, 1.0], 'style': [], 'adjust_top': 0, 'adjust_bottom': 0, 'adjust_left': 0, 'adjust_right': 0, 'expire': None, 'key': None, 'widget': None, 'events_when_added': [], 'events_when_removed': [], 'bitmap_font': False, 'font_kerning': True, 'bold': False, 'italic': False, 'number_grouping': False, 'min_digits': 0, 'halign': 'center', 'valign': 'middle', 'rotation': 0, 'scale': 1.0, 'casing': None, 'animations': None}, {'type': 'text', 'text': 'BALL (ball) (bonus_multiplier)', 'y': '10', 'x': 'right-10', 'anchor_x': 'right', 'anchor_y': 'bottom', 'font_size': 50, '_default_settings': ['type', 'text', 'y', 'x', 'anchor_x', 'anchor_y', 'font_size'], 'round_anchor_x': None, 'round_anchor_y': None, 'opacity': 1.0, 'z': 0, 'reset_animations_events': {}, 'color': [1.0, 1.0, 1.0, 1.0], 'style': [], 'adjust_top': 0, 'adjust_bottom': 0, 'adjust_left': 0, 'adjust_right': 0, 'expire': None, 'key': None, 'widget': None, 'events_when_added': [], 'events_when_removed': [], 'bitmap_font': False, 'font_kerning': True, 'bold': False, 'italic': False, 'number_grouping': False, 'min_digits': 0, 'halign': 'center', 'valign': 'middle', 'rotation': 0, 'scale': 1.0, 'casing': None, 'animations': None}], 'target': None, 'background_color': [0.0, 0.0, 0.0, 1.0], 'priority': None, 'show': True, 'force': False, 'expire': None, 'slide': None, 'tokens': {}, 'action': 'play'}}, 'context': 'base', 'calling_context': 'mode_base_started', 'priority': 100, 'queue': '<QueuedEvent>', 'player': 1, 'ball': 1, 'balls_remaining': 4, 'is_extra_ball': False}
2020-10-04 08:44:49,144 : mpfmc : SlidePlayer: Play called with settings={'widgets': {'widgets': [{'type': 'text', 'text': '(score)', 'number_grouping': True, 'min_digits': 2, 'font_size': 100, '_default_settings': ['type', 'text', 'number_grouping', 'min_digits', 'font_size'], 'x': None, 'y': None, 'anchor_x': 'center', 'anchor_y': 'center', 'round_anchor_x': None, 'round_anchor_y': None, 'opacity': 1.0, 'z': 0, 'reset_animations_events': {}, 'color': [1.0, 1.0, 1.0, 1.0], 'style': [], 'adjust_top': 0, 'adjust_bottom': 0, 'adjust_left': 0, 'adjust_right': 0, 'expire': None, 'key': None, 'widget': None, 'events_when_added': [], 'events_when_removed': [], 'bitmap_font': False, 'font_kerning': True, 'bold': False, 'italic': False, 'halign': 'center', 'valign': 'middle', 'rotation': 0, 'scale': 1.0, 'casing': None, 'animations': None}, {'type': 'text', 'text': 'Player (player)', 'y': '10', 'x': '10', 'font_size': 30, 'anchor_x': 'left', 'anchor_y': 'bottom', '_default_settings': ['type', 'text', 'y', 'x', 'font_size', 'anchor_x', 'anchor_y'], 'round_anchor_x': None, 'round_anchor_y': None, 'opacity': 1.0, 'z': 0, 'reset_animations_events': {}, 'color': [1.0, 1.0, 1.0, 1.0], 'style': [], 'adjust_top': 0, 'adjust_bottom': 0, 'adjust_left': 0, 'adjust_right': 0, 'expire': None, 'key': None, 'widget': None, 'events_when_added': [], 'events_when_removed': [], 'bitmap_font': False, 'font_kerning': True, 'bold': False, 'italic': False, 'number_grouping': False, 'min_digits': 0, 'halign': 'center', 'valign': 'middle', 'rotation': 0, 'scale': 1.0, 'casing': None, 'animations': None}, {'type': 'text', 'text': 'BALL (ball) (bonus_multiplier)', 'y': '10', 'x': 'right-10', 'anchor_x': 'right', 'anchor_y': 'bottom', 'font_size': 50, '_default_settings': ['type', 'text', 'y', 'x', 'anchor_x', 'anchor_y', 'font_size'], 'round_anchor_x': None, 'round_anchor_y': None, 'opacity': 1.0, 'z': 0, 'reset_animations_events': {}, 'color': [1.0, 1.0, 1.0, 1.0], 'style': [], 'adjust_top': 0, 'adjust_bottom': 0, 'adjust_left': 0, 'adjust_right': 0, 'expire': None, 'key': None, 'widget': None, 'events_when_added': [], 'events_when_removed': [], 'bitmap_font': False, 'font_kerning': True, 'bold': False, 'italic': False, 'number_grouping': False, 'min_digits': 0, 'halign': 'center', 'valign': 'middle', 'rotation': 0, 'scale': 1.0, 'casing': None, 'animations': None}], 'target': None, 'background_color': [0.0, 0.0, 0.0, 1.0], 'priority': None, 'show': True, 'force': False, 'expire': None, 'slide': None, 'tokens': {}, 'action': 'play'}}
2020-10-04 08:44:49,160 : EventManager : Event: ======'slide_base.slide_player-mode_base_started_created'====== Args={}
2020-10-04 08:44:49,184 : EventManager : Event: ======'slide_base.slide_player-mode_base_started_active'====== Args={}
2020-10-04 08:44:49,240 : EventManager : Event: ======'widgets_play'====== Args={'settings': {'soul_lanes_banner': {'priority': 0, 'slide': None, 'action': 'add', 'key': None, 'target': None}}, 'context': 'soulLanes', 'calling_context': 'mode_soulLanes_started', 'priority': 110, 'player': 1, 'ball': 1, 'balls_remaining': 4, 'is_extra_ball': False}
2020-10-04 08:44:49,390 : EventManager : Event: ======'machine_var_audits_switches_s_plunger'====== Args={'value': 548, 'prev_value': 547, 'change': 1}
2020-10-04 08:44:50,472 : EventManager : Event: ======'machine_var_audits_switches_s_soul_S'====== Args={'value': 156, 'prev_value': 155, 'change': 1}
2020-10-04 08:44:50,484 : EventManager : Event: ======'player_shot_soul_S'====== Args={'value': 1, 'prev_value': 0, 'change': 1, 'player_num': 1}
2020-10-04 08:44:50,484 : EventManager : Event: ======'machine_var_audits_shots_soul_S'====== Args={'value': 156, 'prev_value': 155, 'change': 1}
2020-10-04 08:44:50,506 : EventManager : Event: ======'player_score'====== Args={'value': 10, 'prev_value': 0, 'change': 10, 'player_num': 1}
2020-10-04 08:44:51,602 : EventManager : Event: ======'machine_var_audits_switches_s_soul_O'====== Args={'value': 140, 'prev_value': 139, 'change': 1}
2020-10-04 08:44:51,604 : EventManager : Event: ======'player_shot_soul_O'====== Args={'value': 1, 'prev_value': 0, 'change': 1, 'player_num': 1}
2020-10-04 08:44:51,604 : EventManager : Event: ======'machine_var_audits_shots_soul_O'====== Args={'value': 135, 'prev_value': 134, 'change': 1}
2020-10-04 08:44:51,604 : EventManager : Event: ======'player_score'====== Args={'value': 20, 'prev_value': 10, 'change': 10, 'player_num': 1}
2020-10-04 08:44:52,120 : EventManager : Event: ======'machine_var_audits_switches_s_soul_U'====== Args={'value': 132, 'prev_value': 131, 'change': 1}
2020-10-04 08:44:52,121 : EventManager : Event: ======'player_shot_soul_U'====== Args={'value': 1, 'prev_value': 0, 'change': 1, 'player_num': 1}
2020-10-04 08:44:52,121 : EventManager : Event: ======'machine_var_audits_shots_soul_U'====== Args={'value': 132, 'prev_value': 131, 'change': 1}
2020-10-04 08:44:52,121 : EventManager : Event: ======'player_score'====== Args={'value': 30, 'prev_value': 20, 'change': 10, 'player_num': 1}
2020-10-04 08:44:53,368 : EventManager : Event: ======'machine_var_audits_switches_s_soul_L'====== Args={'value': 130, 'prev_value': 129, 'change': 1}
2020-10-04 08:44:53,369 : EventManager : Event: ======'player_shot_soul_L'====== Args={'value': 1, 'prev_value': 0, 'change': 1, 'player_num': 1}
2020-10-04 08:44:53,371 : EventManager : Event: ======'machine_var_audits_shots_soul_L'====== Args={'value': 129, 'prev_value': 128, 'change': 1}
2020-10-04 08:44:53,371 : EventManager : Event: ======'player_score'====== Args={'value': 40, 'prev_value': 30, 'change': 10, 'player_num': 1}
2020-10-04 08:44:53,372 : EventManager : Event: ======'player_score'====== Args={'value': 1040, 'prev_value': 40, 'change': 1000, 'player_num': 1}
2020-10-04 08:44:53,381 : EventManager : Event: ======'player_bonus_multiplier'====== Args={'value': 2, 'prev_value': 1, 'change': 1, 'player_num': 1}
2020-10-04 08:44:54,387 : EventManager : Event: ======'player_shot_soul_S'====== Args={'value': 0, 'prev_value': 1, 'change': -1, 'player_num': 1}
2020-10-04 08:44:54,400 : EventManager : Event: ======'player_shot_soul_O'====== Args={'value': 0, 'prev_value': 1, 'change': -1, 'player_num': 1}
2020-10-04 08:44:54,400 : EventManager : Event: ======'player_shot_soul_U'====== Args={'value': 0, 'prev_value': 1, 'change': -1, 'player_num': 1}
2020-10-04 08:44:54,400 : EventManager : Event: ======'player_shot_soul_L'====== Args={'value': 0, 'prev_value': 1, 'change': -1, 'player_num': 1}
2020-10-04 08:44:54,577 : EventManager : Event: ======'machine_var_audits_switches_s_soul_S'====== Args={'value': 157, 'prev_value': 156, 'change': 1}
2020-10-04 08:44:54,577 : EventManager : Event: ======'player_shot_soul_S'====== Args={'value': 1, 'prev_value': 0, 'change': 1, 'player_num': 1}
2020-10-04 08:44:54,578 : EventManager : Event: ======'machine_var_audits_shots_soul_S'====== Args={'value': 157, 'prev_value': 156, 'change': 1}
2020-10-04 08:44:54,578 : EventManager : Event: ======'player_score'====== Args={'value': 1050, 'prev_value': 1040, 'change': 10, 'player_num': 1}
2020-10-04 08:44:55,299 : EventManager : Event: ======'machine_var_audits_switches_s_soul_O'====== Args={'value': 141, 'prev_value': 140, 'change': 1}
2020-10-04 08:44:55,299 : EventManager : Event: ======'player_shot_soul_O'====== Args={'value': 1, 'prev_value': 0, 'change': 1, 'player_num': 1}
2020-10-04 08:44:55,299 : EventManager : Event: ======'machine_var_audits_shots_soul_O'====== Args={'value': 136, 'prev_value': 135, 'change': 1}
2020-10-04 08:44:55,300 : EventManager : Event: ======'player_score'====== Args={'value': 1060, 'prev_value': 1050, 'change': 10, 'player_num': 1}
2020-10-04 08:44:55,880 : EventManager : Event: ======'machine_var_audits_switches_s_soul_U'====== Args={'value': 133, 'prev_value': 132, 'change': 1}
2020-10-04 08:44:55,881 : EventManager : Event: ======'player_shot_soul_U'====== Args={'value': 1, 'prev_value': 0, 'change': 1, 'player_num': 1}
2020-10-04 08:44:55,881 : EventManager : Event: ======'machine_var_audits_shots_soul_U'====== Args={'value': 133, 'prev_value': 132, 'change': 1}
2020-10-04 08:44:55,881 : EventManager : Event: ======'player_score'====== Args={'value': 1070, 'prev_value': 1060, 'change': 10, 'player_num': 1}
2020-10-04 08:44:57,058 : EventManager : Event: ======'machine_var_audits_switches_s_soul_L'====== Args={'value': 131, 'prev_value': 130, 'change': 1}
2020-10-04 08:44:57,082 : EventManager : Event: ======'player_shot_soul_L'====== Args={'value': 1, 'prev_value': 0, 'change': 1, 'player_num': 1}
2020-10-04 08:44:57,083 : EventManager : Event: ======'machine_var_audits_shots_soul_L'====== Args={'value': 130, 'prev_value': 129, 'change': 1}
2020-10-04 08:44:57,083 : EventManager : Event: ======'player_score'====== Args={'value': 1080, 'prev_value': 1070, 'change': 10, 'player_num': 1}
2020-10-04 08:44:57,084 : EventManager : Event: ======'player_score'====== Args={'value': 2080, 'prev_value': 1080, 'change': 1000, 'player_num': 1}
2020-10-04 08:44:57,084 : EventManager : Event: ======'player_bonus_multiplier'====== Args={'value': 3, 'prev_value': 2, 'change': 1, 'player_num': 1}
2020-10-04 08:44:57,810 : EventManager : Event: ======'machine_var_audits_switches_s_soul_S'====== Args={'value': 158, 'prev_value': 157, 'change': 1}
2020-10-04 08:44:57,811 : EventManager : Event: ======'machine_var_audits_shots_soul_S'====== Args={'value': 158, 'prev_value': 157, 'change': 1}
2020-10-04 08:44:57,811 : EventManager : Event: ======'player_score'====== Args={'value': 2090, 'prev_value': 2080, 'change': 10, 'player_num': 1}
2020-10-04 08:44:58,085 : EventManager : Event: ======'player_shot_soul_S'====== Args={'value': 0, 'prev_value': 1, 'change': -1, 'player_num': 1}
2020-10-04 08:44:58,085 : EventManager : Event: ======'player_shot_soul_O'====== Args={'value': 0, 'prev_value': 1, 'change': -1, 'player_num': 1}
2020-10-04 08:44:58,086 : EventManager : Event: ======'player_shot_soul_U'====== Args={'value': 0, 'prev_value': 1, 'change': -1, 'player_num': 1}
2020-10-04 08:44:58,086 : EventManager : Event: ======'player_shot_soul_L'====== Args={'value': 0, 'prev_value': 1, 'change': -1, 'player_num': 1}
2020-10-04 08:44:58,422 : EventManager : Event: ======'machine_var_audits_switches_s_soul_O'====== Args={'value': 142, 'prev_value': 141, 'change': 1}
2020-10-04 08:44:58,422 : EventManager : Event: ======'player_shot_soul_O'====== Args={'value': 1, 'prev_value': 0, 'change': 1, 'player_num': 1}
2020-10-04 08:44:58,422 : EventManager : Event: ======'machine_var_audits_shots_soul_O'====== Args={'value': 137, 'prev_value': 136, 'change': 1}
2020-10-04 08:44:58,422 : EventManager : Event: ======'player_score'====== Args={'value': 2100, 'prev_value': 2090, 'change': 10, 'player_num': 1}
2020-10-04 08:44:59,447 : EventManager : Event: ======'machine_var_audits_switches_s_soul_U'====== Args={'value': 134, 'prev_value': 133, 'change': 1}
2020-10-04 08:44:59,447 : EventManager : Event: ======'player_shot_soul_U'====== Args={'value': 1, 'prev_value': 0, 'change': 1, 'player_num': 1}
2020-10-04 08:44:59,447 : EventManager : Event: ======'machine_var_audits_shots_soul_U'====== Args={'value': 134, 'prev_value': 133, 'change': 1}
2020-10-04 08:44:59,447 : EventManager : Event: ======'player_score'====== Args={'value': 2110, 'prev_value': 2100, 'change': 10, 'player_num': 1}
2020-10-04 08:45:00,675 : EventManager : Event: ======'machine_var_audits_switches_s_soul_L'====== Args={'value': 132, 'prev_value': 131, 'change': 1}
2020-10-04 08:45:00,676 : EventManager : Event: ======'player_shot_soul_L'====== Args={'value': 1, 'prev_value': 0, 'change': 1, 'player_num': 1}
2020-10-04 08:45:00,677 : EventManager : Event: ======'machine_var_audits_shots_soul_L'====== Args={'value': 131, 'prev_value': 130, 'change': 1}
2020-10-04 08:45:00,697 : EventManager : Event: ======'player_score'====== Args={'value': 2120, 'prev_value': 2110, 'change': 10, 'player_num': 1}
2020-10-04 08:45:03,047 : EventManager : Event: ======'machine_var_audits_switches_s_soul_S'====== Args={'value': 159, 'prev_value': 158, 'change': 1}
2020-10-04 08:45:03,047 : EventManager : Event: ======'player_shot_soul_S'====== Args={'value': 1, 'prev_value': 0, 'change': 1, 'player_num': 1}
2020-10-04 08:45:03,047 : EventManager : Event: ======'machine_var_audits_shots_soul_S'====== Args={'value': 159, 'prev_value': 158, 'change': 1}
2020-10-04 08:45:03,048 : EventManager : Event: ======'player_score'====== Args={'value': 2130, 'prev_value': 2120, 'change': 10, 'player_num': 1}
2020-10-04 08:45:03,049 : EventManager : Event: ======'player_score'====== Args={'value': 3130, 'prev_value': 2130, 'change': 1000, 'player_num': 1}
2020-10-04 08:45:03,613 : EventManager : Event: ======'machine_var_audits_switches_s_soul_O'====== Args={'value': 143, 'prev_value': 142, 'change': 1}
2020-10-04 08:45:03,613 : EventManager : Event: ======'machine_var_audits_shots_soul_O'====== Args={'value': 138, 'prev_value': 137, 'change': 1}
2020-10-04 08:45:03,613 : EventManager : Event: ======'player_score'====== Args={'value': 3140, 'prev_value': 3130, 'change': 10, 'player_num': 1}
2020-10-04 08:45:04,053 : EventManager : Event: ======'player_shot_soul_S'====== Args={'value': 0, 'prev_value': 1, 'change': -1, 'player_num': 1}
2020-10-04 08:45:04,054 : EventManager : Event: ======'player_shot_soul_O'====== Args={'value': 0, 'prev_value': 1, 'change': -1, 'player_num': 1}
2020-10-04 08:45:04,054 : EventManager : Event: ======'player_shot_soul_U'====== Args={'value': 0, 'prev_value': 1, 'change': -1, 'player_num': 1}
2020-10-04 08:45:04,054 : EventManager : Event: ======'player_shot_soul_L'====== Args={'value': 0, 'prev_value': 1, 'change': -1, 'player_num': 1}
2020-10-04 08:45:04,067 : EventManager : Event: ======'machine_var_audits_switches_s_soul_U'====== Args={'value': 135, 'prev_value': 134, 'change': 1}
2020-10-04 08:45:04,067 : EventManager : Event: ======'player_shot_soul_U'====== Args={'value': 1, 'prev_value': 0, 'change': 1, 'player_num': 1}
2020-10-04 08:45:04,068 : EventManager : Event: ======'machine_var_audits_shots_soul_U'====== Args={'value': 135, 'prev_value': 134, 'change': 1}
2020-10-04 08:45:04,069 : EventManager : Event: ======'player_score'====== Args={'value': 3150, 'prev_value': 3140, 'change': 10, 'player_num': 1}
2020-10-04 08:45:05,013 : EventManager : Event: ======'machine_var_audits_switches_s_soul_L'====== Args={'value': 133, 'prev_value': 132, 'change': 1}
2020-10-04 08:45:05,013 : EventManager : Event: ======'player_shot_soul_L'====== Args={'value': 1, 'prev_value': 0, 'change': 1, 'player_num': 1}
2020-10-04 08:45:05,013 : EventManager : Event: ======'machine_var_audits_shots_soul_L'====== Args={'value': 132, 'prev_value': 131, 'change': 1}
2020-10-04 08:45:05,013 : EventManager : Event: ======'player_score'====== Args={'value': 3160, 'prev_value': 3150, 'change': 10, 'player_num': 1}
2020-10-04 08:45:11,960 : kivy : Base: Leaving application in progress...
2020-10-04 08:45:12,257 : kivy : WindowSDL: exiting mainloop and closing.
2020-10-04 08:45:12,288 : mpfmc : Stopping...
2020-10-04 08:45:12,288 : EventManager : Event: ======'shutdown'====== Args={}
2020-10-04 08:45:12,288 : mpfmc : Loop rate 56.49 Hz
2020-10-04 08:45:12,288 : kivy : MC run loop ended.
2020-10-04 08:45:12,288 : kivy : Stopping child threads... (3 remaining)
2020-10-04 08:45:12,765 : mpfmc : Stopping...
2020-10-04 08:45:12,765 : EventManager : Event: ======'shutdown'====== Args={}
2020-10-04 08:45:12,765 : mpfmc : Loop rate 55.71 Hz
2020-10-04 08:45:12,781 : MPF-MC BCP Server : Stopping BCP sending thread
2020-10-04 08:45:12,827 : kivy : All child threads stopped.
