2020-10-04 08:41:31,535 : kivy : Factory: 184 symbols loaded
2020-10-04 08:41:31,989 : kivy : ImageLoaderFFPy: Using ffpyplayer 4.3.1
2020-10-04 08:41:31,991 : kivy : Image: Providers: img_tex, img_dds, img_sdl2, img_pil, img_ffpyplayer, img_gif 
2020-10-04 08:41:32,236 : kivy : VideoGstplayer: Using Gstreamer 1.16.0.0
2020-10-04 08:41:32,237 : kivy : Video: Provider: gstplayer
2020-10-04 08:41:32,374 : kivy : Loading MPF-MC controller
2020-10-04 08:41:32,383 : YamlMultifileConfigLoader : Machine config file #1: config
2020-10-04 08:41:32,384 : ConfigProcessor : Config file in cache changed: c:\Pinball\Cuphead\config\config
2020-10-04 08:41:32,385 : ConfigProcessor : Loading config from file c:\users\themi\appdata\local\programs\python\python36\lib\site-packages\mpfmc\mcconfig.yaml.
2020-10-04 08:41:32,460 : ConfigProcessor : Loading config: c:\users\themi\appdata\local\programs\python\python36\lib\site-packages\mpfmc\mcconfig.yaml
2020-10-04 08:41:32,461 : ConfigProcessor : Loading config from file c:\Pinball\Cuphead\config\config.
2020-10-04 08:41:32,482 : ConfigProcessor : Loading config: c:\Pinball\Cuphead\config\config
2020-10-04 08:41:32,494 : ConfigProcessor : Loading config: c:\Pinball\Cuphead\config\keyboard.yaml
2020-10-04 08:41:32,535 : ConfigProcessor : Loading config: c:\Pinball\Cuphead\config\hwSwitches.yaml
2020-10-04 08:41:32,623 : ConfigProcessor : Loading config: c:\Pinball\Cuphead\config\hwLights.yaml
2020-10-04 08:41:32,649 : ConfigProcessor : Loading config: c:\Pinball\Cuphead\config\hwCoils.yaml
2020-10-04 08:41:32,655 : ConfigProcessor : Config file cache created: C:\Users\themi\AppData\Local\Temp\1bf5539849bfae2fda5beb863cde560d.mpf_cache
2020-10-04 08:41:32,656 : ConfigProcessor : Loading config from cache: C:\Users\themi\AppData\Local\Temp\7964e52b22911e9b68a8022172b185f3.mpf_cache
2020-10-04 08:41:32,657 : ConfigProcessor : Loading config from cache: C:\Users\themi\AppData\Local\Temp\4fcecb70f81c3c2fefb8e65ae9a0af5f.mpf_cache
2020-10-04 08:41:32,658 : ConfigProcessor : Loading config from cache: C:\Users\themi\AppData\Local\Temp\b2a05f27b99f0404929b6678617f21a2.mpf_cache
2020-10-04 08:41:32,659 : ConfigProcessor : Loading config from cache: C:\Users\themi\AppData\Local\Temp\ee661b7bde9ac1aee26ef2e16bd36711.mpf_cache
2020-10-04 08:41:32,660 : mpfmc : Mission Pinball Framework Media Controller v0.54.0-dev.20
2020-10-04 08:41:32,661 : mpfmc : Mission Pinball Framework Game Engine v0.54.0-dev.72
2020-10-04 08:41:32,661 : mpfmc : Machine path: c:\Pinball\Cuphead
2020-10-04 08:41:32,662 : mpfmc : Starting clock at 60.0Hz
2020-10-04 08:41:32,690 : kivy : Text: Provider: sdl2
2020-10-04 08:41:32,758 : kivy : Window: Provider: sdl2
2020-10-04 08:41:33,319 : kivy : GL: Using the "OpenGL" graphics system
2020-10-04 08:41:33,324 : kivy : GL: GLEW initialization succeeded
2020-10-04 08:41:33,324 : kivy : GL: Backend used <glew>
2020-10-04 08:41:33,325 : kivy : GL: OpenGL version <b'4.5.14568 Compatibility Profile Context 24.20.12050.0'>
2020-10-04 08:41:33,325 : kivy : GL: OpenGL vendor <b'ATI Technologies Inc.'>
2020-10-04 08:41:33,325 : kivy : GL: OpenGL renderer <b'AMD Radeon(TM) R4 Graphics'>
2020-10-04 08:41:33,326 : kivy : GL: OpenGL parsed version: 4, 5
2020-10-04 08:41:33,326 : kivy : GL: Shading version <b'4.50'>
2020-10-04 08:41:33,326 : kivy : GL: Texture max size <16384>
2020-10-04 08:41:33,326 : kivy : GL: Texture max units <32>
2020-10-04 08:41:33,364 : kivy : Window: auto add sdl2 input provider
2020-10-04 08:41:33,364 : kivy : Window: virtual keyboard not allowed, single mode, not docked
2020-10-04 08:41:33,381 : SoundSystem : SoundSystem: Using default 'sound_system' settings
2020-10-04 08:41:34,091 : AudioInterface : Initialized
2020-10-04 08:41:34,092 : SoundSystem : No audio tracks are specified in your machine config file. a track named 'default' has been created.
2020-10-04 08:41:34,097 : kivy : Base: Start application main loop
2020-10-04 08:41:34,099 : EventManager : Event: ======'display_window_initialized'====== Args={}
2020-10-04 08:41:34,144 : mpfmc : Display: Setting 'window' as default display
2020-10-04 08:41:34,158 : EventManager : Event: ======'displays_initialized'====== Args={}
2020-10-04 08:41:34,160 : EventManager : Event: ======'slide_window_blank_created'====== Args={}
2020-10-04 08:41:34,161 : EventManager : Event: ======'display_window_ready'====== Args={}
2020-10-04 08:41:34,178 : EventManager : Event: ======'init_phase_1'====== Args={}
2020-10-04 08:41:34,187 : EventManager : Event: ======'mc_ready'====== Args={}
2020-10-04 08:41:34,187 : EventManager : Event: ======'init_phase_2'====== Args={}
2020-10-04 08:41:34,192 : EventManager : Event: ======'init_phase_3'====== Args={}
2020-10-04 08:41:34,193 : AssetManager : Registering Asset: cupHighScore, File: cupHighScore.ogg, Default Group: default, Final Config: {'load': 'preload', 'file': 'c:\\Pinball\\Cuphead\\modes\\base\\sounds\\music\\cupHighScore.ogg'}
2020-10-04 08:41:34,193 : AssetManager : Registering Asset: cupMusic1, File: cupMusic1.ogg, Default Group: default, Final Config: {'load': 'preload', 'target': 'music', 'loop': -1, 'mode_end_action': 'stop', 'file': 'c:\\Pinball\\Cuphead\\modes\\base\\sounds\\music\\cupMusic1.ogg'}
2020-10-04 08:41:34,193 : AssetManager : Registering Asset: cupMusic2, File: cupMusic2.ogg, Default Group: default, Final Config: {'load': 'preload', 'target': 'music', 'loop': -1, 'mode_end_action': 'stop', 'file': 'c:\\Pinball\\Cuphead\\modes\\base\\sounds\\music\\cupMusic2.ogg'}
2020-10-04 08:41:34,194 : AssetManager : Registering Asset: cupMusic3, File: cupMusic3.ogg, Default Group: default, Final Config: {'load': 'preload', 'target': 'music', 'loop': -1, 'mode_end_action': 'stop', 'file': 'c:\\Pinball\\Cuphead\\modes\\base\\sounds\\music\\cupMusic3.ogg'}
2020-10-04 08:41:34,194 : AssetManager : Registering Asset: cupMusic4, File: cupMusic4.ogg, Default Group: default, Final Config: {'load': 'preload', 'target': 'music', 'loop': -1, 'mode_end_action': 'stop', 'file': 'c:\\Pinball\\Cuphead\\modes\\base\\sounds\\music\\cupMusic4.ogg'}
2020-10-04 08:41:34,194 : AssetManager : Registering Asset: cupMusic5, File: cupMusic5.ogg, Default Group: default, Final Config: {'load': 'preload', 'file': 'c:\\Pinball\\Cuphead\\modes\\base\\sounds\\music\\cupMusic5.ogg'}
2020-10-04 08:41:34,194 : AssetManager : Registering Asset: cupMusic6, File: cupMusic6.ogg, Default Group: default, Final Config: {'load': 'preload', 'file': 'c:\\Pinball\\Cuphead\\modes\\base\\sounds\\music\\cupMusic6.ogg'}
2020-10-04 08:41:34,194 : AssetManager : Registering Asset: cupMusic7, File: cupMusic7.ogg, Default Group: default, Final Config: {'load': 'preload', 'file': 'c:\\Pinball\\Cuphead\\modes\\base\\sounds\\music\\cupMusic7.ogg'}
2020-10-04 08:41:34,194 : AssetManager : Registering Asset: cupMusic8, File: cupMusic8.ogg, Default Group: default, Final Config: {'load': 'preload', 'file': 'c:\\Pinball\\Cuphead\\modes\\base\\sounds\\music\\cupMusic8.ogg'}
2020-10-04 08:41:34,194 : AssetManager : Registering Asset: cupMusic9, File: cupMusic9.ogg, Default Group: default, Final Config: {'load': 'preload', 'file': 'c:\\Pinball\\Cuphead\\modes\\base\\sounds\\music\\cupMusic9.ogg'}
2020-10-04 08:41:34,194 : AssetManager : Registering Asset: game_play_1, File: game_play_1.ogg, Default Group: default, Final Config: {'load': 'preload', 'file': 'c:\\Pinball\\Cuphead\\modes\\base\\sounds\\music\\game_play_1.ogg'}
2020-10-04 08:41:34,197 : AssetManager : Registering Asset: attract_music, File: attract_music.ogg, Default Group: default, Final Config: {'load': 'preload', 'file': 'c:\\Pinball\\Cuphead\\modes\\attract\\sounds\\music\\attract_music.ogg'}
2020-10-04 08:41:34,198 : EventManager : Event: ======'init_phase_4'====== Args={}
2020-10-04 08:41:34,198 : EventManager : Event: ======'init_phase_5'====== Args={}
2020-10-04 08:41:36,513 : EventManager : Event: ======'loading_assets'====== Args={'total': 12, 'loaded': 1, 'remaining': 11, 'percent': 8}
2020-10-04 08:41:37,326 : AssetManager : Loading assets: 1/12 (8%)
2020-10-04 08:41:38,608 : EventManager : Event: ======'loading_assets'====== Args={'total': 12, 'loaded': 5, 'remaining': 7, 'percent': 42}
2020-10-04 08:41:38,608 : AssetManager : Loading assets: 5/12 (42%)
2020-10-04 08:41:39,472 : EventManager : Event: ======'loading_assets'====== Args={'total': 12, 'loaded': 7, 'remaining': 5, 'percent': 58}
2020-10-04 08:41:40,246 : AssetManager : Loading assets: 7/12 (58%)
2020-10-04 08:41:40,777 : EventManager : Event: ======'loading_assets'====== Args={'total': 12, 'loaded': 8, 'remaining': 4, 'percent': 67}
2020-10-04 08:41:40,777 : AssetManager : Loading assets: 8/12 (67%)
2020-10-04 08:41:42,557 : EventManager : Event: ======'loading_assets'====== Args={'total': 12, 'loaded': 10, 'remaining': 2, 'percent': 83}
2020-10-04 08:41:42,558 : AssetManager : Loading assets: 10/12 (83%)
2020-10-04 08:41:43,388 : EventManager : Event: ======'loading_assets'====== Args={'total': 12, 'loaded': 12, 'remaining': 0, 'percent': 100}
2020-10-04 08:41:43,389 : AssetManager : Asset loading took: 9.296194314956665
2020-10-04 08:41:43,389 : EventManager : Event: ======'asset_loading_complete'====== Args={}
2020-10-04 08:41:43,389 : AssetManager : Loading assets: 12/12 (100%)
2020-10-04 08:41:43,389 : EventManager : Event: ======'init_done'====== Args={}
2020-10-04 08:41:43,390 : MPF-MC BCP Server : Starting up on localhost port 5050
2020-10-04 08:41:43,398 : MPF-MC BCP Server : Waiting for a connection...
2020-10-04 08:41:43,398 : mpfmc : SlidePlayer: Play called with settings={'slides': {welcome_slide-None-None: {'priority': None, 'target': None, 'background_color': [0.0, 0.0, 0.0, 1.0], 'show': True, 'force': False, 'expire': None, 'slide': None, 'tokens': {}, 'action': 'play', 'transition': None, 'transition_out': None}}}
2020-10-04 08:41:43,407 : kivy : GL: NPOT texture support is available
2020-10-04 08:41:43,408 : EventManager : Event: ======'slide_welcome_slide_created'====== Args={}
2020-10-04 08:41:43,410 : EventManager : Event: ======'slide_welcome_slide_active'====== Args={}
2020-10-04 08:41:43,418 : EventManager : Event: ======'client_disconnected'====== Args={'host': '127.0.0.1', 'port': 5050}
2020-10-04 08:41:43,523 : MPF-MC BCP Server : Received connection from: 127.0.0.1:51649
2020-10-04 08:41:43,528 : EventManager : Event: ======'client_connected'====== Args={'host': '127.0.0.1', 'port': 51649}
2020-10-04 08:41:43,566 : EventManager : Event: ======'machine_var_credits_string'====== Args={'value': 'FREE PLAY', 'prev_value': None, 'change': True}
2020-10-04 08:41:43,566 : EventManager : Event: ======'machine_var_player1_score'====== Args={'value': 8110, 'prev_value': None, 'change': True}
2020-10-04 08:41:43,566 : EventManager : Event: ======'machine_var_mpf_version'====== Args={'value': 'MPF v0.54.0-dev.72', 'prev_value': None, 'change': True}
2020-10-04 08:41:43,566 : EventManager : Event: ======'machine_var_mpf_extended_version'====== Args={'value': 'MPF v0.54.0-dev.72, Config version:5, Show version: 5, BCP version:1.1', 'prev_value': None, 'change': True}
2020-10-04 08:41:43,567 : EventManager : Event: ======'machine_var_python_version'====== Args={'value': '3.6.4', 'prev_value': None, 'change': True}
2020-10-04 08:41:43,567 : EventManager : Event: ======'machine_var_platform'====== Args={'value': 'Windows-10-10.0.18362-SP0', 'prev_value': None, 'change': True}
2020-10-04 08:41:43,567 : EventManager : Event: ======'machine_var_platform_system'====== Args={'value': 'Windows', 'prev_value': None, 'change': True}
2020-10-04 08:41:43,567 : EventManager : Event: ======'machine_var_platform_release'====== Args={'value': '10', 'prev_value': None, 'change': True}
2020-10-04 08:41:43,567 : EventManager : Event: ======'machine_var_platform_version'====== Args={'value': '10.0.18362', 'prev_value': None, 'change': True}
2020-10-04 08:41:43,567 : EventManager : Event: ======'machine_var_platform_machine'====== Args={'value': 'AMD64', 'prev_value': None, 'change': True}
2020-10-04 08:41:43,567 : EventManager : Event: ======'machine_var_mc_version'====== Args={'value': 'MPF-MC v0.54.0-dev.20', 'prev_value': None, 'change': True}
2020-10-04 08:41:43,568 : EventManager : Event: ======'machine_var_mc_extended_version'====== Args={'value': 'MPF-MC v0.54.0-dev.20 (config_version=5, BCP v1.1, Requires MPF v0.54.0-dev.68)', 'prev_value': None, 'change': True}
2020-10-04 08:41:43,568 : EventManager : Event: ======'machine_var_master_volume'====== Args={'value': 0.5, 'prev_value': None, 'change': True}
2020-10-04 08:41:43,651 : EventManager : Event: ======'machine_var_audits_events_game_ended'====== Args={'value': 21, 'prev_value': None, 'change': True}
2020-10-04 08:41:43,652 : EventManager : Event: ======'machine_var_audits_events_game_started'====== Args={'value': 40, 'prev_value': None, 'change': True}
2020-10-04 08:41:43,652 : EventManager : Event: ======'machine_var_audits_player_score'====== Args={'value': {'average': 530.4761904761905, 'top': [2970, 1300, 1220, 980, 880, 780, 720, 710, 630, 590], 'total': 21}, 'prev_value': None, 'change': True}
2020-10-04 08:41:43,652 : EventManager : Event: ======'machine_var_audits_shots_soul_L'====== Args={'value': 115, 'prev_value': None, 'change': True}
2020-10-04 08:41:43,654 : EventManager : Event: ======'machine_var_audits_shots_soul_O'====== Args={'value': 121, 'prev_value': None, 'change': True}
2020-10-04 08:41:43,655 : EventManager : Event: ======'machine_var_audits_shots_soul_S'====== Args={'value': 142, 'prev_value': None, 'change': True}
2020-10-04 08:41:43,655 : EventManager : Event: ======'machine_var_audits_shots_soul_U'====== Args={'value': 118, 'prev_value': None, 'change': True}
2020-10-04 08:41:43,655 : EventManager : Event: ======'machine_var_audits_switches_s_coin'====== Args={'value': 20, 'prev_value': None, 'change': True}
2020-10-04 08:41:43,656 : EventManager : Event: ======'machine_var_audits_switches_s_dash_L'====== Args={'value': 0, 'prev_value': None, 'change': True}
2020-10-04 08:41:43,657 : EventManager : Event: ======'machine_var_audits_switches_s_dash_R'====== Args={'value': 0, 'prev_value': None, 'change': True}
2020-10-04 08:41:43,657 : EventManager : Event: ======'machine_var_audits_switches_s_dtSling_L'====== Args={'value': 0, 'prev_value': None, 'change': True}
2020-10-04 08:41:43,658 : EventManager : Event: ======'machine_var_audits_switches_s_dtSling_R'====== Args={'value': 0, 'prev_value': None, 'change': True}
2020-10-04 08:41:43,658 : EventManager : Event: ======'machine_var_audits_switches_s_dt_C'====== Args={'value': 72, 'prev_value': None, 'change': True}
2020-10-04 08:41:43,659 : EventManager : Event: ======'machine_var_audits_switches_s_dt_G'====== Args={'value': 21, 'prev_value': None, 'change': True}
2020-10-04 08:41:43,660 : EventManager : Event: ======'machine_var_audits_switches_s_dt_M'====== Args={'value': 19, 'prev_value': None, 'change': True}
2020-10-04 08:41:43,660 : EventManager : Event: ======'machine_var_audits_switches_s_dt_P'====== Args={'value': 55, 'prev_value': None, 'change': True}
2020-10-04 08:41:43,661 : EventManager : Event: ======'machine_var_audits_switches_s_dt_U'====== Args={'value': 63, 'prev_value': None, 'change': True}
2020-10-04 08:41:43,661 : EventManager : Event: ======'machine_var_audits_switches_s_dt_U2'====== Args={'value': 19, 'prev_value': None, 'change': True}
2020-10-04 08:41:43,661 : EventManager : Event: ======'machine_var_audits_switches_s_exit_shooter_lane'====== Args={'value': 355, 'prev_value': None, 'change': True}
2020-10-04 08:41:43,662 : EventManager : Event: ======'machine_var_audits_switches_s_inLane_L'====== Args={'value': 0, 'prev_value': None, 'change': True}
2020-10-04 08:41:43,662 : EventManager : Event: ======'machine_var_audits_switches_s_inLane_R'====== Args={'value': 0, 'prev_value': None, 'change': True}
2020-10-04 08:41:43,662 : EventManager : Event: ======'machine_var_audits_switches_s_kicker'====== Args={'value': 0, 'prev_value': None, 'change': True}
2020-10-04 08:41:43,663 : EventManager : Event: ======'machine_var_audits_switches_s_left_flipper'====== Args={'value': 151, 'prev_value': None, 'change': True}
2020-10-04 08:41:43,663 : EventManager : Event: ======'machine_var_audits_switches_s_midRight'====== Args={'value': 0, 'prev_value': None, 'change': True}
2020-10-04 08:41:43,663 : EventManager : Event: ======'machine_var_audits_switches_s_outLane_L'====== Args={'value': 0, 'prev_value': None, 'change': True}
2020-10-04 08:41:43,664 : EventManager : Event: ======'machine_var_audits_switches_s_outLane_R'====== Args={'value': 0, 'prev_value': None, 'change': True}
2020-10-04 08:41:43,665 : EventManager : Event: ======'machine_var_audits_switches_s_perdition'====== Args={'value': 0, 'prev_value': None, 'change': True}
2020-10-04 08:41:43,665 : EventManager : Event: ======'machine_var_audits_switches_s_playfield'====== Args={'value': 0, 'prev_value': None, 'change': True}
2020-10-04 08:41:43,666 : EventManager : Event: ======'machine_var_audits_switches_s_plunger'====== Args={'value': 545, 'prev_value': None, 'change': True}
2020-10-04 08:41:43,666 : EventManager : Event: ======'machine_var_audits_switches_s_popBumper_1'====== Args={'value': 464, 'prev_value': None, 'change': True}
2020-10-04 08:41:43,667 : EventManager : Event: ======'machine_var_audits_switches_s_popBumper_2'====== Args={'value': 439, 'prev_value': None, 'change': True}
2020-10-04 08:41:43,667 : EventManager : Event: ======'machine_var_audits_switches_s_popBumper_3'====== Args={'value': 163, 'prev_value': None, 'change': True}
2020-10-04 08:41:43,667 : EventManager : Event: ======'machine_var_audits_switches_s_pop_bumper1'====== Args={'value': 120, 'prev_value': None, 'change': True}
2020-10-04 08:41:43,668 : EventManager : Event: ======'machine_var_audits_switches_s_pop_bumper2'====== Args={'value': 153, 'prev_value': None, 'change': True}
2020-10-04 08:41:43,668 : EventManager : Event: ======'machine_var_audits_switches_s_pop_bumper3'====== Args={'value': 100, 'prev_value': None, 'change': True}
2020-10-04 08:41:43,670 : EventManager : Event: ======'machine_var_audits_switches_s_right_flipper'====== Args={'value': 216, 'prev_value': None, 'change': True}
2020-10-04 08:41:43,671 : EventManager : Event: ======'machine_var_audits_switches_s_sling_L'====== Args={'value': 0, 'prev_value': None, 'change': True}
2020-10-04 08:41:43,671 : EventManager : Event: ======'machine_var_audits_switches_s_sling_R'====== Args={'value': 0, 'prev_value': None, 'change': True}
2020-10-04 08:41:43,683 : EventManager : Event: ======'machine_var_audits_switches_s_soul_L'====== Args={'value': 116, 'prev_value': None, 'change': True}
2020-10-04 08:41:43,683 : EventManager : Event: ======'machine_var_audits_switches_s_soul_O'====== Args={'value': 126, 'prev_value': None, 'change': True}
2020-10-04 08:41:43,683 : EventManager : Event: ======'machine_var_audits_switches_s_soul_S'====== Args={'value': 142, 'prev_value': None, 'change': True}
2020-10-04 08:41:43,684 : EventManager : Event: ======'machine_var_audits_switches_s_soul_U'====== Args={'value': 118, 'prev_value': None, 'change': True}
2020-10-04 08:41:43,684 : EventManager : Event: ======'machine_var_audits_switches_s_standUp_1'====== Args={'value': 0, 'prev_value': None, 'change': True}
2020-10-04 08:41:43,684 : EventManager : Event: ======'machine_var_audits_switches_s_standUp_2'====== Args={'value': 0, 'prev_value': None, 'change': True}
2020-10-04 08:41:43,684 : EventManager : Event: ======'machine_var_audits_switches_s_standUp_3'====== Args={'value': 0, 'prev_value': None, 'change': True}
2020-10-04 08:41:43,686 : EventManager : Event: ======'machine_var_audits_switches_s_standUp_R'====== Args={'value': 0, 'prev_value': None, 'change': True}
2020-10-04 08:41:43,686 : EventManager : Event: ======'machine_var_audits_switches_s_star_1'====== Args={'value': 0, 'prev_value': None, 'change': True}
2020-10-04 08:41:43,687 : EventManager : Event: ======'machine_var_audits_switches_s_star_2'====== Args={'value': 0, 'prev_value': None, 'change': True}
2020-10-04 08:41:43,687 : EventManager : Event: ======'machine_var_audits_switches_s_star_3'====== Args={'value': 0, 'prev_value': None, 'change': True}
2020-10-04 08:41:43,687 : EventManager : Event: ======'machine_var_audits_switches_s_start'====== Args={'value': 68, 'prev_value': None, 'change': True}
2020-10-04 08:41:43,687 : EventManager : Event: ======'machine_var_audits_switches_s_tilt'====== Args={'value': 0, 'prev_value': None, 'change': True}
2020-10-04 08:41:43,687 : EventManager : Event: ======'machine_var_audits_switches_s_trough1'====== Args={'value': 508, 'prev_value': None, 'change': True}
2020-10-04 08:41:43,688 : EventManager : Event: ======'machine_var_audits_switches_s_trough2'====== Args={'value': 72, 'prev_value': None, 'change': True}
2020-10-04 08:41:43,688 : EventManager : Event: ======'machine_var_audits_switches_s_trough_jam'====== Args={'value': 13, 'prev_value': None, 'change': True}
2020-10-04 08:41:43,719 : EventManager : Event: ======'slides_play'====== Args={'settings': {'welcome_slide': {'target': None, 'background_color': [0.0, 0.0, 0.0, 1.0], 'priority': None, 'show': True, 'force': False, 'expire': None, 'slide': None, 'tokens': {}, 'action': 'play'}}, 'context': '_global', 'calling_context': 'init_done', 'priority': 0}
2020-10-04 08:41:43,719 : EventManager : Event: ======'mc_reset_phase_1'====== Args={}
2020-10-04 08:41:43,719 : mpfmc : SlidePlayer: Play called with settings={'welcome_slide': {'target': None, 'background_color': [0.0, 0.0, 0.0, 1.0], 'priority': None, 'show': True, 'force': False, 'expire': None, 'slide': None, 'tokens': {}, 'action': 'play'}}
2020-10-04 08:41:43,721 : EventManager : Event: ======'slide_welcome_slide_removed'====== Args={}
2020-10-04 08:41:43,725 : EventManager : Event: ======'slide_welcome_slide_created'====== Args={}
2020-10-04 08:41:43,726 : EventManager : Event: ======'mc_reset_phase_2'====== Args={}
2020-10-04 08:41:43,726 : EventManager : Event: ======'mc_reset_phase_3'====== Args={}
2020-10-04 08:41:43,726 : EventManager : Event: ======'mc_reset_complete'====== Args={}
2020-10-04 08:41:43,727 : EventManager : Event: ======'slide_welcome_slide_active'====== Args={}
2020-10-04 08:41:43,740 : EventManager : Event: ======'slides_play'====== Args={'settings': {'awesome_slide': {'widgets': [{'type': 'text', 'text': 'Cuphead Pinball', 'font_size': 50, '_default_settings': ['type', 'text', 'font_size'], 'x': None, 'y': None, 'anchor_x': 'center', 'anchor_y': 'center', 'round_anchor_x': None, 'round_anchor_y': None, 'opacity': 1.0, 'z': 0, 'reset_animations_events': {}, 'color': [1.0, 1.0, 1.0, 1.0], 'style': [], 'adjust_top': 0, 'adjust_bottom': 0, 'adjust_left': 0, 'adjust_right': 0, 'expire': None, 'key': None, 'widget': None, 'events_when_added': [], 'events_when_removed': [], 'bitmap_font': False, 'font_kerning': True, 'bold': False, 'italic': False, 'number_grouping': False, 'min_digits': 0, 'halign': 'center', 'valign': 'middle', 'rotation': 0, 'scale': 1.0, 'casing': None, 'animations': None}], 'transition': {'type': 'push', 'duration': 1.0, 'direction': 'left', 'easing': 'out_quad'}, 'target': None, 'background_color': [0.0, 0.0, 0.0, 1.0], 'priority': None, 'show': True, 'force': False, 'expire': None, 'slide': None, 'tokens': {}, 'action': 'play'}}, 'context': 'show_1', 'calling_context': 0, 'priority': 10, 'show_tokens': {}, 'start_time': 396945.343}
2020-10-04 08:41:43,740 : EventManager : Event: ======'sounds_play'====== Args={'settings': {'attract_music': {'loops': -1, 'mode_end_action': 'stop', 'priority': None, 'action': 'play', 'track': None, 'volume': None, 'pan': None, 'start_at': None, 'fade_in': None, 'fade_out': None, 'about_to_finish_time': -1.0, 'max_queue_time': -1.0, 'events_when_played': ['use_sound_setting'], 'events_when_stopped': ['use_sound_setting'], 'events_when_looping': ['use_sound_setting'], 'events_when_about_to_finish': ['use_sound_setting'], 'key': 'use_sound_setting'}}, 'context': 'attract', 'calling_context': 'mode_attract_started', 'priority': 10}
2020-10-04 08:41:43,741 : mpfmc : SlidePlayer: Play called with settings={'awesome_slide': {'widgets': [{'type': 'text', 'text': 'Cuphead Pinball', 'font_size': 50, '_default_settings': ['type', 'text', 'font_size'], 'x': None, 'y': None, 'anchor_x': 'center', 'anchor_y': 'center', 'round_anchor_x': None, 'round_anchor_y': None, 'opacity': 1.0, 'z': 0, 'reset_animations_events': {}, 'color': [1.0, 1.0, 1.0, 1.0], 'style': [], 'adjust_top': 0, 'adjust_bottom': 0, 'adjust_left': 0, 'adjust_right': 0, 'expire': None, 'key': None, 'widget': None, 'events_when_added': [], 'events_when_removed': [], 'bitmap_font': False, 'font_kerning': True, 'bold': False, 'italic': False, 'number_grouping': False, 'min_digits': 0, 'halign': 'center', 'valign': 'middle', 'rotation': 0, 'scale': 1.0, 'casing': None, 'animations': None}], 'transition': {'type': 'push', 'duration': 1.0, 'direction': 'left', 'easing': 'out_quad'}, 'target': None, 'background_color': [0.0, 0.0, 0.0, 1.0], 'priority': None, 'show': True, 'force': False, 'expire': None, 'slide': None, 'tokens': {}, 'action': 'play'}}
2020-10-04 08:41:43,753 : EventManager : Event: ======'slide_awesome_slide_created'====== Args={}
2020-10-04 08:41:43,757 : EventManager : Event: ======'slide_awesome_slide_active'====== Args={}
2020-10-04 08:41:45,228 : EventManager : Event: ======'game_started'====== Args={}
2020-10-04 08:41:45,229 : EventManager : Event: ======'slides_clear'====== Args={'context': 'show_1'}
2020-10-04 08:41:45,229 : EventManager : Event: ======'sounds_clear'====== Args={'context': 'attract'}
2020-10-04 08:41:45,233 : EventManager : Event: ======'slide_awesome_slide_removed'====== Args={}
2020-10-04 08:41:45,234 : EventManager : Event: ======'slide_welcome_slide_active'====== Args={}
2020-10-04 08:41:45,289 : EventManager : Event: ======'player_added'====== Args={'player': <Player 1>, 'num': 1}
2020-10-04 08:41:45,290 : EventManager : Event: ======'player_index'====== Args={'value': 0, 'prev_value': 0, 'change': 0, 'player_num': 1}
2020-10-04 08:41:45,291 : EventManager : Event: ======'player_number'====== Args={'value': 1, 'prev_value': 1, 'change': 0, 'player_num': 1}
2020-10-04 08:41:45,291 : EventManager : Event: ======'player_score'====== Args={'value': 0, 'prev_value': 0, 'change': 0, 'player_num': 1}
2020-10-04 08:41:45,291 : EventManager : Event: ======'player_bonus_multiplier'====== Args={'value': 1, 'prev_value': 0, 'change': 1, 'player_num': 1}
2020-10-04 08:41:45,337 : EventManager : Event: ======'player_ball'====== Args={'value': 1, 'prev_value': 0, 'change': 1, 'player_num': 1}
2020-10-04 08:41:45,337 : EventManager : Event: ======'player_turn_start'====== Args={'number': 1, 'player': <Player 1>}
2020-10-04 08:41:45,375 : EventManager : Event: ======'player_shot_soul_S_enabled'====== Args={'value': True, 'prev_value': 0, 'change': 1, 'player_num': 1}
2020-10-04 08:41:45,375 : EventManager : Event: ======'player_shot_soul_O_enabled'====== Args={'value': True, 'prev_value': 0, 'change': 1, 'player_num': 1}
2020-10-04 08:41:45,376 : EventManager : Event: ======'player_shot_soul_U_enabled'====== Args={'value': True, 'prev_value': 0, 'change': 1, 'player_num': 1}
2020-10-04 08:41:45,376 : EventManager : Event: ======'player_shot_soul_L_enabled'====== Args={'value': True, 'prev_value': 0, 'change': 1, 'player_num': 1}
2020-10-04 08:41:45,399 : EventManager : Event: ======'sounds_play'====== Args={'settings': {'poolCupHeadBase': {'loops': -1, 'priority': None, 'action': 'play', 'track': None, 'volume': None, 'pan': None, 'start_at': None, 'fade_in': None, 'fade_out': None, 'about_to_finish_time': -1.0, 'max_queue_time': -1.0, 'events_when_played': ['use_sound_setting'], 'events_when_stopped': ['use_sound_setting'], 'events_when_looping': ['use_sound_setting'], 'events_when_about_to_finish': ['use_sound_setting'], 'mode_end_action': 'use_sound_setting', 'key': 'use_sound_setting'}}, 'context': 'base', 'calling_context': 'mode_base_started', 'priority': 100, 'queue': '<QueuedEvent>', 'player': 1, 'ball': 1, 'balls_remaining': 4, 'is_extra_ball': False}
2020-10-04 08:41:45,399 : EventManager : Event: ======'slides_play'====== Args={'settings': {'widgets': {'widgets': [{'type': 'text', 'text': '(score)', 'number_grouping': True, 'min_digits': 2, 'font_size': 100, '_default_settings': ['type', 'text', 'number_grouping', 'min_digits', 'font_size'], 'x': None, 'y': None, 'anchor_x': 'center', 'anchor_y': 'center', 'round_anchor_x': None, 'round_anchor_y': None, 'opacity': 1.0, 'z': 0, 'reset_animations_events': {}, 'color': [1.0, 1.0, 1.0, 1.0], 'style': [], 'adjust_top': 0, 'adjust_bottom': 0, 'adjust_left': 0, 'adjust_right': 0, 'expire': None, 'key': None, 'widget': None, 'events_when_added': [], 'events_when_removed': [], 'bitmap_font': False, 'font_kerning': True, 'bold': False, 'italic': False, 'halign': 'center', 'valign': 'middle', 'rotation': 0, 'scale': 1.0, 'casing': None, 'animations': None}, {'type': 'text', 'text': 'Player (player)', 'y': '10', 'x': '10', 'font_size': 30, 'anchor_x': 'left', 'anchor_y': 'bottom', '_default_settings': ['type', 'text', 'y', 'x', 'font_size', 'anchor_x', 'anchor_y'], 'round_anchor_x': None, 'round_anchor_y': None, 'opacity': 1.0, 'z': 0, 'reset_animations_events': {}, 'color': [1.0, 1.0, 1.0, 1.0], 'style': [], 'adjust_top': 0, 'adjust_bottom': 0, 'adjust_left': 0, 'adjust_right': 0, 'expire': None, 'key': None, 'widget': None, 'events_when_added': [], 'events_when_removed': [], 'bitmap_font': False, 'font_kerning': True, 'bold': False, 'italic': False, 'number_grouping': False, 'min_digits': 0, 'halign': 'center', 'valign': 'middle', 'rotation': 0, 'scale': 1.0, 'casing': None, 'animations': None}, {'type': 'text', 'text': 'BALL (ball) (bonus_multiplier)', 'y': '10', 'x': 'right-10', 'anchor_x': 'right', 'anchor_y': 'bottom', 'font_size': 50, '_default_settings': ['type', 'text', 'y', 'x', 'anchor_x', 'anchor_y', 'font_size'], 'round_anchor_x': None, 'round_anchor_y': None, 'opacity': 1.0, 'z': 0, 'reset_animations_events': {}, 'color': [1.0, 1.0, 1.0, 1.0], 'style': [], 'adjust_top': 0, 'adjust_bottom': 0, 'adjust_left': 0, 'adjust_right': 0, 'expire': None, 'key': None, 'widget': None, 'events_when_added': [], 'events_when_removed': [], 'bitmap_font': False, 'font_kerning': True, 'bold': False, 'italic': False, 'number_grouping': False, 'min_digits': 0, 'halign': 'center', 'valign': 'middle', 'rotation': 0, 'scale': 1.0, 'casing': None, 'animations': None}], 'target': None, 'background_color': [0.0, 0.0, 0.0, 1.0], 'priority': None, 'show': True, 'force': False, 'expire': None, 'slide': None, 'tokens': {}, 'action': 'play'}}, 'context': 'base', 'calling_context': 'mode_base_started', 'priority': 100, 'queue': '<QueuedEvent>', 'player': 1, 'ball': 1, 'balls_remaining': 4, 'is_extra_ball': False}
2020-10-04 08:41:45,401 : mpfmc : SlidePlayer: Play called with settings={'widgets': {'widgets': [{'type': 'text', 'text': '(score)', 'number_grouping': True, 'min_digits': 2, 'font_size': 100, '_default_settings': ['type', 'text', 'number_grouping', 'min_digits', 'font_size'], 'x': None, 'y': None, 'anchor_x': 'center', 'anchor_y': 'center', 'round_anchor_x': None, 'round_anchor_y': None, 'opacity': 1.0, 'z': 0, 'reset_animations_events': {}, 'color': [1.0, 1.0, 1.0, 1.0], 'style': [], 'adjust_top': 0, 'adjust_bottom': 0, 'adjust_left': 0, 'adjust_right': 0, 'expire': None, 'key': None, 'widget': None, 'events_when_added': [], 'events_when_removed': [], 'bitmap_font': False, 'font_kerning': True, 'bold': False, 'italic': False, 'halign': 'center', 'valign': 'middle', 'rotation': 0, 'scale': 1.0, 'casing': None, 'animations': None}, {'type': 'text', 'text': 'Player (player)', 'y': '10', 'x': '10', 'font_size': 30, 'anchor_x': 'left', 'anchor_y': 'bottom', '_default_settings': ['type', 'text', 'y', 'x', 'font_size', 'anchor_x', 'anchor_y'], 'round_anchor_x': None, 'round_anchor_y': None, 'opacity': 1.0, 'z': 0, 'reset_animations_events': {}, 'color': [1.0, 1.0, 1.0, 1.0], 'style': [], 'adjust_top': 0, 'adjust_bottom': 0, 'adjust_left': 0, 'adjust_right': 0, 'expire': None, 'key': None, 'widget': None, 'events_when_added': [], 'events_when_removed': [], 'bitmap_font': False, 'font_kerning': True, 'bold': False, 'italic': False, 'number_grouping': False, 'min_digits': 0, 'halign': 'center', 'valign': 'middle', 'rotation': 0, 'scale': 1.0, 'casing': None, 'animations': None}, {'type': 'text', 'text': 'BALL (ball) (bonus_multiplier)', 'y': '10', 'x': 'right-10', 'anchor_x': 'right', 'anchor_y': 'bottom', 'font_size': 50, '_default_settings': ['type', 'text', 'y', 'x', 'anchor_x', 'anchor_y', 'font_size'], 'round_anchor_x': None, 'round_anchor_y': None, 'opacity': 1.0, 'z': 0, 'reset_animations_events': {}, 'color': [1.0, 1.0, 1.0, 1.0], 'style': [], 'adjust_top': 0, 'adjust_bottom': 0, 'adjust_left': 0, 'adjust_right': 0, 'expire': None, 'key': None, 'widget': None, 'events_when_added': [], 'events_when_removed': [], 'bitmap_font': False, 'font_kerning': True, 'bold': False, 'italic': False, 'number_grouping': False, 'min_digits': 0, 'halign': 'center', 'valign': 'middle', 'rotation': 0, 'scale': 1.0, 'casing': None, 'animations': None}], 'target': None, 'background_color': [0.0, 0.0, 0.0, 1.0], 'priority': None, 'show': True, 'force': False, 'expire': None, 'slide': None, 'tokens': {}, 'action': 'play'}}
2020-10-04 08:41:45,447 : EventManager : Event: ======'slide_base.slide_player-mode_base_started_created'====== Args={}
2020-10-04 08:41:45,455 : EventManager : Event: ======'slide_base.slide_player-mode_base_started_active'====== Args={}
2020-10-04 08:41:45,516 : EventManager : Event: ======'widgets_play'====== Args={'settings': {'soul_lanes_banner': {'priority': 0, 'slide': None, 'action': 'add', 'key': None, 'target': None}}, 'context': 'soulLanes', 'calling_context': 'mode_soulLanes_started', 'priority': 110, 'player': 1, 'ball': 1, 'balls_remaining': 4, 'is_extra_ball': False}
2020-10-04 08:41:45,728 : EventManager : Event: ======'machine_var_audits_switches_s_plunger'====== Args={'value': 546, 'prev_value': 545, 'change': 1}
2020-10-04 08:41:50,359 : EventManager : Event: ======'machine_var_audits_switches_s_exit_shooter_lane'====== Args={'value': 356, 'prev_value': 355, 'change': 1}
2020-10-04 08:41:51,076 : EventManager : Event: ======'machine_var_audits_switches_s_soul_S'====== Args={'value': 143, 'prev_value': 142, 'change': 1}
2020-10-04 08:41:51,077 : EventManager : Event: ======'player_shot_soul_S'====== Args={'value': 1, 'prev_value': 0, 'change': 1, 'player_num': 1}
2020-10-04 08:41:51,077 : EventManager : Event: ======'machine_var_audits_shots_soul_S'====== Args={'value': 143, 'prev_value': 142, 'change': 1}
2020-10-04 08:41:51,077 : EventManager : Event: ======'player_score'====== Args={'value': 10, 'prev_value': 0, 'change': 10, 'player_num': 1}
2020-10-04 08:41:52,071 : EventManager : Event: ======'machine_var_audits_switches_s_soul_O'====== Args={'value': 127, 'prev_value': 126, 'change': 1}
2020-10-04 08:41:52,072 : EventManager : Event: ======'player_shot_soul_O'====== Args={'value': 1, 'prev_value': 0, 'change': 1, 'player_num': 1}
2020-10-04 08:41:52,072 : EventManager : Event: ======'machine_var_audits_shots_soul_O'====== Args={'value': 122, 'prev_value': 121, 'change': 1}
2020-10-04 08:41:52,072 : EventManager : Event: ======'player_score'====== Args={'value': 20, 'prev_value': 10, 'change': 10, 'player_num': 1}
2020-10-04 08:41:52,523 : EventManager : Event: ======'machine_var_audits_switches_s_soul_U'====== Args={'value': 119, 'prev_value': 118, 'change': 1}
2020-10-04 08:41:52,523 : EventManager : Event: ======'player_shot_soul_U'====== Args={'value': 1, 'prev_value': 0, 'change': 1, 'player_num': 1}
2020-10-04 08:41:52,523 : EventManager : Event: ======'machine_var_audits_shots_soul_U'====== Args={'value': 119, 'prev_value': 118, 'change': 1}
2020-10-04 08:41:52,524 : EventManager : Event: ======'player_score'====== Args={'value': 30, 'prev_value': 20, 'change': 10, 'player_num': 1}
2020-10-04 08:41:53,735 : EventManager : Event: ======'machine_var_audits_switches_s_soul_L'====== Args={'value': 117, 'prev_value': 116, 'change': 1}
2020-10-04 08:41:53,736 : EventManager : Event: ======'player_shot_soul_L'====== Args={'value': 1, 'prev_value': 0, 'change': 1, 'player_num': 1}
2020-10-04 08:41:53,736 : EventManager : Event: ======'machine_var_audits_shots_soul_L'====== Args={'value': 116, 'prev_value': 115, 'change': 1}
2020-10-04 08:41:53,737 : EventManager : Event: ======'player_score'====== Args={'value': 40, 'prev_value': 30, 'change': 10, 'player_num': 1}
2020-10-04 08:41:53,737 : EventManager : Event: ======'player_score'====== Args={'value': 1040, 'prev_value': 40, 'change': 1000, 'player_num': 1}
2020-10-04 08:41:53,738 : EventManager : Event: ======'player_bonus_multiplier'====== Args={'value': 2, 'prev_value': 1, 'change': 1, 'player_num': 1}
2020-10-04 08:41:54,733 : EventManager : Event: ======'player_shot_soul_S'====== Args={'value': 0, 'prev_value': 1, 'change': -1, 'player_num': 1}
2020-10-04 08:41:54,733 : EventManager : Event: ======'player_shot_soul_O'====== Args={'value': 0, 'prev_value': 1, 'change': -1, 'player_num': 1}
2020-10-04 08:41:54,735 : EventManager : Event: ======'player_shot_soul_U'====== Args={'value': 0, 'prev_value': 1, 'change': -1, 'player_num': 1}
2020-10-04 08:41:54,745 : EventManager : Event: ======'player_shot_soul_L'====== Args={'value': 0, 'prev_value': 1, 'change': -1, 'player_num': 1}
2020-10-04 08:41:56,269 : EventManager : Event: ======'machine_var_audits_switches_s_soul_S'====== Args={'value': 144, 'prev_value': 143, 'change': 1}
2020-10-04 08:41:56,269 : EventManager : Event: ======'player_shot_soul_S'====== Args={'value': 1, 'prev_value': 0, 'change': 1, 'player_num': 1}
2020-10-04 08:41:56,290 : EventManager : Event: ======'machine_var_audits_shots_soul_S'====== Args={'value': 144, 'prev_value': 143, 'change': 1}
2020-10-04 08:41:56,291 : EventManager : Event: ======'player_score'====== Args={'value': 1050, 'prev_value': 1040, 'change': 10, 'player_num': 1}
2020-10-04 08:41:56,636 : EventManager : Event: ======'machine_var_audits_switches_s_soul_O'====== Args={'value': 128, 'prev_value': 127, 'change': 1}
2020-10-04 08:41:56,636 : EventManager : Event: ======'player_shot_soul_O'====== Args={'value': 1, 'prev_value': 0, 'change': 1, 'player_num': 1}
2020-10-04 08:41:56,636 : EventManager : Event: ======'machine_var_audits_shots_soul_O'====== Args={'value': 123, 'prev_value': 122, 'change': 1}
2020-10-04 08:41:56,636 : EventManager : Event: ======'player_score'====== Args={'value': 1060, 'prev_value': 1050, 'change': 10, 'player_num': 1}
2020-10-04 08:41:56,967 : EventManager : Event: ======'machine_var_audits_switches_s_soul_U'====== Args={'value': 120, 'prev_value': 119, 'change': 1}
2020-10-04 08:41:56,968 : EventManager : Event: ======'player_shot_soul_U'====== Args={'value': 1, 'prev_value': 0, 'change': 1, 'player_num': 1}
2020-10-04 08:41:56,968 : EventManager : Event: ======'machine_var_audits_shots_soul_U'====== Args={'value': 120, 'prev_value': 119, 'change': 1}
2020-10-04 08:41:56,968 : EventManager : Event: ======'player_score'====== Args={'value': 1070, 'prev_value': 1060, 'change': 10, 'player_num': 1}
2020-10-04 08:41:57,851 : EventManager : Event: ======'machine_var_audits_switches_s_soul_L'====== Args={'value': 118, 'prev_value': 117, 'change': 1}
2020-10-04 08:41:57,851 : EventManager : Event: ======'player_shot_soul_L'====== Args={'value': 1, 'prev_value': 0, 'change': 1, 'player_num': 1}
2020-10-04 08:41:57,852 : EventManager : Event: ======'machine_var_audits_shots_soul_L'====== Args={'value': 117, 'prev_value': 116, 'change': 1}
2020-10-04 08:41:57,852 : EventManager : Event: ======'player_score'====== Args={'value': 1080, 'prev_value': 1070, 'change': 10, 'player_num': 1}
2020-10-04 08:41:57,852 : EventManager : Event: ======'player_score'====== Args={'value': 2080, 'prev_value': 1080, 'change': 1000, 'player_num': 1}
2020-10-04 08:41:57,852 : EventManager : Event: ======'player_bonus_multiplier'====== Args={'value': 3, 'prev_value': 2, 'change': 1, 'player_num': 1}
2020-10-04 08:41:58,853 : EventManager : Event: ======'player_shot_soul_S'====== Args={'value': 0, 'prev_value': 1, 'change': -1, 'player_num': 1}
2020-10-04 08:41:58,854 : EventManager : Event: ======'player_shot_soul_O'====== Args={'value': 0, 'prev_value': 1, 'change': -1, 'player_num': 1}
2020-10-04 08:41:58,855 : EventManager : Event: ======'player_shot_soul_U'====== Args={'value': 0, 'prev_value': 1, 'change': -1, 'player_num': 1}
2020-10-04 08:41:58,856 : EventManager : Event: ======'player_shot_soul_L'====== Args={'value': 0, 'prev_value': 1, 'change': -1, 'player_num': 1}
2020-10-04 08:41:58,955 : EventManager : Event: ======'machine_var_audits_switches_s_soul_S'====== Args={'value': 145, 'prev_value': 144, 'change': 1}
2020-10-04 08:41:58,955 : EventManager : Event: ======'player_shot_soul_S'====== Args={'value': 1, 'prev_value': 0, 'change': 1, 'player_num': 1}
2020-10-04 08:41:58,955 : EventManager : Event: ======'machine_var_audits_shots_soul_S'====== Args={'value': 145, 'prev_value': 144, 'change': 1}
2020-10-04 08:41:58,955 : EventManager : Event: ======'player_score'====== Args={'value': 2090, 'prev_value': 2080, 'change': 10, 'player_num': 1}
2020-10-04 08:41:59,278 : EventManager : Event: ======'machine_var_audits_switches_s_soul_O'====== Args={'value': 129, 'prev_value': 128, 'change': 1}
2020-10-04 08:41:59,278 : EventManager : Event: ======'player_shot_soul_O'====== Args={'value': 1, 'prev_value': 0, 'change': 1, 'player_num': 1}
2020-10-04 08:41:59,278 : EventManager : Event: ======'machine_var_audits_shots_soul_O'====== Args={'value': 124, 'prev_value': 123, 'change': 1}
2020-10-04 08:41:59,279 : EventManager : Event: ======'player_score'====== Args={'value': 2100, 'prev_value': 2090, 'change': 10, 'player_num': 1}
2020-10-04 08:41:59,625 : EventManager : Event: ======'machine_var_audits_switches_s_soul_U'====== Args={'value': 121, 'prev_value': 120, 'change': 1}
2020-10-04 08:41:59,625 : EventManager : Event: ======'player_shot_soul_U'====== Args={'value': 1, 'prev_value': 0, 'change': 1, 'player_num': 1}
2020-10-04 08:41:59,625 : EventManager : Event: ======'machine_var_audits_shots_soul_U'====== Args={'value': 121, 'prev_value': 120, 'change': 1}
2020-10-04 08:41:59,626 : EventManager : Event: ======'player_score'====== Args={'value': 2110, 'prev_value': 2100, 'change': 10, 'player_num': 1}
2020-10-04 08:42:00,501 : EventManager : Event: ======'machine_var_audits_switches_s_soul_L'====== Args={'value': 119, 'prev_value': 118, 'change': 1}
2020-10-04 08:42:00,502 : EventManager : Event: ======'player_shot_soul_L'====== Args={'value': 1, 'prev_value': 0, 'change': 1, 'player_num': 1}
2020-10-04 08:42:00,502 : EventManager : Event: ======'machine_var_audits_shots_soul_L'====== Args={'value': 118, 'prev_value': 117, 'change': 1}
2020-10-04 08:42:00,514 : EventManager : Event: ======'player_score'====== Args={'value': 2120, 'prev_value': 2110, 'change': 10, 'player_num': 1}
2020-10-04 08:42:00,514 : EventManager : Event: ======'player_score'====== Args={'value': 3120, 'prev_value': 2120, 'change': 1000, 'player_num': 1}
2020-10-04 08:42:00,514 : EventManager : Event: ======'player_bonus_multiplier'====== Args={'value': 4, 'prev_value': 3, 'change': 1, 'player_num': 1}
2020-10-04 08:42:01,316 : EventManager : Event: ======'machine_var_audits_switches_s_soul_S'====== Args={'value': 146, 'prev_value': 145, 'change': 1}
2020-10-04 08:42:01,317 : EventManager : Event: ======'machine_var_audits_shots_soul_S'====== Args={'value': 146, 'prev_value': 145, 'change': 1}
2020-10-04 08:42:01,317 : EventManager : Event: ======'player_score'====== Args={'value': 3130, 'prev_value': 3120, 'change': 10, 'player_num': 1}
2020-10-04 08:42:01,557 : EventManager : Event: ======'player_shot_soul_S'====== Args={'value': 0, 'prev_value': 1, 'change': -1, 'player_num': 1}
2020-10-04 08:42:01,557 : EventManager : Event: ======'player_shot_soul_O'====== Args={'value': 0, 'prev_value': 1, 'change': -1, 'player_num': 1}
2020-10-04 08:42:01,557 : EventManager : Event: ======'player_shot_soul_U'====== Args={'value': 0, 'prev_value': 1, 'change': -1, 'player_num': 1}
2020-10-04 08:42:01,558 : EventManager : Event: ======'player_shot_soul_L'====== Args={'value': 0, 'prev_value': 1, 'change': -1, 'player_num': 1}
2020-10-04 08:42:01,558 : EventManager : Event: ======'machine_var_audits_switches_s_soul_O'====== Args={'value': 130, 'prev_value': 129, 'change': 1}
2020-10-04 08:42:01,558 : EventManager : Event: ======'player_shot_soul_O'====== Args={'value': 1, 'prev_value': 0, 'change': 1, 'player_num': 1}
2020-10-04 08:42:01,558 : EventManager : Event: ======'machine_var_audits_shots_soul_O'====== Args={'value': 125, 'prev_value': 124, 'change': 1}
2020-10-04 08:42:01,558 : EventManager : Event: ======'player_score'====== Args={'value': 3140, 'prev_value': 3130, 'change': 10, 'player_num': 1}
2020-10-04 08:42:01,874 : EventManager : Event: ======'machine_var_audits_switches_s_soul_U'====== Args={'value': 122, 'prev_value': 121, 'change': 1}
2020-10-04 08:42:01,875 : EventManager : Event: ======'player_shot_soul_U'====== Args={'value': 1, 'prev_value': 0, 'change': 1, 'player_num': 1}
2020-10-04 08:42:01,875 : EventManager : Event: ======'machine_var_audits_shots_soul_U'====== Args={'value': 122, 'prev_value': 121, 'change': 1}
2020-10-04 08:42:01,875 : EventManager : Event: ======'player_score'====== Args={'value': 3150, 'prev_value': 3140, 'change': 10, 'player_num': 1}
2020-10-04 08:42:02,561 : EventManager : Event: ======'machine_var_audits_switches_s_soul_L'====== Args={'value': 120, 'prev_value': 119, 'change': 1}
2020-10-04 08:42:02,562 : EventManager : Event: ======'player_shot_soul_L'====== Args={'value': 1, 'prev_value': 0, 'change': 1, 'player_num': 1}
2020-10-04 08:42:02,562 : EventManager : Event: ======'machine_var_audits_shots_soul_L'====== Args={'value': 119, 'prev_value': 118, 'change': 1}
2020-10-04 08:42:02,562 : EventManager : Event: ======'player_score'====== Args={'value': 3160, 'prev_value': 3150, 'change': 10, 'player_num': 1}
2020-10-04 08:42:03,615 : EventManager : Event: ======'machine_var_audits_switches_s_soul_S'====== Args={'value': 147, 'prev_value': 146, 'change': 1}
2020-10-04 08:42:03,615 : EventManager : Event: ======'player_shot_soul_S'====== Args={'value': 1, 'prev_value': 0, 'change': 1, 'player_num': 1}
2020-10-04 08:42:03,616 : EventManager : Event: ======'machine_var_audits_shots_soul_S'====== Args={'value': 147, 'prev_value': 146, 'change': 1}
2020-10-04 08:42:03,616 : EventManager : Event: ======'player_score'====== Args={'value': 3170, 'prev_value': 3160, 'change': 10, 'player_num': 1}
2020-10-04 08:42:03,616 : EventManager : Event: ======'player_score'====== Args={'value': 4170, 'prev_value': 3170, 'change': 1000, 'player_num': 1}
2020-10-04 08:42:03,616 : EventManager : Event: ======'player_bonus_multiplier'====== Args={'value': 5, 'prev_value': 4, 'change': 1, 'player_num': 1}
2020-10-04 08:42:03,854 : EventManager : Event: ======'machine_var_audits_switches_s_soul_O'====== Args={'value': 131, 'prev_value': 130, 'change': 1}
2020-10-04 08:42:03,854 : EventManager : Event: ======'machine_var_audits_shots_soul_O'====== Args={'value': 126, 'prev_value': 125, 'change': 1}
2020-10-04 08:42:03,854 : EventManager : Event: ======'player_score'====== Args={'value': 4180, 'prev_value': 4170, 'change': 10, 'player_num': 1}
2020-10-04 08:42:04,173 : EventManager : Event: ======'machine_var_audits_switches_s_soul_U'====== Args={'value': 123, 'prev_value': 122, 'change': 1}
2020-10-04 08:42:04,173 : EventManager : Event: ======'machine_var_audits_shots_soul_U'====== Args={'value': 123, 'prev_value': 122, 'change': 1}
2020-10-04 08:42:04,174 : EventManager : Event: ======'player_score'====== Args={'value': 4190, 'prev_value': 4180, 'change': 10, 'player_num': 1}
2020-10-04 08:42:04,561 : EventManager : Event: ======'machine_var_audits_switches_s_soul_L'====== Args={'value': 121, 'prev_value': 120, 'change': 1}
2020-10-04 08:42:04,561 : EventManager : Event: ======'machine_var_audits_shots_soul_L'====== Args={'value': 120, 'prev_value': 119, 'change': 1}
2020-10-04 08:42:04,561 : EventManager : Event: ======'player_score'====== Args={'value': 4200, 'prev_value': 4190, 'change': 10, 'player_num': 1}
2020-10-04 08:42:04,609 : EventManager : Event: ======'player_shot_soul_S'====== Args={'value': 0, 'prev_value': 1, 'change': -1, 'player_num': 1}
2020-10-04 08:42:04,611 : EventManager : Event: ======'player_shot_soul_O'====== Args={'value': 0, 'prev_value': 1, 'change': -1, 'player_num': 1}
2020-10-04 08:42:04,621 : EventManager : Event: ======'player_shot_soul_U'====== Args={'value': 0, 'prev_value': 1, 'change': -1, 'player_num': 1}
2020-10-04 08:42:04,621 : EventManager : Event: ======'player_shot_soul_L'====== Args={'value': 0, 'prev_value': 1, 'change': -1, 'player_num': 1}
2020-10-04 08:42:05,286 : EventManager : Event: ======'machine_var_audits_switches_s_soul_S'====== Args={'value': 148, 'prev_value': 147, 'change': 1}
2020-10-04 08:42:05,286 : EventManager : Event: ======'player_shot_soul_S'====== Args={'value': 1, 'prev_value': 0, 'change': 1, 'player_num': 1}
2020-10-04 08:42:05,286 : EventManager : Event: ======'machine_var_audits_shots_soul_S'====== Args={'value': 148, 'prev_value': 147, 'change': 1}
2020-10-04 08:42:05,286 : EventManager : Event: ======'player_score'====== Args={'value': 4210, 'prev_value': 4200, 'change': 10, 'player_num': 1}
2020-10-04 08:42:05,902 : EventManager : Event: ======'machine_var_audits_switches_s_soul_O'====== Args={'value': 132, 'prev_value': 131, 'change': 1}
2020-10-04 08:42:05,902 : EventManager : Event: ======'player_shot_soul_O'====== Args={'value': 1, 'prev_value': 0, 'change': 1, 'player_num': 1}
2020-10-04 08:42:05,903 : EventManager : Event: ======'machine_var_audits_shots_soul_O'====== Args={'value': 127, 'prev_value': 126, 'change': 1}
2020-10-04 08:42:05,903 : EventManager : Event: ======'player_score'====== Args={'value': 4220, 'prev_value': 4210, 'change': 10, 'player_num': 1}
2020-10-04 08:42:06,280 : EventManager : Event: ======'machine_var_audits_switches_s_soul_U'====== Args={'value': 124, 'prev_value': 123, 'change': 1}
2020-10-04 08:42:06,280 : EventManager : Event: ======'player_shot_soul_U'====== Args={'value': 1, 'prev_value': 0, 'change': 1, 'player_num': 1}
2020-10-04 08:42:06,281 : EventManager : Event: ======'machine_var_audits_shots_soul_U'====== Args={'value': 124, 'prev_value': 123, 'change': 1}
2020-10-04 08:42:06,294 : EventManager : Event: ======'player_score'====== Args={'value': 4230, 'prev_value': 4220, 'change': 10, 'player_num': 1}
2020-10-04 08:42:06,706 : EventManager : Event: ======'machine_var_audits_switches_s_soul_L'====== Args={'value': 122, 'prev_value': 121, 'change': 1}
2020-10-04 08:42:06,706 : EventManager : Event: ======'player_shot_soul_L'====== Args={'value': 1, 'prev_value': 0, 'change': 1, 'player_num': 1}
2020-10-04 08:42:06,706 : EventManager : Event: ======'machine_var_audits_shots_soul_L'====== Args={'value': 121, 'prev_value': 120, 'change': 1}
2020-10-04 08:42:06,707 : EventManager : Event: ======'player_score'====== Args={'value': 4240, 'prev_value': 4230, 'change': 10, 'player_num': 1}
2020-10-04 08:42:06,715 : EventManager : Event: ======'player_score'====== Args={'value': 5240, 'prev_value': 4240, 'change': 1000, 'player_num': 1}
2020-10-04 08:42:06,715 : EventManager : Event: ======'player_bonus_multiplier'====== Args={'value': 6, 'prev_value': 5, 'change': 1, 'player_num': 1}
2020-10-04 08:42:07,713 : EventManager : Event: ======'player_shot_soul_S'====== Args={'value': 0, 'prev_value': 1, 'change': -1, 'player_num': 1}
2020-10-04 08:42:07,714 : EventManager : Event: ======'player_shot_soul_O'====== Args={'value': 0, 'prev_value': 1, 'change': -1, 'player_num': 1}
2020-10-04 08:42:07,714 : EventManager : Event: ======'player_shot_soul_U'====== Args={'value': 0, 'prev_value': 1, 'change': -1, 'player_num': 1}
2020-10-04 08:42:07,714 : EventManager : Event: ======'player_shot_soul_L'====== Args={'value': 0, 'prev_value': 1, 'change': -1, 'player_num': 1}
2020-10-04 08:42:09,666 : kivy : Base: Leaving application in progress...
2020-10-04 08:42:09,969 : kivy : WindowSDL: exiting mainloop and closing.
2020-10-04 08:42:10,001 : mpfmc : Stopping...
2020-10-04 08:42:10,001 : EventManager : Event: ======'shutdown'====== Args={}
2020-10-04 08:42:10,001 : mpfmc : Loop rate 57.46 Hz
2020-10-04 08:42:10,001 : kivy : MC run loop ended.
2020-10-04 08:42:10,001 : kivy : Stopping child threads... (3 remaining)
2020-10-04 08:42:10,016 : mpfmc : Stopping...
2020-10-04 08:42:10,016 : EventManager : Event: ======'shutdown'====== Args={}
2020-10-04 08:42:10,016 : mpfmc : Loop rate 57.43 Hz
2020-10-04 08:42:10,016 : MPF-MC BCP Server : Stopping BCP sending thread
2020-10-04 08:42:10,438 : kivy : All child threads stopped.
