2020-10-04 09:54:23,323 : kivy : Factory: 184 symbols loaded
2020-10-04 09:54:23,712 : kivy : ImageLoaderFFPy: Using ffpyplayer 4.3.1
2020-10-04 09:54:23,714 : kivy : Image: Providers: img_tex, img_dds, img_sdl2, img_pil, img_ffpyplayer, img_gif 
2020-10-04 09:54:23,848 : kivy : VideoGstplayer: Using Gstreamer 1.16.0.0
2020-10-04 09:54:23,848 : kivy : Video: Provider: gstplayer
2020-10-04 09:54:24,020 : kivy : Loading MPF-MC controller
2020-10-04 09:54:24,031 : YamlMultifileConfigLoader : Machine config file #1: config
2020-10-04 09:54:24,032 : ConfigProcessor : Config file in cache changed: c:\Pinball\Cuphead\config\config
2020-10-04 09:54:24,034 : ConfigProcessor : Loading config from file c:\users\themi\appdata\local\programs\python\python36\lib\site-packages\mpfmc\mcconfig.yaml.
2020-10-04 09:54:24,181 : ConfigProcessor : Loading config: c:\users\themi\appdata\local\programs\python\python36\lib\site-packages\mpfmc\mcconfig.yaml
2020-10-04 09:54:24,182 : ConfigProcessor : Loading config from file c:\Pinball\Cuphead\config\config.
2020-10-04 09:54:24,208 : ConfigProcessor : Loading config: c:\Pinball\Cuphead\config\config
2020-10-04 09:54:24,234 : ConfigProcessor : Loading config: c:\Pinball\Cuphead\config\keyboard.yaml
2020-10-04 09:54:24,287 : ConfigProcessor : Loading config: c:\Pinball\Cuphead\config\hwSwitches.yaml
2020-10-04 09:54:24,566 : ConfigProcessor : Loading config: c:\Pinball\Cuphead\config\hwLights.yaml
2020-10-04 09:54:24,602 : ConfigProcessor : Loading config: c:\Pinball\Cuphead\config\hwCoils.yaml
2020-10-04 09:54:24,609 : ConfigProcessor : Config file cache created: C:\Users\themi\AppData\Local\Temp\1bf5539849bfae2fda5beb863cde560d.mpf_cache
2020-10-04 09:54:24,611 : ConfigProcessor : Loading config from cache: C:\Users\themi\AppData\Local\Temp\7964e52b22911e9b68a8022172b185f3.mpf_cache
2020-10-04 09:54:24,612 : ConfigProcessor : Loading config from cache: C:\Users\themi\AppData\Local\Temp\4fcecb70f81c3c2fefb8e65ae9a0af5f.mpf_cache
2020-10-04 09:54:24,614 : ConfigProcessor : Loading config from cache: C:\Users\themi\AppData\Local\Temp\b2a05f27b99f0404929b6678617f21a2.mpf_cache
2020-10-04 09:54:24,615 : ConfigProcessor : Loading config from cache: C:\Users\themi\AppData\Local\Temp\ee661b7bde9ac1aee26ef2e16bd36711.mpf_cache
2020-10-04 09:54:24,616 : mpfmc : Mission Pinball Framework Media Controller v0.54.0-dev.20
2020-10-04 09:54:24,616 : mpfmc : Mission Pinball Framework Game Engine v0.54.0-dev.72
2020-10-04 09:54:24,617 : mpfmc : Machine path: c:\Pinball\Cuphead
2020-10-04 09:54:24,617 : mpfmc : Starting clock at 60.0Hz
2020-10-04 09:54:24,650 : kivy : Text: Provider: sdl2
2020-10-04 09:54:24,737 : kivy : Window: Provider: sdl2
2020-10-04 09:54:25,586 : kivy : GL: Using the "OpenGL" graphics system
2020-10-04 09:54:25,595 : kivy : GL: GLEW initialization succeeded
2020-10-04 09:54:25,596 : kivy : GL: Backend used <glew>
2020-10-04 09:54:25,597 : kivy : GL: OpenGL version <b'4.5.14568 Compatibility Profile Context 24.20.12050.0'>
2020-10-04 09:54:25,598 : kivy : GL: OpenGL vendor <b'ATI Technologies Inc.'>
2020-10-04 09:54:25,598 : kivy : GL: OpenGL renderer <b'AMD Radeon(TM) R4 Graphics'>
2020-10-04 09:54:25,598 : kivy : GL: OpenGL parsed version: 4, 5
2020-10-04 09:54:25,599 : kivy : GL: Shading version <b'4.50'>
2020-10-04 09:54:25,599 : kivy : GL: Texture max size <16384>
2020-10-04 09:54:25,599 : kivy : GL: Texture max units <32>
2020-10-04 09:54:25,646 : kivy : Window: auto add sdl2 input provider
2020-10-04 09:54:25,647 : kivy : Window: virtual keyboard not allowed, single mode, not docked
2020-10-04 09:54:25,670 : SoundSystem : SoundSystem: Using default 'sound_system' settings
2020-10-04 09:54:26,502 : AudioInterface : Initialized
2020-10-04 09:54:26,503 : SoundSystem : No audio tracks are specified in your machine config file. a track named 'default' has been created.
2020-10-04 09:54:26,532 : kivy : Base: Start application main loop
2020-10-04 09:54:26,533 : EventManager : Event: ======'display_window_initialized'====== Args={}
2020-10-04 09:54:26,575 : mpfmc : Display: Setting 'window' as default display
2020-10-04 09:54:26,590 : EventManager : Event: ======'displays_initialized'====== Args={}
2020-10-04 09:54:26,593 : EventManager : Event: ======'slide_window_blank_created'====== Args={}
2020-10-04 09:54:26,593 : EventManager : Event: ======'display_window_ready'====== Args={}
2020-10-04 09:54:26,621 : EventManager : Event: ======'init_phase_1'====== Args={}
2020-10-04 09:54:26,629 : EventManager : Event: ======'mc_ready'====== Args={}
2020-10-04 09:54:26,630 : EventManager : Event: ======'init_phase_2'====== Args={}
2020-10-04 09:54:26,635 : EventManager : Event: ======'init_phase_3'====== Args={}
2020-10-04 09:54:26,637 : AssetManager : Registering Asset: attract_music, File: attract_music.ogg, Default Group: default, Final Config: {'load': 'preload', 'file': 'c:\\Pinball\\Cuphead\\modes\\attract\\sounds\\music\\attract_music.ogg'}
2020-10-04 09:54:26,640 : AssetManager : Registering Asset: cupHighScore, File: cupHighScore.ogg, Default Group: default, Final Config: {'load': 'preload', 'file': 'c:\\Pinball\\Cuphead\\modes\\base\\sounds\\music\\cupHighScore.ogg'}
2020-10-04 09:54:26,640 : AssetManager : Registering Asset: cupMusic1, File: cupMusic1.ogg, Default Group: default, Final Config: {'load': 'preload', 'target': 'music', 'loop': -1, 'mode_end_action': 'stop', 'file': 'c:\\Pinball\\Cuphead\\modes\\base\\sounds\\music\\cupMusic1.ogg'}
2020-10-04 09:54:26,640 : AssetManager : Registering Asset: cupMusic2, File: cupMusic2.ogg, Default Group: default, Final Config: {'load': 'preload', 'target': 'music', 'loop': -1, 'mode_end_action': 'stop', 'file': 'c:\\Pinball\\Cuphead\\modes\\base\\sounds\\music\\cupMusic2.ogg'}
2020-10-04 09:54:26,640 : AssetManager : Registering Asset: cupMusic3, File: cupMusic3.ogg, Default Group: default, Final Config: {'load': 'preload', 'target': 'music', 'loop': -1, 'mode_end_action': 'stop', 'file': 'c:\\Pinball\\Cuphead\\modes\\base\\sounds\\music\\cupMusic3.ogg'}
2020-10-04 09:54:26,641 : AssetManager : Registering Asset: cupMusic4, File: cupMusic4.ogg, Default Group: default, Final Config: {'load': 'preload', 'target': 'music', 'loop': -1, 'mode_end_action': 'stop', 'file': 'c:\\Pinball\\Cuphead\\modes\\base\\sounds\\music\\cupMusic4.ogg'}
2020-10-04 09:54:26,641 : AssetManager : Registering Asset: cupMusic5, File: cupMusic5.ogg, Default Group: default, Final Config: {'load': 'preload', 'file': 'c:\\Pinball\\Cuphead\\modes\\base\\sounds\\music\\cupMusic5.ogg'}
2020-10-04 09:54:26,641 : AssetManager : Registering Asset: cupMusic6, File: cupMusic6.ogg, Default Group: default, Final Config: {'load': 'preload', 'file': 'c:\\Pinball\\Cuphead\\modes\\base\\sounds\\music\\cupMusic6.ogg'}
2020-10-04 09:54:26,641 : AssetManager : Registering Asset: cupMusic7, File: cupMusic7.ogg, Default Group: default, Final Config: {'load': 'preload', 'file': 'c:\\Pinball\\Cuphead\\modes\\base\\sounds\\music\\cupMusic7.ogg'}
2020-10-04 09:54:26,641 : AssetManager : Registering Asset: cupMusic8, File: cupMusic8.ogg, Default Group: default, Final Config: {'load': 'preload', 'file': 'c:\\Pinball\\Cuphead\\modes\\base\\sounds\\music\\cupMusic8.ogg'}
2020-10-04 09:54:26,641 : AssetManager : Registering Asset: cupMusic9, File: cupMusic9.ogg, Default Group: default, Final Config: {'load': 'preload', 'file': 'c:\\Pinball\\Cuphead\\modes\\base\\sounds\\music\\cupMusic9.ogg'}
2020-10-04 09:54:26,657 : AssetManager : Registering Asset: game_play_1, File: game_play_1.ogg, Default Group: default, Final Config: {'load': 'preload', 'file': 'c:\\Pinball\\Cuphead\\modes\\base\\sounds\\music\\game_play_1.ogg'}
2020-10-04 09:54:26,659 : EventManager : Event: ======'init_phase_4'====== Args={}
2020-10-04 09:54:26,659 : EventManager : Event: ======'init_phase_5'====== Args={}
2020-10-04 09:54:33,073 : EventManager : Event: ======'loading_assets'====== Args={'total': 12, 'loaded': 1, 'remaining': 11, 'percent': 8}
2020-10-04 09:54:33,074 : AssetManager : Loading assets: 1/12 (8%)
2020-10-04 09:54:35,126 : EventManager : Event: ======'loading_assets'====== Args={'total': 12, 'loaded': 8, 'remaining': 4, 'percent': 67}
2020-10-04 09:54:35,127 : AssetManager : Loading assets: 8/12 (67%)
2020-10-04 09:54:36,239 : EventManager : Event: ======'loading_assets'====== Args={'total': 12, 'loaded': 9, 'remaining': 3, 'percent': 75}
2020-10-04 09:54:36,239 : AssetManager : Loading assets: 9/12 (75%)
2020-10-04 09:54:37,055 : EventManager : Event: ======'loading_assets'====== Args={'total': 12, 'loaded': 10, 'remaining': 2, 'percent': 83}
2020-10-04 09:54:37,055 : AssetManager : Loading assets: 10/12 (83%)
2020-10-04 09:54:37,729 : EventManager : Event: ======'loading_assets'====== Args={'total': 12, 'loaded': 11, 'remaining': 1, 'percent': 92}
2020-10-04 09:54:37,729 : AssetManager : Loading assets: 11/12 (92%)
2020-10-04 09:54:37,730 : EventManager : Event: ======'loading_assets'====== Args={'total': 12, 'loaded': 12, 'remaining': 0, 'percent': 100}
2020-10-04 09:54:37,730 : AssetManager : Asset loading took: 11.22538447380066
2020-10-04 09:54:37,730 : EventManager : Event: ======'asset_loading_complete'====== Args={}
2020-10-04 09:54:37,730 : AssetManager : Loading assets: 12/12 (100%)
2020-10-04 09:54:37,730 : EventManager : Event: ======'init_done'====== Args={}
2020-10-04 09:54:37,731 : MPF-MC BCP Server : Starting up on localhost port 5050
2020-10-04 09:54:37,743 : MPF-MC BCP Server : Waiting for a connection...
2020-10-04 09:54:37,744 : mpfmc : SlidePlayer: Play called with settings={'slides': {welcome_slide-None-None: {'priority': None, 'target': None, 'background_color': [0.0, 0.0, 0.0, 1.0], 'show': True, 'force': False, 'expire': None, 'slide': None, 'tokens': {}, 'action': 'play', 'transition': None, 'transition_out': None}}}
2020-10-04 09:54:37,754 : kivy : GL: NPOT texture support is available
2020-10-04 09:54:37,755 : EventManager : Event: ======'slide_welcome_slide_created'====== Args={}
2020-10-04 09:54:37,757 : EventManager : Event: ======'slide_welcome_slide_active'====== Args={}
2020-10-04 09:54:37,769 : EventManager : Event: ======'client_disconnected'====== Args={'host': '127.0.0.1', 'port': 5050}
2020-10-04 09:54:39,077 : MPF-MC BCP Server : Received connection from: 127.0.0.1:52595
2020-10-04 09:54:39,082 : EventManager : Event: ======'client_connected'====== Args={'host': '127.0.0.1', 'port': 52595}
2020-10-04 09:54:39,107 : EventManager : Event: ======'machine_var_credits_string'====== Args={'value': 'FREE PLAY', 'prev_value': None, 'change': True}
2020-10-04 09:54:39,108 : EventManager : Event: ======'machine_var_player1_score'====== Args={'value': 8110, 'prev_value': None, 'change': True}
2020-10-04 09:54:39,108 : EventManager : Event: ======'machine_var_mpf_version'====== Args={'value': 'MPF v0.54.0-dev.72', 'prev_value': None, 'change': True}
2020-10-04 09:54:39,110 : EventManager : Event: ======'machine_var_mpf_extended_version'====== Args={'value': 'MPF v0.54.0-dev.72, Config version:5, Show version: 5, BCP version:1.1', 'prev_value': None, 'change': True}
2020-10-04 09:54:39,110 : EventManager : Event: ======'machine_var_python_version'====== Args={'value': '3.6.4', 'prev_value': None, 'change': True}
2020-10-04 09:54:39,110 : EventManager : Event: ======'machine_var_platform'====== Args={'value': 'Windows-10-10.0.18362-SP0', 'prev_value': None, 'change': True}
2020-10-04 09:54:39,110 : EventManager : Event: ======'machine_var_platform_system'====== Args={'value': 'Windows', 'prev_value': None, 'change': True}
2020-10-04 09:54:39,111 : EventManager : Event: ======'machine_var_platform_release'====== Args={'value': '10', 'prev_value': None, 'change': True}
2020-10-04 09:54:39,111 : EventManager : Event: ======'machine_var_platform_version'====== Args={'value': '10.0.18362', 'prev_value': None, 'change': True}
2020-10-04 09:54:39,111 : EventManager : Event: ======'machine_var_platform_machine'====== Args={'value': 'AMD64', 'prev_value': None, 'change': True}
2020-10-04 09:54:39,111 : EventManager : Event: ======'machine_var_mc_version'====== Args={'value': 'MPF-MC v0.54.0-dev.20', 'prev_value': None, 'change': True}
2020-10-04 09:54:39,111 : EventManager : Event: ======'machine_var_mc_extended_version'====== Args={'value': 'MPF-MC v0.54.0-dev.20 (config_version=5, BCP v1.1, Requires MPF v0.54.0-dev.68)', 'prev_value': None, 'change': True}
2020-10-04 09:54:39,112 : EventManager : Event: ======'machine_var_master_volume'====== Args={'value': 0.5, 'prev_value': None, 'change': True}
2020-10-04 09:54:39,204 : EventManager : Event: ======'machine_var_audits_events_game_ended'====== Args={'value': 21, 'prev_value': None, 'change': True}
2020-10-04 09:54:39,204 : EventManager : Event: ======'machine_var_audits_events_game_started'====== Args={'value': 40, 'prev_value': None, 'change': True}
2020-10-04 09:54:39,204 : EventManager : Event: ======'machine_var_audits_player_score'====== Args={'value': {'average': 530.4761904761905, 'top': [2970, 1300, 1220, 980, 880, 780, 720, 710, 630, 590], 'total': 21}, 'prev_value': None, 'change': True}
2020-10-04 09:54:39,205 : EventManager : Event: ======'machine_var_audits_shots_soul_L'====== Args={'value': 185, 'prev_value': None, 'change': True}
2020-10-04 09:54:39,205 : EventManager : Event: ======'machine_var_audits_shots_soul_O'====== Args={'value': 191, 'prev_value': None, 'change': True}
2020-10-04 09:54:39,205 : EventManager : Event: ======'machine_var_audits_shots_soul_S'====== Args={'value': 219, 'prev_value': None, 'change': True}
2020-10-04 09:54:39,206 : EventManager : Event: ======'machine_var_audits_shots_soul_U'====== Args={'value': 187, 'prev_value': None, 'change': True}
2020-10-04 09:54:39,206 : EventManager : Event: ======'machine_var_audits_switches_s_coin'====== Args={'value': 20, 'prev_value': None, 'change': True}
2020-10-04 09:54:39,207 : EventManager : Event: ======'machine_var_audits_switches_s_dash_L'====== Args={'value': 0, 'prev_value': None, 'change': True}
2020-10-04 09:54:39,207 : EventManager : Event: ======'machine_var_audits_switches_s_dash_R'====== Args={'value': 0, 'prev_value': None, 'change': True}
2020-10-04 09:54:39,207 : EventManager : Event: ======'machine_var_audits_switches_s_dtSling_L'====== Args={'value': 0, 'prev_value': None, 'change': True}
2020-10-04 09:54:39,208 : EventManager : Event: ======'machine_var_audits_switches_s_dtSling_R'====== Args={'value': 0, 'prev_value': None, 'change': True}
2020-10-04 09:54:39,208 : EventManager : Event: ======'machine_var_audits_switches_s_dt_C'====== Args={'value': 72, 'prev_value': None, 'change': True}
2020-10-04 09:54:39,210 : EventManager : Event: ======'machine_var_audits_switches_s_dt_G'====== Args={'value': 21, 'prev_value': None, 'change': True}
2020-10-04 09:54:39,210 : EventManager : Event: ======'machine_var_audits_switches_s_dt_M'====== Args={'value': 19, 'prev_value': None, 'change': True}
2020-10-04 09:54:39,210 : EventManager : Event: ======'machine_var_audits_switches_s_dt_P'====== Args={'value': 55, 'prev_value': None, 'change': True}
2020-10-04 09:54:39,211 : EventManager : Event: ======'machine_var_audits_switches_s_dt_U'====== Args={'value': 63, 'prev_value': None, 'change': True}
2020-10-04 09:54:39,211 : EventManager : Event: ======'machine_var_audits_switches_s_dt_U2'====== Args={'value': 19, 'prev_value': None, 'change': True}
2020-10-04 09:54:39,212 : EventManager : Event: ======'machine_var_audits_switches_s_exit_shooter_lane'====== Args={'value': 357, 'prev_value': None, 'change': True}
2020-10-04 09:54:39,212 : EventManager : Event: ======'machine_var_audits_switches_s_inLane_L'====== Args={'value': 0, 'prev_value': None, 'change': True}
2020-10-04 09:54:39,212 : EventManager : Event: ======'machine_var_audits_switches_s_inLane_R'====== Args={'value': 0, 'prev_value': None, 'change': True}
2020-10-04 09:54:39,213 : EventManager : Event: ======'machine_var_audits_switches_s_kicker'====== Args={'value': 0, 'prev_value': None, 'change': True}
2020-10-04 09:54:39,213 : EventManager : Event: ======'machine_var_audits_switches_s_left_flipper'====== Args={'value': 151, 'prev_value': None, 'change': True}
2020-10-04 09:54:39,213 : EventManager : Event: ======'machine_var_audits_switches_s_midRight'====== Args={'value': 0, 'prev_value': None, 'change': True}
2020-10-04 09:54:39,214 : EventManager : Event: ======'machine_var_audits_switches_s_outLane_L'====== Args={'value': 0, 'prev_value': None, 'change': True}
2020-10-04 09:54:39,227 : EventManager : Event: ======'machine_var_audits_switches_s_outLane_R'====== Args={'value': 0, 'prev_value': None, 'change': True}
2020-10-04 09:54:39,227 : EventManager : Event: ======'machine_var_audits_switches_s_perdition'====== Args={'value': 0, 'prev_value': None, 'change': True}
2020-10-04 09:54:39,228 : EventManager : Event: ======'machine_var_audits_switches_s_playfield'====== Args={'value': 0, 'prev_value': None, 'change': True}
2020-10-04 09:54:39,229 : EventManager : Event: ======'machine_var_audits_switches_s_plunger'====== Args={'value': 557, 'prev_value': None, 'change': True}
2020-10-04 09:54:39,230 : EventManager : Event: ======'machine_var_audits_switches_s_popBumper_1'====== Args={'value': 464, 'prev_value': None, 'change': True}
2020-10-04 09:54:39,230 : EventManager : Event: ======'machine_var_audits_switches_s_popBumper_2'====== Args={'value': 440, 'prev_value': None, 'change': True}
2020-10-04 09:54:39,230 : EventManager : Event: ======'machine_var_audits_switches_s_popBumper_3'====== Args={'value': 164, 'prev_value': None, 'change': True}
2020-10-04 09:54:39,230 : EventManager : Event: ======'machine_var_audits_switches_s_pop_bumper1'====== Args={'value': 120, 'prev_value': None, 'change': True}
2020-10-04 09:54:39,230 : EventManager : Event: ======'machine_var_audits_switches_s_pop_bumper2'====== Args={'value': 153, 'prev_value': None, 'change': True}
2020-10-04 09:54:39,232 : EventManager : Event: ======'machine_var_audits_switches_s_pop_bumper3'====== Args={'value': 100, 'prev_value': None, 'change': True}
2020-10-04 09:54:39,232 : EventManager : Event: ======'machine_var_audits_switches_s_right_flipper'====== Args={'value': 216, 'prev_value': None, 'change': True}
2020-10-04 09:54:39,232 : EventManager : Event: ======'machine_var_audits_switches_s_sling_L'====== Args={'value': 0, 'prev_value': None, 'change': True}
2020-10-04 09:54:39,232 : EventManager : Event: ======'machine_var_audits_switches_s_sling_R'====== Args={'value': 0, 'prev_value': None, 'change': True}
2020-10-04 09:54:39,233 : EventManager : Event: ======'machine_var_audits_switches_s_soul_L'====== Args={'value': 186, 'prev_value': None, 'change': True}
2020-10-04 09:54:39,233 : EventManager : Event: ======'machine_var_audits_switches_s_soul_O'====== Args={'value': 196, 'prev_value': None, 'change': True}
2020-10-04 09:54:39,234 : EventManager : Event: ======'machine_var_audits_switches_s_soul_S'====== Args={'value': 219, 'prev_value': None, 'change': True}
2020-10-04 09:54:39,235 : EventManager : Event: ======'machine_var_audits_switches_s_soul_U'====== Args={'value': 187, 'prev_value': None, 'change': True}
2020-10-04 09:54:39,235 : EventManager : Event: ======'machine_var_audits_switches_s_standUp_1'====== Args={'value': 0, 'prev_value': None, 'change': True}
2020-10-04 09:54:39,235 : EventManager : Event: ======'machine_var_audits_switches_s_standUp_2'====== Args={'value': 0, 'prev_value': None, 'change': True}
2020-10-04 09:54:39,235 : EventManager : Event: ======'machine_var_audits_switches_s_standUp_3'====== Args={'value': 0, 'prev_value': None, 'change': True}
2020-10-04 09:54:39,236 : EventManager : Event: ======'machine_var_audits_switches_s_standUp_R'====== Args={'value': 0, 'prev_value': None, 'change': True}
2020-10-04 09:54:39,236 : EventManager : Event: ======'machine_var_audits_switches_s_star_1'====== Args={'value': 0, 'prev_value': None, 'change': True}
2020-10-04 09:54:39,237 : EventManager : Event: ======'machine_var_audits_switches_s_star_2'====== Args={'value': 0, 'prev_value': None, 'change': True}
2020-10-04 09:54:39,238 : EventManager : Event: ======'machine_var_audits_switches_s_star_3'====== Args={'value': 0, 'prev_value': None, 'change': True}
2020-10-04 09:54:39,249 : EventManager : Event: ======'machine_var_audits_switches_s_start'====== Args={'value': 68, 'prev_value': None, 'change': True}
2020-10-04 09:54:39,250 : EventManager : Event: ======'machine_var_audits_switches_s_tilt'====== Args={'value': 0, 'prev_value': None, 'change': True}
2020-10-04 09:54:39,250 : EventManager : Event: ======'machine_var_audits_switches_s_trough1'====== Args={'value': 509, 'prev_value': None, 'change': True}
2020-10-04 09:54:39,250 : EventManager : Event: ======'machine_var_audits_switches_s_trough2'====== Args={'value': 72, 'prev_value': None, 'change': True}
2020-10-04 09:54:39,250 : EventManager : Event: ======'machine_var_audits_switches_s_trough_jam'====== Args={'value': 13, 'prev_value': None, 'change': True}
2020-10-04 09:54:39,286 : EventManager : Event: ======'slides_play'====== Args={'settings': {'welcome_slide': {'target': None, 'background_color': [0.0, 0.0, 0.0, 1.0], 'priority': None, 'show': True, 'force': False, 'expire': None, 'slide': None, 'tokens': {}, 'action': 'play'}}, 'context': '_global', 'calling_context': 'init_done', 'priority': 0}
2020-10-04 09:54:39,286 : EventManager : Event: ======'mc_reset_phase_1'====== Args={}
2020-10-04 09:54:39,286 : mpfmc : SlidePlayer: Play called with settings={'welcome_slide': {'target': None, 'background_color': [0.0, 0.0, 0.0, 1.0], 'priority': None, 'show': True, 'force': False, 'expire': None, 'slide': None, 'tokens': {}, 'action': 'play'}}
2020-10-04 09:54:39,287 : EventManager : Event: ======'slide_welcome_slide_removed'====== Args={}
2020-10-04 09:54:39,292 : EventManager : Event: ======'slide_welcome_slide_created'====== Args={}
2020-10-04 09:54:39,293 : EventManager : Event: ======'mc_reset_phase_2'====== Args={}
2020-10-04 09:54:39,294 : EventManager : Event: ======'mc_reset_phase_3'====== Args={}
2020-10-04 09:54:39,294 : EventManager : Event: ======'mc_reset_complete'====== Args={}
2020-10-04 09:54:39,295 : EventManager : Event: ======'slide_welcome_slide_active'====== Args={}
2020-10-04 09:54:39,306 : EventManager : Event: ======'slides_play'====== Args={'settings': {'awesome_slide': {'widgets': [{'type': 'text', 'text': 'Cuphead Pinball', 'font_size': 50, '_default_settings': ['type', 'text', 'font_size'], 'x': None, 'y': None, 'anchor_x': 'center', 'anchor_y': 'center', 'round_anchor_x': None, 'round_anchor_y': None, 'opacity': 1.0, 'z': 0, 'reset_animations_events': {}, 'color': [1.0, 1.0, 1.0, 1.0], 'style': [], 'adjust_top': 0, 'adjust_bottom': 0, 'adjust_left': 0, 'adjust_right': 0, 'expire': None, 'key': None, 'widget': None, 'events_when_added': [], 'events_when_removed': [], 'bitmap_font': False, 'font_kerning': True, 'bold': False, 'italic': False, 'number_grouping': False, 'min_digits': 0, 'halign': 'center', 'valign': 'middle', 'rotation': 0, 'scale': 1.0, 'casing': None, 'animations': None}], 'transition': {'type': 'push', 'duration': 1.0, 'direction': 'left', 'easing': 'out_quad'}, 'target': None, 'background_color': [0.0, 0.0, 0.0, 1.0], 'priority': None, 'show': True, 'force': False, 'expire': None, 'slide': None, 'tokens': {}, 'action': 'play'}}, 'context': 'show_1', 'calling_context': 0, 'priority': 10, 'show_tokens': {}, 'start_time': 401320.906}
2020-10-04 09:54:39,307 : EventManager : Event: ======'sounds_play'====== Args={'settings': {'attract_music': {'loops': -1, 'mode_end_action': 'stop', 'priority': None, 'action': 'play', 'track': None, 'volume': None, 'pan': None, 'start_at': None, 'fade_in': None, 'fade_out': None, 'about_to_finish_time': -1.0, 'max_queue_time': -1.0, 'events_when_played': ['use_sound_setting'], 'events_when_stopped': ['use_sound_setting'], 'events_when_looping': ['use_sound_setting'], 'events_when_about_to_finish': ['use_sound_setting'], 'key': 'use_sound_setting'}}, 'context': 'attract', 'calling_context': 'mode_attract_started', 'priority': 10}
2020-10-04 09:54:39,307 : mpfmc : SlidePlayer: Play called with settings={'awesome_slide': {'widgets': [{'type': 'text', 'text': 'Cuphead Pinball', 'font_size': 50, '_default_settings': ['type', 'text', 'font_size'], 'x': None, 'y': None, 'anchor_x': 'center', 'anchor_y': 'center', 'round_anchor_x': None, 'round_anchor_y': None, 'opacity': 1.0, 'z': 0, 'reset_animations_events': {}, 'color': [1.0, 1.0, 1.0, 1.0], 'style': [], 'adjust_top': 0, 'adjust_bottom': 0, 'adjust_left': 0, 'adjust_right': 0, 'expire': None, 'key': None, 'widget': None, 'events_when_added': [], 'events_when_removed': [], 'bitmap_font': False, 'font_kerning': True, 'bold': False, 'italic': False, 'number_grouping': False, 'min_digits': 0, 'halign': 'center', 'valign': 'middle', 'rotation': 0, 'scale': 1.0, 'casing': None, 'animations': None}], 'transition': {'type': 'push', 'duration': 1.0, 'direction': 'left', 'easing': 'out_quad'}, 'target': None, 'background_color': [0.0, 0.0, 0.0, 1.0], 'priority': None, 'show': True, 'force': False, 'expire': None, 'slide': None, 'tokens': {}, 'action': 'play'}}
2020-10-04 09:54:39,316 : EventManager : Event: ======'slide_awesome_slide_created'====== Args={}
2020-10-04 09:54:39,322 : EventManager : Event: ======'slide_awesome_slide_active'====== Args={}
2020-10-04 09:54:41,203 : EventManager : Event: ======'game_started'====== Args={}
2020-10-04 09:54:41,204 : EventManager : Event: ======'slides_clear'====== Args={'context': 'show_1'}
2020-10-04 09:54:41,204 : EventManager : Event: ======'sounds_clear'====== Args={'context': 'attract'}
2020-10-04 09:54:41,205 : EventManager : Event: ======'slide_awesome_slide_removed'====== Args={}
2020-10-04 09:54:41,207 : EventManager : Event: ======'slide_welcome_slide_active'====== Args={}
2020-10-04 09:54:41,274 : EventManager : Event: ======'player_added'====== Args={'player': <Player 1>, 'num': 1}
2020-10-04 09:54:41,274 : EventManager : Event: ======'player_index'====== Args={'value': 0, 'prev_value': 0, 'change': 0, 'player_num': 1}
2020-10-04 09:54:41,274 : EventManager : Event: ======'player_number'====== Args={'value': 1, 'prev_value': 1, 'change': 0, 'player_num': 1}
2020-10-04 09:54:41,274 : EventManager : Event: ======'player_score'====== Args={'value': 0, 'prev_value': 0, 'change': 0, 'player_num': 1}
2020-10-04 09:54:41,274 : EventManager : Event: ======'player_bonus_multiplier'====== Args={'value': 1, 'prev_value': 0, 'change': 1, 'player_num': 1}
2020-10-04 09:54:41,310 : EventManager : Event: ======'player_ball'====== Args={'value': 1, 'prev_value': 0, 'change': 1, 'player_num': 1}
2020-10-04 09:54:41,310 : EventManager : Event: ======'player_turn_start'====== Args={'number': 1, 'player': <Player 1>}
2020-10-04 09:54:41,348 : EventManager : Event: ======'player_shot_soul_S_enabled'====== Args={'value': True, 'prev_value': 0, 'change': 1, 'player_num': 1}
2020-10-04 09:54:41,348 : EventManager : Event: ======'player_shot_soul_O_enabled'====== Args={'value': True, 'prev_value': 0, 'change': 1, 'player_num': 1}
2020-10-04 09:54:41,348 : EventManager : Event: ======'player_shot_soul_U_enabled'====== Args={'value': True, 'prev_value': 0, 'change': 1, 'player_num': 1}
2020-10-04 09:54:41,361 : EventManager : Event: ======'player_shot_soul_L_enabled'====== Args={'value': True, 'prev_value': 0, 'change': 1, 'player_num': 1}
2020-10-04 09:54:41,373 : EventManager : Event: ======'sounds_play'====== Args={'settings': {'poolCupHeadBase': {'loops': -1, 'priority': None, 'action': 'play', 'track': None, 'volume': None, 'pan': None, 'start_at': None, 'fade_in': None, 'fade_out': None, 'about_to_finish_time': -1.0, 'max_queue_time': -1.0, 'events_when_played': ['use_sound_setting'], 'events_when_stopped': ['use_sound_setting'], 'events_when_looping': ['use_sound_setting'], 'events_when_about_to_finish': ['use_sound_setting'], 'mode_end_action': 'use_sound_setting', 'key': 'use_sound_setting'}}, 'context': 'base', 'calling_context': 'mode_base_started', 'priority': 100, 'queue': '<QueuedEvent>', 'player': 1, 'ball': 1, 'balls_remaining': 4, 'is_extra_ball': False}
2020-10-04 09:54:41,373 : EventManager : Event: ======'slides_play'====== Args={'settings': {'widgets': {'widgets': [{'type': 'text', 'text': '(score)', 'number_grouping': True, 'min_digits': 2, 'font_size': 100, '_default_settings': ['type', 'text', 'number_grouping', 'min_digits', 'font_size'], 'x': None, 'y': None, 'anchor_x': 'center', 'anchor_y': 'center', 'round_anchor_x': None, 'round_anchor_y': None, 'opacity': 1.0, 'z': 0, 'reset_animations_events': {}, 'color': [1.0, 1.0, 1.0, 1.0], 'style': [], 'adjust_top': 0, 'adjust_bottom': 0, 'adjust_left': 0, 'adjust_right': 0, 'expire': None, 'key': None, 'widget': None, 'events_when_added': [], 'events_when_removed': [], 'bitmap_font': False, 'font_kerning': True, 'bold': False, 'italic': False, 'halign': 'center', 'valign': 'middle', 'rotation': 0, 'scale': 1.0, 'casing': None, 'animations': None}, {'type': 'text', 'text': 'Player (player)', 'y': '10', 'x': '10', 'font_size': 30, 'anchor_x': 'left', 'anchor_y': 'bottom', '_default_settings': ['type', 'text', 'y', 'x', 'font_size', 'anchor_x', 'anchor_y'], 'round_anchor_x': None, 'round_anchor_y': None, 'opacity': 1.0, 'z': 0, 'reset_animations_events': {}, 'color': [1.0, 1.0, 1.0, 1.0], 'style': [], 'adjust_top': 0, 'adjust_bottom': 0, 'adjust_left': 0, 'adjust_right': 0, 'expire': None, 'key': None, 'widget': None, 'events_when_added': [], 'events_when_removed': [], 'bitmap_font': False, 'font_kerning': True, 'bold': False, 'italic': False, 'number_grouping': False, 'min_digits': 0, 'halign': 'center', 'valign': 'middle', 'rotation': 0, 'scale': 1.0, 'casing': None, 'animations': None}, {'type': 'text', 'text': 'BALL (ball) (bonus_multiplier)', 'y': '10', 'x': 'right-10', 'anchor_x': 'right', 'anchor_y': 'bottom', 'font_size': 50, '_default_settings': ['type', 'text', 'y', 'x', 'anchor_x', 'anchor_y', 'font_size'], 'round_anchor_x': None, 'round_anchor_y': None, 'opacity': 1.0, 'z': 0, 'reset_animations_events': {}, 'color': [1.0, 1.0, 1.0, 1.0], 'style': [], 'adjust_top': 0, 'adjust_bottom': 0, 'adjust_left': 0, 'adjust_right': 0, 'expire': None, 'key': None, 'widget': None, 'events_when_added': [], 'events_when_removed': [], 'bitmap_font': False, 'font_kerning': True, 'bold': False, 'italic': False, 'number_grouping': False, 'min_digits': 0, 'halign': 'center', 'valign': 'middle', 'rotation': 0, 'scale': 1.0, 'casing': None, 'animations': None}], 'target': None, 'background_color': [0.0, 0.0, 0.0, 1.0], 'priority': None, 'show': True, 'force': False, 'expire': None, 'slide': None, 'tokens': {}, 'action': 'play'}}, 'context': 'base', 'calling_context': 'mode_base_started', 'priority': 100, 'queue': '<QueuedEvent>', 'player': 1, 'ball': 1, 'balls_remaining': 4, 'is_extra_ball': False}
2020-10-04 09:54:41,374 : mpfmc : SlidePlayer: Play called with settings={'widgets': {'widgets': [{'type': 'text', 'text': '(score)', 'number_grouping': True, 'min_digits': 2, 'font_size': 100, '_default_settings': ['type', 'text', 'number_grouping', 'min_digits', 'font_size'], 'x': None, 'y': None, 'anchor_x': 'center', 'anchor_y': 'center', 'round_anchor_x': None, 'round_anchor_y': None, 'opacity': 1.0, 'z': 0, 'reset_animations_events': {}, 'color': [1.0, 1.0, 1.0, 1.0], 'style': [], 'adjust_top': 0, 'adjust_bottom': 0, 'adjust_left': 0, 'adjust_right': 0, 'expire': None, 'key': None, 'widget': None, 'events_when_added': [], 'events_when_removed': [], 'bitmap_font': False, 'font_kerning': True, 'bold': False, 'italic': False, 'halign': 'center', 'valign': 'middle', 'rotation': 0, 'scale': 1.0, 'casing': None, 'animations': None}, {'type': 'text', 'text': 'Player (player)', 'y': '10', 'x': '10', 'font_size': 30, 'anchor_x': 'left', 'anchor_y': 'bottom', '_default_settings': ['type', 'text', 'y', 'x', 'font_size', 'anchor_x', 'anchor_y'], 'round_anchor_x': None, 'round_anchor_y': None, 'opacity': 1.0, 'z': 0, 'reset_animations_events': {}, 'color': [1.0, 1.0, 1.0, 1.0], 'style': [], 'adjust_top': 0, 'adjust_bottom': 0, 'adjust_left': 0, 'adjust_right': 0, 'expire': None, 'key': None, 'widget': None, 'events_when_added': [], 'events_when_removed': [], 'bitmap_font': False, 'font_kerning': True, 'bold': False, 'italic': False, 'number_grouping': False, 'min_digits': 0, 'halign': 'center', 'valign': 'middle', 'rotation': 0, 'scale': 1.0, 'casing': None, 'animations': None}, {'type': 'text', 'text': 'BALL (ball) (bonus_multiplier)', 'y': '10', 'x': 'right-10', 'anchor_x': 'right', 'anchor_y': 'bottom', 'font_size': 50, '_default_settings': ['type', 'text', 'y', 'x', 'anchor_x', 'anchor_y', 'font_size'], 'round_anchor_x': None, 'round_anchor_y': None, 'opacity': 1.0, 'z': 0, 'reset_animations_events': {}, 'color': [1.0, 1.0, 1.0, 1.0], 'style': [], 'adjust_top': 0, 'adjust_bottom': 0, 'adjust_left': 0, 'adjust_right': 0, 'expire': None, 'key': None, 'widget': None, 'events_when_added': [], 'events_when_removed': [], 'bitmap_font': False, 'font_kerning': True, 'bold': False, 'italic': False, 'number_grouping': False, 'min_digits': 0, 'halign': 'center', 'valign': 'middle', 'rotation': 0, 'scale': 1.0, 'casing': None, 'animations': None}], 'target': None, 'background_color': [0.0, 0.0, 0.0, 1.0], 'priority': None, 'show': True, 'force': False, 'expire': None, 'slide': None, 'tokens': {}, 'action': 'play'}}
2020-10-04 09:54:41,388 : EventManager : Event: ======'slide_base.slide_player-mode_base_started_created'====== Args={}
2020-10-04 09:54:41,394 : EventManager : Event: ======'slide_base.slide_player-mode_base_started_active'====== Args={}
2020-10-04 09:54:41,443 : EventManager : Event: ======'widgets_play'====== Args={'settings': {'soul_lanes_banner': {'priority': 0, 'slide': None, 'action': 'add', 'key': None, 'target': None}}, 'context': 'soulLanes', 'calling_context': 'mode_soulLanes_started', 'priority': 110, 'player': 1, 'ball': 1, 'balls_remaining': 4, 'is_extra_ball': False}
2020-10-04 09:54:41,609 : EventManager : Event: ======'machine_var_audits_switches_s_plunger'====== Args={'value': 558, 'prev_value': 557, 'change': 1}
2020-10-04 09:54:44,373 : EventManager : Event: ======'machine_var_audits_switches_s_soul_S'====== Args={'value': 220, 'prev_value': 219, 'change': 1}
2020-10-04 09:54:44,385 : EventManager : Event: ======'player_shot_soul_S'====== Args={'value': 1, 'prev_value': 0, 'change': 1, 'player_num': 1}
2020-10-04 09:54:44,385 : EventManager : Event: ======'machine_var_audits_shots_soul_S'====== Args={'value': 220, 'prev_value': 219, 'change': 1}
2020-10-04 09:54:44,397 : EventManager : Event: ======'player_score'====== Args={'value': 10, 'prev_value': 0, 'change': 10, 'player_num': 1}
2020-10-04 09:54:45,039 : EventManager : Event: ======'machine_var_audits_switches_s_soul_O'====== Args={'value': 197, 'prev_value': 196, 'change': 1}
2020-10-04 09:54:45,040 : EventManager : Event: ======'player_shot_soul_O'====== Args={'value': 1, 'prev_value': 0, 'change': 1, 'player_num': 1}
2020-10-04 09:54:45,040 : EventManager : Event: ======'machine_var_audits_shots_soul_O'====== Args={'value': 192, 'prev_value': 191, 'change': 1}
2020-10-04 09:54:45,040 : EventManager : Event: ======'player_score'====== Args={'value': 20, 'prev_value': 10, 'change': 10, 'player_num': 1}
2020-10-04 09:54:45,520 : EventManager : Event: ======'machine_var_audits_switches_s_soul_U'====== Args={'value': 188, 'prev_value': 187, 'change': 1}
2020-10-04 09:54:45,521 : EventManager : Event: ======'player_shot_soul_U'====== Args={'value': 1, 'prev_value': 0, 'change': 1, 'player_num': 1}
2020-10-04 09:54:45,521 : EventManager : Event: ======'machine_var_audits_shots_soul_U'====== Args={'value': 188, 'prev_value': 187, 'change': 1}
2020-10-04 09:54:45,521 : EventManager : Event: ======'player_score'====== Args={'value': 30, 'prev_value': 20, 'change': 10, 'player_num': 1}
2020-10-04 09:54:46,470 : EventManager : Event: ======'machine_var_audits_switches_s_soul_L'====== Args={'value': 187, 'prev_value': 186, 'change': 1}
2020-10-04 09:54:46,470 : EventManager : Event: ======'player_shot_soul_L'====== Args={'value': 1, 'prev_value': 0, 'change': 1, 'player_num': 1}
2020-10-04 09:54:46,470 : EventManager : Event: ======'machine_var_audits_shots_soul_L'====== Args={'value': 186, 'prev_value': 185, 'change': 1}
2020-10-04 09:54:46,470 : EventManager : Event: ======'player_score'====== Args={'value': 40, 'prev_value': 30, 'change': 10, 'player_num': 1}
2020-10-04 09:54:46,477 : EventManager : Event: ======'player_bonus_multiplier'====== Args={'value': 2, 'prev_value': 1, 'change': 1, 'player_num': 1}
2020-10-04 09:54:47,404 : EventManager : Event: ======'machine_var_audits_switches_s_soul_S'====== Args={'value': 221, 'prev_value': 220, 'change': 1}
2020-10-04 09:54:47,405 : EventManager : Event: ======'machine_var_audits_shots_soul_S'====== Args={'value': 221, 'prev_value': 220, 'change': 1}
2020-10-04 09:54:47,420 : EventManager : Event: ======'player_score'====== Args={'value': 50, 'prev_value': 40, 'change': 10, 'player_num': 1}
2020-10-04 09:54:47,500 : EventManager : Event: ======'player_shot_soul_S'====== Args={'value': 0, 'prev_value': 1, 'change': -1, 'player_num': 1}
2020-10-04 09:54:47,501 : EventManager : Event: ======'player_shot_soul_O'====== Args={'value': 0, 'prev_value': 1, 'change': -1, 'player_num': 1}
2020-10-04 09:54:47,501 : EventManager : Event: ======'player_shot_soul_U'====== Args={'value': 0, 'prev_value': 1, 'change': -1, 'player_num': 1}
2020-10-04 09:54:47,501 : EventManager : Event: ======'player_shot_soul_L'====== Args={'value': 0, 'prev_value': 1, 'change': -1, 'player_num': 1}
2020-10-04 09:54:47,897 : EventManager : Event: ======'machine_var_audits_switches_s_soul_O'====== Args={'value': 198, 'prev_value': 197, 'change': 1}
2020-10-04 09:54:47,897 : EventManager : Event: ======'player_shot_soul_O'====== Args={'value': 1, 'prev_value': 0, 'change': 1, 'player_num': 1}
2020-10-04 09:54:47,897 : EventManager : Event: ======'machine_var_audits_shots_soul_O'====== Args={'value': 193, 'prev_value': 192, 'change': 1}
2020-10-04 09:54:47,899 : EventManager : Event: ======'player_score'====== Args={'value': 60, 'prev_value': 50, 'change': 10, 'player_num': 1}
2020-10-04 09:54:48,381 : EventManager : Event: ======'machine_var_audits_switches_s_soul_U'====== Args={'value': 189, 'prev_value': 188, 'change': 1}
2020-10-04 09:54:48,381 : EventManager : Event: ======'player_shot_soul_U'====== Args={'value': 1, 'prev_value': 0, 'change': 1, 'player_num': 1}
2020-10-04 09:54:48,381 : EventManager : Event: ======'machine_var_audits_shots_soul_U'====== Args={'value': 189, 'prev_value': 188, 'change': 1}
2020-10-04 09:54:48,381 : EventManager : Event: ======'player_score'====== Args={'value': 70, 'prev_value': 60, 'change': 10, 'player_num': 1}
2020-10-04 09:54:49,241 : EventManager : Event: ======'machine_var_audits_switches_s_soul_L'====== Args={'value': 188, 'prev_value': 187, 'change': 1}
2020-10-04 09:54:49,241 : EventManager : Event: ======'player_shot_soul_L'====== Args={'value': 1, 'prev_value': 0, 'change': 1, 'player_num': 1}
2020-10-04 09:54:49,242 : EventManager : Event: ======'machine_var_audits_shots_soul_L'====== Args={'value': 187, 'prev_value': 186, 'change': 1}
2020-10-04 09:54:49,242 : EventManager : Event: ======'player_score'====== Args={'value': 80, 'prev_value': 70, 'change': 10, 'player_num': 1}
2020-10-04 09:54:50,360 : EventManager : Event: ======'machine_var_audits_switches_s_soul_S'====== Args={'value': 222, 'prev_value': 221, 'change': 1}
2020-10-04 09:54:50,360 : EventManager : Event: ======'player_shot_soul_S'====== Args={'value': 1, 'prev_value': 0, 'change': 1, 'player_num': 1}
2020-10-04 09:54:50,360 : EventManager : Event: ======'machine_var_audits_shots_soul_S'====== Args={'value': 222, 'prev_value': 221, 'change': 1}
2020-10-04 09:54:50,360 : EventManager : Event: ======'player_score'====== Args={'value': 90, 'prev_value': 80, 'change': 10, 'player_num': 1}
2020-10-04 09:54:50,385 : EventManager : Event: ======'player_bonus_multiplier'====== Args={'value': 3, 'prev_value': 2, 'change': 1, 'player_num': 1}
2020-10-04 09:54:51,359 : EventManager : Event: ======'player_shot_soul_S'====== Args={'value': 0, 'prev_value': 1, 'change': -1, 'player_num': 1}
2020-10-04 09:54:51,359 : EventManager : Event: ======'player_shot_soul_O'====== Args={'value': 0, 'prev_value': 1, 'change': -1, 'player_num': 1}
2020-10-04 09:54:51,360 : EventManager : Event: ======'player_shot_soul_U'====== Args={'value': 0, 'prev_value': 1, 'change': -1, 'player_num': 1}
2020-10-04 09:54:51,360 : EventManager : Event: ======'player_shot_soul_L'====== Args={'value': 0, 'prev_value': 1, 'change': -1, 'player_num': 1}
2020-10-04 09:54:52,601 : EventManager : Event: ======'machine_var_audits_switches_s_soul_S'====== Args={'value': 223, 'prev_value': 222, 'change': 1}
2020-10-04 09:54:52,602 : EventManager : Event: ======'player_shot_soul_S'====== Args={'value': 1, 'prev_value': 0, 'change': 1, 'player_num': 1}
2020-10-04 09:54:52,602 : EventManager : Event: ======'machine_var_audits_shots_soul_S'====== Args={'value': 223, 'prev_value': 222, 'change': 1}
2020-10-04 09:54:52,602 : EventManager : Event: ======'player_score'====== Args={'value': 100, 'prev_value': 90, 'change': 10, 'player_num': 1}
2020-10-04 09:54:53,124 : EventManager : Event: ======'machine_var_audits_switches_s_soul_O'====== Args={'value': 199, 'prev_value': 198, 'change': 1}
2020-10-04 09:54:53,124 : EventManager : Event: ======'player_shot_soul_O'====== Args={'value': 1, 'prev_value': 0, 'change': 1, 'player_num': 1}
2020-10-04 09:54:53,125 : EventManager : Event: ======'machine_var_audits_shots_soul_O'====== Args={'value': 194, 'prev_value': 193, 'change': 1}
2020-10-04 09:54:53,125 : EventManager : Event: ======'player_score'====== Args={'value': 110, 'prev_value': 100, 'change': 10, 'player_num': 1}
2020-10-04 09:54:53,520 : EventManager : Event: ======'machine_var_audits_switches_s_soul_U'====== Args={'value': 190, 'prev_value': 189, 'change': 1}
2020-10-04 09:54:53,520 : EventManager : Event: ======'player_shot_soul_U'====== Args={'value': 1, 'prev_value': 0, 'change': 1, 'player_num': 1}
2020-10-04 09:54:53,520 : EventManager : Event: ======'machine_var_audits_shots_soul_U'====== Args={'value': 190, 'prev_value': 189, 'change': 1}
2020-10-04 09:54:53,520 : EventManager : Event: ======'player_score'====== Args={'value': 120, 'prev_value': 110, 'change': 10, 'player_num': 1}
2020-10-04 09:54:54,203 : EventManager : Event: ======'machine_var_audits_switches_s_soul_L'====== Args={'value': 189, 'prev_value': 188, 'change': 1}
2020-10-04 09:54:54,203 : EventManager : Event: ======'player_shot_soul_L'====== Args={'value': 1, 'prev_value': 0, 'change': 1, 'player_num': 1}
2020-10-04 09:54:54,203 : EventManager : Event: ======'machine_var_audits_shots_soul_L'====== Args={'value': 188, 'prev_value': 187, 'change': 1}
2020-10-04 09:54:54,204 : EventManager : Event: ======'player_score'====== Args={'value': 130, 'prev_value': 120, 'change': 10, 'player_num': 1}
2020-10-04 09:54:54,211 : EventManager : Event: ======'player_bonus_multiplier'====== Args={'value': 4, 'prev_value': 3, 'change': 1, 'player_num': 1}
2020-10-04 09:54:55,226 : EventManager : Event: ======'player_shot_soul_S'====== Args={'value': 0, 'prev_value': 1, 'change': -1, 'player_num': 1}
2020-10-04 09:54:55,227 : EventManager : Event: ======'player_shot_soul_O'====== Args={'value': 0, 'prev_value': 1, 'change': -1, 'player_num': 1}
2020-10-04 09:54:55,227 : EventManager : Event: ======'player_shot_soul_U'====== Args={'value': 0, 'prev_value': 1, 'change': -1, 'player_num': 1}
2020-10-04 09:54:55,227 : EventManager : Event: ======'player_shot_soul_L'====== Args={'value': 0, 'prev_value': 1, 'change': -1, 'player_num': 1}
2020-10-04 09:54:55,836 : EventManager : Event: ======'machine_var_audits_switches_s_soul_S'====== Args={'value': 224, 'prev_value': 223, 'change': 1}
2020-10-04 09:54:55,836 : EventManager : Event: ======'player_shot_soul_S'====== Args={'value': 1, 'prev_value': 0, 'change': 1, 'player_num': 1}
2020-10-04 09:54:55,836 : EventManager : Event: ======'machine_var_audits_shots_soul_S'====== Args={'value': 224, 'prev_value': 223, 'change': 1}
2020-10-04 09:54:55,849 : EventManager : Event: ======'player_score'====== Args={'value': 140, 'prev_value': 130, 'change': 10, 'player_num': 1}
2020-10-04 09:54:56,410 : EventManager : Event: ======'machine_var_audits_switches_s_soul_O'====== Args={'value': 200, 'prev_value': 199, 'change': 1}
2020-10-04 09:54:56,410 : EventManager : Event: ======'player_shot_soul_O'====== Args={'value': 1, 'prev_value': 0, 'change': 1, 'player_num': 1}
2020-10-04 09:54:56,410 : EventManager : Event: ======'machine_var_audits_shots_soul_O'====== Args={'value': 195, 'prev_value': 194, 'change': 1}
2020-10-04 09:54:56,410 : EventManager : Event: ======'player_score'====== Args={'value': 150, 'prev_value': 140, 'change': 10, 'player_num': 1}
2020-10-04 09:54:56,940 : EventManager : Event: ======'machine_var_audits_switches_s_soul_U'====== Args={'value': 191, 'prev_value': 190, 'change': 1}
2020-10-04 09:54:56,940 : EventManager : Event: ======'player_shot_soul_U'====== Args={'value': 1, 'prev_value': 0, 'change': 1, 'player_num': 1}
2020-10-04 09:54:56,941 : EventManager : Event: ======'machine_var_audits_shots_soul_U'====== Args={'value': 191, 'prev_value': 190, 'change': 1}
2020-10-04 09:54:56,941 : EventManager : Event: ======'player_score'====== Args={'value': 160, 'prev_value': 150, 'change': 10, 'player_num': 1}
2020-10-04 09:54:57,517 : EventManager : Event: ======'machine_var_audits_switches_s_soul_L'====== Args={'value': 190, 'prev_value': 189, 'change': 1}
2020-10-04 09:54:57,518 : EventManager : Event: ======'player_shot_soul_L'====== Args={'value': 1, 'prev_value': 0, 'change': 1, 'player_num': 1}
2020-10-04 09:54:57,518 : EventManager : Event: ======'machine_var_audits_shots_soul_L'====== Args={'value': 189, 'prev_value': 188, 'change': 1}
2020-10-04 09:54:57,518 : EventManager : Event: ======'player_score'====== Args={'value': 170, 'prev_value': 160, 'change': 10, 'player_num': 1}
2020-10-04 09:54:58,525 : EventManager : Event: ======'player_shot_soul_S'====== Args={'value': 0, 'prev_value': 1, 'change': -1, 'player_num': 1}
2020-10-04 09:54:58,525 : EventManager : Event: ======'player_shot_soul_O'====== Args={'value': 0, 'prev_value': 1, 'change': -1, 'player_num': 1}
2020-10-04 09:54:58,525 : EventManager : Event: ======'player_shot_soul_U'====== Args={'value': 0, 'prev_value': 1, 'change': -1, 'player_num': 1}
2020-10-04 09:54:58,526 : EventManager : Event: ======'player_shot_soul_L'====== Args={'value': 0, 'prev_value': 1, 'change': -1, 'player_num': 1}
2020-10-04 09:54:58,928 : EventManager : Event: ======'machine_var_audits_switches_s_soul_S'====== Args={'value': 225, 'prev_value': 224, 'change': 1}
2020-10-04 09:54:58,929 : EventManager : Event: ======'player_shot_soul_S'====== Args={'value': 1, 'prev_value': 0, 'change': 1, 'player_num': 1}
2020-10-04 09:54:58,929 : EventManager : Event: ======'machine_var_audits_shots_soul_S'====== Args={'value': 225, 'prev_value': 224, 'change': 1}
2020-10-04 09:54:58,929 : EventManager : Event: ======'player_score'====== Args={'value': 180, 'prev_value': 170, 'change': 10, 'player_num': 1}
2020-10-04 09:54:59,357 : EventManager : Event: ======'machine_var_audits_switches_s_soul_O'====== Args={'value': 201, 'prev_value': 200, 'change': 1}
2020-10-04 09:54:59,357 : EventManager : Event: ======'player_shot_soul_O'====== Args={'value': 1, 'prev_value': 0, 'change': 1, 'player_num': 1}
2020-10-04 09:54:59,357 : EventManager : Event: ======'machine_var_audits_shots_soul_O'====== Args={'value': 196, 'prev_value': 195, 'change': 1}
2020-10-04 09:54:59,357 : EventManager : Event: ======'player_score'====== Args={'value': 190, 'prev_value': 180, 'change': 10, 'player_num': 1}
2020-10-04 09:55:00,058 : EventManager : Event: ======'machine_var_audits_switches_s_soul_U'====== Args={'value': 192, 'prev_value': 191, 'change': 1}
2020-10-04 09:55:00,058 : EventManager : Event: ======'player_shot_soul_U'====== Args={'value': 1, 'prev_value': 0, 'change': 1, 'player_num': 1}
2020-10-04 09:55:00,058 : EventManager : Event: ======'machine_var_audits_shots_soul_U'====== Args={'value': 192, 'prev_value': 191, 'change': 1}
2020-10-04 09:55:00,059 : EventManager : Event: ======'player_score'====== Args={'value': 200, 'prev_value': 190, 'change': 10, 'player_num': 1}
2020-10-04 09:55:00,387 : EventManager : Event: ======'machine_var_audits_switches_s_soul_L'====== Args={'value': 191, 'prev_value': 190, 'change': 1}
2020-10-04 09:55:00,387 : EventManager : Event: ======'player_shot_soul_L'====== Args={'value': 1, 'prev_value': 0, 'change': 1, 'player_num': 1}
2020-10-04 09:55:00,387 : EventManager : Event: ======'machine_var_audits_shots_soul_L'====== Args={'value': 190, 'prev_value': 189, 'change': 1}
2020-10-04 09:55:00,388 : EventManager : Event: ======'player_score'====== Args={'value': 210, 'prev_value': 200, 'change': 10, 'player_num': 1}
2020-10-04 09:55:01,401 : EventManager : Event: ======'player_shot_soul_S'====== Args={'value': 0, 'prev_value': 1, 'change': -1, 'player_num': 1}
2020-10-04 09:55:01,401 : EventManager : Event: ======'player_shot_soul_O'====== Args={'value': 0, 'prev_value': 1, 'change': -1, 'player_num': 1}
2020-10-04 09:55:01,402 : EventManager : Event: ======'player_shot_soul_U'====== Args={'value': 0, 'prev_value': 1, 'change': -1, 'player_num': 1}
2020-10-04 09:55:01,413 : EventManager : Event: ======'player_shot_soul_L'====== Args={'value': 0, 'prev_value': 1, 'change': -1, 'player_num': 1}
2020-10-04 09:55:01,688 : EventManager : Event: ======'machine_var_audits_switches_s_trough1'====== Args={'value': 510, 'prev_value': 509, 'change': 1}
2020-10-04 09:55:02,227 : EventManager : Event: ======'sounds_clear'====== Args={'context': 'base'}
2020-10-04 09:55:02,227 : EventManager : Event: ======'slides_clear'====== Args={'context': 'base'}
2020-10-04 09:55:02,231 : EventManager : Event: ======'slide_base.slide_player-mode_base_started_removed'====== Args={}
2020-10-04 09:55:02,233 : EventManager : Event: ======'widgets_clear'====== Args={'context': 'soulLanes'}
2020-10-04 09:55:02,235 : EventManager : Event: ======'slide_welcome_slide_active'====== Args={}
2020-10-04 09:55:02,330 : EventManager : Event: ======'player_ball'====== Args={'value': 2, 'prev_value': 1, 'change': 1, 'player_num': 1}
2020-10-04 09:55:02,392 : EventManager : Event: ======'sounds_play'====== Args={'settings': {'poolCupHeadBase': {'loops': -1, 'priority': None, 'action': 'play', 'track': None, 'volume': None, 'pan': None, 'start_at': None, 'fade_in': None, 'fade_out': None, 'about_to_finish_time': -1.0, 'max_queue_time': -1.0, 'events_when_played': ['use_sound_setting'], 'events_when_stopped': ['use_sound_setting'], 'events_when_looping': ['use_sound_setting'], 'events_when_about_to_finish': ['use_sound_setting'], 'mode_end_action': 'use_sound_setting', 'key': 'use_sound_setting'}}, 'context': 'base', 'calling_context': 'mode_base_started', 'priority': 100, 'queue': '<QueuedEvent>', 'player': 1, 'ball': 2, 'balls_remaining': 3, 'is_extra_ball': False}
2020-10-04 09:55:02,392 : EventManager : Event: ======'slides_play'====== Args={'settings': {'widgets': {'widgets': [{'type': 'text', 'text': '(score)', 'number_grouping': True, 'min_digits': 2, 'font_size': 100, '_default_settings': ['type', 'text', 'number_grouping', 'min_digits', 'font_size'], 'x': None, 'y': None, 'anchor_x': 'center', 'anchor_y': 'center', 'round_anchor_x': None, 'round_anchor_y': None, 'opacity': 1.0, 'z': 0, 'reset_animations_events': {}, 'color': [1.0, 1.0, 1.0, 1.0], 'style': [], 'adjust_top': 0, 'adjust_bottom': 0, 'adjust_left': 0, 'adjust_right': 0, 'expire': None, 'key': None, 'widget': None, 'events_when_added': [], 'events_when_removed': [], 'bitmap_font': False, 'font_kerning': True, 'bold': False, 'italic': False, 'halign': 'center', 'valign': 'middle', 'rotation': 0, 'scale': 1.0, 'casing': None, 'animations': None}, {'type': 'text', 'text': 'Player (player)', 'y': '10', 'x': '10', 'font_size': 30, 'anchor_x': 'left', 'anchor_y': 'bottom', '_default_settings': ['type', 'text', 'y', 'x', 'font_size', 'anchor_x', 'anchor_y'], 'round_anchor_x': None, 'round_anchor_y': None, 'opacity': 1.0, 'z': 0, 'reset_animations_events': {}, 'color': [1.0, 1.0, 1.0, 1.0], 'style': [], 'adjust_top': 0, 'adjust_bottom': 0, 'adjust_left': 0, 'adjust_right': 0, 'expire': None, 'key': None, 'widget': None, 'events_when_added': [], 'events_when_removed': [], 'bitmap_font': False, 'font_kerning': True, 'bold': False, 'italic': False, 'number_grouping': False, 'min_digits': 0, 'halign': 'center', 'valign': 'middle', 'rotation': 0, 'scale': 1.0, 'casing': None, 'animations': None}, {'type': 'text', 'text': 'BALL (ball) (bonus_multiplier)', 'y': '10', 'x': 'right-10', 'anchor_x': 'right', 'anchor_y': 'bottom', 'font_size': 50, '_default_settings': ['type', 'text', 'y', 'x', 'anchor_x', 'anchor_y', 'font_size'], 'round_anchor_x': None, 'round_anchor_y': None, 'opacity': 1.0, 'z': 0, 'reset_animations_events': {}, 'color': [1.0, 1.0, 1.0, 1.0], 'style': [], 'adjust_top': 0, 'adjust_bottom': 0, 'adjust_left': 0, 'adjust_right': 0, 'expire': None, 'key': None, 'widget': None, 'events_when_added': [], 'events_when_removed': [], 'bitmap_font': False, 'font_kerning': True, 'bold': False, 'italic': False, 'number_grouping': False, 'min_digits': 0, 'halign': 'center', 'valign': 'middle', 'rotation': 0, 'scale': 1.0, 'casing': None, 'animations': None}], 'target': None, 'background_color': [0.0, 0.0, 0.0, 1.0], 'priority': None, 'show': True, 'force': False, 'expire': None, 'slide': None, 'tokens': {}, 'action': 'play'}}, 'context': 'base', 'calling_context': 'mode_base_started', 'priority': 100, 'queue': '<QueuedEvent>', 'player': 1, 'ball': 2, 'balls_remaining': 3, 'is_extra_ball': False}
2020-10-04 09:55:02,393 : mpfmc : SlidePlayer: Play called with settings={'widgets': {'widgets': [{'type': 'text', 'text': '(score)', 'number_grouping': True, 'min_digits': 2, 'font_size': 100, '_default_settings': ['type', 'text', 'number_grouping', 'min_digits', 'font_size'], 'x': None, 'y': None, 'anchor_x': 'center', 'anchor_y': 'center', 'round_anchor_x': None, 'round_anchor_y': None, 'opacity': 1.0, 'z': 0, 'reset_animations_events': {}, 'color': [1.0, 1.0, 1.0, 1.0], 'style': [], 'adjust_top': 0, 'adjust_bottom': 0, 'adjust_left': 0, 'adjust_right': 0, 'expire': None, 'key': None, 'widget': None, 'events_when_added': [], 'events_when_removed': [], 'bitmap_font': False, 'font_kerning': True, 'bold': False, 'italic': False, 'halign': 'center', 'valign': 'middle', 'rotation': 0, 'scale': 1.0, 'casing': None, 'animations': None}, {'type': 'text', 'text': 'Player (player)', 'y': '10', 'x': '10', 'font_size': 30, 'anchor_x': 'left', 'anchor_y': 'bottom', '_default_settings': ['type', 'text', 'y', 'x', 'font_size', 'anchor_x', 'anchor_y'], 'round_anchor_x': None, 'round_anchor_y': None, 'opacity': 1.0, 'z': 0, 'reset_animations_events': {}, 'color': [1.0, 1.0, 1.0, 1.0], 'style': [], 'adjust_top': 0, 'adjust_bottom': 0, 'adjust_left': 0, 'adjust_right': 0, 'expire': None, 'key': None, 'widget': None, 'events_when_added': [], 'events_when_removed': [], 'bitmap_font': False, 'font_kerning': True, 'bold': False, 'italic': False, 'number_grouping': False, 'min_digits': 0, 'halign': 'center', 'valign': 'middle', 'rotation': 0, 'scale': 1.0, 'casing': None, 'animations': None}, {'type': 'text', 'text': 'BALL (ball) (bonus_multiplier)', 'y': '10', 'x': 'right-10', 'anchor_x': 'right', 'anchor_y': 'bottom', 'font_size': 50, '_default_settings': ['type', 'text', 'y', 'x', 'anchor_x', 'anchor_y', 'font_size'], 'round_anchor_x': None, 'round_anchor_y': None, 'opacity': 1.0, 'z': 0, 'reset_animations_events': {}, 'color': [1.0, 1.0, 1.0, 1.0], 'style': [], 'adjust_top': 0, 'adjust_bottom': 0, 'adjust_left': 0, 'adjust_right': 0, 'expire': None, 'key': None, 'widget': None, 'events_when_added': [], 'events_when_removed': [], 'bitmap_font': False, 'font_kerning': True, 'bold': False, 'italic': False, 'number_grouping': False, 'min_digits': 0, 'halign': 'center', 'valign': 'middle', 'rotation': 0, 'scale': 1.0, 'casing': None, 'animations': None}], 'target': None, 'background_color': [0.0, 0.0, 0.0, 1.0], 'priority': None, 'show': True, 'force': False, 'expire': None, 'slide': None, 'tokens': {}, 'action': 'play'}}
2020-10-04 09:55:02,405 : EventManager : Event: ======'slide_base.slide_player-mode_base_started_created'====== Args={}
2020-10-04 09:55:02,409 : EventManager : Event: ======'slide_base.slide_player-mode_base_started_active'====== Args={}
2020-10-04 09:55:02,509 : EventManager : Event: ======'widgets_play'====== Args={'settings': {'soul_lanes_banner': {'priority': 0, 'slide': None, 'action': 'add', 'key': None, 'target': None}}, 'context': 'soulLanes', 'calling_context': 'mode_soulLanes_started', 'priority': 110, 'player': 1, 'ball': 2, 'balls_remaining': 3, 'is_extra_ball': False}
2020-10-04 09:55:04,513 : EventManager : Event: ======'machine_var_audits_switches_s_soul_S'====== Args={'value': 226, 'prev_value': 225, 'change': 1}
2020-10-04 09:55:04,526 : EventManager : Event: ======'player_shot_soul_S'====== Args={'value': 1, 'prev_value': 0, 'change': 1, 'player_num': 1}
2020-10-04 09:55:04,526 : EventManager : Event: ======'machine_var_audits_shots_soul_S'====== Args={'value': 226, 'prev_value': 225, 'change': 1}
2020-10-04 09:55:04,527 : EventManager : Event: ======'player_score'====== Args={'value': 220, 'prev_value': 210, 'change': 10, 'player_num': 1}
2020-10-04 09:55:05,082 : EventManager : Event: ======'machine_var_audits_switches_s_soul_O'====== Args={'value': 202, 'prev_value': 201, 'change': 1}
2020-10-04 09:55:05,083 : EventManager : Event: ======'player_shot_soul_O'====== Args={'value': 1, 'prev_value': 0, 'change': 1, 'player_num': 1}
2020-10-04 09:55:05,083 : EventManager : Event: ======'machine_var_audits_shots_soul_O'====== Args={'value': 197, 'prev_value': 196, 'change': 1}
2020-10-04 09:55:05,083 : EventManager : Event: ======'player_score'====== Args={'value': 230, 'prev_value': 220, 'change': 10, 'player_num': 1}
2020-10-04 09:55:05,567 : EventManager : Event: ======'machine_var_audits_switches_s_soul_U'====== Args={'value': 193, 'prev_value': 192, 'change': 1}
2020-10-04 09:55:05,567 : EventManager : Event: ======'player_shot_soul_U'====== Args={'value': 1, 'prev_value': 0, 'change': 1, 'player_num': 1}
2020-10-04 09:55:05,567 : EventManager : Event: ======'machine_var_audits_shots_soul_U'====== Args={'value': 193, 'prev_value': 192, 'change': 1}
2020-10-04 09:55:05,568 : EventManager : Event: ======'player_score'====== Args={'value': 240, 'prev_value': 230, 'change': 10, 'player_num': 1}
2020-10-04 09:55:06,132 : EventManager : Event: ======'machine_var_audits_switches_s_soul_L'====== Args={'value': 192, 'prev_value': 191, 'change': 1}
2020-10-04 09:55:06,132 : EventManager : Event: ======'player_shot_soul_L'====== Args={'value': 1, 'prev_value': 0, 'change': 1, 'player_num': 1}
2020-10-04 09:55:06,133 : EventManager : Event: ======'machine_var_audits_shots_soul_L'====== Args={'value': 191, 'prev_value': 190, 'change': 1}
2020-10-04 09:55:06,133 : EventManager : Event: ======'player_score'====== Args={'value': 250, 'prev_value': 240, 'change': 10, 'player_num': 1}
2020-10-04 09:55:06,153 : EventManager : Event: ======'player_bonus_multiplier'====== Args={'value': 5, 'prev_value': 4, 'change': 1, 'player_num': 1}
2020-10-04 09:55:06,708 : EventManager : Event: ======'machine_var_audits_switches_s_soul_S'====== Args={'value': 227, 'prev_value': 226, 'change': 1}
2020-10-04 09:55:06,708 : EventManager : Event: ======'machine_var_audits_shots_soul_S'====== Args={'value': 227, 'prev_value': 226, 'change': 1}
2020-10-04 09:55:06,709 : EventManager : Event: ======'player_score'====== Args={'value': 260, 'prev_value': 250, 'change': 10, 'player_num': 1}
2020-10-04 09:55:07,090 : EventManager : Event: ======'machine_var_audits_switches_s_soul_O'====== Args={'value': 203, 'prev_value': 202, 'change': 1}
2020-10-04 09:55:07,090 : EventManager : Event: ======'machine_var_audits_shots_soul_O'====== Args={'value': 198, 'prev_value': 197, 'change': 1}
2020-10-04 09:55:07,090 : EventManager : Event: ======'player_score'====== Args={'value': 270, 'prev_value': 260, 'change': 10, 'player_num': 1}
2020-10-04 09:55:07,145 : EventManager : Event: ======'player_shot_soul_S'====== Args={'value': 0, 'prev_value': 1, 'change': -1, 'player_num': 1}
2020-10-04 09:55:07,145 : EventManager : Event: ======'player_shot_soul_O'====== Args={'value': 0, 'prev_value': 1, 'change': -1, 'player_num': 1}
2020-10-04 09:55:07,145 : EventManager : Event: ======'player_shot_soul_U'====== Args={'value': 0, 'prev_value': 1, 'change': -1, 'player_num': 1}
2020-10-04 09:55:07,145 : EventManager : Event: ======'player_shot_soul_L'====== Args={'value': 0, 'prev_value': 1, 'change': -1, 'player_num': 1}
2020-10-04 09:55:07,496 : EventManager : Event: ======'machine_var_audits_switches_s_soul_U'====== Args={'value': 194, 'prev_value': 193, 'change': 1}
2020-10-04 09:55:07,496 : EventManager : Event: ======'player_shot_soul_U'====== Args={'value': 1, 'prev_value': 0, 'change': 1, 'player_num': 1}
2020-10-04 09:55:07,496 : EventManager : Event: ======'machine_var_audits_shots_soul_U'====== Args={'value': 194, 'prev_value': 193, 'change': 1}
2020-10-04 09:55:07,497 : EventManager : Event: ======'player_score'====== Args={'value': 280, 'prev_value': 270, 'change': 10, 'player_num': 1}
2020-10-04 09:55:07,918 : EventManager : Event: ======'machine_var_audits_switches_s_soul_L'====== Args={'value': 193, 'prev_value': 192, 'change': 1}
2020-10-04 09:55:07,919 : EventManager : Event: ======'player_shot_soul_L'====== Args={'value': 1, 'prev_value': 0, 'change': 1, 'player_num': 1}
2020-10-04 09:55:07,919 : EventManager : Event: ======'machine_var_audits_shots_soul_L'====== Args={'value': 192, 'prev_value': 191, 'change': 1}
2020-10-04 09:55:07,920 : EventManager : Event: ======'player_score'====== Args={'value': 290, 'prev_value': 280, 'change': 10, 'player_num': 1}
2020-10-04 09:55:08,780 : EventManager : Event: ======'machine_var_audits_switches_s_soul_S'====== Args={'value': 228, 'prev_value': 227, 'change': 1}
2020-10-04 09:55:08,780 : EventManager : Event: ======'player_shot_soul_S'====== Args={'value': 1, 'prev_value': 0, 'change': 1, 'player_num': 1}
2020-10-04 09:55:08,780 : EventManager : Event: ======'machine_var_audits_shots_soul_S'====== Args={'value': 228, 'prev_value': 227, 'change': 1}
2020-10-04 09:55:08,780 : EventManager : Event: ======'player_score'====== Args={'value': 300, 'prev_value': 290, 'change': 10, 'player_num': 1}
2020-10-04 09:55:09,323 : EventManager : Event: ======'machine_var_audits_switches_s_soul_O'====== Args={'value': 204, 'prev_value': 203, 'change': 1}
2020-10-04 09:55:09,323 : EventManager : Event: ======'player_shot_soul_O'====== Args={'value': 1, 'prev_value': 0, 'change': 1, 'player_num': 1}
2020-10-04 09:55:09,323 : EventManager : Event: ======'machine_var_audits_shots_soul_O'====== Args={'value': 199, 'prev_value': 198, 'change': 1}
2020-10-04 09:55:09,324 : EventManager : Event: ======'player_score'====== Args={'value': 310, 'prev_value': 300, 'change': 10, 'player_num': 1}
2020-10-04 09:55:09,346 : EventManager : Event: ======'player_bonus_multiplier'====== Args={'value': 6, 'prev_value': 5, 'change': 1, 'player_num': 1}
2020-10-04 09:55:09,921 : EventManager : Event: ======'machine_var_audits_switches_s_soul_U'====== Args={'value': 195, 'prev_value': 194, 'change': 1}
2020-10-04 09:55:09,921 : EventManager : Event: ======'machine_var_audits_shots_soul_U'====== Args={'value': 195, 'prev_value': 194, 'change': 1}
2020-10-04 09:55:09,921 : EventManager : Event: ======'player_score'====== Args={'value': 320, 'prev_value': 310, 'change': 10, 'player_num': 1}
2020-10-04 09:55:10,310 : EventManager : Event: ======'machine_var_audits_switches_s_soul_L'====== Args={'value': 194, 'prev_value': 193, 'change': 1}
2020-10-04 09:55:10,310 : EventManager : Event: ======'machine_var_audits_shots_soul_L'====== Args={'value': 193, 'prev_value': 192, 'change': 1}
2020-10-04 09:55:10,311 : EventManager : Event: ======'player_score'====== Args={'value': 330, 'prev_value': 320, 'change': 10, 'player_num': 1}
2020-10-04 09:55:10,346 : EventManager : Event: ======'player_shot_soul_S'====== Args={'value': 0, 'prev_value': 1, 'change': -1, 'player_num': 1}
2020-10-04 09:55:10,346 : EventManager : Event: ======'player_shot_soul_O'====== Args={'value': 0, 'prev_value': 1, 'change': -1, 'player_num': 1}
2020-10-04 09:55:10,346 : EventManager : Event: ======'player_shot_soul_U'====== Args={'value': 0, 'prev_value': 1, 'change': -1, 'player_num': 1}
2020-10-04 09:55:10,346 : EventManager : Event: ======'player_shot_soul_L'====== Args={'value': 0, 'prev_value': 1, 'change': -1, 'player_num': 1}
2020-10-04 09:55:11,357 : kivy : Base: Leaving application in progress...
2020-10-04 09:55:11,680 : kivy : WindowSDL: exiting mainloop and closing.
2020-10-04 09:55:11,712 : mpfmc : Stopping...
2020-10-04 09:55:11,712 : EventManager : Event: ======'shutdown'====== Args={}
2020-10-04 09:55:11,712 : mpfmc : Loop rate 59.29 Hz
2020-10-04 09:55:11,712 : kivy : MC run loop ended.
2020-10-04 09:55:11,712 : kivy : Stopping child threads... (3 remaining)
2020-10-04 09:55:12,133 : mpfmc : Stopping...
2020-10-04 09:55:12,133 : EventManager : Event: ======'shutdown'====== Args={}
2020-10-04 09:55:12,133 : mpfmc : Loop rate 58.75 Hz
2020-10-04 09:55:12,149 : MPF-MC BCP Server : Stopping BCP sending thread
2020-10-04 09:55:12,165 : kivy : All child threads stopped.
