2020-10-04 07:57:16,203 : kivy : Factory: 184 symbols loaded
2020-10-04 07:57:16,627 : kivy : ImageLoaderFFPy: Using ffpyplayer 4.3.1
2020-10-04 07:57:16,629 : kivy : Image: Providers: img_tex, img_dds, img_sdl2, img_pil, img_ffpyplayer, img_gif 
2020-10-04 07:57:16,726 : kivy : VideoGstplayer: Using Gstreamer 1.16.0.0
2020-10-04 07:57:16,727 : kivy : Video: Provider: gstplayer
2020-10-04 07:57:16,861 : kivy : Loading MPF-MC controller
2020-10-04 07:57:16,870 : YamlMultifileConfigLoader : Machine config file #1: config
2020-10-04 07:57:16,871 : ConfigProcessor : Config file in cache changed: c:\Pinball\Cuphead\config\config
2020-10-04 07:57:16,873 : ConfigProcessor : Loading config from file c:\users\themi\appdata\local\programs\python\python36\lib\site-packages\mpfmc\mcconfig.yaml.
2020-10-04 07:57:16,950 : ConfigProcessor : Loading config: c:\users\themi\appdata\local\programs\python\python36\lib\site-packages\mpfmc\mcconfig.yaml
2020-10-04 07:57:16,951 : ConfigProcessor : Loading config from file c:\Pinball\Cuphead\config\config.
2020-10-04 07:57:16,970 : ConfigProcessor : Loading config: c:\Pinball\Cuphead\config\config
2020-10-04 07:57:16,983 : ConfigProcessor : Loading config: c:\Pinball\Cuphead\config\keyboard.yaml
2020-10-04 07:57:17,024 : ConfigProcessor : Loading config: c:\Pinball\Cuphead\config\hwSwitches.yaml
2020-10-04 07:57:17,116 : ConfigProcessor : Loading config: c:\Pinball\Cuphead\config\hwLights.yaml
2020-10-04 07:57:17,142 : ConfigProcessor : Loading config: c:\Pinball\Cuphead\config\hwCoils.yaml
2020-10-04 07:57:17,147 : ConfigProcessor : Config file cache created: C:\Users\themi\AppData\Local\Temp\1bf5539849bfae2fda5beb863cde560d.mpf_cache
2020-10-04 07:57:17,148 : ConfigProcessor : Loading config from cache: C:\Users\themi\AppData\Local\Temp\7964e52b22911e9b68a8022172b185f3.mpf_cache
2020-10-04 07:57:17,149 : ConfigProcessor : Loading config from cache: C:\Users\themi\AppData\Local\Temp\4fcecb70f81c3c2fefb8e65ae9a0af5f.mpf_cache
2020-10-04 07:57:17,150 : ConfigProcessor : Loading config from cache: C:\Users\themi\AppData\Local\Temp\b2a05f27b99f0404929b6678617f21a2.mpf_cache
2020-10-04 07:57:17,151 : ConfigProcessor : Loading config from cache: C:\Users\themi\AppData\Local\Temp\ee661b7bde9ac1aee26ef2e16bd36711.mpf_cache
2020-10-04 07:57:17,152 : mpfmc : Mission Pinball Framework Media Controller v0.54.0-dev.20
2020-10-04 07:57:17,152 : mpfmc : Mission Pinball Framework Game Engine v0.54.0-dev.72
2020-10-04 07:57:17,153 : mpfmc : Machine path: c:\Pinball\Cuphead
2020-10-04 07:57:17,153 : mpfmc : Starting clock at 60.0Hz
2020-10-04 07:57:17,182 : kivy : Text: Provider: sdl2
2020-10-04 07:57:17,252 : kivy : Window: Provider: sdl2
2020-10-04 07:57:17,837 : kivy : GL: Using the "OpenGL" graphics system
2020-10-04 07:57:17,840 : kivy : GL: GLEW initialization succeeded
2020-10-04 07:57:17,840 : kivy : GL: Backend used <glew>
2020-10-04 07:57:17,843 : kivy : GL: OpenGL version <b'4.5.14568 Compatibility Profile Context 24.20.12050.0'>
2020-10-04 07:57:17,843 : kivy : GL: OpenGL vendor <b'ATI Technologies Inc.'>
2020-10-04 07:57:17,843 : kivy : GL: OpenGL renderer <b'AMD Radeon(TM) R4 Graphics'>
2020-10-04 07:57:17,844 : kivy : GL: OpenGL parsed version: 4, 5
2020-10-04 07:57:17,844 : kivy : GL: Shading version <b'4.50'>
2020-10-04 07:57:17,844 : kivy : GL: Texture max size <16384>
2020-10-04 07:57:17,844 : kivy : GL: Texture max units <32>
2020-10-04 07:57:17,888 : kivy : Window: auto add sdl2 input provider
2020-10-04 07:57:17,889 : kivy : Window: virtual keyboard not allowed, single mode, not docked
2020-10-04 07:57:17,903 : SoundSystem : SoundSystem: Using default 'sound_system' settings
2020-10-04 07:57:18,567 : AudioInterface : Initialized
2020-10-04 07:57:18,568 : SoundSystem : No audio tracks are specified in your machine config file. a track named 'default' has been created.
2020-10-04 07:57:18,574 : kivy : Base: Start application main loop
2020-10-04 07:57:18,575 : EventManager : Event: ======'display_window_initialized'====== Args={}
2020-10-04 07:57:18,623 : mpfmc : Display: Setting 'window' as default display
2020-10-04 07:57:18,639 : EventManager : Event: ======'displays_initialized'====== Args={}
2020-10-04 07:57:18,641 : EventManager : Event: ======'slide_window_blank_created'====== Args={}
2020-10-04 07:57:18,642 : EventManager : Event: ======'display_window_ready'====== Args={}
2020-10-04 07:57:18,664 : EventManager : Event: ======'init_phase_1'====== Args={}
2020-10-04 07:57:18,674 : EventManager : Event: ======'mc_ready'====== Args={}
2020-10-04 07:57:18,674 : EventManager : Event: ======'init_phase_2'====== Args={}
2020-10-04 07:57:18,679 : EventManager : Event: ======'init_phase_3'====== Args={}
2020-10-04 07:57:18,682 : AssetManager : Registering Asset: cupHighScore, File: cupHighScore.ogg, Default Group: default, Final Config: {'load': 'preload', 'file': 'c:\\Pinball\\Cuphead\\modes\\base\\sounds\\music\\cupHighScore.ogg'}
2020-10-04 07:57:18,683 : AssetManager : Registering Asset: cupMusic1, File: cupMusic1.ogg, Default Group: default, Final Config: {'load': 'preload', 'target': 'music', 'loop': -1, 'mode_end_action': 'stop', 'file': 'c:\\Pinball\\Cuphead\\modes\\base\\sounds\\music\\cupMusic1.ogg'}
2020-10-04 07:57:18,683 : AssetManager : Registering Asset: cupMusic2, File: cupMusic2.ogg, Default Group: default, Final Config: {'load': 'preload', 'target': 'music', 'loop': -1, 'mode_end_action': 'stop', 'file': 'c:\\Pinball\\Cuphead\\modes\\base\\sounds\\music\\cupMusic2.ogg'}
2020-10-04 07:57:18,683 : AssetManager : Registering Asset: cupMusic3, File: cupMusic3.ogg, Default Group: default, Final Config: {'load': 'preload', 'target': 'music', 'loop': -1, 'mode_end_action': 'stop', 'file': 'c:\\Pinball\\Cuphead\\modes\\base\\sounds\\music\\cupMusic3.ogg'}
2020-10-04 07:57:18,683 : AssetManager : Registering Asset: cupMusic4, File: cupMusic4.ogg, Default Group: default, Final Config: {'load': 'preload', 'target': 'music', 'loop': -1, 'mode_end_action': 'stop', 'file': 'c:\\Pinball\\Cuphead\\modes\\base\\sounds\\music\\cupMusic4.ogg'}
2020-10-04 07:57:18,683 : AssetManager : Registering Asset: cupMusic5, File: cupMusic5.ogg, Default Group: default, Final Config: {'load': 'preload', 'file': 'c:\\Pinball\\Cuphead\\modes\\base\\sounds\\music\\cupMusic5.ogg'}
2020-10-04 07:57:18,683 : AssetManager : Registering Asset: cupMusic6, File: cupMusic6.ogg, Default Group: default, Final Config: {'load': 'preload', 'file': 'c:\\Pinball\\Cuphead\\modes\\base\\sounds\\music\\cupMusic6.ogg'}
2020-10-04 07:57:18,683 : AssetManager : Registering Asset: cupMusic7, File: cupMusic7.ogg, Default Group: default, Final Config: {'load': 'preload', 'file': 'c:\\Pinball\\Cuphead\\modes\\base\\sounds\\music\\cupMusic7.ogg'}
2020-10-04 07:57:18,684 : AssetManager : Registering Asset: cupMusic8, File: cupMusic8.ogg, Default Group: default, Final Config: {'load': 'preload', 'file': 'c:\\Pinball\\Cuphead\\modes\\base\\sounds\\music\\cupMusic8.ogg'}
2020-10-04 07:57:18,684 : AssetManager : Registering Asset: cupMusic9, File: cupMusic9.ogg, Default Group: default, Final Config: {'load': 'preload', 'file': 'c:\\Pinball\\Cuphead\\modes\\base\\sounds\\music\\cupMusic9.ogg'}
2020-10-04 07:57:18,684 : AssetManager : Registering Asset: game_play_1, File: game_play_1.ogg, Default Group: default, Final Config: {'load': 'preload', 'file': 'c:\\Pinball\\Cuphead\\modes\\base\\sounds\\music\\game_play_1.ogg'}
2020-10-04 07:57:18,687 : AssetManager : Registering Asset: attract_music, File: attract_music.ogg, Default Group: default, Final Config: {'load': 'preload', 'file': 'c:\\Pinball\\Cuphead\\modes\\attract\\sounds\\music\\attract_music.ogg'}
2020-10-04 07:57:18,688 : EventManager : Event: ======'init_phase_4'====== Args={}
2020-10-04 07:57:18,688 : EventManager : Event: ======'init_phase_5'====== Args={}
2020-10-04 07:57:21,870 : EventManager : Event: ======'loading_assets'====== Args={'total': 12, 'loaded': 1, 'remaining': 11, 'percent': 8}
2020-10-04 07:57:21,870 : AssetManager : Loading assets: 1/12 (8%)
2020-10-04 07:57:23,140 : EventManager : Event: ======'loading_assets'====== Args={'total': 12, 'loaded': 5, 'remaining': 7, 'percent': 42}
2020-10-04 07:57:23,140 : AssetManager : Loading assets: 5/12 (42%)
2020-10-04 07:57:24,805 : EventManager : Event: ======'loading_assets'====== Args={'total': 12, 'loaded': 7, 'remaining': 5, 'percent': 58}
2020-10-04 07:57:24,805 : AssetManager : Loading assets: 7/12 (58%)
2020-10-04 07:57:26,242 : EventManager : Event: ======'loading_assets'====== Args={'total': 12, 'loaded': 9, 'remaining': 3, 'percent': 75}
2020-10-04 07:57:26,243 : AssetManager : Loading assets: 9/12 (75%)
2020-10-04 07:57:28,083 : EventManager : Event: ======'loading_assets'====== Args={'total': 12, 'loaded': 11, 'remaining': 1, 'percent': 92}
2020-10-04 07:57:28,083 : AssetManager : Loading assets: 11/12 (92%)
2020-10-04 07:57:28,083 : EventManager : Event: ======'loading_assets'====== Args={'total': 12, 'loaded': 12, 'remaining': 0, 'percent': 100}
2020-10-04 07:57:28,083 : AssetManager : Asset loading took: 9.51340913772583
2020-10-04 07:57:28,084 : EventManager : Event: ======'asset_loading_complete'====== Args={}
2020-10-04 07:57:28,084 : AssetManager : Loading assets: 12/12 (100%)
2020-10-04 07:57:28,084 : EventManager : Event: ======'init_done'====== Args={}
2020-10-04 07:57:28,084 : MPF-MC BCP Server : Starting up on localhost port 5050
2020-10-04 07:57:28,093 : MPF-MC BCP Server : Waiting for a connection...
2020-10-04 07:57:28,093 : mpfmc : SlidePlayer: Play called with settings={'slides': {welcome_slide-None-None: {'priority': None, 'target': None, 'background_color': [0.0, 0.0, 0.0, 1.0], 'show': True, 'force': False, 'expire': None, 'slide': None, 'tokens': {}, 'action': 'play', 'transition': None, 'transition_out': None}}}
2020-10-04 07:57:28,102 : kivy : GL: NPOT texture support is available
2020-10-04 07:57:28,103 : EventManager : Event: ======'slide_welcome_slide_created'====== Args={}
2020-10-04 07:57:28,105 : EventManager : Event: ======'slide_welcome_slide_active'====== Args={}
2020-10-04 07:57:28,113 : EventManager : Event: ======'client_disconnected'====== Args={'host': '127.0.0.1', 'port': 5050}
2020-10-04 07:57:28,416 : MPF-MC BCP Server : Received connection from: 127.0.0.1:50725
2020-10-04 07:57:28,425 : EventManager : Event: ======'client_connected'====== Args={'host': '127.0.0.1', 'port': 50725}
2020-10-04 07:57:28,439 : EventManager : Event: ======'machine_var_credits_string'====== Args={'value': 'FREE PLAY', 'prev_value': None, 'change': True}
2020-10-04 07:57:28,439 : EventManager : Event: ======'machine_var_player1_score'====== Args={'value': 8110, 'prev_value': None, 'change': True}
2020-10-04 07:57:28,439 : EventManager : Event: ======'machine_var_mpf_version'====== Args={'value': 'MPF v0.54.0-dev.72', 'prev_value': None, 'change': True}
2020-10-04 07:57:28,439 : EventManager : Event: ======'machine_var_mpf_extended_version'====== Args={'value': 'MPF v0.54.0-dev.72, Config version:5, Show version: 5, BCP version:1.1', 'prev_value': None, 'change': True}
2020-10-04 07:57:28,440 : EventManager : Event: ======'machine_var_python_version'====== Args={'value': '3.6.4', 'prev_value': None, 'change': True}
2020-10-04 07:57:28,440 : EventManager : Event: ======'machine_var_platform'====== Args={'value': 'Windows-10-10.0.18362-SP0', 'prev_value': None, 'change': True}
2020-10-04 07:57:28,441 : EventManager : Event: ======'machine_var_platform_system'====== Args={'value': 'Windows', 'prev_value': None, 'change': True}
2020-10-04 07:57:28,442 : EventManager : Event: ======'machine_var_platform_release'====== Args={'value': '10', 'prev_value': None, 'change': True}
2020-10-04 07:57:28,443 : EventManager : Event: ======'machine_var_platform_version'====== Args={'value': '10.0.18362', 'prev_value': None, 'change': True}
2020-10-04 07:57:28,443 : EventManager : Event: ======'machine_var_platform_machine'====== Args={'value': 'AMD64', 'prev_value': None, 'change': True}
2020-10-04 07:57:28,443 : EventManager : Event: ======'machine_var_mc_version'====== Args={'value': 'MPF-MC v0.54.0-dev.20', 'prev_value': None, 'change': True}
2020-10-04 07:57:28,443 : EventManager : Event: ======'machine_var_mc_extended_version'====== Args={'value': 'MPF-MC v0.54.0-dev.20 (config_version=5, BCP v1.1, Requires MPF v0.54.0-dev.68)', 'prev_value': None, 'change': True}
2020-10-04 07:57:28,443 : EventManager : Event: ======'machine_var_master_volume'====== Args={'value': 0.5, 'prev_value': None, 'change': True}
2020-10-04 07:57:28,523 : EventManager : Event: ======'machine_var_audits_events_game_ended'====== Args={'value': 21, 'prev_value': None, 'change': True}
2020-10-04 07:57:28,523 : EventManager : Event: ======'machine_var_audits_events_game_started'====== Args={'value': 40, 'prev_value': None, 'change': True}
2020-10-04 07:57:28,524 : EventManager : Event: ======'machine_var_audits_player_score'====== Args={'value': {'average': 530.4761904761905, 'top': [2970, 1300, 1220, 980, 880, 780, 720, 710, 630, 590], 'total': 21}, 'prev_value': None, 'change': True}
2020-10-04 07:57:28,525 : EventManager : Event: ======'machine_var_audits_shots_soul_L'====== Args={'value': 60, 'prev_value': None, 'change': True}
2020-10-04 07:57:28,525 : EventManager : Event: ======'machine_var_audits_shots_soul_O'====== Args={'value': 65, 'prev_value': None, 'change': True}
2020-10-04 07:57:28,535 : EventManager : Event: ======'machine_var_audits_shots_soul_S'====== Args={'value': 75, 'prev_value': None, 'change': True}
2020-10-04 07:57:28,535 : EventManager : Event: ======'machine_var_audits_shots_soul_U'====== Args={'value': 65, 'prev_value': None, 'change': True}
2020-10-04 07:57:28,536 : EventManager : Event: ======'machine_var_audits_switches_s_coin'====== Args={'value': 20, 'prev_value': None, 'change': True}
2020-10-04 07:57:28,537 : EventManager : Event: ======'machine_var_audits_switches_s_dash_L'====== Args={'value': 0, 'prev_value': None, 'change': True}
2020-10-04 07:57:28,537 : EventManager : Event: ======'machine_var_audits_switches_s_dash_R'====== Args={'value': 0, 'prev_value': None, 'change': True}
2020-10-04 07:57:28,538 : EventManager : Event: ======'machine_var_audits_switches_s_dtSling_L'====== Args={'value': 0, 'prev_value': None, 'change': True}
2020-10-04 07:57:28,538 : EventManager : Event: ======'machine_var_audits_switches_s_dtSling_R'====== Args={'value': 0, 'prev_value': None, 'change': True}
2020-10-04 07:57:28,539 : EventManager : Event: ======'machine_var_audits_switches_s_dt_C'====== Args={'value': 72, 'prev_value': None, 'change': True}
2020-10-04 07:57:28,540 : EventManager : Event: ======'machine_var_audits_switches_s_dt_G'====== Args={'value': 21, 'prev_value': None, 'change': True}
2020-10-04 07:57:28,540 : EventManager : Event: ======'machine_var_audits_switches_s_dt_M'====== Args={'value': 19, 'prev_value': None, 'change': True}
2020-10-04 07:57:28,540 : EventManager : Event: ======'machine_var_audits_switches_s_dt_P'====== Args={'value': 55, 'prev_value': None, 'change': True}
2020-10-04 07:57:28,541 : EventManager : Event: ======'machine_var_audits_switches_s_dt_U'====== Args={'value': 63, 'prev_value': None, 'change': True}
2020-10-04 07:57:28,541 : EventManager : Event: ======'machine_var_audits_switches_s_dt_U2'====== Args={'value': 19, 'prev_value': None, 'change': True}
2020-10-04 07:57:28,544 : EventManager : Event: ======'machine_var_audits_switches_s_exit_shooter_lane'====== Args={'value': 348, 'prev_value': None, 'change': True}
2020-10-04 07:57:28,545 : EventManager : Event: ======'machine_var_audits_switches_s_inLane_L'====== Args={'value': 0, 'prev_value': None, 'change': True}
2020-10-04 07:57:28,545 : EventManager : Event: ======'machine_var_audits_switches_s_inLane_R'====== Args={'value': 0, 'prev_value': None, 'change': True}
2020-10-04 07:57:28,545 : EventManager : Event: ======'machine_var_audits_switches_s_kicker'====== Args={'value': 0, 'prev_value': None, 'change': True}
2020-10-04 07:57:28,545 : EventManager : Event: ======'machine_var_audits_switches_s_left_flipper'====== Args={'value': 151, 'prev_value': None, 'change': True}
2020-10-04 07:57:28,546 : EventManager : Event: ======'machine_var_audits_switches_s_midRight'====== Args={'value': 0, 'prev_value': None, 'change': True}
2020-10-04 07:57:28,546 : EventManager : Event: ======'machine_var_audits_switches_s_outLane_L'====== Args={'value': 0, 'prev_value': None, 'change': True}
2020-10-04 07:57:28,547 : EventManager : Event: ======'machine_var_audits_switches_s_outLane_R'====== Args={'value': 0, 'prev_value': None, 'change': True}
2020-10-04 07:57:28,547 : EventManager : Event: ======'machine_var_audits_switches_s_perdition'====== Args={'value': 0, 'prev_value': None, 'change': True}
2020-10-04 07:57:28,547 : EventManager : Event: ======'machine_var_audits_switches_s_playfield'====== Args={'value': 0, 'prev_value': None, 'change': True}
2020-10-04 07:57:28,548 : EventManager : Event: ======'machine_var_audits_switches_s_plunger'====== Args={'value': 536, 'prev_value': None, 'change': True}
2020-10-04 07:57:28,548 : EventManager : Event: ======'machine_var_audits_switches_s_popBumper_1'====== Args={'value': 463, 'prev_value': None, 'change': True}
2020-10-04 07:57:28,549 : EventManager : Event: ======'machine_var_audits_switches_s_popBumper_2'====== Args={'value': 438, 'prev_value': None, 'change': True}
2020-10-04 07:57:28,549 : EventManager : Event: ======'machine_var_audits_switches_s_popBumper_3'====== Args={'value': 162, 'prev_value': None, 'change': True}
2020-10-04 07:57:28,549 : EventManager : Event: ======'machine_var_audits_switches_s_pop_bumper1'====== Args={'value': 120, 'prev_value': None, 'change': True}
2020-10-04 07:57:28,550 : EventManager : Event: ======'machine_var_audits_switches_s_pop_bumper2'====== Args={'value': 153, 'prev_value': None, 'change': True}
2020-10-04 07:57:28,550 : EventManager : Event: ======'machine_var_audits_switches_s_pop_bumper3'====== Args={'value': 100, 'prev_value': None, 'change': True}
2020-10-04 07:57:28,551 : EventManager : Event: ======'machine_var_audits_switches_s_right_flipper'====== Args={'value': 216, 'prev_value': None, 'change': True}
2020-10-04 07:57:28,553 : EventManager : Event: ======'machine_var_audits_switches_s_sling_L'====== Args={'value': 0, 'prev_value': None, 'change': True}
2020-10-04 07:57:28,553 : EventManager : Event: ======'machine_var_audits_switches_s_sling_R'====== Args={'value': 0, 'prev_value': None, 'change': True}
2020-10-04 07:57:28,554 : EventManager : Event: ======'machine_var_audits_switches_s_soul_L'====== Args={'value': 61, 'prev_value': None, 'change': True}
2020-10-04 07:57:28,566 : EventManager : Event: ======'machine_var_audits_switches_s_soul_O'====== Args={'value': 70, 'prev_value': None, 'change': True}
2020-10-04 07:57:28,566 : EventManager : Event: ======'machine_var_audits_switches_s_soul_S'====== Args={'value': 75, 'prev_value': None, 'change': True}
2020-10-04 07:57:28,566 : EventManager : Event: ======'machine_var_audits_switches_s_soul_U'====== Args={'value': 65, 'prev_value': None, 'change': True}
2020-10-04 07:57:28,567 : EventManager : Event: ======'machine_var_audits_switches_s_standUp_1'====== Args={'value': 0, 'prev_value': None, 'change': True}
2020-10-04 07:57:28,567 : EventManager : Event: ======'machine_var_audits_switches_s_standUp_2'====== Args={'value': 0, 'prev_value': None, 'change': True}
2020-10-04 07:57:28,567 : EventManager : Event: ======'machine_var_audits_switches_s_standUp_3'====== Args={'value': 0, 'prev_value': None, 'change': True}
2020-10-04 07:57:28,568 : EventManager : Event: ======'machine_var_audits_switches_s_standUp_R'====== Args={'value': 0, 'prev_value': None, 'change': True}
2020-10-04 07:57:28,568 : EventManager : Event: ======'machine_var_audits_switches_s_star_1'====== Args={'value': 0, 'prev_value': None, 'change': True}
2020-10-04 07:57:28,568 : EventManager : Event: ======'machine_var_audits_switches_s_star_2'====== Args={'value': 0, 'prev_value': None, 'change': True}
2020-10-04 07:57:28,569 : EventManager : Event: ======'machine_var_audits_switches_s_star_3'====== Args={'value': 0, 'prev_value': None, 'change': True}
2020-10-04 07:57:28,569 : EventManager : Event: ======'machine_var_audits_switches_s_start'====== Args={'value': 68, 'prev_value': None, 'change': True}
2020-10-04 07:57:28,569 : EventManager : Event: ======'machine_var_audits_switches_s_tilt'====== Args={'value': 0, 'prev_value': None, 'change': True}
2020-10-04 07:57:28,569 : EventManager : Event: ======'machine_var_audits_switches_s_trough1'====== Args={'value': 508, 'prev_value': None, 'change': True}
2020-10-04 07:57:28,570 : EventManager : Event: ======'machine_var_audits_switches_s_trough2'====== Args={'value': 72, 'prev_value': None, 'change': True}
2020-10-04 07:57:28,570 : EventManager : Event: ======'machine_var_audits_switches_s_trough_jam'====== Args={'value': 13, 'prev_value': None, 'change': True}
2020-10-04 07:57:28,614 : EventManager : Event: ======'slides_play'====== Args={'settings': {'welcome_slide': {'target': None, 'background_color': [0.0, 0.0, 0.0, 1.0], 'priority': None, 'show': True, 'force': False, 'expire': None, 'slide': None, 'tokens': {}, 'action': 'play'}}, 'context': '_global', 'calling_context': 'init_done', 'priority': 0}
2020-10-04 07:57:28,614 : EventManager : Event: ======'mc_reset_phase_1'====== Args={}
2020-10-04 07:57:28,614 : mpfmc : SlidePlayer: Play called with settings={'welcome_slide': {'target': None, 'background_color': [0.0, 0.0, 0.0, 1.0], 'priority': None, 'show': True, 'force': False, 'expire': None, 'slide': None, 'tokens': {}, 'action': 'play'}}
2020-10-04 07:57:28,615 : EventManager : Event: ======'slide_welcome_slide_removed'====== Args={}
2020-10-04 07:57:28,620 : EventManager : Event: ======'slide_welcome_slide_created'====== Args={}
2020-10-04 07:57:28,621 : EventManager : Event: ======'mc_reset_phase_2'====== Args={}
2020-10-04 07:57:28,621 : EventManager : Event: ======'mc_reset_phase_3'====== Args={}
2020-10-04 07:57:28,621 : EventManager : Event: ======'mc_reset_complete'====== Args={}
2020-10-04 07:57:28,622 : EventManager : Event: ======'slide_welcome_slide_active'====== Args={}
2020-10-04 07:57:28,633 : EventManager : Event: ======'slides_play'====== Args={'settings': {'awesome_slide': {'widgets': [{'type': 'text', 'text': 'Cuphead Pinball', 'font_size': 50, '_default_settings': ['type', 'text', 'font_size'], 'x': None, 'y': None, 'anchor_x': 'center', 'anchor_y': 'center', 'round_anchor_x': None, 'round_anchor_y': None, 'opacity': 1.0, 'z': 0, 'reset_animations_events': {}, 'color': [1.0, 1.0, 1.0, 1.0], 'style': [], 'adjust_top': 0, 'adjust_bottom': 0, 'adjust_left': 0, 'adjust_right': 0, 'expire': None, 'key': None, 'widget': None, 'events_when_added': [], 'events_when_removed': [], 'bitmap_font': False, 'font_kerning': True, 'bold': False, 'italic': False, 'number_grouping': False, 'min_digits': 0, 'halign': 'center', 'valign': 'middle', 'rotation': 0, 'scale': 1.0, 'casing': None, 'animations': None}], 'transition': {'type': 'push', 'duration': 1.0, 'direction': 'left', 'easing': 'out_quad'}, 'target': None, 'background_color': [0.0, 0.0, 0.0, 1.0], 'priority': None, 'show': True, 'force': False, 'expire': None, 'slide': None, 'tokens': {}, 'action': 'play'}}, 'context': 'show_1', 'calling_context': 0, 'priority': 10, 'show_tokens': {}, 'start_time': 394290.234}
2020-10-04 07:57:28,634 : EventManager : Event: ======'sounds_play'====== Args={'settings': {'attract_music': {'loops': -1, 'mode_end_action': 'stop', 'priority': None, 'action': 'play', 'track': None, 'volume': None, 'pan': None, 'start_at': None, 'fade_in': None, 'fade_out': None, 'about_to_finish_time': -1.0, 'max_queue_time': -1.0, 'events_when_played': ['use_sound_setting'], 'events_when_stopped': ['use_sound_setting'], 'events_when_looping': ['use_sound_setting'], 'events_when_about_to_finish': ['use_sound_setting'], 'key': 'use_sound_setting'}}, 'context': 'attract', 'calling_context': 'mode_attract_started', 'priority': 10}
2020-10-04 07:57:28,634 : mpfmc : SlidePlayer: Play called with settings={'awesome_slide': {'widgets': [{'type': 'text', 'text': 'Cuphead Pinball', 'font_size': 50, '_default_settings': ['type', 'text', 'font_size'], 'x': None, 'y': None, 'anchor_x': 'center', 'anchor_y': 'center', 'round_anchor_x': None, 'round_anchor_y': None, 'opacity': 1.0, 'z': 0, 'reset_animations_events': {}, 'color': [1.0, 1.0, 1.0, 1.0], 'style': [], 'adjust_top': 0, 'adjust_bottom': 0, 'adjust_left': 0, 'adjust_right': 0, 'expire': None, 'key': None, 'widget': None, 'events_when_added': [], 'events_when_removed': [], 'bitmap_font': False, 'font_kerning': True, 'bold': False, 'italic': False, 'number_grouping': False, 'min_digits': 0, 'halign': 'center', 'valign': 'middle', 'rotation': 0, 'scale': 1.0, 'casing': None, 'animations': None}], 'transition': {'type': 'push', 'duration': 1.0, 'direction': 'left', 'easing': 'out_quad'}, 'target': None, 'background_color': [0.0, 0.0, 0.0, 1.0], 'priority': None, 'show': True, 'force': False, 'expire': None, 'slide': None, 'tokens': {}, 'action': 'play'}}
2020-10-04 07:57:28,643 : EventManager : Event: ======'slide_awesome_slide_created'====== Args={}
2020-10-04 07:57:28,650 : EventManager : Event: ======'slide_awesome_slide_active'====== Args={}
2020-10-04 07:57:29,721 : EventManager : Event: ======'game_started'====== Args={}
2020-10-04 07:57:29,736 : EventManager : Event: ======'slides_clear'====== Args={'context': 'show_1'}
2020-10-04 07:57:29,737 : EventManager : Event: ======'sounds_clear'====== Args={'context': 'attract'}
2020-10-04 07:57:29,738 : EventManager : Event: ======'slide_awesome_slide_removed'====== Args={}
2020-10-04 07:57:29,740 : EventManager : Event: ======'slide_welcome_slide_active'====== Args={}
2020-10-04 07:57:29,776 : EventManager : Event: ======'player_added'====== Args={'player': <Player 1>, 'num': 1}
2020-10-04 07:57:29,777 : EventManager : Event: ======'player_index'====== Args={'value': 0, 'prev_value': 0, 'change': 0, 'player_num': 1}
2020-10-04 07:57:29,777 : EventManager : Event: ======'player_number'====== Args={'value': 1, 'prev_value': 1, 'change': 0, 'player_num': 1}
2020-10-04 07:57:29,778 : EventManager : Event: ======'player_score'====== Args={'value': 0, 'prev_value': 0, 'change': 0, 'player_num': 1}
2020-10-04 07:57:29,813 : EventManager : Event: ======'player_ball'====== Args={'value': 1, 'prev_value': 0, 'change': 1, 'player_num': 1}
2020-10-04 07:57:29,813 : EventManager : Event: ======'player_turn_start'====== Args={'number': 1, 'player': <Player 1>}
2020-10-04 07:57:29,851 : EventManager : Event: ======'player_shot_soul_S_enabled'====== Args={'value': True, 'prev_value': 0, 'change': 1, 'player_num': 1}
2020-10-04 07:57:29,851 : EventManager : Event: ======'player_shot_soul_O_enabled'====== Args={'value': True, 'prev_value': 0, 'change': 1, 'player_num': 1}
2020-10-04 07:57:29,851 : EventManager : Event: ======'player_shot_soul_U_enabled'====== Args={'value': True, 'prev_value': 0, 'change': 1, 'player_num': 1}
2020-10-04 07:57:29,853 : EventManager : Event: ======'player_shot_soul_L_enabled'====== Args={'value': True, 'prev_value': 0, 'change': 1, 'player_num': 1}
2020-10-04 07:57:29,944 : mpfmc : Stopping...
2020-10-04 07:57:29,944 : EventManager : Event: ======'shutdown'====== Args={}
2020-10-04 07:57:30,070 : mpfmc : Loop rate 14.0 Hz
2020-10-04 07:57:30,071 : kivy : Base: Leaving application in progress...
2020-10-04 07:57:30,086 : kivy : WindowSDL: exiting mainloop and closing.
2020-10-04 07:57:30,238 : mpfmc : Stopping...
2020-10-04 07:57:30,238 : EventManager : Event: ======'shutdown'====== Args={}
2020-10-04 07:57:30,238 : mpfmc : Loop rate 13.89 Hz
2020-10-04 07:57:30,238 : kivy : MC run loop ended.
2020-10-04 07:57:30,238 : kivy : Stopping child threads... (1 remaining)
2020-10-04 07:57:30,754 : MPF-MC BCP Server : Stopping BCP sending thread
2020-10-04 07:57:30,785 : kivy : All child threads stopped.
