2020-10-04 08:01:55,281 : kivy : Factory: 184 symbols loaded
2020-10-04 08:01:55,574 : kivy : ImageLoaderFFPy: Using ffpyplayer 4.3.1
2020-10-04 08:01:55,575 : kivy : Image: Providers: img_tex, img_dds, img_sdl2, img_pil, img_ffpyplayer, img_gif 
2020-10-04 08:01:55,805 : kivy : VideoGstplayer: Using Gstreamer 1.16.0.0
2020-10-04 08:01:55,805 : kivy : Video: Provider: gstplayer
2020-10-04 08:01:55,938 : kivy : Loading MPF-MC controller
2020-10-04 08:01:55,946 : YamlMultifileConfigLoader : Machine config file #1: config
2020-10-04 08:01:55,947 : ConfigProcessor : Config file in cache changed: c:\Pinball\Cuphead\config\config
2020-10-04 08:01:55,949 : ConfigProcessor : Loading config from file c:\users\themi\appdata\local\programs\python\python36\lib\site-packages\mpfmc\mcconfig.yaml.
2020-10-04 08:01:56,024 : ConfigProcessor : Loading config: c:\users\themi\appdata\local\programs\python\python36\lib\site-packages\mpfmc\mcconfig.yaml
2020-10-04 08:01:56,025 : ConfigProcessor : Loading config from file c:\Pinball\Cuphead\config\config.
2020-10-04 08:01:56,044 : ConfigProcessor : Loading config: c:\Pinball\Cuphead\config\config
2020-10-04 08:01:56,056 : ConfigProcessor : Loading config: c:\Pinball\Cuphead\config\keyboard.yaml
2020-10-04 08:01:56,097 : ConfigProcessor : Loading config: c:\Pinball\Cuphead\config\hwSwitches.yaml
2020-10-04 08:01:56,185 : ConfigProcessor : Loading config: c:\Pinball\Cuphead\config\hwLights.yaml
2020-10-04 08:01:56,211 : ConfigProcessor : Loading config: c:\Pinball\Cuphead\config\hwCoils.yaml
2020-10-04 08:01:56,216 : ConfigProcessor : Config file cache created: C:\Users\themi\AppData\Local\Temp\1bf5539849bfae2fda5beb863cde560d.mpf_cache
2020-10-04 08:01:56,218 : ConfigProcessor : Loading config from cache: C:\Users\themi\AppData\Local\Temp\7964e52b22911e9b68a8022172b185f3.mpf_cache
2020-10-04 08:01:56,219 : ConfigProcessor : Loading config from cache: C:\Users\themi\AppData\Local\Temp\4fcecb70f81c3c2fefb8e65ae9a0af5f.mpf_cache
2020-10-04 08:01:56,220 : ConfigProcessor : Loading config from cache: C:\Users\themi\AppData\Local\Temp\b2a05f27b99f0404929b6678617f21a2.mpf_cache
2020-10-04 08:01:56,221 : ConfigProcessor : Loading config from cache: C:\Users\themi\AppData\Local\Temp\ee661b7bde9ac1aee26ef2e16bd36711.mpf_cache
2020-10-04 08:01:56,221 : mpfmc : Mission Pinball Framework Media Controller v0.54.0-dev.20
2020-10-04 08:01:56,222 : mpfmc : Mission Pinball Framework Game Engine v0.54.0-dev.72
2020-10-04 08:01:56,222 : mpfmc : Machine path: c:\Pinball\Cuphead
2020-10-04 08:01:56,222 : mpfmc : Starting clock at 60.0Hz
2020-10-04 08:01:56,249 : kivy : Text: Provider: sdl2
2020-10-04 08:01:56,316 : kivy : Window: Provider: sdl2
2020-10-04 08:01:56,975 : kivy : GL: Using the "OpenGL" graphics system
2020-10-04 08:01:56,978 : kivy : GL: GLEW initialization succeeded
2020-10-04 08:01:56,979 : kivy : GL: Backend used <glew>
2020-10-04 08:01:56,980 : kivy : GL: OpenGL version <b'4.5.14568 Compatibility Profile Context 24.20.12050.0'>
2020-10-04 08:01:56,981 : kivy : GL: OpenGL vendor <b'ATI Technologies Inc.'>
2020-10-04 08:01:56,981 : kivy : GL: OpenGL renderer <b'AMD Radeon(TM) R4 Graphics'>
2020-10-04 08:01:56,981 : kivy : GL: OpenGL parsed version: 4, 5
2020-10-04 08:01:56,981 : kivy : GL: Shading version <b'4.50'>
2020-10-04 08:01:56,981 : kivy : GL: Texture max size <16384>
2020-10-04 08:01:56,982 : kivy : GL: Texture max units <32>
2020-10-04 08:01:57,019 : kivy : Window: auto add sdl2 input provider
2020-10-04 08:01:57,020 : kivy : Window: virtual keyboard not allowed, single mode, not docked
2020-10-04 08:01:57,037 : SoundSystem : SoundSystem: Using default 'sound_system' settings
2020-10-04 08:01:57,803 : AudioInterface : Initialized
2020-10-04 08:01:57,804 : SoundSystem : No audio tracks are specified in your machine config file. a track named 'default' has been created.
2020-10-04 08:01:57,820 : kivy : Base: Start application main loop
2020-10-04 08:01:57,821 : EventManager : Event: ======'display_window_initialized'====== Args={}
2020-10-04 08:01:57,869 : mpfmc : Display: Setting 'window' as default display
2020-10-04 08:01:57,886 : EventManager : Event: ======'displays_initialized'====== Args={}
2020-10-04 08:01:57,888 : EventManager : Event: ======'slide_window_blank_created'====== Args={}
2020-10-04 08:01:57,889 : EventManager : Event: ======'display_window_ready'====== Args={}
2020-10-04 08:01:57,912 : EventManager : Event: ======'init_phase_1'====== Args={}
2020-10-04 08:01:57,921 : EventManager : Event: ======'mc_ready'====== Args={}
2020-10-04 08:01:57,922 : EventManager : Event: ======'init_phase_2'====== Args={}
2020-10-04 08:01:57,928 : EventManager : Event: ======'init_phase_3'====== Args={}
2020-10-04 08:01:57,930 : AssetManager : Registering Asset: cupHighScore, File: cupHighScore.ogg, Default Group: default, Final Config: {'load': 'preload', 'file': 'c:\\Pinball\\Cuphead\\modes\\base\\sounds\\music\\cupHighScore.ogg'}
2020-10-04 08:01:57,930 : AssetManager : Registering Asset: cupMusic1, File: cupMusic1.ogg, Default Group: default, Final Config: {'load': 'preload', 'target': 'music', 'loop': -1, 'mode_end_action': 'stop', 'file': 'c:\\Pinball\\Cuphead\\modes\\base\\sounds\\music\\cupMusic1.ogg'}
2020-10-04 08:01:57,930 : AssetManager : Registering Asset: cupMusic2, File: cupMusic2.ogg, Default Group: default, Final Config: {'load': 'preload', 'target': 'music', 'loop': -1, 'mode_end_action': 'stop', 'file': 'c:\\Pinball\\Cuphead\\modes\\base\\sounds\\music\\cupMusic2.ogg'}
2020-10-04 08:01:57,931 : AssetManager : Registering Asset: cupMusic3, File: cupMusic3.ogg, Default Group: default, Final Config: {'load': 'preload', 'target': 'music', 'loop': -1, 'mode_end_action': 'stop', 'file': 'c:\\Pinball\\Cuphead\\modes\\base\\sounds\\music\\cupMusic3.ogg'}
2020-10-04 08:01:57,931 : AssetManager : Registering Asset: cupMusic4, File: cupMusic4.ogg, Default Group: default, Final Config: {'load': 'preload', 'target': 'music', 'loop': -1, 'mode_end_action': 'stop', 'file': 'c:\\Pinball\\Cuphead\\modes\\base\\sounds\\music\\cupMusic4.ogg'}
2020-10-04 08:01:57,931 : AssetManager : Registering Asset: cupMusic5, File: cupMusic5.ogg, Default Group: default, Final Config: {'load': 'preload', 'file': 'c:\\Pinball\\Cuphead\\modes\\base\\sounds\\music\\cupMusic5.ogg'}
2020-10-04 08:01:57,931 : AssetManager : Registering Asset: cupMusic6, File: cupMusic6.ogg, Default Group: default, Final Config: {'load': 'preload', 'file': 'c:\\Pinball\\Cuphead\\modes\\base\\sounds\\music\\cupMusic6.ogg'}
2020-10-04 08:01:57,931 : AssetManager : Registering Asset: cupMusic7, File: cupMusic7.ogg, Default Group: default, Final Config: {'load': 'preload', 'file': 'c:\\Pinball\\Cuphead\\modes\\base\\sounds\\music\\cupMusic7.ogg'}
2020-10-04 08:01:57,931 : AssetManager : Registering Asset: cupMusic8, File: cupMusic8.ogg, Default Group: default, Final Config: {'load': 'preload', 'file': 'c:\\Pinball\\Cuphead\\modes\\base\\sounds\\music\\cupMusic8.ogg'}
2020-10-04 08:01:57,932 : AssetManager : Registering Asset: cupMusic9, File: cupMusic9.ogg, Default Group: default, Final Config: {'load': 'preload', 'file': 'c:\\Pinball\\Cuphead\\modes\\base\\sounds\\music\\cupMusic9.ogg'}
2020-10-04 08:01:57,932 : AssetManager : Registering Asset: game_play_1, File: game_play_1.ogg, Default Group: default, Final Config: {'load': 'preload', 'file': 'c:\\Pinball\\Cuphead\\modes\\base\\sounds\\music\\game_play_1.ogg'}
2020-10-04 08:01:57,935 : AssetManager : Registering Asset: attract_music, File: attract_music.ogg, Default Group: default, Final Config: {'load': 'preload', 'file': 'c:\\Pinball\\Cuphead\\modes\\attract\\sounds\\music\\attract_music.ogg'}
2020-10-04 08:01:57,937 : EventManager : Event: ======'init_phase_4'====== Args={}
2020-10-04 08:01:57,937 : EventManager : Event: ======'init_phase_5'====== Args={}
2020-10-04 08:02:01,065 : EventManager : Event: ======'loading_assets'====== Args={'total': 12, 'loaded': 1, 'remaining': 11, 'percent': 8}
2020-10-04 08:02:01,066 : AssetManager : Loading assets: 1/12 (8%)
2020-10-04 08:02:01,581 : EventManager : Event: ======'loading_assets'====== Args={'total': 12, 'loaded': 4, 'remaining': 8, 'percent': 33}
2020-10-04 08:02:01,581 : AssetManager : Loading assets: 4/12 (33%)
2020-10-04 08:02:02,329 : EventManager : Event: ======'loading_assets'====== Args={'total': 12, 'loaded': 6, 'remaining': 6, 'percent': 50}
2020-10-04 08:02:03,197 : AssetManager : Loading assets: 6/12 (50%)
2020-10-04 08:02:04,518 : EventManager : Event: ======'loading_assets'====== Args={'total': 12, 'loaded': 8, 'remaining': 4, 'percent': 67}
2020-10-04 08:02:04,519 : AssetManager : Loading assets: 8/12 (67%)
2020-10-04 08:02:06,300 : EventManager : Event: ======'loading_assets'====== Args={'total': 12, 'loaded': 10, 'remaining': 2, 'percent': 83}
2020-10-04 08:02:06,300 : AssetManager : Loading assets: 10/12 (83%)
2020-10-04 08:02:07,124 : EventManager : Event: ======'loading_assets'====== Args={'total': 12, 'loaded': 12, 'remaining': 0, 'percent': 100}
2020-10-04 08:02:07,125 : AssetManager : Asset loading took: 9.319193124771118
2020-10-04 08:02:07,125 : EventManager : Event: ======'asset_loading_complete'====== Args={}
2020-10-04 08:02:07,125 : AssetManager : Loading assets: 12/12 (100%)
2020-10-04 08:02:07,125 : EventManager : Event: ======'init_done'====== Args={}
2020-10-04 08:02:07,125 : MPF-MC BCP Server : Starting up on localhost port 5050
2020-10-04 08:02:07,134 : MPF-MC BCP Server : Waiting for a connection...
2020-10-04 08:02:07,134 : mpfmc : SlidePlayer: Play called with settings={'slides': {welcome_slide-None-None: {'priority': None, 'target': None, 'background_color': [0.0, 0.0, 0.0, 1.0], 'show': True, 'force': False, 'expire': None, 'slide': None, 'tokens': {}, 'action': 'play', 'transition': None, 'transition_out': None}}}
2020-10-04 08:02:07,142 : kivy : GL: NPOT texture support is available
2020-10-04 08:02:07,143 : EventManager : Event: ======'slide_welcome_slide_created'====== Args={}
2020-10-04 08:02:07,145 : EventManager : Event: ======'slide_welcome_slide_active'====== Args={}
2020-10-04 08:02:07,153 : EventManager : Event: ======'client_disconnected'====== Args={'host': '127.0.0.1', 'port': 5050}
2020-10-04 08:02:07,593 : MPF-MC BCP Server : Received connection from: 127.0.0.1:50818
2020-10-04 08:02:07,597 : EventManager : Event: ======'client_connected'====== Args={'host': '127.0.0.1', 'port': 50818}
2020-10-04 08:02:07,622 : EventManager : Event: ======'machine_var_credits_string'====== Args={'value': 'FREE PLAY', 'prev_value': None, 'change': True}
2020-10-04 08:02:07,623 : EventManager : Event: ======'machine_var_player1_score'====== Args={'value': 8110, 'prev_value': None, 'change': True}
2020-10-04 08:02:07,624 : EventManager : Event: ======'machine_var_mpf_version'====== Args={'value': 'MPF v0.54.0-dev.72', 'prev_value': None, 'change': True}
2020-10-04 08:02:07,624 : EventManager : Event: ======'machine_var_mpf_extended_version'====== Args={'value': 'MPF v0.54.0-dev.72, Config version:5, Show version: 5, BCP version:1.1', 'prev_value': None, 'change': True}
2020-10-04 08:02:07,624 : EventManager : Event: ======'machine_var_python_version'====== Args={'value': '3.6.4', 'prev_value': None, 'change': True}
2020-10-04 08:02:07,624 : EventManager : Event: ======'machine_var_platform'====== Args={'value': 'Windows-10-10.0.18362-SP0', 'prev_value': None, 'change': True}
2020-10-04 08:02:07,624 : EventManager : Event: ======'machine_var_platform_system'====== Args={'value': 'Windows', 'prev_value': None, 'change': True}
2020-10-04 08:02:07,624 : EventManager : Event: ======'machine_var_platform_release'====== Args={'value': '10', 'prev_value': None, 'change': True}
2020-10-04 08:02:07,625 : EventManager : Event: ======'machine_var_platform_version'====== Args={'value': '10.0.18362', 'prev_value': None, 'change': True}
2020-10-04 08:02:07,625 : EventManager : Event: ======'machine_var_platform_machine'====== Args={'value': 'AMD64', 'prev_value': None, 'change': True}
2020-10-04 08:02:07,625 : EventManager : Event: ======'machine_var_mc_version'====== Args={'value': 'MPF-MC v0.54.0-dev.20', 'prev_value': None, 'change': True}
2020-10-04 08:02:07,625 : EventManager : Event: ======'machine_var_mc_extended_version'====== Args={'value': 'MPF-MC v0.54.0-dev.20 (config_version=5, BCP v1.1, Requires MPF v0.54.0-dev.68)', 'prev_value': None, 'change': True}
2020-10-04 08:02:07,625 : EventManager : Event: ======'machine_var_master_volume'====== Args={'value': 0.5, 'prev_value': None, 'change': True}
2020-10-04 08:02:07,720 : EventManager : Event: ======'machine_var_audits_events_game_ended'====== Args={'value': 21, 'prev_value': None, 'change': True}
2020-10-04 08:02:07,720 : EventManager : Event: ======'machine_var_audits_events_game_started'====== Args={'value': 40, 'prev_value': None, 'change': True}
2020-10-04 08:02:07,721 : EventManager : Event: ======'machine_var_audits_player_score'====== Args={'value': {'average': 530.4761904761905, 'top': [2970, 1300, 1220, 980, 880, 780, 720, 710, 630, 590], 'total': 21}, 'prev_value': None, 'change': True}
2020-10-04 08:02:07,721 : EventManager : Event: ======'machine_var_audits_shots_soul_L'====== Args={'value': 73, 'prev_value': None, 'change': True}
2020-10-04 08:02:07,722 : EventManager : Event: ======'machine_var_audits_shots_soul_O'====== Args={'value': 78, 'prev_value': None, 'change': True}
2020-10-04 08:02:07,723 : EventManager : Event: ======'machine_var_audits_shots_soul_S'====== Args={'value': 91, 'prev_value': None, 'change': True}
2020-10-04 08:02:07,723 : EventManager : Event: ======'machine_var_audits_shots_soul_U'====== Args={'value': 78, 'prev_value': None, 'change': True}
2020-10-04 08:02:07,724 : EventManager : Event: ======'machine_var_audits_switches_s_coin'====== Args={'value': 20, 'prev_value': None, 'change': True}
2020-10-04 08:02:07,724 : EventManager : Event: ======'machine_var_audits_switches_s_dash_L'====== Args={'value': 0, 'prev_value': None, 'change': True}
2020-10-04 08:02:07,724 : EventManager : Event: ======'machine_var_audits_switches_s_dash_R'====== Args={'value': 0, 'prev_value': None, 'change': True}
2020-10-04 08:02:07,725 : EventManager : Event: ======'machine_var_audits_switches_s_dtSling_L'====== Args={'value': 0, 'prev_value': None, 'change': True}
2020-10-04 08:02:07,725 : EventManager : Event: ======'machine_var_audits_switches_s_dtSling_R'====== Args={'value': 0, 'prev_value': None, 'change': True}
2020-10-04 08:02:07,726 : EventManager : Event: ======'machine_var_audits_switches_s_dt_C'====== Args={'value': 72, 'prev_value': None, 'change': True}
2020-10-04 08:02:07,727 : EventManager : Event: ======'machine_var_audits_switches_s_dt_G'====== Args={'value': 21, 'prev_value': None, 'change': True}
2020-10-04 08:02:07,727 : EventManager : Event: ======'machine_var_audits_switches_s_dt_M'====== Args={'value': 19, 'prev_value': None, 'change': True}
2020-10-04 08:02:07,727 : EventManager : Event: ======'machine_var_audits_switches_s_dt_P'====== Args={'value': 55, 'prev_value': None, 'change': True}
2020-10-04 08:02:07,728 : EventManager : Event: ======'machine_var_audits_switches_s_dt_U'====== Args={'value': 63, 'prev_value': None, 'change': True}
2020-10-04 08:02:07,728 : EventManager : Event: ======'machine_var_audits_switches_s_dt_U2'====== Args={'value': 19, 'prev_value': None, 'change': True}
2020-10-04 08:02:07,729 : EventManager : Event: ======'machine_var_audits_switches_s_exit_shooter_lane'====== Args={'value': 349, 'prev_value': None, 'change': True}
2020-10-04 08:02:07,729 : EventManager : Event: ======'machine_var_audits_switches_s_inLane_L'====== Args={'value': 0, 'prev_value': None, 'change': True}
2020-10-04 08:02:07,730 : EventManager : Event: ======'machine_var_audits_switches_s_inLane_R'====== Args={'value': 0, 'prev_value': None, 'change': True}
2020-10-04 08:02:07,731 : EventManager : Event: ======'machine_var_audits_switches_s_kicker'====== Args={'value': 0, 'prev_value': None, 'change': True}
2020-10-04 08:02:07,731 : EventManager : Event: ======'machine_var_audits_switches_s_left_flipper'====== Args={'value': 151, 'prev_value': None, 'change': True}
2020-10-04 08:02:07,743 : EventManager : Event: ======'machine_var_audits_switches_s_midRight'====== Args={'value': 0, 'prev_value': None, 'change': True}
2020-10-04 08:02:07,744 : EventManager : Event: ======'machine_var_audits_switches_s_outLane_L'====== Args={'value': 0, 'prev_value': None, 'change': True}
2020-10-04 08:02:07,744 : EventManager : Event: ======'machine_var_audits_switches_s_outLane_R'====== Args={'value': 0, 'prev_value': None, 'change': True}
2020-10-04 08:02:07,744 : EventManager : Event: ======'machine_var_audits_switches_s_perdition'====== Args={'value': 0, 'prev_value': None, 'change': True}
2020-10-04 08:02:07,744 : EventManager : Event: ======'machine_var_audits_switches_s_playfield'====== Args={'value': 0, 'prev_value': None, 'change': True}
2020-10-04 08:02:07,744 : EventManager : Event: ======'machine_var_audits_switches_s_plunger'====== Args={'value': 537, 'prev_value': None, 'change': True}
2020-10-04 08:02:07,746 : EventManager : Event: ======'machine_var_audits_switches_s_popBumper_1'====== Args={'value': 463, 'prev_value': None, 'change': True}
2020-10-04 08:02:07,746 : EventManager : Event: ======'machine_var_audits_switches_s_popBumper_2'====== Args={'value': 438, 'prev_value': None, 'change': True}
2020-10-04 08:02:07,746 : EventManager : Event: ======'machine_var_audits_switches_s_popBumper_3'====== Args={'value': 162, 'prev_value': None, 'change': True}
2020-10-04 08:02:07,747 : EventManager : Event: ======'machine_var_audits_switches_s_pop_bumper1'====== Args={'value': 120, 'prev_value': None, 'change': True}
2020-10-04 08:02:07,747 : EventManager : Event: ======'machine_var_audits_switches_s_pop_bumper2'====== Args={'value': 153, 'prev_value': None, 'change': True}
2020-10-04 08:02:07,748 : EventManager : Event: ======'machine_var_audits_switches_s_pop_bumper3'====== Args={'value': 100, 'prev_value': None, 'change': True}
2020-10-04 08:02:07,748 : EventManager : Event: ======'machine_var_audits_switches_s_right_flipper'====== Args={'value': 216, 'prev_value': None, 'change': True}
2020-10-04 08:02:07,748 : EventManager : Event: ======'machine_var_audits_switches_s_sling_L'====== Args={'value': 0, 'prev_value': None, 'change': True}
2020-10-04 08:02:07,748 : EventManager : Event: ======'machine_var_audits_switches_s_sling_R'====== Args={'value': 0, 'prev_value': None, 'change': True}
2020-10-04 08:02:07,749 : EventManager : Event: ======'machine_var_audits_switches_s_soul_L'====== Args={'value': 74, 'prev_value': None, 'change': True}
2020-10-04 08:02:07,749 : EventManager : Event: ======'machine_var_audits_switches_s_soul_O'====== Args={'value': 83, 'prev_value': None, 'change': True}
2020-10-04 08:02:07,749 : EventManager : Event: ======'machine_var_audits_switches_s_soul_S'====== Args={'value': 91, 'prev_value': None, 'change': True}
2020-10-04 08:02:07,750 : EventManager : Event: ======'machine_var_audits_switches_s_soul_U'====== Args={'value': 78, 'prev_value': None, 'change': True}
2020-10-04 08:02:07,750 : EventManager : Event: ======'machine_var_audits_switches_s_standUp_1'====== Args={'value': 0, 'prev_value': None, 'change': True}
2020-10-04 08:02:07,751 : EventManager : Event: ======'machine_var_audits_switches_s_standUp_2'====== Args={'value': 0, 'prev_value': None, 'change': True}
2020-10-04 08:02:07,751 : EventManager : Event: ======'machine_var_audits_switches_s_standUp_3'====== Args={'value': 0, 'prev_value': None, 'change': True}
2020-10-04 08:02:07,763 : EventManager : Event: ======'machine_var_audits_switches_s_standUp_R'====== Args={'value': 0, 'prev_value': None, 'change': True}
2020-10-04 08:02:07,763 : EventManager : Event: ======'machine_var_audits_switches_s_star_1'====== Args={'value': 0, 'prev_value': None, 'change': True}
2020-10-04 08:02:07,764 : EventManager : Event: ======'machine_var_audits_switches_s_star_2'====== Args={'value': 0, 'prev_value': None, 'change': True}
2020-10-04 08:02:07,764 : EventManager : Event: ======'machine_var_audits_switches_s_star_3'====== Args={'value': 0, 'prev_value': None, 'change': True}
2020-10-04 08:02:07,764 : EventManager : Event: ======'machine_var_audits_switches_s_start'====== Args={'value': 68, 'prev_value': None, 'change': True}
2020-10-04 08:02:07,764 : EventManager : Event: ======'machine_var_audits_switches_s_tilt'====== Args={'value': 0, 'prev_value': None, 'change': True}
2020-10-04 08:02:07,764 : EventManager : Event: ======'machine_var_audits_switches_s_trough1'====== Args={'value': 508, 'prev_value': None, 'change': True}
2020-10-04 08:02:07,764 : EventManager : Event: ======'machine_var_audits_switches_s_trough2'====== Args={'value': 72, 'prev_value': None, 'change': True}
2020-10-04 08:02:07,764 : EventManager : Event: ======'machine_var_audits_switches_s_trough_jam'====== Args={'value': 13, 'prev_value': None, 'change': True}
2020-10-04 08:02:07,800 : EventManager : Event: ======'slides_play'====== Args={'settings': {'welcome_slide': {'target': None, 'background_color': [0.0, 0.0, 0.0, 1.0], 'priority': None, 'show': True, 'force': False, 'expire': None, 'slide': None, 'tokens': {}, 'action': 'play'}}, 'context': '_global', 'calling_context': 'init_done', 'priority': 0}
2020-10-04 08:02:07,801 : EventManager : Event: ======'mc_reset_phase_1'====== Args={}
2020-10-04 08:02:07,801 : mpfmc : SlidePlayer: Play called with settings={'welcome_slide': {'target': None, 'background_color': [0.0, 0.0, 0.0, 1.0], 'priority': None, 'show': True, 'force': False, 'expire': None, 'slide': None, 'tokens': {}, 'action': 'play'}}
2020-10-04 08:02:07,804 : EventManager : Event: ======'slide_welcome_slide_removed'====== Args={}
2020-10-04 08:02:07,810 : EventManager : Event: ======'slide_welcome_slide_created'====== Args={}
2020-10-04 08:02:07,811 : EventManager : Event: ======'mc_reset_phase_2'====== Args={}
2020-10-04 08:02:07,811 : EventManager : Event: ======'mc_reset_phase_3'====== Args={}
2020-10-04 08:02:07,811 : EventManager : Event: ======'mc_reset_complete'====== Args={}
2020-10-04 08:02:07,814 : EventManager : Event: ======'slide_welcome_slide_active'====== Args={}
2020-10-04 08:02:07,848 : EventManager : Event: ======'slides_play'====== Args={'settings': {'awesome_slide': {'widgets': [{'type': 'text', 'text': 'Cuphead Pinball', 'font_size': 50, '_default_settings': ['type', 'text', 'font_size'], 'x': None, 'y': None, 'anchor_x': 'center', 'anchor_y': 'center', 'round_anchor_x': None, 'round_anchor_y': None, 'opacity': 1.0, 'z': 0, 'reset_animations_events': {}, 'color': [1.0, 1.0, 1.0, 1.0], 'style': [], 'adjust_top': 0, 'adjust_bottom': 0, 'adjust_left': 0, 'adjust_right': 0, 'expire': None, 'key': None, 'widget': None, 'events_when_added': [], 'events_when_removed': [], 'bitmap_font': False, 'font_kerning': True, 'bold': False, 'italic': False, 'number_grouping': False, 'min_digits': 0, 'halign': 'center', 'valign': 'middle', 'rotation': 0, 'scale': 1.0, 'casing': None, 'animations': None}], 'transition': {'type': 'push', 'duration': 1.0, 'direction': 'left', 'easing': 'out_quad'}, 'target': None, 'background_color': [0.0, 0.0, 0.0, 1.0], 'priority': None, 'show': True, 'force': False, 'expire': None, 'slide': None, 'tokens': {}, 'action': 'play'}}, 'context': 'show_1', 'calling_context': 0, 'priority': 10, 'show_tokens': {}, 'start_time': 394569.453}
2020-10-04 08:02:07,849 : EventManager : Event: ======'sounds_play'====== Args={'settings': {'attract_music': {'loops': -1, 'mode_end_action': 'stop', 'priority': None, 'action': 'play', 'track': None, 'volume': None, 'pan': None, 'start_at': None, 'fade_in': None, 'fade_out': None, 'about_to_finish_time': -1.0, 'max_queue_time': -1.0, 'events_when_played': ['use_sound_setting'], 'events_when_stopped': ['use_sound_setting'], 'events_when_looping': ['use_sound_setting'], 'events_when_about_to_finish': ['use_sound_setting'], 'key': 'use_sound_setting'}}, 'context': 'attract', 'calling_context': 'mode_attract_started', 'priority': 10}
2020-10-04 08:02:07,849 : mpfmc : SlidePlayer: Play called with settings={'awesome_slide': {'widgets': [{'type': 'text', 'text': 'Cuphead Pinball', 'font_size': 50, '_default_settings': ['type', 'text', 'font_size'], 'x': None, 'y': None, 'anchor_x': 'center', 'anchor_y': 'center', 'round_anchor_x': None, 'round_anchor_y': None, 'opacity': 1.0, 'z': 0, 'reset_animations_events': {}, 'color': [1.0, 1.0, 1.0, 1.0], 'style': [], 'adjust_top': 0, 'adjust_bottom': 0, 'adjust_left': 0, 'adjust_right': 0, 'expire': None, 'key': None, 'widget': None, 'events_when_added': [], 'events_when_removed': [], 'bitmap_font': False, 'font_kerning': True, 'bold': False, 'italic': False, 'number_grouping': False, 'min_digits': 0, 'halign': 'center', 'valign': 'middle', 'rotation': 0, 'scale': 1.0, 'casing': None, 'animations': None}], 'transition': {'type': 'push', 'duration': 1.0, 'direction': 'left', 'easing': 'out_quad'}, 'target': None, 'background_color': [0.0, 0.0, 0.0, 1.0], 'priority': None, 'show': True, 'force': False, 'expire': None, 'slide': None, 'tokens': {}, 'action': 'play'}}
2020-10-04 08:02:07,859 : EventManager : Event: ======'slide_awesome_slide_created'====== Args={}
2020-10-04 08:02:07,864 : EventManager : Event: ======'slide_awesome_slide_active'====== Args={}
2020-10-04 08:02:07,937 : EventManager : Event: ======'game_started'====== Args={}
2020-10-04 08:02:07,938 : EventManager : Event: ======'slides_clear'====== Args={'context': 'show_1'}
2020-10-04 08:02:07,938 : EventManager : Event: ======'sounds_clear'====== Args={'context': 'attract'}
2020-10-04 08:02:07,940 : EventManager : Event: ======'slide_awesome_slide_removed'====== Args={}
2020-10-04 08:02:07,941 : EventManager : Event: ======'slide_welcome_slide_active'====== Args={}
2020-10-04 08:02:07,992 : EventManager : Event: ======'player_added'====== Args={'player': <Player 1>, 'num': 1}
2020-10-04 08:02:07,992 : EventManager : Event: ======'player_index'====== Args={'value': 0, 'prev_value': 0, 'change': 0, 'player_num': 1}
2020-10-04 08:02:07,992 : EventManager : Event: ======'player_number'====== Args={'value': 1, 'prev_value': 1, 'change': 0, 'player_num': 1}
2020-10-04 08:02:07,993 : EventManager : Event: ======'player_score'====== Args={'value': 0, 'prev_value': 0, 'change': 0, 'player_num': 1}
2020-10-04 08:02:08,041 : EventManager : Event: ======'player_ball'====== Args={'value': 1, 'prev_value': 0, 'change': 1, 'player_num': 1}
2020-10-04 08:02:08,041 : EventManager : Event: ======'player_turn_start'====== Args={'number': 1, 'player': <Player 1>}
2020-10-04 08:02:08,092 : EventManager : Event: ======'player_shot_soul_S_enabled'====== Args={'value': True, 'prev_value': 0, 'change': 1, 'player_num': 1}
2020-10-04 08:02:08,092 : EventManager : Event: ======'player_shot_soul_O_enabled'====== Args={'value': True, 'prev_value': 0, 'change': 1, 'player_num': 1}
2020-10-04 08:02:08,092 : EventManager : Event: ======'player_shot_soul_U_enabled'====== Args={'value': True, 'prev_value': 0, 'change': 1, 'player_num': 1}
2020-10-04 08:02:08,104 : EventManager : Event: ======'player_shot_soul_L_enabled'====== Args={'value': True, 'prev_value': 0, 'change': 1, 'player_num': 1}
2020-10-04 08:02:08,117 : EventManager : Event: ======'sounds_play'====== Args={'settings': {'poolCupHeadBase': {'loops': -1, 'priority': None, 'action': 'play', 'track': None, 'volume': None, 'pan': None, 'start_at': None, 'fade_in': None, 'fade_out': None, 'about_to_finish_time': -1.0, 'max_queue_time': -1.0, 'events_when_played': ['use_sound_setting'], 'events_when_stopped': ['use_sound_setting'], 'events_when_looping': ['use_sound_setting'], 'events_when_about_to_finish': ['use_sound_setting'], 'mode_end_action': 'use_sound_setting', 'key': 'use_sound_setting'}}, 'context': 'base', 'calling_context': 'mode_base_started', 'priority': 100, 'queue': '<QueuedEvent>', 'player': 1, 'ball': 1, 'balls_remaining': 4, 'is_extra_ball': False}
2020-10-04 08:02:08,117 : EventManager : Event: ======'slides_play'====== Args={'settings': {'widgets': {'widgets': [{'type': 'text', 'text': '(score)', 'number_grouping': True, 'min_digits': 2, 'font_size': 100, '_default_settings': ['type', 'text', 'number_grouping', 'min_digits', 'font_size'], 'x': None, 'y': None, 'anchor_x': 'center', 'anchor_y': 'center', 'round_anchor_x': None, 'round_anchor_y': None, 'opacity': 1.0, 'z': 0, 'reset_animations_events': {}, 'color': [1.0, 1.0, 1.0, 1.0], 'style': [], 'adjust_top': 0, 'adjust_bottom': 0, 'adjust_left': 0, 'adjust_right': 0, 'expire': None, 'key': None, 'widget': None, 'events_when_added': [], 'events_when_removed': [], 'bitmap_font': False, 'font_kerning': True, 'bold': False, 'italic': False, 'halign': 'center', 'valign': 'middle', 'rotation': 0, 'scale': 1.0, 'casing': None, 'animations': None}, {'type': 'text', 'text': 'Player (player)', 'y': '10', 'x': '10', 'font_size': 30, 'anchor_x': 'left', 'anchor_y': 'bottom', '_default_settings': ['type', 'text', 'y', 'x', 'font_size', 'anchor_x', 'anchor_y'], 'round_anchor_x': None, 'round_anchor_y': None, 'opacity': 1.0, 'z': 0, 'reset_animations_events': {}, 'color': [1.0, 1.0, 1.0, 1.0], 'style': [], 'adjust_top': 0, 'adjust_bottom': 0, 'adjust_left': 0, 'adjust_right': 0, 'expire': None, 'key': None, 'widget': None, 'events_when_added': [], 'events_when_removed': [], 'bitmap_font': False, 'font_kerning': True, 'bold': False, 'italic': False, 'number_grouping': False, 'min_digits': 0, 'halign': 'center', 'valign': 'middle', 'rotation': 0, 'scale': 1.0, 'casing': None, 'animations': None}, {'type': 'text', 'text': 'BALL (ball)', 'y': '10', 'x': 'right-10', 'anchor_x': 'right', 'anchor_y': 'bottom', 'font_size': 50, '_default_settings': ['type', 'text', 'y', 'x', 'anchor_x', 'anchor_y', 'font_size'], 'round_anchor_x': None, 'round_anchor_y': None, 'opacity': 1.0, 'z': 0, 'reset_animations_events': {}, 'color': [1.0, 1.0, 1.0, 1.0], 'style': [], 'adjust_top': 0, 'adjust_bottom': 0, 'adjust_left': 0, 'adjust_right': 0, 'expire': None, 'key': None, 'widget': None, 'events_when_added': [], 'events_when_removed': [], 'bitmap_font': False, 'font_kerning': True, 'bold': False, 'italic': False, 'number_grouping': False, 'min_digits': 0, 'halign': 'center', 'valign': 'middle', 'rotation': 0, 'scale': 1.0, 'casing': None, 'animations': None}], 'target': None, 'background_color': [0.0, 0.0, 0.0, 1.0], 'priority': None, 'show': True, 'force': False, 'expire': None, 'slide': None, 'tokens': {}, 'action': 'play'}}, 'context': 'base', 'calling_context': 'mode_base_started', 'priority': 100, 'queue': '<QueuedEvent>', 'player': 1, 'ball': 1, 'balls_remaining': 4, 'is_extra_ball': False}
2020-10-04 08:02:08,135 : mpfmc : SlidePlayer: Play called with settings={'widgets': {'widgets': [{'type': 'text', 'text': '(score)', 'number_grouping': True, 'min_digits': 2, 'font_size': 100, '_default_settings': ['type', 'text', 'number_grouping', 'min_digits', 'font_size'], 'x': None, 'y': None, 'anchor_x': 'center', 'anchor_y': 'center', 'round_anchor_x': None, 'round_anchor_y': None, 'opacity': 1.0, 'z': 0, 'reset_animations_events': {}, 'color': [1.0, 1.0, 1.0, 1.0], 'style': [], 'adjust_top': 0, 'adjust_bottom': 0, 'adjust_left': 0, 'adjust_right': 0, 'expire': None, 'key': None, 'widget': None, 'events_when_added': [], 'events_when_removed': [], 'bitmap_font': False, 'font_kerning': True, 'bold': False, 'italic': False, 'halign': 'center', 'valign': 'middle', 'rotation': 0, 'scale': 1.0, 'casing': None, 'animations': None}, {'type': 'text', 'text': 'Player (player)', 'y': '10', 'x': '10', 'font_size': 30, 'anchor_x': 'left', 'anchor_y': 'bottom', '_default_settings': ['type', 'text', 'y', 'x', 'font_size', 'anchor_x', 'anchor_y'], 'round_anchor_x': None, 'round_anchor_y': None, 'opacity': 1.0, 'z': 0, 'reset_animations_events': {}, 'color': [1.0, 1.0, 1.0, 1.0], 'style': [], 'adjust_top': 0, 'adjust_bottom': 0, 'adjust_left': 0, 'adjust_right': 0, 'expire': None, 'key': None, 'widget': None, 'events_when_added': [], 'events_when_removed': [], 'bitmap_font': False, 'font_kerning': True, 'bold': False, 'italic': False, 'number_grouping': False, 'min_digits': 0, 'halign': 'center', 'valign': 'middle', 'rotation': 0, 'scale': 1.0, 'casing': None, 'animations': None}, {'type': 'text', 'text': 'BALL (ball)', 'y': '10', 'x': 'right-10', 'anchor_x': 'right', 'anchor_y': 'bottom', 'font_size': 50, '_default_settings': ['type', 'text', 'y', 'x', 'anchor_x', 'anchor_y', 'font_size'], 'round_anchor_x': None, 'round_anchor_y': None, 'opacity': 1.0, 'z': 0, 'reset_animations_events': {}, 'color': [1.0, 1.0, 1.0, 1.0], 'style': [], 'adjust_top': 0, 'adjust_bottom': 0, 'adjust_left': 0, 'adjust_right': 0, 'expire': None, 'key': None, 'widget': None, 'events_when_added': [], 'events_when_removed': [], 'bitmap_font': False, 'font_kerning': True, 'bold': False, 'italic': False, 'number_grouping': False, 'min_digits': 0, 'halign': 'center', 'valign': 'middle', 'rotation': 0, 'scale': 1.0, 'casing': None, 'animations': None}], 'target': None, 'background_color': [0.0, 0.0, 0.0, 1.0], 'priority': None, 'show': True, 'force': False, 'expire': None, 'slide': None, 'tokens': {}, 'action': 'play'}}
2020-10-04 08:02:08,149 : EventManager : Event: ======'slide_base.slide_player-mode_base_started_created'====== Args={}
2020-10-04 08:02:08,155 : EventManager : Event: ======'slide_base.slide_player-mode_base_started_active'====== Args={}
2020-10-04 08:02:08,383 : EventManager : Event: ======'machine_var_audits_switches_s_plunger'====== Args={'value': 538, 'prev_value': 537, 'change': 1}
2020-10-04 08:02:09,893 : EventManager : Event: ======'machine_var_audits_switches_s_exit_shooter_lane'====== Args={'value': 350, 'prev_value': 349, 'change': 1}
2020-10-04 08:02:11,130 : EventManager : Event: ======'machine_var_audits_switches_s_soul_S'====== Args={'value': 92, 'prev_value': 91, 'change': 1}
2020-10-04 08:02:11,130 : EventManager : Event: ======'player_shot_soul_S'====== Args={'value': 1, 'prev_value': 0, 'change': 1, 'player_num': 1}
2020-10-04 08:02:11,130 : EventManager : Event: ======'machine_var_audits_shots_soul_S'====== Args={'value': 92, 'prev_value': 91, 'change': 1}
2020-10-04 08:02:11,131 : EventManager : Event: ======'player_score'====== Args={'value': 10, 'prev_value': 0, 'change': 10, 'player_num': 1}
2020-10-04 08:02:12,107 : EventManager : Event: ======'machine_var_audits_switches_s_soul_O'====== Args={'value': 84, 'prev_value': 83, 'change': 1}
2020-10-04 08:02:12,107 : EventManager : Event: ======'player_shot_soul_O'====== Args={'value': 1, 'prev_value': 0, 'change': 1, 'player_num': 1}
2020-10-04 08:02:12,108 : EventManager : Event: ======'machine_var_audits_shots_soul_O'====== Args={'value': 79, 'prev_value': 78, 'change': 1}
2020-10-04 08:02:12,108 : EventManager : Event: ======'player_score'====== Args={'value': 20, 'prev_value': 10, 'change': 10, 'player_num': 1}
2020-10-04 08:02:12,523 : EventManager : Event: ======'machine_var_audits_switches_s_soul_U'====== Args={'value': 79, 'prev_value': 78, 'change': 1}
2020-10-04 08:02:12,523 : EventManager : Event: ======'player_shot_soul_U'====== Args={'value': 1, 'prev_value': 0, 'change': 1, 'player_num': 1}
2020-10-04 08:02:12,523 : EventManager : Event: ======'machine_var_audits_shots_soul_U'====== Args={'value': 79, 'prev_value': 78, 'change': 1}
2020-10-04 08:02:12,524 : EventManager : Event: ======'player_score'====== Args={'value': 30, 'prev_value': 20, 'change': 10, 'player_num': 1}
2020-10-04 08:02:13,819 : EventManager : Event: ======'machine_var_audits_switches_s_soul_L'====== Args={'value': 75, 'prev_value': 74, 'change': 1}
2020-10-04 08:02:13,820 : EventManager : Event: ======'player_shot_soul_L'====== Args={'value': 1, 'prev_value': 0, 'change': 1, 'player_num': 1}
2020-10-04 08:02:13,820 : EventManager : Event: ======'machine_var_audits_shots_soul_L'====== Args={'value': 74, 'prev_value': 73, 'change': 1}
2020-10-04 08:02:13,820 : EventManager : Event: ======'player_score'====== Args={'value': 40, 'prev_value': 30, 'change': 10, 'player_num': 1}
2020-10-04 08:02:13,820 : EventManager : Event: ======'player_score'====== Args={'value': 1040, 'prev_value': 40, 'change': 1000, 'player_num': 1}
2020-10-04 08:02:13,821 : EventManager : Event: ======'player_bonus_multiplier'====== Args={'value': 1, 'prev_value': 0, 'change': 1, 'player_num': 1}
2020-10-04 08:02:14,808 : EventManager : Event: ======'player_shot_soul_S'====== Args={'value': 0, 'prev_value': 1, 'change': -1, 'player_num': 1}
2020-10-04 08:02:14,813 : EventManager : Event: ======'player_shot_soul_O'====== Args={'value': 0, 'prev_value': 1, 'change': -1, 'player_num': 1}
2020-10-04 08:02:14,813 : EventManager : Event: ======'player_shot_soul_U'====== Args={'value': 0, 'prev_value': 1, 'change': -1, 'player_num': 1}
2020-10-04 08:02:14,813 : EventManager : Event: ======'player_shot_soul_L'====== Args={'value': 0, 'prev_value': 1, 'change': -1, 'player_num': 1}
2020-10-04 08:02:15,228 : EventManager : Event: ======'machine_var_audits_switches_s_soul_S'====== Args={'value': 93, 'prev_value': 92, 'change': 1}
2020-10-04 08:02:15,228 : EventManager : Event: ======'player_shot_soul_S'====== Args={'value': 1, 'prev_value': 0, 'change': 1, 'player_num': 1}
2020-10-04 08:02:15,229 : EventManager : Event: ======'machine_var_audits_shots_soul_S'====== Args={'value': 93, 'prev_value': 92, 'change': 1}
2020-10-04 08:02:15,229 : EventManager : Event: ======'player_score'====== Args={'value': 1050, 'prev_value': 1040, 'change': 10, 'player_num': 1}
2020-10-04 08:02:15,695 : EventManager : Event: ======'machine_var_audits_switches_s_soul_O'====== Args={'value': 85, 'prev_value': 84, 'change': 1}
2020-10-04 08:02:15,695 : EventManager : Event: ======'player_shot_soul_O'====== Args={'value': 1, 'prev_value': 0, 'change': 1, 'player_num': 1}
2020-10-04 08:02:15,696 : EventManager : Event: ======'machine_var_audits_shots_soul_O'====== Args={'value': 80, 'prev_value': 79, 'change': 1}
2020-10-04 08:02:15,697 : EventManager : Event: ======'player_score'====== Args={'value': 1060, 'prev_value': 1050, 'change': 10, 'player_num': 1}
2020-10-04 08:02:16,130 : EventManager : Event: ======'machine_var_audits_switches_s_soul_U'====== Args={'value': 80, 'prev_value': 79, 'change': 1}
2020-10-04 08:02:16,130 : EventManager : Event: ======'player_shot_soul_U'====== Args={'value': 1, 'prev_value': 0, 'change': 1, 'player_num': 1}
2020-10-04 08:02:16,130 : EventManager : Event: ======'machine_var_audits_shots_soul_U'====== Args={'value': 80, 'prev_value': 79, 'change': 1}
2020-10-04 08:02:16,130 : EventManager : Event: ======'player_score'====== Args={'value': 1070, 'prev_value': 1060, 'change': 10, 'player_num': 1}
2020-10-04 08:02:17,822 : EventManager : Event: ======'machine_var_audits_switches_s_soul_L'====== Args={'value': 76, 'prev_value': 75, 'change': 1}
2020-10-04 08:02:17,834 : EventManager : Event: ======'player_shot_soul_L'====== Args={'value': 1, 'prev_value': 0, 'change': 1, 'player_num': 1}
2020-10-04 08:02:17,835 : EventManager : Event: ======'machine_var_audits_shots_soul_L'====== Args={'value': 75, 'prev_value': 74, 'change': 1}
2020-10-04 08:02:17,835 : EventManager : Event: ======'player_score'====== Args={'value': 1080, 'prev_value': 1070, 'change': 10, 'player_num': 1}
2020-10-04 08:02:17,860 : EventManager : Event: ======'player_score'====== Args={'value': 2080, 'prev_value': 1080, 'change': 1000, 'player_num': 1}
2020-10-04 08:02:17,860 : EventManager : Event: ======'player_bonus_multiplier'====== Args={'value': 2, 'prev_value': 1, 'change': 1, 'player_num': 1}
2020-10-04 08:02:18,893 : EventManager : Event: ======'player_shot_soul_S'====== Args={'value': 0, 'prev_value': 1, 'change': -1, 'player_num': 1}
2020-10-04 08:02:18,894 : EventManager : Event: ======'player_shot_soul_O'====== Args={'value': 0, 'prev_value': 1, 'change': -1, 'player_num': 1}
2020-10-04 08:02:18,894 : EventManager : Event: ======'player_shot_soul_U'====== Args={'value': 0, 'prev_value': 1, 'change': -1, 'player_num': 1}
2020-10-04 08:02:18,894 : EventManager : Event: ======'player_shot_soul_L'====== Args={'value': 0, 'prev_value': 1, 'change': -1, 'player_num': 1}
2020-10-04 08:02:19,203 : EventManager : Event: ======'machine_var_audits_switches_s_soul_S'====== Args={'value': 94, 'prev_value': 93, 'change': 1}
2020-10-04 08:02:19,204 : EventManager : Event: ======'player_shot_soul_S'====== Args={'value': 1, 'prev_value': 0, 'change': 1, 'player_num': 1}
2020-10-04 08:02:19,204 : EventManager : Event: ======'machine_var_audits_shots_soul_S'====== Args={'value': 94, 'prev_value': 93, 'change': 1}
2020-10-04 08:02:19,204 : EventManager : Event: ======'player_score'====== Args={'value': 2090, 'prev_value': 2080, 'change': 10, 'player_num': 1}
2020-10-04 08:02:19,443 : EventManager : Event: ======'machine_var_audits_switches_s_soul_O'====== Args={'value': 86, 'prev_value': 85, 'change': 1}
2020-10-04 08:02:19,443 : EventManager : Event: ======'player_shot_soul_O'====== Args={'value': 1, 'prev_value': 0, 'change': 1, 'player_num': 1}
2020-10-04 08:02:19,444 : EventManager : Event: ======'machine_var_audits_shots_soul_O'====== Args={'value': 81, 'prev_value': 80, 'change': 1}
2020-10-04 08:02:19,444 : EventManager : Event: ======'player_score'====== Args={'value': 2100, 'prev_value': 2090, 'change': 10, 'player_num': 1}
2020-10-04 08:02:19,776 : EventManager : Event: ======'machine_var_audits_switches_s_soul_U'====== Args={'value': 81, 'prev_value': 80, 'change': 1}
2020-10-04 08:02:19,776 : EventManager : Event: ======'player_shot_soul_U'====== Args={'value': 1, 'prev_value': 0, 'change': 1, 'player_num': 1}
2020-10-04 08:02:19,776 : EventManager : Event: ======'machine_var_audits_shots_soul_U'====== Args={'value': 81, 'prev_value': 80, 'change': 1}
2020-10-04 08:02:19,777 : EventManager : Event: ======'player_score'====== Args={'value': 2110, 'prev_value': 2100, 'change': 10, 'player_num': 1}
2020-10-04 08:02:21,201 : EventManager : Event: ======'machine_var_audits_switches_s_soul_L'====== Args={'value': 77, 'prev_value': 76, 'change': 1}
2020-10-04 08:02:21,214 : EventManager : Event: ======'player_shot_soul_L'====== Args={'value': 1, 'prev_value': 0, 'change': 1, 'player_num': 1}
2020-10-04 08:02:21,214 : EventManager : Event: ======'machine_var_audits_shots_soul_L'====== Args={'value': 76, 'prev_value': 75, 'change': 1}
2020-10-04 08:02:21,230 : EventManager : Event: ======'player_score'====== Args={'value': 2120, 'prev_value': 2110, 'change': 10, 'player_num': 1}
2020-10-04 08:02:21,231 : EventManager : Event: ======'player_score'====== Args={'value': 3120, 'prev_value': 2120, 'change': 1000, 'player_num': 1}
2020-10-04 08:02:21,231 : EventManager : Event: ======'player_bonus_multiplier'====== Args={'value': 3, 'prev_value': 2, 'change': 1, 'player_num': 1}
2020-10-04 08:02:21,996 : EventManager : Event: ======'machine_var_audits_switches_s_soul_S'====== Args={'value': 95, 'prev_value': 94, 'change': 1}
2020-10-04 08:02:21,996 : EventManager : Event: ======'machine_var_audits_shots_soul_S'====== Args={'value': 95, 'prev_value': 94, 'change': 1}
2020-10-04 08:02:21,996 : EventManager : Event: ======'player_score'====== Args={'value': 3130, 'prev_value': 3120, 'change': 10, 'player_num': 1}
2020-10-04 08:02:22,183 : EventManager : Event: ======'machine_var_audits_switches_s_soul_O'====== Args={'value': 87, 'prev_value': 86, 'change': 1}
2020-10-04 08:02:22,183 : EventManager : Event: ======'machine_var_audits_shots_soul_O'====== Args={'value': 82, 'prev_value': 81, 'change': 1}
2020-10-04 08:02:22,183 : EventManager : Event: ======'player_score'====== Args={'value': 3140, 'prev_value': 3130, 'change': 10, 'player_num': 1}
2020-10-04 08:02:22,250 : EventManager : Event: ======'player_shot_soul_S'====== Args={'value': 0, 'prev_value': 1, 'change': -1, 'player_num': 1}
2020-10-04 08:02:22,251 : EventManager : Event: ======'player_shot_soul_O'====== Args={'value': 0, 'prev_value': 1, 'change': -1, 'player_num': 1}
2020-10-04 08:02:22,251 : EventManager : Event: ======'player_shot_soul_U'====== Args={'value': 0, 'prev_value': 1, 'change': -1, 'player_num': 1}
2020-10-04 08:02:22,251 : EventManager : Event: ======'player_shot_soul_L'====== Args={'value': 0, 'prev_value': 1, 'change': -1, 'player_num': 1}
2020-10-04 08:02:22,484 : EventManager : Event: ======'machine_var_audits_switches_s_soul_U'====== Args={'value': 82, 'prev_value': 81, 'change': 1}
2020-10-04 08:02:22,485 : EventManager : Event: ======'player_shot_soul_U'====== Args={'value': 1, 'prev_value': 0, 'change': 1, 'player_num': 1}
2020-10-04 08:02:22,485 : EventManager : Event: ======'machine_var_audits_shots_soul_U'====== Args={'value': 82, 'prev_value': 81, 'change': 1}
2020-10-04 08:02:22,485 : EventManager : Event: ======'player_score'====== Args={'value': 3150, 'prev_value': 3140, 'change': 10, 'player_num': 1}
2020-10-04 08:02:22,826 : EventManager : Event: ======'machine_var_audits_switches_s_soul_L'====== Args={'value': 78, 'prev_value': 77, 'change': 1}
2020-10-04 08:02:22,826 : EventManager : Event: ======'player_shot_soul_L'====== Args={'value': 1, 'prev_value': 0, 'change': 1, 'player_num': 1}
2020-10-04 08:02:22,826 : EventManager : Event: ======'machine_var_audits_shots_soul_L'====== Args={'value': 77, 'prev_value': 76, 'change': 1}
2020-10-04 08:02:22,826 : EventManager : Event: ======'player_score'====== Args={'value': 3160, 'prev_value': 3150, 'change': 10, 'player_num': 1}
2020-10-04 08:02:25,163 : EventManager : Event: ======'machine_var_audits_switches_s_soul_S'====== Args={'value': 96, 'prev_value': 95, 'change': 1}
2020-10-04 08:02:25,164 : EventManager : Event: ======'player_shot_soul_S'====== Args={'value': 1, 'prev_value': 0, 'change': 1, 'player_num': 1}
2020-10-04 08:02:25,164 : EventManager : Event: ======'machine_var_audits_shots_soul_S'====== Args={'value': 96, 'prev_value': 95, 'change': 1}
2020-10-04 08:02:25,165 : EventManager : Event: ======'player_score'====== Args={'value': 3170, 'prev_value': 3160, 'change': 10, 'player_num': 1}
2020-10-04 08:02:25,998 : EventManager : Event: ======'machine_var_audits_switches_s_soul_L'====== Args={'value': 79, 'prev_value': 78, 'change': 1}
2020-10-04 08:02:25,998 : EventManager : Event: ======'machine_var_audits_shots_soul_L'====== Args={'value': 78, 'prev_value': 77, 'change': 1}
2020-10-04 08:02:25,999 : EventManager : Event: ======'player_score'====== Args={'value': 3180, 'prev_value': 3170, 'change': 10, 'player_num': 1}
2020-10-04 08:02:26,629 : EventManager : Event: ======'machine_var_audits_switches_s_soul_O'====== Args={'value': 88, 'prev_value': 87, 'change': 1}
2020-10-04 08:02:26,630 : EventManager : Event: ======'player_shot_soul_O'====== Args={'value': 1, 'prev_value': 0, 'change': 1, 'player_num': 1}
2020-10-04 08:02:26,630 : EventManager : Event: ======'machine_var_audits_shots_soul_O'====== Args={'value': 83, 'prev_value': 82, 'change': 1}
2020-10-04 08:02:26,630 : EventManager : Event: ======'player_score'====== Args={'value': 3190, 'prev_value': 3180, 'change': 10, 'player_num': 1}
2020-10-04 08:02:26,630 : EventManager : Event: ======'player_score'====== Args={'value': 4190, 'prev_value': 3190, 'change': 1000, 'player_num': 1}
2020-10-04 08:02:27,629 : EventManager : Event: ======'player_shot_soul_S'====== Args={'value': 0, 'prev_value': 1, 'change': -1, 'player_num': 1}
2020-10-04 08:02:27,629 : EventManager : Event: ======'player_shot_soul_O'====== Args={'value': 0, 'prev_value': 1, 'change': -1, 'player_num': 1}
2020-10-04 08:02:27,629 : EventManager : Event: ======'player_shot_soul_U'====== Args={'value': 0, 'prev_value': 1, 'change': -1, 'player_num': 1}
2020-10-04 08:02:27,630 : EventManager : Event: ======'player_shot_soul_L'====== Args={'value': 0, 'prev_value': 1, 'change': -1, 'player_num': 1}
2020-10-04 08:02:28,033 : EventManager : Event: ======'machine_var_audits_switches_s_soul_S'====== Args={'value': 97, 'prev_value': 96, 'change': 1}
2020-10-04 08:02:28,034 : EventManager : Event: ======'player_shot_soul_S'====== Args={'value': 1, 'prev_value': 0, 'change': 1, 'player_num': 1}
2020-10-04 08:02:28,034 : EventManager : Event: ======'machine_var_audits_shots_soul_S'====== Args={'value': 97, 'prev_value': 96, 'change': 1}
2020-10-04 08:02:28,034 : EventManager : Event: ======'player_score'====== Args={'value': 4200, 'prev_value': 4190, 'change': 10, 'player_num': 1}
2020-10-04 08:02:28,628 : EventManager : Event: ======'machine_var_audits_switches_s_soul_O'====== Args={'value': 89, 'prev_value': 88, 'change': 1}
2020-10-04 08:02:28,628 : EventManager : Event: ======'player_shot_soul_O'====== Args={'value': 1, 'prev_value': 0, 'change': 1, 'player_num': 1}
2020-10-04 08:02:28,628 : EventManager : Event: ======'machine_var_audits_shots_soul_O'====== Args={'value': 84, 'prev_value': 83, 'change': 1}
2020-10-04 08:02:28,629 : EventManager : Event: ======'player_score'====== Args={'value': 4210, 'prev_value': 4200, 'change': 10, 'player_num': 1}
2020-10-04 08:02:29,138 : EventManager : Event: ======'machine_var_audits_switches_s_soul_U'====== Args={'value': 83, 'prev_value': 82, 'change': 1}
2020-10-04 08:02:29,138 : EventManager : Event: ======'player_shot_soul_U'====== Args={'value': 1, 'prev_value': 0, 'change': 1, 'player_num': 1}
2020-10-04 08:02:29,139 : EventManager : Event: ======'machine_var_audits_shots_soul_U'====== Args={'value': 83, 'prev_value': 82, 'change': 1}
2020-10-04 08:02:29,139 : EventManager : Event: ======'player_score'====== Args={'value': 4220, 'prev_value': 4210, 'change': 10, 'player_num': 1}
2020-10-04 08:02:29,764 : EventManager : Event: ======'machine_var_audits_switches_s_soul_L'====== Args={'value': 80, 'prev_value': 79, 'change': 1}
2020-10-04 08:02:29,764 : EventManager : Event: ======'player_shot_soul_L'====== Args={'value': 1, 'prev_value': 0, 'change': 1, 'player_num': 1}
2020-10-04 08:02:29,764 : EventManager : Event: ======'machine_var_audits_shots_soul_L'====== Args={'value': 79, 'prev_value': 78, 'change': 1}
2020-10-04 08:02:29,764 : EventManager : Event: ======'player_score'====== Args={'value': 4230, 'prev_value': 4220, 'change': 10, 'player_num': 1}
2020-10-04 08:02:29,765 : EventManager : Event: ======'player_score'====== Args={'value': 5230, 'prev_value': 4230, 'change': 1000, 'player_num': 1}
2020-10-04 08:02:30,549 : EventManager : Event: ======'machine_var_audits_switches_s_soul_S'====== Args={'value': 98, 'prev_value': 97, 'change': 1}
2020-10-04 08:02:30,549 : EventManager : Event: ======'machine_var_audits_shots_soul_S'====== Args={'value': 98, 'prev_value': 97, 'change': 1}
2020-10-04 08:02:30,550 : EventManager : Event: ======'player_score'====== Args={'value': 5240, 'prev_value': 5230, 'change': 10, 'player_num': 1}
2020-10-04 08:02:30,765 : EventManager : Event: ======'player_shot_soul_S'====== Args={'value': 0, 'prev_value': 1, 'change': -1, 'player_num': 1}
2020-10-04 08:02:30,765 : EventManager : Event: ======'player_shot_soul_O'====== Args={'value': 0, 'prev_value': 1, 'change': -1, 'player_num': 1}
2020-10-04 08:02:30,778 : EventManager : Event: ======'player_shot_soul_U'====== Args={'value': 0, 'prev_value': 1, 'change': -1, 'player_num': 1}
2020-10-04 08:02:30,778 : EventManager : Event: ======'player_shot_soul_L'====== Args={'value': 0, 'prev_value': 1, 'change': -1, 'player_num': 1}
2020-10-04 08:02:30,959 : EventManager : Event: ======'machine_var_audits_switches_s_soul_O'====== Args={'value': 90, 'prev_value': 89, 'change': 1}
2020-10-04 08:02:30,959 : EventManager : Event: ======'player_shot_soul_O'====== Args={'value': 1, 'prev_value': 0, 'change': 1, 'player_num': 1}
2020-10-04 08:02:30,959 : EventManager : Event: ======'machine_var_audits_shots_soul_O'====== Args={'value': 85, 'prev_value': 84, 'change': 1}
2020-10-04 08:02:30,959 : EventManager : Event: ======'player_score'====== Args={'value': 5250, 'prev_value': 5240, 'change': 10, 'player_num': 1}
2020-10-04 08:02:31,296 : EventManager : Event: ======'machine_var_audits_switches_s_soul_U'====== Args={'value': 84, 'prev_value': 83, 'change': 1}
2020-10-04 08:02:31,296 : EventManager : Event: ======'player_shot_soul_U'====== Args={'value': 1, 'prev_value': 0, 'change': 1, 'player_num': 1}
2020-10-04 08:02:31,296 : EventManager : Event: ======'machine_var_audits_shots_soul_U'====== Args={'value': 84, 'prev_value': 83, 'change': 1}
2020-10-04 08:02:31,296 : EventManager : Event: ======'player_score'====== Args={'value': 5260, 'prev_value': 5250, 'change': 10, 'player_num': 1}
2020-10-04 08:02:32,025 : EventManager : Event: ======'machine_var_audits_switches_s_soul_L'====== Args={'value': 81, 'prev_value': 80, 'change': 1}
2020-10-04 08:02:32,025 : EventManager : Event: ======'player_shot_soul_L'====== Args={'value': 1, 'prev_value': 0, 'change': 1, 'player_num': 1}
2020-10-04 08:02:32,025 : EventManager : Event: ======'machine_var_audits_shots_soul_L'====== Args={'value': 80, 'prev_value': 79, 'change': 1}
2020-10-04 08:02:32,025 : EventManager : Event: ======'player_score'====== Args={'value': 5270, 'prev_value': 5260, 'change': 10, 'player_num': 1}
2020-10-04 08:02:33,009 : EventManager : Event: ======'machine_var_audits_switches_s_soul_S'====== Args={'value': 99, 'prev_value': 98, 'change': 1}
2020-10-04 08:02:33,010 : EventManager : Event: ======'player_shot_soul_S'====== Args={'value': 1, 'prev_value': 0, 'change': 1, 'player_num': 1}
2020-10-04 08:02:33,010 : EventManager : Event: ======'machine_var_audits_shots_soul_S'====== Args={'value': 99, 'prev_value': 98, 'change': 1}
2020-10-04 08:02:33,010 : EventManager : Event: ======'player_score'====== Args={'value': 5280, 'prev_value': 5270, 'change': 10, 'player_num': 1}
2020-10-04 08:02:33,010 : EventManager : Event: ======'player_score'====== Args={'value': 6280, 'prev_value': 5280, 'change': 1000, 'player_num': 1}
2020-10-04 08:02:34,014 : EventManager : Event: ======'player_shot_soul_S'====== Args={'value': 0, 'prev_value': 1, 'change': -1, 'player_num': 1}
2020-10-04 08:02:34,015 : EventManager : Event: ======'player_shot_soul_O'====== Args={'value': 0, 'prev_value': 1, 'change': -1, 'player_num': 1}
2020-10-04 08:02:34,015 : EventManager : Event: ======'player_shot_soul_U'====== Args={'value': 0, 'prev_value': 1, 'change': -1, 'player_num': 1}
2020-10-04 08:02:34,015 : EventManager : Event: ======'player_shot_soul_L'====== Args={'value': 0, 'prev_value': 1, 'change': -1, 'player_num': 1}
2020-10-04 08:02:34,125 : EventManager : Event: ======'machine_var_audits_switches_s_soul_S'====== Args={'value': 100, 'prev_value': 99, 'change': 1}
2020-10-04 08:02:34,125 : EventManager : Event: ======'player_shot_soul_S'====== Args={'value': 1, 'prev_value': 0, 'change': 1, 'player_num': 1}
2020-10-04 08:02:34,125 : EventManager : Event: ======'machine_var_audits_shots_soul_S'====== Args={'value': 100, 'prev_value': 99, 'change': 1}
2020-10-04 08:02:34,125 : EventManager : Event: ======'player_score'====== Args={'value': 6290, 'prev_value': 6280, 'change': 10, 'player_num': 1}
2020-10-04 08:02:34,919 : EventManager : Event: ======'machine_var_audits_switches_s_soul_O'====== Args={'value': 91, 'prev_value': 90, 'change': 1}
2020-10-04 08:02:34,919 : EventManager : Event: ======'player_shot_soul_O'====== Args={'value': 1, 'prev_value': 0, 'change': 1, 'player_num': 1}
2020-10-04 08:02:34,919 : EventManager : Event: ======'machine_var_audits_shots_soul_O'====== Args={'value': 86, 'prev_value': 85, 'change': 1}
2020-10-04 08:02:34,919 : EventManager : Event: ======'player_score'====== Args={'value': 6300, 'prev_value': 6290, 'change': 10, 'player_num': 1}
2020-10-04 08:02:35,290 : EventManager : Event: ======'machine_var_audits_switches_s_soul_U'====== Args={'value': 85, 'prev_value': 84, 'change': 1}
2020-10-04 08:02:35,290 : EventManager : Event: ======'player_shot_soul_U'====== Args={'value': 1, 'prev_value': 0, 'change': 1, 'player_num': 1}
2020-10-04 08:02:35,290 : EventManager : Event: ======'machine_var_audits_shots_soul_U'====== Args={'value': 85, 'prev_value': 84, 'change': 1}
2020-10-04 08:02:35,290 : EventManager : Event: ======'player_score'====== Args={'value': 6310, 'prev_value': 6300, 'change': 10, 'player_num': 1}
2020-10-04 08:02:35,981 : EventManager : Event: ======'machine_var_audits_switches_s_soul_L'====== Args={'value': 82, 'prev_value': 81, 'change': 1}
2020-10-04 08:02:35,981 : EventManager : Event: ======'player_shot_soul_L'====== Args={'value': 1, 'prev_value': 0, 'change': 1, 'player_num': 1}
2020-10-04 08:02:35,983 : EventManager : Event: ======'machine_var_audits_shots_soul_L'====== Args={'value': 81, 'prev_value': 80, 'change': 1}
2020-10-04 08:02:35,984 : EventManager : Event: ======'player_score'====== Args={'value': 6320, 'prev_value': 6310, 'change': 10, 'player_num': 1}
2020-10-04 08:02:35,984 : EventManager : Event: ======'player_score'====== Args={'value': 7320, 'prev_value': 6320, 'change': 1000, 'player_num': 1}
2020-10-04 08:02:36,836 : EventManager : Event: ======'machine_var_audits_switches_s_soul_S'====== Args={'value': 101, 'prev_value': 100, 'change': 1}
2020-10-04 08:02:36,836 : EventManager : Event: ======'machine_var_audits_shots_soul_S'====== Args={'value': 101, 'prev_value': 100, 'change': 1}
2020-10-04 08:02:36,836 : EventManager : Event: ======'player_score'====== Args={'value': 7330, 'prev_value': 7320, 'change': 10, 'player_num': 1}
2020-10-04 08:02:36,975 : EventManager : Event: ======'player_shot_soul_S'====== Args={'value': 0, 'prev_value': 1, 'change': -1, 'player_num': 1}
2020-10-04 08:02:36,975 : EventManager : Event: ======'player_shot_soul_O'====== Args={'value': 0, 'prev_value': 1, 'change': -1, 'player_num': 1}
2020-10-04 08:02:36,975 : EventManager : Event: ======'player_shot_soul_U'====== Args={'value': 0, 'prev_value': 1, 'change': -1, 'player_num': 1}
2020-10-04 08:02:36,976 : EventManager : Event: ======'player_shot_soul_L'====== Args={'value': 0, 'prev_value': 1, 'change': -1, 'player_num': 1}
2020-10-04 08:02:37,380 : EventManager : Event: ======'machine_var_audits_switches_s_soul_O'====== Args={'value': 92, 'prev_value': 91, 'change': 1}
2020-10-04 08:02:37,380 : EventManager : Event: ======'player_shot_soul_O'====== Args={'value': 1, 'prev_value': 0, 'change': 1, 'player_num': 1}
2020-10-04 08:02:37,380 : EventManager : Event: ======'machine_var_audits_shots_soul_O'====== Args={'value': 87, 'prev_value': 86, 'change': 1}
2020-10-04 08:02:37,381 : EventManager : Event: ======'player_score'====== Args={'value': 7340, 'prev_value': 7330, 'change': 10, 'player_num': 1}
2020-10-04 08:02:37,766 : EventManager : Event: ======'machine_var_audits_switches_s_soul_U'====== Args={'value': 86, 'prev_value': 85, 'change': 1}
2020-10-04 08:02:37,766 : EventManager : Event: ======'player_shot_soul_U'====== Args={'value': 1, 'prev_value': 0, 'change': 1, 'player_num': 1}
2020-10-04 08:02:37,766 : EventManager : Event: ======'machine_var_audits_shots_soul_U'====== Args={'value': 86, 'prev_value': 85, 'change': 1}
2020-10-04 08:02:37,766 : EventManager : Event: ======'player_score'====== Args={'value': 7350, 'prev_value': 7340, 'change': 10, 'player_num': 1}
2020-10-04 08:02:38,680 : EventManager : Event: ======'machine_var_audits_switches_s_soul_L'====== Args={'value': 83, 'prev_value': 82, 'change': 1}
2020-10-04 08:02:38,680 : EventManager : Event: ======'player_shot_soul_L'====== Args={'value': 1, 'prev_value': 0, 'change': 1, 'player_num': 1}
2020-10-04 08:02:38,680 : EventManager : Event: ======'machine_var_audits_shots_soul_L'====== Args={'value': 82, 'prev_value': 81, 'change': 1}
2020-10-04 08:02:38,680 : EventManager : Event: ======'player_score'====== Args={'value': 7360, 'prev_value': 7350, 'change': 10, 'player_num': 1}
2020-10-04 08:02:39,889 : EventManager : Event: ======'machine_var_audits_switches_s_soul_L'====== Args={'value': 84, 'prev_value': 83, 'change': 1}
2020-10-04 08:02:39,901 : EventManager : Event: ======'machine_var_audits_shots_soul_L'====== Args={'value': 83, 'prev_value': 82, 'change': 1}
2020-10-04 08:02:39,901 : EventManager : Event: ======'player_score'====== Args={'value': 7370, 'prev_value': 7360, 'change': 10, 'player_num': 1}
2020-10-04 08:02:40,772 : EventManager : Event: ======'machine_var_audits_switches_s_soul_U'====== Args={'value': 87, 'prev_value': 86, 'change': 1}
2020-10-04 08:02:40,773 : EventManager : Event: ======'machine_var_audits_shots_soul_U'====== Args={'value': 87, 'prev_value': 86, 'change': 1}
2020-10-04 08:02:40,773 : EventManager : Event: ======'player_score'====== Args={'value': 7380, 'prev_value': 7370, 'change': 10, 'player_num': 1}
2020-10-04 08:02:41,222 : EventManager : Event: ======'machine_var_audits_switches_s_soul_O'====== Args={'value': 93, 'prev_value': 92, 'change': 1}
2020-10-04 08:02:41,222 : EventManager : Event: ======'machine_var_audits_shots_soul_O'====== Args={'value': 88, 'prev_value': 87, 'change': 1}
2020-10-04 08:02:41,222 : EventManager : Event: ======'player_score'====== Args={'value': 7390, 'prev_value': 7380, 'change': 10, 'player_num': 1}
2020-10-04 08:02:41,847 : EventManager : Event: ======'machine_var_audits_switches_s_soul_S'====== Args={'value': 102, 'prev_value': 101, 'change': 1}
2020-10-04 08:02:41,848 : EventManager : Event: ======'player_shot_soul_S'====== Args={'value': 1, 'prev_value': 0, 'change': 1, 'player_num': 1}
2020-10-04 08:02:41,848 : EventManager : Event: ======'machine_var_audits_shots_soul_S'====== Args={'value': 102, 'prev_value': 101, 'change': 1}
2020-10-04 08:02:41,848 : EventManager : Event: ======'player_score'====== Args={'value': 7400, 'prev_value': 7390, 'change': 10, 'player_num': 1}
2020-10-04 08:02:41,848 : EventManager : Event: ======'player_score'====== Args={'value': 8400, 'prev_value': 7400, 'change': 1000, 'player_num': 1}
2020-10-04 08:02:42,846 : EventManager : Event: ======'player_shot_soul_S'====== Args={'value': 0, 'prev_value': 1, 'change': -1, 'player_num': 1}
2020-10-04 08:02:42,846 : EventManager : Event: ======'player_shot_soul_O'====== Args={'value': 0, 'prev_value': 1, 'change': -1, 'player_num': 1}
2020-10-04 08:02:42,847 : EventManager : Event: ======'player_shot_soul_U'====== Args={'value': 0, 'prev_value': 1, 'change': -1, 'player_num': 1}
2020-10-04 08:02:42,847 : EventManager : Event: ======'player_shot_soul_L'====== Args={'value': 0, 'prev_value': 1, 'change': -1, 'player_num': 1}
2020-10-04 08:02:43,885 : EventManager : Event: ======'machine_var_audits_switches_s_soul_S'====== Args={'value': 103, 'prev_value': 102, 'change': 1}
2020-10-04 08:02:43,897 : EventManager : Event: ======'player_shot_soul_S'====== Args={'value': 1, 'prev_value': 0, 'change': 1, 'player_num': 1}
2020-10-04 08:02:43,898 : EventManager : Event: ======'machine_var_audits_shots_soul_S'====== Args={'value': 103, 'prev_value': 102, 'change': 1}
2020-10-04 08:02:43,919 : EventManager : Event: ======'player_score'====== Args={'value': 8410, 'prev_value': 8400, 'change': 10, 'player_num': 1}
2020-10-04 08:02:44,496 : EventManager : Event: ======'machine_var_audits_switches_s_soul_O'====== Args={'value': 94, 'prev_value': 93, 'change': 1}
2020-10-04 08:02:44,496 : EventManager : Event: ======'player_shot_soul_O'====== Args={'value': 1, 'prev_value': 0, 'change': 1, 'player_num': 1}
2020-10-04 08:02:44,496 : EventManager : Event: ======'machine_var_audits_shots_soul_O'====== Args={'value': 89, 'prev_value': 88, 'change': 1}
2020-10-04 08:02:44,517 : EventManager : Event: ======'player_score'====== Args={'value': 8420, 'prev_value': 8410, 'change': 10, 'player_num': 1}
2020-10-04 08:02:45,243 : EventManager : Event: ======'machine_var_audits_switches_s_soul_U'====== Args={'value': 88, 'prev_value': 87, 'change': 1}
2020-10-04 08:02:45,243 : EventManager : Event: ======'player_shot_soul_U'====== Args={'value': 1, 'prev_value': 0, 'change': 1, 'player_num': 1}
2020-10-04 08:02:45,243 : EventManager : Event: ======'machine_var_audits_shots_soul_U'====== Args={'value': 88, 'prev_value': 87, 'change': 1}
2020-10-04 08:02:45,244 : EventManager : Event: ======'player_score'====== Args={'value': 8430, 'prev_value': 8420, 'change': 10, 'player_num': 1}
2020-10-04 08:02:45,985 : EventManager : Event: ======'machine_var_audits_switches_s_soul_L'====== Args={'value': 85, 'prev_value': 84, 'change': 1}
2020-10-04 08:02:45,985 : EventManager : Event: ======'player_shot_soul_L'====== Args={'value': 1, 'prev_value': 0, 'change': 1, 'player_num': 1}
2020-10-04 08:02:45,986 : EventManager : Event: ======'machine_var_audits_shots_soul_L'====== Args={'value': 84, 'prev_value': 83, 'change': 1}
2020-10-04 08:02:45,986 : EventManager : Event: ======'player_score'====== Args={'value': 8440, 'prev_value': 8430, 'change': 10, 'player_num': 1}
2020-10-04 08:02:45,987 : EventManager : Event: ======'player_score'====== Args={'value': 9440, 'prev_value': 8440, 'change': 1000, 'player_num': 1}
2020-10-04 08:02:46,974 : EventManager : Event: ======'player_shot_soul_S'====== Args={'value': 0, 'prev_value': 1, 'change': -1, 'player_num': 1}
2020-10-04 08:02:46,974 : EventManager : Event: ======'player_shot_soul_O'====== Args={'value': 0, 'prev_value': 1, 'change': -1, 'player_num': 1}
2020-10-04 08:02:46,975 : EventManager : Event: ======'player_shot_soul_U'====== Args={'value': 0, 'prev_value': 1, 'change': -1, 'player_num': 1}
2020-10-04 08:02:46,975 : EventManager : Event: ======'player_shot_soul_L'====== Args={'value': 0, 'prev_value': 1, 'change': -1, 'player_num': 1}
2020-10-04 08:02:47,174 : EventManager : Event: ======'machine_var_audits_switches_s_soul_S'====== Args={'value': 104, 'prev_value': 103, 'change': 1}
2020-10-04 08:02:47,174 : EventManager : Event: ======'player_shot_soul_S'====== Args={'value': 1, 'prev_value': 0, 'change': 1, 'player_num': 1}
2020-10-04 08:02:47,174 : EventManager : Event: ======'machine_var_audits_shots_soul_S'====== Args={'value': 104, 'prev_value': 103, 'change': 1}
2020-10-04 08:02:47,175 : EventManager : Event: ======'player_score'====== Args={'value': 9450, 'prev_value': 9440, 'change': 10, 'player_num': 1}
2020-10-04 08:02:48,038 : EventManager : Event: ======'machine_var_audits_switches_s_soul_O'====== Args={'value': 95, 'prev_value': 94, 'change': 1}
2020-10-04 08:02:48,039 : EventManager : Event: ======'player_shot_soul_O'====== Args={'value': 1, 'prev_value': 0, 'change': 1, 'player_num': 1}
2020-10-04 08:02:48,039 : EventManager : Event: ======'machine_var_audits_shots_soul_O'====== Args={'value': 90, 'prev_value': 89, 'change': 1}
2020-10-04 08:02:48,039 : EventManager : Event: ======'player_score'====== Args={'value': 9460, 'prev_value': 9450, 'change': 10, 'player_num': 1}
2020-10-04 08:02:49,007 : EventManager : Event: ======'machine_var_audits_switches_s_soul_U'====== Args={'value': 89, 'prev_value': 88, 'change': 1}
2020-10-04 08:02:49,008 : EventManager : Event: ======'player_shot_soul_U'====== Args={'value': 1, 'prev_value': 0, 'change': 1, 'player_num': 1}
2020-10-04 08:02:49,008 : EventManager : Event: ======'machine_var_audits_shots_soul_U'====== Args={'value': 89, 'prev_value': 88, 'change': 1}
2020-10-04 08:02:49,009 : EventManager : Event: ======'player_score'====== Args={'value': 9470, 'prev_value': 9460, 'change': 10, 'player_num': 1}
2020-10-04 08:02:49,878 : EventManager : Event: ======'machine_var_audits_switches_s_soul_L'====== Args={'value': 86, 'prev_value': 85, 'change': 1}
2020-10-04 08:02:49,878 : EventManager : Event: ======'player_shot_soul_L'====== Args={'value': 1, 'prev_value': 0, 'change': 1, 'player_num': 1}
2020-10-04 08:02:49,878 : EventManager : Event: ======'machine_var_audits_shots_soul_L'====== Args={'value': 85, 'prev_value': 84, 'change': 1}
2020-10-04 08:02:49,879 : EventManager : Event: ======'player_score'====== Args={'value': 9480, 'prev_value': 9470, 'change': 10, 'player_num': 1}
2020-10-04 08:02:49,879 : EventManager : Event: ======'player_score'====== Args={'value': 10480, 'prev_value': 9480, 'change': 1000, 'player_num': 1}
2020-10-04 08:02:50,876 : EventManager : Event: ======'player_shot_soul_S'====== Args={'value': 0, 'prev_value': 1, 'change': -1, 'player_num': 1}
2020-10-04 08:02:50,877 : EventManager : Event: ======'player_shot_soul_O'====== Args={'value': 0, 'prev_value': 1, 'change': -1, 'player_num': 1}
2020-10-04 08:02:50,878 : EventManager : Event: ======'player_shot_soul_U'====== Args={'value': 0, 'prev_value': 1, 'change': -1, 'player_num': 1}
2020-10-04 08:02:50,889 : EventManager : Event: ======'player_shot_soul_L'====== Args={'value': 0, 'prev_value': 1, 'change': -1, 'player_num': 1}
2020-10-04 08:02:52,198 : kivy : Base: Leaving application in progress...
2020-10-04 08:02:52,491 : kivy : WindowSDL: exiting mainloop and closing.
2020-10-04 08:02:52,523 : mpfmc : Stopping...
2020-10-04 08:02:52,523 : EventManager : Event: ======'shutdown'====== Args={}
2020-10-04 08:02:52,523 : mpfmc : Loop rate 65.86 Hz
2020-10-04 08:02:52,523 : kivy : MC run loop ended.
2020-10-04 08:02:52,523 : kivy : Stopping child threads... (3 remaining)
2020-10-04 08:02:52,563 : mpfmc : Stopping...
2020-10-04 08:02:52,563 : EventManager : Event: ======'shutdown'====== Args={}
2020-10-04 08:02:52,563 : mpfmc : Loop rate 65.81 Hz
2020-10-04 08:02:52,579 : MPF-MC BCP Server : Stopping BCP sending thread
2020-10-04 08:02:53,275 : kivy : All child threads stopped.
