2020-10-04 08:16:49,785 : kivy : Factory: 184 symbols loaded
2020-10-04 08:16:50,129 : kivy : ImageLoaderFFPy: Using ffpyplayer 4.3.1
2020-10-04 08:16:50,131 : kivy : Image: Providers: img_tex, img_dds, img_sdl2, img_pil, img_ffpyplayer, img_gif 
2020-10-04 08:16:50,235 : kivy : VideoGstplayer: Using Gstreamer 1.16.0.0
2020-10-04 08:16:50,236 : kivy : Video: Provider: gstplayer
2020-10-04 08:16:50,379 : kivy : Loading MPF-MC controller
2020-10-04 08:16:50,388 : YamlMultifileConfigLoader : Machine config file #1: config
2020-10-04 08:16:50,389 : ConfigProcessor : Config file in cache changed: c:\Pinball\Cuphead\config\config
2020-10-04 08:16:50,390 : ConfigProcessor : Loading config from file c:\users\themi\appdata\local\programs\python\python36\lib\site-packages\mpfmc\mcconfig.yaml.
2020-10-04 08:16:50,469 : ConfigProcessor : Loading config: c:\users\themi\appdata\local\programs\python\python36\lib\site-packages\mpfmc\mcconfig.yaml
2020-10-04 08:16:50,469 : ConfigProcessor : Loading config from file c:\Pinball\Cuphead\config\config.
2020-10-04 08:16:50,490 : ConfigProcessor : Loading config: c:\Pinball\Cuphead\config\config
2020-10-04 08:16:50,502 : ConfigProcessor : Loading config: c:\Pinball\Cuphead\config\keyboard.yaml
2020-10-04 08:16:50,544 : ConfigProcessor : Loading config: c:\Pinball\Cuphead\config\hwSwitches.yaml
2020-10-04 08:16:50,635 : ConfigProcessor : Loading config: c:\Pinball\Cuphead\config\hwLights.yaml
2020-10-04 08:16:50,661 : ConfigProcessor : Loading config: c:\Pinball\Cuphead\config\hwCoils.yaml
2020-10-04 08:16:50,666 : ConfigProcessor : Config file cache created: C:\Users\themi\AppData\Local\Temp\1bf5539849bfae2fda5beb863cde560d.mpf_cache
2020-10-04 08:16:50,668 : ConfigProcessor : Loading config from cache: C:\Users\themi\AppData\Local\Temp\7964e52b22911e9b68a8022172b185f3.mpf_cache
2020-10-04 08:16:50,669 : ConfigProcessor : Loading config from cache: C:\Users\themi\AppData\Local\Temp\4fcecb70f81c3c2fefb8e65ae9a0af5f.mpf_cache
2020-10-04 08:16:50,670 : ConfigProcessor : Loading config from cache: C:\Users\themi\AppData\Local\Temp\b2a05f27b99f0404929b6678617f21a2.mpf_cache
2020-10-04 08:16:50,671 : ConfigProcessor : Config file in cache changed: c:\Pinball\Cuphead\modes\soulLanes\config\soulLanes.yaml
2020-10-04 08:16:50,671 : ConfigProcessor : Loading config from file c:\Pinball\Cuphead\modes\soulLanes\config\soulLanes.yaml.
2020-10-04 08:16:50,696 : ConfigProcessor : Loading config: c:\Pinball\Cuphead\modes\soulLanes\config\soulLanes.yaml
