2020-10-06 17:01:09,504 : kivy : Factory: 184 symbols loaded
2020-10-06 17:01:09,808 : kivy : ImageLoaderFFPy: Using ffpyplayer 4.3.1
2020-10-06 17:01:09,810 : kivy : Image: Providers: img_tex, img_dds, img_sdl2, img_pil, img_ffpyplayer, img_gif 
2020-10-06 17:01:09,944 : kivy : VideoGstplayer: Using Gstreamer 1.16.0.0
2020-10-06 17:01:09,945 : kivy : Video: Provider: gstplayer
2020-10-06 17:01:10,103 : kivy : Loading MPF-MC controller
2020-10-06 17:01:10,114 : YamlMultifileConfigLoader : Machine config file #1: config
2020-10-06 17:01:10,115 : ConfigProcessor : Config file in cache changed: c:\GitHub\Cuphead\config\config
2020-10-06 17:01:10,116 : ConfigProcessor : Loading config from file c:\users\themi\appdata\local\programs\python\python36\lib\site-packages\mpfmc\mcconfig.yaml.
2020-10-06 17:01:10,229 : ConfigProcessor : Loading config: c:\users\themi\appdata\local\programs\python\python36\lib\site-packages\mpfmc\mcconfig.yaml
2020-10-06 17:01:10,230 : ConfigProcessor : Loading config from file c:\GitHub\Cuphead\config\config.
2020-10-06 17:01:10,257 : ConfigProcessor : Loading config: c:\GitHub\Cuphead\config\config
2020-10-06 17:01:10,280 : ConfigProcessor : Loading config: c:\GitHub\Cuphead\config\keyboard.yaml
2020-10-06 17:01:10,331 : ConfigProcessor : Loading config: c:\GitHub\Cuphead\config\hwSwitches.yaml
2020-10-06 17:01:10,498 : ConfigProcessor : Loading config: c:\GitHub\Cuphead\config\hwLights.yaml
2020-10-06 17:01:10,536 : ConfigProcessor : Loading config: c:\GitHub\Cuphead\config\hwCoils.yaml
2020-10-06 17:01:10,577 : ConfigProcessor : Config file cache created: C:\Users\themi\AppData\Local\Temp\0cbdbb896bde7c562664fa91ae109528.mpf_cache
2020-10-06 17:01:10,582 : ConfigProcessor : Loading config from cache: C:\Users\themi\AppData\Local\Temp\89b9c5cb952cce9fc74d723399719cc6.mpf_cache
2020-10-06 17:01:10,584 : ConfigProcessor : Loading config from cache: C:\Users\themi\AppData\Local\Temp\4fcecb70f81c3c2fefb8e65ae9a0af5f.mpf_cache
2020-10-06 17:01:10,586 : ConfigProcessor : Loading config from cache: C:\Users\themi\AppData\Local\Temp\5820a65357aa32f3082a694bbd0b1b93.mpf_cache
2020-10-06 17:01:10,590 : ConfigProcessor : Loading config from cache: C:\Users\themi\AppData\Local\Temp\2f1df67e0c6599f893aeb5468bc976f9.mpf_cache
2020-10-06 17:01:10,593 : ConfigProcessor : Loading config from cache: C:\Users\themi\AppData\Local\Temp\3e28196fea866bd961d93515ab5c664b.mpf_cache
2020-10-06 17:01:10,594 : mpfmc : Mission Pinball Framework Media Controller v0.54.0-dev.20
2020-10-06 17:01:10,594 : mpfmc : Mission Pinball Framework Game Engine v0.54.0-dev.72
2020-10-06 17:01:10,595 : mpfmc : Machine path: c:\GitHub\Cuphead
2020-10-06 17:01:10,596 : mpfmc : Starting clock at 60.0Hz
2020-10-06 17:01:10,629 : kivy : Text: Provider: sdl2
2020-10-06 17:01:10,717 : kivy : Window: Provider: sdl2
2020-10-06 17:01:11,572 : kivy : GL: Using the "OpenGL" graphics system
2020-10-06 17:01:11,577 : kivy : GL: GLEW initialization succeeded
2020-10-06 17:01:11,577 : kivy : GL: Backend used <glew>
2020-10-06 17:01:11,579 : kivy : GL: OpenGL version <b'4.5.14568 Compatibility Profile Context 24.20.12050.0'>
2020-10-06 17:01:11,580 : kivy : GL: OpenGL vendor <b'ATI Technologies Inc.'>
2020-10-06 17:01:11,580 : kivy : GL: OpenGL renderer <b'AMD Radeon(TM) R4 Graphics'>
2020-10-06 17:01:11,581 : kivy : GL: OpenGL parsed version: 4, 5
2020-10-06 17:01:11,581 : kivy : GL: Shading version <b'4.50'>
2020-10-06 17:01:11,581 : kivy : GL: Texture max size <16384>
2020-10-06 17:01:11,581 : kivy : GL: Texture max units <32>
2020-10-06 17:01:11,637 : kivy : Window: auto add sdl2 input provider
2020-10-06 17:01:11,639 : kivy : Window: virtual keyboard not allowed, single mode, not docked
2020-10-06 17:01:11,659 : SoundSystem : SoundSystem: Using default 'sound_system' settings
2020-10-06 17:01:12,435 : AudioInterface : Initialized
2020-10-06 17:01:12,435 : SoundSystem : No audio tracks are specified in your machine config file. a track named 'default' has been created.
2020-10-06 17:01:12,446 : kivy : Base: Start application main loop
2020-10-06 17:01:12,447 : EventManager : Event: ======'display_window_initialized'====== Args={}
2020-10-06 17:01:12,486 : mpfmc : Display: Setting 'window' as default display
2020-10-06 17:01:12,501 : EventManager : Event: ======'displays_initialized'====== Args={}
2020-10-06 17:01:12,504 : EventManager : Event: ======'slide_window_blank_created'====== Args={}
2020-10-06 17:01:12,504 : EventManager : Event: ======'display_window_ready'====== Args={}
2020-10-06 17:01:12,527 : EventManager : Event: ======'init_phase_1'====== Args={}
2020-10-06 17:01:12,536 : EventManager : Event: ======'mc_ready'====== Args={}
2020-10-06 17:01:12,536 : EventManager : Event: ======'init_phase_2'====== Args={}
2020-10-06 17:01:12,542 : EventManager : Event: ======'init_phase_3'====== Args={}
2020-10-06 17:01:12,545 : AssetManager : Registering Asset: cupHighScore, File: cupHighScore.ogg, Default Group: default, Final Config: {'load': 'preload', 'file': 'c:\\GitHub\\Cuphead\\modes\\base\\sounds\\music\\cupHighScore.ogg'}
2020-10-06 17:01:12,545 : AssetManager : Registering Asset: cupMusic1, File: cupMusic1.ogg, Default Group: default, Final Config: {'load': 'preload', 'target': 'music', 'loop': -1, 'mode_end_action': 'stop', 'file': 'c:\\GitHub\\Cuphead\\modes\\base\\sounds\\music\\cupMusic1.ogg'}
2020-10-06 17:01:12,545 : AssetManager : Registering Asset: cupMusic2, File: cupMusic2.ogg, Default Group: default, Final Config: {'load': 'preload', 'target': 'music', 'loop': -1, 'mode_end_action': 'stop', 'file': 'c:\\GitHub\\Cuphead\\modes\\base\\sounds\\music\\cupMusic2.ogg'}
2020-10-06 17:01:12,545 : AssetManager : Registering Asset: cupMusic3, File: cupMusic3.ogg, Default Group: default, Final Config: {'load': 'preload', 'target': 'music', 'loop': -1, 'mode_end_action': 'stop', 'file': 'c:\\GitHub\\Cuphead\\modes\\base\\sounds\\music\\cupMusic3.ogg'}
2020-10-06 17:01:12,545 : AssetManager : Registering Asset: cupMusic4, File: cupMusic4.ogg, Default Group: default, Final Config: {'load': 'preload', 'target': 'music', 'loop': -1, 'mode_end_action': 'stop', 'file': 'c:\\GitHub\\Cuphead\\modes\\base\\sounds\\music\\cupMusic4.ogg'}
2020-10-06 17:01:12,546 : AssetManager : Registering Asset: cupMusic5, File: cupMusic5.ogg, Default Group: default, Final Config: {'load': 'preload', 'file': 'c:\\GitHub\\Cuphead\\modes\\base\\sounds\\music\\cupMusic5.ogg'}
2020-10-06 17:01:12,546 : AssetManager : Registering Asset: cupMusic6, File: cupMusic6.ogg, Default Group: default, Final Config: {'load': 'preload', 'file': 'c:\\GitHub\\Cuphead\\modes\\base\\sounds\\music\\cupMusic6.ogg'}
2020-10-06 17:01:12,546 : AssetManager : Registering Asset: cupMusic7, File: cupMusic7.ogg, Default Group: default, Final Config: {'load': 'preload', 'file': 'c:\\GitHub\\Cuphead\\modes\\base\\sounds\\music\\cupMusic7.ogg'}
2020-10-06 17:01:12,546 : AssetManager : Registering Asset: cupMusic8, File: cupMusic8.ogg, Default Group: default, Final Config: {'load': 'preload', 'file': 'c:\\GitHub\\Cuphead\\modes\\base\\sounds\\music\\cupMusic8.ogg'}
2020-10-06 17:01:12,546 : AssetManager : Registering Asset: cupMusic9, File: cupMusic9.ogg, Default Group: default, Final Config: {'load': 'preload', 'file': 'c:\\GitHub\\Cuphead\\modes\\base\\sounds\\music\\cupMusic9.ogg'}
2020-10-06 17:01:12,546 : AssetManager : Registering Asset: game_play_1, File: game_play_1.ogg, Default Group: default, Final Config: {'load': 'preload', 'file': 'c:\\GitHub\\Cuphead\\modes\\base\\sounds\\music\\game_play_1.ogg'}
2020-10-06 17:01:12,552 : AssetManager : Registering Asset: attract_music, File: attract_music.ogg, Default Group: default, Final Config: {'load': 'preload', 'file': 'c:\\GitHub\\Cuphead\\modes\\attract\\sounds\\music\\attract_music.ogg'}
2020-10-06 17:01:12,553 : EventManager : Event: ======'init_phase_4'====== Args={}
2020-10-06 17:01:13,728 : EventManager : Event: ======'init_phase_5'====== Args={}
2020-10-06 17:01:17,256 : EventManager : Event: ======'loading_assets'====== Args={'total': 12, 'loaded': 1, 'remaining': 11, 'percent': 8}
2020-10-06 17:01:18,020 : AssetManager : Loading assets: 1/12 (8%)
2020-10-06 17:01:19,692 : EventManager : Event: ======'loading_assets'====== Args={'total': 12, 'loaded': 7, 'remaining': 5, 'percent': 58}
2020-10-06 17:01:19,692 : AssetManager : Loading assets: 7/12 (58%)
2020-10-06 17:01:21,121 : EventManager : Event: ======'loading_assets'====== Args={'total': 12, 'loaded': 9, 'remaining': 3, 'percent': 75}
2020-10-06 17:01:21,121 : AssetManager : Loading assets: 9/12 (75%)
2020-10-06 17:01:22,836 : EventManager : Event: ======'loading_assets'====== Args={'total': 12, 'loaded': 11, 'remaining': 1, 'percent': 92}
2020-10-06 17:01:22,836 : AssetManager : Loading assets: 11/12 (92%)
2020-10-06 17:01:22,837 : EventManager : Event: ======'loading_assets'====== Args={'total': 12, 'loaded': 12, 'remaining': 0, 'percent': 100}
2020-10-06 17:01:22,837 : AssetManager : Asset loading took: 10.401625156402588
2020-10-06 17:01:22,837 : EventManager : Event: ======'asset_loading_complete'====== Args={}
2020-10-06 17:01:22,837 : AssetManager : Loading assets: 12/12 (100%)
2020-10-06 17:01:22,837 : EventManager : Event: ======'init_done'====== Args={}
2020-10-06 17:01:22,838 : MPF-MC BCP Server : Starting up on localhost port 5050
2020-10-06 17:01:22,848 : MPF-MC BCP Server : Waiting for a connection...
2020-10-06 17:01:22,848 : mpfmc : SlidePlayer: Play called with settings={'slides': {welcome_slide-None-None: {'priority': None, 'target': None, 'background_color': [0.0, 0.0, 0.0, 1.0], 'show': True, 'force': False, 'expire': None, 'slide': None, 'tokens': {}, 'action': 'play', 'transition': None, 'transition_out': None}}}
2020-10-06 17:01:22,857 : kivy : GL: NPOT texture support is available
2020-10-06 17:01:22,858 : EventManager : Event: ======'slide_welcome_slide_created'====== Args={}
2020-10-06 17:01:22,860 : EventManager : Event: ======'slide_welcome_slide_active'====== Args={}
2020-10-06 17:01:22,867 : EventManager : Event: ======'client_disconnected'====== Args={'host': '127.0.0.1', 'port': 5050}
2020-10-06 17:01:23,846 : MPF-MC BCP Server : Received connection from: 127.0.0.1:50974
2020-10-06 17:01:23,856 : EventManager : Event: ======'client_connected'====== Args={'host': '127.0.0.1', 'port': 50974}
2020-10-06 17:01:23,870 : EventManager : Event: ======'machine_var_credits_string'====== Args={'value': 'FREE PLAY', 'prev_value': None, 'change': True}
2020-10-06 17:01:23,871 : EventManager : Event: ======'machine_var_player1_score'====== Args={'value': 52810, 'prev_value': None, 'change': True}
2020-10-06 17:01:23,871 : EventManager : Event: ======'machine_var_mpf_version'====== Args={'value': 'MPF v0.54.0-dev.72', 'prev_value': None, 'change': True}
2020-10-06 17:01:23,871 : EventManager : Event: ======'machine_var_mpf_extended_version'====== Args={'value': 'MPF v0.54.0-dev.72, Config version:5, Show version: 5, BCP version:1.1', 'prev_value': None, 'change': True}
2020-10-06 17:01:23,871 : EventManager : Event: ======'machine_var_python_version'====== Args={'value': '3.6.4', 'prev_value': None, 'change': True}
2020-10-06 17:01:23,872 : EventManager : Event: ======'machine_var_platform'====== Args={'value': 'Windows-10-10.0.18362-SP0', 'prev_value': None, 'change': True}
2020-10-06 17:01:23,872 : EventManager : Event: ======'machine_var_platform_system'====== Args={'value': 'Windows', 'prev_value': None, 'change': True}
2020-10-06 17:01:23,874 : EventManager : Event: ======'machine_var_platform_release'====== Args={'value': '10', 'prev_value': None, 'change': True}
2020-10-06 17:01:23,874 : EventManager : Event: ======'machine_var_platform_version'====== Args={'value': '10.0.18362', 'prev_value': None, 'change': True}
2020-10-06 17:01:23,874 : EventManager : Event: ======'machine_var_platform_machine'====== Args={'value': 'AMD64', 'prev_value': None, 'change': True}
2020-10-06 17:01:23,874 : EventManager : Event: ======'machine_var_mc_version'====== Args={'value': 'MPF-MC v0.54.0-dev.20', 'prev_value': None, 'change': True}
2020-10-06 17:01:23,875 : EventManager : Event: ======'machine_var_mc_extended_version'====== Args={'value': 'MPF-MC v0.54.0-dev.20 (config_version=5, BCP v1.1, Requires MPF v0.54.0-dev.68)', 'prev_value': None, 'change': True}
2020-10-06 17:01:23,876 : EventManager : Event: ======'machine_var_master_volume'====== Args={'value': 0.5, 'prev_value': None, 'change': True}
2020-10-06 17:01:23,979 : EventManager : Event: ======'machine_var_audits_events_game_ended'====== Args={'value': 21, 'prev_value': None, 'change': True}
2020-10-06 17:01:23,980 : EventManager : Event: ======'machine_var_audits_events_game_started'====== Args={'value': 40, 'prev_value': None, 'change': True}
2020-10-06 17:01:23,980 : EventManager : Event: ======'machine_var_audits_player_score'====== Args={'value': {'average': 530.4761904761905, 'top': [2970, 1300, 1220, 980, 880, 780, 720, 710, 630, 590], 'total': 21}, 'prev_value': None, 'change': True}
2020-10-06 17:01:23,981 : EventManager : Event: ======'machine_var_audits_shots_soul_L'====== Args={'value': 376, 'prev_value': None, 'change': True}
2020-10-06 17:01:23,984 : EventManager : Event: ======'machine_var_audits_shots_soul_O'====== Args={'value': 382, 'prev_value': None, 'change': True}
2020-10-06 17:01:23,984 : EventManager : Event: ======'machine_var_audits_shots_soul_S'====== Args={'value': 418, 'prev_value': None, 'change': True}
2020-10-06 17:01:23,985 : EventManager : Event: ======'machine_var_audits_shots_soul_U'====== Args={'value': 379, 'prev_value': None, 'change': True}
2020-10-06 17:01:23,987 : EventManager : Event: ======'machine_var_audits_switches_s_coin'====== Args={'value': 21, 'prev_value': None, 'change': True}
2020-10-06 17:01:23,988 : EventManager : Event: ======'machine_var_audits_switches_s_dash_L'====== Args={'value': 0, 'prev_value': None, 'change': True}
2020-10-06 17:01:23,988 : EventManager : Event: ======'machine_var_audits_switches_s_dash_R'====== Args={'value': 0, 'prev_value': None, 'change': True}
2020-10-06 17:01:23,988 : EventManager : Event: ======'machine_var_audits_switches_s_dtSling_L'====== Args={'value': 0, 'prev_value': None, 'change': True}
2020-10-06 17:01:23,989 : EventManager : Event: ======'machine_var_audits_switches_s_dtSling_R'====== Args={'value': 0, 'prev_value': None, 'change': True}
2020-10-06 17:01:23,990 : EventManager : Event: ======'machine_var_audits_switches_s_dt_C'====== Args={'value': 293, 'prev_value': None, 'change': True}
2020-10-06 17:01:23,991 : EventManager : Event: ======'machine_var_audits_switches_s_dt_G'====== Args={'value': 68, 'prev_value': None, 'change': True}
2020-10-06 17:01:23,991 : EventManager : Event: ======'machine_var_audits_switches_s_dt_M'====== Args={'value': 69, 'prev_value': None, 'change': True}
2020-10-06 17:01:23,992 : EventManager : Event: ======'machine_var_audits_switches_s_dt_P'====== Args={'value': 270, 'prev_value': None, 'change': True}
2020-10-06 17:01:23,993 : EventManager : Event: ======'machine_var_audits_switches_s_dt_U'====== Args={'value': 282, 'prev_value': None, 'change': True}
2020-10-06 17:01:23,994 : EventManager : Event: ======'machine_var_audits_switches_s_dt_U2'====== Args={'value': 61, 'prev_value': None, 'change': True}
2020-10-06 17:01:23,994 : EventManager : Event: ======'machine_var_audits_switches_s_exit_shooter_lane'====== Args={'value': 435, 'prev_value': None, 'change': True}
2020-10-06 17:01:23,995 : EventManager : Event: ======'machine_var_audits_switches_s_inLane_L'====== Args={'value': 0, 'prev_value': None, 'change': True}
2020-10-06 17:01:23,996 : EventManager : Event: ======'machine_var_audits_switches_s_inLane_R'====== Args={'value': 0, 'prev_value': None, 'change': True}
2020-10-06 17:01:23,996 : EventManager : Event: ======'machine_var_audits_switches_s_kicker'====== Args={'value': 0, 'prev_value': None, 'change': True}
2020-10-06 17:01:23,996 : EventManager : Event: ======'machine_var_audits_switches_s_left_flipper'====== Args={'value': 151, 'prev_value': None, 'change': True}
2020-10-06 17:01:23,997 : EventManager : Event: ======'machine_var_audits_switches_s_midRight'====== Args={'value': 0, 'prev_value': None, 'change': True}
2020-10-06 17:01:23,999 : EventManager : Event: ======'machine_var_audits_switches_s_outLane_L'====== Args={'value': 0, 'prev_value': None, 'change': True}
2020-10-06 17:01:23,999 : EventManager : Event: ======'machine_var_audits_switches_s_outLane_R'====== Args={'value': 0, 'prev_value': None, 'change': True}
2020-10-06 17:01:24,000 : EventManager : Event: ======'machine_var_audits_switches_s_perdition'====== Args={'value': 0, 'prev_value': None, 'change': True}
2020-10-06 17:01:24,000 : EventManager : Event: ======'machine_var_audits_switches_s_playfield'====== Args={'value': 0, 'prev_value': None, 'change': True}
2020-10-06 17:01:24,000 : EventManager : Event: ======'machine_var_audits_switches_s_plunger'====== Args={'value': 710, 'prev_value': None, 'change': True}
2020-10-06 17:01:24,005 : EventManager : Event: ======'machine_var_audits_switches_s_popBumper_1'====== Args={'value': 566, 'prev_value': None, 'change': True}
2020-10-06 17:01:24,006 : EventManager : Event: ======'machine_var_audits_switches_s_popBumper_2'====== Args={'value': 492, 'prev_value': None, 'change': True}
2020-10-06 17:01:24,006 : EventManager : Event: ======'machine_var_audits_switches_s_popBumper_3'====== Args={'value': 222, 'prev_value': None, 'change': True}
2020-10-06 17:01:24,007 : EventManager : Event: ======'machine_var_audits_switches_s_pop_bumper1'====== Args={'value': 120, 'prev_value': None, 'change': True}
2020-10-06 17:01:24,007 : EventManager : Event: ======'machine_var_audits_switches_s_pop_bumper2'====== Args={'value': 153, 'prev_value': None, 'change': True}
2020-10-06 17:01:24,008 : EventManager : Event: ======'machine_var_audits_switches_s_pop_bumper3'====== Args={'value': 100, 'prev_value': None, 'change': True}
2020-10-06 17:01:24,009 : EventManager : Event: ======'machine_var_audits_switches_s_right_flipper'====== Args={'value': 221, 'prev_value': None, 'change': True}
2020-10-06 17:01:24,009 : EventManager : Event: ======'machine_var_audits_switches_s_sling_L'====== Args={'value': 0, 'prev_value': None, 'change': True}
2020-10-06 17:01:24,009 : EventManager : Event: ======'machine_var_audits_switches_s_sling_R'====== Args={'value': 0, 'prev_value': None, 'change': True}
2020-10-06 17:01:24,010 : EventManager : Event: ======'machine_var_audits_switches_s_soul_L'====== Args={'value': 377, 'prev_value': None, 'change': True}
2020-10-06 17:01:24,011 : EventManager : Event: ======'machine_var_audits_switches_s_soul_O'====== Args={'value': 387, 'prev_value': None, 'change': True}
2020-10-06 17:01:24,011 : EventManager : Event: ======'machine_var_audits_switches_s_soul_S'====== Args={'value': 418, 'prev_value': None, 'change': True}
2020-10-06 17:01:24,011 : EventManager : Event: ======'machine_var_audits_switches_s_soul_U'====== Args={'value': 379, 'prev_value': None, 'change': True}
2020-10-06 17:01:24,012 : EventManager : Event: ======'machine_var_audits_switches_s_standUp_1'====== Args={'value': 0, 'prev_value': None, 'change': True}
2020-10-06 17:01:24,014 : EventManager : Event: ======'machine_var_audits_switches_s_standUp_2'====== Args={'value': 0, 'prev_value': None, 'change': True}
2020-10-06 17:01:24,014 : EventManager : Event: ======'machine_var_audits_switches_s_standUp_3'====== Args={'value': 0, 'prev_value': None, 'change': True}
2020-10-06 17:01:24,015 : EventManager : Event: ======'machine_var_audits_switches_s_standUp_R'====== Args={'value': 0, 'prev_value': None, 'change': True}
2020-10-06 17:01:24,015 : EventManager : Event: ======'machine_var_audits_switches_s_star_1'====== Args={'value': 0, 'prev_value': None, 'change': True}
2020-10-06 17:01:24,017 : EventManager : Event: ======'machine_var_audits_switches_s_star_2'====== Args={'value': 0, 'prev_value': None, 'change': True}
2020-10-06 17:01:24,018 : EventManager : Event: ======'machine_var_audits_switches_s_star_3'====== Args={'value': 0, 'prev_value': None, 'change': True}
2020-10-06 17:01:24,018 : EventManager : Event: ======'machine_var_audits_switches_s_start'====== Args={'value': 69, 'prev_value': None, 'change': True}
2020-10-06 17:01:24,021 : EventManager : Event: ======'machine_var_audits_switches_s_tilt'====== Args={'value': 0, 'prev_value': None, 'change': True}
2020-10-06 17:01:24,022 : EventManager : Event: ======'machine_var_audits_switches_s_trough1'====== Args={'value': 620, 'prev_value': None, 'change': True}
2020-10-06 17:01:24,023 : EventManager : Event: ======'machine_var_audits_switches_s_trough2'====== Args={'value': 72, 'prev_value': None, 'change': True}
2020-10-06 17:01:24,024 : EventManager : Event: ======'machine_var_audits_switches_s_trough_jam'====== Args={'value': 13, 'prev_value': None, 'change': True}
2020-10-06 17:01:24,058 : EventManager : Event: ======'slides_play'====== Args={'settings': {'welcome_slide': {'target': None, 'background_color': [0.0, 0.0, 0.0, 1.0], 'priority': None, 'show': True, 'force': False, 'expire': None, 'slide': None, 'tokens': {}, 'action': 'play'}}, 'context': '_global', 'calling_context': 'init_done', 'priority': 0}
2020-10-06 17:01:24,059 : EventManager : Event: ======'mc_reset_phase_1'====== Args={}
2020-10-06 17:01:24,059 : mpfmc : SlidePlayer: Play called with settings={'welcome_slide': {'target': None, 'background_color': [0.0, 0.0, 0.0, 1.0], 'priority': None, 'show': True, 'force': False, 'expire': None, 'slide': None, 'tokens': {}, 'action': 'play'}}
2020-10-06 17:01:24,060 : EventManager : Event: ======'slide_welcome_slide_removed'====== Args={}
2020-10-06 17:01:24,065 : EventManager : Event: ======'slide_welcome_slide_created'====== Args={}
2020-10-06 17:01:24,067 : EventManager : Event: ======'mc_reset_phase_2'====== Args={}
2020-10-06 17:01:24,067 : EventManager : Event: ======'mc_reset_phase_3'====== Args={}
2020-10-06 17:01:24,067 : EventManager : Event: ======'mc_reset_complete'====== Args={}
2020-10-06 17:01:24,068 : EventManager : Event: ======'slide_welcome_slide_active'====== Args={}
2020-10-06 17:01:24,082 : EventManager : Event: ======'slides_play'====== Args={'settings': {'awesome_slide': {'widgets': [{'type': 'text', 'text': 'Cuphead Pinball', 'font_size': 50, '_default_settings': ['type', 'text', 'font_size'], 'x': None, 'y': None, 'anchor_x': 'center', 'anchor_y': 'center', 'round_anchor_x': None, 'round_anchor_y': None, 'opacity': 1.0, 'z': 0, 'reset_animations_events': {}, 'color': [1.0, 1.0, 1.0, 1.0], 'style': [], 'adjust_top': 0, 'adjust_bottom': 0, 'adjust_left': 0, 'adjust_right': 0, 'expire': None, 'key': None, 'widget': None, 'events_when_added': [], 'events_when_removed': [], 'bitmap_font': False, 'font_kerning': True, 'bold': False, 'italic': False, 'number_grouping': False, 'min_digits': 0, 'halign': 'center', 'valign': 'middle', 'rotation': 0, 'scale': 1.0, 'casing': None, 'animations': None}], 'transition': {'type': 'push', 'duration': 1.0, 'direction': 'left', 'easing': 'out_quad'}, 'target': None, 'background_color': [0.0, 0.0, 0.0, 1.0], 'priority': None, 'show': True, 'force': False, 'expire': None, 'slide': None, 'tokens': {}, 'action': 'play'}}, 'context': 'show_1', 'calling_context': 0, 'priority': 10, 'show_tokens': {}, 'start_time': 599729.093}
2020-10-06 17:01:24,083 : EventManager : Event: ======'sounds_play'====== Args={'settings': {'attract_music': {'loops': -1, 'mode_end_action': 'stop', 'priority': None, 'action': 'play', 'track': None, 'volume': None, 'pan': None, 'start_at': None, 'fade_in': None, 'fade_out': None, 'about_to_finish_time': -1.0, 'max_queue_time': -1.0, 'events_when_played': ['use_sound_setting'], 'events_when_stopped': ['use_sound_setting'], 'events_when_looping': ['use_sound_setting'], 'events_when_about_to_finish': ['use_sound_setting'], 'key': 'use_sound_setting'}}, 'context': 'attract', 'calling_context': 'mode_attract_started', 'priority': 10}
2020-10-06 17:01:24,084 : mpfmc : SlidePlayer: Play called with settings={'awesome_slide': {'widgets': [{'type': 'text', 'text': 'Cuphead Pinball', 'font_size': 50, '_default_settings': ['type', 'text', 'font_size'], 'x': None, 'y': None, 'anchor_x': 'center', 'anchor_y': 'center', 'round_anchor_x': None, 'round_anchor_y': None, 'opacity': 1.0, 'z': 0, 'reset_animations_events': {}, 'color': [1.0, 1.0, 1.0, 1.0], 'style': [], 'adjust_top': 0, 'adjust_bottom': 0, 'adjust_left': 0, 'adjust_right': 0, 'expire': None, 'key': None, 'widget': None, 'events_when_added': [], 'events_when_removed': [], 'bitmap_font': False, 'font_kerning': True, 'bold': False, 'italic': False, 'number_grouping': False, 'min_digits': 0, 'halign': 'center', 'valign': 'middle', 'rotation': 0, 'scale': 1.0, 'casing': None, 'animations': None}], 'transition': {'type': 'push', 'duration': 1.0, 'direction': 'left', 'easing': 'out_quad'}, 'target': None, 'background_color': [0.0, 0.0, 0.0, 1.0], 'priority': None, 'show': True, 'force': False, 'expire': None, 'slide': None, 'tokens': {}, 'action': 'play'}}
2020-10-06 17:01:24,096 : EventManager : Event: ======'slide_awesome_slide_created'====== Args={}
2020-10-06 17:01:24,103 : EventManager : Event: ======'slide_awesome_slide_active'====== Args={}
2020-10-06 17:01:26,764 : EventManager : Event: ======'game_started'====== Args={}
2020-10-06 17:01:26,765 : EventManager : Event: ======'slides_clear'====== Args={'context': 'show_1'}
2020-10-06 17:01:26,765 : EventManager : Event: ======'sounds_clear'====== Args={'context': 'attract'}
2020-10-06 17:01:26,779 : EventManager : Event: ======'slide_awesome_slide_removed'====== Args={}
2020-10-06 17:01:26,780 : EventManager : Event: ======'slide_welcome_slide_active'====== Args={}
2020-10-06 17:01:26,816 : EventManager : Event: ======'player_added'====== Args={'player': <Player 1>, 'num': 1}
2020-10-06 17:01:26,817 : EventManager : Event: ======'player_index'====== Args={'value': 0, 'prev_value': 0, 'change': 0, 'player_num': 1}
2020-10-06 17:01:26,817 : EventManager : Event: ======'player_number'====== Args={'value': 1, 'prev_value': 1, 'change': 0, 'player_num': 1}
2020-10-06 17:01:26,817 : EventManager : Event: ======'player_score'====== Args={'value': 0, 'prev_value': 0, 'change': 0, 'player_num': 1}
2020-10-06 17:01:26,817 : EventManager : Event: ======'player_bonus_multiplier'====== Args={'value': 1, 'prev_value': 0, 'change': 1, 'player_num': 1}
2020-10-06 17:01:26,817 : EventManager : Event: ======'player_contracts'====== Args={'value': 0, 'prev_value': 0, 'change': 0, 'player_num': 1}
2020-10-06 17:01:26,874 : EventManager : Event: ======'player_ball'====== Args={'value': 1, 'prev_value': 0, 'change': 1, 'player_num': 1}
2020-10-06 17:01:26,874 : EventManager : Event: ======'player_turn_start'====== Args={'number': 1, 'player': <Player 1>}
2020-10-06 17:01:26,911 : EventManager : Event: ======'player_shot_soul_S_enabled'====== Args={'value': True, 'prev_value': 0, 'change': 1, 'player_num': 1}
2020-10-06 17:01:26,924 : EventManager : Event: ======'player_shot_soul_O_enabled'====== Args={'value': True, 'prev_value': 0, 'change': 1, 'player_num': 1}
2020-10-06 17:01:26,924 : EventManager : Event: ======'player_shot_soul_U_enabled'====== Args={'value': True, 'prev_value': 0, 'change': 1, 'player_num': 1}
2020-10-06 17:01:26,924 : EventManager : Event: ======'player_shot_soul_L_enabled'====== Args={'value': True, 'prev_value': 0, 'change': 1, 'player_num': 1}
2020-10-06 17:01:26,936 : EventManager : Event: ======'sounds_play'====== Args={'settings': {'poolCupHeadBase': {'loops': -1, 'priority': None, 'action': 'play', 'track': None, 'volume': None, 'pan': None, 'start_at': None, 'fade_in': None, 'fade_out': None, 'about_to_finish_time': -1.0, 'max_queue_time': -1.0, 'events_when_played': ['use_sound_setting'], 'events_when_stopped': ['use_sound_setting'], 'events_when_looping': ['use_sound_setting'], 'events_when_about_to_finish': ['use_sound_setting'], 'mode_end_action': 'use_sound_setting', 'key': 'use_sound_setting'}}, 'context': 'base', 'calling_context': 'mode_base_started', 'priority': 100, 'queue': '<QueuedEvent>', 'player': 1, 'ball': 1, 'balls_remaining': 4, 'is_extra_ball': False}
2020-10-06 17:01:26,936 : EventManager : Event: ======'slides_play'====== Args={'settings': {'widgets': {'widgets': [{'type': 'text', 'text': '(score)', 'number_grouping': True, 'min_digits': 2, 'font_size': 100, '_default_settings': ['type', 'text', 'number_grouping', 'min_digits', 'font_size'], 'x': None, 'y': None, 'anchor_x': 'center', 'anchor_y': 'center', 'round_anchor_x': None, 'round_anchor_y': None, 'opacity': 1.0, 'z': 0, 'reset_animations_events': {}, 'color': [1.0, 1.0, 1.0, 1.0], 'style': [], 'adjust_top': 0, 'adjust_bottom': 0, 'adjust_left': 0, 'adjust_right': 0, 'expire': None, 'key': None, 'widget': None, 'events_when_added': [], 'events_when_removed': [], 'bitmap_font': False, 'font_kerning': True, 'bold': False, 'italic': False, 'halign': 'center', 'valign': 'middle', 'rotation': 0, 'scale': 1.0, 'casing': None, 'animations': None}, {'type': 'text', 'text': 'Player (player)', 'y': '10', 'x': '10', 'font_size': 30, 'anchor_x': 'left', 'anchor_y': 'bottom', '_default_settings': ['type', 'text', 'y', 'x', 'font_size', 'anchor_x', 'anchor_y'], 'round_anchor_x': None, 'round_anchor_y': None, 'opacity': 1.0, 'z': 0, 'reset_animations_events': {}, 'color': [1.0, 1.0, 1.0, 1.0], 'style': [], 'adjust_top': 0, 'adjust_bottom': 0, 'adjust_left': 0, 'adjust_right': 0, 'expire': None, 'key': None, 'widget': None, 'events_when_added': [], 'events_when_removed': [], 'bitmap_font': False, 'font_kerning': True, 'bold': False, 'italic': False, 'number_grouping': False, 'min_digits': 0, 'halign': 'center', 'valign': 'middle', 'rotation': 0, 'scale': 1.0, 'casing': None, 'animations': None}, {'type': 'text', 'text': 'BALL (ball)', 'y': '10', 'x': 'right-10', 'anchor_x': 'right', 'anchor_y': 'bottom', 'font_size': 50, '_default_settings': ['type', 'text', 'y', 'x', 'anchor_x', 'anchor_y', 'font_size'], 'round_anchor_x': None, 'round_anchor_y': None, 'opacity': 1.0, 'z': 0, 'reset_animations_events': {}, 'color': [1.0, 1.0, 1.0, 1.0], 'style': [], 'adjust_top': 0, 'adjust_bottom': 0, 'adjust_left': 0, 'adjust_right': 0, 'expire': None, 'key': None, 'widget': None, 'events_when_added': [], 'events_when_removed': [], 'bitmap_font': False, 'font_kerning': True, 'bold': False, 'italic': False, 'number_grouping': False, 'min_digits': 0, 'halign': 'center', 'valign': 'middle', 'rotation': 0, 'scale': 1.0, 'casing': None, 'animations': None}, {'type': 'text', 'text': 'Contracts (contracts)', 'font_size': 25, 'color': [1.0, 0.0, 0.0, 1], 'y': '60%', '_default_settings': ['type', 'text', 'font_size', 'color', 'y'], 'x': None, 'anchor_x': 'center', 'anchor_y': 'center', 'round_anchor_x': None, 'round_anchor_y': None, 'opacity': 1.0, 'z': 0, 'reset_animations_events': {}, 'style': [], 'adjust_top': 0, 'adjust_bottom': 0, 'adjust_left': 0, 'adjust_right': 0, 'expire': None, 'key': None, 'widget': None, 'events_when_added': [], 'events_when_removed': [], 'bitmap_font': False, 'font_kerning': True, 'bold': False, 'italic': False, 'number_grouping': False, 'min_digits': 0, 'halign': 'center', 'valign': 'middle', 'rotation': 0, 'scale': 1.0, 'casing': None, 'animations': None}], 'target': None, 'background_color': [0.0, 0.0, 0.0, 1.0], 'priority': None, 'show': True, 'force': False, 'expire': None, 'slide': None, 'tokens': {}, 'action': 'play'}}, 'context': 'base', 'calling_context': 'mode_base_started', 'priority': 100, 'queue': '<QueuedEvent>', 'player': 1, 'ball': 1, 'balls_remaining': 4, 'is_extra_ball': False}
2020-10-06 17:01:26,937 : mpfmc : SlidePlayer: Play called with settings={'widgets': {'widgets': [{'type': 'text', 'text': '(score)', 'number_grouping': True, 'min_digits': 2, 'font_size': 100, '_default_settings': ['type', 'text', 'number_grouping', 'min_digits', 'font_size'], 'x': None, 'y': None, 'anchor_x': 'center', 'anchor_y': 'center', 'round_anchor_x': None, 'round_anchor_y': None, 'opacity': 1.0, 'z': 0, 'reset_animations_events': {}, 'color': [1.0, 1.0, 1.0, 1.0], 'style': [], 'adjust_top': 0, 'adjust_bottom': 0, 'adjust_left': 0, 'adjust_right': 0, 'expire': None, 'key': None, 'widget': None, 'events_when_added': [], 'events_when_removed': [], 'bitmap_font': False, 'font_kerning': True, 'bold': False, 'italic': False, 'halign': 'center', 'valign': 'middle', 'rotation': 0, 'scale': 1.0, 'casing': None, 'animations': None}, {'type': 'text', 'text': 'Player (player)', 'y': '10', 'x': '10', 'font_size': 30, 'anchor_x': 'left', 'anchor_y': 'bottom', '_default_settings': ['type', 'text', 'y', 'x', 'font_size', 'anchor_x', 'anchor_y'], 'round_anchor_x': None, 'round_anchor_y': None, 'opacity': 1.0, 'z': 0, 'reset_animations_events': {}, 'color': [1.0, 1.0, 1.0, 1.0], 'style': [], 'adjust_top': 0, 'adjust_bottom': 0, 'adjust_left': 0, 'adjust_right': 0, 'expire': None, 'key': None, 'widget': None, 'events_when_added': [], 'events_when_removed': [], 'bitmap_font': False, 'font_kerning': True, 'bold': False, 'italic': False, 'number_grouping': False, 'min_digits': 0, 'halign': 'center', 'valign': 'middle', 'rotation': 0, 'scale': 1.0, 'casing': None, 'animations': None}, {'type': 'text', 'text': 'BALL (ball)', 'y': '10', 'x': 'right-10', 'anchor_x': 'right', 'anchor_y': 'bottom', 'font_size': 50, '_default_settings': ['type', 'text', 'y', 'x', 'anchor_x', 'anchor_y', 'font_size'], 'round_anchor_x': None, 'round_anchor_y': None, 'opacity': 1.0, 'z': 0, 'reset_animations_events': {}, 'color': [1.0, 1.0, 1.0, 1.0], 'style': [], 'adjust_top': 0, 'adjust_bottom': 0, 'adjust_left': 0, 'adjust_right': 0, 'expire': None, 'key': None, 'widget': None, 'events_when_added': [], 'events_when_removed': [], 'bitmap_font': False, 'font_kerning': True, 'bold': False, 'italic': False, 'number_grouping': False, 'min_digits': 0, 'halign': 'center', 'valign': 'middle', 'rotation': 0, 'scale': 1.0, 'casing': None, 'animations': None}, {'type': 'text', 'text': 'Contracts (contracts)', 'font_size': 25, 'color': [1.0, 0.0, 0.0, 1], 'y': '60%', '_default_settings': ['type', 'text', 'font_size', 'color', 'y'], 'x': None, 'anchor_x': 'center', 'anchor_y': 'center', 'round_anchor_x': None, 'round_anchor_y': None, 'opacity': 1.0, 'z': 0, 'reset_animations_events': {}, 'style': [], 'adjust_top': 0, 'adjust_bottom': 0, 'adjust_left': 0, 'adjust_right': 0, 'expire': None, 'key': None, 'widget': None, 'events_when_added': [], 'events_when_removed': [], 'bitmap_font': False, 'font_kerning': True, 'bold': False, 'italic': False, 'number_grouping': False, 'min_digits': 0, 'halign': 'center', 'valign': 'middle', 'rotation': 0, 'scale': 1.0, 'casing': None, 'animations': None}], 'target': None, 'background_color': [0.0, 0.0, 0.0, 1.0], 'priority': None, 'show': True, 'force': False, 'expire': None, 'slide': None, 'tokens': {}, 'action': 'play'}}
2020-10-06 17:01:26,971 : EventManager : Event: ======'slide_base.slide_player-mode_base_started_created'====== Args={}
2020-10-06 17:01:26,978 : EventManager : Event: ======'slide_base.slide_player-mode_base_started_active'====== Args={}
2020-10-06 17:01:27,026 : EventManager : Event: ======'player_bonus_multiplier'====== Args={'value': 0, 'prev_value': 1, 'change': -1, 'player_num': 1}
2020-10-06 17:01:27,026 : EventManager : Event: ======'widgets_play'====== Args={'settings': {'soul_lanes_banner': {'priority': 0, 'slide': None, 'action': 'add', 'key': None, 'target': None}}, 'context': 'soulLanes', 'calling_context': 'mode_soulLanes_started', 'priority': 110, 'player': 1, 'ball': 1, 'balls_remaining': 4, 'is_extra_ball': False}
2020-10-06 17:01:27,215 : EventManager : Event: ======'machine_var_audits_switches_s_plunger'====== Args={'value': 711, 'prev_value': 710, 'change': 1}
2020-10-06 17:01:28,006 : EventManager : Event: ======'machine_var_audits_switches_s_soul_S'====== Args={'value': 419, 'prev_value': 418, 'change': 1}
2020-10-06 17:01:28,007 : EventManager : Event: ======'player_shot_soul_S'====== Args={'value': 1, 'prev_value': 0, 'change': 1, 'player_num': 1}
2020-10-06 17:01:28,007 : EventManager : Event: ======'machine_var_audits_shots_soul_S'====== Args={'value': 419, 'prev_value': 418, 'change': 1}
2020-10-06 17:01:28,007 : EventManager : Event: ======'player_score'====== Args={'value': 10, 'prev_value': 0, 'change': 10, 'player_num': 1}
2020-10-06 17:01:28,766 : EventManager : Event: ======'machine_var_audits_switches_s_soul_O'====== Args={'value': 388, 'prev_value': 387, 'change': 1}
2020-10-06 17:01:28,767 : EventManager : Event: ======'player_shot_soul_O'====== Args={'value': 1, 'prev_value': 0, 'change': 1, 'player_num': 1}
2020-10-06 17:01:28,767 : EventManager : Event: ======'machine_var_audits_shots_soul_O'====== Args={'value': 383, 'prev_value': 382, 'change': 1}
2020-10-06 17:01:28,788 : EventManager : Event: ======'player_score'====== Args={'value': 20, 'prev_value': 10, 'change': 10, 'player_num': 1}
2020-10-06 17:01:29,270 : EventManager : Event: ======'machine_var_audits_switches_s_soul_U'====== Args={'value': 380, 'prev_value': 379, 'change': 1}
2020-10-06 17:01:29,270 : EventManager : Event: ======'player_shot_soul_U'====== Args={'value': 1, 'prev_value': 0, 'change': 1, 'player_num': 1}
2020-10-06 17:01:29,271 : EventManager : Event: ======'machine_var_audits_shots_soul_U'====== Args={'value': 380, 'prev_value': 379, 'change': 1}
2020-10-06 17:01:29,284 : EventManager : Event: ======'player_score'====== Args={'value': 30, 'prev_value': 20, 'change': 10, 'player_num': 1}
2020-10-06 17:01:29,837 : EventManager : Event: ======'machine_var_audits_switches_s_soul_L'====== Args={'value': 378, 'prev_value': 377, 'change': 1}
2020-10-06 17:01:29,837 : EventManager : Event: ======'player_shot_soul_L'====== Args={'value': 1, 'prev_value': 0, 'change': 1, 'player_num': 1}
2020-10-06 17:01:29,837 : EventManager : Event: ======'machine_var_audits_shots_soul_L'====== Args={'value': 377, 'prev_value': 376, 'change': 1}
2020-10-06 17:01:29,838 : EventManager : Event: ======'player_score'====== Args={'value': 40, 'prev_value': 30, 'change': 10, 'player_num': 1}
2020-10-06 17:01:29,846 : EventManager : Event: ======'player_score'====== Args={'value': 1040, 'prev_value': 40, 'change': 1000, 'player_num': 1}
2020-10-06 17:01:29,846 : EventManager : Event: ======'player_bonus_multiplier'====== Args={'value': 1, 'prev_value': 0, 'change': 1, 'player_num': 1}
2020-10-06 17:01:30,827 : EventManager : Event: ======'player_shot_soul_S'====== Args={'value': 0, 'prev_value': 1, 'change': -1, 'player_num': 1}
2020-10-06 17:01:30,827 : EventManager : Event: ======'player_shot_soul_O'====== Args={'value': 0, 'prev_value': 1, 'change': -1, 'player_num': 1}
2020-10-06 17:01:30,828 : EventManager : Event: ======'player_shot_soul_U'====== Args={'value': 0, 'prev_value': 1, 'change': -1, 'player_num': 1}
2020-10-06 17:01:30,828 : EventManager : Event: ======'player_shot_soul_L'====== Args={'value': 0, 'prev_value': 1, 'change': -1, 'player_num': 1}
2020-10-06 17:01:45,634 : EventManager : Event: ======'machine_var_audits_switches_s_exit_shooter_lane'====== Args={'value': 436, 'prev_value': 435, 'change': 1}
2020-10-06 17:01:48,318 : EventManager : Event: ======'machine_var_audits_switches_s_dt_C'====== Args={'value': 294, 'prev_value': 293, 'change': 1}
2020-10-06 17:01:48,368 : EventManager : Event: ======'player_score'====== Args={'value': 1140, 'prev_value': 1040, 'change': 100, 'player_num': 1}
2020-10-06 17:01:49,452 : EventManager : Event: ======'machine_var_audits_switches_s_dt_U'====== Args={'value': 283, 'prev_value': 282, 'change': 1}
2020-10-06 17:01:49,504 : EventManager : Event: ======'player_score'====== Args={'value': 1240, 'prev_value': 1140, 'change': 100, 'player_num': 1}
2020-10-06 17:01:50,503 : EventManager : Event: ======'machine_var_audits_switches_s_dt_P'====== Args={'value': 271, 'prev_value': 270, 'change': 1}
2020-10-06 17:01:50,504 : EventManager : Event: ======'player_score'====== Args={'value': 1340, 'prev_value': 1240, 'change': 100, 'player_num': 1}
2020-10-06 17:01:50,504 : EventManager : Event: ======'player_contracts'====== Args={'value': 1, 'prev_value': 0, 'change': 1, 'player_num': 1}
2020-10-06 17:01:52,315 : EventManager : Event: ======'machine_var_audits_switches_s_dt_C'====== Args={'value': 295, 'prev_value': 294, 'change': 1}
2020-10-06 17:01:52,315 : EventManager : Event: ======'player_score'====== Args={'value': 1440, 'prev_value': 1340, 'change': 100, 'player_num': 1}
2020-10-06 17:01:53,369 : EventManager : Event: ======'machine_var_audits_switches_s_dt_U'====== Args={'value': 284, 'prev_value': 283, 'change': 1}
2020-10-06 17:01:53,381 : EventManager : Event: ======'player_score'====== Args={'value': 1540, 'prev_value': 1440, 'change': 100, 'player_num': 1}
2020-10-06 17:01:55,161 : EventManager : Event: ======'machine_var_audits_switches_s_dt_P'====== Args={'value': 272, 'prev_value': 271, 'change': 1}
2020-10-06 17:01:55,199 : EventManager : Event: ======'player_score'====== Args={'value': 1640, 'prev_value': 1540, 'change': 100, 'player_num': 1}
2020-10-06 17:01:55,199 : EventManager : Event: ======'player_contracts'====== Args={'value': 2, 'prev_value': 1, 'change': 1, 'player_num': 1}
2020-10-06 17:01:57,234 : EventManager : Event: ======'machine_var_audits_switches_s_dt_C'====== Args={'value': 296, 'prev_value': 295, 'change': 1}
2020-10-06 17:01:57,287 : EventManager : Event: ======'player_score'====== Args={'value': 1740, 'prev_value': 1640, 'change': 100, 'player_num': 1}
2020-10-06 17:01:58,882 : EventManager : Event: ======'machine_var_audits_switches_s_dt_U'====== Args={'value': 285, 'prev_value': 284, 'change': 1}
2020-10-06 17:01:58,882 : EventManager : Event: ======'player_score'====== Args={'value': 1840, 'prev_value': 1740, 'change': 100, 'player_num': 1}
2020-10-06 17:02:00,137 : EventManager : Event: ======'machine_var_audits_switches_s_dt_P'====== Args={'value': 273, 'prev_value': 272, 'change': 1}
2020-10-06 17:02:00,138 : EventManager : Event: ======'player_score'====== Args={'value': 1940, 'prev_value': 1840, 'change': 100, 'player_num': 1}
2020-10-06 17:02:00,186 : EventManager : Event: ======'player_contracts'====== Args={'value': 3, 'prev_value': 2, 'change': 1, 'player_num': 1}
2020-10-06 17:02:07,439 : EventManager : Event: ======'machine_var_audits_switches_s_trough1'====== Args={'value': 621, 'prev_value': 620, 'change': 1}
2020-10-06 17:02:07,950 : EventManager : Event: ======'player_contracts'====== Args={'value': 2, 'prev_value': 3, 'change': -1, 'player_num': 1}
2020-10-06 17:02:07,951 : EventManager : Event: ======'player_score'====== Args={'value': 3940, 'prev_value': 1940, 'change': 2000, 'player_num': 1}
2020-10-06 17:02:08,967 : EventManager : Event: ======'player_bonus_bonusCountDown_tick'====== Args={'value': 2, 'prev_value': 0, 'change': 2, 'player_num': 1}
2020-10-06 17:02:08,968 : EventManager : Event: ======'player_contracts'====== Args={'value': 1, 'prev_value': 2, 'change': -1, 'player_num': 1}
2020-10-06 17:02:08,968 : EventManager : Event: ======'player_score'====== Args={'value': 5940, 'prev_value': 3940, 'change': 2000, 'player_num': 1}
2020-10-06 17:02:09,978 : EventManager : Event: ======'player_bonus_bonusCountDown_tick'====== Args={'value': 1, 'prev_value': 2, 'change': -1, 'player_num': 1}
2020-10-06 17:02:09,978 : EventManager : Event: ======'player_contracts'====== Args={'value': 0, 'prev_value': 1, 'change': -1, 'player_num': 1}
2020-10-06 17:02:09,978 : EventManager : Event: ======'player_score'====== Args={'value': 7940, 'prev_value': 5940, 'change': 2000, 'player_num': 1}
2020-10-06 17:02:10,945 : EventManager : Event: ======'player_bonus_bonusCountDown_tick'====== Args={'value': 0, 'prev_value': 1, 'change': -1, 'player_num': 1}
2020-10-06 17:02:12,261 : EventManager : Event: ======'sounds_clear'====== Args={'context': 'base'}
2020-10-06 17:02:12,262 : EventManager : Event: ======'slides_clear'====== Args={'context': 'base'}
2020-10-06 17:02:12,266 : EventManager : Event: ======'slide_base.slide_player-mode_base_started_removed'====== Args={}
2020-10-06 17:02:12,267 : EventManager : Event: ======'widgets_clear'====== Args={'context': 'soulLanes'}
2020-10-06 17:02:12,268 : EventManager : Event: ======'player_ball'====== Args={'value': 2, 'prev_value': 1, 'change': 1, 'player_num': 1}
2020-10-06 17:02:12,268 : EventManager : Event: ======'sounds_play'====== Args={'settings': {'poolCupHeadBase': {'loops': -1, 'priority': None, 'action': 'play', 'track': None, 'volume': None, 'pan': None, 'start_at': None, 'fade_in': None, 'fade_out': None, 'about_to_finish_time': -1.0, 'max_queue_time': -1.0, 'events_when_played': ['use_sound_setting'], 'events_when_stopped': ['use_sound_setting'], 'events_when_looping': ['use_sound_setting'], 'events_when_about_to_finish': ['use_sound_setting'], 'mode_end_action': 'use_sound_setting', 'key': 'use_sound_setting'}}, 'context': 'base', 'calling_context': 'mode_base_started', 'priority': 100, 'queue': '<QueuedEvent>', 'player': 1, 'ball': 2, 'balls_remaining': 3, 'is_extra_ball': False}
2020-10-06 17:02:12,269 : EventManager : Event: ======'slides_play'====== Args={'settings': {'widgets': {'widgets': [{'type': 'text', 'text': '(score)', 'number_grouping': True, 'min_digits': 2, 'font_size': 100, '_default_settings': ['type', 'text', 'number_grouping', 'min_digits', 'font_size'], 'x': None, 'y': None, 'anchor_x': 'center', 'anchor_y': 'center', 'round_anchor_x': None, 'round_anchor_y': None, 'opacity': 1.0, 'z': 0, 'reset_animations_events': {}, 'color': [1.0, 1.0, 1.0, 1.0], 'style': [], 'adjust_top': 0, 'adjust_bottom': 0, 'adjust_left': 0, 'adjust_right': 0, 'expire': None, 'key': None, 'widget': None, 'events_when_added': [], 'events_when_removed': [], 'bitmap_font': False, 'font_kerning': True, 'bold': False, 'italic': False, 'halign': 'center', 'valign': 'middle', 'rotation': 0, 'scale': 1.0, 'casing': None, 'animations': None}, {'type': 'text', 'text': 'Player (player)', 'y': '10', 'x': '10', 'font_size': 30, 'anchor_x': 'left', 'anchor_y': 'bottom', '_default_settings': ['type', 'text', 'y', 'x', 'font_size', 'anchor_x', 'anchor_y'], 'round_anchor_x': None, 'round_anchor_y': None, 'opacity': 1.0, 'z': 0, 'reset_animations_events': {}, 'color': [1.0, 1.0, 1.0, 1.0], 'style': [], 'adjust_top': 0, 'adjust_bottom': 0, 'adjust_left': 0, 'adjust_right': 0, 'expire': None, 'key': None, 'widget': None, 'events_when_added': [], 'events_when_removed': [], 'bitmap_font': False, 'font_kerning': True, 'bold': False, 'italic': False, 'number_grouping': False, 'min_digits': 0, 'halign': 'center', 'valign': 'middle', 'rotation': 0, 'scale': 1.0, 'casing': None, 'animations': None}, {'type': 'text', 'text': 'BALL (ball)', 'y': '10', 'x': 'right-10', 'anchor_x': 'right', 'anchor_y': 'bottom', 'font_size': 50, '_default_settings': ['type', 'text', 'y', 'x', 'anchor_x', 'anchor_y', 'font_size'], 'round_anchor_x': None, 'round_anchor_y': None, 'opacity': 1.0, 'z': 0, 'reset_animations_events': {}, 'color': [1.0, 1.0, 1.0, 1.0], 'style': [], 'adjust_top': 0, 'adjust_bottom': 0, 'adjust_left': 0, 'adjust_right': 0, 'expire': None, 'key': None, 'widget': None, 'events_when_added': [], 'events_when_removed': [], 'bitmap_font': False, 'font_kerning': True, 'bold': False, 'italic': False, 'number_grouping': False, 'min_digits': 0, 'halign': 'center', 'valign': 'middle', 'rotation': 0, 'scale': 1.0, 'casing': None, 'animations': None}, {'type': 'text', 'text': 'Contracts (contracts)', 'font_size': 25, 'color': [1.0, 0.0, 0.0, 1], 'y': '60%', '_default_settings': ['type', 'text', 'font_size', 'color', 'y'], 'x': None, 'anchor_x': 'center', 'anchor_y': 'center', 'round_anchor_x': None, 'round_anchor_y': None, 'opacity': 1.0, 'z': 0, 'reset_animations_events': {}, 'style': [], 'adjust_top': 0, 'adjust_bottom': 0, 'adjust_left': 0, 'adjust_right': 0, 'expire': None, 'key': None, 'widget': None, 'events_when_added': [], 'events_when_removed': [], 'bitmap_font': False, 'font_kerning': True, 'bold': False, 'italic': False, 'number_grouping': False, 'min_digits': 0, 'halign': 'center', 'valign': 'middle', 'rotation': 0, 'scale': 1.0, 'casing': None, 'animations': None}], 'target': None, 'background_color': [0.0, 0.0, 0.0, 1.0], 'priority': None, 'show': True, 'force': False, 'expire': None, 'slide': None, 'tokens': {}, 'action': 'play'}}, 'context': 'base', 'calling_context': 'mode_base_started', 'priority': 100, 'queue': '<QueuedEvent>', 'player': 1, 'ball': 2, 'balls_remaining': 3, 'is_extra_ball': False}
2020-10-06 17:02:12,269 : EventManager : Event: ======'player_bonus_multiplier'====== Args={'value': 0, 'prev_value': 1, 'change': -1, 'player_num': 1}
2020-10-06 17:02:12,269 : EventManager : Event: ======'widgets_play'====== Args={'settings': {'soul_lanes_banner': {'priority': 0, 'slide': None, 'action': 'add', 'key': None, 'target': None}}, 'context': 'soulLanes', 'calling_context': 'mode_soulLanes_started', 'priority': 110, 'player': 1, 'ball': 2, 'balls_remaining': 3, 'is_extra_ball': False}
2020-10-06 17:02:12,270 : mpfmc : SlidePlayer: Play called with settings={'widgets': {'widgets': [{'type': 'text', 'text': '(score)', 'number_grouping': True, 'min_digits': 2, 'font_size': 100, '_default_settings': ['type', 'text', 'number_grouping', 'min_digits', 'font_size'], 'x': None, 'y': None, 'anchor_x': 'center', 'anchor_y': 'center', 'round_anchor_x': None, 'round_anchor_y': None, 'opacity': 1.0, 'z': 0, 'reset_animations_events': {}, 'color': [1.0, 1.0, 1.0, 1.0], 'style': [], 'adjust_top': 0, 'adjust_bottom': 0, 'adjust_left': 0, 'adjust_right': 0, 'expire': None, 'key': None, 'widget': None, 'events_when_added': [], 'events_when_removed': [], 'bitmap_font': False, 'font_kerning': True, 'bold': False, 'italic': False, 'halign': 'center', 'valign': 'middle', 'rotation': 0, 'scale': 1.0, 'casing': None, 'animations': None}, {'type': 'text', 'text': 'Player (player)', 'y': '10', 'x': '10', 'font_size': 30, 'anchor_x': 'left', 'anchor_y': 'bottom', '_default_settings': ['type', 'text', 'y', 'x', 'font_size', 'anchor_x', 'anchor_y'], 'round_anchor_x': None, 'round_anchor_y': None, 'opacity': 1.0, 'z': 0, 'reset_animations_events': {}, 'color': [1.0, 1.0, 1.0, 1.0], 'style': [], 'adjust_top': 0, 'adjust_bottom': 0, 'adjust_left': 0, 'adjust_right': 0, 'expire': None, 'key': None, 'widget': None, 'events_when_added': [], 'events_when_removed': [], 'bitmap_font': False, 'font_kerning': True, 'bold': False, 'italic': False, 'number_grouping': False, 'min_digits': 0, 'halign': 'center', 'valign': 'middle', 'rotation': 0, 'scale': 1.0, 'casing': None, 'animations': None}, {'type': 'text', 'text': 'BALL (ball)', 'y': '10', 'x': 'right-10', 'anchor_x': 'right', 'anchor_y': 'bottom', 'font_size': 50, '_default_settings': ['type', 'text', 'y', 'x', 'anchor_x', 'anchor_y', 'font_size'], 'round_anchor_x': None, 'round_anchor_y': None, 'opacity': 1.0, 'z': 0, 'reset_animations_events': {}, 'color': [1.0, 1.0, 1.0, 1.0], 'style': [], 'adjust_top': 0, 'adjust_bottom': 0, 'adjust_left': 0, 'adjust_right': 0, 'expire': None, 'key': None, 'widget': None, 'events_when_added': [], 'events_when_removed': [], 'bitmap_font': False, 'font_kerning': True, 'bold': False, 'italic': False, 'number_grouping': False, 'min_digits': 0, 'halign': 'center', 'valign': 'middle', 'rotation': 0, 'scale': 1.0, 'casing': None, 'animations': None}, {'type': 'text', 'text': 'Contracts (contracts)', 'font_size': 25, 'color': [1.0, 0.0, 0.0, 1], 'y': '60%', '_default_settings': ['type', 'text', 'font_size', 'color', 'y'], 'x': None, 'anchor_x': 'center', 'anchor_y': 'center', 'round_anchor_x': None, 'round_anchor_y': None, 'opacity': 1.0, 'z': 0, 'reset_animations_events': {}, 'style': [], 'adjust_top': 0, 'adjust_bottom': 0, 'adjust_left': 0, 'adjust_right': 0, 'expire': None, 'key': None, 'widget': None, 'events_when_added': [], 'events_when_removed': [], 'bitmap_font': False, 'font_kerning': True, 'bold': False, 'italic': False, 'number_grouping': False, 'min_digits': 0, 'halign': 'center', 'valign': 'middle', 'rotation': 0, 'scale': 1.0, 'casing': None, 'animations': None}], 'target': None, 'background_color': [0.0, 0.0, 0.0, 1.0], 'priority': None, 'show': True, 'force': False, 'expire': None, 'slide': None, 'tokens': {}, 'action': 'play'}}
2020-10-06 17:02:12,296 : EventManager : Event: ======'slide_base.slide_player-mode_base_started_created'====== Args={}
2020-10-06 17:02:12,307 : EventManager : Event: ======'slide_base.slide_player-mode_base_started_active'====== Args={}
2020-10-06 17:02:12,377 : EventManager : Event: ======'machine_var_audits_switches_s_plunger'====== Args={'value': 712, 'prev_value': 711, 'change': 1}
2020-10-06 17:02:19,456 : kivy : Base: Leaving application in progress...
2020-10-06 17:02:19,703 : kivy : WindowSDL: exiting mainloop and closing.
2020-10-06 17:02:19,734 : mpfmc : Stopping...
2020-10-06 17:02:19,734 : EventManager : Event: ======'shutdown'====== Args={}
2020-10-06 17:02:19,734 : mpfmc : Loop rate 65.67 Hz
2020-10-06 17:02:19,734 : kivy : MC run loop ended.
2020-10-06 17:02:19,734 : kivy : Stopping child threads... (3 remaining)
2020-10-06 17:02:20,438 : mpfmc : Stopping...
2020-10-06 17:02:20,438 : EventManager : Event: ======'shutdown'====== Args={}
2020-10-06 17:02:20,438 : mpfmc : Loop rate 64.99 Hz
2020-10-06 17:02:20,438 : MPF-MC BCP Server : Stopping BCP sending thread
2020-10-06 17:02:20,500 : kivy : All child threads stopped.
