2020-10-04 08:17:12,205 : INFO : root : Loading config.
2020-10-04 08:17:12,205 : INFO : YamlMultifileConfigLoader : Machine config file #1: config.yaml
2020-10-04 08:17:12,205 : INFO : ConfigProcessor : Loading config from cache: C:\Users\themi\AppData\Local\Temp\1a0afbd38efada64622f7c1a19dba099.mpf_cache
2020-10-04 08:17:12,409 : INFO : ConfigProcessor : Loading config from cache: C:\Users\themi\AppData\Local\Temp\7964e52b22911e9b68a8022172b185f3.mpf_cache
2020-10-04 08:17:12,409 : INFO : ConfigProcessor : Loading config from cache: C:\Users\themi\AppData\Local\Temp\4fcecb70f81c3c2fefb8e65ae9a0af5f.mpf_cache
2020-10-04 08:17:12,409 : INFO : ConfigProcessor : Loading config from cache: C:\Users\themi\AppData\Local\Temp\b2a05f27b99f0404929b6678617f21a2.mpf_cache
2020-10-04 08:17:12,409 : WARNING : ConfigProcessor : Config file in cache changed: c:\Pinball\Cuphead\modes\soulLanes\config\soulLanes.yaml
2020-10-04 08:17:12,409 : INFO : ConfigProcessor : Loading config from file c:\Pinball\Cuphead\modes\soulLanes\config\soulLanes.yaml.
2020-10-04 08:17:12,440 : INFO : ConfigProcessor : Loading config: c:\Pinball\Cuphead\modes\soulLanes\config\soulLanes.yaml
2020-10-04 08:17:12,440 : INFO : ConfigProcessor : Config file cache created: C:\Users\themi\AppData\Local\Temp\ee661b7bde9ac1aee26ef2e16bd36711.mpf_cache
2020-10-04 08:17:12,440 : INFO : ConfigProcessor : Loading config from cache: C:\Users\themi\AppData\Local\Temp\8b23b77e47e0aafb5c2cd6855492fe09.mpf_cache
2020-10-04 08:17:12,440 : INFO : ConfigProcessor : Loading config from cache: C:\Users\themi\AppData\Local\Temp\8d4786f117f290f34c6b54fd8b6fe8fe.mpf_cache
2020-10-04 08:17:12,440 : INFO : ConfigProcessor : Loading config from cache: C:\Users\themi\AppData\Local\Temp\d1f28e307667fe64a15b0a7332832e8a.mpf_cache
2020-10-04 08:17:12,456 : INFO : ConfigProcessor : Loading config from cache: C:\Users\themi\AppData\Local\Temp\4b1cd1ab6685d1ad48e4e22b92633748.mpf_cache
2020-10-04 08:17:12,456 : INFO : ConfigProcessor : Loading config from cache: C:\Users\themi\AppData\Local\Temp\0e5b9342958db12ded482c5bdee94a50.mpf_cache
2020-10-04 08:17:12,456 : INFO : ConfigProcessor : Loading config from cache: C:\Users\themi\AppData\Local\Temp\fa3b9c24e757a86afd7ebd54e8356a2f.mpf_cache
2020-10-04 08:17:12,456 : INFO : ConfigProcessor : Loading config from cache: C:\Users\themi\AppData\Local\Temp\4f17c1b7053da1ee6acf2b568ebeb609.mpf_cache
2020-10-04 08:17:12,456 : INFO : ConfigProcessor : Loading config from cache: C:\Users\themi\AppData\Local\Temp\ccd4282a3141e0878d86657c78349f12.mpf_cache
2020-10-04 08:17:12,456 : INFO : ConfigProcessor : Loading config from cache: C:\Users\themi\AppData\Local\Temp\17729cd0303cfaced1d4181f3ca2421f.mpf_cache
2020-10-04 08:17:12,456 : INFO : ConfigProcessor : Loading config from cache: C:\Users\themi\AppData\Local\Temp\47ffaea90c47406003f6ea8ebe74989d.mpf_cache
2020-10-04 08:17:12,456 : INFO : ConfigProcessor : Loading config from cache: C:\Users\themi\AppData\Local\Temp\6f6af101da615a72df8eebfca5188fca.mpf_cache
2020-10-04 08:17:12,456 : INFO : ConfigProcessor : Loading config from cache: C:\Users\themi\AppData\Local\Temp\3889d554abdf669f0bcb59dfdb43163f.mpf_cache
2020-10-04 08:17:12,456 : INFO : ConfigProcessor : Loading config from cache: C:\Users\themi\AppData\Local\Temp\dca7679fbf96e787efc0ee793457f019.mpf_cache
2020-10-04 08:17:12,456 : INFO : ConfigProcessor : Loading config from cache: C:\Users\themi\AppData\Local\Temp\773981adc2a393ce4661c342531a13c1.mpf_cache
2020-10-04 08:17:12,456 : INFO : ConfigProcessor : Loading config from cache: C:\Users\themi\AppData\Local\Temp\0e7ad57880df273f086bfe63563440af.mpf_cache
2020-10-04 08:17:12,456 : INFO : ConfigProcessor : Loading config from cache: C:\Users\themi\AppData\Local\Temp\14255cf3b2f3681937087b07de526758.mpf_cache
2020-10-04 08:17:12,471 : INFO : ConfigProcessor : Loading config from cache: C:\Users\themi\AppData\Local\Temp\01c6bf43074c3a497e337500f6bac20b.mpf_cache
2020-10-04 08:17:12,471 : INFO : ConfigProcessor : Loading config from cache: C:\Users\themi\AppData\Local\Temp\7eeffc9c6f8d1e96b5a9cad923ac520c.mpf_cache
2020-10-04 08:17:12,471 : INFO : Machine : Mission Pinball Framework Core Engine v0.54.0-dev.72
2020-10-04 08:17:12,471 : INFO : Machine : Command line arguments: {'no_load_cache': False, 'create_config_cache': True, 'bcp': True, 'configfile': ['config.yaml'], 'force_assets_load': False, 'jsonlogging': False, 'logfile': 'logs\\2020-10-04-08-17-12-mpf-LAPTOP-C39PEUFD.log', 'pause': False, 'production': False, 'text_ui': True, 'loglevel': 15, 'consoleloglevel': 20, 'force_platform': 'smart_virtual', 'syslog_address': None, 'mc_file_name': None, 'no_sound': False}
2020-10-04 08:17:12,471 : INFO : Machine : MPF path: c:\users\themi\appdata\local\programs\python\python36\lib\site-packages\mpf
2020-10-04 08:17:12,471 : INFO : Machine : Machine path: c:\Pinball\Cuphead
2020-10-04 08:17:12,471 : INFO : Machine : Platform: win32
2020-10-04 08:17:12,471 : INFO : Machine : Python executable location: c:\users\themi\appdata\local\programs\python\python36\python.exe
2020-10-04 08:17:12,471 : INFO : Machine : Python version: 3.6.4 (64-bit)
2020-10-04 08:17:12,471 : INFO : Machine : Initialise MPF.
2020-10-04 08:17:13,537 : INFO : EventManager : Event: ======'machine_var_credits_string'====== Args={'value': 'FREE PLAY', 'prev_value': None, 'change': True}
2020-10-04 08:17:13,646 : INFO : EventManager : Event: ======'machine_var_player1_score'====== Args={'value': 8110, 'prev_value': None, 'change': True}
2020-10-04 08:17:13,646 : INFO : EventManager : Event: ======'machine_var_mpf_version'====== Args={'value': 'MPF v0.54.0-dev.72', 'prev_value': None, 'change': True}
2020-10-04 08:17:13,646 : INFO : EventManager : Event: ======'machine_var_mpf_extended_version'====== Args={'value': 'MPF v0.54.0-dev.72, Config version:5, Show version: 5, BCP version:1.1', 'prev_value': None, 'change': True}
2020-10-04 08:17:13,646 : INFO : EventManager : Event: ======'machine_var_python_version'====== Args={'value': '3.6.4', 'prev_value': None, 'change': True}
2020-10-04 08:17:13,646 : INFO : EventManager : Event: ======'machine_var_platform'====== Args={'value': 'Windows-10-10.0.18362-SP0', 'prev_value': None, 'change': True}
2020-10-04 08:17:13,646 : INFO : EventManager : Event: ======'machine_var_platform_system'====== Args={'value': 'Windows', 'prev_value': None, 'change': True}
2020-10-04 08:17:13,646 : INFO : EventManager : Event: ======'machine_var_platform_release'====== Args={'value': '10', 'prev_value': None, 'change': True}
2020-10-04 08:17:13,646 : INFO : EventManager : Event: ======'machine_var_platform_version'====== Args={'value': '10.0.18362', 'prev_value': None, 'change': True}
2020-10-04 08:17:13,646 : INFO : EventManager : Event: ======'machine_var_platform_machine'====== Args={'value': 'AMD64', 'prev_value': None, 'change': True}
2020-10-04 08:17:13,646 : INFO : EventManager : Event: ======'init_phase_1'====== Args={}
2020-10-04 08:17:13,787 : INFO : EventManager : Event: ======'drop_target_bank_cup_bank_up'====== Args={}
2020-10-04 08:17:13,787 : INFO : EventManager : Event: ======'drop_target_bank_mug_bank_up'====== Args={}
2020-10-04 08:17:13,787 : INFO : EventManager : Event: ======'init_phase_2'====== Args={}
2020-10-04 08:17:13,787 : INFO : SwitchController : Found active switch: ('2', <Platform.SmartVirtual>)
2020-10-04 08:17:13,787 : INFO : SwitchController : Found active switch: ('3', <Platform.SmartVirtual>)
2020-10-04 08:17:13,803 : INFO : EventManager : Event: ======'bcp_connection_attempt'====== Args={'name': 'local_display', 'host': 'localhost', 'port': 5050}
2020-10-04 08:17:13,818 : INFO : BCPClientSocket : Connecting BCP to 'local_display' at localhost:5050...
2020-10-04 08:17:25,567 : INFO : BCPClientSocket : Connected BCP to 'local_display' localhost:5050
2020-10-04 08:17:25,568 : INFO : EventManager : Event: ======'bcp_clients_connected'====== Args={}
2020-10-04 08:17:25,586 : INFO : EventManager : Event: ======'machine_var_mc_version'====== Args={'value': 'MPF-MC v0.54.0-dev.20', 'prev_value': None, 'change': True}
2020-10-04 08:17:25,586 : INFO : EventManager : Event: ======'machine_var_mc_extended_version'====== Args={'value': 'MPF-MC v0.54.0-dev.20 (config_version=5, BCP v1.1, Requires MPF v0.54.0-dev.68)', 'prev_value': None, 'change': True}
2020-10-04 08:17:25,591 : INFO : EventManager : Event: ======'machine_var_master_volume'====== Args={'value': 0.5, 'prev_value': None, 'change': True}
2020-10-04 08:17:25,592 : INFO : ball_device.bd_trough : State: idle
2020-10-04 08:17:25,626 : INFO : ball_device.bd_plunger : State: idle
2020-10-04 08:17:25,661 : INFO : EventManager : Event: ======'init_phase_3'====== Args={}
2020-10-04 08:17:25,675 : INFO : EventManager : Event: ======'init_phase_4'====== Args={}
2020-10-04 08:17:25,678 : INFO : EventManager : Event: ======'machine_var_audits_events_game_ended'====== Args={'value': 21, 'prev_value': None, 'change': True}
2020-10-04 08:17:25,679 : INFO : EventManager : Event: ======'machine_var_audits_events_game_started'====== Args={'value': 40, 'prev_value': None, 'change': True}
2020-10-04 08:17:25,679 : INFO : EventManager : Event: ======'machine_var_audits_player_score'====== Args={'value': {'average': 530.4761904761905, 'top': [2970, 1300, 1220, 980, 880, 780, 720, 710, 630, 590], 'total': 21}, 'prev_value': None, 'change': True}
2020-10-04 08:17:25,680 : INFO : EventManager : Event: ======'machine_var_audits_shots_soul_L'====== Args={'value': 85, 'prev_value': None, 'change': True}
2020-10-04 08:17:25,681 : INFO : EventManager : Event: ======'machine_var_audits_shots_soul_O'====== Args={'value': 90, 'prev_value': None, 'change': True}
2020-10-04 08:17:25,681 : INFO : EventManager : Event: ======'machine_var_audits_shots_soul_S'====== Args={'value': 104, 'prev_value': None, 'change': True}
2020-10-04 08:17:25,682 : INFO : EventManager : Event: ======'machine_var_audits_shots_soul_U'====== Args={'value': 89, 'prev_value': None, 'change': True}
2020-10-04 08:17:25,683 : INFO : EventManager : Event: ======'machine_var_audits_switches_s_coin'====== Args={'value': 20, 'prev_value': None, 'change': True}
2020-10-04 08:17:25,683 : INFO : EventManager : Event: ======'machine_var_audits_switches_s_dash_L'====== Args={'value': 0, 'prev_value': None, 'change': True}
2020-10-04 08:17:25,684 : INFO : EventManager : Event: ======'machine_var_audits_switches_s_dash_R'====== Args={'value': 0, 'prev_value': None, 'change': True}
2020-10-04 08:17:25,685 : INFO : EventManager : Event: ======'machine_var_audits_switches_s_dtSling_L'====== Args={'value': 0, 'prev_value': None, 'change': True}
2020-10-04 08:17:25,685 : INFO : EventManager : Event: ======'machine_var_audits_switches_s_dtSling_R'====== Args={'value': 0, 'prev_value': None, 'change': True}
2020-10-04 08:17:25,686 : INFO : EventManager : Event: ======'machine_var_audits_switches_s_dt_C'====== Args={'value': 72, 'prev_value': None, 'change': True}
2020-10-04 08:17:25,687 : INFO : EventManager : Event: ======'machine_var_audits_switches_s_dt_G'====== Args={'value': 21, 'prev_value': None, 'change': True}
2020-10-04 08:17:25,688 : INFO : EventManager : Event: ======'machine_var_audits_switches_s_dt_M'====== Args={'value': 19, 'prev_value': None, 'change': True}
2020-10-04 08:17:25,689 : INFO : EventManager : Event: ======'machine_var_audits_switches_s_dt_P'====== Args={'value': 55, 'prev_value': None, 'change': True}
2020-10-04 08:17:25,689 : INFO : EventManager : Event: ======'machine_var_audits_switches_s_dt_U'====== Args={'value': 63, 'prev_value': None, 'change': True}
2020-10-04 08:17:25,690 : INFO : EventManager : Event: ======'machine_var_audits_switches_s_dt_U2'====== Args={'value': 19, 'prev_value': None, 'change': True}
2020-10-04 08:17:25,691 : INFO : EventManager : Event: ======'machine_var_audits_switches_s_exit_shooter_lane'====== Args={'value': 350, 'prev_value': None, 'change': True}
2020-10-04 08:17:25,692 : INFO : EventManager : Event: ======'machine_var_audits_switches_s_inLane_L'====== Args={'value': 0, 'prev_value': None, 'change': True}
2020-10-04 08:17:25,693 : INFO : EventManager : Event: ======'machine_var_audits_switches_s_inLane_R'====== Args={'value': 0, 'prev_value': None, 'change': True}
2020-10-04 08:17:25,694 : INFO : EventManager : Event: ======'machine_var_audits_switches_s_kicker'====== Args={'value': 0, 'prev_value': None, 'change': True}
2020-10-04 08:17:25,694 : INFO : EventManager : Event: ======'machine_var_audits_switches_s_left_flipper'====== Args={'value': 151, 'prev_value': None, 'change': True}
2020-10-04 08:17:25,695 : INFO : EventManager : Event: ======'machine_var_audits_switches_s_midRight'====== Args={'value': 0, 'prev_value': None, 'change': True}
2020-10-04 08:17:25,696 : INFO : EventManager : Event: ======'machine_var_audits_switches_s_outLane_L'====== Args={'value': 0, 'prev_value': None, 'change': True}
2020-10-04 08:17:25,697 : INFO : EventManager : Event: ======'machine_var_audits_switches_s_outLane_R'====== Args={'value': 0, 'prev_value': None, 'change': True}
2020-10-04 08:17:25,698 : INFO : EventManager : Event: ======'machine_var_audits_switches_s_perdition'====== Args={'value': 0, 'prev_value': None, 'change': True}
2020-10-04 08:17:25,699 : INFO : EventManager : Event: ======'machine_var_audits_switches_s_playfield'====== Args={'value': 0, 'prev_value': None, 'change': True}
2020-10-04 08:17:25,700 : INFO : EventManager : Event: ======'machine_var_audits_switches_s_plunger'====== Args={'value': 538, 'prev_value': None, 'change': True}
2020-10-04 08:17:25,701 : INFO : EventManager : Event: ======'machine_var_audits_switches_s_popBumper_1'====== Args={'value': 463, 'prev_value': None, 'change': True}
2020-10-04 08:17:25,702 : INFO : EventManager : Event: ======'machine_var_audits_switches_s_popBumper_2'====== Args={'value': 438, 'prev_value': None, 'change': True}
2020-10-04 08:17:25,703 : INFO : EventManager : Event: ======'machine_var_audits_switches_s_popBumper_3'====== Args={'value': 162, 'prev_value': None, 'change': True}
2020-10-04 08:17:25,703 : INFO : EventManager : Event: ======'machine_var_audits_switches_s_pop_bumper1'====== Args={'value': 120, 'prev_value': None, 'change': True}
2020-10-04 08:17:25,704 : INFO : EventManager : Event: ======'machine_var_audits_switches_s_pop_bumper2'====== Args={'value': 153, 'prev_value': None, 'change': True}
2020-10-04 08:17:25,705 : INFO : EventManager : Event: ======'machine_var_audits_switches_s_pop_bumper3'====== Args={'value': 100, 'prev_value': None, 'change': True}
2020-10-04 08:17:25,706 : INFO : EventManager : Event: ======'machine_var_audits_switches_s_right_flipper'====== Args={'value': 216, 'prev_value': None, 'change': True}
2020-10-04 08:17:25,707 : INFO : EventManager : Event: ======'machine_var_audits_switches_s_sling_L'====== Args={'value': 0, 'prev_value': None, 'change': True}
2020-10-04 08:17:25,708 : INFO : EventManager : Event: ======'machine_var_audits_switches_s_sling_R'====== Args={'value': 0, 'prev_value': None, 'change': True}
2020-10-04 08:17:25,709 : INFO : EventManager : Event: ======'machine_var_audits_switches_s_soul_L'====== Args={'value': 86, 'prev_value': None, 'change': True}
2020-10-04 08:17:25,709 : INFO : EventManager : Event: ======'machine_var_audits_switches_s_soul_O'====== Args={'value': 95, 'prev_value': None, 'change': True}
2020-10-04 08:17:25,710 : INFO : EventManager : Event: ======'machine_var_audits_switches_s_soul_S'====== Args={'value': 104, 'prev_value': None, 'change': True}
2020-10-04 08:17:25,711 : INFO : EventManager : Event: ======'machine_var_audits_switches_s_soul_U'====== Args={'value': 89, 'prev_value': None, 'change': True}
2020-10-04 08:17:25,712 : INFO : EventManager : Event: ======'machine_var_audits_switches_s_standUp_1'====== Args={'value': 0, 'prev_value': None, 'change': True}
2020-10-04 08:17:25,712 : INFO : EventManager : Event: ======'machine_var_audits_switches_s_standUp_2'====== Args={'value': 0, 'prev_value': None, 'change': True}
2020-10-04 08:17:25,713 : INFO : EventManager : Event: ======'machine_var_audits_switches_s_standUp_3'====== Args={'value': 0, 'prev_value': None, 'change': True}
2020-10-04 08:17:25,714 : INFO : EventManager : Event: ======'machine_var_audits_switches_s_standUp_R'====== Args={'value': 0, 'prev_value': None, 'change': True}
2020-10-04 08:17:25,715 : INFO : EventManager : Event: ======'machine_var_audits_switches_s_star_1'====== Args={'value': 0, 'prev_value': None, 'change': True}
2020-10-04 08:17:25,716 : INFO : EventManager : Event: ======'machine_var_audits_switches_s_star_2'====== Args={'value': 0, 'prev_value': None, 'change': True}
2020-10-04 08:17:25,717 : INFO : EventManager : Event: ======'machine_var_audits_switches_s_star_3'====== Args={'value': 0, 'prev_value': None, 'change': True}
2020-10-04 08:17:25,718 : INFO : EventManager : Event: ======'machine_var_audits_switches_s_start'====== Args={'value': 68, 'prev_value': None, 'change': True}
2020-10-04 08:17:25,719 : INFO : EventManager : Event: ======'machine_var_audits_switches_s_tilt'====== Args={'value': 0, 'prev_value': None, 'change': True}
2020-10-04 08:17:25,720 : INFO : EventManager : Event: ======'machine_var_audits_switches_s_trough1'====== Args={'value': 508, 'prev_value': None, 'change': True}
2020-10-04 08:17:25,721 : INFO : EventManager : Event: ======'machine_var_audits_switches_s_trough2'====== Args={'value': 72, 'prev_value': None, 'change': True}
2020-10-04 08:17:25,722 : INFO : EventManager : Event: ======'machine_var_audits_switches_s_trough_jam'====== Args={'value': 13, 'prev_value': None, 'change': True}
2020-10-04 08:17:25,724 : INFO : EventManager : Event: ======'init_phase_5'====== Args={}
2020-10-04 08:17:25,753 : INFO : EventManager : Event: ======'init_done'====== Args={}
2020-10-04 08:17:25,754 : INFO : EventManager : Event: ======'machine_reset_phase_1'====== Args={}
2020-10-04 08:17:25,764 : INFO : EventManager : Event: ======'slide_welcome_slide_removed'====== Args={'_from_bcp': True}
2020-10-04 08:17:25,768 : INFO : EventManager : Event: ======'slide_welcome_slide_created'====== Args={'_from_bcp': True}
2020-10-04 08:17:25,771 : INFO : EventManager : Event: ======'machine_reset_phase_2'====== Args={}
2020-10-04 08:17:25,772 : INFO : EventManager : Event: ======'machine_reset_phase_3'====== Args={}
2020-10-04 08:17:25,772 : INFO : drop_target_bank.cup_bank : All targets are already up. Will not reset bank.
2020-10-04 08:17:25,772 : INFO : drop_target_bank.mug_bank : All targets are already up. Will not reset bank.
2020-10-04 08:17:25,773 : INFO : EventManager : Event: ======'reset_complete'====== Args={}
2020-10-04 08:17:25,773 : INFO : EventManager : Event: ======'mode_attract_will_start'====== Args={}
2020-10-04 08:17:25,775 : INFO : EventManager : Event: ======'mode_attract_starting'====== Args={}
2020-10-04 08:17:25,775 : INFO : Mode.attract : Started. Priority: 10
2020-10-04 08:17:25,776 : INFO : EventManager : Event: ======'modes_active_modes_changed'====== Args={}
2020-10-04 08:17:25,776 : INFO : EventManager : Event: ======'mode_attract_started'====== Args={}
2020-10-04 08:17:25,779 : INFO : EventManager : Event: ======'collecting_balls_complete'====== Args={}
2020-10-04 08:17:25,837 : INFO : EventManager : Event: ======'slide_welcome_slide_active'====== Args={'_from_bcp': True}
2020-10-04 08:17:25,838 : INFO : EventManager : Event: ======'slide_awesome_slide_created'====== Args={'_from_bcp': True}
2020-10-04 08:17:25,838 : INFO : EventManager : Event: ======'slide_awesome_slide_active'====== Args={'_from_bcp': True}
2020-10-04 08:17:25,838 : INFO : Machine : Starting the main run loop.
2020-10-04 08:17:26,441 : INFO : BcpServer : New client connected.
2020-10-04 08:17:28,802 : INFO : EventManager : Event: ======'slide_press_start_created'====== Args={'_from_bcp': True}
2020-10-04 08:17:28,810 : INFO : EventManager : Event: ======'slide_press_start_active'====== Args={'_from_bcp': True}
2020-10-04 08:17:29,057 : INFO : SwitchController : <<<<<<< 's_start' active >>>>>>>
2020-10-04 08:17:29,270 : INFO : SwitchController : <<<<<<< 's_start' inactive >>>>>>>
2020-10-04 08:17:29,270 : INFO : EventManager : Event: ======'request_to_start_game'====== Args={}
2020-10-04 08:17:29,272 : INFO : EventManager : Event: ======'game_start'====== Args={'buttons': [], 'hold_time': 0.20400000002700835}
2020-10-04 08:17:29,273 : INFO : EventManager : Event: ======'mode_game_will_start'====== Args={'buttons': [], 'hold_time': 0.20400000002700835}
2020-10-04 08:17:29,275 : INFO : EventManager : Event: ======'mode_game_starting'====== Args={'buttons': [], 'hold_time': 0.20400000002700835}
2020-10-04 08:17:29,275 : INFO : EventManager : Event: ======'mode_attract_will_stop'====== Args={}
2020-10-04 08:17:29,276 : INFO : EventManager : Event: ======'mode_attract_stopping'====== Args={}
2020-10-04 08:17:29,276 : INFO : Mode.attract : Stopped.
2020-10-04 08:17:29,276 : INFO : EventManager : Event: ======'modes_active_modes_changed'====== Args={}
2020-10-04 08:17:29,278 : INFO : EventManager : Event: ======'mode_attract_stopped'====== Args={}
2020-10-04 08:17:29,279 : INFO : EventManager : Event: ======'clear'====== Args={'key': 'attract'}
2020-10-04 08:17:29,280 : INFO : Mode.game : Started. Priority: 20
2020-10-04 08:17:29,280 : INFO : EventManager : Event: ======'modes_active_modes_changed'====== Args={}
2020-10-04 08:17:29,280 : INFO : EventManager : Event: ======'mode_game_started'====== Args={'buttons': [], 'hold_time': 0.20400000002700835}
2020-10-04 08:17:29,327 : INFO : EventManager : Event: ======'game_will_start'====== Args={}
2020-10-04 08:17:29,328 : INFO : EventManager : Event: ======'slide_awesome_slide_removed'====== Args={'_from_bcp': True}
2020-10-04 08:17:29,328 : INFO : EventManager : Event: ======'slide_press_start_removed'====== Args={'_from_bcp': True}
2020-10-04 08:17:29,329 : INFO : EventManager : Event: ======'slide_welcome_slide_active'====== Args={'_from_bcp': True}
2020-10-04 08:17:29,337 : INFO : EventManager : Event: ======'game_starting'====== Args={'game': <Mode.game>}
2020-10-04 08:17:29,338 : INFO : EventManager : Event: ======'player_add_request'====== Args={}
2020-10-04 08:17:29,339 : INFO : EventManager : Event: ======'player_will_add'====== Args={'number': 1}
2020-10-04 08:17:29,340 : INFO : EventManager : Event: ======'player_adding'====== Args={'player': <Player 1>, 'number': 1}
2020-10-04 08:17:29,342 : INFO : EventManager : Event: ======'player_added'====== Args={'player': <Player 1>, 'num': 1}
2020-10-04 08:17:29,343 : INFO : Mode.game : Player added successfully. Total players: 1
2020-10-04 08:17:29,343 : INFO : EventManager : Event: ======'player_index'====== Args={'value': 0, 'prev_value': 0, 'change': 0, 'player_num': 1}
2020-10-04 08:17:29,344 : INFO : EventManager : Event: ======'player_number'====== Args={'value': 1, 'prev_value': 1, 'change': 0, 'player_num': 1}
2020-10-04 08:17:29,345 : INFO : EventManager : Event: ======'player_bonus_multiplier'====== Args={'value': 1, 'prev_value': 1, 'change': 0, 'player_num': 1}
2020-10-04 08:17:29,346 : INFO : EventManager : Event: ======'player_score'====== Args={'value': 0, 'prev_value': 0, 'change': 0, 'player_num': 1}
2020-10-04 08:17:29,347 : INFO : EventManager : Event: ======'game_started'====== Args={}
2020-10-04 08:17:29,379 : INFO : EventManager : Event: ======'player_turn_will_start'====== Args={'player': <Player 1>, 'number': 1}
2020-10-04 08:17:29,380 : INFO : EventManager : Event: ======'player_turn_starting'====== Args={'player': <Player 1>, 'number': 1}
2020-10-04 08:17:29,381 : INFO : EventManager : Event: ======'player_ball'====== Args={'value': 1, 'prev_value': 0, 'change': 1, 'player_num': 1}
2020-10-04 08:17:29,382 : INFO : EventManager : Event: ======'player_turn_started'====== Args={'player': <Player 1>, 'number': 1}
2020-10-04 08:17:29,384 : INFO : EventManager : Event: ======'ball_will_start'====== Args={'player': 1, 'ball': 1, 'balls_remaining': 4, 'is_extra_ball': False}
2020-10-04 08:17:29,404 : INFO : EventManager : Event: ======'ball_starting'====== Args={'player': 1, 'ball': 1, 'balls_remaining': 4, 'is_extra_ball': False}
2020-10-04 08:17:29,406 : INFO : EventManager : Event: ======'mode_base_will_start'====== Args={'queue': <QueuedEvent>, 'player': 1, 'ball': 1, 'balls_remaining': 4, 'is_extra_ball': False}
2020-10-04 08:17:29,412 : INFO : EventManager : Event: ======'mode_base_starting'====== Args={'queue': <QueuedEvent>, 'player': 1, 'ball': 1, 'balls_remaining': 4, 'is_extra_ball': False}
2020-10-04 08:17:29,413 : INFO : drop_target_bank.cup_bank : All targets are already up. Will not reset bank.
2020-10-04 08:17:29,413 : INFO : drop_target_bank.mug_bank : All targets are already up. Will not reset bank.
2020-10-04 08:17:29,414 : INFO : EventManager : Event: ======'balls_in_play'====== Args={'balls': 1}
2020-10-04 08:17:29,414 : INFO : EventManager : Event: ======'ball_started'====== Args={'player': 1, 'ball': 1, 'balls_remaining': 4, 'is_extra_ball': False}
2020-10-04 08:17:29,416 : INFO : EventManager : Event: ======'logicblock_bonus_updated'====== Args={'value': 0, 'enabled': True}
2020-10-04 08:17:29,416 : INFO : EventManager : Event: ======'logicblock_bonus_updated'====== Args={'value': 0, 'enabled': True}
2020-10-04 08:17:29,417 : INFO : Mode.base : Started. Priority: 100
2020-10-04 08:17:29,417 : INFO : EventManager : Event: ======'modes_active_modes_changed'====== Args={}
2020-10-04 08:17:29,418 : INFO : EventManager : Event: ======'mode_base_started'====== Args={'queue': <QueuedEvent>, 'player': 1, 'ball': 1, 'balls_remaining': 4, 'is_extra_ball': False}
2020-10-04 08:17:29,420 : INFO : EventManager : Event: ======'mode_soulLanes_will_start'====== Args={'player': 1, 'ball': 1, 'balls_remaining': 4, 'is_extra_ball': False}
2020-10-04 08:17:29,421 : INFO : EventManager : Event: ======'player_shot_soul_S_enabled'====== Args={'value': True, 'prev_value': 0, 'change': 1, 'player_num': 1}
2020-10-04 08:17:29,423 : INFO : EventManager : Event: ======'player_shot_soul_O_enabled'====== Args={'value': True, 'prev_value': 0, 'change': 1, 'player_num': 1}
2020-10-04 08:17:29,425 : INFO : EventManager : Event: ======'player_shot_soul_U_enabled'====== Args={'value': True, 'prev_value': 0, 'change': 1, 'player_num': 1}
2020-10-04 08:17:29,427 : INFO : EventManager : Event: ======'player_shot_soul_L_enabled'====== Args={'value': True, 'prev_value': 0, 'change': 1, 'player_num': 1}
2020-10-04 08:17:29,428 : INFO : EventManager : Event: ======'soul_lanes_complete'====== Args={'state': 'unlit'}
2020-10-04 08:17:29,429 : INFO : EventManager : Event: ======'soul_lanes_unlit_complete'====== Args={}
2020-10-04 08:17:29,433 : INFO : EventManager : Event: ======'mode_soulLanes_starting'====== Args={'player': 1, 'ball': 1, 'balls_remaining': 4, 'is_extra_ball': False}
2020-10-04 08:17:29,442 : INFO : EventManager : Event: ======'logicblock_soul_complete_count_updated'====== Args={'value': 1, 'enabled': True}
2020-10-04 08:17:29,442 : INFO : EventManager : Event: ======'logicblock_soul_complete_count_updated'====== Args={'value': 1, 'enabled': True}
2020-10-04 08:17:29,443 : INFO : Mode.soulLanes : Started. Priority: 110
2020-10-04 08:17:29,443 : INFO : EventManager : Event: ======'modes_active_modes_changed'====== Args={}
2020-10-04 08:17:29,443 : INFO : EventManager : Event: ======'mode_soulLanes_started'====== Args={'player': 1, 'ball': 1, 'balls_remaining': 4, 'is_extra_ball': False}
2020-10-04 08:17:29,444 : INFO : EventManager : Event: ======'single_player_ball_started'====== Args={}
2020-10-04 08:17:29,523 : INFO : ball_device.bd_plunger : Setting up player-controlled eject. Balls: 1, Target: <playfield.playfield>, player_controlled_eject_event: None
2020-10-04 08:17:29,524 : INFO : EventManager : Event: ======'balldevice_balls_available'====== Args={}
2020-10-04 08:17:29,577 : INFO : EventManager : Event: ======'slide_base.slide_player-mode_base_started_created'====== Args={'_from_bcp': True}
2020-10-04 08:17:29,578 : INFO : EventManager : Event: ======'slide_base.slide_player-mode_base_started_active'====== Args={'_from_bcp': True}
2020-10-04 08:17:29,580 : INFO : ball_device.bd_trough : State: waiting_for_target_ready
2020-10-04 08:17:29,581 : INFO : EventManager : Event: ======'balldevice_bd_trough_ball_eject_attempt'====== Args={'balls': 1, 'target': <ball_device.bd_plunger>, 'source': <ball_device.bd_trough>, 'mechanical_eject': True, 'num_attempts': 0}
2020-10-04 08:17:29,582 : INFO : ball_device.bd_plunger : State: waiting_for_ball
2020-10-04 08:17:29,583 : INFO : ball_device.bd_trough : State: ejecting
2020-10-04 08:17:29,584 : INFO : ball_device.bd_trough : Ejecting ball to <ball_device.bd_plunger>
2020-10-04 08:17:29,585 : INFO : EventManager : Event: ======'balldevice_bd_trough_ejecting_ball'====== Args={'balls': 1, 'target': <ball_device.bd_plunger>, 'source': <ball_device.bd_trough>, 'mechanical_eject': True, 'num_attempts': 0}
2020-10-04 08:17:29,587 : INFO : ball_device.bd_trough : Wait for ball to leave device
2020-10-04 08:17:29,588 : INFO : coil.c_trough_eject : Pulsing Driver for 20ms (1.0 pulse_power)
2020-10-04 08:17:29,589 : INFO : SwitchController : <<<<<<< 's_trough1' inactive >>>>>>>
2020-10-04 08:17:29,611 : INFO : ball_device.bd_trough : State: ball_left
2020-10-04 08:17:29,612 : INFO : ball_device.bd_trough : Ball left
2020-10-04 08:17:29,612 : INFO : ball_device.bd_trough : Wait for confirm with timeout 10.0
2020-10-04 08:17:29,693 : INFO : SwitchController : <<<<<<< 's_plunger' active >>>>>>>
2020-10-04 08:17:29,693 : INFO : EventManager : Event: ======'machine_var_audits_switches_s_plunger'====== Args={'value': 539, 'prev_value': 538, 'change': 1}
2020-10-04 08:17:30,192 : INFO : ball_device.bd_plunger : Received ball from <ball_device.bd_trough>
2020-10-04 08:17:30,193 : INFO : EventManager : Event: ======'balldevice_bd_plunger_ball_enter'====== Args={'new_balls': 1, 'unclaimed_balls': 0, 'new_available_balls': 0, 'device': <ball_device.bd_plunger>}
2020-10-04 08:17:30,194 : INFO : EventManager : Event: ======'balldevice_bd_plunger_ball_entered'====== Args={'new_balls': 0, 'device': <ball_device.bd_plunger>}
2020-10-04 08:17:30,195 : INFO : EventManager : Event: ======'balldevice_bd_plunger_ball_count_changed'====== Args={'balls': 1}
2020-10-04 08:17:30,195 : INFO : ball_device.bd_trough : Got eject confirm
2020-10-04 08:17:30,196 : INFO : ball_device.bd_trough : Eject successful
2020-10-04 08:17:30,196 : INFO : EventManager : Event: ======'balldevice_bd_trough_ball_eject_success'====== Args={'balls': 1, 'target': <ball_device.bd_plunger>}
2020-10-04 08:17:30,197 : INFO : EventManager : Event: ======'balldevice_bd_trough_ball_count_changed'====== Args={'balls': 1}
2020-10-04 08:17:30,198 : INFO : ball_device.bd_trough : State: idle
2020-10-04 08:17:30,198 : INFO : ball_device.bd_plunger : State: waiting_for_target_ready
2020-10-04 08:17:30,199 : INFO : EventManager : Event: ======'balldevice_bd_plunger_ball_eject_attempt'====== Args={'balls': 1, 'target': <playfield.playfield>, 'source': <ball_device.bd_plunger>, 'mechanical_eject': True, 'num_attempts': 0}
2020-10-04 08:17:30,200 : INFO : ball_device.bd_plunger : State: ejecting
2020-10-04 08:17:30,201 : INFO : ball_device.bd_plunger : Ejecting ball to <playfield.playfield>
2020-10-04 08:17:30,201 : INFO : EventManager : Event: ======'balldevice_bd_plunger_ejecting_ball'====== Args={'balls': 1, 'target': <playfield.playfield>, 'source': <ball_device.bd_plunger>, 'mechanical_eject': True, 'num_attempts': 0}
2020-10-04 08:17:30,204 : INFO : ball_device.bd_plunger : Wait for ball to leave device
2020-10-04 08:17:36,222 : INFO : SwitchController : <<<<<<< 's_plunger' inactive >>>>>>>
2020-10-04 08:17:36,244 : INFO : ball_device.bd_plunger : State: ball_left
2020-10-04 08:17:36,245 : INFO : ball_device.bd_plunger : Ball left
2020-10-04 08:17:36,245 : INFO : ball_device.bd_plunger : Wait for confirm with timeout 10.0
2020-10-04 08:17:37,569 : INFO : SwitchController : <<<<<<< 's_exit_shooter_lane' active >>>>>>>
2020-10-04 08:17:37,570 : INFO : EventManager : Event: ======'sw_playfield_active'====== Args={}
2020-10-04 08:17:37,571 : INFO : EventManager : Event: ======'machine_var_audits_switches_s_exit_shooter_lane'====== Args={'value': 351, 'prev_value': 350, 'change': 1}
2020-10-04 08:17:37,574 : INFO : EventManager : Event: ======'playfield_active'====== Args={}
2020-10-04 08:17:37,615 : INFO : ball_device.bd_plunger : Got eject confirm
2020-10-04 08:17:37,615 : INFO : ball_device.bd_plunger : Eject successful
2020-10-04 08:17:37,615 : INFO : EventManager : Event: ======'balldevice_bd_plunger_ball_eject_success'====== Args={'balls': 1, 'target': <playfield.playfield>}
2020-10-04 08:17:37,616 : INFO : EventManager : Event: ======'balldevice_playfield_ball_enter'====== Args={'new_balls': 1, 'unclaimed_balls': 1, 'device': <playfield.playfield>}
2020-10-04 08:17:37,616 : INFO : EventManager : Event: ======'playfield_ball_count_change'====== Args={'balls': 1, 'change': 1}
2020-10-04 08:17:37,621 : INFO : EventManager : Event: ======'balldevice_bd_plunger_ball_count_changed'====== Args={'balls': 0}
2020-10-04 08:17:37,621 : INFO : ball_device.bd_plunger : State: idle
2020-10-04 08:17:37,748 : INFO : SwitchController : <<<<<<< 's_exit_shooter_lane' inactive >>>>>>>
2020-10-04 08:17:38,512 : INFO : SwitchController : <<<<<<< 's_soul_S' active >>>>>>>
2020-10-04 08:17:38,512 : INFO : EventManager : Event: ======'s_soul_S_active'====== Args={}
2020-10-04 08:17:38,513 : INFO : EventManager : Event: ======'machine_var_audits_switches_s_soul_S'====== Args={'value': 105, 'prev_value': 104, 'change': 1}
2020-10-04 08:17:38,517 : INFO : EventManager : Event: ======'player_shot_soul_S'====== Args={'value': 1, 'prev_value': 0, 'change': 1, 'player_num': 1}
2020-10-04 08:17:38,519 : INFO : EventManager : Event: ======'machine_var_audits_shots_soul_S'====== Args={'value': 105, 'prev_value': 104, 'change': 1}
2020-10-04 08:17:38,522 : INFO : EventManager : Event: ======'soul_S_hit'====== Args={'profile': 'default', 'state': 'unlit', 'advancing': True}
2020-10-04 08:17:38,523 : INFO : EventManager : Event: ======'soul_S_default_hit'====== Args={'profile': 'default', 'state': 'unlit', 'advancing': True}
2020-10-04 08:17:38,524 : INFO : EventManager : Event: ======'soul_S_default_unlit_hit'====== Args={'profile': 'default', 'state': 'unlit', 'advancing': True}
2020-10-04 08:17:38,524 : INFO : EventManager : Event: ======'soul_S_unlit_hit'====== Args={'profile': 'default', 'state': 'unlit', 'advancing': True}
2020-10-04 08:17:38,525 : INFO : EventManager : Event: ======'player_score'====== Args={'value': 10, 'prev_value': 0, 'change': 10, 'player_num': 1}
2020-10-04 08:17:38,526 : INFO : EventManager : Event: ======'soul_lanes_hit'====== Args={}
2020-10-04 08:17:38,527 : INFO : EventManager : Event: ======'soul_lanes_unlit_hit'====== Args={}
2020-10-04 08:17:38,679 : INFO : SwitchController : <<<<<<< 's_soul_S' inactive >>>>>>>
2020-10-04 08:17:39,329 : INFO : SwitchController : <<<<<<< 's_soul_O' active >>>>>>>
2020-10-04 08:17:39,329 : INFO : EventManager : Event: ======'s_soul_O_active'====== Args={}
2020-10-04 08:17:39,330 : INFO : EventManager : Event: ======'machine_var_audits_switches_s_soul_O'====== Args={'value': 96, 'prev_value': 95, 'change': 1}
2020-10-04 08:17:39,332 : INFO : EventManager : Event: ======'player_shot_soul_O'====== Args={'value': 1, 'prev_value': 0, 'change': 1, 'player_num': 1}
2020-10-04 08:17:39,333 : INFO : EventManager : Event: ======'machine_var_audits_shots_soul_O'====== Args={'value': 91, 'prev_value': 90, 'change': 1}
2020-10-04 08:17:39,335 : INFO : EventManager : Event: ======'soul_O_hit'====== Args={'profile': 'default', 'state': 'unlit', 'advancing': True}
2020-10-04 08:17:39,335 : INFO : EventManager : Event: ======'soul_O_default_hit'====== Args={'profile': 'default', 'state': 'unlit', 'advancing': True}
2020-10-04 08:17:39,336 : INFO : EventManager : Event: ======'soul_O_default_unlit_hit'====== Args={'profile': 'default', 'state': 'unlit', 'advancing': True}
2020-10-04 08:17:39,337 : INFO : EventManager : Event: ======'soul_O_unlit_hit'====== Args={'profile': 'default', 'state': 'unlit', 'advancing': True}
2020-10-04 08:17:39,337 : INFO : EventManager : Event: ======'player_score'====== Args={'value': 20, 'prev_value': 10, 'change': 10, 'player_num': 1}
2020-10-04 08:17:39,338 : INFO : EventManager : Event: ======'soul_lanes_hit'====== Args={}
2020-10-04 08:17:39,339 : INFO : EventManager : Event: ======'soul_lanes_unlit_hit'====== Args={}
2020-10-04 08:17:39,465 : INFO : SwitchController : <<<<<<< 's_soul_O' inactive >>>>>>>
2020-10-04 08:17:39,720 : INFO : SwitchController : <<<<<<< 's_soul_U' active >>>>>>>
2020-10-04 08:17:39,721 : INFO : EventManager : Event: ======'s_soul_U_active'====== Args={}
2020-10-04 08:17:39,721 : INFO : EventManager : Event: ======'machine_var_audits_switches_s_soul_U'====== Args={'value': 90, 'prev_value': 89, 'change': 1}
2020-10-04 08:17:39,722 : INFO : EventManager : Event: ======'player_shot_soul_U'====== Args={'value': 1, 'prev_value': 0, 'change': 1, 'player_num': 1}
2020-10-04 08:17:39,724 : INFO : EventManager : Event: ======'machine_var_audits_shots_soul_U'====== Args={'value': 90, 'prev_value': 89, 'change': 1}
2020-10-04 08:17:39,725 : INFO : EventManager : Event: ======'soul_U_hit'====== Args={'profile': 'default', 'state': 'unlit', 'advancing': True}
2020-10-04 08:17:39,725 : INFO : EventManager : Event: ======'soul_U_default_hit'====== Args={'profile': 'default', 'state': 'unlit', 'advancing': True}
2020-10-04 08:17:39,725 : INFO : EventManager : Event: ======'soul_U_default_unlit_hit'====== Args={'profile': 'default', 'state': 'unlit', 'advancing': True}
2020-10-04 08:17:39,726 : INFO : EventManager : Event: ======'soul_U_unlit_hit'====== Args={'profile': 'default', 'state': 'unlit', 'advancing': True}
2020-10-04 08:17:39,726 : INFO : EventManager : Event: ======'player_score'====== Args={'value': 30, 'prev_value': 20, 'change': 10, 'player_num': 1}
2020-10-04 08:17:39,728 : INFO : EventManager : Event: ======'soul_lanes_hit'====== Args={}
2020-10-04 08:17:39,728 : INFO : EventManager : Event: ======'soul_lanes_unlit_hit'====== Args={}
2020-10-04 08:17:39,846 : INFO : SwitchController : <<<<<<< 's_soul_U' inactive >>>>>>>
2020-10-04 08:17:40,617 : INFO : SwitchController : <<<<<<< 's_soul_L' active >>>>>>>
2020-10-04 08:17:40,618 : INFO : EventManager : Event: ======'s_soul_L_active'====== Args={}
2020-10-04 08:17:40,619 : INFO : EventManager : Event: ======'machine_var_audits_switches_s_soul_L'====== Args={'value': 87, 'prev_value': 86, 'change': 1}
2020-10-04 08:17:40,620 : INFO : EventManager : Event: ======'player_shot_soul_L'====== Args={'value': 1, 'prev_value': 0, 'change': 1, 'player_num': 1}
2020-10-04 08:17:40,622 : INFO : EventManager : Event: ======'machine_var_audits_shots_soul_L'====== Args={'value': 86, 'prev_value': 85, 'change': 1}
2020-10-04 08:17:40,623 : INFO : EventManager : Event: ======'soul_L_hit'====== Args={'profile': 'default', 'state': 'unlit', 'advancing': True}
2020-10-04 08:17:40,624 : INFO : EventManager : Event: ======'soul_L_default_hit'====== Args={'profile': 'default', 'state': 'unlit', 'advancing': True}
2020-10-04 08:17:40,624 : INFO : EventManager : Event: ======'soul_L_default_unlit_hit'====== Args={'profile': 'default', 'state': 'unlit', 'advancing': True}
2020-10-04 08:17:40,625 : INFO : EventManager : Event: ======'soul_L_unlit_hit'====== Args={'profile': 'default', 'state': 'unlit', 'advancing': True}
2020-10-04 08:17:40,625 : INFO : EventManager : Event: ======'player_score'====== Args={'value': 40, 'prev_value': 30, 'change': 10, 'player_num': 1}
2020-10-04 08:17:40,626 : INFO : EventManager : Event: ======'soul_lanes_complete'====== Args={'state': 'lit'}
2020-10-04 08:17:40,627 : INFO : EventManager : Event: ======'soul_lanes_lit_complete'====== Args={}
2020-10-04 08:17:40,628 : INFO : EventManager : Event: ======'soul_lanes_hit'====== Args={}
2020-10-04 08:17:40,628 : INFO : EventManager : Event: ======'soul_lanes_unlit_hit'====== Args={}
2020-10-04 08:17:40,629 : INFO : EventManager : Event: ======'player_score'====== Args={'value': 1040, 'prev_value': 40, 'change': 1000, 'player_num': 1}
2020-10-04 08:17:40,630 : INFO : EventManager : Event: ======'logicblock_soul_complete_count_updated'====== Args={'value': 2, 'enabled': True}
2020-10-04 08:17:40,631 : INFO : EventManager : Event: ======'soul_lanes_done'====== Args={'count': 2}
2020-10-04 08:17:40,633 : INFO : EventManager : Event: ======'player_bonus_multiplier'====== Args={'value': 2, 'prev_value': 1, 'change': 1, 'player_num': 1}
2020-10-04 08:17:40,774 : INFO : SwitchController : <<<<<<< 's_soul_L' inactive >>>>>>>
2020-10-04 08:17:41,632 : INFO : EventManager : Event: ======'player_shot_soul_S'====== Args={'value': 0, 'prev_value': 1, 'change': -1, 'player_num': 1}
2020-10-04 08:17:41,634 : INFO : EventManager : Event: ======'player_shot_soul_O'====== Args={'value': 0, 'prev_value': 1, 'change': -1, 'player_num': 1}
2020-10-04 08:17:41,635 : INFO : EventManager : Event: ======'player_shot_soul_U'====== Args={'value': 0, 'prev_value': 1, 'change': -1, 'player_num': 1}
2020-10-04 08:17:41,637 : INFO : EventManager : Event: ======'player_shot_soul_L'====== Args={'value': 0, 'prev_value': 1, 'change': -1, 'player_num': 1}
2020-10-04 08:17:41,702 : INFO : SwitchController : <<<<<<< 's_soul_S' active >>>>>>>
2020-10-04 08:17:41,702 : INFO : EventManager : Event: ======'s_soul_S_active'====== Args={}
2020-10-04 08:17:41,703 : INFO : EventManager : Event: ======'machine_var_audits_switches_s_soul_S'====== Args={'value': 106, 'prev_value': 105, 'change': 1}
2020-10-04 08:17:41,705 : INFO : EventManager : Event: ======'player_shot_soul_S'====== Args={'value': 1, 'prev_value': 0, 'change': 1, 'player_num': 1}
2020-10-04 08:17:41,706 : INFO : EventManager : Event: ======'machine_var_audits_shots_soul_S'====== Args={'value': 106, 'prev_value': 105, 'change': 1}
2020-10-04 08:17:41,708 : INFO : EventManager : Event: ======'soul_S_hit'====== Args={'profile': 'default', 'state': 'unlit', 'advancing': True}
2020-10-04 08:17:41,708 : INFO : EventManager : Event: ======'soul_S_default_hit'====== Args={'profile': 'default', 'state': 'unlit', 'advancing': True}
2020-10-04 08:17:41,709 : INFO : EventManager : Event: ======'soul_S_default_unlit_hit'====== Args={'profile': 'default', 'state': 'unlit', 'advancing': True}
2020-10-04 08:17:41,710 : INFO : EventManager : Event: ======'soul_S_unlit_hit'====== Args={'profile': 'default', 'state': 'unlit', 'advancing': True}
2020-10-04 08:17:41,710 : INFO : EventManager : Event: ======'player_score'====== Args={'value': 1050, 'prev_value': 1040, 'change': 10, 'player_num': 1}
2020-10-04 08:17:41,711 : INFO : EventManager : Event: ======'soul_lanes_hit'====== Args={}
2020-10-04 08:17:41,712 : INFO : EventManager : Event: ======'soul_lanes_unlit_hit'====== Args={}
2020-10-04 08:17:41,912 : INFO : SwitchController : <<<<<<< 's_soul_S' inactive >>>>>>>
2020-10-04 08:17:42,215 : INFO : SwitchController : <<<<<<< 's_soul_O' active >>>>>>>
2020-10-04 08:17:42,215 : INFO : EventManager : Event: ======'s_soul_O_active'====== Args={}
2020-10-04 08:17:42,216 : INFO : EventManager : Event: ======'machine_var_audits_switches_s_soul_O'====== Args={'value': 97, 'prev_value': 96, 'change': 1}
2020-10-04 08:17:42,218 : INFO : EventManager : Event: ======'player_shot_soul_O'====== Args={'value': 1, 'prev_value': 0, 'change': 1, 'player_num': 1}
2020-10-04 08:17:42,220 : INFO : EventManager : Event: ======'machine_var_audits_shots_soul_O'====== Args={'value': 92, 'prev_value': 91, 'change': 1}
2020-10-04 08:17:42,221 : INFO : EventManager : Event: ======'soul_O_hit'====== Args={'profile': 'default', 'state': 'unlit', 'advancing': True}
2020-10-04 08:17:42,222 : INFO : EventManager : Event: ======'soul_O_default_hit'====== Args={'profile': 'default', 'state': 'unlit', 'advancing': True}
2020-10-04 08:17:42,222 : INFO : EventManager : Event: ======'soul_O_default_unlit_hit'====== Args={'profile': 'default', 'state': 'unlit', 'advancing': True}
2020-10-04 08:17:42,223 : INFO : EventManager : Event: ======'soul_O_unlit_hit'====== Args={'profile': 'default', 'state': 'unlit', 'advancing': True}
2020-10-04 08:17:42,224 : INFO : EventManager : Event: ======'player_score'====== Args={'value': 1060, 'prev_value': 1050, 'change': 10, 'player_num': 1}
2020-10-04 08:17:42,224 : INFO : EventManager : Event: ======'soul_lanes_hit'====== Args={}
2020-10-04 08:17:42,225 : INFO : EventManager : Event: ======'soul_lanes_unlit_hit'====== Args={}
2020-10-04 08:17:42,369 : INFO : SwitchController : <<<<<<< 's_soul_O' inactive >>>>>>>
2020-10-04 08:17:42,718 : INFO : SwitchController : <<<<<<< 's_soul_U' active >>>>>>>
2020-10-04 08:17:42,718 : INFO : EventManager : Event: ======'s_soul_U_active'====== Args={}
2020-10-04 08:17:42,719 : INFO : EventManager : Event: ======'machine_var_audits_switches_s_soul_U'====== Args={'value': 91, 'prev_value': 90, 'change': 1}
2020-10-04 08:17:42,721 : INFO : EventManager : Event: ======'player_shot_soul_U'====== Args={'value': 1, 'prev_value': 0, 'change': 1, 'player_num': 1}
2020-10-04 08:17:42,723 : INFO : EventManager : Event: ======'machine_var_audits_shots_soul_U'====== Args={'value': 91, 'prev_value': 90, 'change': 1}
2020-10-04 08:17:42,724 : INFO : EventManager : Event: ======'soul_U_hit'====== Args={'profile': 'default', 'state': 'unlit', 'advancing': True}
2020-10-04 08:17:42,725 : INFO : EventManager : Event: ======'soul_U_default_hit'====== Args={'profile': 'default', 'state': 'unlit', 'advancing': True}
2020-10-04 08:17:42,725 : INFO : EventManager : Event: ======'soul_U_default_unlit_hit'====== Args={'profile': 'default', 'state': 'unlit', 'advancing': True}
2020-10-04 08:17:42,726 : INFO : EventManager : Event: ======'soul_U_unlit_hit'====== Args={'profile': 'default', 'state': 'unlit', 'advancing': True}
2020-10-04 08:17:42,727 : INFO : EventManager : Event: ======'player_score'====== Args={'value': 1070, 'prev_value': 1060, 'change': 10, 'player_num': 1}
2020-10-04 08:17:42,728 : INFO : EventManager : Event: ======'soul_lanes_hit'====== Args={}
2020-10-04 08:17:42,728 : INFO : EventManager : Event: ======'soul_lanes_unlit_hit'====== Args={}
2020-10-04 08:17:42,852 : INFO : SwitchController : <<<<<<< 's_soul_U' inactive >>>>>>>
2020-10-04 08:17:43,719 : INFO : SwitchController : <<<<<<< 's_soul_L' active >>>>>>>
2020-10-04 08:17:43,720 : INFO : EventManager : Event: ======'s_soul_L_active'====== Args={}
2020-10-04 08:17:43,720 : INFO : EventManager : Event: ======'machine_var_audits_switches_s_soul_L'====== Args={'value': 88, 'prev_value': 87, 'change': 1}
2020-10-04 08:17:43,722 : INFO : EventManager : Event: ======'player_shot_soul_L'====== Args={'value': 1, 'prev_value': 0, 'change': 1, 'player_num': 1}
2020-10-04 08:17:43,723 : INFO : EventManager : Event: ======'machine_var_audits_shots_soul_L'====== Args={'value': 87, 'prev_value': 86, 'change': 1}
2020-10-04 08:17:43,725 : INFO : EventManager : Event: ======'soul_L_hit'====== Args={'profile': 'default', 'state': 'unlit', 'advancing': True}
2020-10-04 08:17:43,725 : INFO : EventManager : Event: ======'soul_L_default_hit'====== Args={'profile': 'default', 'state': 'unlit', 'advancing': True}
2020-10-04 08:17:43,726 : INFO : EventManager : Event: ======'soul_L_default_unlit_hit'====== Args={'profile': 'default', 'state': 'unlit', 'advancing': True}
2020-10-04 08:17:43,726 : INFO : EventManager : Event: ======'soul_L_unlit_hit'====== Args={'profile': 'default', 'state': 'unlit', 'advancing': True}
2020-10-04 08:17:43,727 : INFO : EventManager : Event: ======'player_score'====== Args={'value': 1080, 'prev_value': 1070, 'change': 10, 'player_num': 1}
2020-10-04 08:17:43,728 : INFO : EventManager : Event: ======'soul_lanes_complete'====== Args={'state': 'lit'}
2020-10-04 08:17:43,728 : INFO : EventManager : Event: ======'soul_lanes_lit_complete'====== Args={}
2020-10-04 08:17:43,729 : INFO : EventManager : Event: ======'soul_lanes_hit'====== Args={}
2020-10-04 08:17:43,730 : INFO : EventManager : Event: ======'soul_lanes_unlit_hit'====== Args={}
2020-10-04 08:17:43,730 : INFO : EventManager : Event: ======'player_score'====== Args={'value': 2080, 'prev_value': 1080, 'change': 1000, 'player_num': 1}
2020-10-04 08:17:43,731 : INFO : EventManager : Event: ======'logicblock_soul_complete_count_updated'====== Args={'value': 3, 'enabled': True}
2020-10-04 08:17:43,732 : INFO : EventManager : Event: ======'soul_lanes_done'====== Args={'count': 3}
2020-10-04 08:17:43,733 : INFO : EventManager : Event: ======'player_bonus_multiplier'====== Args={'value': 3, 'prev_value': 2, 'change': 1, 'player_num': 1}
2020-10-04 08:17:43,864 : INFO : SwitchController : <<<<<<< 's_soul_L' inactive >>>>>>>
2020-10-04 08:17:44,734 : INFO : EventManager : Event: ======'player_shot_soul_S'====== Args={'value': 0, 'prev_value': 1, 'change': -1, 'player_num': 1}
2020-10-04 08:17:44,736 : INFO : EventManager : Event: ======'player_shot_soul_O'====== Args={'value': 0, 'prev_value': 1, 'change': -1, 'player_num': 1}
2020-10-04 08:17:44,737 : INFO : EventManager : Event: ======'player_shot_soul_U'====== Args={'value': 0, 'prev_value': 1, 'change': -1, 'player_num': 1}
2020-10-04 08:17:44,739 : INFO : EventManager : Event: ======'player_shot_soul_L'====== Args={'value': 0, 'prev_value': 1, 'change': -1, 'player_num': 1}
2020-10-04 08:17:45,886 : INFO : SwitchController : <<<<<<< 's_soul_S' active >>>>>>>
2020-10-04 08:17:45,886 : INFO : EventManager : Event: ======'s_soul_S_active'====== Args={}
2020-10-04 08:17:45,887 : INFO : EventManager : Event: ======'machine_var_audits_switches_s_soul_S'====== Args={'value': 107, 'prev_value': 106, 'change': 1}
2020-10-04 08:17:45,895 : INFO : EventManager : Event: ======'player_shot_soul_S'====== Args={'value': 1, 'prev_value': 0, 'change': 1, 'player_num': 1}
2020-10-04 08:17:45,905 : INFO : EventManager : Event: ======'machine_var_audits_shots_soul_S'====== Args={'value': 107, 'prev_value': 106, 'change': 1}
2020-10-04 08:17:45,906 : INFO : EventManager : Event: ======'soul_S_hit'====== Args={'profile': 'default', 'state': 'unlit', 'advancing': True}
2020-10-04 08:17:45,907 : INFO : EventManager : Event: ======'soul_S_default_hit'====== Args={'profile': 'default', 'state': 'unlit', 'advancing': True}
2020-10-04 08:17:45,907 : INFO : EventManager : Event: ======'soul_S_default_unlit_hit'====== Args={'profile': 'default', 'state': 'unlit', 'advancing': True}
2020-10-04 08:17:45,908 : INFO : EventManager : Event: ======'soul_S_unlit_hit'====== Args={'profile': 'default', 'state': 'unlit', 'advancing': True}
2020-10-04 08:17:45,908 : INFO : EventManager : Event: ======'player_score'====== Args={'value': 2090, 'prev_value': 2080, 'change': 10, 'player_num': 1}
2020-10-04 08:17:45,909 : INFO : EventManager : Event: ======'soul_lanes_hit'====== Args={}
2020-10-04 08:17:45,909 : INFO : EventManager : Event: ======'soul_lanes_unlit_hit'====== Args={}
2020-10-04 08:17:46,063 : INFO : SwitchController : <<<<<<< 's_soul_S' inactive >>>>>>>
2020-10-04 08:17:46,256 : INFO : SwitchController : <<<<<<< 's_soul_O' active >>>>>>>
2020-10-04 08:17:46,256 : INFO : EventManager : Event: ======'s_soul_O_active'====== Args={}
2020-10-04 08:17:46,257 : INFO : EventManager : Event: ======'machine_var_audits_switches_s_soul_O'====== Args={'value': 98, 'prev_value': 97, 'change': 1}
2020-10-04 08:17:46,259 : INFO : EventManager : Event: ======'player_shot_soul_O'====== Args={'value': 1, 'prev_value': 0, 'change': 1, 'player_num': 1}
2020-10-04 08:17:46,261 : INFO : EventManager : Event: ======'machine_var_audits_shots_soul_O'====== Args={'value': 93, 'prev_value': 92, 'change': 1}
2020-10-04 08:17:46,262 : INFO : EventManager : Event: ======'soul_O_hit'====== Args={'profile': 'default', 'state': 'unlit', 'advancing': True}
2020-10-04 08:17:46,263 : INFO : EventManager : Event: ======'soul_O_default_hit'====== Args={'profile': 'default', 'state': 'unlit', 'advancing': True}
2020-10-04 08:17:46,263 : INFO : EventManager : Event: ======'soul_O_default_unlit_hit'====== Args={'profile': 'default', 'state': 'unlit', 'advancing': True}
2020-10-04 08:17:46,264 : INFO : EventManager : Event: ======'soul_O_unlit_hit'====== Args={'profile': 'default', 'state': 'unlit', 'advancing': True}
2020-10-04 08:17:46,264 : INFO : EventManager : Event: ======'player_score'====== Args={'value': 2100, 'prev_value': 2090, 'change': 10, 'player_num': 1}
2020-10-04 08:17:46,265 : INFO : EventManager : Event: ======'soul_lanes_hit'====== Args={}
2020-10-04 08:17:46,266 : INFO : EventManager : Event: ======'soul_lanes_unlit_hit'====== Args={}
2020-10-04 08:17:46,390 : INFO : SwitchController : <<<<<<< 's_soul_O' inactive >>>>>>>
2020-10-04 08:17:46,594 : INFO : SwitchController : <<<<<<< 's_soul_U' active >>>>>>>
2020-10-04 08:17:46,594 : INFO : EventManager : Event: ======'s_soul_U_active'====== Args={}
2020-10-04 08:17:46,595 : INFO : EventManager : Event: ======'machine_var_audits_switches_s_soul_U'====== Args={'value': 92, 'prev_value': 91, 'change': 1}
2020-10-04 08:17:46,597 : INFO : EventManager : Event: ======'player_shot_soul_U'====== Args={'value': 1, 'prev_value': 0, 'change': 1, 'player_num': 1}
2020-10-04 08:17:46,599 : INFO : EventManager : Event: ======'machine_var_audits_shots_soul_U'====== Args={'value': 92, 'prev_value': 91, 'change': 1}
2020-10-04 08:17:46,601 : INFO : EventManager : Event: ======'soul_U_hit'====== Args={'profile': 'default', 'state': 'unlit', 'advancing': True}
2020-10-04 08:17:46,601 : INFO : EventManager : Event: ======'soul_U_default_hit'====== Args={'profile': 'default', 'state': 'unlit', 'advancing': True}
2020-10-04 08:17:46,602 : INFO : EventManager : Event: ======'soul_U_default_unlit_hit'====== Args={'profile': 'default', 'state': 'unlit', 'advancing': True}
2020-10-04 08:17:46,602 : INFO : EventManager : Event: ======'soul_U_unlit_hit'====== Args={'profile': 'default', 'state': 'unlit', 'advancing': True}
2020-10-04 08:17:46,603 : INFO : EventManager : Event: ======'player_score'====== Args={'value': 2110, 'prev_value': 2100, 'change': 10, 'player_num': 1}
2020-10-04 08:17:46,604 : INFO : EventManager : Event: ======'soul_lanes_hit'====== Args={}
2020-10-04 08:17:46,604 : INFO : EventManager : Event: ======'soul_lanes_unlit_hit'====== Args={}
2020-10-04 08:17:46,748 : INFO : SwitchController : <<<<<<< 's_soul_U' inactive >>>>>>>
2020-10-04 08:17:47,088 : INFO : SwitchController : <<<<<<< 's_soul_L' active >>>>>>>
2020-10-04 08:17:47,088 : INFO : EventManager : Event: ======'s_soul_L_active'====== Args={}
2020-10-04 08:17:47,089 : INFO : EventManager : Event: ======'machine_var_audits_switches_s_soul_L'====== Args={'value': 89, 'prev_value': 88, 'change': 1}
2020-10-04 08:17:47,091 : INFO : EventManager : Event: ======'player_shot_soul_L'====== Args={'value': 1, 'prev_value': 0, 'change': 1, 'player_num': 1}
2020-10-04 08:17:47,092 : INFO : EventManager : Event: ======'machine_var_audits_shots_soul_L'====== Args={'value': 88, 'prev_value': 87, 'change': 1}
2020-10-04 08:17:47,094 : INFO : EventManager : Event: ======'soul_L_hit'====== Args={'profile': 'default', 'state': 'unlit', 'advancing': True}
2020-10-04 08:17:47,094 : INFO : EventManager : Event: ======'soul_L_default_hit'====== Args={'profile': 'default', 'state': 'unlit', 'advancing': True}
2020-10-04 08:17:47,095 : INFO : EventManager : Event: ======'soul_L_default_unlit_hit'====== Args={'profile': 'default', 'state': 'unlit', 'advancing': True}
2020-10-04 08:17:47,095 : INFO : EventManager : Event: ======'soul_L_unlit_hit'====== Args={'profile': 'default', 'state': 'unlit', 'advancing': True}
2020-10-04 08:17:47,096 : INFO : EventManager : Event: ======'player_score'====== Args={'value': 2120, 'prev_value': 2110, 'change': 10, 'player_num': 1}
2020-10-04 08:17:47,097 : INFO : EventManager : Event: ======'soul_lanes_complete'====== Args={'state': 'lit'}
2020-10-04 08:17:47,098 : INFO : EventManager : Event: ======'soul_lanes_lit_complete'====== Args={}
2020-10-04 08:17:47,099 : INFO : EventManager : Event: ======'soul_lanes_hit'====== Args={}
2020-10-04 08:17:47,099 : INFO : EventManager : Event: ======'soul_lanes_unlit_hit'====== Args={}
2020-10-04 08:17:47,100 : INFO : EventManager : Event: ======'player_score'====== Args={'value': 3120, 'prev_value': 2120, 'change': 1000, 'player_num': 1}
2020-10-04 08:17:47,101 : INFO : EventManager : Event: ======'logicblock_soul_complete_count_updated'====== Args={'value': 4, 'enabled': True}
2020-10-04 08:17:47,101 : INFO : EventManager : Event: ======'soul_lanes_done'====== Args={'count': 4}
2020-10-04 08:17:47,103 : INFO : EventManager : Event: ======'player_bonus_multiplier'====== Args={'value': 4, 'prev_value': 3, 'change': 1, 'player_num': 1}
2020-10-04 08:17:47,273 : INFO : SwitchController : <<<<<<< 's_soul_L' inactive >>>>>>>
2020-10-04 08:17:47,843 : INFO : SwitchController : <<<<<<< 's_soul_S' active >>>>>>>
2020-10-04 08:17:47,843 : INFO : EventManager : Event: ======'s_soul_S_active'====== Args={}
2020-10-04 08:17:47,844 : INFO : EventManager : Event: ======'machine_var_audits_switches_s_soul_S'====== Args={'value': 108, 'prev_value': 107, 'change': 1}
2020-10-04 08:17:47,847 : INFO : EventManager : Event: ======'machine_var_audits_shots_soul_S'====== Args={'value': 108, 'prev_value': 107, 'change': 1}
2020-10-04 08:17:47,848 : INFO : EventManager : Event: ======'soul_S_hit'====== Args={'profile': 'default', 'state': 'lit', 'advancing': False}
2020-10-04 08:17:47,849 : INFO : EventManager : Event: ======'soul_S_default_hit'====== Args={'profile': 'default', 'state': 'lit', 'advancing': False}
2020-10-04 08:17:47,849 : INFO : EventManager : Event: ======'soul_S_default_lit_hit'====== Args={'profile': 'default', 'state': 'lit', 'advancing': False}
2020-10-04 08:17:47,850 : INFO : EventManager : Event: ======'soul_S_lit_hit'====== Args={'profile': 'default', 'state': 'lit', 'advancing': False}
2020-10-04 08:17:47,851 : INFO : EventManager : Event: ======'player_score'====== Args={'value': 3130, 'prev_value': 3120, 'change': 10, 'player_num': 1}
2020-10-04 08:17:47,851 : INFO : EventManager : Event: ======'soul_lanes_hit'====== Args={}
2020-10-04 08:17:47,852 : INFO : EventManager : Event: ======'soul_lanes_lit_hit'====== Args={}
2020-10-04 08:17:48,043 : INFO : SwitchController : <<<<<<< 's_soul_S' inactive >>>>>>>
2020-10-04 08:17:48,081 : INFO : SwitchController : <<<<<<< 's_soul_O' active >>>>>>>
2020-10-04 08:17:48,081 : INFO : EventManager : Event: ======'s_soul_O_active'====== Args={}
2020-10-04 08:17:48,082 : INFO : EventManager : Event: ======'machine_var_audits_switches_s_soul_O'====== Args={'value': 99, 'prev_value': 98, 'change': 1}
2020-10-04 08:17:48,084 : INFO : EventManager : Event: ======'machine_var_audits_shots_soul_O'====== Args={'value': 94, 'prev_value': 93, 'change': 1}
2020-10-04 08:17:48,086 : INFO : EventManager : Event: ======'soul_O_hit'====== Args={'profile': 'default', 'state': 'lit', 'advancing': False}
2020-10-04 08:17:48,086 : INFO : EventManager : Event: ======'soul_O_default_hit'====== Args={'profile': 'default', 'state': 'lit', 'advancing': False}
2020-10-04 08:17:48,087 : INFO : EventManager : Event: ======'soul_O_default_lit_hit'====== Args={'profile': 'default', 'state': 'lit', 'advancing': False}
2020-10-04 08:17:48,088 : INFO : EventManager : Event: ======'soul_O_lit_hit'====== Args={'profile': 'default', 'state': 'lit', 'advancing': False}
2020-10-04 08:17:48,088 : INFO : EventManager : Event: ======'player_score'====== Args={'value': 3140, 'prev_value': 3130, 'change': 10, 'player_num': 1}
2020-10-04 08:17:48,089 : INFO : EventManager : Event: ======'soul_lanes_hit'====== Args={}
2020-10-04 08:17:48,090 : INFO : EventManager : Event: ======'soul_lanes_lit_hit'====== Args={}
2020-10-04 08:17:48,113 : INFO : EventManager : Event: ======'player_shot_soul_S'====== Args={'value': 0, 'prev_value': 1, 'change': -1, 'player_num': 1}
2020-10-04 08:17:48,115 : INFO : EventManager : Event: ======'player_shot_soul_O'====== Args={'value': 0, 'prev_value': 1, 'change': -1, 'player_num': 1}
2020-10-04 08:17:48,118 : INFO : EventManager : Event: ======'player_shot_soul_U'====== Args={'value': 0, 'prev_value': 1, 'change': -1, 'player_num': 1}
2020-10-04 08:17:48,121 : INFO : EventManager : Event: ======'player_shot_soul_L'====== Args={'value': 0, 'prev_value': 1, 'change': -1, 'player_num': 1}
2020-10-04 08:17:48,218 : INFO : SwitchController : <<<<<<< 's_soul_O' inactive >>>>>>>
2020-10-04 08:17:48,391 : INFO : SwitchController : <<<<<<< 's_soul_U' active >>>>>>>
2020-10-04 08:17:48,391 : INFO : EventManager : Event: ======'s_soul_U_active'====== Args={}
2020-10-04 08:17:48,392 : INFO : EventManager : Event: ======'machine_var_audits_switches_s_soul_U'====== Args={'value': 93, 'prev_value': 92, 'change': 1}
2020-10-04 08:17:48,394 : INFO : EventManager : Event: ======'player_shot_soul_U'====== Args={'value': 1, 'prev_value': 0, 'change': 1, 'player_num': 1}
2020-10-04 08:17:48,395 : INFO : EventManager : Event: ======'machine_var_audits_shots_soul_U'====== Args={'value': 93, 'prev_value': 92, 'change': 1}
2020-10-04 08:17:48,397 : INFO : EventManager : Event: ======'soul_U_hit'====== Args={'profile': 'default', 'state': 'unlit', 'advancing': True}
2020-10-04 08:17:48,398 : INFO : EventManager : Event: ======'soul_U_default_hit'====== Args={'profile': 'default', 'state': 'unlit', 'advancing': True}
2020-10-04 08:17:48,398 : INFO : EventManager : Event: ======'soul_U_default_unlit_hit'====== Args={'profile': 'default', 'state': 'unlit', 'advancing': True}
2020-10-04 08:17:48,399 : INFO : EventManager : Event: ======'soul_U_unlit_hit'====== Args={'profile': 'default', 'state': 'unlit', 'advancing': True}
2020-10-04 08:17:48,399 : INFO : EventManager : Event: ======'player_score'====== Args={'value': 3150, 'prev_value': 3140, 'change': 10, 'player_num': 1}
2020-10-04 08:17:48,401 : INFO : EventManager : Event: ======'soul_lanes_hit'====== Args={}
2020-10-04 08:17:48,401 : INFO : EventManager : Event: ======'soul_lanes_unlit_hit'====== Args={}
2020-10-04 08:17:48,522 : INFO : SwitchController : <<<<<<< 's_soul_U' inactive >>>>>>>
2020-10-04 08:17:48,763 : INFO : SwitchController : <<<<<<< 's_soul_L' active >>>>>>>
2020-10-04 08:17:48,764 : INFO : EventManager : Event: ======'s_soul_L_active'====== Args={}
2020-10-04 08:17:48,764 : INFO : EventManager : Event: ======'machine_var_audits_switches_s_soul_L'====== Args={'value': 90, 'prev_value': 89, 'change': 1}
2020-10-04 08:17:48,767 : INFO : EventManager : Event: ======'player_shot_soul_L'====== Args={'value': 1, 'prev_value': 0, 'change': 1, 'player_num': 1}
2020-10-04 08:17:48,769 : INFO : EventManager : Event: ======'machine_var_audits_shots_soul_L'====== Args={'value': 89, 'prev_value': 88, 'change': 1}
2020-10-04 08:17:48,770 : INFO : EventManager : Event: ======'soul_L_hit'====== Args={'profile': 'default', 'state': 'unlit', 'advancing': True}
2020-10-04 08:17:48,771 : INFO : EventManager : Event: ======'soul_L_default_hit'====== Args={'profile': 'default', 'state': 'unlit', 'advancing': True}
2020-10-04 08:17:48,771 : INFO : EventManager : Event: ======'soul_L_default_unlit_hit'====== Args={'profile': 'default', 'state': 'unlit', 'advancing': True}
2020-10-04 08:17:48,772 : INFO : EventManager : Event: ======'soul_L_unlit_hit'====== Args={'profile': 'default', 'state': 'unlit', 'advancing': True}
2020-10-04 08:17:48,773 : INFO : EventManager : Event: ======'player_score'====== Args={'value': 3160, 'prev_value': 3150, 'change': 10, 'player_num': 1}
2020-10-04 08:17:48,774 : INFO : EventManager : Event: ======'soul_lanes_hit'====== Args={}
2020-10-04 08:17:48,774 : INFO : EventManager : Event: ======'soul_lanes_unlit_hit'====== Args={}
2020-10-04 08:17:48,923 : INFO : SwitchController : <<<<<<< 's_soul_L' inactive >>>>>>>
2020-10-04 08:17:50,045 : INFO : SwitchController : <<<<<<< 's_soul_S' active >>>>>>>
2020-10-04 08:17:50,045 : INFO : EventManager : Event: ======'s_soul_S_active'====== Args={}
2020-10-04 08:17:50,046 : INFO : EventManager : Event: ======'machine_var_audits_switches_s_soul_S'====== Args={'value': 109, 'prev_value': 108, 'change': 1}
2020-10-04 08:17:50,049 : INFO : EventManager : Event: ======'player_shot_soul_S'====== Args={'value': 1, 'prev_value': 0, 'change': 1, 'player_num': 1}
2020-10-04 08:17:50,050 : INFO : EventManager : Event: ======'machine_var_audits_shots_soul_S'====== Args={'value': 109, 'prev_value': 108, 'change': 1}
2020-10-04 08:17:50,052 : INFO : EventManager : Event: ======'soul_S_hit'====== Args={'profile': 'default', 'state': 'unlit', 'advancing': True}
2020-10-04 08:17:50,052 : INFO : EventManager : Event: ======'soul_S_default_hit'====== Args={'profile': 'default', 'state': 'unlit', 'advancing': True}
2020-10-04 08:17:50,053 : INFO : EventManager : Event: ======'soul_S_default_unlit_hit'====== Args={'profile': 'default', 'state': 'unlit', 'advancing': True}
2020-10-04 08:17:50,053 : INFO : EventManager : Event: ======'soul_S_unlit_hit'====== Args={'profile': 'default', 'state': 'unlit', 'advancing': True}
2020-10-04 08:17:50,054 : INFO : EventManager : Event: ======'player_score'====== Args={'value': 3170, 'prev_value': 3160, 'change': 10, 'player_num': 1}
2020-10-04 08:17:50,055 : INFO : EventManager : Event: ======'soul_lanes_hit'====== Args={}
2020-10-04 08:17:50,055 : INFO : EventManager : Event: ======'soul_lanes_unlit_hit'====== Args={}
2020-10-04 08:17:50,224 : INFO : SwitchController : <<<<<<< 's_soul_S' inactive >>>>>>>
2020-10-04 08:17:50,836 : INFO : SwitchController : <<<<<<< 's_soul_O' active >>>>>>>
2020-10-04 08:17:50,837 : INFO : EventManager : Event: ======'s_soul_O_active'====== Args={}
2020-10-04 08:17:50,837 : INFO : EventManager : Event: ======'machine_var_audits_switches_s_soul_O'====== Args={'value': 100, 'prev_value': 99, 'change': 1}
2020-10-04 08:17:50,839 : INFO : EventManager : Event: ======'player_shot_soul_O'====== Args={'value': 1, 'prev_value': 0, 'change': 1, 'player_num': 1}
2020-10-04 08:17:50,840 : INFO : EventManager : Event: ======'machine_var_audits_shots_soul_O'====== Args={'value': 95, 'prev_value': 94, 'change': 1}
2020-10-04 08:17:50,842 : INFO : EventManager : Event: ======'soul_O_hit'====== Args={'profile': 'default', 'state': 'unlit', 'advancing': True}
2020-10-04 08:17:50,842 : INFO : EventManager : Event: ======'soul_O_default_hit'====== Args={'profile': 'default', 'state': 'unlit', 'advancing': True}
2020-10-04 08:17:50,843 : INFO : EventManager : Event: ======'soul_O_default_unlit_hit'====== Args={'profile': 'default', 'state': 'unlit', 'advancing': True}
2020-10-04 08:17:50,843 : INFO : EventManager : Event: ======'soul_O_unlit_hit'====== Args={'profile': 'default', 'state': 'unlit', 'advancing': True}
2020-10-04 08:17:50,844 : INFO : EventManager : Event: ======'player_score'====== Args={'value': 3180, 'prev_value': 3170, 'change': 10, 'player_num': 1}
2020-10-04 08:17:50,845 : INFO : EventManager : Event: ======'soul_lanes_complete'====== Args={'state': 'lit'}
2020-10-04 08:17:50,846 : INFO : EventManager : Event: ======'soul_lanes_lit_complete'====== Args={}
2020-10-04 08:17:50,846 : INFO : EventManager : Event: ======'soul_lanes_hit'====== Args={}
2020-10-04 08:17:50,847 : INFO : EventManager : Event: ======'soul_lanes_unlit_hit'====== Args={}
2020-10-04 08:17:50,848 : INFO : EventManager : Event: ======'player_score'====== Args={'value': 4180, 'prev_value': 3180, 'change': 1000, 'player_num': 1}
2020-10-04 08:17:50,849 : INFO : EventManager : Event: ======'logicblock_soul_complete_count_updated'====== Args={'value': 5, 'enabled': True}
2020-10-04 08:17:50,849 : INFO : EventManager : Event: ======'soul_lanes_done'====== Args={'count': 5}
2020-10-04 08:17:51,030 : INFO : SwitchController : <<<<<<< 's_soul_O' inactive >>>>>>>
2020-10-04 08:17:51,850 : INFO : EventManager : Event: ======'player_shot_soul_S'====== Args={'value': 0, 'prev_value': 1, 'change': -1, 'player_num': 1}
2020-10-04 08:17:51,852 : INFO : EventManager : Event: ======'player_shot_soul_O'====== Args={'value': 0, 'prev_value': 1, 'change': -1, 'player_num': 1}
2020-10-04 08:17:51,853 : INFO : EventManager : Event: ======'player_shot_soul_U'====== Args={'value': 0, 'prev_value': 1, 'change': -1, 'player_num': 1}
2020-10-04 08:17:51,855 : INFO : EventManager : Event: ======'player_shot_soul_L'====== Args={'value': 0, 'prev_value': 1, 'change': -1, 'player_num': 1}
2020-10-04 08:17:52,773 : INFO : SwitchController : <<<<<<< 's_soul_S' active >>>>>>>
2020-10-04 08:17:52,773 : INFO : EventManager : Event: ======'s_soul_S_active'====== Args={}
2020-10-04 08:17:52,774 : INFO : EventManager : Event: ======'machine_var_audits_switches_s_soul_S'====== Args={'value': 110, 'prev_value': 109, 'change': 1}
2020-10-04 08:17:52,776 : INFO : EventManager : Event: ======'player_shot_soul_S'====== Args={'value': 1, 'prev_value': 0, 'change': 1, 'player_num': 1}
2020-10-04 08:17:52,788 : INFO : EventManager : Event: ======'machine_var_audits_shots_soul_S'====== Args={'value': 110, 'prev_value': 109, 'change': 1}
2020-10-04 08:17:52,789 : INFO : EventManager : Event: ======'soul_S_hit'====== Args={'profile': 'default', 'state': 'unlit', 'advancing': True}
2020-10-04 08:17:52,793 : INFO : EventManager : Event: ======'soul_S_default_hit'====== Args={'profile': 'default', 'state': 'unlit', 'advancing': True}
2020-10-04 08:17:52,794 : INFO : EventManager : Event: ======'soul_S_default_unlit_hit'====== Args={'profile': 'default', 'state': 'unlit', 'advancing': True}
2020-10-04 08:17:52,794 : INFO : EventManager : Event: ======'soul_S_unlit_hit'====== Args={'profile': 'default', 'state': 'unlit', 'advancing': True}
2020-10-04 08:17:52,795 : INFO : EventManager : Event: ======'player_score'====== Args={'value': 4190, 'prev_value': 4180, 'change': 10, 'player_num': 1}
2020-10-04 08:17:52,796 : INFO : EventManager : Event: ======'soul_lanes_hit'====== Args={}
2020-10-04 08:17:52,796 : INFO : EventManager : Event: ======'soul_lanes_unlit_hit'====== Args={}
2020-10-04 08:17:52,976 : INFO : SwitchController : <<<<<<< 's_soul_S' inactive >>>>>>>
2020-10-04 08:17:53,565 : INFO : SwitchController : <<<<<<< 's_soul_O' active >>>>>>>
2020-10-04 08:17:53,566 : INFO : EventManager : Event: ======'s_soul_O_active'====== Args={}
2020-10-04 08:17:53,566 : INFO : EventManager : Event: ======'machine_var_audits_switches_s_soul_O'====== Args={'value': 101, 'prev_value': 100, 'change': 1}
2020-10-04 08:17:53,568 : INFO : EventManager : Event: ======'player_shot_soul_O'====== Args={'value': 1, 'prev_value': 0, 'change': 1, 'player_num': 1}
2020-10-04 08:17:53,570 : INFO : EventManager : Event: ======'machine_var_audits_shots_soul_O'====== Args={'value': 96, 'prev_value': 95, 'change': 1}
2020-10-04 08:17:53,571 : INFO : EventManager : Event: ======'soul_O_hit'====== Args={'profile': 'default', 'state': 'unlit', 'advancing': True}
2020-10-04 08:17:53,572 : INFO : EventManager : Event: ======'soul_O_default_hit'====== Args={'profile': 'default', 'state': 'unlit', 'advancing': True}
2020-10-04 08:17:53,572 : INFO : EventManager : Event: ======'soul_O_default_unlit_hit'====== Args={'profile': 'default', 'state': 'unlit', 'advancing': True}
2020-10-04 08:17:53,573 : INFO : EventManager : Event: ======'soul_O_unlit_hit'====== Args={'profile': 'default', 'state': 'unlit', 'advancing': True}
2020-10-04 08:17:53,574 : INFO : EventManager : Event: ======'player_score'====== Args={'value': 4200, 'prev_value': 4190, 'change': 10, 'player_num': 1}
2020-10-04 08:17:53,574 : INFO : EventManager : Event: ======'soul_lanes_hit'====== Args={}
2020-10-04 08:17:53,575 : INFO : EventManager : Event: ======'soul_lanes_unlit_hit'====== Args={}
2020-10-04 08:17:53,768 : INFO : SwitchController : <<<<<<< 's_soul_O' inactive >>>>>>>
2020-10-04 08:17:54,411 : INFO : SwitchController : <<<<<<< 's_soul_U' active >>>>>>>
2020-10-04 08:17:54,411 : INFO : EventManager : Event: ======'s_soul_U_active'====== Args={}
2020-10-04 08:17:54,412 : INFO : EventManager : Event: ======'machine_var_audits_switches_s_soul_U'====== Args={'value': 94, 'prev_value': 93, 'change': 1}
2020-10-04 08:17:54,415 : INFO : EventManager : Event: ======'player_shot_soul_U'====== Args={'value': 1, 'prev_value': 0, 'change': 1, 'player_num': 1}
2020-10-04 08:17:54,416 : INFO : EventManager : Event: ======'machine_var_audits_shots_soul_U'====== Args={'value': 94, 'prev_value': 93, 'change': 1}
2020-10-04 08:17:54,418 : INFO : EventManager : Event: ======'soul_U_hit'====== Args={'profile': 'default', 'state': 'unlit', 'advancing': True}
2020-10-04 08:17:54,419 : INFO : EventManager : Event: ======'soul_U_default_hit'====== Args={'profile': 'default', 'state': 'unlit', 'advancing': True}
2020-10-04 08:17:54,419 : INFO : EventManager : Event: ======'soul_U_default_unlit_hit'====== Args={'profile': 'default', 'state': 'unlit', 'advancing': True}
2020-10-04 08:17:54,420 : INFO : EventManager : Event: ======'soul_U_unlit_hit'====== Args={'profile': 'default', 'state': 'unlit', 'advancing': True}
2020-10-04 08:17:54,420 : INFO : EventManager : Event: ======'player_score'====== Args={'value': 4210, 'prev_value': 4200, 'change': 10, 'player_num': 1}
2020-10-04 08:17:54,421 : INFO : EventManager : Event: ======'soul_lanes_hit'====== Args={}
2020-10-04 08:17:54,422 : INFO : EventManager : Event: ======'soul_lanes_unlit_hit'====== Args={}
2020-10-04 08:17:54,552 : INFO : SwitchController : <<<<<<< 's_soul_U' inactive >>>>>>>
2020-10-04 08:17:55,045 : INFO : SwitchController : <<<<<<< 's_soul_L' active >>>>>>>
2020-10-04 08:17:55,046 : INFO : EventManager : Event: ======'s_soul_L_active'====== Args={}
2020-10-04 08:17:55,046 : INFO : EventManager : Event: ======'machine_var_audits_switches_s_soul_L'====== Args={'value': 91, 'prev_value': 90, 'change': 1}
2020-10-04 08:17:55,048 : INFO : EventManager : Event: ======'player_shot_soul_L'====== Args={'value': 1, 'prev_value': 0, 'change': 1, 'player_num': 1}
2020-10-04 08:17:55,050 : INFO : EventManager : Event: ======'machine_var_audits_shots_soul_L'====== Args={'value': 90, 'prev_value': 89, 'change': 1}
2020-10-04 08:17:55,052 : INFO : EventManager : Event: ======'soul_L_hit'====== Args={'profile': 'default', 'state': 'unlit', 'advancing': True}
2020-10-04 08:17:55,052 : INFO : EventManager : Event: ======'soul_L_default_hit'====== Args={'profile': 'default', 'state': 'unlit', 'advancing': True}
2020-10-04 08:17:55,053 : INFO : EventManager : Event: ======'soul_L_default_unlit_hit'====== Args={'profile': 'default', 'state': 'unlit', 'advancing': True}
2020-10-04 08:17:55,053 : INFO : EventManager : Event: ======'soul_L_unlit_hit'====== Args={'profile': 'default', 'state': 'unlit', 'advancing': True}
2020-10-04 08:17:55,054 : INFO : EventManager : Event: ======'player_score'====== Args={'value': 4220, 'prev_value': 4210, 'change': 10, 'player_num': 1}
2020-10-04 08:17:55,055 : INFO : EventManager : Event: ======'soul_lanes_complete'====== Args={'state': 'lit'}
2020-10-04 08:17:55,056 : INFO : EventManager : Event: ======'soul_lanes_lit_complete'====== Args={}
2020-10-04 08:17:55,057 : INFO : EventManager : Event: ======'soul_lanes_hit'====== Args={}
2020-10-04 08:17:55,057 : INFO : EventManager : Event: ======'soul_lanes_unlit_hit'====== Args={}
2020-10-04 08:17:55,058 : INFO : EventManager : Event: ======'player_score'====== Args={'value': 5220, 'prev_value': 4220, 'change': 1000, 'player_num': 1}
2020-10-04 08:17:55,059 : INFO : EventManager : Event: ======'logicblock_soul_complete_count_updated'====== Args={'value': 6, 'enabled': True}
2020-10-04 08:17:55,060 : INFO : EventManager : Event: ======'soul_lanes_done'====== Args={'count': 6}
2020-10-04 08:17:55,285 : INFO : SwitchController : <<<<<<< 's_soul_L' inactive >>>>>>>
2020-10-04 08:17:56,050 : INFO : EventManager : Event: ======'player_shot_soul_S'====== Args={'value': 0, 'prev_value': 1, 'change': -1, 'player_num': 1}
2020-10-04 08:17:56,052 : INFO : EventManager : Event: ======'player_shot_soul_O'====== Args={'value': 0, 'prev_value': 1, 'change': -1, 'player_num': 1}
2020-10-04 08:17:56,053 : INFO : EventManager : Event: ======'player_shot_soul_U'====== Args={'value': 0, 'prev_value': 1, 'change': -1, 'player_num': 1}
2020-10-04 08:17:56,055 : INFO : EventManager : Event: ======'player_shot_soul_L'====== Args={'value': 0, 'prev_value': 1, 'change': -1, 'player_num': 1}
2020-10-04 08:17:58,919 : INFO : Machine : Shutting down...
2020-10-04 08:17:58,919 : INFO : EventManager : Event: ======'shutdown'====== Args={}
2020-10-04 08:17:58,935 : INFO : root : MPF run loop ended.
