2020-10-04 12:05:13,194 : INFO : root : Loading config.
2020-10-04 12:05:13,194 : INFO : YamlMultifileConfigLoader : Machine config file #1: config.yaml
2020-10-04 12:05:13,194 : WARNING : ConfigProcessor : Config file in cache changed: c:\Pinball\Cuphead\config\config.yaml
2020-10-04 12:05:13,194 : INFO : ConfigProcessor : Loading config from file c:\users\themi\appdata\local\programs\python\python36\lib\site-packages\mpf\mpfconfig.yaml.
2020-10-04 12:05:13,382 : INFO : ConfigProcessor : Loading config: c:\users\themi\appdata\local\programs\python\python36\lib\site-packages\mpf\mpfconfig.yaml
2020-10-04 12:05:13,382 : INFO : ConfigProcessor : Loading config from file c:\Pinball\Cuphead\config\config.yaml.
2020-10-04 12:05:13,429 : INFO : ConfigProcessor : Loading config: c:\Pinball\Cuphead\config\config.yaml
2020-10-04 12:05:13,444 : INFO : ConfigProcessor : Loading config: c:\Pinball\Cuphead\config\keyboard.yaml
2020-10-04 12:05:13,491 : INFO : ConfigProcessor : Loading config: c:\Pinball\Cuphead\config\hwSwitches.yaml
2020-10-04 12:05:13,616 : INFO : ConfigProcessor : Loading config: c:\Pinball\Cuphead\config\hwLights.yaml
2020-10-04 12:05:13,647 : INFO : ConfigProcessor : Loading config: c:\Pinball\Cuphead\config\hwCoils.yaml
2020-10-04 12:05:13,647 : INFO : ConfigProcessor : Config file cache created: C:\Users\themi\AppData\Local\Temp\1a0afbd38efada64622f7c1a19dba099.mpf_cache
2020-10-04 12:05:13,835 : INFO : ConfigProcessor : Loading config from cache: C:\Users\themi\AppData\Local\Temp\7964e52b22911e9b68a8022172b185f3.mpf_cache
2020-10-04 12:05:13,835 : INFO : ConfigProcessor : Loading config from cache: C:\Users\themi\AppData\Local\Temp\4fcecb70f81c3c2fefb8e65ae9a0af5f.mpf_cache
2020-10-04 12:05:13,835 : INFO : ConfigProcessor : Loading config from cache: C:\Users\themi\AppData\Local\Temp\b2a05f27b99f0404929b6678617f21a2.mpf_cache
2020-10-04 12:05:13,850 : INFO : ConfigProcessor : Loading config from cache: C:\Users\themi\AppData\Local\Temp\ee661b7bde9ac1aee26ef2e16bd36711.mpf_cache
2020-10-04 12:05:13,850 : INFO : ConfigProcessor : Loading config from cache: C:\Users\themi\AppData\Local\Temp\8b23b77e47e0aafb5c2cd6855492fe09.mpf_cache
2020-10-04 12:05:13,850 : INFO : ConfigProcessor : Loading config from cache: C:\Users\themi\AppData\Local\Temp\8d4786f117f290f34c6b54fd8b6fe8fe.mpf_cache
2020-10-04 12:05:13,850 : INFO : ConfigProcessor : Loading config from cache: C:\Users\themi\AppData\Local\Temp\d1f28e307667fe64a15b0a7332832e8a.mpf_cache
2020-10-04 12:05:13,850 : INFO : ConfigProcessor : Loading config from cache: C:\Users\themi\AppData\Local\Temp\4b1cd1ab6685d1ad48e4e22b92633748.mpf_cache
2020-10-04 12:05:13,850 : INFO : ConfigProcessor : Loading config from cache: C:\Users\themi\AppData\Local\Temp\0e5b9342958db12ded482c5bdee94a50.mpf_cache
2020-10-04 12:05:13,850 : INFO : ConfigProcessor : Loading config from cache: C:\Users\themi\AppData\Local\Temp\fa3b9c24e757a86afd7ebd54e8356a2f.mpf_cache
2020-10-04 12:05:13,850 : INFO : ConfigProcessor : Loading config from cache: C:\Users\themi\AppData\Local\Temp\4f17c1b7053da1ee6acf2b568ebeb609.mpf_cache
2020-10-04 12:05:13,850 : INFO : ConfigProcessor : Loading config from cache: C:\Users\themi\AppData\Local\Temp\ccd4282a3141e0878d86657c78349f12.mpf_cache
2020-10-04 12:05:13,850 : INFO : ConfigProcessor : Loading config from cache: C:\Users\themi\AppData\Local\Temp\17729cd0303cfaced1d4181f3ca2421f.mpf_cache
2020-10-04 12:05:13,850 : INFO : ConfigProcessor : Loading config from cache: C:\Users\themi\AppData\Local\Temp\47ffaea90c47406003f6ea8ebe74989d.mpf_cache
2020-10-04 12:05:13,850 : INFO : ConfigProcessor : Loading config from cache: C:\Users\themi\AppData\Local\Temp\6f6af101da615a72df8eebfca5188fca.mpf_cache
2020-10-04 12:05:13,866 : INFO : ConfigProcessor : Loading config from cache: C:\Users\themi\AppData\Local\Temp\3889d554abdf669f0bcb59dfdb43163f.mpf_cache
2020-10-04 12:05:13,866 : INFO : ConfigProcessor : Loading config from cache: C:\Users\themi\AppData\Local\Temp\dca7679fbf96e787efc0ee793457f019.mpf_cache
2020-10-04 12:05:13,866 : INFO : ConfigProcessor : Loading config from cache: C:\Users\themi\AppData\Local\Temp\773981adc2a393ce4661c342531a13c1.mpf_cache
2020-10-04 12:05:13,866 : INFO : ConfigProcessor : Loading config from cache: C:\Users\themi\AppData\Local\Temp\0e7ad57880df273f086bfe63563440af.mpf_cache
2020-10-04 12:05:13,866 : INFO : ConfigProcessor : Loading config from cache: C:\Users\themi\AppData\Local\Temp\14255cf3b2f3681937087b07de526758.mpf_cache
2020-10-04 12:05:13,866 : INFO : ConfigProcessor : Loading config from cache: C:\Users\themi\AppData\Local\Temp\01c6bf43074c3a497e337500f6bac20b.mpf_cache
2020-10-04 12:05:13,866 : INFO : ConfigProcessor : Loading config from cache: C:\Users\themi\AppData\Local\Temp\7eeffc9c6f8d1e96b5a9cad923ac520c.mpf_cache
2020-10-04 12:05:13,866 : INFO : Machine : Mission Pinball Framework Core Engine v0.54.0-dev.72
2020-10-04 12:05:13,866 : INFO : Machine : Command line arguments: {'no_load_cache': False, 'create_config_cache': True, 'bcp': True, 'configfile': ['config.yaml'], 'force_assets_load': False, 'jsonlogging': False, 'logfile': 'logs\\2020-10-04-12-05-13-mpf-LAPTOP-C39PEUFD.log', 'pause': False, 'production': False, 'text_ui': True, 'loglevel': 15, 'consoleloglevel': 20, 'force_platform': 'smart_virtual', 'syslog_address': None, 'mc_file_name': None, 'no_sound': False}
2020-10-04 12:05:13,866 : INFO : Machine : MPF path: c:\users\themi\appdata\local\programs\python\python36\lib\site-packages\mpf
2020-10-04 12:05:13,866 : INFO : Machine : Machine path: c:\Pinball\Cuphead
2020-10-04 12:05:13,866 : INFO : Machine : Platform: win32
2020-10-04 12:05:13,866 : INFO : Machine : Python executable location: c:\users\themi\appdata\local\programs\python\python36\python.exe
2020-10-04 12:05:13,866 : INFO : Machine : Python version: 3.6.4 (64-bit)
2020-10-04 12:05:13,866 : INFO : Machine : Initialise MPF.
2020-10-04 12:05:14,431 : INFO : EventManager : Event: ======'machine_var_credits_string'====== Args={'value': 'FREE PLAY', 'prev_value': None, 'change': True}
2020-10-04 12:05:14,540 : INFO : EventManager : Event: ======'machine_var_player1_score'====== Args={'value': 8110, 'prev_value': None, 'change': True}
2020-10-04 12:05:14,540 : INFO : EventManager : Event: ======'machine_var_mpf_version'====== Args={'value': 'MPF v0.54.0-dev.72', 'prev_value': None, 'change': True}
2020-10-04 12:05:14,540 : INFO : EventManager : Event: ======'machine_var_mpf_extended_version'====== Args={'value': 'MPF v0.54.0-dev.72, Config version:5, Show version: 5, BCP version:1.1', 'prev_value': None, 'change': True}
2020-10-04 12:05:14,540 : INFO : EventManager : Event: ======'machine_var_python_version'====== Args={'value': '3.6.4', 'prev_value': None, 'change': True}
2020-10-04 12:05:14,556 : INFO : EventManager : Event: ======'machine_var_platform'====== Args={'value': 'Windows-10-10.0.18362-SP0', 'prev_value': None, 'change': True}
2020-10-04 12:05:14,556 : INFO : EventManager : Event: ======'machine_var_platform_system'====== Args={'value': 'Windows', 'prev_value': None, 'change': True}
2020-10-04 12:05:14,556 : INFO : EventManager : Event: ======'machine_var_platform_release'====== Args={'value': '10', 'prev_value': None, 'change': True}
2020-10-04 12:05:14,556 : INFO : EventManager : Event: ======'machine_var_platform_version'====== Args={'value': '10.0.18362', 'prev_value': None, 'change': True}
2020-10-04 12:05:14,556 : INFO : EventManager : Event: ======'machine_var_platform_machine'====== Args={'value': 'AMD64', 'prev_value': None, 'change': True}
2020-10-04 12:05:14,556 : INFO : EventManager : Event: ======'init_phase_1'====== Args={}
2020-10-04 12:05:14,679 : INFO : EventManager : Event: ======'drop_target_bank_cup_bank_up'====== Args={}
2020-10-04 12:05:14,680 : INFO : EventManager : Event: ======'drop_target_bank_mug_bank_up'====== Args={}
2020-10-04 12:05:14,691 : INFO : EventManager : Event: ======'init_phase_2'====== Args={}
2020-10-04 12:05:14,692 : INFO : SwitchController : Found active switch: ('2', <Platform.SmartVirtual>)
2020-10-04 12:05:14,692 : INFO : SwitchController : Found active switch: ('3', <Platform.SmartVirtual>)
2020-10-04 12:05:14,709 : INFO : EventManager : Event: ======'bcp_connection_attempt'====== Args={'name': 'local_display', 'host': 'localhost', 'port': 5050}
2020-10-04 12:05:14,712 : INFO : BCPClientSocket : Connecting BCP to 'local_display' at localhost:5050...
2020-10-04 12:05:26,468 : INFO : BCPClientSocket : Connected BCP to 'local_display' localhost:5050
2020-10-04 12:05:26,469 : INFO : EventManager : Event: ======'bcp_clients_connected'====== Args={}
2020-10-04 12:05:26,486 : INFO : EventManager : Event: ======'machine_var_mc_version'====== Args={'value': 'MPF-MC v0.54.0-dev.20', 'prev_value': None, 'change': True}
2020-10-04 12:05:26,486 : INFO : EventManager : Event: ======'machine_var_mc_extended_version'====== Args={'value': 'MPF-MC v0.54.0-dev.20 (config_version=5, BCP v1.1, Requires MPF v0.54.0-dev.68)', 'prev_value': None, 'change': True}
2020-10-04 12:05:26,490 : INFO : EventManager : Event: ======'machine_var_master_volume'====== Args={'value': 0.5, 'prev_value': None, 'change': True}
2020-10-04 12:05:26,491 : INFO : ball_device.bd_trough : State: idle
2020-10-04 12:05:26,523 : INFO : ball_device.bd_plunger : State: idle
2020-10-04 12:05:26,558 : INFO : EventManager : Event: ======'init_phase_3'====== Args={}
2020-10-04 12:05:26,571 : INFO : EventManager : Event: ======'init_phase_4'====== Args={}
2020-10-04 12:05:26,574 : INFO : EventManager : Event: ======'machine_var_audits_events_game_ended'====== Args={'value': 21, 'prev_value': None, 'change': True}
2020-10-04 12:05:26,575 : INFO : EventManager : Event: ======'machine_var_audits_events_game_started'====== Args={'value': 40, 'prev_value': None, 'change': True}
2020-10-04 12:05:26,575 : INFO : EventManager : Event: ======'machine_var_audits_player_score'====== Args={'value': {'average': 530.4761904761905, 'top': [2970, 1300, 1220, 980, 880, 780, 720, 710, 630, 590], 'total': 21}, 'prev_value': None, 'change': True}
2020-10-04 12:05:26,576 : INFO : EventManager : Event: ======'machine_var_audits_shots_soul_L'====== Args={'value': 208, 'prev_value': None, 'change': True}
2020-10-04 12:05:26,577 : INFO : EventManager : Event: ======'machine_var_audits_shots_soul_O'====== Args={'value': 214, 'prev_value': None, 'change': True}
2020-10-04 12:05:26,577 : INFO : EventManager : Event: ======'machine_var_audits_shots_soul_S'====== Args={'value': 243, 'prev_value': None, 'change': True}
2020-10-04 12:05:26,578 : INFO : EventManager : Event: ======'machine_var_audits_shots_soul_U'====== Args={'value': 210, 'prev_value': None, 'change': True}
2020-10-04 12:05:26,579 : INFO : EventManager : Event: ======'machine_var_audits_switches_s_coin'====== Args={'value': 20, 'prev_value': None, 'change': True}
2020-10-04 12:05:26,580 : INFO : EventManager : Event: ======'machine_var_audits_switches_s_dash_L'====== Args={'value': 0, 'prev_value': None, 'change': True}
2020-10-04 12:05:26,581 : INFO : EventManager : Event: ======'machine_var_audits_switches_s_dash_R'====== Args={'value': 0, 'prev_value': None, 'change': True}
2020-10-04 12:05:26,581 : INFO : EventManager : Event: ======'machine_var_audits_switches_s_dtSling_L'====== Args={'value': 0, 'prev_value': None, 'change': True}
2020-10-04 12:05:26,582 : INFO : EventManager : Event: ======'machine_var_audits_switches_s_dtSling_R'====== Args={'value': 0, 'prev_value': None, 'change': True}
2020-10-04 12:05:26,582 : INFO : EventManager : Event: ======'machine_var_audits_switches_s_dt_C'====== Args={'value': 72, 'prev_value': None, 'change': True}
2020-10-04 12:05:26,583 : INFO : EventManager : Event: ======'machine_var_audits_switches_s_dt_G'====== Args={'value': 21, 'prev_value': None, 'change': True}
2020-10-04 12:05:26,584 : INFO : EventManager : Event: ======'machine_var_audits_switches_s_dt_M'====== Args={'value': 19, 'prev_value': None, 'change': True}
2020-10-04 12:05:26,584 : INFO : EventManager : Event: ======'machine_var_audits_switches_s_dt_P'====== Args={'value': 55, 'prev_value': None, 'change': True}
2020-10-04 12:05:26,585 : INFO : EventManager : Event: ======'machine_var_audits_switches_s_dt_U'====== Args={'value': 63, 'prev_value': None, 'change': True}
2020-10-04 12:05:26,586 : INFO : EventManager : Event: ======'machine_var_audits_switches_s_dt_U2'====== Args={'value': 19, 'prev_value': None, 'change': True}
2020-10-04 12:05:26,587 : INFO : EventManager : Event: ======'machine_var_audits_switches_s_exit_shooter_lane'====== Args={'value': 357, 'prev_value': None, 'change': True}
2020-10-04 12:05:26,588 : INFO : EventManager : Event: ======'machine_var_audits_switches_s_inLane_L'====== Args={'value': 0, 'prev_value': None, 'change': True}
2020-10-04 12:05:26,588 : INFO : EventManager : Event: ======'machine_var_audits_switches_s_inLane_R'====== Args={'value': 0, 'prev_value': None, 'change': True}
2020-10-04 12:05:26,590 : INFO : EventManager : Event: ======'machine_var_audits_switches_s_kicker'====== Args={'value': 0, 'prev_value': None, 'change': True}
2020-10-04 12:05:26,591 : INFO : EventManager : Event: ======'machine_var_audits_switches_s_left_flipper'====== Args={'value': 151, 'prev_value': None, 'change': True}
2020-10-04 12:05:26,592 : INFO : EventManager : Event: ======'machine_var_audits_switches_s_midRight'====== Args={'value': 0, 'prev_value': None, 'change': True}
2020-10-04 12:05:26,593 : INFO : EventManager : Event: ======'machine_var_audits_switches_s_outLane_L'====== Args={'value': 0, 'prev_value': None, 'change': True}
2020-10-04 12:05:26,594 : INFO : EventManager : Event: ======'machine_var_audits_switches_s_outLane_R'====== Args={'value': 0, 'prev_value': None, 'change': True}
2020-10-04 12:05:26,594 : INFO : EventManager : Event: ======'machine_var_audits_switches_s_perdition'====== Args={'value': 0, 'prev_value': None, 'change': True}
2020-10-04 12:05:26,595 : INFO : EventManager : Event: ======'machine_var_audits_switches_s_playfield'====== Args={'value': 0, 'prev_value': None, 'change': True}
2020-10-04 12:05:26,596 : INFO : EventManager : Event: ======'machine_var_audits_switches_s_plunger'====== Args={'value': 562, 'prev_value': None, 'change': True}
2020-10-04 12:05:26,597 : INFO : EventManager : Event: ======'machine_var_audits_switches_s_popBumper_1'====== Args={'value': 464, 'prev_value': None, 'change': True}
2020-10-04 12:05:26,598 : INFO : EventManager : Event: ======'machine_var_audits_switches_s_popBumper_2'====== Args={'value': 440, 'prev_value': None, 'change': True}
2020-10-04 12:05:26,599 : INFO : EventManager : Event: ======'machine_var_audits_switches_s_popBumper_3'====== Args={'value': 164, 'prev_value': None, 'change': True}
2020-10-04 12:05:26,600 : INFO : EventManager : Event: ======'machine_var_audits_switches_s_pop_bumper1'====== Args={'value': 120, 'prev_value': None, 'change': True}
2020-10-04 12:05:26,601 : INFO : EventManager : Event: ======'machine_var_audits_switches_s_pop_bumper2'====== Args={'value': 153, 'prev_value': None, 'change': True}
2020-10-04 12:05:26,602 : INFO : EventManager : Event: ======'machine_var_audits_switches_s_pop_bumper3'====== Args={'value': 100, 'prev_value': None, 'change': True}
2020-10-04 12:05:26,603 : INFO : EventManager : Event: ======'machine_var_audits_switches_s_right_flipper'====== Args={'value': 216, 'prev_value': None, 'change': True}
2020-10-04 12:05:26,604 : INFO : EventManager : Event: ======'machine_var_audits_switches_s_sling_L'====== Args={'value': 0, 'prev_value': None, 'change': True}
2020-10-04 12:05:26,605 : INFO : EventManager : Event: ======'machine_var_audits_switches_s_sling_R'====== Args={'value': 0, 'prev_value': None, 'change': True}
2020-10-04 12:05:26,605 : INFO : EventManager : Event: ======'machine_var_audits_switches_s_soul_L'====== Args={'value': 209, 'prev_value': None, 'change': True}
2020-10-04 12:05:26,606 : INFO : EventManager : Event: ======'machine_var_audits_switches_s_soul_O'====== Args={'value': 219, 'prev_value': None, 'change': True}
2020-10-04 12:05:26,607 : INFO : EventManager : Event: ======'machine_var_audits_switches_s_soul_S'====== Args={'value': 243, 'prev_value': None, 'change': True}
2020-10-04 12:05:26,608 : INFO : EventManager : Event: ======'machine_var_audits_switches_s_soul_U'====== Args={'value': 210, 'prev_value': None, 'change': True}
2020-10-04 12:05:26,609 : INFO : EventManager : Event: ======'machine_var_audits_switches_s_standUp_1'====== Args={'value': 0, 'prev_value': None, 'change': True}
2020-10-04 12:05:26,610 : INFO : EventManager : Event: ======'machine_var_audits_switches_s_standUp_2'====== Args={'value': 0, 'prev_value': None, 'change': True}
2020-10-04 12:05:26,610 : INFO : EventManager : Event: ======'machine_var_audits_switches_s_standUp_3'====== Args={'value': 0, 'prev_value': None, 'change': True}
2020-10-04 12:05:26,611 : INFO : EventManager : Event: ======'machine_var_audits_switches_s_standUp_R'====== Args={'value': 0, 'prev_value': None, 'change': True}
2020-10-04 12:05:26,612 : INFO : EventManager : Event: ======'machine_var_audits_switches_s_star_1'====== Args={'value': 0, 'prev_value': None, 'change': True}
2020-10-04 12:05:26,613 : INFO : EventManager : Event: ======'machine_var_audits_switches_s_star_2'====== Args={'value': 0, 'prev_value': None, 'change': True}
2020-10-04 12:05:26,614 : INFO : EventManager : Event: ======'machine_var_audits_switches_s_star_3'====== Args={'value': 0, 'prev_value': None, 'change': True}
2020-10-04 12:05:26,615 : INFO : EventManager : Event: ======'machine_var_audits_switches_s_start'====== Args={'value': 68, 'prev_value': None, 'change': True}
2020-10-04 12:05:26,616 : INFO : EventManager : Event: ======'machine_var_audits_switches_s_tilt'====== Args={'value': 0, 'prev_value': None, 'change': True}
2020-10-04 12:05:26,617 : INFO : EventManager : Event: ======'machine_var_audits_switches_s_trough1'====== Args={'value': 511, 'prev_value': None, 'change': True}
2020-10-04 12:05:26,618 : INFO : EventManager : Event: ======'machine_var_audits_switches_s_trough2'====== Args={'value': 72, 'prev_value': None, 'change': True}
2020-10-04 12:05:26,619 : INFO : EventManager : Event: ======'machine_var_audits_switches_s_trough_jam'====== Args={'value': 13, 'prev_value': None, 'change': True}
2020-10-04 12:05:26,621 : INFO : EventManager : Event: ======'init_phase_5'====== Args={}
2020-10-04 12:05:26,651 : INFO : EventManager : Event: ======'init_done'====== Args={}
2020-10-04 12:05:26,652 : INFO : EventManager : Event: ======'machine_reset_phase_1'====== Args={}
2020-10-04 12:05:26,660 : INFO : EventManager : Event: ======'slide_welcome_slide_removed'====== Args={'_from_bcp': True}
2020-10-04 12:05:26,666 : INFO : EventManager : Event: ======'slide_welcome_slide_created'====== Args={'_from_bcp': True}
2020-10-04 12:05:26,668 : INFO : EventManager : Event: ======'machine_reset_phase_2'====== Args={}
2020-10-04 12:05:26,669 : INFO : EventManager : Event: ======'machine_reset_phase_3'====== Args={}
2020-10-04 12:05:26,669 : INFO : drop_target_bank.cup_bank : All targets are already up. Will not reset bank.
2020-10-04 12:05:26,669 : INFO : drop_target_bank.mug_bank : All targets are already up. Will not reset bank.
2020-10-04 12:05:26,669 : INFO : EventManager : Event: ======'reset_complete'====== Args={}
2020-10-04 12:05:26,670 : INFO : EventManager : Event: ======'mode_attract_will_start'====== Args={}
2020-10-04 12:05:26,671 : INFO : EventManager : Event: ======'mode_attract_starting'====== Args={}
2020-10-04 12:05:26,672 : INFO : Mode.attract : Started. Priority: 10
2020-10-04 12:05:26,672 : INFO : EventManager : Event: ======'modes_active_modes_changed'====== Args={}
2020-10-04 12:05:26,673 : INFO : EventManager : Event: ======'mode_attract_started'====== Args={}
2020-10-04 12:05:26,676 : INFO : EventManager : Event: ======'collecting_balls_complete'====== Args={}
2020-10-04 12:05:26,734 : INFO : EventManager : Event: ======'slide_welcome_slide_active'====== Args={'_from_bcp': True}
2020-10-04 12:05:26,735 : INFO : EventManager : Event: ======'slide_awesome_slide_created'====== Args={'_from_bcp': True}
2020-10-04 12:05:26,736 : INFO : EventManager : Event: ======'slide_awesome_slide_active'====== Args={'_from_bcp': True}
2020-10-04 12:05:26,736 : INFO : Machine : Starting the main run loop.
2020-10-04 12:05:26,984 : INFO : BcpServer : New client connected.
2020-10-04 12:05:27,909 : INFO : SwitchController : <<<<<<< 's_start' active >>>>>>>
2020-10-04 12:05:28,101 : INFO : SwitchController : <<<<<<< 's_start' inactive >>>>>>>
2020-10-04 12:05:28,101 : INFO : EventManager : Event: ======'request_to_start_game'====== Args={}
2020-10-04 12:05:28,103 : INFO : EventManager : Event: ======'game_start'====== Args={'buttons': [], 'hold_time': 0.18799999996554106}
2020-10-04 12:05:28,103 : INFO : EventManager : Event: ======'mode_game_will_start'====== Args={'buttons': [], 'hold_time': 0.18799999996554106}
2020-10-04 12:05:28,105 : INFO : EventManager : Event: ======'mode_game_starting'====== Args={'buttons': [], 'hold_time': 0.18799999996554106}
2020-10-04 12:05:28,105 : INFO : EventManager : Event: ======'mode_attract_will_stop'====== Args={}
2020-10-04 12:05:28,106 : INFO : EventManager : Event: ======'mode_attract_stopping'====== Args={}
2020-10-04 12:05:28,106 : INFO : Mode.attract : Stopped.
2020-10-04 12:05:28,107 : INFO : EventManager : Event: ======'modes_active_modes_changed'====== Args={}
2020-10-04 12:05:28,109 : INFO : EventManager : Event: ======'mode_attract_stopped'====== Args={}
2020-10-04 12:05:28,109 : INFO : EventManager : Event: ======'clear'====== Args={'key': 'attract'}
2020-10-04 12:05:28,110 : INFO : Mode.game : Started. Priority: 20
2020-10-04 12:05:28,110 : INFO : EventManager : Event: ======'modes_active_modes_changed'====== Args={}
2020-10-04 12:05:28,111 : INFO : EventManager : Event: ======'mode_game_started'====== Args={'buttons': [], 'hold_time': 0.18799999996554106}
2020-10-04 12:05:28,157 : INFO : EventManager : Event: ======'game_will_start'====== Args={}
2020-10-04 12:05:28,158 : INFO : EventManager : Event: ======'slide_awesome_slide_removed'====== Args={'_from_bcp': True}
2020-10-04 12:05:28,158 : INFO : EventManager : Event: ======'slide_welcome_slide_active'====== Args={'_from_bcp': True}
2020-10-04 12:05:28,167 : INFO : EventManager : Event: ======'game_starting'====== Args={'game': <Mode.game>}
2020-10-04 12:05:28,168 : INFO : EventManager : Event: ======'player_add_request'====== Args={}
2020-10-04 12:05:28,168 : INFO : EventManager : Event: ======'player_will_add'====== Args={'number': 1}
2020-10-04 12:05:28,170 : ERROR : ConfigValidator : Your config contains a value for the setting "player_vars:persist_state", but this is not a valid setting name.
2020-10-04 12:05:28,170 : ERROR : asyncio : Exception in callback EventManager.process_event_queue()
handle: <Handle EventManager.process_event_queue()>
Traceback (most recent call last):
  File "c:\users\themi\appdata\local\programs\python\python36\lib\asyncio\events.py", line 145, in _run
    self._callback(*self._args)
  File "c:\users\themi\appdata\local\programs\python\python36\lib\site-packages\mpf\core\events.py", line 783, in process_event_queue
    callback(**kwargs)
  File "c:\users\themi\appdata\local\programs\python\python36\lib\site-packages\mpf\modes\game\code\game.py", line 568, in _player_add_request_complete
    player = Player(self.machine, len(self.player_list))
  File "c:\users\themi\appdata\local\programs\python\python36\lib\site-packages\mpf\core\player.py", line 116, in __init__
    self._load_initial_player_vars()
  File "c:\users\themi\appdata\local\programs\python\python36\lib\site-packages\mpf\core\player.py", line 132, in _load_initial_player_vars
    element = self.machine.config_validator.validate_config("player_vars", copy.deepcopy(element))
  File "c:\users\themi\appdata\local\programs\python\python36\lib\site-packages\mpf\core\config_validator.py", line 176, in validate_config
    validation_failure_info=validation_failure_info)
  File "c:\users\themi\appdata\local\programs\python\python36\lib\site-packages\mpf\core\config_validator.py", line 188, in _validate_config
    self.check_for_invalid_sections(this_spec, source, validation_failure_info)
  File "c:\users\themi\appdata\local\programs\python\python36\lib\site-packages\mpf\core\config_validator.py", line 355, in check_for_invalid_sections
    'setting name.', 2, self.log.name)
mpf.exceptions.config_file_error.ConfigFileError: Config File Error in ConfigValidator: Your config contains a value for the setting "player_vars:persist_state", but this is not a valid setting name. Error Code: CFE-ConfigValidator-2 (https://docs.missionpinball.org/en/dev/logs/CFE-ConfigValidator-2.html)
2020-10-04 12:05:28,263 : INFO : Machine : Shutting down...
2020-10-04 12:05:28,264 : INFO : EventManager : Event: ======'shutdown'====== Args={}
2020-10-04 12:05:28,274 : ERROR : Machine : Runtime Exception
Traceback (most recent call last):
  File "c:\users\themi\appdata\local\programs\python\python36\lib\site-packages\mpf\core\machine.py", line 745, in _run_loop
    raise self._exception['exception']
  File "c:\users\themi\appdata\local\programs\python\python36\lib\asyncio\events.py", line 145, in _run
    self._callback(*self._args)
  File "c:\users\themi\appdata\local\programs\python\python36\lib\site-packages\mpf\core\events.py", line 783, in process_event_queue
    callback(**kwargs)
  File "c:\users\themi\appdata\local\programs\python\python36\lib\site-packages\mpf\modes\game\code\game.py", line 568, in _player_add_request_complete
    player = Player(self.machine, len(self.player_list))
  File "c:\users\themi\appdata\local\programs\python\python36\lib\site-packages\mpf\core\player.py", line 116, in __init__
    self._load_initial_player_vars()
  File "c:\users\themi\appdata\local\programs\python\python36\lib\site-packages\mpf\core\player.py", line 132, in _load_initial_player_vars
    element = self.machine.config_validator.validate_config("player_vars", copy.deepcopy(element))
  File "c:\users\themi\appdata\local\programs\python\python36\lib\site-packages\mpf\core\config_validator.py", line 176, in validate_config
    validation_failure_info=validation_failure_info)
  File "c:\users\themi\appdata\local\programs\python\python36\lib\site-packages\mpf\core\config_validator.py", line 188, in _validate_config
    self.check_for_invalid_sections(this_spec, source, validation_failure_info)
  File "c:\users\themi\appdata\local\programs\python\python36\lib\site-packages\mpf\core\config_validator.py", line 355, in check_for_invalid_sections
    'setting name.', 2, self.log.name)
mpf.exceptions.config_file_error.ConfigFileError: Config File Error in ConfigValidator: Your config contains a value for the setting "player_vars:persist_state", but this is not a valid setting name. Error Code: CFE-ConfigValidator-2 (https://docs.missionpinball.org/en/dev/logs/CFE-ConfigValidator-2.html)
2020-10-04 12:05:28,301 : INFO : root : MPF run loop ended.
