2020-10-03 19:29:04,422 : INFO : root : Loading config.
2020-10-03 19:29:04,422 : INFO : YamlMultifileConfigLoader : Machine config file #1: config.yaml
2020-10-03 19:29:04,437 : INFO : ConfigProcessor : Loading config from cache: C:\Users\themi\AppData\Local\Temp\1a0afbd38efada64622f7c1a19dba099.mpf_cache
2020-10-03 19:29:04,672 : INFO : ConfigProcessor : Loading config from cache: C:\Users\themi\AppData\Local\Temp\7964e52b22911e9b68a8022172b185f3.mpf_cache
2020-10-03 19:29:04,672 : INFO : ConfigProcessor : Loading config from cache: C:\Users\themi\AppData\Local\Temp\4fcecb70f81c3c2fefb8e65ae9a0af5f.mpf_cache
2020-10-03 19:29:04,672 : WARNING : ConfigProcessor : Config file in cache changed: c:\Pinball\Cuphead\modes\base\config\base.yaml
2020-10-03 19:29:04,672 : INFO : ConfigProcessor : Loading config from file c:\Pinball\Cuphead\modes\base\config\base.yaml.
2020-10-03 19:29:04,719 : INFO : ConfigProcessor : Loading config: c:\Pinball\Cuphead\modes\base\config\base.yaml
2020-10-03 19:29:04,735 : INFO : ConfigProcessor : Config file cache created: C:\Users\themi\AppData\Local\Temp\b2a05f27b99f0404929b6678617f21a2.mpf_cache
2020-10-03 19:29:04,735 : INFO : ConfigProcessor : Loading config from cache: C:\Users\themi\AppData\Local\Temp\ee661b7bde9ac1aee26ef2e16bd36711.mpf_cache
2020-10-03 19:29:04,735 : INFO : ConfigProcessor : Loading config from cache: C:\Users\themi\AppData\Local\Temp\8b23b77e47e0aafb5c2cd6855492fe09.mpf_cache
2020-10-03 19:29:04,735 : INFO : ConfigProcessor : Loading config from cache: C:\Users\themi\AppData\Local\Temp\8d4786f117f290f34c6b54fd8b6fe8fe.mpf_cache
2020-10-03 19:29:04,735 : INFO : ConfigProcessor : Loading config from cache: C:\Users\themi\AppData\Local\Temp\d1f28e307667fe64a15b0a7332832e8a.mpf_cache
2020-10-03 19:29:04,735 : INFO : ConfigProcessor : Loading config from cache: C:\Users\themi\AppData\Local\Temp\4b1cd1ab6685d1ad48e4e22b92633748.mpf_cache
2020-10-03 19:29:04,735 : INFO : ConfigProcessor : Loading config from cache: C:\Users\themi\AppData\Local\Temp\0e5b9342958db12ded482c5bdee94a50.mpf_cache
2020-10-03 19:29:04,735 : INFO : ConfigProcessor : Loading config from cache: C:\Users\themi\AppData\Local\Temp\fa3b9c24e757a86afd7ebd54e8356a2f.mpf_cache
2020-10-03 19:29:04,735 : INFO : ConfigProcessor : Loading config from cache: C:\Users\themi\AppData\Local\Temp\4f17c1b7053da1ee6acf2b568ebeb609.mpf_cache
2020-10-03 19:29:04,750 : INFO : ConfigProcessor : Loading config from cache: C:\Users\themi\AppData\Local\Temp\ccd4282a3141e0878d86657c78349f12.mpf_cache
2020-10-03 19:29:04,750 : INFO : ConfigProcessor : Loading config from cache: C:\Users\themi\AppData\Local\Temp\17729cd0303cfaced1d4181f3ca2421f.mpf_cache
2020-10-03 19:29:04,750 : INFO : ConfigProcessor : Loading config from cache: C:\Users\themi\AppData\Local\Temp\47ffaea90c47406003f6ea8ebe74989d.mpf_cache
2020-10-03 19:29:04,750 : INFO : ConfigProcessor : Loading config from cache: C:\Users\themi\AppData\Local\Temp\6f6af101da615a72df8eebfca5188fca.mpf_cache
2020-10-03 19:29:04,750 : INFO : ConfigProcessor : Loading config from cache: C:\Users\themi\AppData\Local\Temp\3889d554abdf669f0bcb59dfdb43163f.mpf_cache
2020-10-03 19:29:04,750 : INFO : ConfigProcessor : Loading config from cache: C:\Users\themi\AppData\Local\Temp\dca7679fbf96e787efc0ee793457f019.mpf_cache
2020-10-03 19:29:04,750 : INFO : ConfigProcessor : Loading config from cache: C:\Users\themi\AppData\Local\Temp\773981adc2a393ce4661c342531a13c1.mpf_cache
2020-10-03 19:29:04,750 : INFO : ConfigProcessor : Loading config from cache: C:\Users\themi\AppData\Local\Temp\0e7ad57880df273f086bfe63563440af.mpf_cache
2020-10-03 19:29:04,750 : INFO : ConfigProcessor : Loading config from cache: C:\Users\themi\AppData\Local\Temp\14255cf3b2f3681937087b07de526758.mpf_cache
2020-10-03 19:29:04,750 : INFO : ConfigProcessor : Loading config from cache: C:\Users\themi\AppData\Local\Temp\01c6bf43074c3a497e337500f6bac20b.mpf_cache
2020-10-03 19:29:04,750 : INFO : ConfigProcessor : Loading config from cache: C:\Users\themi\AppData\Local\Temp\7eeffc9c6f8d1e96b5a9cad923ac520c.mpf_cache
2020-10-03 19:29:04,750 : INFO : Machine : Mission Pinball Framework Core Engine v0.54.0-dev.72
2020-10-03 19:29:04,766 : INFO : Machine : Command line arguments: {'no_load_cache': False, 'create_config_cache': True, 'bcp': True, 'configfile': ['config.yaml'], 'force_assets_load': False, 'jsonlogging': False, 'logfile': 'logs\\2020-10-03-19-29-04-mpf-LAPTOP-C39PEUFD.log', 'pause': False, 'production': False, 'text_ui': True, 'loglevel': 15, 'consoleloglevel': 20, 'force_platform': 'smart_virtual', 'syslog_address': None, 'mc_file_name': None, 'no_sound': False}
2020-10-03 19:29:04,766 : INFO : Machine : MPF path: c:\users\themi\appdata\local\programs\python\python36\lib\site-packages\mpf
2020-10-03 19:29:04,766 : INFO : Machine : Machine path: c:\Pinball\Cuphead
2020-10-03 19:29:04,766 : INFO : Machine : Platform: win32
2020-10-03 19:29:04,766 : INFO : Machine : Python executable location: c:\users\themi\appdata\local\programs\python\python36\python.exe
2020-10-03 19:29:04,766 : INFO : Machine : Python version: 3.6.4 (64-bit)
2020-10-03 19:29:04,766 : INFO : Machine : Initialise MPF.
2020-10-03 19:29:05,188 : INFO : EventManager : Event: ======'machine_var_credits_string'====== Args={'value': 'FREE PLAY', 'prev_value': None, 'change': True}
2020-10-03 19:29:05,313 : INFO : EventManager : Event: ======'machine_var_player1_score'====== Args={'value': 8110, 'prev_value': None, 'change': True}
2020-10-03 19:29:05,313 : INFO : EventManager : Event: ======'machine_var_mpf_version'====== Args={'value': 'MPF v0.54.0-dev.72', 'prev_value': None, 'change': True}
2020-10-03 19:29:05,313 : INFO : EventManager : Event: ======'machine_var_mpf_extended_version'====== Args={'value': 'MPF v0.54.0-dev.72, Config version:5, Show version: 5, BCP version:1.1', 'prev_value': None, 'change': True}
2020-10-03 19:29:05,313 : INFO : EventManager : Event: ======'machine_var_python_version'====== Args={'value': '3.6.4', 'prev_value': None, 'change': True}
2020-10-03 19:29:05,313 : INFO : EventManager : Event: ======'machine_var_platform'====== Args={'value': 'Windows-10-10.0.18362-SP0', 'prev_value': None, 'change': True}
2020-10-03 19:29:05,313 : INFO : EventManager : Event: ======'machine_var_platform_system'====== Args={'value': 'Windows', 'prev_value': None, 'change': True}
2020-10-03 19:29:05,313 : INFO : EventManager : Event: ======'machine_var_platform_release'====== Args={'value': '10', 'prev_value': None, 'change': True}
2020-10-03 19:29:05,313 : INFO : EventManager : Event: ======'machine_var_platform_version'====== Args={'value': '10.0.18362', 'prev_value': None, 'change': True}
2020-10-03 19:29:05,313 : INFO : EventManager : Event: ======'machine_var_platform_machine'====== Args={'value': 'AMD64', 'prev_value': None, 'change': True}
2020-10-03 19:29:05,313 : INFO : EventManager : Event: ======'init_phase_1'====== Args={}
2020-10-03 19:29:05,454 : INFO : EventManager : Event: ======'drop_target_bank_cup_bank_up'====== Args={}
2020-10-03 19:29:05,454 : INFO : EventManager : Event: ======'drop_target_bank_mug_bank_up'====== Args={}
2020-10-03 19:29:05,469 : INFO : EventManager : Event: ======'init_phase_2'====== Args={}
2020-10-03 19:29:05,469 : INFO : SwitchController : Found active switch: ('2', <Platform.SmartVirtual>)
2020-10-03 19:29:05,469 : INFO : SwitchController : Found active switch: ('3', <Platform.SmartVirtual>)
2020-10-03 19:29:05,485 : INFO : EventManager : Event: ======'bcp_connection_attempt'====== Args={'name': 'local_display', 'host': 'localhost', 'port': 5050}
2020-10-03 19:29:05,485 : INFO : BCPClientSocket : Connecting BCP to 'local_display' at localhost:5050...
2020-10-03 19:29:19,868 : INFO : BCPClientSocket : Connected BCP to 'local_display' localhost:5050
2020-10-03 19:29:19,870 : INFO : EventManager : Event: ======'bcp_clients_connected'====== Args={}
2020-10-03 19:29:19,898 : INFO : EventManager : Event: ======'machine_var_mc_version'====== Args={'value': 'MPF-MC v0.54.0-dev.20', 'prev_value': None, 'change': True}
2020-10-03 19:29:19,898 : INFO : EventManager : Event: ======'machine_var_mc_extended_version'====== Args={'value': 'MPF-MC v0.54.0-dev.20 (config_version=5, BCP v1.1, Requires MPF v0.54.0-dev.68)', 'prev_value': None, 'change': True}
2020-10-03 19:29:19,903 : INFO : EventManager : Event: ======'machine_var_master_volume'====== Args={'value': 0.5, 'prev_value': None, 'change': True}
2020-10-03 19:29:19,935 : INFO : ball_device.bd_trough : State: idle
2020-10-03 19:29:19,936 : INFO : ball_device.bd_plunger : State: idle
2020-10-03 19:29:19,972 : INFO : EventManager : Event: ======'init_phase_3'====== Args={}
2020-10-03 19:29:19,985 : INFO : EventManager : Event: ======'init_phase_4'====== Args={}
2020-10-03 19:29:19,988 : INFO : EventManager : Event: ======'machine_var_audits_events_game_ended'====== Args={'value': 21, 'prev_value': None, 'change': True}
2020-10-03 19:29:19,989 : INFO : EventManager : Event: ======'machine_var_audits_events_game_started'====== Args={'value': 40, 'prev_value': None, 'change': True}
2020-10-03 19:29:19,989 : INFO : EventManager : Event: ======'machine_var_audits_player_score'====== Args={'value': {'average': 530.4761904761905, 'top': [2970, 1300, 1220, 980, 880, 780, 720, 710, 630, 590], 'total': 21}, 'prev_value': None, 'change': True}
2020-10-03 19:29:19,990 : INFO : EventManager : Event: ======'machine_var_audits_shots_soul_L'====== Args={'value': 55, 'prev_value': None, 'change': True}
2020-10-03 19:29:19,990 : INFO : EventManager : Event: ======'machine_var_audits_shots_soul_O'====== Args={'value': 60, 'prev_value': None, 'change': True}
2020-10-03 19:29:19,991 : INFO : EventManager : Event: ======'machine_var_audits_shots_soul_S'====== Args={'value': 67, 'prev_value': None, 'change': True}
2020-10-03 19:29:19,992 : INFO : EventManager : Event: ======'machine_var_audits_shots_soul_U'====== Args={'value': 60, 'prev_value': None, 'change': True}
2020-10-03 19:29:19,992 : INFO : EventManager : Event: ======'machine_var_audits_switches_s_coin'====== Args={'value': 20, 'prev_value': None, 'change': True}
2020-10-03 19:29:19,993 : INFO : EventManager : Event: ======'machine_var_audits_switches_s_dash_L'====== Args={'value': 0, 'prev_value': None, 'change': True}
2020-10-03 19:29:19,994 : INFO : EventManager : Event: ======'machine_var_audits_switches_s_dash_R'====== Args={'value': 0, 'prev_value': None, 'change': True}
2020-10-03 19:29:19,994 : INFO : EventManager : Event: ======'machine_var_audits_switches_s_dtSling_L'====== Args={'value': 0, 'prev_value': None, 'change': True}
2020-10-03 19:29:19,995 : INFO : EventManager : Event: ======'machine_var_audits_switches_s_dtSling_R'====== Args={'value': 0, 'prev_value': None, 'change': True}
2020-10-03 19:29:19,996 : INFO : EventManager : Event: ======'machine_var_audits_switches_s_dt_C'====== Args={'value': 63, 'prev_value': None, 'change': True}
2020-10-03 19:29:19,997 : INFO : EventManager : Event: ======'machine_var_audits_switches_s_dt_G'====== Args={'value': 17, 'prev_value': None, 'change': True}
2020-10-03 19:29:19,997 : INFO : EventManager : Event: ======'machine_var_audits_switches_s_dt_M'====== Args={'value': 15, 'prev_value': None, 'change': True}
2020-10-03 19:29:19,998 : INFO : EventManager : Event: ======'machine_var_audits_switches_s_dt_P'====== Args={'value': 46, 'prev_value': None, 'change': True}
2020-10-03 19:29:19,999 : INFO : EventManager : Event: ======'machine_var_audits_switches_s_dt_U'====== Args={'value': 54, 'prev_value': None, 'change': True}
2020-10-03 19:29:20,000 : INFO : EventManager : Event: ======'machine_var_audits_switches_s_dt_U2'====== Args={'value': 15, 'prev_value': None, 'change': True}
2020-10-03 19:29:20,001 : INFO : EventManager : Event: ======'machine_var_audits_switches_s_exit_shooter_lane'====== Args={'value': 337, 'prev_value': None, 'change': True}
2020-10-03 19:29:20,001 : INFO : EventManager : Event: ======'machine_var_audits_switches_s_inLane_L'====== Args={'value': 0, 'prev_value': None, 'change': True}
2020-10-03 19:29:20,002 : INFO : EventManager : Event: ======'machine_var_audits_switches_s_inLane_R'====== Args={'value': 0, 'prev_value': None, 'change': True}
2020-10-03 19:29:20,003 : INFO : EventManager : Event: ======'machine_var_audits_switches_s_kicker'====== Args={'value': 0, 'prev_value': None, 'change': True}
2020-10-03 19:29:20,004 : INFO : EventManager : Event: ======'machine_var_audits_switches_s_left_flipper'====== Args={'value': 150, 'prev_value': None, 'change': True}
2020-10-03 19:29:20,005 : INFO : EventManager : Event: ======'machine_var_audits_switches_s_midRight'====== Args={'value': 0, 'prev_value': None, 'change': True}
2020-10-03 19:29:20,005 : INFO : EventManager : Event: ======'machine_var_audits_switches_s_outLane_L'====== Args={'value': 0, 'prev_value': None, 'change': True}
2020-10-03 19:29:20,006 : INFO : EventManager : Event: ======'machine_var_audits_switches_s_outLane_R'====== Args={'value': 0, 'prev_value': None, 'change': True}
2020-10-03 19:29:20,007 : INFO : EventManager : Event: ======'machine_var_audits_switches_s_perdition'====== Args={'value': 0, 'prev_value': None, 'change': True}
2020-10-03 19:29:20,008 : INFO : EventManager : Event: ======'machine_var_audits_switches_s_playfield'====== Args={'value': 0, 'prev_value': None, 'change': True}
2020-10-03 19:29:20,009 : INFO : EventManager : Event: ======'machine_var_audits_switches_s_plunger'====== Args={'value': 526, 'prev_value': None, 'change': True}
2020-10-03 19:29:20,010 : INFO : EventManager : Event: ======'machine_var_audits_switches_s_popBumper_1'====== Args={'value': 415, 'prev_value': None, 'change': True}
2020-10-03 19:29:20,010 : INFO : EventManager : Event: ======'machine_var_audits_switches_s_popBumper_2'====== Args={'value': 416, 'prev_value': None, 'change': True}
2020-10-03 19:29:20,011 : INFO : EventManager : Event: ======'machine_var_audits_switches_s_popBumper_3'====== Args={'value': 146, 'prev_value': None, 'change': True}
2020-10-03 19:29:20,012 : INFO : EventManager : Event: ======'machine_var_audits_switches_s_pop_bumper1'====== Args={'value': 120, 'prev_value': None, 'change': True}
2020-10-03 19:29:20,013 : INFO : EventManager : Event: ======'machine_var_audits_switches_s_pop_bumper2'====== Args={'value': 153, 'prev_value': None, 'change': True}
2020-10-03 19:29:20,014 : INFO : EventManager : Event: ======'machine_var_audits_switches_s_pop_bumper3'====== Args={'value': 100, 'prev_value': None, 'change': True}
2020-10-03 19:29:20,016 : INFO : EventManager : Event: ======'machine_var_audits_switches_s_right_flipper'====== Args={'value': 215, 'prev_value': None, 'change': True}
2020-10-03 19:29:20,017 : INFO : EventManager : Event: ======'machine_var_audits_switches_s_sling_L'====== Args={'value': 0, 'prev_value': None, 'change': True}
2020-10-03 19:29:20,017 : INFO : EventManager : Event: ======'machine_var_audits_switches_s_sling_R'====== Args={'value': 0, 'prev_value': None, 'change': True}
2020-10-03 19:29:20,018 : INFO : EventManager : Event: ======'machine_var_audits_switches_s_soul_L'====== Args={'value': 56, 'prev_value': None, 'change': True}
2020-10-03 19:29:20,019 : INFO : EventManager : Event: ======'machine_var_audits_switches_s_soul_O'====== Args={'value': 65, 'prev_value': None, 'change': True}
2020-10-03 19:29:20,020 : INFO : EventManager : Event: ======'machine_var_audits_switches_s_soul_S'====== Args={'value': 67, 'prev_value': None, 'change': True}
2020-10-03 19:29:20,021 : INFO : EventManager : Event: ======'machine_var_audits_switches_s_soul_U'====== Args={'value': 60, 'prev_value': None, 'change': True}
2020-10-03 19:29:20,021 : INFO : EventManager : Event: ======'machine_var_audits_switches_s_standUp_1'====== Args={'value': 0, 'prev_value': None, 'change': True}
2020-10-03 19:29:20,022 : INFO : EventManager : Event: ======'machine_var_audits_switches_s_standUp_2'====== Args={'value': 0, 'prev_value': None, 'change': True}
2020-10-03 19:29:20,023 : INFO : EventManager : Event: ======'machine_var_audits_switches_s_standUp_3'====== Args={'value': 0, 'prev_value': None, 'change': True}
2020-10-03 19:29:20,024 : INFO : EventManager : Event: ======'machine_var_audits_switches_s_standUp_R'====== Args={'value': 0, 'prev_value': None, 'change': True}
2020-10-03 19:29:20,025 : INFO : EventManager : Event: ======'machine_var_audits_switches_s_star_1'====== Args={'value': 0, 'prev_value': None, 'change': True}
2020-10-03 19:29:20,026 : INFO : EventManager : Event: ======'machine_var_audits_switches_s_star_2'====== Args={'value': 0, 'prev_value': None, 'change': True}
2020-10-03 19:29:20,027 : INFO : EventManager : Event: ======'machine_var_audits_switches_s_star_3'====== Args={'value': 0, 'prev_value': None, 'change': True}
2020-10-03 19:29:20,028 : INFO : EventManager : Event: ======'machine_var_audits_switches_s_start'====== Args={'value': 66, 'prev_value': None, 'change': True}
2020-10-03 19:29:20,029 : INFO : EventManager : Event: ======'machine_var_audits_switches_s_tilt'====== Args={'value': 0, 'prev_value': None, 'change': True}
2020-10-03 19:29:20,030 : INFO : EventManager : Event: ======'machine_var_audits_switches_s_trough1'====== Args={'value': 508, 'prev_value': None, 'change': True}
2020-10-03 19:29:20,031 : INFO : EventManager : Event: ======'machine_var_audits_switches_s_trough2'====== Args={'value': 72, 'prev_value': None, 'change': True}
2020-10-03 19:29:20,032 : INFO : EventManager : Event: ======'machine_var_audits_switches_s_trough_jam'====== Args={'value': 13, 'prev_value': None, 'change': True}
2020-10-03 19:29:20,033 : INFO : EventManager : Event: ======'init_phase_5'====== Args={}
2020-10-03 19:29:20,061 : INFO : EventManager : Event: ======'init_done'====== Args={}
2020-10-03 19:29:20,062 : INFO : EventManager : Event: ======'machine_reset_phase_1'====== Args={}
2020-10-03 19:29:20,070 : INFO : EventManager : Event: ======'slide_welcome_slide_removed'====== Args={'_from_bcp': True}
2020-10-03 19:29:20,076 : INFO : EventManager : Event: ======'slide_welcome_slide_created'====== Args={'_from_bcp': True}
2020-10-03 19:29:20,077 : INFO : EventManager : Event: ======'machine_reset_phase_2'====== Args={}
2020-10-03 19:29:20,078 : INFO : EventManager : Event: ======'machine_reset_phase_3'====== Args={}
2020-10-03 19:29:20,079 : INFO : drop_target_bank.cup_bank : All targets are already up. Will not reset bank.
2020-10-03 19:29:20,079 : INFO : drop_target_bank.mug_bank : All targets are already up. Will not reset bank.
2020-10-03 19:29:20,079 : INFO : EventManager : Event: ======'reset_complete'====== Args={}
2020-10-03 19:29:20,080 : INFO : EventManager : Event: ======'mode_attract_will_start'====== Args={}
2020-10-03 19:29:20,083 : INFO : EventManager : Event: ======'mode_attract_starting'====== Args={}
2020-10-03 19:29:20,084 : INFO : Mode.attract : Started. Priority: 10
2020-10-03 19:29:20,084 : INFO : EventManager : Event: ======'modes_active_modes_changed'====== Args={}
2020-10-03 19:29:20,085 : INFO : EventManager : Event: ======'mode_attract_started'====== Args={}
2020-10-03 19:29:20,089 : INFO : EventManager : Event: ======'collecting_balls_complete'====== Args={}
2020-10-03 19:29:20,135 : INFO : EventManager : Event: ======'slide_welcome_slide_active'====== Args={'_from_bcp': True}
2020-10-03 19:29:20,136 : INFO : EventManager : Event: ======'slide_awesome_slide_created'====== Args={'_from_bcp': True}
2020-10-03 19:29:20,137 : INFO : EventManager : Event: ======'slide_awesome_slide_active'====== Args={'_from_bcp': True}
2020-10-03 19:29:20,137 : INFO : Machine : Starting the main run loop.
2020-10-03 19:29:20,641 : INFO : BcpServer : New client connected.
2020-10-03 19:29:21,136 : INFO : SwitchController : <<<<<<< 's_start' active >>>>>>>
2020-10-03 19:29:21,259 : INFO : SwitchController : <<<<<<< 's_start' inactive >>>>>>>
2020-10-03 19:29:21,260 : INFO : EventManager : Event: ======'request_to_start_game'====== Args={}
2020-10-03 19:29:21,261 : INFO : EventManager : Event: ======'game_start'====== Args={'buttons': [], 'hold_time': 0.10899999999674037}
2020-10-03 19:29:21,262 : INFO : EventManager : Event: ======'mode_game_will_start'====== Args={'buttons': [], 'hold_time': 0.10899999999674037}
2020-10-03 19:29:21,264 : INFO : EventManager : Event: ======'mode_game_starting'====== Args={'buttons': [], 'hold_time': 0.10899999999674037}
2020-10-03 19:29:21,264 : INFO : EventManager : Event: ======'mode_attract_will_stop'====== Args={}
2020-10-03 19:29:21,266 : INFO : EventManager : Event: ======'mode_attract_stopping'====== Args={}
2020-10-03 19:29:21,267 : INFO : Mode.attract : Stopped.
2020-10-03 19:29:21,267 : INFO : EventManager : Event: ======'modes_active_modes_changed'====== Args={}
2020-10-03 19:29:21,269 : INFO : EventManager : Event: ======'mode_attract_stopped'====== Args={}
2020-10-03 19:29:21,269 : INFO : EventManager : Event: ======'clear'====== Args={'key': 'attract'}
2020-10-03 19:29:21,270 : INFO : Mode.game : Started. Priority: 20
2020-10-03 19:29:21,270 : INFO : EventManager : Event: ======'modes_active_modes_changed'====== Args={}
2020-10-03 19:29:21,271 : INFO : EventManager : Event: ======'mode_game_started'====== Args={'buttons': [], 'hold_time': 0.10899999999674037}
2020-10-03 19:29:21,296 : INFO : EventManager : Event: ======'game_will_start'====== Args={}
2020-10-03 19:29:21,308 : INFO : EventManager : Event: ======'game_starting'====== Args={'game': <Mode.game>}
2020-10-03 19:29:21,309 : INFO : EventManager : Event: ======'player_add_request'====== Args={}
2020-10-03 19:29:21,310 : INFO : EventManager : Event: ======'player_will_add'====== Args={'number': 1}
2020-10-03 19:29:21,311 : INFO : EventManager : Event: ======'player_adding'====== Args={'player': <Player 1>, 'number': 1}
2020-10-03 19:29:21,311 : INFO : EventManager : Event: ======'player_added'====== Args={'player': <Player 1>, 'num': 1}
2020-10-03 19:29:21,312 : INFO : Mode.game : Player added successfully. Total players: 1
2020-10-03 19:29:21,312 : INFO : EventManager : Event: ======'player_index'====== Args={'value': 0, 'prev_value': 0, 'change': 0, 'player_num': 1}
2020-10-03 19:29:21,312 : INFO : EventManager : Event: ======'player_number'====== Args={'value': 1, 'prev_value': 1, 'change': 0, 'player_num': 1}
2020-10-03 19:29:21,313 : INFO : EventManager : Event: ======'player_score'====== Args={'value': 0, 'prev_value': 0, 'change': 0, 'player_num': 1}
2020-10-03 19:29:21,314 : INFO : EventManager : Event: ======'game_started'====== Args={}
2020-10-03 19:29:21,341 : INFO : EventManager : Event: ======'player_turn_will_start'====== Args={'player': <Player 1>, 'number': 1}
2020-10-03 19:29:21,342 : INFO : EventManager : Event: ======'player_turn_starting'====== Args={'player': <Player 1>, 'number': 1}
2020-10-03 19:29:21,342 : INFO : EventManager : Event: ======'player_ball'====== Args={'value': 1, 'prev_value': 0, 'change': 1, 'player_num': 1}
2020-10-03 19:29:21,343 : INFO : EventManager : Event: ======'player_turn_started'====== Args={'player': <Player 1>, 'number': 1}
2020-10-03 19:29:21,344 : INFO : EventManager : Event: ======'ball_will_start'====== Args={'player': 1, 'ball': 1, 'balls_remaining': 4, 'is_extra_ball': False}
2020-10-03 19:29:21,370 : INFO : EventManager : Event: ======'ball_starting'====== Args={'player': 1, 'ball': 1, 'balls_remaining': 4, 'is_extra_ball': False}
2020-10-03 19:29:21,372 : INFO : EventManager : Event: ======'mode_base_will_start'====== Args={'queue': <QueuedEvent>, 'player': 1, 'ball': 1, 'balls_remaining': 4, 'is_extra_ball': False}
2020-10-03 19:29:21,377 : INFO : EventManager : Event: ======'mode_base_starting'====== Args={'queue': <QueuedEvent>, 'player': 1, 'ball': 1, 'balls_remaining': 4, 'is_extra_ball': False}
2020-10-03 19:29:21,378 : INFO : drop_target_bank.cup_bank : All targets are already up. Will not reset bank.
2020-10-03 19:29:21,378 : INFO : drop_target_bank.mug_bank : All targets are already up. Will not reset bank.
2020-10-03 19:29:21,379 : INFO : EventManager : Event: ======'balls_in_play'====== Args={'balls': 1}
2020-10-03 19:29:21,380 : INFO : EventManager : Event: ======'ball_started'====== Args={'player': 1, 'ball': 1, 'balls_remaining': 4, 'is_extra_ball': False}
2020-10-03 19:29:21,381 : INFO : EventManager : Event: ======'logicblock_bonus_updated'====== Args={'value': 0, 'enabled': True}
2020-10-03 19:29:21,383 : INFO : EventManager : Event: ======'logicblock_bonus_updated'====== Args={'value': 0, 'enabled': True}
2020-10-03 19:29:21,383 : INFO : Mode.base : Started. Priority: 100
2020-10-03 19:29:21,384 : INFO : EventManager : Event: ======'modes_active_modes_changed'====== Args={}
2020-10-03 19:29:21,384 : INFO : EventManager : Event: ======'mode_base_started'====== Args={'queue': <QueuedEvent>, 'player': 1, 'ball': 1, 'balls_remaining': 4, 'is_extra_ball': False}
2020-10-03 19:29:21,400 : INFO : EventManager : Event: ======'mode_soulLanes_will_start'====== Args={'player': 1, 'ball': 1, 'balls_remaining': 4, 'is_extra_ball': False}
2020-10-03 19:29:21,401 : INFO : EventManager : Event: ======'player_shot_soul_S_enabled'====== Args={'value': True, 'prev_value': 0, 'change': 1, 'player_num': 1}
2020-10-03 19:29:21,403 : INFO : EventManager : Event: ======'player_shot_soul_O_enabled'====== Args={'value': True, 'prev_value': 0, 'change': 1, 'player_num': 1}
2020-10-03 19:29:21,404 : INFO : EventManager : Event: ======'player_shot_soul_U_enabled'====== Args={'value': True, 'prev_value': 0, 'change': 1, 'player_num': 1}
2020-10-03 19:29:21,406 : INFO : EventManager : Event: ======'player_shot_soul_L_enabled'====== Args={'value': True, 'prev_value': 0, 'change': 1, 'player_num': 1}
2020-10-03 19:29:21,408 : INFO : EventManager : Event: ======'soul_lanes_complete'====== Args={'state': 'unlit'}
2020-10-03 19:29:21,409 : INFO : EventManager : Event: ======'soul_lanes_unlit_complete'====== Args={}
2020-10-03 19:29:21,414 : INFO : EventManager : Event: ======'mode_soulLanes_starting'====== Args={'player': 1, 'ball': 1, 'balls_remaining': 4, 'is_extra_ball': False}
2020-10-03 19:29:21,424 : INFO : EventManager : Event: ======'slide_awesome_slide_removed'====== Args={'_from_bcp': True}
2020-10-03 19:29:21,427 : INFO : EventManager : Event: ======'slide_welcome_slide_active'====== Args={'_from_bcp': True}
2020-10-03 19:29:21,428 : INFO : EventManager : Event: ======'logicblock_soul_complete_count_updated'====== Args={'value': 1, 'enabled': True}
2020-10-03 19:29:21,429 : INFO : EventManager : Event: ======'logicblock_soul_complete_count_updated'====== Args={'value': 1, 'enabled': True}
2020-10-03 19:29:21,429 : INFO : Mode.soulLanes : Started. Priority: 110
2020-10-03 19:29:21,430 : INFO : EventManager : Event: ======'modes_active_modes_changed'====== Args={}
2020-10-03 19:29:21,430 : INFO : EventManager : Event: ======'mode_soulLanes_started'====== Args={'player': 1, 'ball': 1, 'balls_remaining': 4, 'is_extra_ball': False}
2020-10-03 19:29:21,432 : INFO : EventManager : Event: ======'single_player_ball_started'====== Args={}
2020-10-03 19:29:21,477 : INFO : ball_device.bd_plunger : Setting up player-controlled eject. Balls: 1, Target: <playfield.playfield>, player_controlled_eject_event: None
2020-10-03 19:29:21,480 : INFO : EventManager : Event: ======'balldevice_balls_available'====== Args={}
2020-10-03 19:29:21,491 : INFO : ball_device.bd_trough : State: waiting_for_target_ready
2020-10-03 19:29:21,492 : INFO : EventManager : Event: ======'balldevice_bd_trough_ball_eject_attempt'====== Args={'balls': 1, 'target': <ball_device.bd_plunger>, 'source': <ball_device.bd_trough>, 'mechanical_eject': True, 'num_attempts': 0}
2020-10-03 19:29:21,493 : INFO : ball_device.bd_plunger : State: waiting_for_ball
2020-10-03 19:29:21,496 : INFO : ball_device.bd_trough : State: ejecting
2020-10-03 19:29:21,497 : INFO : ball_device.bd_trough : Ejecting ball to <ball_device.bd_plunger>
2020-10-03 19:29:21,497 : INFO : EventManager : Event: ======'balldevice_bd_trough_ejecting_ball'====== Args={'balls': 1, 'target': <ball_device.bd_plunger>, 'source': <ball_device.bd_trough>, 'mechanical_eject': True, 'num_attempts': 0}
2020-10-03 19:29:21,501 : INFO : ball_device.bd_trough : Wait for ball to leave device
2020-10-03 19:29:21,502 : INFO : coil.c_trough_eject : Pulsing Driver for 20ms (1.0 pulse_power)
2020-10-03 19:29:21,503 : INFO : SwitchController : <<<<<<< 's_trough1' inactive >>>>>>>
2020-10-03 19:29:21,526 : INFO : ball_device.bd_trough : State: ball_left
2020-10-03 19:29:21,527 : INFO : ball_device.bd_trough : Ball left
2020-10-03 19:29:21,527 : INFO : ball_device.bd_trough : Wait for confirm with timeout 10.0
2020-10-03 19:29:21,572 : INFO : EventManager : Event: ======'slide_base.slide_player-mode_base_started_created'====== Args={'_from_bcp': True}
2020-10-03 19:29:21,580 : INFO : EventManager : Event: ======'slide_base.slide_player-mode_base_started_active'====== Args={'_from_bcp': True}
2020-10-03 19:29:21,601 : INFO : SwitchController : <<<<<<< 's_plunger' active >>>>>>>
2020-10-03 19:29:21,601 : INFO : EventManager : Event: ======'machine_var_audits_switches_s_plunger'====== Args={'value': 527, 'prev_value': 526, 'change': 1}
2020-10-03 19:29:22,091 : INFO : ball_device.bd_plunger : Received ball from <ball_device.bd_trough>
2020-10-03 19:29:22,091 : INFO : EventManager : Event: ======'balldevice_bd_plunger_ball_enter'====== Args={'new_balls': 1, 'unclaimed_balls': 0, 'new_available_balls': 0, 'device': <ball_device.bd_plunger>}
2020-10-03 19:29:22,092 : INFO : EventManager : Event: ======'balldevice_bd_plunger_ball_entered'====== Args={'new_balls': 0, 'device': <ball_device.bd_plunger>}
2020-10-03 19:29:22,093 : INFO : EventManager : Event: ======'balldevice_bd_plunger_ball_count_changed'====== Args={'balls': 1}
2020-10-03 19:29:22,093 : INFO : ball_device.bd_trough : Got eject confirm
2020-10-03 19:29:22,093 : INFO : ball_device.bd_trough : Eject successful
2020-10-03 19:29:22,094 : INFO : EventManager : Event: ======'balldevice_bd_trough_ball_eject_success'====== Args={'balls': 1, 'target': <ball_device.bd_plunger>}
2020-10-03 19:29:22,094 : INFO : EventManager : Event: ======'balldevice_bd_trough_ball_count_changed'====== Args={'balls': 1}
2020-10-03 19:29:22,095 : INFO : ball_device.bd_trough : State: idle
2020-10-03 19:29:22,096 : INFO : ball_device.bd_plunger : State: waiting_for_target_ready
2020-10-03 19:29:22,096 : INFO : EventManager : Event: ======'balldevice_bd_plunger_ball_eject_attempt'====== Args={'balls': 1, 'target': <playfield.playfield>, 'source': <ball_device.bd_plunger>, 'mechanical_eject': True, 'num_attempts': 0}
2020-10-03 19:29:22,097 : INFO : ball_device.bd_plunger : State: ejecting
2020-10-03 19:29:22,099 : INFO : ball_device.bd_plunger : Ejecting ball to <playfield.playfield>
2020-10-03 19:29:22,099 : INFO : EventManager : Event: ======'balldevice_bd_plunger_ejecting_ball'====== Args={'balls': 1, 'target': <playfield.playfield>, 'source': <ball_device.bd_plunger>, 'mechanical_eject': True, 'num_attempts': 0}
2020-10-03 19:29:22,101 : INFO : ball_device.bd_plunger : Wait for ball to leave device
2020-10-03 19:29:24,522 : INFO : SwitchController : <<<<<<< 's_plunger' inactive >>>>>>>
2020-10-03 19:29:24,541 : INFO : ball_device.bd_plunger : State: ball_left
2020-10-03 19:29:24,541 : INFO : ball_device.bd_plunger : Ball left
2020-10-03 19:29:24,542 : INFO : ball_device.bd_plunger : Wait for confirm with timeout 10.0
2020-10-03 19:29:27,559 : INFO : SwitchController : <<<<<<< 's_exit_shooter_lane' active >>>>>>>
2020-10-03 19:29:27,560 : INFO : EventManager : Event: ======'sw_playfield_active'====== Args={}
2020-10-03 19:29:27,560 : INFO : EventManager : Event: ======'machine_var_audits_switches_s_exit_shooter_lane'====== Args={'value': 338, 'prev_value': 337, 'change': 1}
2020-10-03 19:29:27,572 : INFO : EventManager : Event: ======'playfield_active'====== Args={}
2020-10-03 19:29:27,597 : INFO : ball_device.bd_plunger : Got eject confirm
2020-10-03 19:29:27,597 : INFO : ball_device.bd_plunger : Eject successful
2020-10-03 19:29:27,597 : INFO : EventManager : Event: ======'balldevice_bd_plunger_ball_eject_success'====== Args={'balls': 1, 'target': <playfield.playfield>}
2020-10-03 19:29:27,598 : INFO : EventManager : Event: ======'balldevice_playfield_ball_enter'====== Args={'new_balls': 1, 'unclaimed_balls': 1, 'device': <playfield.playfield>}
2020-10-03 19:29:27,599 : INFO : EventManager : Event: ======'playfield_ball_count_change'====== Args={'balls': 1, 'change': 1}
2020-10-03 19:29:27,600 : INFO : EventManager : Event: ======'balldevice_bd_plunger_ball_count_changed'====== Args={'balls': 0}
2020-10-03 19:29:27,601 : INFO : ball_device.bd_plunger : State: idle
2020-10-03 19:29:27,696 : INFO : SwitchController : <<<<<<< 's_exit_shooter_lane' inactive >>>>>>>
2020-10-03 19:29:29,338 : INFO : SwitchController : <<<<<<< 's_dt_C' active >>>>>>>
2020-10-03 19:29:29,338 : INFO : EventManager : Event: ======'s_dt_C_active'====== Args={}
2020-10-03 19:29:29,340 : INFO : EventManager : Event: ======'drop_target_cup_C_down'====== Args={'device': <drop_target.cup_C>}
2020-10-03 19:29:29,341 : INFO : EventManager : Event: ======'drop_target_bank_cup_bank_mixed'====== Args={'down': 1}
2020-10-03 19:29:29,342 : INFO : EventManager : Event: ======'machine_var_audits_switches_s_dt_C'====== Args={'value': 64, 'prev_value': 63, 'change': 1}
2020-10-03 19:29:29,348 : INFO : EventManager : Event: ======'player_score'====== Args={'value': 100, 'prev_value': 0, 'change': 100, 'player_num': 1}
2020-10-03 19:29:30,692 : INFO : SwitchController : <<<<<<< 's_dt_U' active >>>>>>>
2020-10-03 19:29:30,692 : INFO : EventManager : Event: ======'s_dt_U_active'====== Args={}
2020-10-03 19:29:30,693 : INFO : EventManager : Event: ======'drop_target_cup_U_down'====== Args={'device': <drop_target.cup_U>}
2020-10-03 19:29:30,695 : INFO : EventManager : Event: ======'drop_target_bank_cup_bank_mixed'====== Args={'down': 2}
2020-10-03 19:29:30,696 : INFO : EventManager : Event: ======'machine_var_audits_switches_s_dt_U'====== Args={'value': 55, 'prev_value': 54, 'change': 1}
2020-10-03 19:29:30,708 : INFO : EventManager : Event: ======'player_score'====== Args={'value': 200, 'prev_value': 100, 'change': 100, 'player_num': 1}
2020-10-03 19:29:32,729 : INFO : SwitchController : <<<<<<< 's_dt_P' active >>>>>>>
2020-10-03 19:29:32,730 : INFO : EventManager : Event: ======'s_dt_P_active'====== Args={}
2020-10-03 19:29:32,731 : INFO : EventManager : Event: ======'drop_target_cup_P_down'====== Args={'device': <drop_target.cup_P>}
2020-10-03 19:29:32,733 : INFO : EventManager : Event: ======'drop_target_bank_cup_bank_down'====== Args={}
2020-10-03 19:29:32,734 : INFO : EventManager : Event: ======'machine_var_audits_switches_s_dt_P'====== Args={'value': 47, 'prev_value': 46, 'change': 1}
2020-10-03 19:29:32,736 : INFO : EventManager : Event: ======'player_score'====== Args={'value': 300, 'prev_value': 200, 'change': 100, 'player_num': 1}
2020-10-03 19:29:32,737 : INFO : EventManager : Event: ======'player_score'====== Args={'value': 633, 'prev_value': 300, 'change': 333, 'player_num': 1}
2020-10-03 19:29:32,738 : INFO : EventManager : Event: ======'logicblock_bonus_updated'====== Args={'value': 1, 'enabled': True}
2020-10-03 19:29:32,738 : INFO : EventManager : Event: ======'bank_done'====== Args={'count': 1, 'remaining': 9}
2020-10-03 19:29:32,741 : INFO : drop_target_bank.cup_bank : 3 targets are down. Will reset those.
2020-10-03 19:29:32,741 : INFO : coil.c_dt_reset_CUP : Pulsing Driver for 10ms (1.0 pulse_power)
2020-10-03 19:29:32,787 : INFO : SwitchController : <<<<<<< 's_dt_C' inactive >>>>>>>
2020-10-03 19:29:32,788 : INFO : SwitchController : <<<<<<< 's_dt_U' inactive >>>>>>>
2020-10-03 19:29:32,789 : INFO : SwitchController : <<<<<<< 's_dt_P' inactive >>>>>>>
2020-10-03 19:29:33,231 : INFO : EventManager : Event: ======'restore'====== Args={}
2020-10-03 19:29:33,234 : INFO : EventManager : Event: ======'drop_target_bank_cup_bank_down'====== Args={}
2020-10-03 19:29:33,235 : INFO : EventManager : Event: ======'player_score'====== Args={'value': 966, 'prev_value': 633, 'change': 333, 'player_num': 1}
2020-10-03 19:29:33,238 : INFO : EventManager : Event: ======'logicblock_bonus_updated'====== Args={'value': 2, 'enabled': True}
2020-10-03 19:29:33,239 : INFO : EventManager : Event: ======'bank_done'====== Args={'count': 2, 'remaining': 8}
2020-10-03 19:29:33,242 : INFO : drop_target_bank.cup_bank : 3 targets are down. Will reset those.
2020-10-03 19:29:33,242 : INFO : coil.c_dt_reset_CUP : Pulsing Driver for 10ms (1.0 pulse_power)
2020-10-03 19:29:33,245 : INFO : EventManager : Event: ======'drop_target_cup_U_up'====== Args={'device': <drop_target.cup_U>}
2020-10-03 19:29:33,248 : INFO : EventManager : Event: ======'drop_target_cup_C_up'====== Args={'device': <drop_target.cup_C>}
2020-10-03 19:29:33,249 : INFO : EventManager : Event: ======'drop_target_cup_P_up'====== Args={'device': <drop_target.cup_P>}
2020-10-03 19:29:33,251 : INFO : drop_target_bank.cup_bank : 3 targets are down. Will reset those.
2020-10-03 19:29:33,283 : INFO : coil.c_dt_reset_CUP : Pulsing Driver for 10ms (1.0 pulse_power)
2020-10-03 19:29:33,283 : WARNING : SwitchController : Received duplicate switch state 0 for switch s_dt_C from the platform interface. Log Code: Log-SwitchController-1 (https://docs.missionpinball.org/en/dev/logs/Log-SwitchController-1.html)
2020-10-03 19:29:33,283 : WARNING : SwitchController : Received duplicate switch state 0 for switch s_dt_U from the platform interface. Log Code: Log-SwitchController-1 (https://docs.missionpinball.org/en/dev/logs/Log-SwitchController-1.html)
2020-10-03 19:29:33,284 : WARNING : SwitchController : Received duplicate switch state 0 for switch s_dt_P from the platform interface. Log Code: Log-SwitchController-1 (https://docs.missionpinball.org/en/dev/logs/Log-SwitchController-1.html)
2020-10-03 19:29:33,325 : WARNING : SwitchController : Received duplicate switch state 0 for switch s_dt_C from the platform interface. Log Code: Log-SwitchController-1 (https://docs.missionpinball.org/en/dev/logs/Log-SwitchController-1.html)
2020-10-03 19:29:33,325 : WARNING : SwitchController : Received duplicate switch state 0 for switch s_dt_U from the platform interface. Log Code: Log-SwitchController-1 (https://docs.missionpinball.org/en/dev/logs/Log-SwitchController-1.html)
2020-10-03 19:29:33,325 : WARNING : SwitchController : Received duplicate switch state 0 for switch s_dt_P from the platform interface. Log Code: Log-SwitchController-1 (https://docs.missionpinball.org/en/dev/logs/Log-SwitchController-1.html)
2020-10-03 19:29:33,731 : INFO : drop_target_bank.cup_bank : 3 targets are down. Will reset those.
2020-10-03 19:29:33,731 : INFO : coil.c_dt_reset_CUP : Pulsing Driver for 10ms (1.0 pulse_power)
2020-10-03 19:29:33,824 : WARNING : SwitchController : Received duplicate switch state 0 for switch s_dt_C from the platform interface. Log Code: Log-SwitchController-1 (https://docs.missionpinball.org/en/dev/logs/Log-SwitchController-1.html)
2020-10-03 19:29:33,824 : WARNING : SwitchController : Received duplicate switch state 0 for switch s_dt_U from the platform interface. Log Code: Log-SwitchController-1 (https://docs.missionpinball.org/en/dev/logs/Log-SwitchController-1.html)
2020-10-03 19:29:33,824 : WARNING : SwitchController : Received duplicate switch state 0 for switch s_dt_P from the platform interface. Log Code: Log-SwitchController-1 (https://docs.missionpinball.org/en/dev/logs/Log-SwitchController-1.html)
2020-10-03 19:29:34,218 : INFO : EventManager : Event: ======'restore'====== Args={}
2020-10-03 19:29:34,220 : INFO : EventManager : Event: ======'drop_target_bank_cup_bank_up'====== Args={}
2020-10-03 19:29:36,512 : INFO : SwitchController : <<<<<<< 's_dt_M' active >>>>>>>
2020-10-03 19:29:36,512 : INFO : EventManager : Event: ======'s_dt_M_active'====== Args={}
2020-10-03 19:29:36,513 : INFO : EventManager : Event: ======'drop_target_mug_M_down'====== Args={'device': <drop_target.mug_M>}
2020-10-03 19:29:36,515 : INFO : EventManager : Event: ======'drop_target_bank_mug_bank_mixed'====== Args={'down': 1}
2020-10-03 19:29:36,517 : INFO : EventManager : Event: ======'machine_var_audits_switches_s_dt_M'====== Args={'value': 16, 'prev_value': 15, 'change': 1}
2020-10-03 19:29:36,518 : INFO : EventManager : Event: ======'player_score'====== Args={'value': 1066, 'prev_value': 966, 'change': 100, 'player_num': 1}
2020-10-03 19:29:38,166 : INFO : SwitchController : <<<<<<< 's_dt_U2' active >>>>>>>
2020-10-03 19:29:38,166 : INFO : EventManager : Event: ======'s_dt_U2_active'====== Args={}
2020-10-03 19:29:38,167 : INFO : EventManager : Event: ======'drop_target_mug_U_down'====== Args={'device': <drop_target.mug_U>}
2020-10-03 19:29:38,170 : INFO : EventManager : Event: ======'drop_target_bank_mug_bank_mixed'====== Args={'down': 2}
2020-10-03 19:29:38,171 : INFO : EventManager : Event: ======'machine_var_audits_switches_s_dt_U2'====== Args={'value': 16, 'prev_value': 15, 'change': 1}
2020-10-03 19:29:38,177 : INFO : EventManager : Event: ======'player_score'====== Args={'value': 1166, 'prev_value': 1066, 'change': 100, 'player_num': 1}
2020-10-03 19:29:40,218 : INFO : SwitchController : <<<<<<< 's_dt_G' active >>>>>>>
2020-10-03 19:29:40,218 : INFO : EventManager : Event: ======'s_dt_G_active'====== Args={}
2020-10-03 19:29:40,219 : INFO : EventManager : Event: ======'drop_target_mug_G_down'====== Args={'device': <drop_target.mug_G>}
2020-10-03 19:29:40,221 : INFO : EventManager : Event: ======'drop_target_bank_mug_bank_down'====== Args={}
2020-10-03 19:29:40,222 : INFO : EventManager : Event: ======'machine_var_audits_switches_s_dt_G'====== Args={'value': 18, 'prev_value': 17, 'change': 1}
2020-10-03 19:29:40,230 : INFO : EventManager : Event: ======'player_score'====== Args={'value': 1266, 'prev_value': 1166, 'change': 100, 'player_num': 1}
2020-10-03 19:29:40,237 : INFO : EventManager : Event: ======'player_score'====== Args={'value': 2154, 'prev_value': 1266, 'change': 888, 'player_num': 1}
2020-10-03 19:29:40,238 : INFO : EventManager : Event: ======'logicblock_bonus_updated'====== Args={'value': 3, 'enabled': True}
2020-10-03 19:29:40,238 : INFO : EventManager : Event: ======'bank_done'====== Args={'count': 3, 'remaining': 7}
2020-10-03 19:29:40,240 : INFO : drop_target_bank.mug_bank : 3 targets are down. Will reset those.
2020-10-03 19:29:40,241 : INFO : coil.c_dt_reset_MUG : Pulsing Driver for 10ms (1.0 pulse_power)
2020-10-03 19:29:40,282 : INFO : SwitchController : <<<<<<< 's_dt_M' inactive >>>>>>>
2020-10-03 19:29:40,283 : INFO : SwitchController : <<<<<<< 's_dt_U2' inactive >>>>>>>
2020-10-03 19:29:40,284 : INFO : SwitchController : <<<<<<< 's_dt_G' inactive >>>>>>>
2020-10-03 19:29:40,720 : INFO : drop_target_bank.mug_bank : 3 targets are down. Will reset those.
2020-10-03 19:29:40,720 : INFO : coil.c_dt_reset_MUG : Pulsing Driver for 10ms (1.0 pulse_power)
2020-10-03 19:29:40,721 : INFO : EventManager : Event: ======'drop_target_mug_U_up'====== Args={'device': <drop_target.mug_U>}
2020-10-03 19:29:40,722 : INFO : EventManager : Event: ======'drop_target_mug_M_up'====== Args={'device': <drop_target.mug_M>}
2020-10-03 19:29:40,723 : INFO : EventManager : Event: ======'drop_target_mug_G_up'====== Args={'device': <drop_target.mug_G>}
2020-10-03 19:29:40,764 : WARNING : SwitchController : Received duplicate switch state 0 for switch s_dt_M from the platform interface. Log Code: Log-SwitchController-1 (https://docs.missionpinball.org/en/dev/logs/Log-SwitchController-1.html)
2020-10-03 19:29:40,764 : WARNING : SwitchController : Received duplicate switch state 0 for switch s_dt_U2 from the platform interface. Log Code: Log-SwitchController-1 (https://docs.missionpinball.org/en/dev/logs/Log-SwitchController-1.html)
2020-10-03 19:29:40,764 : WARNING : SwitchController : Received duplicate switch state 0 for switch s_dt_G from the platform interface. Log Code: Log-SwitchController-1 (https://docs.missionpinball.org/en/dev/logs/Log-SwitchController-1.html)
2020-10-03 19:29:41,225 : INFO : EventManager : Event: ======'restore'====== Args={}
2020-10-03 19:29:41,228 : INFO : EventManager : Event: ======'drop_target_bank_mug_bank_up'====== Args={}
2020-10-03 19:29:48,925 : INFO : Machine : Shutting down...
2020-10-03 19:29:48,925 : INFO : EventManager : Event: ======'shutdown'====== Args={}
2020-10-03 19:29:48,925 : INFO : root : MPF run loop ended.
