2020-10-04 08:28:51,284 : INFO : root : Loading config.
2020-10-04 08:28:51,284 : INFO : YamlMultifileConfigLoader : Machine config file #1: config.yaml
2020-10-04 08:28:51,284 : WARNING : ConfigProcessor : Config file in cache changed: c:\Pinball\Cuphead\config\config.yaml
2020-10-04 08:28:51,284 : INFO : ConfigProcessor : Loading config from file c:\users\themi\appdata\local\programs\python\python36\lib\site-packages\mpf\mpfconfig.yaml.
2020-10-04 08:28:51,472 : INFO : ConfigProcessor : Loading config: c:\users\themi\appdata\local\programs\python\python36\lib\site-packages\mpf\mpfconfig.yaml
2020-10-04 08:28:51,472 : INFO : ConfigProcessor : Loading config from file c:\Pinball\Cuphead\config\config.yaml.
2020-10-04 08:28:51,503 : INFO : ConfigProcessor : Loading config: c:\Pinball\Cuphead\config\config.yaml
2020-10-04 08:28:51,519 : INFO : ConfigProcessor : Loading config: c:\Pinball\Cuphead\config\keyboard.yaml
2020-10-04 08:28:51,597 : INFO : ConfigProcessor : Loading config: c:\Pinball\Cuphead\config\hwSwitches.yaml
2020-10-04 08:28:51,721 : INFO : ConfigProcessor : Loading config: c:\Pinball\Cuphead\config\hwLights.yaml
2020-10-04 08:28:51,752 : INFO : ConfigProcessor : Loading config: c:\Pinball\Cuphead\config\hwCoils.yaml
2020-10-04 08:28:51,752 : INFO : ConfigProcessor : Config file cache created: C:\Users\themi\AppData\Local\Temp\1a0afbd38efada64622f7c1a19dba099.mpf_cache
2020-10-04 08:28:51,940 : INFO : ConfigProcessor : Loading config from cache: C:\Users\themi\AppData\Local\Temp\7964e52b22911e9b68a8022172b185f3.mpf_cache
2020-10-04 08:28:51,940 : INFO : ConfigProcessor : Loading config from cache: C:\Users\themi\AppData\Local\Temp\4fcecb70f81c3c2fefb8e65ae9a0af5f.mpf_cache
2020-10-04 08:28:51,940 : INFO : ConfigProcessor : Loading config from cache: C:\Users\themi\AppData\Local\Temp\b2a05f27b99f0404929b6678617f21a2.mpf_cache
2020-10-04 08:28:51,940 : WARNING : ConfigProcessor : Config file in cache changed: c:\Pinball\Cuphead\modes\soulLanes\config\soulLanes.yaml
2020-10-04 08:28:51,940 : INFO : ConfigProcessor : Loading config from file c:\Pinball\Cuphead\modes\soulLanes\config\soulLanes.yaml.
2020-10-04 08:28:51,971 : INFO : ConfigProcessor : Loading config: c:\Pinball\Cuphead\modes\soulLanes\config\soulLanes.yaml
2020-10-04 08:28:51,971 : INFO : ConfigProcessor : Config file cache created: C:\Users\themi\AppData\Local\Temp\ee661b7bde9ac1aee26ef2e16bd36711.mpf_cache
2020-10-04 08:28:51,971 : INFO : ConfigProcessor : Loading config from cache: C:\Users\themi\AppData\Local\Temp\8b23b77e47e0aafb5c2cd6855492fe09.mpf_cache
2020-10-04 08:28:51,971 : INFO : ConfigProcessor : Loading config from cache: C:\Users\themi\AppData\Local\Temp\8d4786f117f290f34c6b54fd8b6fe8fe.mpf_cache
2020-10-04 08:28:51,971 : INFO : ConfigProcessor : Loading config from cache: C:\Users\themi\AppData\Local\Temp\d1f28e307667fe64a15b0a7332832e8a.mpf_cache
2020-10-04 08:28:51,971 : INFO : ConfigProcessor : Loading config from cache: C:\Users\themi\AppData\Local\Temp\4b1cd1ab6685d1ad48e4e22b92633748.mpf_cache
2020-10-04 08:28:51,971 : INFO : ConfigProcessor : Loading config from cache: C:\Users\themi\AppData\Local\Temp\0e5b9342958db12ded482c5bdee94a50.mpf_cache
2020-10-04 08:28:51,987 : INFO : ConfigProcessor : Loading config from cache: C:\Users\themi\AppData\Local\Temp\fa3b9c24e757a86afd7ebd54e8356a2f.mpf_cache
2020-10-04 08:28:51,987 : INFO : ConfigProcessor : Loading config from cache: C:\Users\themi\AppData\Local\Temp\4f17c1b7053da1ee6acf2b568ebeb609.mpf_cache
2020-10-04 08:28:51,987 : INFO : ConfigProcessor : Loading config from cache: C:\Users\themi\AppData\Local\Temp\ccd4282a3141e0878d86657c78349f12.mpf_cache
2020-10-04 08:28:51,987 : INFO : ConfigProcessor : Loading config from cache: C:\Users\themi\AppData\Local\Temp\17729cd0303cfaced1d4181f3ca2421f.mpf_cache
2020-10-04 08:28:51,987 : INFO : ConfigProcessor : Loading config from cache: C:\Users\themi\AppData\Local\Temp\47ffaea90c47406003f6ea8ebe74989d.mpf_cache
2020-10-04 08:28:51,987 : INFO : ConfigProcessor : Loading config from cache: C:\Users\themi\AppData\Local\Temp\6f6af101da615a72df8eebfca5188fca.mpf_cache
2020-10-04 08:28:51,987 : INFO : ConfigProcessor : Loading config from cache: C:\Users\themi\AppData\Local\Temp\3889d554abdf669f0bcb59dfdb43163f.mpf_cache
2020-10-04 08:28:51,987 : INFO : ConfigProcessor : Loading config from cache: C:\Users\themi\AppData\Local\Temp\dca7679fbf96e787efc0ee793457f019.mpf_cache
2020-10-04 08:28:51,987 : INFO : ConfigProcessor : Loading config from cache: C:\Users\themi\AppData\Local\Temp\773981adc2a393ce4661c342531a13c1.mpf_cache
2020-10-04 08:28:51,987 : INFO : ConfigProcessor : Loading config from cache: C:\Users\themi\AppData\Local\Temp\0e7ad57880df273f086bfe63563440af.mpf_cache
2020-10-04 08:28:51,987 : INFO : ConfigProcessor : Loading config from cache: C:\Users\themi\AppData\Local\Temp\14255cf3b2f3681937087b07de526758.mpf_cache
2020-10-04 08:28:51,987 : INFO : ConfigProcessor : Loading config from cache: C:\Users\themi\AppData\Local\Temp\01c6bf43074c3a497e337500f6bac20b.mpf_cache
2020-10-04 08:28:51,987 : INFO : ConfigProcessor : Loading config from cache: C:\Users\themi\AppData\Local\Temp\7eeffc9c6f8d1e96b5a9cad923ac520c.mpf_cache
2020-10-04 08:28:51,987 : INFO : Machine : Mission Pinball Framework Core Engine v0.54.0-dev.72
2020-10-04 08:28:51,987 : INFO : Machine : Command line arguments: {'no_load_cache': False, 'create_config_cache': True, 'bcp': True, 'configfile': ['config.yaml'], 'force_assets_load': False, 'jsonlogging': False, 'logfile': 'logs\\2020-10-04-08-28-51-mpf-LAPTOP-C39PEUFD.log', 'pause': False, 'production': False, 'text_ui': True, 'loglevel': 15, 'consoleloglevel': 20, 'force_platform': 'smart_virtual', 'syslog_address': None, 'mc_file_name': None, 'no_sound': False}
2020-10-04 08:28:52,002 : INFO : Machine : MPF path: c:\users\themi\appdata\local\programs\python\python36\lib\site-packages\mpf
2020-10-04 08:28:52,002 : INFO : Machine : Machine path: c:\Pinball\Cuphead
2020-10-04 08:28:52,002 : INFO : Machine : Platform: win32
2020-10-04 08:28:52,002 : INFO : Machine : Python executable location: c:\users\themi\appdata\local\programs\python\python36\python.exe
2020-10-04 08:28:52,002 : INFO : Machine : Python version: 3.6.4 (64-bit)
2020-10-04 08:28:52,002 : INFO : Machine : Initialise MPF.
2020-10-04 08:28:52,471 : INFO : EventManager : Event: ======'machine_var_credits_string'====== Args={'value': 'FREE PLAY', 'prev_value': None, 'change': True}
2020-10-04 08:28:52,596 : INFO : EventManager : Event: ======'machine_var_player1_score'====== Args={'value': 8110, 'prev_value': None, 'change': True}
2020-10-04 08:28:52,596 : INFO : EventManager : Event: ======'machine_var_mpf_version'====== Args={'value': 'MPF v0.54.0-dev.72', 'prev_value': None, 'change': True}
2020-10-04 08:28:52,596 : INFO : EventManager : Event: ======'machine_var_mpf_extended_version'====== Args={'value': 'MPF v0.54.0-dev.72, Config version:5, Show version: 5, BCP version:1.1', 'prev_value': None, 'change': True}
2020-10-04 08:28:52,596 : INFO : EventManager : Event: ======'machine_var_python_version'====== Args={'value': '3.6.4', 'prev_value': None, 'change': True}
2020-10-04 08:28:52,596 : INFO : EventManager : Event: ======'machine_var_platform'====== Args={'value': 'Windows-10-10.0.18362-SP0', 'prev_value': None, 'change': True}
2020-10-04 08:28:52,596 : INFO : EventManager : Event: ======'machine_var_platform_system'====== Args={'value': 'Windows', 'prev_value': None, 'change': True}
2020-10-04 08:28:52,596 : INFO : EventManager : Event: ======'machine_var_platform_release'====== Args={'value': '10', 'prev_value': None, 'change': True}
2020-10-04 08:28:52,596 : INFO : EventManager : Event: ======'machine_var_platform_version'====== Args={'value': '10.0.18362', 'prev_value': None, 'change': True}
2020-10-04 08:28:52,596 : INFO : EventManager : Event: ======'machine_var_platform_machine'====== Args={'value': 'AMD64', 'prev_value': None, 'change': True}
2020-10-04 08:28:52,596 : INFO : EventManager : Event: ======'init_phase_1'====== Args={}
2020-10-04 08:28:52,734 : INFO : EventManager : Event: ======'drop_target_bank_cup_bank_up'====== Args={}
2020-10-04 08:28:52,735 : INFO : EventManager : Event: ======'drop_target_bank_mug_bank_up'====== Args={}
2020-10-04 08:28:52,746 : INFO : EventManager : Event: ======'init_phase_2'====== Args={}
2020-10-04 08:28:52,747 : INFO : SwitchController : Found active switch: ('2', <Platform.SmartVirtual>)
2020-10-04 08:28:52,747 : INFO : SwitchController : Found active switch: ('3', <Platform.SmartVirtual>)
2020-10-04 08:28:52,764 : INFO : EventManager : Event: ======'bcp_connection_attempt'====== Args={'name': 'local_display', 'host': 'localhost', 'port': 5050}
2020-10-04 08:28:52,766 : INFO : BCPClientSocket : Connecting BCP to 'local_display' at localhost:5050...
2020-10-04 08:29:04,556 : INFO : BCPClientSocket : Connected BCP to 'local_display' localhost:5050
2020-10-04 08:29:04,557 : INFO : EventManager : Event: ======'bcp_clients_connected'====== Args={}
2020-10-04 08:29:04,579 : INFO : EventManager : Event: ======'machine_var_mc_version'====== Args={'value': 'MPF-MC v0.54.0-dev.20', 'prev_value': None, 'change': True}
2020-10-04 08:29:04,580 : INFO : EventManager : Event: ======'machine_var_mc_extended_version'====== Args={'value': 'MPF-MC v0.54.0-dev.20 (config_version=5, BCP v1.1, Requires MPF v0.54.0-dev.68)', 'prev_value': None, 'change': True}
2020-10-04 08:29:04,583 : INFO : EventManager : Event: ======'machine_var_master_volume'====== Args={'value': 0.5, 'prev_value': None, 'change': True}
2020-10-04 08:29:04,585 : INFO : ball_device.bd_trough : State: idle
2020-10-04 08:29:04,622 : INFO : ball_device.bd_plunger : State: idle
2020-10-04 08:29:04,660 : INFO : EventManager : Event: ======'init_phase_3'====== Args={}
2020-10-04 08:29:04,674 : INFO : EventManager : Event: ======'init_phase_4'====== Args={}
2020-10-04 08:29:04,677 : INFO : EventManager : Event: ======'machine_var_audits_events_game_ended'====== Args={'value': 21, 'prev_value': None, 'change': True}
2020-10-04 08:29:04,677 : INFO : EventManager : Event: ======'machine_var_audits_events_game_started'====== Args={'value': 40, 'prev_value': None, 'change': True}
2020-10-04 08:29:04,678 : INFO : EventManager : Event: ======'machine_var_audits_player_score'====== Args={'value': {'average': 530.4761904761905, 'top': [2970, 1300, 1220, 980, 880, 780, 720, 710, 630, 590], 'total': 21}, 'prev_value': None, 'change': True}
2020-10-04 08:29:04,679 : INFO : EventManager : Event: ======'machine_var_audits_shots_soul_L'====== Args={'value': 96, 'prev_value': None, 'change': True}
2020-10-04 08:29:04,679 : INFO : EventManager : Event: ======'machine_var_audits_shots_soul_O'====== Args={'value': 102, 'prev_value': None, 'change': True}
2020-10-04 08:29:04,680 : INFO : EventManager : Event: ======'machine_var_audits_shots_soul_S'====== Args={'value': 117, 'prev_value': None, 'change': True}
2020-10-04 08:29:04,681 : INFO : EventManager : Event: ======'machine_var_audits_shots_soul_U'====== Args={'value': 100, 'prev_value': None, 'change': True}
2020-10-04 08:29:04,681 : INFO : EventManager : Event: ======'machine_var_audits_switches_s_coin'====== Args={'value': 20, 'prev_value': None, 'change': True}
2020-10-04 08:29:04,682 : INFO : EventManager : Event: ======'machine_var_audits_switches_s_dash_L'====== Args={'value': 0, 'prev_value': None, 'change': True}
2020-10-04 08:29:04,683 : INFO : EventManager : Event: ======'machine_var_audits_switches_s_dash_R'====== Args={'value': 0, 'prev_value': None, 'change': True}
2020-10-04 08:29:04,683 : INFO : EventManager : Event: ======'machine_var_audits_switches_s_dtSling_L'====== Args={'value': 0, 'prev_value': None, 'change': True}
2020-10-04 08:29:04,684 : INFO : EventManager : Event: ======'machine_var_audits_switches_s_dtSling_R'====== Args={'value': 0, 'prev_value': None, 'change': True}
2020-10-04 08:29:04,685 : INFO : EventManager : Event: ======'machine_var_audits_switches_s_dt_C'====== Args={'value': 72, 'prev_value': None, 'change': True}
2020-10-04 08:29:04,686 : INFO : EventManager : Event: ======'machine_var_audits_switches_s_dt_G'====== Args={'value': 21, 'prev_value': None, 'change': True}
2020-10-04 08:29:04,687 : INFO : EventManager : Event: ======'machine_var_audits_switches_s_dt_M'====== Args={'value': 19, 'prev_value': None, 'change': True}
2020-10-04 08:29:04,688 : INFO : EventManager : Event: ======'machine_var_audits_switches_s_dt_P'====== Args={'value': 55, 'prev_value': None, 'change': True}
2020-10-04 08:29:04,688 : INFO : EventManager : Event: ======'machine_var_audits_switches_s_dt_U'====== Args={'value': 63, 'prev_value': None, 'change': True}
2020-10-04 08:29:04,689 : INFO : EventManager : Event: ======'machine_var_audits_switches_s_dt_U2'====== Args={'value': 19, 'prev_value': None, 'change': True}
2020-10-04 08:29:04,690 : INFO : EventManager : Event: ======'machine_var_audits_switches_s_exit_shooter_lane'====== Args={'value': 352, 'prev_value': None, 'change': True}
2020-10-04 08:29:04,691 : INFO : EventManager : Event: ======'machine_var_audits_switches_s_inLane_L'====== Args={'value': 0, 'prev_value': None, 'change': True}
2020-10-04 08:29:04,692 : INFO : EventManager : Event: ======'machine_var_audits_switches_s_inLane_R'====== Args={'value': 0, 'prev_value': None, 'change': True}
2020-10-04 08:29:04,693 : INFO : EventManager : Event: ======'machine_var_audits_switches_s_kicker'====== Args={'value': 0, 'prev_value': None, 'change': True}
2020-10-04 08:29:04,693 : INFO : EventManager : Event: ======'machine_var_audits_switches_s_left_flipper'====== Args={'value': 151, 'prev_value': None, 'change': True}
2020-10-04 08:29:04,694 : INFO : EventManager : Event: ======'machine_var_audits_switches_s_midRight'====== Args={'value': 0, 'prev_value': None, 'change': True}
2020-10-04 08:29:04,695 : INFO : EventManager : Event: ======'machine_var_audits_switches_s_outLane_L'====== Args={'value': 0, 'prev_value': None, 'change': True}
2020-10-04 08:29:04,696 : INFO : EventManager : Event: ======'machine_var_audits_switches_s_outLane_R'====== Args={'value': 0, 'prev_value': None, 'change': True}
2020-10-04 08:29:04,696 : INFO : EventManager : Event: ======'machine_var_audits_switches_s_perdition'====== Args={'value': 0, 'prev_value': None, 'change': True}
2020-10-04 08:29:04,697 : INFO : EventManager : Event: ======'machine_var_audits_switches_s_playfield'====== Args={'value': 0, 'prev_value': None, 'change': True}
2020-10-04 08:29:04,698 : INFO : EventManager : Event: ======'machine_var_audits_switches_s_plunger'====== Args={'value': 540, 'prev_value': None, 'change': True}
2020-10-04 08:29:04,699 : INFO : EventManager : Event: ======'machine_var_audits_switches_s_popBumper_1'====== Args={'value': 463, 'prev_value': None, 'change': True}
2020-10-04 08:29:04,700 : INFO : EventManager : Event: ======'machine_var_audits_switches_s_popBumper_2'====== Args={'value': 438, 'prev_value': None, 'change': True}
2020-10-04 08:29:04,701 : INFO : EventManager : Event: ======'machine_var_audits_switches_s_popBumper_3'====== Args={'value': 162, 'prev_value': None, 'change': True}
2020-10-04 08:29:04,701 : INFO : EventManager : Event: ======'machine_var_audits_switches_s_pop_bumper1'====== Args={'value': 120, 'prev_value': None, 'change': True}
2020-10-04 08:29:04,702 : INFO : EventManager : Event: ======'machine_var_audits_switches_s_pop_bumper2'====== Args={'value': 153, 'prev_value': None, 'change': True}
2020-10-04 08:29:04,703 : INFO : EventManager : Event: ======'machine_var_audits_switches_s_pop_bumper3'====== Args={'value': 100, 'prev_value': None, 'change': True}
2020-10-04 08:29:04,704 : INFO : EventManager : Event: ======'machine_var_audits_switches_s_right_flipper'====== Args={'value': 216, 'prev_value': None, 'change': True}
2020-10-04 08:29:04,705 : INFO : EventManager : Event: ======'machine_var_audits_switches_s_sling_L'====== Args={'value': 0, 'prev_value': None, 'change': True}
2020-10-04 08:29:04,706 : INFO : EventManager : Event: ======'machine_var_audits_switches_s_sling_R'====== Args={'value': 0, 'prev_value': None, 'change': True}
2020-10-04 08:29:04,707 : INFO : EventManager : Event: ======'machine_var_audits_switches_s_soul_L'====== Args={'value': 97, 'prev_value': None, 'change': True}
2020-10-04 08:29:04,708 : INFO : EventManager : Event: ======'machine_var_audits_switches_s_soul_O'====== Args={'value': 107, 'prev_value': None, 'change': True}
2020-10-04 08:29:04,709 : INFO : EventManager : Event: ======'machine_var_audits_switches_s_soul_S'====== Args={'value': 117, 'prev_value': None, 'change': True}
2020-10-04 08:29:04,710 : INFO : EventManager : Event: ======'machine_var_audits_switches_s_soul_U'====== Args={'value': 100, 'prev_value': None, 'change': True}
2020-10-04 08:29:04,711 : INFO : EventManager : Event: ======'machine_var_audits_switches_s_standUp_1'====== Args={'value': 0, 'prev_value': None, 'change': True}
2020-10-04 08:29:04,712 : INFO : EventManager : Event: ======'machine_var_audits_switches_s_standUp_2'====== Args={'value': 0, 'prev_value': None, 'change': True}
2020-10-04 08:29:04,713 : INFO : EventManager : Event: ======'machine_var_audits_switches_s_standUp_3'====== Args={'value': 0, 'prev_value': None, 'change': True}
2020-10-04 08:29:04,714 : INFO : EventManager : Event: ======'machine_var_audits_switches_s_standUp_R'====== Args={'value': 0, 'prev_value': None, 'change': True}
2020-10-04 08:29:04,715 : INFO : EventManager : Event: ======'machine_var_audits_switches_s_star_1'====== Args={'value': 0, 'prev_value': None, 'change': True}
2020-10-04 08:29:04,717 : INFO : EventManager : Event: ======'machine_var_audits_switches_s_star_2'====== Args={'value': 0, 'prev_value': None, 'change': True}
2020-10-04 08:29:04,718 : INFO : EventManager : Event: ======'machine_var_audits_switches_s_star_3'====== Args={'value': 0, 'prev_value': None, 'change': True}
2020-10-04 08:29:04,718 : INFO : EventManager : Event: ======'machine_var_audits_switches_s_start'====== Args={'value': 68, 'prev_value': None, 'change': True}
2020-10-04 08:29:04,720 : INFO : EventManager : Event: ======'machine_var_audits_switches_s_tilt'====== Args={'value': 0, 'prev_value': None, 'change': True}
2020-10-04 08:29:04,721 : INFO : EventManager : Event: ======'machine_var_audits_switches_s_trough1'====== Args={'value': 508, 'prev_value': None, 'change': True}
2020-10-04 08:29:04,723 : INFO : EventManager : Event: ======'machine_var_audits_switches_s_trough2'====== Args={'value': 72, 'prev_value': None, 'change': True}
2020-10-04 08:29:04,724 : INFO : EventManager : Event: ======'machine_var_audits_switches_s_trough_jam'====== Args={'value': 13, 'prev_value': None, 'change': True}
2020-10-04 08:29:04,725 : INFO : EventManager : Event: ======'init_phase_5'====== Args={}
2020-10-04 08:29:04,757 : INFO : EventManager : Event: ======'init_done'====== Args={}
2020-10-04 08:29:04,758 : INFO : EventManager : Event: ======'machine_reset_phase_1'====== Args={}
2020-10-04 08:29:04,769 : INFO : EventManager : Event: ======'slide_welcome_slide_removed'====== Args={'_from_bcp': True}
2020-10-04 08:29:04,774 : INFO : EventManager : Event: ======'slide_welcome_slide_created'====== Args={'_from_bcp': True}
2020-10-04 08:29:04,778 : INFO : EventManager : Event: ======'machine_reset_phase_2'====== Args={}
2020-10-04 08:29:04,779 : INFO : EventManager : Event: ======'machine_reset_phase_3'====== Args={}
2020-10-04 08:29:04,779 : INFO : drop_target_bank.cup_bank : All targets are already up. Will not reset bank.
2020-10-04 08:29:04,779 : INFO : drop_target_bank.mug_bank : All targets are already up. Will not reset bank.
2020-10-04 08:29:04,779 : INFO : EventManager : Event: ======'reset_complete'====== Args={}
2020-10-04 08:29:04,780 : INFO : EventManager : Event: ======'mode_attract_will_start'====== Args={}
2020-10-04 08:29:04,782 : INFO : EventManager : Event: ======'mode_attract_starting'====== Args={}
2020-10-04 08:29:04,783 : INFO : Mode.attract : Started. Priority: 10
2020-10-04 08:29:04,783 : INFO : EventManager : Event: ======'modes_active_modes_changed'====== Args={}
2020-10-04 08:29:04,784 : INFO : EventManager : Event: ======'mode_attract_started'====== Args={}
2020-10-04 08:29:04,789 : INFO : EventManager : Event: ======'collecting_balls_complete'====== Args={}
2020-10-04 08:29:04,846 : INFO : EventManager : Event: ======'slide_welcome_slide_active'====== Args={'_from_bcp': True}
2020-10-04 08:29:04,847 : INFO : EventManager : Event: ======'slide_awesome_slide_created'====== Args={'_from_bcp': True}
2020-10-04 08:29:04,847 : INFO : EventManager : Event: ======'slide_awesome_slide_active'====== Args={'_from_bcp': True}
2020-10-04 08:29:04,848 : INFO : Machine : Starting the main run loop.
2020-10-04 08:29:05,292 : INFO : SwitchController : <<<<<<< 's_start' active >>>>>>>
2020-10-04 08:29:05,521 : INFO : SwitchController : <<<<<<< 's_start' inactive >>>>>>>
2020-10-04 08:29:05,521 : INFO : EventManager : Event: ======'request_to_start_game'====== Args={}
2020-10-04 08:29:05,522 : INFO : EventManager : Event: ======'game_start'====== Args={'buttons': [], 'hold_time': 0.21899999998277053}
2020-10-04 08:29:05,522 : INFO : EventManager : Event: ======'mode_game_will_start'====== Args={'buttons': [], 'hold_time': 0.21899999998277053}
2020-10-04 08:29:05,523 : INFO : EventManager : Event: ======'mode_game_starting'====== Args={'buttons': [], 'hold_time': 0.21899999998277053}
2020-10-04 08:29:05,524 : INFO : EventManager : Event: ======'mode_attract_will_stop'====== Args={}
2020-10-04 08:29:05,524 : INFO : EventManager : Event: ======'mode_attract_stopping'====== Args={}
2020-10-04 08:29:05,524 : INFO : Mode.attract : Stopped.
2020-10-04 08:29:05,524 : INFO : EventManager : Event: ======'modes_active_modes_changed'====== Args={}
2020-10-04 08:29:05,526 : INFO : EventManager : Event: ======'mode_attract_stopped'====== Args={}
2020-10-04 08:29:05,526 : INFO : EventManager : Event: ======'clear'====== Args={'key': 'attract'}
2020-10-04 08:29:05,527 : INFO : Mode.game : Started. Priority: 20
2020-10-04 08:29:05,527 : INFO : EventManager : Event: ======'modes_active_modes_changed'====== Args={}
2020-10-04 08:29:05,527 : INFO : EventManager : Event: ======'mode_game_started'====== Args={'buttons': [], 'hold_time': 0.21899999998277053}
2020-10-04 08:29:05,551 : INFO : EventManager : Event: ======'game_will_start'====== Args={}
2020-10-04 08:29:05,552 : INFO : EventManager : Event: ======'slide_awesome_slide_removed'====== Args={'_from_bcp': True}
2020-10-04 08:29:05,552 : INFO : EventManager : Event: ======'slide_welcome_slide_active'====== Args={'_from_bcp': True}
2020-10-04 08:29:05,552 : INFO : EventManager : Event: ======'game_starting'====== Args={'game': <Mode.game>}
2020-10-04 08:29:05,554 : INFO : EventManager : Event: ======'player_add_request'====== Args={}
2020-10-04 08:29:05,554 : INFO : EventManager : Event: ======'player_will_add'====== Args={'number': 1}
2020-10-04 08:29:05,555 : INFO : EventManager : Event: ======'player_adding'====== Args={'player': <Player 1>, 'number': 1}
2020-10-04 08:29:05,555 : INFO : EventManager : Event: ======'player_added'====== Args={'player': <Player 1>, 'num': 1}
2020-10-04 08:29:05,555 : INFO : Mode.game : Player added successfully. Total players: 1
2020-10-04 08:29:05,555 : INFO : EventManager : Event: ======'player_index'====== Args={'value': 0, 'prev_value': 0, 'change': 0, 'player_num': 1}
2020-10-04 08:29:05,556 : INFO : EventManager : Event: ======'player_number'====== Args={'value': 1, 'prev_value': 1, 'change': 0, 'player_num': 1}
2020-10-04 08:29:05,556 : INFO : EventManager : Event: ======'player_bonus_multiplier'====== Args={'value': 1, 'prev_value': 1, 'change': 0, 'player_num': 1}
2020-10-04 08:29:05,557 : INFO : EventManager : Event: ======'player_score'====== Args={'value': 0, 'prev_value': 0, 'change': 0, 'player_num': 1}
2020-10-04 08:29:05,557 : INFO : EventManager : Event: ======'game_started'====== Args={}
2020-10-04 08:29:05,586 : INFO : EventManager : Event: ======'player_turn_will_start'====== Args={'player': <Player 1>, 'number': 1}
2020-10-04 08:29:05,587 : INFO : EventManager : Event: ======'player_turn_starting'====== Args={'player': <Player 1>, 'number': 1}
2020-10-04 08:29:05,587 : INFO : EventManager : Event: ======'player_ball'====== Args={'value': 1, 'prev_value': 0, 'change': 1, 'player_num': 1}
2020-10-04 08:29:05,588 : INFO : EventManager : Event: ======'player_turn_started'====== Args={'player': <Player 1>, 'number': 1}
2020-10-04 08:29:05,590 : INFO : EventManager : Event: ======'ball_will_start'====== Args={'player': 1, 'ball': 1, 'balls_remaining': 4, 'is_extra_ball': False}
2020-10-04 08:29:05,610 : INFO : EventManager : Event: ======'ball_starting'====== Args={'player': 1, 'ball': 1, 'balls_remaining': 4, 'is_extra_ball': False}
2020-10-04 08:29:05,612 : INFO : EventManager : Event: ======'mode_base_will_start'====== Args={'queue': <QueuedEvent>, 'player': 1, 'ball': 1, 'balls_remaining': 4, 'is_extra_ball': False}
2020-10-04 08:29:05,616 : INFO : EventManager : Event: ======'mode_base_starting'====== Args={'queue': <QueuedEvent>, 'player': 1, 'ball': 1, 'balls_remaining': 4, 'is_extra_ball': False}
2020-10-04 08:29:05,616 : INFO : drop_target_bank.cup_bank : All targets are already up. Will not reset bank.
2020-10-04 08:29:05,616 : INFO : drop_target_bank.mug_bank : All targets are already up. Will not reset bank.
2020-10-04 08:29:05,617 : INFO : EventManager : Event: ======'balls_in_play'====== Args={'balls': 1}
2020-10-04 08:29:05,618 : INFO : EventManager : Event: ======'ball_started'====== Args={'player': 1, 'ball': 1, 'balls_remaining': 4, 'is_extra_ball': False}
2020-10-04 08:29:05,618 : INFO : BcpServer : New client connected.
2020-10-04 08:29:05,620 : INFO : EventManager : Event: ======'logicblock_bonus_updated'====== Args={'value': 0, 'enabled': True}
2020-10-04 08:29:05,620 : INFO : EventManager : Event: ======'logicblock_bonus_updated'====== Args={'value': 0, 'enabled': True}
2020-10-04 08:29:05,620 : INFO : Mode.base : Started. Priority: 100
2020-10-04 08:29:05,620 : INFO : EventManager : Event: ======'modes_active_modes_changed'====== Args={}
2020-10-04 08:29:05,620 : INFO : EventManager : Event: ======'mode_base_started'====== Args={'queue': <QueuedEvent>, 'player': 1, 'ball': 1, 'balls_remaining': 4, 'is_extra_ball': False}
2020-10-04 08:29:05,621 : INFO : EventManager : Event: ======'mode_soulLanes_will_start'====== Args={'player': 1, 'ball': 1, 'balls_remaining': 4, 'is_extra_ball': False}
2020-10-04 08:29:05,621 : INFO : EventManager : Event: ======'player_shot_soul_S_enabled'====== Args={'value': True, 'prev_value': 0, 'change': 1, 'player_num': 1}
2020-10-04 08:29:05,622 : INFO : EventManager : Event: ======'player_shot_soul_O_enabled'====== Args={'value': True, 'prev_value': 0, 'change': 1, 'player_num': 1}
2020-10-04 08:29:05,626 : INFO : EventManager : Event: ======'player_shot_soul_U_enabled'====== Args={'value': True, 'prev_value': 0, 'change': 1, 'player_num': 1}
2020-10-04 08:29:05,627 : INFO : EventManager : Event: ======'player_shot_soul_L_enabled'====== Args={'value': True, 'prev_value': 0, 'change': 1, 'player_num': 1}
2020-10-04 08:29:05,629 : INFO : EventManager : Event: ======'soul_lanes_complete'====== Args={'state': 'unlit'}
2020-10-04 08:29:05,629 : INFO : EventManager : Event: ======'soul_lanes_unlit_complete'====== Args={}
2020-10-04 08:29:05,631 : INFO : EventManager : Event: ======'mode_soulLanes_starting'====== Args={'player': 1, 'ball': 1, 'balls_remaining': 4, 'is_extra_ball': False}
2020-10-04 08:29:05,689 : INFO : EventManager : Event: ======'logicblock_soul_complete_count_updated'====== Args={'value': 1, 'enabled': True}
2020-10-04 08:29:05,690 : INFO : EventManager : Event: ======'logicblock_soul_complete_count_updated'====== Args={'value': 1, 'enabled': True}
2020-10-04 08:29:05,691 : INFO : Mode.soulLanes : Started. Priority: 110
2020-10-04 08:29:05,691 : INFO : EventManager : Event: ======'modes_active_modes_changed'====== Args={}
2020-10-04 08:29:05,692 : INFO : EventManager : Event: ======'mode_soulLanes_started'====== Args={'player': 1, 'ball': 1, 'balls_remaining': 4, 'is_extra_ball': False}
2020-10-04 08:29:05,694 : INFO : EventManager : Event: ======'single_player_ball_started'====== Args={}
2020-10-04 08:29:05,754 : INFO : EventManager : Event: ======'slide_base.slide_player-mode_base_started_created'====== Args={'_from_bcp': True}
2020-10-04 08:29:05,755 : INFO : EventManager : Event: ======'slide_base.slide_player-mode_base_started_active'====== Args={'_from_bcp': True}
2020-10-04 08:29:05,757 : INFO : ball_device.bd_plunger : Setting up player-controlled eject. Balls: 1, Target: <playfield.playfield>, player_controlled_eject_event: None
2020-10-04 08:29:05,759 : INFO : EventManager : Event: ======'balldevice_balls_available'====== Args={}
2020-10-04 08:29:05,812 : INFO : ball_device.bd_trough : State: waiting_for_target_ready
2020-10-04 08:29:05,813 : INFO : EventManager : Event: ======'balldevice_bd_trough_ball_eject_attempt'====== Args={'balls': 1, 'target': <ball_device.bd_plunger>, 'source': <ball_device.bd_trough>, 'mechanical_eject': True, 'num_attempts': 0}
2020-10-04 08:29:05,814 : INFO : ball_device.bd_plunger : State: waiting_for_ball
2020-10-04 08:29:05,816 : INFO : ball_device.bd_trough : State: ejecting
2020-10-04 08:29:05,818 : INFO : ball_device.bd_trough : Ejecting ball to <ball_device.bd_plunger>
2020-10-04 08:29:05,820 : INFO : EventManager : Event: ======'balldevice_bd_trough_ejecting_ball'====== Args={'balls': 1, 'target': <ball_device.bd_plunger>, 'source': <ball_device.bd_trough>, 'mechanical_eject': True, 'num_attempts': 0}
2020-10-04 08:29:05,822 : INFO : ball_device.bd_trough : Wait for ball to leave device
2020-10-04 08:29:05,823 : INFO : coil.c_trough_eject : Pulsing Driver for 20ms (1.0 pulse_power)
2020-10-04 08:29:05,824 : INFO : SwitchController : <<<<<<< 's_trough1' inactive >>>>>>>
2020-10-04 08:29:05,845 : INFO : ball_device.bd_trough : State: ball_left
2020-10-04 08:29:05,845 : INFO : ball_device.bd_trough : Ball left
2020-10-04 08:29:05,845 : INFO : ball_device.bd_trough : Wait for confirm with timeout 10.0
2020-10-04 08:29:05,926 : INFO : SwitchController : <<<<<<< 's_plunger' active >>>>>>>
2020-10-04 08:29:05,926 : INFO : EventManager : Event: ======'machine_var_audits_switches_s_plunger'====== Args={'value': 541, 'prev_value': 540, 'change': 1}
2020-10-04 08:29:06,419 : INFO : ball_device.bd_plunger : Received ball from <ball_device.bd_trough>
2020-10-04 08:29:06,419 : INFO : EventManager : Event: ======'balldevice_bd_plunger_ball_enter'====== Args={'new_balls': 1, 'unclaimed_balls': 0, 'new_available_balls': 0, 'device': <ball_device.bd_plunger>}
2020-10-04 08:29:06,420 : INFO : EventManager : Event: ======'balldevice_bd_plunger_ball_entered'====== Args={'new_balls': 0, 'device': <ball_device.bd_plunger>}
2020-10-04 08:29:06,421 : INFO : EventManager : Event: ======'balldevice_bd_plunger_ball_count_changed'====== Args={'balls': 1}
2020-10-04 08:29:06,422 : INFO : ball_device.bd_trough : Got eject confirm
2020-10-04 08:29:06,422 : INFO : ball_device.bd_trough : Eject successful
2020-10-04 08:29:06,422 : INFO : EventManager : Event: ======'balldevice_bd_trough_ball_eject_success'====== Args={'balls': 1, 'target': <ball_device.bd_plunger>}
2020-10-04 08:29:06,423 : INFO : EventManager : Event: ======'balldevice_bd_trough_ball_count_changed'====== Args={'balls': 1}
2020-10-04 08:29:06,424 : INFO : ball_device.bd_trough : State: idle
2020-10-04 08:29:06,425 : INFO : ball_device.bd_plunger : State: waiting_for_target_ready
2020-10-04 08:29:06,426 : INFO : EventManager : Event: ======'balldevice_bd_plunger_ball_eject_attempt'====== Args={'balls': 1, 'target': <playfield.playfield>, 'source': <ball_device.bd_plunger>, 'mechanical_eject': True, 'num_attempts': 0}
2020-10-04 08:29:06,427 : INFO : ball_device.bd_plunger : State: ejecting
2020-10-04 08:29:06,427 : INFO : ball_device.bd_plunger : Ejecting ball to <playfield.playfield>
2020-10-04 08:29:06,428 : INFO : EventManager : Event: ======'balldevice_bd_plunger_ejecting_ball'====== Args={'balls': 1, 'target': <playfield.playfield>, 'source': <ball_device.bd_plunger>, 'mechanical_eject': True, 'num_attempts': 0}
2020-10-04 08:29:06,430 : INFO : ball_device.bd_plunger : Wait for ball to leave device
2020-10-04 08:29:07,182 : INFO : SwitchController : <<<<<<< 's_plunger' inactive >>>>>>>
2020-10-04 08:29:07,205 : INFO : ball_device.bd_plunger : State: ball_left
2020-10-04 08:29:07,205 : INFO : ball_device.bd_plunger : Ball left
2020-10-04 08:29:07,205 : INFO : ball_device.bd_plunger : Wait for confirm with timeout 10.0
2020-10-04 08:29:09,092 : INFO : SwitchController : <<<<<<< 's_exit_shooter_lane' active >>>>>>>
2020-10-04 08:29:09,093 : INFO : EventManager : Event: ======'sw_playfield_active'====== Args={}
2020-10-04 08:29:09,094 : INFO : EventManager : Event: ======'machine_var_audits_switches_s_exit_shooter_lane'====== Args={'value': 353, 'prev_value': 352, 'change': 1}
2020-10-04 08:29:09,098 : INFO : EventManager : Event: ======'playfield_active'====== Args={}
2020-10-04 08:29:09,173 : INFO : ball_device.bd_plunger : Got eject confirm
2020-10-04 08:29:09,174 : INFO : ball_device.bd_plunger : Eject successful
2020-10-04 08:29:09,174 : INFO : EventManager : Event: ======'balldevice_bd_plunger_ball_eject_success'====== Args={'balls': 1, 'target': <playfield.playfield>}
2020-10-04 08:29:09,174 : INFO : EventManager : Event: ======'balldevice_playfield_ball_enter'====== Args={'new_balls': 1, 'unclaimed_balls': 1, 'device': <playfield.playfield>}
2020-10-04 08:29:09,175 : INFO : EventManager : Event: ======'playfield_ball_count_change'====== Args={'balls': 1, 'change': 1}
2020-10-04 08:29:09,177 : INFO : EventManager : Event: ======'balldevice_bd_plunger_ball_count_changed'====== Args={'balls': 0}
2020-10-04 08:29:09,177 : INFO : ball_device.bd_plunger : State: idle
2020-10-04 08:29:09,389 : INFO : SwitchController : <<<<<<< 's_exit_shooter_lane' inactive >>>>>>>
2020-10-04 08:29:09,953 : INFO : SwitchController : <<<<<<< 's_soul_S' active >>>>>>>
2020-10-04 08:29:09,953 : INFO : EventManager : Event: ======'s_soul_S_active'====== Args={}
2020-10-04 08:29:09,954 : INFO : EventManager : Event: ======'machine_var_audits_switches_s_soul_S'====== Args={'value': 118, 'prev_value': 117, 'change': 1}
2020-10-04 08:29:09,956 : INFO : EventManager : Event: ======'player_shot_soul_S'====== Args={'value': 1, 'prev_value': 0, 'change': 1, 'player_num': 1}
2020-10-04 08:29:09,957 : INFO : EventManager : Event: ======'machine_var_audits_shots_soul_S'====== Args={'value': 118, 'prev_value': 117, 'change': 1}
2020-10-04 08:29:09,959 : INFO : EventManager : Event: ======'soul_S_hit'====== Args={'profile': 'default', 'state': 'unlit', 'advancing': True}
2020-10-04 08:29:09,959 : INFO : EventManager : Event: ======'soul_S_default_hit'====== Args={'profile': 'default', 'state': 'unlit', 'advancing': True}
2020-10-04 08:29:09,960 : INFO : EventManager : Event: ======'soul_S_default_unlit_hit'====== Args={'profile': 'default', 'state': 'unlit', 'advancing': True}
2020-10-04 08:29:09,960 : INFO : EventManager : Event: ======'soul_S_unlit_hit'====== Args={'profile': 'default', 'state': 'unlit', 'advancing': True}
2020-10-04 08:29:09,961 : INFO : EventManager : Event: ======'player_score'====== Args={'value': 10, 'prev_value': 0, 'change': 10, 'player_num': 1}
2020-10-04 08:29:09,961 : INFO : EventManager : Event: ======'soul_lanes_hit'====== Args={}
2020-10-04 08:29:09,962 : INFO : EventManager : Event: ======'soul_lanes_unlit_hit'====== Args={}
2020-10-04 08:29:10,133 : INFO : SwitchController : <<<<<<< 's_soul_S' inactive >>>>>>>
2020-10-04 08:29:10,748 : INFO : SwitchController : <<<<<<< 's_soul_O' active >>>>>>>
2020-10-04 08:29:10,749 : INFO : EventManager : Event: ======'s_soul_O_active'====== Args={}
2020-10-04 08:29:10,749 : INFO : EventManager : Event: ======'machine_var_audits_switches_s_soul_O'====== Args={'value': 108, 'prev_value': 107, 'change': 1}
2020-10-04 08:29:10,751 : INFO : EventManager : Event: ======'player_shot_soul_O'====== Args={'value': 1, 'prev_value': 0, 'change': 1, 'player_num': 1}
2020-10-04 08:29:10,754 : INFO : EventManager : Event: ======'machine_var_audits_shots_soul_O'====== Args={'value': 103, 'prev_value': 102, 'change': 1}
2020-10-04 08:29:10,755 : INFO : EventManager : Event: ======'soul_O_hit'====== Args={'profile': 'default', 'state': 'unlit', 'advancing': True}
2020-10-04 08:29:10,755 : INFO : EventManager : Event: ======'soul_O_default_hit'====== Args={'profile': 'default', 'state': 'unlit', 'advancing': True}
2020-10-04 08:29:10,756 : INFO : EventManager : Event: ======'soul_O_default_unlit_hit'====== Args={'profile': 'default', 'state': 'unlit', 'advancing': True}
2020-10-04 08:29:10,756 : INFO : EventManager : Event: ======'soul_O_unlit_hit'====== Args={'profile': 'default', 'state': 'unlit', 'advancing': True}
2020-10-04 08:29:10,757 : INFO : EventManager : Event: ======'player_score'====== Args={'value': 20, 'prev_value': 10, 'change': 10, 'player_num': 1}
2020-10-04 08:29:10,758 : INFO : EventManager : Event: ======'soul_lanes_hit'====== Args={}
2020-10-04 08:29:10,759 : INFO : EventManager : Event: ======'soul_lanes_unlit_hit'====== Args={}
2020-10-04 08:29:10,914 : INFO : SwitchController : <<<<<<< 's_soul_O' inactive >>>>>>>
2020-10-04 08:29:11,218 : INFO : SwitchController : <<<<<<< 's_soul_U' active >>>>>>>
2020-10-04 08:29:11,219 : INFO : EventManager : Event: ======'s_soul_U_active'====== Args={}
2020-10-04 08:29:11,219 : INFO : EventManager : Event: ======'machine_var_audits_switches_s_soul_U'====== Args={'value': 101, 'prev_value': 100, 'change': 1}
2020-10-04 08:29:11,221 : INFO : EventManager : Event: ======'player_shot_soul_U'====== Args={'value': 1, 'prev_value': 0, 'change': 1, 'player_num': 1}
2020-10-04 08:29:11,223 : INFO : EventManager : Event: ======'machine_var_audits_shots_soul_U'====== Args={'value': 101, 'prev_value': 100, 'change': 1}
2020-10-04 08:29:11,225 : INFO : EventManager : Event: ======'soul_U_hit'====== Args={'profile': 'default', 'state': 'unlit', 'advancing': True}
2020-10-04 08:29:11,225 : INFO : EventManager : Event: ======'soul_U_default_hit'====== Args={'profile': 'default', 'state': 'unlit', 'advancing': True}
2020-10-04 08:29:11,226 : INFO : EventManager : Event: ======'soul_U_default_unlit_hit'====== Args={'profile': 'default', 'state': 'unlit', 'advancing': True}
2020-10-04 08:29:11,226 : INFO : EventManager : Event: ======'soul_U_unlit_hit'====== Args={'profile': 'default', 'state': 'unlit', 'advancing': True}
2020-10-04 08:29:11,227 : INFO : EventManager : Event: ======'player_score'====== Args={'value': 30, 'prev_value': 20, 'change': 10, 'player_num': 1}
2020-10-04 08:29:11,227 : INFO : EventManager : Event: ======'soul_lanes_hit'====== Args={}
2020-10-04 08:29:11,228 : INFO : EventManager : Event: ======'soul_lanes_unlit_hit'====== Args={}
2020-10-04 08:29:11,374 : INFO : SwitchController : <<<<<<< 's_soul_U' inactive >>>>>>>
2020-10-04 08:29:11,919 : INFO : SwitchController : <<<<<<< 's_soul_L' active >>>>>>>
2020-10-04 08:29:11,920 : INFO : EventManager : Event: ======'s_soul_L_active'====== Args={}
2020-10-04 08:29:11,920 : INFO : EventManager : Event: ======'machine_var_audits_switches_s_soul_L'====== Args={'value': 98, 'prev_value': 97, 'change': 1}
2020-10-04 08:29:11,923 : INFO : EventManager : Event: ======'player_shot_soul_L'====== Args={'value': 1, 'prev_value': 0, 'change': 1, 'player_num': 1}
2020-10-04 08:29:11,924 : INFO : EventManager : Event: ======'machine_var_audits_shots_soul_L'====== Args={'value': 97, 'prev_value': 96, 'change': 1}
2020-10-04 08:29:11,927 : INFO : EventManager : Event: ======'soul_L_hit'====== Args={'profile': 'default', 'state': 'unlit', 'advancing': True}
2020-10-04 08:29:11,927 : INFO : EventManager : Event: ======'soul_L_default_hit'====== Args={'profile': 'default', 'state': 'unlit', 'advancing': True}
2020-10-04 08:29:11,928 : INFO : EventManager : Event: ======'soul_L_default_unlit_hit'====== Args={'profile': 'default', 'state': 'unlit', 'advancing': True}
2020-10-04 08:29:11,928 : INFO : EventManager : Event: ======'soul_L_unlit_hit'====== Args={'profile': 'default', 'state': 'unlit', 'advancing': True}
2020-10-04 08:29:11,929 : INFO : EventManager : Event: ======'player_score'====== Args={'value': 40, 'prev_value': 30, 'change': 10, 'player_num': 1}
2020-10-04 08:29:11,929 : INFO : EventManager : Event: ======'soul_lanes_complete'====== Args={'state': 'lit'}
2020-10-04 08:29:11,930 : INFO : EventManager : Event: ======'soul_lanes_lit_complete'====== Args={}
2020-10-04 08:29:11,930 : INFO : EventManager : Event: ======'soul_lanes_hit'====== Args={}
2020-10-04 08:29:11,931 : INFO : EventManager : Event: ======'soul_lanes_unlit_hit'====== Args={}
2020-10-04 08:29:11,931 : INFO : EventManager : Event: ======'player_score'====== Args={'value': 1040, 'prev_value': 40, 'change': 1000, 'player_num': 1}
2020-10-04 08:29:11,932 : INFO : EventManager : Event: ======'logicblock_soul_complete_count_updated'====== Args={'value': 2, 'enabled': True}
2020-10-04 08:29:11,932 : INFO : EventManager : Event: ======'soul_lanes_done'====== Args={'count': 2}
2020-10-04 08:29:11,934 : INFO : EventManager : Event: ======'player_bonus_multiplier'====== Args={'value': 2, 'prev_value': 1, 'change': 1, 'player_num': 1}
2020-10-04 08:29:12,088 : INFO : SwitchController : <<<<<<< 's_soul_L' inactive >>>>>>>
2020-10-04 08:29:12,931 : INFO : EventManager : Event: ======'player_shot_soul_S'====== Args={'value': 0, 'prev_value': 1, 'change': -1, 'player_num': 1}
2020-10-04 08:29:12,932 : INFO : EventManager : Event: ======'player_shot_soul_O'====== Args={'value': 0, 'prev_value': 1, 'change': -1, 'player_num': 1}
2020-10-04 08:29:12,934 : INFO : EventManager : Event: ======'player_shot_soul_U'====== Args={'value': 0, 'prev_value': 1, 'change': -1, 'player_num': 1}
2020-10-04 08:29:12,936 : INFO : EventManager : Event: ======'player_shot_soul_L'====== Args={'value': 0, 'prev_value': 1, 'change': -1, 'player_num': 1}
2020-10-04 08:29:12,977 : INFO : SwitchController : <<<<<<< 's_soul_S' active >>>>>>>
2020-10-04 08:29:12,978 : INFO : EventManager : Event: ======'s_soul_S_active'====== Args={}
2020-10-04 08:29:12,978 : INFO : EventManager : Event: ======'machine_var_audits_switches_s_soul_S'====== Args={'value': 119, 'prev_value': 118, 'change': 1}
2020-10-04 08:29:12,980 : INFO : EventManager : Event: ======'player_shot_soul_S'====== Args={'value': 1, 'prev_value': 0, 'change': 1, 'player_num': 1}
2020-10-04 08:29:12,981 : INFO : EventManager : Event: ======'machine_var_audits_shots_soul_S'====== Args={'value': 119, 'prev_value': 118, 'change': 1}
2020-10-04 08:29:12,982 : INFO : EventManager : Event: ======'soul_S_hit'====== Args={'profile': 'default', 'state': 'unlit', 'advancing': True}
2020-10-04 08:29:12,983 : INFO : EventManager : Event: ======'soul_S_default_hit'====== Args={'profile': 'default', 'state': 'unlit', 'advancing': True}
2020-10-04 08:29:12,984 : INFO : EventManager : Event: ======'soul_S_default_unlit_hit'====== Args={'profile': 'default', 'state': 'unlit', 'advancing': True}
2020-10-04 08:29:12,984 : INFO : EventManager : Event: ======'soul_S_unlit_hit'====== Args={'profile': 'default', 'state': 'unlit', 'advancing': True}
2020-10-04 08:29:12,985 : INFO : EventManager : Event: ======'player_score'====== Args={'value': 1050, 'prev_value': 1040, 'change': 10, 'player_num': 1}
2020-10-04 08:29:12,985 : INFO : EventManager : Event: ======'soul_lanes_hit'====== Args={}
2020-10-04 08:29:12,986 : INFO : EventManager : Event: ======'soul_lanes_unlit_hit'====== Args={}
2020-10-04 08:29:13,184 : INFO : SwitchController : <<<<<<< 's_soul_S' inactive >>>>>>>
2020-10-04 08:29:14,388 : INFO : SwitchController : <<<<<<< 's_soul_O' active >>>>>>>
2020-10-04 08:29:14,389 : INFO : EventManager : Event: ======'s_soul_O_active'====== Args={}
2020-10-04 08:29:14,389 : INFO : EventManager : Event: ======'machine_var_audits_switches_s_soul_O'====== Args={'value': 109, 'prev_value': 108, 'change': 1}
2020-10-04 08:29:14,391 : INFO : EventManager : Event: ======'player_shot_soul_O'====== Args={'value': 1, 'prev_value': 0, 'change': 1, 'player_num': 1}
2020-10-04 08:29:14,392 : INFO : EventManager : Event: ======'machine_var_audits_shots_soul_O'====== Args={'value': 104, 'prev_value': 103, 'change': 1}
2020-10-04 08:29:14,393 : INFO : EventManager : Event: ======'soul_O_hit'====== Args={'profile': 'default', 'state': 'unlit', 'advancing': True}
2020-10-04 08:29:14,394 : INFO : EventManager : Event: ======'soul_O_default_hit'====== Args={'profile': 'default', 'state': 'unlit', 'advancing': True}
2020-10-04 08:29:14,394 : INFO : EventManager : Event: ======'soul_O_default_unlit_hit'====== Args={'profile': 'default', 'state': 'unlit', 'advancing': True}
2020-10-04 08:29:14,394 : INFO : EventManager : Event: ======'soul_O_unlit_hit'====== Args={'profile': 'default', 'state': 'unlit', 'advancing': True}
2020-10-04 08:29:14,395 : INFO : EventManager : Event: ======'player_score'====== Args={'value': 1060, 'prev_value': 1050, 'change': 10, 'player_num': 1}
2020-10-04 08:29:14,395 : INFO : EventManager : Event: ======'soul_lanes_hit'====== Args={}
2020-10-04 08:29:14,396 : INFO : EventManager : Event: ======'soul_lanes_unlit_hit'====== Args={}
2020-10-04 08:29:14,554 : INFO : SwitchController : <<<<<<< 's_soul_O' inactive >>>>>>>
2020-10-04 08:29:15,010 : INFO : SwitchController : <<<<<<< 's_soul_U' active >>>>>>>
2020-10-04 08:29:15,011 : INFO : EventManager : Event: ======'s_soul_U_active'====== Args={}
2020-10-04 08:29:15,011 : INFO : EventManager : Event: ======'machine_var_audits_switches_s_soul_U'====== Args={'value': 102, 'prev_value': 101, 'change': 1}
2020-10-04 08:29:15,013 : INFO : EventManager : Event: ======'player_shot_soul_U'====== Args={'value': 1, 'prev_value': 0, 'change': 1, 'player_num': 1}
2020-10-04 08:29:15,015 : INFO : EventManager : Event: ======'machine_var_audits_shots_soul_U'====== Args={'value': 102, 'prev_value': 101, 'change': 1}
2020-10-04 08:29:15,016 : INFO : EventManager : Event: ======'soul_U_hit'====== Args={'profile': 'default', 'state': 'unlit', 'advancing': True}
2020-10-04 08:29:15,017 : INFO : EventManager : Event: ======'soul_U_default_hit'====== Args={'profile': 'default', 'state': 'unlit', 'advancing': True}
2020-10-04 08:29:15,017 : INFO : EventManager : Event: ======'soul_U_default_unlit_hit'====== Args={'profile': 'default', 'state': 'unlit', 'advancing': True}
2020-10-04 08:29:15,018 : INFO : EventManager : Event: ======'soul_U_unlit_hit'====== Args={'profile': 'default', 'state': 'unlit', 'advancing': True}
2020-10-04 08:29:15,019 : INFO : EventManager : Event: ======'player_score'====== Args={'value': 1070, 'prev_value': 1060, 'change': 10, 'player_num': 1}
2020-10-04 08:29:15,020 : INFO : EventManager : Event: ======'soul_lanes_hit'====== Args={}
2020-10-04 08:29:15,021 : INFO : EventManager : Event: ======'soul_lanes_unlit_hit'====== Args={}
2020-10-04 08:29:15,172 : INFO : SwitchController : <<<<<<< 's_soul_U' inactive >>>>>>>
2020-10-04 08:29:17,788 : INFO : SwitchController : <<<<<<< 's_soul_L' active >>>>>>>
2020-10-04 08:29:17,789 : INFO : EventManager : Event: ======'s_soul_L_active'====== Args={}
2020-10-04 08:29:17,790 : INFO : EventManager : Event: ======'machine_var_audits_switches_s_soul_L'====== Args={'value': 99, 'prev_value': 98, 'change': 1}
2020-10-04 08:29:17,791 : INFO : EventManager : Event: ======'player_shot_soul_L'====== Args={'value': 1, 'prev_value': 0, 'change': 1, 'player_num': 1}
2020-10-04 08:29:17,792 : INFO : EventManager : Event: ======'machine_var_audits_shots_soul_L'====== Args={'value': 98, 'prev_value': 97, 'change': 1}
2020-10-04 08:29:17,805 : INFO : EventManager : Event: ======'soul_L_hit'====== Args={'profile': 'default', 'state': 'unlit', 'advancing': True}
2020-10-04 08:29:17,805 : INFO : EventManager : Event: ======'soul_L_default_hit'====== Args={'profile': 'default', 'state': 'unlit', 'advancing': True}
2020-10-04 08:29:17,806 : INFO : EventManager : Event: ======'soul_L_default_unlit_hit'====== Args={'profile': 'default', 'state': 'unlit', 'advancing': True}
2020-10-04 08:29:17,806 : INFO : EventManager : Event: ======'soul_L_unlit_hit'====== Args={'profile': 'default', 'state': 'unlit', 'advancing': True}
2020-10-04 08:29:17,807 : INFO : EventManager : Event: ======'player_score'====== Args={'value': 1080, 'prev_value': 1070, 'change': 10, 'player_num': 1}
2020-10-04 08:29:17,808 : INFO : EventManager : Event: ======'soul_lanes_complete'====== Args={'state': 'lit'}
2020-10-04 08:29:17,809 : INFO : EventManager : Event: ======'soul_lanes_lit_complete'====== Args={}
2020-10-04 08:29:17,810 : INFO : EventManager : Event: ======'soul_lanes_hit'====== Args={}
2020-10-04 08:29:17,810 : INFO : EventManager : Event: ======'soul_lanes_unlit_hit'====== Args={}
2020-10-04 08:29:17,810 : INFO : EventManager : Event: ======'player_score'====== Args={'value': 2080, 'prev_value': 1080, 'change': 1000, 'player_num': 1}
2020-10-04 08:29:17,811 : INFO : EventManager : Event: ======'logicblock_soul_complete_count_updated'====== Args={'value': 3, 'enabled': True}
2020-10-04 08:29:17,812 : INFO : EventManager : Event: ======'soul_lanes_done'====== Args={'count': 3}
2020-10-04 08:29:17,813 : INFO : EventManager : Event: ======'player_bonus_multiplier'====== Args={'value': 3, 'prev_value': 2, 'change': 1, 'player_num': 1}
2020-10-04 08:29:17,995 : INFO : SwitchController : <<<<<<< 's_soul_L' inactive >>>>>>>
2020-10-04 08:29:18,830 : INFO : EventManager : Event: ======'player_shot_soul_S'====== Args={'value': 0, 'prev_value': 1, 'change': -1, 'player_num': 1}
2020-10-04 08:29:18,832 : INFO : EventManager : Event: ======'player_shot_soul_O'====== Args={'value': 0, 'prev_value': 1, 'change': -1, 'player_num': 1}
2020-10-04 08:29:18,834 : INFO : EventManager : Event: ======'player_shot_soul_U'====== Args={'value': 0, 'prev_value': 1, 'change': -1, 'player_num': 1}
2020-10-04 08:29:18,835 : INFO : EventManager : Event: ======'player_shot_soul_L'====== Args={'value': 0, 'prev_value': 1, 'change': -1, 'player_num': 1}
2020-10-04 08:29:19,360 : INFO : SwitchController : <<<<<<< 's_soul_S' active >>>>>>>
2020-10-04 08:29:19,360 : INFO : EventManager : Event: ======'s_soul_S_active'====== Args={}
2020-10-04 08:29:19,361 : INFO : EventManager : Event: ======'machine_var_audits_switches_s_soul_S'====== Args={'value': 120, 'prev_value': 119, 'change': 1}
2020-10-04 08:29:19,363 : INFO : EventManager : Event: ======'player_shot_soul_S'====== Args={'value': 1, 'prev_value': 0, 'change': 1, 'player_num': 1}
2020-10-04 08:29:19,365 : INFO : EventManager : Event: ======'machine_var_audits_shots_soul_S'====== Args={'value': 120, 'prev_value': 119, 'change': 1}
2020-10-04 08:29:19,367 : INFO : EventManager : Event: ======'soul_S_hit'====== Args={'profile': 'default', 'state': 'unlit', 'advancing': True}
2020-10-04 08:29:19,367 : INFO : EventManager : Event: ======'soul_S_default_hit'====== Args={'profile': 'default', 'state': 'unlit', 'advancing': True}
2020-10-04 08:29:19,368 : INFO : EventManager : Event: ======'soul_S_default_unlit_hit'====== Args={'profile': 'default', 'state': 'unlit', 'advancing': True}
2020-10-04 08:29:19,369 : INFO : EventManager : Event: ======'soul_S_unlit_hit'====== Args={'profile': 'default', 'state': 'unlit', 'advancing': True}
2020-10-04 08:29:19,369 : INFO : EventManager : Event: ======'player_score'====== Args={'value': 2090, 'prev_value': 2080, 'change': 10, 'player_num': 1}
2020-10-04 08:29:19,370 : INFO : EventManager : Event: ======'soul_lanes_hit'====== Args={}
2020-10-04 08:29:19,371 : INFO : EventManager : Event: ======'soul_lanes_unlit_hit'====== Args={}
2020-10-04 08:29:19,550 : INFO : SwitchController : <<<<<<< 's_soul_S' inactive >>>>>>>
2020-10-04 08:29:19,733 : INFO : SwitchController : <<<<<<< 's_soul_O' active >>>>>>>
2020-10-04 08:29:19,733 : INFO : EventManager : Event: ======'s_soul_O_active'====== Args={}
2020-10-04 08:29:19,734 : INFO : EventManager : Event: ======'machine_var_audits_switches_s_soul_O'====== Args={'value': 110, 'prev_value': 109, 'change': 1}
2020-10-04 08:29:19,736 : INFO : EventManager : Event: ======'player_shot_soul_O'====== Args={'value': 1, 'prev_value': 0, 'change': 1, 'player_num': 1}
2020-10-04 08:29:19,737 : INFO : EventManager : Event: ======'machine_var_audits_shots_soul_O'====== Args={'value': 105, 'prev_value': 104, 'change': 1}
2020-10-04 08:29:19,739 : INFO : EventManager : Event: ======'soul_O_hit'====== Args={'profile': 'default', 'state': 'unlit', 'advancing': True}
2020-10-04 08:29:19,739 : INFO : EventManager : Event: ======'soul_O_default_hit'====== Args={'profile': 'default', 'state': 'unlit', 'advancing': True}
2020-10-04 08:29:19,740 : INFO : EventManager : Event: ======'soul_O_default_unlit_hit'====== Args={'profile': 'default', 'state': 'unlit', 'advancing': True}
2020-10-04 08:29:19,740 : INFO : EventManager : Event: ======'soul_O_unlit_hit'====== Args={'profile': 'default', 'state': 'unlit', 'advancing': True}
2020-10-04 08:29:19,741 : INFO : EventManager : Event: ======'player_score'====== Args={'value': 2100, 'prev_value': 2090, 'change': 10, 'player_num': 1}
2020-10-04 08:29:19,742 : INFO : EventManager : Event: ======'soul_lanes_hit'====== Args={}
2020-10-04 08:29:19,743 : INFO : EventManager : Event: ======'soul_lanes_unlit_hit'====== Args={}
2020-10-04 08:29:19,892 : INFO : SwitchController : <<<<<<< 's_soul_O' inactive >>>>>>>
2020-10-04 08:29:20,607 : INFO : SwitchController : <<<<<<< 's_soul_U' active >>>>>>>
2020-10-04 08:29:20,607 : INFO : EventManager : Event: ======'s_soul_U_active'====== Args={}
2020-10-04 08:29:20,608 : INFO : EventManager : Event: ======'machine_var_audits_switches_s_soul_U'====== Args={'value': 103, 'prev_value': 102, 'change': 1}
2020-10-04 08:29:20,610 : INFO : EventManager : Event: ======'player_shot_soul_U'====== Args={'value': 1, 'prev_value': 0, 'change': 1, 'player_num': 1}
2020-10-04 08:29:20,612 : INFO : EventManager : Event: ======'machine_var_audits_shots_soul_U'====== Args={'value': 103, 'prev_value': 102, 'change': 1}
2020-10-04 08:29:20,613 : INFO : EventManager : Event: ======'soul_U_hit'====== Args={'profile': 'default', 'state': 'unlit', 'advancing': True}
2020-10-04 08:29:20,614 : INFO : EventManager : Event: ======'soul_U_default_hit'====== Args={'profile': 'default', 'state': 'unlit', 'advancing': True}
2020-10-04 08:29:20,614 : INFO : EventManager : Event: ======'soul_U_default_unlit_hit'====== Args={'profile': 'default', 'state': 'unlit', 'advancing': True}
2020-10-04 08:29:20,615 : INFO : EventManager : Event: ======'soul_U_unlit_hit'====== Args={'profile': 'default', 'state': 'unlit', 'advancing': True}
2020-10-04 08:29:20,616 : INFO : EventManager : Event: ======'player_score'====== Args={'value': 2110, 'prev_value': 2100, 'change': 10, 'player_num': 1}
2020-10-04 08:29:20,617 : INFO : EventManager : Event: ======'soul_lanes_hit'====== Args={}
2020-10-04 08:29:20,617 : INFO : EventManager : Event: ======'soul_lanes_unlit_hit'====== Args={}
2020-10-04 08:29:20,753 : INFO : SwitchController : <<<<<<< 's_soul_U' inactive >>>>>>>
2020-10-04 08:29:21,761 : INFO : SwitchController : <<<<<<< 's_soul_L' active >>>>>>>
2020-10-04 08:29:21,762 : INFO : EventManager : Event: ======'s_soul_L_active'====== Args={}
2020-10-04 08:29:21,763 : INFO : EventManager : Event: ======'machine_var_audits_switches_s_soul_L'====== Args={'value': 100, 'prev_value': 99, 'change': 1}
2020-10-04 08:29:21,765 : INFO : EventManager : Event: ======'player_shot_soul_L'====== Args={'value': 1, 'prev_value': 0, 'change': 1, 'player_num': 1}
2020-10-04 08:29:21,766 : INFO : EventManager : Event: ======'machine_var_audits_shots_soul_L'====== Args={'value': 99, 'prev_value': 98, 'change': 1}
2020-10-04 08:29:21,768 : INFO : EventManager : Event: ======'soul_L_hit'====== Args={'profile': 'default', 'state': 'unlit', 'advancing': True}
2020-10-04 08:29:21,768 : INFO : EventManager : Event: ======'soul_L_default_hit'====== Args={'profile': 'default', 'state': 'unlit', 'advancing': True}
2020-10-04 08:29:21,769 : INFO : EventManager : Event: ======'soul_L_default_unlit_hit'====== Args={'profile': 'default', 'state': 'unlit', 'advancing': True}
2020-10-04 08:29:21,769 : INFO : EventManager : Event: ======'soul_L_unlit_hit'====== Args={'profile': 'default', 'state': 'unlit', 'advancing': True}
2020-10-04 08:29:21,770 : INFO : EventManager : Event: ======'player_score'====== Args={'value': 2120, 'prev_value': 2110, 'change': 10, 'player_num': 1}
2020-10-04 08:29:21,771 : INFO : EventManager : Event: ======'soul_lanes_complete'====== Args={'state': 'lit'}
2020-10-04 08:29:21,771 : INFO : EventManager : Event: ======'soul_lanes_lit_complete'====== Args={}
2020-10-04 08:29:21,772 : INFO : EventManager : Event: ======'soul_lanes_hit'====== Args={}
2020-10-04 08:29:21,773 : INFO : EventManager : Event: ======'soul_lanes_unlit_hit'====== Args={}
2020-10-04 08:29:21,773 : INFO : EventManager : Event: ======'player_score'====== Args={'value': 3120, 'prev_value': 2120, 'change': 1000, 'player_num': 1}
2020-10-04 08:29:21,774 : INFO : EventManager : Event: ======'logicblock_soul_complete_count_updated'====== Args={'value': 4, 'enabled': True}
2020-10-04 08:29:21,775 : INFO : EventManager : Event: ======'soul_lanes_done'====== Args={'count': 4}
2020-10-04 08:29:21,777 : INFO : EventManager : Event: ======'player_bonus_multiplier'====== Args={'value': 4, 'prev_value': 3, 'change': 1, 'player_num': 1}
2020-10-04 08:29:21,955 : INFO : SwitchController : <<<<<<< 's_soul_L' inactive >>>>>>>
2020-10-04 08:29:22,767 : INFO : EventManager : Event: ======'player_shot_soul_S'====== Args={'value': 0, 'prev_value': 1, 'change': -1, 'player_num': 1}
2020-10-04 08:29:22,769 : INFO : EventManager : Event: ======'player_shot_soul_O'====== Args={'value': 0, 'prev_value': 1, 'change': -1, 'player_num': 1}
2020-10-04 08:29:22,770 : INFO : EventManager : Event: ======'player_shot_soul_U'====== Args={'value': 0, 'prev_value': 1, 'change': -1, 'player_num': 1}
2020-10-04 08:29:22,772 : INFO : EventManager : Event: ======'player_shot_soul_L'====== Args={'value': 0, 'prev_value': 1, 'change': -1, 'player_num': 1}
2020-10-04 08:29:22,908 : INFO : SwitchController : <<<<<<< 's_soul_S' active >>>>>>>
2020-10-04 08:29:22,909 : INFO : EventManager : Event: ======'s_soul_S_active'====== Args={}
2020-10-04 08:29:22,909 : INFO : EventManager : Event: ======'machine_var_audits_switches_s_soul_S'====== Args={'value': 121, 'prev_value': 120, 'change': 1}
2020-10-04 08:29:22,911 : INFO : EventManager : Event: ======'player_shot_soul_S'====== Args={'value': 1, 'prev_value': 0, 'change': 1, 'player_num': 1}
2020-10-04 08:29:22,913 : INFO : EventManager : Event: ======'machine_var_audits_shots_soul_S'====== Args={'value': 121, 'prev_value': 120, 'change': 1}
2020-10-04 08:29:22,915 : INFO : EventManager : Event: ======'soul_S_hit'====== Args={'profile': 'default', 'state': 'unlit', 'advancing': True}
2020-10-04 08:29:22,915 : INFO : EventManager : Event: ======'soul_S_default_hit'====== Args={'profile': 'default', 'state': 'unlit', 'advancing': True}
2020-10-04 08:29:22,916 : INFO : EventManager : Event: ======'soul_S_default_unlit_hit'====== Args={'profile': 'default', 'state': 'unlit', 'advancing': True}
2020-10-04 08:29:22,916 : INFO : EventManager : Event: ======'soul_S_unlit_hit'====== Args={'profile': 'default', 'state': 'unlit', 'advancing': True}
2020-10-04 08:29:22,917 : INFO : EventManager : Event: ======'player_score'====== Args={'value': 3130, 'prev_value': 3120, 'change': 10, 'player_num': 1}
2020-10-04 08:29:22,918 : INFO : EventManager : Event: ======'soul_lanes_hit'====== Args={}
2020-10-04 08:29:22,918 : INFO : EventManager : Event: ======'soul_lanes_unlit_hit'====== Args={}
2020-10-04 08:29:23,113 : INFO : SwitchController : <<<<<<< 's_soul_S' inactive >>>>>>>
2020-10-04 08:29:23,258 : INFO : SwitchController : <<<<<<< 's_soul_O' active >>>>>>>
2020-10-04 08:29:23,258 : INFO : EventManager : Event: ======'s_soul_O_active'====== Args={}
2020-10-04 08:29:23,259 : INFO : EventManager : Event: ======'machine_var_audits_switches_s_soul_O'====== Args={'value': 111, 'prev_value': 110, 'change': 1}
2020-10-04 08:29:23,261 : INFO : EventManager : Event: ======'player_shot_soul_O'====== Args={'value': 1, 'prev_value': 0, 'change': 1, 'player_num': 1}
2020-10-04 08:29:23,262 : INFO : EventManager : Event: ======'machine_var_audits_shots_soul_O'====== Args={'value': 106, 'prev_value': 105, 'change': 1}
2020-10-04 08:29:23,264 : INFO : EventManager : Event: ======'soul_O_hit'====== Args={'profile': 'default', 'state': 'unlit', 'advancing': True}
2020-10-04 08:29:23,265 : INFO : EventManager : Event: ======'soul_O_default_hit'====== Args={'profile': 'default', 'state': 'unlit', 'advancing': True}
2020-10-04 08:29:23,265 : INFO : EventManager : Event: ======'soul_O_default_unlit_hit'====== Args={'profile': 'default', 'state': 'unlit', 'advancing': True}
2020-10-04 08:29:23,266 : INFO : EventManager : Event: ======'soul_O_unlit_hit'====== Args={'profile': 'default', 'state': 'unlit', 'advancing': True}
2020-10-04 08:29:23,267 : INFO : EventManager : Event: ======'player_score'====== Args={'value': 3140, 'prev_value': 3130, 'change': 10, 'player_num': 1}
2020-10-04 08:29:23,268 : INFO : EventManager : Event: ======'soul_lanes_hit'====== Args={}
2020-10-04 08:29:23,268 : INFO : EventManager : Event: ======'soul_lanes_unlit_hit'====== Args={}
2020-10-04 08:29:23,444 : INFO : SwitchController : <<<<<<< 's_soul_O' inactive >>>>>>>
2020-10-04 08:29:23,532 : INFO : SwitchController : <<<<<<< 's_soul_U' active >>>>>>>
2020-10-04 08:29:23,532 : INFO : EventManager : Event: ======'s_soul_U_active'====== Args={}
2020-10-04 08:29:23,532 : INFO : EventManager : Event: ======'machine_var_audits_switches_s_soul_U'====== Args={'value': 104, 'prev_value': 103, 'change': 1}
2020-10-04 08:29:23,534 : INFO : EventManager : Event: ======'player_shot_soul_U'====== Args={'value': 1, 'prev_value': 0, 'change': 1, 'player_num': 1}
2020-10-04 08:29:23,535 : INFO : EventManager : Event: ======'machine_var_audits_shots_soul_U'====== Args={'value': 104, 'prev_value': 103, 'change': 1}
2020-10-04 08:29:23,537 : INFO : EventManager : Event: ======'soul_U_hit'====== Args={'profile': 'default', 'state': 'unlit', 'advancing': True}
2020-10-04 08:29:23,537 : INFO : EventManager : Event: ======'soul_U_default_hit'====== Args={'profile': 'default', 'state': 'unlit', 'advancing': True}
2020-10-04 08:29:23,538 : INFO : EventManager : Event: ======'soul_U_default_unlit_hit'====== Args={'profile': 'default', 'state': 'unlit', 'advancing': True}
2020-10-04 08:29:23,538 : INFO : EventManager : Event: ======'soul_U_unlit_hit'====== Args={'profile': 'default', 'state': 'unlit', 'advancing': True}
2020-10-04 08:29:23,538 : INFO : EventManager : Event: ======'player_score'====== Args={'value': 3150, 'prev_value': 3140, 'change': 10, 'player_num': 1}
2020-10-04 08:29:23,539 : INFO : EventManager : Event: ======'soul_lanes_hit'====== Args={}
2020-10-04 08:29:23,539 : INFO : EventManager : Event: ======'soul_lanes_unlit_hit'====== Args={}
2020-10-04 08:29:23,658 : INFO : SwitchController : <<<<<<< 's_soul_U' inactive >>>>>>>
2020-10-04 08:29:24,119 : INFO : SwitchController : <<<<<<< 's_soul_L' active >>>>>>>
2020-10-04 08:29:24,119 : INFO : EventManager : Event: ======'s_soul_L_active'====== Args={}
2020-10-04 08:29:24,120 : INFO : EventManager : Event: ======'machine_var_audits_switches_s_soul_L'====== Args={'value': 101, 'prev_value': 100, 'change': 1}
2020-10-04 08:29:24,121 : INFO : EventManager : Event: ======'player_shot_soul_L'====== Args={'value': 1, 'prev_value': 0, 'change': 1, 'player_num': 1}
2020-10-04 08:29:24,123 : INFO : EventManager : Event: ======'machine_var_audits_shots_soul_L'====== Args={'value': 100, 'prev_value': 99, 'change': 1}
2020-10-04 08:29:24,124 : INFO : EventManager : Event: ======'soul_L_hit'====== Args={'profile': 'default', 'state': 'unlit', 'advancing': True}
2020-10-04 08:29:24,125 : INFO : EventManager : Event: ======'soul_L_default_hit'====== Args={'profile': 'default', 'state': 'unlit', 'advancing': True}
2020-10-04 08:29:24,126 : INFO : EventManager : Event: ======'soul_L_default_unlit_hit'====== Args={'profile': 'default', 'state': 'unlit', 'advancing': True}
2020-10-04 08:29:24,126 : INFO : EventManager : Event: ======'soul_L_unlit_hit'====== Args={'profile': 'default', 'state': 'unlit', 'advancing': True}
2020-10-04 08:29:24,127 : INFO : EventManager : Event: ======'player_score'====== Args={'value': 3160, 'prev_value': 3150, 'change': 10, 'player_num': 1}
2020-10-04 08:29:24,128 : INFO : EventManager : Event: ======'soul_lanes_complete'====== Args={'state': 'lit'}
2020-10-04 08:29:24,129 : INFO : EventManager : Event: ======'soul_lanes_lit_complete'====== Args={}
2020-10-04 08:29:24,129 : INFO : EventManager : Event: ======'soul_lanes_hit'====== Args={}
2020-10-04 08:29:24,130 : INFO : EventManager : Event: ======'soul_lanes_unlit_hit'====== Args={}
2020-10-04 08:29:24,130 : INFO : EventManager : Event: ======'player_score'====== Args={'value': 4160, 'prev_value': 3160, 'change': 1000, 'player_num': 1}
2020-10-04 08:29:24,131 : INFO : EventManager : Event: ======'logicblock_soul_complete_count_updated'====== Args={'value': 5, 'enabled': True}
2020-10-04 08:29:24,132 : INFO : EventManager : Event: ======'soul_lanes_done'====== Args={'count': 5}
2020-10-04 08:29:24,133 : INFO : EventManager : Event: ======'player_bonus_multiplier'====== Args={'value': 5, 'prev_value': 4, 'change': 1, 'player_num': 1}
2020-10-04 08:29:24,284 : INFO : SwitchController : <<<<<<< 's_soul_L' inactive >>>>>>>
2020-10-04 08:29:25,121 : INFO : EventManager : Event: ======'player_shot_soul_S'====== Args={'value': 0, 'prev_value': 1, 'change': -1, 'player_num': 1}
2020-10-04 08:29:25,123 : INFO : EventManager : Event: ======'player_shot_soul_O'====== Args={'value': 0, 'prev_value': 1, 'change': -1, 'player_num': 1}
2020-10-04 08:29:25,124 : INFO : EventManager : Event: ======'player_shot_soul_U'====== Args={'value': 0, 'prev_value': 1, 'change': -1, 'player_num': 1}
2020-10-04 08:29:25,126 : INFO : EventManager : Event: ======'player_shot_soul_L'====== Args={'value': 0, 'prev_value': 1, 'change': -1, 'player_num': 1}
2020-10-04 08:29:28,157 : INFO : Machine : Shutting down...
2020-10-04 08:29:28,157 : INFO : EventManager : Event: ======'shutdown'====== Args={}
2020-10-04 08:29:28,157 : INFO : root : MPF run loop ended.
