2020-10-03 19:56:24,053 : kivy : Factory: 184 symbols loaded
2020-10-03 19:56:24,498 : kivy : ImageLoaderFFPy: Using ffpyplayer 4.3.1
2020-10-03 19:56:24,499 : kivy : Image: Providers: img_tex, img_dds, img_sdl2, img_pil, img_ffpyplayer, img_gif 
2020-10-03 19:56:24,710 : kivy : VideoGstplayer: Using Gstreamer 1.16.0.0
2020-10-03 19:56:24,711 : kivy : Video: Provider: gstplayer
2020-10-03 19:56:24,861 : kivy : Loading MPF-MC controller
2020-10-03 19:56:24,873 : YamlMultifileConfigLoader : Machine config file #1: config
2020-10-03 19:56:24,874 : ConfigProcessor : Config file in cache changed: c:\Pinball\Cuphead\config\config
2020-10-03 19:56:24,875 : ConfigProcessor : Loading config from file c:\users\themi\appdata\local\programs\python\python36\lib\site-packages\mpfmc\mcconfig.yaml.
2020-10-03 19:56:24,957 : ConfigProcessor : Loading config: c:\users\themi\appdata\local\programs\python\python36\lib\site-packages\mpfmc\mcconfig.yaml
2020-10-03 19:56:24,958 : ConfigProcessor : Loading config from file c:\Pinball\Cuphead\config\config.
2020-10-03 19:56:24,979 : ConfigProcessor : Loading config: c:\Pinball\Cuphead\config\config
2020-10-03 19:56:24,993 : ConfigProcessor : Loading config: c:\Pinball\Cuphead\config\keyboard.yaml
2020-10-03 19:56:25,040 : ConfigProcessor : Loading config: c:\Pinball\Cuphead\config\hwSwitches.yaml
2020-10-03 19:56:25,135 : ConfigProcessor : Loading config: c:\Pinball\Cuphead\config\hwLights.yaml
2020-10-03 19:56:25,160 : ConfigProcessor : Loading config: c:\Pinball\Cuphead\config\hwCoils.yaml
2020-10-03 19:56:25,166 : ConfigProcessor : Config file cache created: C:\Users\themi\AppData\Local\Temp\1bf5539849bfae2fda5beb863cde560d.mpf_cache
2020-10-03 19:56:25,168 : ConfigProcessor : Loading config from cache: C:\Users\themi\AppData\Local\Temp\7964e52b22911e9b68a8022172b185f3.mpf_cache
2020-10-03 19:56:25,169 : ConfigProcessor : Loading config from cache: C:\Users\themi\AppData\Local\Temp\4fcecb70f81c3c2fefb8e65ae9a0af5f.mpf_cache
2020-10-03 19:56:25,170 : ConfigProcessor : Loading config from cache: C:\Users\themi\AppData\Local\Temp\b2a05f27b99f0404929b6678617f21a2.mpf_cache
2020-10-03 19:56:25,171 : ConfigProcessor : Loading config from cache: C:\Users\themi\AppData\Local\Temp\ee661b7bde9ac1aee26ef2e16bd36711.mpf_cache
2020-10-03 19:56:25,172 : mpfmc : Mission Pinball Framework Media Controller v0.54.0-dev.20
2020-10-03 19:56:25,172 : mpfmc : Mission Pinball Framework Game Engine v0.54.0-dev.72
2020-10-03 19:56:25,172 : mpfmc : Machine path: c:\Pinball\Cuphead
2020-10-03 19:56:25,172 : mpfmc : Starting clock at 60.0Hz
2020-10-03 19:56:25,204 : kivy : Text: Provider: sdl2
2020-10-03 19:56:25,270 : kivy : Window: Provider: sdl2
2020-10-03 19:56:26,284 : kivy : GL: Using the "OpenGL" graphics system
2020-10-03 19:56:26,287 : kivy : GL: GLEW initialization succeeded
2020-10-03 19:56:26,287 : kivy : GL: Backend used <glew>
2020-10-03 19:56:26,289 : kivy : GL: OpenGL version <b'4.5.14568 Compatibility Profile Context 24.20.12050.0'>
2020-10-03 19:56:26,289 : kivy : GL: OpenGL vendor <b'ATI Technologies Inc.'>
2020-10-03 19:56:26,289 : kivy : GL: OpenGL renderer <b'AMD Radeon(TM) R4 Graphics'>
2020-10-03 19:56:26,289 : kivy : GL: OpenGL parsed version: 4, 5
2020-10-03 19:56:26,289 : kivy : GL: Shading version <b'4.50'>
2020-10-03 19:56:26,290 : kivy : GL: Texture max size <16384>
2020-10-03 19:56:26,290 : kivy : GL: Texture max units <32>
2020-10-03 19:56:26,332 : kivy : Window: auto add sdl2 input provider
2020-10-03 19:56:26,332 : kivy : Window: virtual keyboard not allowed, single mode, not docked
2020-10-03 19:56:26,348 : SoundSystem : SoundSystem: Using default 'sound_system' settings
2020-10-03 19:56:27,016 : AudioInterface : Initialized
2020-10-03 19:56:27,017 : SoundSystem : No audio tracks are specified in your machine config file. a track named 'default' has been created.
2020-10-03 19:56:27,021 : kivy : Base: Start application main loop
2020-10-03 19:56:27,023 : EventManager : Event: ======'display_window_initialized'====== Args={}
2020-10-03 19:56:27,069 : mpfmc : Display: Setting 'window' as default display
2020-10-03 19:56:27,091 : EventManager : Event: ======'displays_initialized'====== Args={}
2020-10-03 19:56:27,094 : EventManager : Event: ======'slide_window_blank_created'====== Args={}
2020-10-03 19:56:27,095 : EventManager : Event: ======'display_window_ready'====== Args={}
2020-10-03 19:56:27,118 : EventManager : Event: ======'init_phase_1'====== Args={}
2020-10-03 19:56:27,129 : EventManager : Event: ======'mc_ready'====== Args={}
2020-10-03 19:56:27,130 : EventManager : Event: ======'init_phase_2'====== Args={}
2020-10-03 19:56:27,135 : EventManager : Event: ======'init_phase_3'====== Args={}
2020-10-03 19:56:27,137 : AssetManager : Registering Asset: cupHighScore, File: cupHighScore.ogg, Default Group: default, Final Config: {'load': 'preload', 'file': 'c:\\Pinball\\Cuphead\\modes\\base\\sounds\\music\\cupHighScore.ogg'}
2020-10-03 19:56:27,137 : AssetManager : Registering Asset: cupMusic1, File: cupMusic1.ogg, Default Group: default, Final Config: {'load': 'preload', 'target': 'music', 'loop': -1, 'mode_end_action': 'stop', 'file': 'c:\\Pinball\\Cuphead\\modes\\base\\sounds\\music\\cupMusic1.ogg'}
2020-10-03 19:56:27,137 : AssetManager : Registering Asset: cupMusic2, File: cupMusic2.ogg, Default Group: default, Final Config: {'load': 'preload', 'target': 'music', 'loop': -1, 'mode_end_action': 'stop', 'file': 'c:\\Pinball\\Cuphead\\modes\\base\\sounds\\music\\cupMusic2.ogg'}
2020-10-03 19:56:27,138 : AssetManager : Registering Asset: cupMusic3, File: cupMusic3.ogg, Default Group: default, Final Config: {'load': 'preload', 'target': 'music', 'loop': -1, 'mode_end_action': 'stop', 'file': 'c:\\Pinball\\Cuphead\\modes\\base\\sounds\\music\\cupMusic3.ogg'}
2020-10-03 19:56:27,138 : AssetManager : Registering Asset: cupMusic4, File: cupMusic4.ogg, Default Group: default, Final Config: {'load': 'preload', 'target': 'music', 'loop': -1, 'mode_end_action': 'stop', 'file': 'c:\\Pinball\\Cuphead\\modes\\base\\sounds\\music\\cupMusic4.ogg'}
2020-10-03 19:56:27,138 : AssetManager : Registering Asset: cupMusic5, File: cupMusic5.ogg, Default Group: default, Final Config: {'load': 'preload', 'file': 'c:\\Pinball\\Cuphead\\modes\\base\\sounds\\music\\cupMusic5.ogg'}
2020-10-03 19:56:27,138 : AssetManager : Registering Asset: cupMusic6, File: cupMusic6.ogg, Default Group: default, Final Config: {'load': 'preload', 'file': 'c:\\Pinball\\Cuphead\\modes\\base\\sounds\\music\\cupMusic6.ogg'}
2020-10-03 19:56:27,138 : AssetManager : Registering Asset: cupMusic7, File: cupMusic7.ogg, Default Group: default, Final Config: {'load': 'preload', 'file': 'c:\\Pinball\\Cuphead\\modes\\base\\sounds\\music\\cupMusic7.ogg'}
2020-10-03 19:56:27,138 : AssetManager : Registering Asset: cupMusic8, File: cupMusic8.ogg, Default Group: default, Final Config: {'load': 'preload', 'file': 'c:\\Pinball\\Cuphead\\modes\\base\\sounds\\music\\cupMusic8.ogg'}
2020-10-03 19:56:27,138 : AssetManager : Registering Asset: cupMusic9, File: cupMusic9.ogg, Default Group: default, Final Config: {'load': 'preload', 'file': 'c:\\Pinball\\Cuphead\\modes\\base\\sounds\\music\\cupMusic9.ogg'}
2020-10-03 19:56:27,139 : AssetManager : Registering Asset: game_play_1, File: game_play_1.ogg, Default Group: default, Final Config: {'load': 'preload', 'file': 'c:\\Pinball\\Cuphead\\modes\\base\\sounds\\music\\game_play_1.ogg'}
2020-10-03 19:56:27,142 : AssetManager : Registering Asset: attract_music, File: attract_music.ogg, Default Group: default, Final Config: {'load': 'preload', 'file': 'c:\\Pinball\\Cuphead\\modes\\attract\\sounds\\music\\attract_music.ogg'}
2020-10-03 19:56:27,143 : EventManager : Event: ======'init_phase_4'====== Args={}
2020-10-03 19:56:27,924 : EventManager : Event: ======'init_phase_5'====== Args={}
2020-10-03 19:56:31,026 : EventManager : Event: ======'loading_assets'====== Args={'total': 12, 'loaded': 1, 'remaining': 11, 'percent': 8}
2020-10-03 19:56:31,026 : AssetManager : Loading assets: 1/12 (8%)
2020-10-03 19:56:34,024 : EventManager : Event: ======'loading_assets'====== Args={'total': 12, 'loaded': 6, 'remaining': 6, 'percent': 50}
2020-10-03 19:56:34,025 : AssetManager : Loading assets: 6/12 (50%)
2020-10-03 19:56:35,813 : EventManager : Event: ======'loading_assets'====== Args={'total': 12, 'loaded': 10, 'remaining': 2, 'percent': 83}
2020-10-03 19:56:35,814 : AssetManager : Loading assets: 10/12 (83%)
2020-10-03 19:56:36,643 : EventManager : Event: ======'loading_assets'====== Args={'total': 12, 'loaded': 11, 'remaining': 1, 'percent': 92}
2020-10-03 19:56:36,643 : AssetManager : Loading assets: 11/12 (92%)
2020-10-03 19:56:36,643 : EventManager : Event: ======'loading_assets'====== Args={'total': 12, 'loaded': 12, 'remaining': 0, 'percent': 100}
2020-10-03 19:56:36,644 : AssetManager : Asset loading took: 9.625672340393066
2020-10-03 19:56:36,644 : EventManager : Event: ======'asset_loading_complete'====== Args={}
2020-10-03 19:56:36,644 : AssetManager : Loading assets: 12/12 (100%)
2020-10-03 19:56:36,644 : EventManager : Event: ======'init_done'====== Args={}
2020-10-03 19:56:36,645 : MPF-MC BCP Server : Starting up on localhost port 5050
2020-10-03 19:56:36,653 : MPF-MC BCP Server : Waiting for a connection...
2020-10-03 19:56:36,654 : mpfmc : SlidePlayer: Play called with settings={'slides': {welcome_slide-None-None: {'priority': None, 'target': None, 'background_color': [0.0, 0.0, 0.0, 1.0], 'show': True, 'force': False, 'expire': None, 'slide': None, 'tokens': {}, 'action': 'play', 'transition': None, 'transition_out': None}}}
2020-10-03 19:56:36,662 : kivy : GL: NPOT texture support is available
2020-10-03 19:56:36,664 : EventManager : Event: ======'slide_welcome_slide_created'====== Args={}
2020-10-03 19:56:36,666 : EventManager : Event: ======'slide_welcome_slide_active'====== Args={}
2020-10-03 19:56:36,673 : EventManager : Event: ======'client_disconnected'====== Args={'host': '127.0.0.1', 'port': 5050}
2020-10-03 19:56:38,603 : MPF-MC BCP Server : Received connection from: 127.0.0.1:55477
2020-10-03 19:56:38,611 : EventManager : Event: ======'client_connected'====== Args={'host': '127.0.0.1', 'port': 55477}
2020-10-03 19:56:38,625 : EventManager : Event: ======'machine_var_credits_string'====== Args={'value': 'FREE PLAY', 'prev_value': None, 'change': True}
2020-10-03 19:56:38,625 : EventManager : Event: ======'machine_var_player1_score'====== Args={'value': 8110, 'prev_value': None, 'change': True}
2020-10-03 19:56:38,625 : EventManager : Event: ======'machine_var_mpf_version'====== Args={'value': 'MPF v0.54.0-dev.72', 'prev_value': None, 'change': True}
2020-10-03 19:56:38,627 : EventManager : Event: ======'machine_var_mpf_extended_version'====== Args={'value': 'MPF v0.54.0-dev.72, Config version:5, Show version: 5, BCP version:1.1', 'prev_value': None, 'change': True}
2020-10-03 19:56:38,628 : EventManager : Event: ======'machine_var_python_version'====== Args={'value': '3.6.4', 'prev_value': None, 'change': True}
2020-10-03 19:56:38,628 : EventManager : Event: ======'machine_var_platform'====== Args={'value': 'Windows-10-10.0.18362-SP0', 'prev_value': None, 'change': True}
2020-10-03 19:56:38,628 : EventManager : Event: ======'machine_var_platform_system'====== Args={'value': 'Windows', 'prev_value': None, 'change': True}
2020-10-03 19:56:38,628 : EventManager : Event: ======'machine_var_platform_release'====== Args={'value': '10', 'prev_value': None, 'change': True}
2020-10-03 19:56:38,628 : EventManager : Event: ======'machine_var_platform_version'====== Args={'value': '10.0.18362', 'prev_value': None, 'change': True}
2020-10-03 19:56:38,628 : EventManager : Event: ======'machine_var_platform_machine'====== Args={'value': 'AMD64', 'prev_value': None, 'change': True}
2020-10-03 19:56:38,628 : EventManager : Event: ======'machine_var_mc_version'====== Args={'value': 'MPF-MC v0.54.0-dev.20', 'prev_value': None, 'change': True}
2020-10-03 19:56:38,629 : EventManager : Event: ======'machine_var_mc_extended_version'====== Args={'value': 'MPF-MC v0.54.0-dev.20 (config_version=5, BCP v1.1, Requires MPF v0.54.0-dev.68)', 'prev_value': None, 'change': True}
2020-10-03 19:56:38,629 : EventManager : Event: ======'machine_var_master_volume'====== Args={'value': 0.5, 'prev_value': None, 'change': True}
2020-10-03 19:56:38,710 : EventManager : Event: ======'machine_var_audits_events_game_ended'====== Args={'value': 21, 'prev_value': None, 'change': True}
2020-10-03 19:56:38,711 : EventManager : Event: ======'machine_var_audits_events_game_started'====== Args={'value': 40, 'prev_value': None, 'change': True}
2020-10-03 19:56:38,711 : EventManager : Event: ======'machine_var_audits_player_score'====== Args={'value': {'average': 530.4761904761905, 'top': [2970, 1300, 1220, 980, 880, 780, 720, 710, 630, 590], 'total': 21}, 'prev_value': None, 'change': True}
2020-10-03 19:56:38,712 : EventManager : Event: ======'machine_var_audits_shots_soul_L'====== Args={'value': 55, 'prev_value': None, 'change': True}
2020-10-03 19:56:38,713 : EventManager : Event: ======'machine_var_audits_shots_soul_O'====== Args={'value': 60, 'prev_value': None, 'change': True}
2020-10-03 19:56:38,714 : EventManager : Event: ======'machine_var_audits_shots_soul_S'====== Args={'value': 67, 'prev_value': None, 'change': True}
2020-10-03 19:56:38,715 : EventManager : Event: ======'machine_var_audits_shots_soul_U'====== Args={'value': 60, 'prev_value': None, 'change': True}
2020-10-03 19:56:38,715 : EventManager : Event: ======'machine_var_audits_switches_s_coin'====== Args={'value': 20, 'prev_value': None, 'change': True}
2020-10-03 19:56:38,716 : EventManager : Event: ======'machine_var_audits_switches_s_dash_L'====== Args={'value': 0, 'prev_value': None, 'change': True}
2020-10-03 19:56:38,716 : EventManager : Event: ======'machine_var_audits_switches_s_dash_R'====== Args={'value': 0, 'prev_value': None, 'change': True}
2020-10-03 19:56:38,716 : EventManager : Event: ======'machine_var_audits_switches_s_dtSling_L'====== Args={'value': 0, 'prev_value': None, 'change': True}
2020-10-03 19:56:38,716 : EventManager : Event: ======'machine_var_audits_switches_s_dtSling_R'====== Args={'value': 0, 'prev_value': None, 'change': True}
2020-10-03 19:56:38,716 : EventManager : Event: ======'machine_var_audits_switches_s_dt_C'====== Args={'value': 72, 'prev_value': None, 'change': True}
2020-10-03 19:56:38,717 : EventManager : Event: ======'machine_var_audits_switches_s_dt_G'====== Args={'value': 21, 'prev_value': None, 'change': True}
2020-10-03 19:56:38,717 : EventManager : Event: ======'machine_var_audits_switches_s_dt_M'====== Args={'value': 19, 'prev_value': None, 'change': True}
2020-10-03 19:56:38,717 : EventManager : Event: ======'machine_var_audits_switches_s_dt_P'====== Args={'value': 55, 'prev_value': None, 'change': True}
2020-10-03 19:56:38,717 : EventManager : Event: ======'machine_var_audits_switches_s_dt_U'====== Args={'value': 63, 'prev_value': None, 'change': True}
2020-10-03 19:56:38,717 : EventManager : Event: ======'machine_var_audits_switches_s_dt_U2'====== Args={'value': 19, 'prev_value': None, 'change': True}
2020-10-03 19:56:38,718 : EventManager : Event: ======'machine_var_audits_switches_s_exit_shooter_lane'====== Args={'value': 342, 'prev_value': None, 'change': True}
2020-10-03 19:56:38,730 : EventManager : Event: ======'machine_var_audits_switches_s_inLane_L'====== Args={'value': 0, 'prev_value': None, 'change': True}
2020-10-03 19:56:38,730 : EventManager : Event: ======'machine_var_audits_switches_s_inLane_R'====== Args={'value': 0, 'prev_value': None, 'change': True}
2020-10-03 19:56:38,730 : EventManager : Event: ======'machine_var_audits_switches_s_kicker'====== Args={'value': 0, 'prev_value': None, 'change': True}
2020-10-03 19:56:38,731 : EventManager : Event: ======'machine_var_audits_switches_s_left_flipper'====== Args={'value': 150, 'prev_value': None, 'change': True}
2020-10-03 19:56:38,731 : EventManager : Event: ======'machine_var_audits_switches_s_midRight'====== Args={'value': 0, 'prev_value': None, 'change': True}
2020-10-03 19:56:38,731 : EventManager : Event: ======'machine_var_audits_switches_s_outLane_L'====== Args={'value': 0, 'prev_value': None, 'change': True}
2020-10-03 19:56:38,731 : EventManager : Event: ======'machine_var_audits_switches_s_outLane_R'====== Args={'value': 0, 'prev_value': None, 'change': True}
2020-10-03 19:56:38,732 : EventManager : Event: ======'machine_var_audits_switches_s_perdition'====== Args={'value': 0, 'prev_value': None, 'change': True}
2020-10-03 19:56:38,732 : EventManager : Event: ======'machine_var_audits_switches_s_playfield'====== Args={'value': 0, 'prev_value': None, 'change': True}
2020-10-03 19:56:38,733 : EventManager : Event: ======'machine_var_audits_switches_s_plunger'====== Args={'value': 532, 'prev_value': None, 'change': True}
2020-10-03 19:56:38,734 : EventManager : Event: ======'machine_var_audits_switches_s_popBumper_1'====== Args={'value': 449, 'prev_value': None, 'change': True}
2020-10-03 19:56:38,734 : EventManager : Event: ======'machine_var_audits_switches_s_popBumper_2'====== Args={'value': 417, 'prev_value': None, 'change': True}
2020-10-03 19:56:38,735 : EventManager : Event: ======'machine_var_audits_switches_s_popBumper_3'====== Args={'value': 150, 'prev_value': None, 'change': True}
2020-10-03 19:56:38,735 : EventManager : Event: ======'machine_var_audits_switches_s_pop_bumper1'====== Args={'value': 120, 'prev_value': None, 'change': True}
2020-10-03 19:56:38,735 : EventManager : Event: ======'machine_var_audits_switches_s_pop_bumper2'====== Args={'value': 153, 'prev_value': None, 'change': True}
2020-10-03 19:56:38,735 : EventManager : Event: ======'machine_var_audits_switches_s_pop_bumper3'====== Args={'value': 100, 'prev_value': None, 'change': True}
2020-10-03 19:56:38,736 : EventManager : Event: ======'machine_var_audits_switches_s_right_flipper'====== Args={'value': 215, 'prev_value': None, 'change': True}
2020-10-03 19:56:38,736 : EventManager : Event: ======'machine_var_audits_switches_s_sling_L'====== Args={'value': 0, 'prev_value': None, 'change': True}
2020-10-03 19:56:38,736 : EventManager : Event: ======'machine_var_audits_switches_s_sling_R'====== Args={'value': 0, 'prev_value': None, 'change': True}
2020-10-03 19:56:38,736 : EventManager : Event: ======'machine_var_audits_switches_s_soul_L'====== Args={'value': 56, 'prev_value': None, 'change': True}
2020-10-03 19:56:38,737 : EventManager : Event: ======'machine_var_audits_switches_s_soul_O'====== Args={'value': 65, 'prev_value': None, 'change': True}
2020-10-03 19:56:38,738 : EventManager : Event: ======'machine_var_audits_switches_s_soul_S'====== Args={'value': 67, 'prev_value': None, 'change': True}
2020-10-03 19:56:38,738 : EventManager : Event: ======'machine_var_audits_switches_s_soul_U'====== Args={'value': 60, 'prev_value': None, 'change': True}
2020-10-03 19:56:38,750 : EventManager : Event: ======'machine_var_audits_switches_s_standUp_1'====== Args={'value': 0, 'prev_value': None, 'change': True}
2020-10-03 19:56:38,750 : EventManager : Event: ======'machine_var_audits_switches_s_standUp_2'====== Args={'value': 0, 'prev_value': None, 'change': True}
2020-10-03 19:56:38,750 : EventManager : Event: ======'machine_var_audits_switches_s_standUp_3'====== Args={'value': 0, 'prev_value': None, 'change': True}
2020-10-03 19:56:38,750 : EventManager : Event: ======'machine_var_audits_switches_s_standUp_R'====== Args={'value': 0, 'prev_value': None, 'change': True}
2020-10-03 19:56:38,751 : EventManager : Event: ======'machine_var_audits_switches_s_star_1'====== Args={'value': 0, 'prev_value': None, 'change': True}
2020-10-03 19:56:38,751 : EventManager : Event: ======'machine_var_audits_switches_s_star_2'====== Args={'value': 0, 'prev_value': None, 'change': True}
2020-10-03 19:56:38,751 : EventManager : Event: ======'machine_var_audits_switches_s_star_3'====== Args={'value': 0, 'prev_value': None, 'change': True}
2020-10-03 19:56:38,751 : EventManager : Event: ======'machine_var_audits_switches_s_start'====== Args={'value': 68, 'prev_value': None, 'change': True}
2020-10-03 19:56:38,751 : EventManager : Event: ======'machine_var_audits_switches_s_tilt'====== Args={'value': 0, 'prev_value': None, 'change': True}
2020-10-03 19:56:38,751 : EventManager : Event: ======'machine_var_audits_switches_s_trough1'====== Args={'value': 508, 'prev_value': None, 'change': True}
2020-10-03 19:56:38,751 : EventManager : Event: ======'machine_var_audits_switches_s_trough2'====== Args={'value': 72, 'prev_value': None, 'change': True}
2020-10-03 19:56:38,752 : EventManager : Event: ======'machine_var_audits_switches_s_trough_jam'====== Args={'value': 13, 'prev_value': None, 'change': True}
2020-10-03 19:56:38,786 : EventManager : Event: ======'slides_play'====== Args={'settings': {'welcome_slide': {'target': None, 'background_color': [0.0, 0.0, 0.0, 1.0], 'priority': None, 'show': True, 'force': False, 'expire': None, 'slide': None, 'tokens': {}, 'action': 'play'}}, 'context': '_global', 'calling_context': 'init_done', 'priority': 0}
2020-10-03 19:56:38,786 : EventManager : Event: ======'mc_reset_phase_1'====== Args={}
2020-10-03 19:56:38,787 : mpfmc : SlidePlayer: Play called with settings={'welcome_slide': {'target': None, 'background_color': [0.0, 0.0, 0.0, 1.0], 'priority': None, 'show': True, 'force': False, 'expire': None, 'slide': None, 'tokens': {}, 'action': 'play'}}
2020-10-03 19:56:38,788 : EventManager : Event: ======'slide_welcome_slide_removed'====== Args={}
2020-10-03 19:56:38,792 : EventManager : Event: ======'slide_welcome_slide_created'====== Args={}
2020-10-03 19:56:38,796 : EventManager : Event: ======'mc_reset_phase_2'====== Args={}
2020-10-03 19:56:38,796 : EventManager : Event: ======'mc_reset_phase_3'====== Args={}
2020-10-03 19:56:38,796 : EventManager : Event: ======'mc_reset_complete'====== Args={}
2020-10-03 19:56:38,797 : EventManager : Event: ======'slide_welcome_slide_active'====== Args={}
2020-10-03 19:56:38,814 : EventManager : Event: ======'slides_play'====== Args={'settings': {'awesome_slide': {'widgets': [{'type': 'text', 'text': 'Cuphead Pinball', 'font_size': 50, '_default_settings': ['type', 'text', 'font_size'], 'x': None, 'y': None, 'anchor_x': 'center', 'anchor_y': 'center', 'round_anchor_x': None, 'round_anchor_y': None, 'opacity': 1.0, 'z': 0, 'reset_animations_events': {}, 'color': [1.0, 1.0, 1.0, 1.0], 'style': [], 'adjust_top': 0, 'adjust_bottom': 0, 'adjust_left': 0, 'adjust_right': 0, 'expire': None, 'key': None, 'widget': None, 'events_when_added': [], 'events_when_removed': [], 'bitmap_font': False, 'font_kerning': True, 'bold': False, 'italic': False, 'number_grouping': False, 'min_digits': 0, 'halign': 'center', 'valign': 'middle', 'rotation': 0, 'scale': 1.0, 'casing': None, 'animations': None}], 'transition': {'type': 'push', 'duration': 1.0, 'direction': 'left', 'easing': 'out_quad'}, 'target': None, 'background_color': [0.0, 0.0, 0.0, 1.0], 'priority': None, 'show': True, 'force': False, 'expire': None, 'slide': None, 'tokens': {}, 'action': 'play'}}, 'context': 'show_1', 'calling_context': 0, 'priority': 10, 'show_tokens': {}, 'start_time': 351040.421}
2020-10-03 19:56:38,815 : EventManager : Event: ======'sounds_play'====== Args={'settings': {'attract_music': {'loops': -1, 'mode_end_action': 'stop', 'priority': None, 'action': 'play', 'track': None, 'volume': None, 'pan': None, 'start_at': None, 'fade_in': None, 'fade_out': None, 'about_to_finish_time': -1.0, 'max_queue_time': -1.0, 'events_when_played': ['use_sound_setting'], 'events_when_stopped': ['use_sound_setting'], 'events_when_looping': ['use_sound_setting'], 'events_when_about_to_finish': ['use_sound_setting'], 'key': 'use_sound_setting'}}, 'context': 'attract', 'calling_context': 'mode_attract_started', 'priority': 10}
2020-10-03 19:56:38,815 : mpfmc : SlidePlayer: Play called with settings={'awesome_slide': {'widgets': [{'type': 'text', 'text': 'Cuphead Pinball', 'font_size': 50, '_default_settings': ['type', 'text', 'font_size'], 'x': None, 'y': None, 'anchor_x': 'center', 'anchor_y': 'center', 'round_anchor_x': None, 'round_anchor_y': None, 'opacity': 1.0, 'z': 0, 'reset_animations_events': {}, 'color': [1.0, 1.0, 1.0, 1.0], 'style': [], 'adjust_top': 0, 'adjust_bottom': 0, 'adjust_left': 0, 'adjust_right': 0, 'expire': None, 'key': None, 'widget': None, 'events_when_added': [], 'events_when_removed': [], 'bitmap_font': False, 'font_kerning': True, 'bold': False, 'italic': False, 'number_grouping': False, 'min_digits': 0, 'halign': 'center', 'valign': 'middle', 'rotation': 0, 'scale': 1.0, 'casing': None, 'animations': None}], 'transition': {'type': 'push', 'duration': 1.0, 'direction': 'left', 'easing': 'out_quad'}, 'target': None, 'background_color': [0.0, 0.0, 0.0, 1.0], 'priority': None, 'show': True, 'force': False, 'expire': None, 'slide': None, 'tokens': {}, 'action': 'play'}}
2020-10-03 19:56:38,821 : EventManager : Event: ======'slide_awesome_slide_created'====== Args={}
2020-10-03 19:56:38,830 : EventManager : Event: ======'slide_awesome_slide_active'====== Args={}
2020-10-03 19:56:40,415 : EventManager : Event: ======'game_started'====== Args={}
2020-10-03 19:56:40,415 : EventManager : Event: ======'slides_clear'====== Args={'context': 'show_1'}
2020-10-03 19:56:40,416 : EventManager : Event: ======'sounds_clear'====== Args={'context': 'attract'}
2020-10-03 19:56:40,427 : EventManager : Event: ======'slide_awesome_slide_removed'====== Args={}
2020-10-03 19:56:40,429 : EventManager : Event: ======'slide_welcome_slide_active'====== Args={}
2020-10-03 19:56:40,465 : EventManager : Event: ======'player_added'====== Args={'player': <Player 1>, 'num': 1}
2020-10-03 19:56:40,465 : EventManager : Event: ======'player_index'====== Args={'value': 0, 'prev_value': 0, 'change': 0, 'player_num': 1}
2020-10-03 19:56:40,465 : EventManager : Event: ======'player_number'====== Args={'value': 1, 'prev_value': 1, 'change': 0, 'player_num': 1}
2020-10-03 19:56:40,465 : EventManager : Event: ======'player_score'====== Args={'value': 0, 'prev_value': 0, 'change': 0, 'player_num': 1}
2020-10-03 19:56:40,494 : EventManager : Event: ======'player_ball'====== Args={'value': 1, 'prev_value': 0, 'change': 1, 'player_num': 1}
2020-10-03 19:56:40,495 : EventManager : Event: ======'player_turn_start'====== Args={'number': 1, 'player': <Player 1>}
2020-10-03 19:56:40,557 : EventManager : Event: ======'player_shot_soul_S_enabled'====== Args={'value': True, 'prev_value': 0, 'change': 1, 'player_num': 1}
2020-10-03 19:56:40,557 : EventManager : Event: ======'player_shot_soul_O_enabled'====== Args={'value': True, 'prev_value': 0, 'change': 1, 'player_num': 1}
2020-10-03 19:56:40,558 : EventManager : Event: ======'player_shot_soul_U_enabled'====== Args={'value': True, 'prev_value': 0, 'change': 1, 'player_num': 1}
2020-10-03 19:56:40,558 : EventManager : Event: ======'player_shot_soul_L_enabled'====== Args={'value': True, 'prev_value': 0, 'change': 1, 'player_num': 1}
2020-10-03 19:56:40,569 : EventManager : Event: ======'sounds_play'====== Args={'settings': {'poolCupHeadBase': {'loops': -1, 'priority': None, 'action': 'play', 'track': None, 'volume': None, 'pan': None, 'start_at': None, 'fade_in': None, 'fade_out': None, 'about_to_finish_time': -1.0, 'max_queue_time': -1.0, 'events_when_played': ['use_sound_setting'], 'events_when_stopped': ['use_sound_setting'], 'events_when_looping': ['use_sound_setting'], 'events_when_about_to_finish': ['use_sound_setting'], 'mode_end_action': 'use_sound_setting', 'key': 'use_sound_setting'}}, 'context': 'base', 'calling_context': 'mode_base_started', 'priority': 100, 'queue': '<QueuedEvent>', 'player': 1, 'ball': 1, 'balls_remaining': 4, 'is_extra_ball': False}
2020-10-03 19:56:40,571 : EventManager : Event: ======'slides_play'====== Args={'settings': {'widgets': {'widgets': [{'type': 'text', 'text': '(score)', 'number_grouping': True, 'min_digits': 2, 'font_size': 100, '_default_settings': ['type', 'text', 'number_grouping', 'min_digits', 'font_size'], 'x': None, 'y': None, 'anchor_x': 'center', 'anchor_y': 'center', 'round_anchor_x': None, 'round_anchor_y': None, 'opacity': 1.0, 'z': 0, 'reset_animations_events': {}, 'color': [1.0, 1.0, 1.0, 1.0], 'style': [], 'adjust_top': 0, 'adjust_bottom': 0, 'adjust_left': 0, 'adjust_right': 0, 'expire': None, 'key': None, 'widget': None, 'events_when_added': [], 'events_when_removed': [], 'bitmap_font': False, 'font_kerning': True, 'bold': False, 'italic': False, 'halign': 'center', 'valign': 'middle', 'rotation': 0, 'scale': 1.0, 'casing': None, 'animations': None}, {'type': 'text', 'text': 'Player (player)', 'y': '10', 'x': '10', 'font_size': 30, 'anchor_x': 'left', 'anchor_y': 'bottom', '_default_settings': ['type', 'text', 'y', 'x', 'font_size', 'anchor_x', 'anchor_y'], 'round_anchor_x': None, 'round_anchor_y': None, 'opacity': 1.0, 'z': 0, 'reset_animations_events': {}, 'color': [1.0, 1.0, 1.0, 1.0], 'style': [], 'adjust_top': 0, 'adjust_bottom': 0, 'adjust_left': 0, 'adjust_right': 0, 'expire': None, 'key': None, 'widget': None, 'events_when_added': [], 'events_when_removed': [], 'bitmap_font': False, 'font_kerning': True, 'bold': False, 'italic': False, 'number_grouping': False, 'min_digits': 0, 'halign': 'center', 'valign': 'middle', 'rotation': 0, 'scale': 1.0, 'casing': None, 'animations': None}, {'type': 'text', 'text': 'BALL (ball)', 'y': '10', 'x': 'right-10', 'anchor_x': 'right', 'anchor_y': 'bottom', 'font_size': 50, '_default_settings': ['type', 'text', 'y', 'x', 'anchor_x', 'anchor_y', 'font_size'], 'round_anchor_x': None, 'round_anchor_y': None, 'opacity': 1.0, 'z': 0, 'reset_animations_events': {}, 'color': [1.0, 1.0, 1.0, 1.0], 'style': [], 'adjust_top': 0, 'adjust_bottom': 0, 'adjust_left': 0, 'adjust_right': 0, 'expire': None, 'key': None, 'widget': None, 'events_when_added': [], 'events_when_removed': [], 'bitmap_font': False, 'font_kerning': True, 'bold': False, 'italic': False, 'number_grouping': False, 'min_digits': 0, 'halign': 'center', 'valign': 'middle', 'rotation': 0, 'scale': 1.0, 'casing': None, 'animations': None}], 'target': None, 'background_color': [0.0, 0.0, 0.0, 1.0], 'priority': None, 'show': True, 'force': False, 'expire': None, 'slide': None, 'tokens': {}, 'action': 'play'}}, 'context': 'base', 'calling_context': 'mode_base_started', 'priority': 100, 'queue': '<QueuedEvent>', 'player': 1, 'ball': 1, 'balls_remaining': 4, 'is_extra_ball': False}
2020-10-03 19:56:40,589 : mpfmc : SlidePlayer: Play called with settings={'widgets': {'widgets': [{'type': 'text', 'text': '(score)', 'number_grouping': True, 'min_digits': 2, 'font_size': 100, '_default_settings': ['type', 'text', 'number_grouping', 'min_digits', 'font_size'], 'x': None, 'y': None, 'anchor_x': 'center', 'anchor_y': 'center', 'round_anchor_x': None, 'round_anchor_y': None, 'opacity': 1.0, 'z': 0, 'reset_animations_events': {}, 'color': [1.0, 1.0, 1.0, 1.0], 'style': [], 'adjust_top': 0, 'adjust_bottom': 0, 'adjust_left': 0, 'adjust_right': 0, 'expire': None, 'key': None, 'widget': None, 'events_when_added': [], 'events_when_removed': [], 'bitmap_font': False, 'font_kerning': True, 'bold': False, 'italic': False, 'halign': 'center', 'valign': 'middle', 'rotation': 0, 'scale': 1.0, 'casing': None, 'animations': None}, {'type': 'text', 'text': 'Player (player)', 'y': '10', 'x': '10', 'font_size': 30, 'anchor_x': 'left', 'anchor_y': 'bottom', '_default_settings': ['type', 'text', 'y', 'x', 'font_size', 'anchor_x', 'anchor_y'], 'round_anchor_x': None, 'round_anchor_y': None, 'opacity': 1.0, 'z': 0, 'reset_animations_events': {}, 'color': [1.0, 1.0, 1.0, 1.0], 'style': [], 'adjust_top': 0, 'adjust_bottom': 0, 'adjust_left': 0, 'adjust_right': 0, 'expire': None, 'key': None, 'widget': None, 'events_when_added': [], 'events_when_removed': [], 'bitmap_font': False, 'font_kerning': True, 'bold': False, 'italic': False, 'number_grouping': False, 'min_digits': 0, 'halign': 'center', 'valign': 'middle', 'rotation': 0, 'scale': 1.0, 'casing': None, 'animations': None}, {'type': 'text', 'text': 'BALL (ball)', 'y': '10', 'x': 'right-10', 'anchor_x': 'right', 'anchor_y': 'bottom', 'font_size': 50, '_default_settings': ['type', 'text', 'y', 'x', 'anchor_x', 'anchor_y', 'font_size'], 'round_anchor_x': None, 'round_anchor_y': None, 'opacity': 1.0, 'z': 0, 'reset_animations_events': {}, 'color': [1.0, 1.0, 1.0, 1.0], 'style': [], 'adjust_top': 0, 'adjust_bottom': 0, 'adjust_left': 0, 'adjust_right': 0, 'expire': None, 'key': None, 'widget': None, 'events_when_added': [], 'events_when_removed': [], 'bitmap_font': False, 'font_kerning': True, 'bold': False, 'italic': False, 'number_grouping': False, 'min_digits': 0, 'halign': 'center', 'valign': 'middle', 'rotation': 0, 'scale': 1.0, 'casing': None, 'animations': None}], 'target': None, 'background_color': [0.0, 0.0, 0.0, 1.0], 'priority': None, 'show': True, 'force': False, 'expire': None, 'slide': None, 'tokens': {}, 'action': 'play'}}
2020-10-03 19:56:40,606 : EventManager : Event: ======'slide_base.slide_player-mode_base_started_created'====== Args={}
2020-10-03 19:56:40,610 : EventManager : Event: ======'slide_base.slide_player-mode_base_started_active'====== Args={}
2020-10-03 19:56:40,815 : EventManager : Event: ======'machine_var_audits_switches_s_plunger'====== Args={'value': 533, 'prev_value': 532, 'change': 1}
2020-10-03 19:56:41,131 : EventManager : Event: ======'machine_var_audits_switches_s_soul_S'====== Args={'value': 68, 'prev_value': 67, 'change': 1}
2020-10-03 19:56:41,131 : EventManager : Event: ======'player_shot_soul_S'====== Args={'value': 1, 'prev_value': 0, 'change': 1, 'player_num': 1}
2020-10-03 19:56:41,131 : EventManager : Event: ======'machine_var_audits_shots_soul_S'====== Args={'value': 68, 'prev_value': 67, 'change': 1}
2020-10-03 19:56:43,546 : EventManager : Event: ======'machine_var_audits_switches_s_soul_S'====== Args={'value': 69, 'prev_value': 68, 'change': 1}
2020-10-03 19:56:43,546 : EventManager : Event: ======'machine_var_audits_shots_soul_S'====== Args={'value': 69, 'prev_value': 68, 'change': 1}
2020-10-03 19:56:45,729 : EventManager : Event: ======'machine_var_audits_switches_s_exit_shooter_lane'====== Args={'value': 343, 'prev_value': 342, 'change': 1}
2020-10-03 19:56:46,428 : EventManager : Event: ======'machine_var_audits_switches_s_popBumper_1'====== Args={'value': 450, 'prev_value': 449, 'change': 1}
2020-10-03 19:56:46,428 : EventManager : Event: ======'player_score'====== Args={'value': 100, 'prev_value': 0, 'change': 100, 'player_num': 1}
2020-10-03 19:56:47,088 : EventManager : Event: ======'machine_var_audits_switches_s_popBumper_2'====== Args={'value': 418, 'prev_value': 417, 'change': 1}
2020-10-03 19:56:47,089 : EventManager : Event: ======'player_score'====== Args={'value': 110, 'prev_value': 100, 'change': 10, 'player_num': 1}
2020-10-03 19:56:47,506 : EventManager : Event: ======'machine_var_audits_switches_s_popBumper_3'====== Args={'value': 151, 'prev_value': 150, 'change': 1}
2020-10-03 19:56:47,506 : EventManager : Event: ======'player_score'====== Args={'value': 120, 'prev_value': 110, 'change': 10, 'player_num': 1}
2020-10-03 19:56:47,771 : EventManager : Event: ======'machine_var_audits_switches_s_popBumper_2'====== Args={'value': 419, 'prev_value': 418, 'change': 1}
2020-10-03 19:56:47,771 : EventManager : Event: ======'player_score'====== Args={'value': 130, 'prev_value': 120, 'change': 10, 'player_num': 1}
2020-10-03 19:56:48,016 : EventManager : Event: ======'machine_var_audits_switches_s_popBumper_1'====== Args={'value': 451, 'prev_value': 450, 'change': 1}
2020-10-03 19:56:48,016 : EventManager : Event: ======'player_score'====== Args={'value': 230, 'prev_value': 130, 'change': 100, 'player_num': 1}
2020-10-03 19:56:48,277 : EventManager : Event: ======'machine_var_audits_switches_s_popBumper_2'====== Args={'value': 420, 'prev_value': 419, 'change': 1}
2020-10-03 19:56:48,277 : EventManager : Event: ======'player_score'====== Args={'value': 240, 'prev_value': 230, 'change': 10, 'player_num': 1}
2020-10-03 19:56:48,524 : EventManager : Event: ======'machine_var_audits_switches_s_popBumper_3'====== Args={'value': 152, 'prev_value': 151, 'change': 1}
2020-10-03 19:56:48,525 : EventManager : Event: ======'player_score'====== Args={'value': 250, 'prev_value': 240, 'change': 10, 'player_num': 1}
2020-10-03 19:56:48,720 : EventManager : Event: ======'machine_var_audits_switches_s_popBumper_2'====== Args={'value': 421, 'prev_value': 420, 'change': 1}
2020-10-03 19:56:48,720 : EventManager : Event: ======'player_score'====== Args={'value': 260, 'prev_value': 250, 'change': 10, 'player_num': 1}
2020-10-03 19:56:48,942 : EventManager : Event: ======'machine_var_audits_switches_s_popBumper_1'====== Args={'value': 452, 'prev_value': 451, 'change': 1}
2020-10-03 19:56:48,942 : EventManager : Event: ======'player_score'====== Args={'value': 360, 'prev_value': 260, 'change': 100, 'player_num': 1}
2020-10-03 19:56:50,343 : kivy : Base: Leaving application in progress...
2020-10-03 19:56:50,615 : kivy : WindowSDL: exiting mainloop and closing.
2020-10-03 19:56:50,646 : mpfmc : Stopping...
2020-10-03 19:56:50,646 : EventManager : Event: ======'shutdown'====== Args={}
2020-10-03 19:56:50,646 : mpfmc : Loop rate 46.09 Hz
2020-10-03 19:56:50,646 : kivy : MC run loop ended.
2020-10-03 19:56:50,646 : kivy : Stopping child threads... (3 remaining)
2020-10-03 19:56:51,518 : mpfmc : Stopping...
2020-10-03 19:56:51,518 : EventManager : Event: ======'shutdown'====== Args={}
2020-10-03 19:56:51,518 : mpfmc : Loop rate 44.45 Hz
2020-10-03 19:56:51,690 : MPF-MC BCP Server : Stopping BCP sending thread
2020-10-03 19:56:51,690 : kivy : All child threads stopped.
