2020-10-05 17:38:53,839 : kivy : Factory: 184 symbols loaded
2020-10-05 17:38:54,132 : kivy : ImageLoaderFFPy: Using ffpyplayer 4.3.1
2020-10-05 17:38:54,134 : kivy : Image: Providers: img_tex, img_dds, img_sdl2, img_pil, img_ffpyplayer, img_gif 
2020-10-05 17:38:54,231 : kivy : VideoGstplayer: Using Gstreamer 1.16.0.0
2020-10-05 17:38:54,231 : kivy : Video: Provider: gstplayer
2020-10-05 17:38:54,366 : kivy : Loading MPF-MC controller
2020-10-05 17:38:54,382 : YamlMultifileConfigLoader : Machine config file #1: config
2020-10-05 17:38:54,383 : ConfigProcessor : Config file in cache changed: c:\GitHub\Cuphead\config\config
2020-10-05 17:38:54,385 : ConfigProcessor : Loading config from file c:\users\themi\appdata\local\programs\python\python36\lib\site-packages\mpfmc\mcconfig.yaml.
2020-10-05 17:38:54,482 : ConfigProcessor : Loading config: c:\users\themi\appdata\local\programs\python\python36\lib\site-packages\mpfmc\mcconfig.yaml
2020-10-05 17:38:54,483 : ConfigProcessor : Loading config from file c:\GitHub\Cuphead\config\config.
2020-10-05 17:38:54,505 : ConfigProcessor : Loading config: c:\GitHub\Cuphead\config\config
2020-10-05 17:38:54,518 : ConfigProcessor : Loading config: c:\GitHub\Cuphead\config\keyboard.yaml
2020-10-05 17:38:54,560 : ConfigProcessor : Loading config: c:\GitHub\Cuphead\config\hwSwitches.yaml
2020-10-05 17:38:54,652 : ConfigProcessor : Loading config: c:\GitHub\Cuphead\config\hwLights.yaml
2020-10-05 17:38:54,678 : ConfigProcessor : Loading config: c:\GitHub\Cuphead\config\hwCoils.yaml
2020-10-05 17:38:54,684 : ConfigProcessor : Config file cache created: C:\Users\themi\AppData\Local\Temp\0cbdbb896bde7c562664fa91ae109528.mpf_cache
2020-10-05 17:38:54,686 : ConfigProcessor : Loading config from cache: C:\Users\themi\AppData\Local\Temp\89b9c5cb952cce9fc74d723399719cc6.mpf_cache
2020-10-05 17:38:54,687 : ConfigProcessor : Loading config from cache: C:\Users\themi\AppData\Local\Temp\4fcecb70f81c3c2fefb8e65ae9a0af5f.mpf_cache
2020-10-05 17:38:54,688 : ConfigProcessor : Loading config from cache: C:\Users\themi\AppData\Local\Temp\5820a65357aa32f3082a694bbd0b1b93.mpf_cache
2020-10-05 17:38:54,689 : ConfigProcessor : Loading config from cache: C:\Users\themi\AppData\Local\Temp\2f1df67e0c6599f893aeb5468bc976f9.mpf_cache
2020-10-05 17:38:54,690 : ConfigProcessor : Loading config from cache: C:\Users\themi\AppData\Local\Temp\3e28196fea866bd961d93515ab5c664b.mpf_cache
2020-10-05 17:38:54,691 : mpfmc : Mission Pinball Framework Media Controller v0.54.0-dev.20
2020-10-05 17:38:54,691 : mpfmc : Mission Pinball Framework Game Engine v0.54.0-dev.72
2020-10-05 17:38:54,691 : mpfmc : Machine path: c:\GitHub\Cuphead
2020-10-05 17:38:54,691 : mpfmc : Starting clock at 60.0Hz
2020-10-05 17:38:54,718 : kivy : Text: Provider: sdl2
2020-10-05 17:38:54,784 : kivy : Window: Provider: sdl2
2020-10-05 17:38:55,601 : kivy : GL: Using the "OpenGL" graphics system
2020-10-05 17:38:55,605 : kivy : GL: GLEW initialization succeeded
2020-10-05 17:38:55,605 : kivy : GL: Backend used <glew>
2020-10-05 17:38:55,607 : kivy : GL: OpenGL version <b'4.5.14568 Compatibility Profile Context 24.20.12050.0'>
2020-10-05 17:38:55,607 : kivy : GL: OpenGL vendor <b'ATI Technologies Inc.'>
2020-10-05 17:38:55,607 : kivy : GL: OpenGL renderer <b'AMD Radeon(TM) R4 Graphics'>
2020-10-05 17:38:55,608 : kivy : GL: OpenGL parsed version: 4, 5
2020-10-05 17:38:55,608 : kivy : GL: Shading version <b'4.50'>
2020-10-05 17:38:55,608 : kivy : GL: Texture max size <16384>
2020-10-05 17:38:55,608 : kivy : GL: Texture max units <32>
2020-10-05 17:38:55,645 : kivy : Window: auto add sdl2 input provider
2020-10-05 17:38:55,646 : kivy : Window: virtual keyboard not allowed, single mode, not docked
2020-10-05 17:38:55,659 : SoundSystem : SoundSystem: Using default 'sound_system' settings
2020-10-05 17:38:56,289 : AudioInterface : Initialized
2020-10-05 17:38:56,289 : SoundSystem : No audio tracks are specified in your machine config file. a track named 'default' has been created.
2020-10-05 17:38:56,296 : kivy : Base: Start application main loop
2020-10-05 17:38:56,297 : EventManager : Event: ======'display_window_initialized'====== Args={}
2020-10-05 17:38:56,348 : mpfmc : Display: Setting 'window' as default display
2020-10-05 17:38:56,369 : EventManager : Event: ======'displays_initialized'====== Args={}
2020-10-05 17:38:56,371 : EventManager : Event: ======'slide_window_blank_created'====== Args={}
2020-10-05 17:38:56,372 : EventManager : Event: ======'display_window_ready'====== Args={}
2020-10-05 17:38:56,392 : EventManager : Event: ======'init_phase_1'====== Args={}
2020-10-05 17:38:56,403 : EventManager : Event: ======'mc_ready'====== Args={}
2020-10-05 17:38:56,403 : EventManager : Event: ======'init_phase_2'====== Args={}
2020-10-05 17:38:56,410 : EventManager : Event: ======'init_phase_3'====== Args={}
2020-10-05 17:38:56,412 : AssetManager : Registering Asset: cupHighScore, File: cupHighScore.ogg, Default Group: default, Final Config: {'load': 'preload', 'file': 'c:\\GitHub\\Cuphead\\modes\\base\\sounds\\music\\cupHighScore.ogg'}
2020-10-05 17:38:56,413 : AssetManager : Registering Asset: cupMusic1, File: cupMusic1.ogg, Default Group: default, Final Config: {'load': 'preload', 'target': 'music', 'loop': -1, 'mode_end_action': 'stop', 'file': 'c:\\GitHub\\Cuphead\\modes\\base\\sounds\\music\\cupMusic1.ogg'}
2020-10-05 17:38:56,413 : AssetManager : Registering Asset: cupMusic2, File: cupMusic2.ogg, Default Group: default, Final Config: {'load': 'preload', 'target': 'music', 'loop': -1, 'mode_end_action': 'stop', 'file': 'c:\\GitHub\\Cuphead\\modes\\base\\sounds\\music\\cupMusic2.ogg'}
2020-10-05 17:38:56,413 : AssetManager : Registering Asset: cupMusic3, File: cupMusic3.ogg, Default Group: default, Final Config: {'load': 'preload', 'target': 'music', 'loop': -1, 'mode_end_action': 'stop', 'file': 'c:\\GitHub\\Cuphead\\modes\\base\\sounds\\music\\cupMusic3.ogg'}
2020-10-05 17:38:56,413 : AssetManager : Registering Asset: cupMusic4, File: cupMusic4.ogg, Default Group: default, Final Config: {'load': 'preload', 'target': 'music', 'loop': -1, 'mode_end_action': 'stop', 'file': 'c:\\GitHub\\Cuphead\\modes\\base\\sounds\\music\\cupMusic4.ogg'}
2020-10-05 17:38:56,413 : AssetManager : Registering Asset: cupMusic5, File: cupMusic5.ogg, Default Group: default, Final Config: {'load': 'preload', 'file': 'c:\\GitHub\\Cuphead\\modes\\base\\sounds\\music\\cupMusic5.ogg'}
2020-10-05 17:38:56,414 : AssetManager : Registering Asset: cupMusic6, File: cupMusic6.ogg, Default Group: default, Final Config: {'load': 'preload', 'file': 'c:\\GitHub\\Cuphead\\modes\\base\\sounds\\music\\cupMusic6.ogg'}
2020-10-05 17:38:56,414 : AssetManager : Registering Asset: cupMusic7, File: cupMusic7.ogg, Default Group: default, Final Config: {'load': 'preload', 'file': 'c:\\GitHub\\Cuphead\\modes\\base\\sounds\\music\\cupMusic7.ogg'}
2020-10-05 17:38:56,414 : AssetManager : Registering Asset: cupMusic8, File: cupMusic8.ogg, Default Group: default, Final Config: {'load': 'preload', 'file': 'c:\\GitHub\\Cuphead\\modes\\base\\sounds\\music\\cupMusic8.ogg'}
2020-10-05 17:38:56,414 : AssetManager : Registering Asset: cupMusic9, File: cupMusic9.ogg, Default Group: default, Final Config: {'load': 'preload', 'file': 'c:\\GitHub\\Cuphead\\modes\\base\\sounds\\music\\cupMusic9.ogg'}
2020-10-05 17:38:56,414 : AssetManager : Registering Asset: game_play_1, File: game_play_1.ogg, Default Group: default, Final Config: {'load': 'preload', 'file': 'c:\\GitHub\\Cuphead\\modes\\base\\sounds\\music\\game_play_1.ogg'}
2020-10-05 17:38:56,418 : AssetManager : Registering Asset: attract_music, File: attract_music.ogg, Default Group: default, Final Config: {'load': 'preload', 'file': 'c:\\GitHub\\Cuphead\\modes\\attract\\sounds\\music\\attract_music.ogg'}
2020-10-05 17:38:56,419 : EventManager : Event: ======'init_phase_4'====== Args={}
2020-10-05 17:38:56,419 : EventManager : Event: ======'init_phase_5'====== Args={}
2020-10-05 17:38:58,731 : EventManager : Event: ======'loading_assets'====== Args={'total': 12, 'loaded': 1, 'remaining': 11, 'percent': 8}
2020-10-05 17:38:58,732 : AssetManager : Loading assets: 1/12 (8%)
2020-10-05 17:39:00,095 : EventManager : Event: ======'loading_assets'====== Args={'total': 12, 'loaded': 4, 'remaining': 8, 'percent': 33}
2020-10-05 17:39:00,095 : AssetManager : Loading assets: 4/12 (33%)
2020-10-05 17:39:00,852 : EventManager : Event: ======'loading_assets'====== Args={'total': 12, 'loaded': 6, 'remaining': 6, 'percent': 50}
2020-10-05 17:39:01,715 : AssetManager : Loading assets: 6/12 (50%)
2020-10-05 17:39:03,021 : EventManager : Event: ======'loading_assets'====== Args={'total': 12, 'loaded': 8, 'remaining': 4, 'percent': 67}
2020-10-05 17:39:03,021 : AssetManager : Loading assets: 8/12 (67%)
2020-10-05 17:39:06,179 : EventManager : Event: ======'loading_assets'====== Args={'total': 12, 'loaded': 10, 'remaining': 2, 'percent': 83}
2020-10-05 17:39:06,180 : AssetManager : Loading assets: 10/12 (83%)
2020-10-05 17:39:06,180 : EventManager : Event: ======'loading_assets'====== Args={'total': 12, 'loaded': 12, 'remaining': 0, 'percent': 100}
2020-10-05 17:39:06,180 : AssetManager : Asset loading took: 9.890505313873291
2020-10-05 17:39:06,180 : EventManager : Event: ======'asset_loading_complete'====== Args={}
2020-10-05 17:39:06,180 : AssetManager : Loading assets: 12/12 (100%)
2020-10-05 17:39:06,180 : EventManager : Event: ======'init_done'====== Args={}
2020-10-05 17:39:06,181 : MPF-MC BCP Server : Starting up on localhost port 5050
2020-10-05 17:39:06,191 : MPF-MC BCP Server : Waiting for a connection...
2020-10-05 17:39:06,191 : mpfmc : SlidePlayer: Play called with settings={'slides': {welcome_slide-None-None: {'priority': None, 'target': None, 'background_color': [0.0, 0.0, 0.0, 1.0], 'show': True, 'force': False, 'expire': None, 'slide': None, 'tokens': {}, 'action': 'play', 'transition': None, 'transition_out': None}}}
2020-10-05 17:39:06,204 : kivy : GL: NPOT texture support is available
2020-10-05 17:39:06,205 : EventManager : Event: ======'slide_welcome_slide_created'====== Args={}
2020-10-05 17:39:06,207 : EventManager : Event: ======'slide_welcome_slide_active'====== Args={}
2020-10-05 17:39:06,224 : EventManager : Event: ======'client_disconnected'====== Args={'host': '127.0.0.1', 'port': 5050}
2020-10-05 17:39:08,275 : MPF-MC BCP Server : Received connection from: 127.0.0.1:49163
2020-10-05 17:39:08,287 : EventManager : Event: ======'client_connected'====== Args={'host': '127.0.0.1', 'port': 49163}
2020-10-05 17:39:08,299 : EventManager : Event: ======'machine_var_credits_string'====== Args={'value': 'FREE PLAY', 'prev_value': None, 'change': True}
2020-10-05 17:39:08,299 : EventManager : Event: ======'machine_var_player1_score'====== Args={'value': 16340, 'prev_value': None, 'change': True}
2020-10-05 17:39:08,300 : EventManager : Event: ======'machine_var_mpf_version'====== Args={'value': 'MPF v0.54.0-dev.72', 'prev_value': None, 'change': True}
2020-10-05 17:39:08,300 : EventManager : Event: ======'machine_var_mpf_extended_version'====== Args={'value': 'MPF v0.54.0-dev.72, Config version:5, Show version: 5, BCP version:1.1', 'prev_value': None, 'change': True}
2020-10-05 17:39:08,300 : EventManager : Event: ======'machine_var_python_version'====== Args={'value': '3.6.4', 'prev_value': None, 'change': True}
2020-10-05 17:39:08,300 : EventManager : Event: ======'machine_var_platform'====== Args={'value': 'Windows-10-10.0.18362-SP0', 'prev_value': None, 'change': True}
2020-10-05 17:39:08,300 : EventManager : Event: ======'machine_var_platform_system'====== Args={'value': 'Windows', 'prev_value': None, 'change': True}
2020-10-05 17:39:08,300 : EventManager : Event: ======'machine_var_platform_release'====== Args={'value': '10', 'prev_value': None, 'change': True}
2020-10-05 17:39:08,301 : EventManager : Event: ======'machine_var_platform_version'====== Args={'value': '10.0.18362', 'prev_value': None, 'change': True}
2020-10-05 17:39:08,301 : EventManager : Event: ======'machine_var_platform_machine'====== Args={'value': 'AMD64', 'prev_value': None, 'change': True}
2020-10-05 17:39:08,301 : EventManager : Event: ======'machine_var_mc_version'====== Args={'value': 'MPF-MC v0.54.0-dev.20', 'prev_value': None, 'change': True}
2020-10-05 17:39:08,301 : EventManager : Event: ======'machine_var_mc_extended_version'====== Args={'value': 'MPF-MC v0.54.0-dev.20 (config_version=5, BCP v1.1, Requires MPF v0.54.0-dev.68)', 'prev_value': None, 'change': True}
2020-10-05 17:39:08,301 : EventManager : Event: ======'machine_var_master_volume'====== Args={'value': 0.5, 'prev_value': None, 'change': True}
2020-10-05 17:39:08,407 : EventManager : Event: ======'machine_var_audits_events_game_ended'====== Args={'value': 21, 'prev_value': None, 'change': True}
2020-10-05 17:39:08,410 : EventManager : Event: ======'machine_var_audits_events_game_started'====== Args={'value': 40, 'prev_value': None, 'change': True}
2020-10-05 17:39:08,411 : EventManager : Event: ======'machine_var_audits_player_score'====== Args={'value': {'average': 530.4761904761905, 'top': [2970, 1300, 1220, 980, 880, 780, 720, 710, 630, 590], 'total': 21}, 'prev_value': None, 'change': True}
2020-10-05 17:39:08,411 : EventManager : Event: ======'machine_var_audits_shots_soul_L'====== Args={'value': 269, 'prev_value': None, 'change': True}
2020-10-05 17:39:08,412 : EventManager : Event: ======'machine_var_audits_shots_soul_O'====== Args={'value': 276, 'prev_value': None, 'change': True}
2020-10-05 17:39:08,414 : EventManager : Event: ======'machine_var_audits_shots_soul_S'====== Args={'value': 309, 'prev_value': None, 'change': True}
2020-10-05 17:39:08,414 : EventManager : Event: ======'machine_var_audits_shots_soul_U'====== Args={'value': 271, 'prev_value': None, 'change': True}
2020-10-05 17:39:08,415 : EventManager : Event: ======'machine_var_audits_switches_s_coin'====== Args={'value': 20, 'prev_value': None, 'change': True}
2020-10-05 17:39:08,415 : EventManager : Event: ======'machine_var_audits_switches_s_dash_L'====== Args={'value': 0, 'prev_value': None, 'change': True}
2020-10-05 17:39:08,415 : EventManager : Event: ======'machine_var_audits_switches_s_dash_R'====== Args={'value': 0, 'prev_value': None, 'change': True}
2020-10-05 17:39:08,416 : EventManager : Event: ======'machine_var_audits_switches_s_dtSling_L'====== Args={'value': 0, 'prev_value': None, 'change': True}
2020-10-05 17:39:08,417 : EventManager : Event: ======'machine_var_audits_switches_s_dtSling_R'====== Args={'value': 0, 'prev_value': None, 'change': True}
2020-10-05 17:39:08,418 : EventManager : Event: ======'machine_var_audits_switches_s_dt_C'====== Args={'value': 119, 'prev_value': None, 'change': True}
2020-10-05 17:39:08,418 : EventManager : Event: ======'machine_var_audits_switches_s_dt_G'====== Args={'value': 43, 'prev_value': None, 'change': True}
2020-10-05 17:39:08,419 : EventManager : Event: ======'machine_var_audits_switches_s_dt_M'====== Args={'value': 42, 'prev_value': None, 'change': True}
2020-10-05 17:39:08,419 : EventManager : Event: ======'machine_var_audits_switches_s_dt_P'====== Args={'value': 99, 'prev_value': None, 'change': True}
2020-10-05 17:39:08,420 : EventManager : Event: ======'machine_var_audits_switches_s_dt_U'====== Args={'value': 107, 'prev_value': None, 'change': True}
2020-10-05 17:39:08,420 : EventManager : Event: ======'machine_var_audits_switches_s_dt_U2'====== Args={'value': 42, 'prev_value': None, 'change': True}
2020-10-05 17:39:08,421 : EventManager : Event: ======'machine_var_audits_switches_s_exit_shooter_lane'====== Args={'value': 382, 'prev_value': None, 'change': True}
2020-10-05 17:39:08,421 : EventManager : Event: ======'machine_var_audits_switches_s_inLane_L'====== Args={'value': 0, 'prev_value': None, 'change': True}
2020-10-05 17:39:08,426 : EventManager : Event: ======'machine_var_audits_switches_s_inLane_R'====== Args={'value': 0, 'prev_value': None, 'change': True}
2020-10-05 17:39:08,427 : EventManager : Event: ======'machine_var_audits_switches_s_kicker'====== Args={'value': 0, 'prev_value': None, 'change': True}
2020-10-05 17:39:08,427 : EventManager : Event: ======'machine_var_audits_switches_s_left_flipper'====== Args={'value': 151, 'prev_value': None, 'change': True}
2020-10-05 17:39:08,428 : EventManager : Event: ======'machine_var_audits_switches_s_midRight'====== Args={'value': 0, 'prev_value': None, 'change': True}
2020-10-05 17:39:08,429 : EventManager : Event: ======'machine_var_audits_switches_s_outLane_L'====== Args={'value': 0, 'prev_value': None, 'change': True}
2020-10-05 17:39:08,429 : EventManager : Event: ======'machine_var_audits_switches_s_outLane_R'====== Args={'value': 0, 'prev_value': None, 'change': True}
2020-10-05 17:39:08,430 : EventManager : Event: ======'machine_var_audits_switches_s_perdition'====== Args={'value': 0, 'prev_value': None, 'change': True}
2020-10-05 17:39:08,430 : EventManager : Event: ======'machine_var_audits_switches_s_playfield'====== Args={'value': 0, 'prev_value': None, 'change': True}
2020-10-05 17:39:08,431 : EventManager : Event: ======'machine_var_audits_switches_s_plunger'====== Args={'value': 626, 'prev_value': None, 'change': True}
2020-10-05 17:39:08,431 : EventManager : Event: ======'machine_var_audits_switches_s_popBumper_1'====== Args={'value': 464, 'prev_value': None, 'change': True}
2020-10-05 17:39:08,431 : EventManager : Event: ======'machine_var_audits_switches_s_popBumper_2'====== Args={'value': 442, 'prev_value': None, 'change': True}
2020-10-05 17:39:08,434 : EventManager : Event: ======'machine_var_audits_switches_s_popBumper_3'====== Args={'value': 164, 'prev_value': None, 'change': True}
2020-10-05 17:39:08,434 : EventManager : Event: ======'machine_var_audits_switches_s_pop_bumper1'====== Args={'value': 120, 'prev_value': None, 'change': True}
2020-10-05 17:39:08,434 : EventManager : Event: ======'machine_var_audits_switches_s_pop_bumper2'====== Args={'value': 153, 'prev_value': None, 'change': True}
2020-10-05 17:39:08,435 : EventManager : Event: ======'machine_var_audits_switches_s_pop_bumper3'====== Args={'value': 100, 'prev_value': None, 'change': True}
2020-10-05 17:39:08,436 : EventManager : Event: ======'machine_var_audits_switches_s_right_flipper'====== Args={'value': 217, 'prev_value': None, 'change': True}
2020-10-05 17:39:08,436 : EventManager : Event: ======'machine_var_audits_switches_s_sling_L'====== Args={'value': 0, 'prev_value': None, 'change': True}
2020-10-05 17:39:08,436 : EventManager : Event: ======'machine_var_audits_switches_s_sling_R'====== Args={'value': 0, 'prev_value': None, 'change': True}
2020-10-05 17:39:08,437 : EventManager : Event: ======'machine_var_audits_switches_s_soul_L'====== Args={'value': 270, 'prev_value': None, 'change': True}
2020-10-05 17:39:08,437 : EventManager : Event: ======'machine_var_audits_switches_s_soul_O'====== Args={'value': 281, 'prev_value': None, 'change': True}
2020-10-05 17:39:08,438 : EventManager : Event: ======'machine_var_audits_switches_s_soul_S'====== Args={'value': 309, 'prev_value': None, 'change': True}
2020-10-05 17:39:08,439 : EventManager : Event: ======'machine_var_audits_switches_s_soul_U'====== Args={'value': 271, 'prev_value': None, 'change': True}
2020-10-05 17:39:08,439 : EventManager : Event: ======'machine_var_audits_switches_s_standUp_1'====== Args={'value': 0, 'prev_value': None, 'change': True}
2020-10-05 17:39:08,439 : EventManager : Event: ======'machine_var_audits_switches_s_standUp_2'====== Args={'value': 0, 'prev_value': None, 'change': True}
2020-10-05 17:39:08,441 : EventManager : Event: ======'machine_var_audits_switches_s_standUp_3'====== Args={'value': 0, 'prev_value': None, 'change': True}
2020-10-05 17:39:08,443 : EventManager : Event: ======'machine_var_audits_switches_s_standUp_R'====== Args={'value': 0, 'prev_value': None, 'change': True}
2020-10-05 17:39:08,444 : EventManager : Event: ======'machine_var_audits_switches_s_star_1'====== Args={'value': 0, 'prev_value': None, 'change': True}
2020-10-05 17:39:08,444 : EventManager : Event: ======'machine_var_audits_switches_s_star_2'====== Args={'value': 0, 'prev_value': None, 'change': True}
2020-10-05 17:39:08,445 : EventManager : Event: ======'machine_var_audits_switches_s_star_3'====== Args={'value': 0, 'prev_value': None, 'change': True}
2020-10-05 17:39:08,445 : EventManager : Event: ======'machine_var_audits_switches_s_start'====== Args={'value': 69, 'prev_value': None, 'change': True}
2020-10-05 17:39:08,446 : EventManager : Event: ======'machine_var_audits_switches_s_tilt'====== Args={'value': 0, 'prev_value': None, 'change': True}
2020-10-05 17:39:08,448 : EventManager : Event: ======'machine_var_audits_switches_s_trough1'====== Args={'value': 555, 'prev_value': None, 'change': True}
2020-10-05 17:39:08,448 : EventManager : Event: ======'machine_var_audits_switches_s_trough2'====== Args={'value': 72, 'prev_value': None, 'change': True}
2020-10-05 17:39:08,459 : EventManager : Event: ======'machine_var_audits_switches_s_trough_jam'====== Args={'value': 13, 'prev_value': None, 'change': True}
2020-10-05 17:39:08,486 : EventManager : Event: ======'slides_play'====== Args={'settings': {'welcome_slide': {'target': None, 'background_color': [0.0, 0.0, 0.0, 1.0], 'priority': None, 'show': True, 'force': False, 'expire': None, 'slide': None, 'tokens': {}, 'action': 'play'}}, 'context': '_global', 'calling_context': 'init_done', 'priority': 0}
2020-10-05 17:39:08,486 : EventManager : Event: ======'mc_reset_phase_1'====== Args={}
2020-10-05 17:39:08,486 : mpfmc : SlidePlayer: Play called with settings={'welcome_slide': {'target': None, 'background_color': [0.0, 0.0, 0.0, 1.0], 'priority': None, 'show': True, 'force': False, 'expire': None, 'slide': None, 'tokens': {}, 'action': 'play'}}
2020-10-05 17:39:08,487 : EventManager : Event: ======'slide_welcome_slide_removed'====== Args={}
2020-10-05 17:39:08,492 : EventManager : Event: ======'slide_welcome_slide_created'====== Args={}
2020-10-05 17:39:08,494 : EventManager : Event: ======'mc_reset_phase_2'====== Args={}
2020-10-05 17:39:08,494 : EventManager : Event: ======'mc_reset_phase_3'====== Args={}
2020-10-05 17:39:08,494 : EventManager : Event: ======'mc_reset_complete'====== Args={}
2020-10-05 17:39:08,495 : EventManager : Event: ======'slide_welcome_slide_active'====== Args={}
2020-10-05 17:39:08,509 : EventManager : Event: ======'slides_play'====== Args={'settings': {'awesome_slide': {'widgets': [{'type': 'text', 'text': 'Cuphead Pinball', 'font_size': 50, '_default_settings': ['type', 'text', 'font_size'], 'x': None, 'y': None, 'anchor_x': 'center', 'anchor_y': 'center', 'round_anchor_x': None, 'round_anchor_y': None, 'opacity': 1.0, 'z': 0, 'reset_animations_events': {}, 'color': [1.0, 1.0, 1.0, 1.0], 'style': [], 'adjust_top': 0, 'adjust_bottom': 0, 'adjust_left': 0, 'adjust_right': 0, 'expire': None, 'key': None, 'widget': None, 'events_when_added': [], 'events_when_removed': [], 'bitmap_font': False, 'font_kerning': True, 'bold': False, 'italic': False, 'number_grouping': False, 'min_digits': 0, 'halign': 'center', 'valign': 'middle', 'rotation': 0, 'scale': 1.0, 'casing': None, 'animations': None}], 'transition': {'type': 'push', 'duration': 1.0, 'direction': 'left', 'easing': 'out_quad'}, 'target': None, 'background_color': [0.0, 0.0, 0.0, 1.0], 'priority': None, 'show': True, 'force': False, 'expire': None, 'slide': None, 'tokens': {}, 'action': 'play'}}, 'context': 'show_1', 'calling_context': 0, 'priority': 10, 'show_tokens': {}, 'start_time': 515591.781}
2020-10-05 17:39:08,510 : EventManager : Event: ======'sounds_play'====== Args={'settings': {'attract_music': {'loops': -1, 'mode_end_action': 'stop', 'priority': None, 'action': 'play', 'track': None, 'volume': None, 'pan': None, 'start_at': None, 'fade_in': None, 'fade_out': None, 'about_to_finish_time': -1.0, 'max_queue_time': -1.0, 'events_when_played': ['use_sound_setting'], 'events_when_stopped': ['use_sound_setting'], 'events_when_looping': ['use_sound_setting'], 'events_when_about_to_finish': ['use_sound_setting'], 'key': 'use_sound_setting'}}, 'context': 'attract', 'calling_context': 'mode_attract_started', 'priority': 10}
2020-10-05 17:39:08,510 : mpfmc : SlidePlayer: Play called with settings={'awesome_slide': {'widgets': [{'type': 'text', 'text': 'Cuphead Pinball', 'font_size': 50, '_default_settings': ['type', 'text', 'font_size'], 'x': None, 'y': None, 'anchor_x': 'center', 'anchor_y': 'center', 'round_anchor_x': None, 'round_anchor_y': None, 'opacity': 1.0, 'z': 0, 'reset_animations_events': {}, 'color': [1.0, 1.0, 1.0, 1.0], 'style': [], 'adjust_top': 0, 'adjust_bottom': 0, 'adjust_left': 0, 'adjust_right': 0, 'expire': None, 'key': None, 'widget': None, 'events_when_added': [], 'events_when_removed': [], 'bitmap_font': False, 'font_kerning': True, 'bold': False, 'italic': False, 'number_grouping': False, 'min_digits': 0, 'halign': 'center', 'valign': 'middle', 'rotation': 0, 'scale': 1.0, 'casing': None, 'animations': None}], 'transition': {'type': 'push', 'duration': 1.0, 'direction': 'left', 'easing': 'out_quad'}, 'target': None, 'background_color': [0.0, 0.0, 0.0, 1.0], 'priority': None, 'show': True, 'force': False, 'expire': None, 'slide': None, 'tokens': {}, 'action': 'play'}}
2020-10-05 17:39:08,519 : EventManager : Event: ======'slide_awesome_slide_created'====== Args={}
2020-10-05 17:39:08,526 : EventManager : Event: ======'slide_awesome_slide_active'====== Args={}
2020-10-05 17:39:09,807 : EventManager : Event: ======'game_started'====== Args={}
2020-10-05 17:39:09,808 : EventManager : Event: ======'slides_clear'====== Args={'context': 'show_1'}
2020-10-05 17:39:09,808 : EventManager : Event: ======'sounds_clear'====== Args={'context': 'attract'}
2020-10-05 17:39:09,810 : EventManager : Event: ======'slide_awesome_slide_removed'====== Args={}
2020-10-05 17:39:09,811 : EventManager : Event: ======'slide_welcome_slide_active'====== Args={}
2020-10-05 17:39:09,856 : EventManager : Event: ======'player_added'====== Args={'player': <Player 1>, 'num': 1}
2020-10-05 17:39:09,862 : EventManager : Event: ======'player_index'====== Args={'value': 0, 'prev_value': 0, 'change': 0, 'player_num': 1}
2020-10-05 17:39:09,862 : EventManager : Event: ======'player_number'====== Args={'value': 1, 'prev_value': 1, 'change': 0, 'player_num': 1}
2020-10-05 17:39:09,863 : EventManager : Event: ======'player_score'====== Args={'value': 0, 'prev_value': 0, 'change': 0, 'player_num': 1}
2020-10-05 17:39:09,863 : EventManager : Event: ======'player_bonus_multiplier'====== Args={'value': 1, 'prev_value': 0, 'change': 1, 'player_num': 1}
2020-10-05 17:39:09,864 : EventManager : Event: ======'player_contracts'====== Args={'value': 0, 'prev_value': 0, 'change': 0, 'player_num': 1}
2020-10-05 17:39:09,891 : EventManager : Event: ======'player_ball'====== Args={'value': 1, 'prev_value': 0, 'change': 1, 'player_num': 1}
2020-10-05 17:39:09,904 : EventManager : Event: ======'player_turn_start'====== Args={'number': 1, 'player': <Player 1>}
2020-10-05 17:39:09,940 : EventManager : Event: ======'player_shot_soul_S_enabled'====== Args={'value': True, 'prev_value': 0, 'change': 1, 'player_num': 1}
2020-10-05 17:39:09,941 : EventManager : Event: ======'player_shot_soul_O_enabled'====== Args={'value': True, 'prev_value': 0, 'change': 1, 'player_num': 1}
2020-10-05 17:39:09,941 : EventManager : Event: ======'player_shot_soul_U_enabled'====== Args={'value': True, 'prev_value': 0, 'change': 1, 'player_num': 1}
2020-10-05 17:39:09,941 : EventManager : Event: ======'player_shot_soul_L_enabled'====== Args={'value': True, 'prev_value': 0, 'change': 1, 'player_num': 1}
2020-10-05 17:39:09,952 : EventManager : Event: ======'sounds_play'====== Args={'settings': {'poolCupHeadBase': {'loops': -1, 'priority': None, 'action': 'play', 'track': None, 'volume': None, 'pan': None, 'start_at': None, 'fade_in': None, 'fade_out': None, 'about_to_finish_time': -1.0, 'max_queue_time': -1.0, 'events_when_played': ['use_sound_setting'], 'events_when_stopped': ['use_sound_setting'], 'events_when_looping': ['use_sound_setting'], 'events_when_about_to_finish': ['use_sound_setting'], 'mode_end_action': 'use_sound_setting', 'key': 'use_sound_setting'}}, 'context': 'base', 'calling_context': 'mode_base_started', 'priority': 100, 'queue': '<QueuedEvent>', 'player': 1, 'ball': 1, 'balls_remaining': 4, 'is_extra_ball': False}
2020-10-05 17:39:09,953 : EventManager : Event: ======'slides_play'====== Args={'settings': {'widgets': {'widgets': [{'type': 'text', 'text': '(score)', 'number_grouping': True, 'min_digits': 2, 'font_size': 100, '_default_settings': ['type', 'text', 'number_grouping', 'min_digits', 'font_size'], 'x': None, 'y': None, 'anchor_x': 'center', 'anchor_y': 'center', 'round_anchor_x': None, 'round_anchor_y': None, 'opacity': 1.0, 'z': 0, 'reset_animations_events': {}, 'color': [1.0, 1.0, 1.0, 1.0], 'style': [], 'adjust_top': 0, 'adjust_bottom': 0, 'adjust_left': 0, 'adjust_right': 0, 'expire': None, 'key': None, 'widget': None, 'events_when_added': [], 'events_when_removed': [], 'bitmap_font': False, 'font_kerning': True, 'bold': False, 'italic': False, 'halign': 'center', 'valign': 'middle', 'rotation': 0, 'scale': 1.0, 'casing': None, 'animations': None}, {'type': 'text', 'text': 'Player (player)', 'y': '10', 'x': '10', 'font_size': 30, 'anchor_x': 'left', 'anchor_y': 'bottom', '_default_settings': ['type', 'text', 'y', 'x', 'font_size', 'anchor_x', 'anchor_y'], 'round_anchor_x': None, 'round_anchor_y': None, 'opacity': 1.0, 'z': 0, 'reset_animations_events': {}, 'color': [1.0, 1.0, 1.0, 1.0], 'style': [], 'adjust_top': 0, 'adjust_bottom': 0, 'adjust_left': 0, 'adjust_right': 0, 'expire': None, 'key': None, 'widget': None, 'events_when_added': [], 'events_when_removed': [], 'bitmap_font': False, 'font_kerning': True, 'bold': False, 'italic': False, 'number_grouping': False, 'min_digits': 0, 'halign': 'center', 'valign': 'middle', 'rotation': 0, 'scale': 1.0, 'casing': None, 'animations': None}, {'type': 'text', 'text': 'BALL (ball)', 'y': '10', 'x': 'right-10', 'anchor_x': 'right', 'anchor_y': 'bottom', 'font_size': 50, '_default_settings': ['type', 'text', 'y', 'x', 'anchor_x', 'anchor_y', 'font_size'], 'round_anchor_x': None, 'round_anchor_y': None, 'opacity': 1.0, 'z': 0, 'reset_animations_events': {}, 'color': [1.0, 1.0, 1.0, 1.0], 'style': [], 'adjust_top': 0, 'adjust_bottom': 0, 'adjust_left': 0, 'adjust_right': 0, 'expire': None, 'key': None, 'widget': None, 'events_when_added': [], 'events_when_removed': [], 'bitmap_font': False, 'font_kerning': True, 'bold': False, 'italic': False, 'number_grouping': False, 'min_digits': 0, 'halign': 'center', 'valign': 'middle', 'rotation': 0, 'scale': 1.0, 'casing': None, 'animations': None}], 'target': None, 'background_color': [0.0, 0.0, 0.0, 1.0], 'priority': None, 'show': True, 'force': False, 'expire': None, 'slide': None, 'tokens': {}, 'action': 'play'}}, 'context': 'base', 'calling_context': 'mode_base_started', 'priority': 100, 'queue': '<QueuedEvent>', 'player': 1, 'ball': 1, 'balls_remaining': 4, 'is_extra_ball': False}
2020-10-05 17:39:09,954 : mpfmc : SlidePlayer: Play called with settings={'widgets': {'widgets': [{'type': 'text', 'text': '(score)', 'number_grouping': True, 'min_digits': 2, 'font_size': 100, '_default_settings': ['type', 'text', 'number_grouping', 'min_digits', 'font_size'], 'x': None, 'y': None, 'anchor_x': 'center', 'anchor_y': 'center', 'round_anchor_x': None, 'round_anchor_y': None, 'opacity': 1.0, 'z': 0, 'reset_animations_events': {}, 'color': [1.0, 1.0, 1.0, 1.0], 'style': [], 'adjust_top': 0, 'adjust_bottom': 0, 'adjust_left': 0, 'adjust_right': 0, 'expire': None, 'key': None, 'widget': None, 'events_when_added': [], 'events_when_removed': [], 'bitmap_font': False, 'font_kerning': True, 'bold': False, 'italic': False, 'halign': 'center', 'valign': 'middle', 'rotation': 0, 'scale': 1.0, 'casing': None, 'animations': None}, {'type': 'text', 'text': 'Player (player)', 'y': '10', 'x': '10', 'font_size': 30, 'anchor_x': 'left', 'anchor_y': 'bottom', '_default_settings': ['type', 'text', 'y', 'x', 'font_size', 'anchor_x', 'anchor_y'], 'round_anchor_x': None, 'round_anchor_y': None, 'opacity': 1.0, 'z': 0, 'reset_animations_events': {}, 'color': [1.0, 1.0, 1.0, 1.0], 'style': [], 'adjust_top': 0, 'adjust_bottom': 0, 'adjust_left': 0, 'adjust_right': 0, 'expire': None, 'key': None, 'widget': None, 'events_when_added': [], 'events_when_removed': [], 'bitmap_font': False, 'font_kerning': True, 'bold': False, 'italic': False, 'number_grouping': False, 'min_digits': 0, 'halign': 'center', 'valign': 'middle', 'rotation': 0, 'scale': 1.0, 'casing': None, 'animations': None}, {'type': 'text', 'text': 'BALL (ball)', 'y': '10', 'x': 'right-10', 'anchor_x': 'right', 'anchor_y': 'bottom', 'font_size': 50, '_default_settings': ['type', 'text', 'y', 'x', 'anchor_x', 'anchor_y', 'font_size'], 'round_anchor_x': None, 'round_anchor_y': None, 'opacity': 1.0, 'z': 0, 'reset_animations_events': {}, 'color': [1.0, 1.0, 1.0, 1.0], 'style': [], 'adjust_top': 0, 'adjust_bottom': 0, 'adjust_left': 0, 'adjust_right': 0, 'expire': None, 'key': None, 'widget': None, 'events_when_added': [], 'events_when_removed': [], 'bitmap_font': False, 'font_kerning': True, 'bold': False, 'italic': False, 'number_grouping': False, 'min_digits': 0, 'halign': 'center', 'valign': 'middle', 'rotation': 0, 'scale': 1.0, 'casing': None, 'animations': None}], 'target': None, 'background_color': [0.0, 0.0, 0.0, 1.0], 'priority': None, 'show': True, 'force': False, 'expire': None, 'slide': None, 'tokens': {}, 'action': 'play'}}
2020-10-05 17:39:09,984 : EventManager : Event: ======'slide_base.slide_player-mode_base_started_created'====== Args={}
2020-10-05 17:39:09,990 : EventManager : Event: ======'slide_base.slide_player-mode_base_started_active'====== Args={}
2020-10-05 17:39:10,055 : EventManager : Event: ======'player_bonus_multiplier'====== Args={'value': 0, 'prev_value': 1, 'change': -1, 'player_num': 1}
2020-10-05 17:39:10,055 : EventManager : Event: ======'widgets_play'====== Args={'settings': {'soul_lanes_banner': {'priority': 0, 'slide': None, 'action': 'add', 'key': None, 'target': None}}, 'context': 'soulLanes', 'calling_context': 'mode_soulLanes_started', 'priority': 110, 'player': 1, 'ball': 1, 'balls_remaining': 4, 'is_extra_ball': False}
2020-10-05 17:39:10,055 : EventManager : Event: ======'widgets_play'====== Args={'settings': {'contracts_banner': {'priority': 0, 'slide': None, 'action': 'add', 'key': None, 'target': None}}, 'context': 'base', 'calling_context': 'mode_soulLanes_started', 'priority': 100, 'player': 1, 'ball': 1, 'balls_remaining': 4, 'is_extra_ball': False}
2020-10-05 17:39:10,245 : EventManager : Event: ======'machine_var_audits_switches_s_plunger'====== Args={'value': 627, 'prev_value': 626, 'change': 1}
2020-10-05 17:39:18,876 : EventManager : Event: ======'machine_var_audits_switches_s_exit_shooter_lane'====== Args={'value': 383, 'prev_value': 382, 'change': 1}
2020-10-05 17:39:22,632 : EventManager : Event: ======'machine_var_audits_switches_s_soul_S'====== Args={'value': 310, 'prev_value': 309, 'change': 1}
2020-10-05 17:39:22,646 : EventManager : Event: ======'player_shot_soul_S'====== Args={'value': 1, 'prev_value': 0, 'change': 1, 'player_num': 1}
2020-10-05 17:39:22,647 : EventManager : Event: ======'machine_var_audits_shots_soul_S'====== Args={'value': 310, 'prev_value': 309, 'change': 1}
2020-10-05 17:39:22,647 : EventManager : Event: ======'player_score'====== Args={'value': 10, 'prev_value': 0, 'change': 10, 'player_num': 1}
2020-10-05 17:39:23,651 : EventManager : Event: ======'machine_var_audits_switches_s_soul_O'====== Args={'value': 282, 'prev_value': 281, 'change': 1}
2020-10-05 17:39:23,651 : EventManager : Event: ======'player_shot_soul_O'====== Args={'value': 1, 'prev_value': 0, 'change': 1, 'player_num': 1}
2020-10-05 17:39:23,663 : EventManager : Event: ======'machine_var_audits_shots_soul_O'====== Args={'value': 277, 'prev_value': 276, 'change': 1}
2020-10-05 17:39:23,664 : EventManager : Event: ======'player_score'====== Args={'value': 20, 'prev_value': 10, 'change': 10, 'player_num': 1}
2020-10-05 17:39:25,035 : EventManager : Event: ======'machine_var_audits_switches_s_soul_U'====== Args={'value': 272, 'prev_value': 271, 'change': 1}
2020-10-05 17:39:25,047 : EventManager : Event: ======'player_shot_soul_U'====== Args={'value': 1, 'prev_value': 0, 'change': 1, 'player_num': 1}
2020-10-05 17:39:25,047 : EventManager : Event: ======'machine_var_audits_shots_soul_U'====== Args={'value': 272, 'prev_value': 271, 'change': 1}
2020-10-05 17:39:25,047 : EventManager : Event: ======'player_score'====== Args={'value': 30, 'prev_value': 20, 'change': 10, 'player_num': 1}
2020-10-05 17:39:27,376 : EventManager : Event: ======'machine_var_audits_switches_s_soul_L'====== Args={'value': 271, 'prev_value': 270, 'change': 1}
2020-10-05 17:39:27,376 : EventManager : Event: ======'player_shot_soul_L'====== Args={'value': 1, 'prev_value': 0, 'change': 1, 'player_num': 1}
2020-10-05 17:39:27,390 : EventManager : Event: ======'machine_var_audits_shots_soul_L'====== Args={'value': 270, 'prev_value': 269, 'change': 1}
2020-10-05 17:39:27,390 : EventManager : Event: ======'player_score'====== Args={'value': 40, 'prev_value': 30, 'change': 10, 'player_num': 1}
2020-10-05 17:39:27,405 : EventManager : Event: ======'player_score'====== Args={'value': 1040, 'prev_value': 40, 'change': 1000, 'player_num': 1}
2020-10-05 17:39:27,405 : EventManager : Event: ======'player_bonus_multiplier'====== Args={'value': 1, 'prev_value': 0, 'change': 1, 'player_num': 1}
2020-10-05 17:39:28,404 : EventManager : Event: ======'player_shot_soul_S'====== Args={'value': 0, 'prev_value': 1, 'change': -1, 'player_num': 1}
2020-10-05 17:39:28,405 : EventManager : Event: ======'player_shot_soul_O'====== Args={'value': 0, 'prev_value': 1, 'change': -1, 'player_num': 1}
2020-10-05 17:39:28,405 : EventManager : Event: ======'player_shot_soul_U'====== Args={'value': 0, 'prev_value': 1, 'change': -1, 'player_num': 1}
2020-10-05 17:39:28,405 : EventManager : Event: ======'player_shot_soul_L'====== Args={'value': 0, 'prev_value': 1, 'change': -1, 'player_num': 1}
2020-10-05 17:39:30,503 : EventManager : Event: ======'machine_var_audits_switches_s_soul_S'====== Args={'value': 311, 'prev_value': 310, 'change': 1}
2020-10-05 17:39:30,504 : EventManager : Event: ======'player_shot_soul_S'====== Args={'value': 1, 'prev_value': 0, 'change': 1, 'player_num': 1}
2020-10-05 17:39:30,504 : EventManager : Event: ======'machine_var_audits_shots_soul_S'====== Args={'value': 311, 'prev_value': 310, 'change': 1}
2020-10-05 17:39:30,504 : EventManager : Event: ======'player_score'====== Args={'value': 1050, 'prev_value': 1040, 'change': 10, 'player_num': 1}
2020-10-05 17:39:31,837 : EventManager : Event: ======'machine_var_audits_switches_s_soul_O'====== Args={'value': 283, 'prev_value': 282, 'change': 1}
2020-10-05 17:39:31,838 : EventManager : Event: ======'player_shot_soul_O'====== Args={'value': 1, 'prev_value': 0, 'change': 1, 'player_num': 1}
2020-10-05 17:39:31,838 : EventManager : Event: ======'machine_var_audits_shots_soul_O'====== Args={'value': 278, 'prev_value': 277, 'change': 1}
2020-10-05 17:39:31,838 : EventManager : Event: ======'player_score'====== Args={'value': 1060, 'prev_value': 1050, 'change': 10, 'player_num': 1}
2020-10-05 17:39:33,278 : EventManager : Event: ======'machine_var_audits_switches_s_soul_U'====== Args={'value': 273, 'prev_value': 272, 'change': 1}
2020-10-05 17:39:33,278 : EventManager : Event: ======'player_shot_soul_U'====== Args={'value': 1, 'prev_value': 0, 'change': 1, 'player_num': 1}
2020-10-05 17:39:33,278 : EventManager : Event: ======'machine_var_audits_shots_soul_U'====== Args={'value': 273, 'prev_value': 272, 'change': 1}
2020-10-05 17:39:33,279 : EventManager : Event: ======'player_score'====== Args={'value': 1070, 'prev_value': 1060, 'change': 10, 'player_num': 1}
2020-10-05 17:39:34,970 : EventManager : Event: ======'machine_var_audits_switches_s_soul_L'====== Args={'value': 272, 'prev_value': 271, 'change': 1}
2020-10-05 17:39:34,970 : EventManager : Event: ======'player_shot_soul_L'====== Args={'value': 1, 'prev_value': 0, 'change': 1, 'player_num': 1}
2020-10-05 17:39:34,970 : EventManager : Event: ======'machine_var_audits_shots_soul_L'====== Args={'value': 271, 'prev_value': 270, 'change': 1}
2020-10-05 17:39:34,970 : EventManager : Event: ======'player_score'====== Args={'value': 1080, 'prev_value': 1070, 'change': 10, 'player_num': 1}
2020-10-05 17:39:34,971 : EventManager : Event: ======'player_score'====== Args={'value': 2080, 'prev_value': 1080, 'change': 1000, 'player_num': 1}
2020-10-05 17:39:34,971 : EventManager : Event: ======'player_bonus_multiplier'====== Args={'value': 2, 'prev_value': 1, 'change': 1, 'player_num': 1}
2020-10-05 17:39:35,972 : EventManager : Event: ======'player_shot_soul_S'====== Args={'value': 0, 'prev_value': 1, 'change': -1, 'player_num': 1}
2020-10-05 17:39:35,972 : EventManager : Event: ======'player_shot_soul_O'====== Args={'value': 0, 'prev_value': 1, 'change': -1, 'player_num': 1}
2020-10-05 17:39:35,972 : EventManager : Event: ======'player_shot_soul_U'====== Args={'value': 0, 'prev_value': 1, 'change': -1, 'player_num': 1}
2020-10-05 17:39:35,973 : EventManager : Event: ======'player_shot_soul_L'====== Args={'value': 0, 'prev_value': 1, 'change': -1, 'player_num': 1}
2020-10-05 17:39:39,386 : EventManager : Event: ======'machine_var_audits_switches_s_dt_M'====== Args={'value': 43, 'prev_value': 42, 'change': 1}
2020-10-05 17:39:39,386 : EventManager : Event: ======'player_score'====== Args={'value': 2180, 'prev_value': 2080, 'change': 100, 'player_num': 1}
2020-10-05 17:39:40,821 : EventManager : Event: ======'machine_var_audits_switches_s_dt_U2'====== Args={'value': 43, 'prev_value': 42, 'change': 1}
2020-10-05 17:39:40,821 : EventManager : Event: ======'player_score'====== Args={'value': 2280, 'prev_value': 2180, 'change': 100, 'player_num': 1}
2020-10-05 17:39:42,698 : EventManager : Event: ======'machine_var_audits_switches_s_dt_G'====== Args={'value': 44, 'prev_value': 43, 'change': 1}
2020-10-05 17:39:42,745 : EventManager : Event: ======'player_score'====== Args={'value': 2380, 'prev_value': 2280, 'change': 100, 'player_num': 1}
2020-10-05 17:39:42,745 : EventManager : Event: ======'player_contracts'====== Args={'value': 1, 'prev_value': 0, 'change': 1, 'player_num': 1}
2020-10-05 17:39:47,542 : EventManager : Event: ======'machine_var_audits_switches_s_dt_C'====== Args={'value': 120, 'prev_value': 119, 'change': 1}
2020-10-05 17:39:47,618 : EventManager : Event: ======'player_score'====== Args={'value': 2480, 'prev_value': 2380, 'change': 100, 'player_num': 1}
2020-10-05 17:39:48,844 : EventManager : Event: ======'machine_var_audits_switches_s_dt_U'====== Args={'value': 108, 'prev_value': 107, 'change': 1}
2020-10-05 17:39:48,857 : EventManager : Event: ======'player_score'====== Args={'value': 2580, 'prev_value': 2480, 'change': 100, 'player_num': 1}
2020-10-05 17:39:50,495 : EventManager : Event: ======'machine_var_audits_switches_s_dt_P'====== Args={'value': 100, 'prev_value': 99, 'change': 1}
2020-10-05 17:39:50,495 : EventManager : Event: ======'player_score'====== Args={'value': 2680, 'prev_value': 2580, 'change': 100, 'player_num': 1}
2020-10-05 17:39:50,495 : EventManager : Event: ======'player_contracts'====== Args={'value': 2, 'prev_value': 1, 'change': 1, 'player_num': 1}
2020-10-05 17:39:53,154 : EventManager : Event: ======'machine_var_audits_switches_s_dt_M'====== Args={'value': 44, 'prev_value': 43, 'change': 1}
2020-10-05 17:39:53,154 : EventManager : Event: ======'player_score'====== Args={'value': 2780, 'prev_value': 2680, 'change': 100, 'player_num': 1}
2020-10-05 17:39:53,799 : EventManager : Event: ======'machine_var_audits_switches_s_dt_U2'====== Args={'value': 44, 'prev_value': 43, 'change': 1}
2020-10-05 17:39:53,834 : EventManager : Event: ======'player_score'====== Args={'value': 2880, 'prev_value': 2780, 'change': 100, 'player_num': 1}
2020-10-05 17:39:55,321 : EventManager : Event: ======'machine_var_audits_switches_s_dt_P'====== Args={'value': 101, 'prev_value': 100, 'change': 1}
2020-10-05 17:39:55,322 : EventManager : Event: ======'player_score'====== Args={'value': 2980, 'prev_value': 2880, 'change': 100, 'player_num': 1}
2020-10-05 17:39:57,010 : EventManager : Event: ======'machine_var_audits_switches_s_dt_U'====== Args={'value': 109, 'prev_value': 108, 'change': 1}
2020-10-05 17:39:57,043 : EventManager : Event: ======'player_score'====== Args={'value': 3080, 'prev_value': 2980, 'change': 100, 'player_num': 1}
2020-10-05 17:40:02,974 : EventManager : Event: ======'machine_var_audits_switches_s_trough1'====== Args={'value': 556, 'prev_value': 555, 'change': 1}
2020-10-05 17:40:11,484 : EventManager : Event: ======'player_score'====== Args={'value': 9080, 'prev_value': 3080, 'change': 6000, 'player_num': 1}
2020-10-05 17:40:13,484 : EventManager : Event: ======'player_bonus_multiplier'====== Args={'value': 1, 'prev_value': 2, 'change': -1, 'player_num': 1}
2020-10-05 17:40:13,484 : EventManager : Event: ======'widgets_clear'====== Args={'context': 'bonus'}
2020-10-05 17:40:13,811 : EventManager : Event: ======'sounds_clear'====== Args={'context': 'base'}
2020-10-05 17:40:13,812 : EventManager : Event: ======'widgets_clear'====== Args={'context': 'base'}
2020-10-05 17:40:13,812 : EventManager : Event: ======'slides_clear'====== Args={'context': 'base'}
2020-10-05 17:40:13,816 : EventManager : Event: ======'slide_base.slide_player-mode_base_started_removed'====== Args={}
2020-10-05 17:40:13,819 : EventManager : Event: ======'widgets_clear'====== Args={'context': 'soulLanes'}
2020-10-05 17:40:13,819 : EventManager : Event: ======'player_ball'====== Args={'value': 2, 'prev_value': 1, 'change': 1, 'player_num': 1}
2020-10-05 17:40:13,820 : EventManager : Event: ======'player_contracts'====== Args={'value': 0, 'prev_value': 2, 'change': -2, 'player_num': 1}
2020-10-05 17:40:13,821 : EventManager : Event: ======'sounds_play'====== Args={'settings': {'poolCupHeadBase': {'loops': -1, 'priority': None, 'action': 'play', 'track': None, 'volume': None, 'pan': None, 'start_at': None, 'fade_in': None, 'fade_out': None, 'about_to_finish_time': -1.0, 'max_queue_time': -1.0, 'events_when_played': ['use_sound_setting'], 'events_when_stopped': ['use_sound_setting'], 'events_when_looping': ['use_sound_setting'], 'events_when_about_to_finish': ['use_sound_setting'], 'mode_end_action': 'use_sound_setting', 'key': 'use_sound_setting'}}, 'context': 'base', 'calling_context': 'mode_base_started', 'priority': 100, 'queue': '<QueuedEvent>', 'player': 1, 'ball': 2, 'balls_remaining': 3, 'is_extra_ball': False}
2020-10-05 17:40:13,821 : EventManager : Event: ======'slides_play'====== Args={'settings': {'widgets': {'widgets': [{'type': 'text', 'text': '(score)', 'number_grouping': True, 'min_digits': 2, 'font_size': 100, '_default_settings': ['type', 'text', 'number_grouping', 'min_digits', 'font_size'], 'x': None, 'y': None, 'anchor_x': 'center', 'anchor_y': 'center', 'round_anchor_x': None, 'round_anchor_y': None, 'opacity': 1.0, 'z': 0, 'reset_animations_events': {}, 'color': [1.0, 1.0, 1.0, 1.0], 'style': [], 'adjust_top': 0, 'adjust_bottom': 0, 'adjust_left': 0, 'adjust_right': 0, 'expire': None, 'key': None, 'widget': None, 'events_when_added': [], 'events_when_removed': [], 'bitmap_font': False, 'font_kerning': True, 'bold': False, 'italic': False, 'halign': 'center', 'valign': 'middle', 'rotation': 0, 'scale': 1.0, 'casing': None, 'animations': None}, {'type': 'text', 'text': 'Player (player)', 'y': '10', 'x': '10', 'font_size': 30, 'anchor_x': 'left', 'anchor_y': 'bottom', '_default_settings': ['type', 'text', 'y', 'x', 'font_size', 'anchor_x', 'anchor_y'], 'round_anchor_x': None, 'round_anchor_y': None, 'opacity': 1.0, 'z': 0, 'reset_animations_events': {}, 'color': [1.0, 1.0, 1.0, 1.0], 'style': [], 'adjust_top': 0, 'adjust_bottom': 0, 'adjust_left': 0, 'adjust_right': 0, 'expire': None, 'key': None, 'widget': None, 'events_when_added': [], 'events_when_removed': [], 'bitmap_font': False, 'font_kerning': True, 'bold': False, 'italic': False, 'number_grouping': False, 'min_digits': 0, 'halign': 'center', 'valign': 'middle', 'rotation': 0, 'scale': 1.0, 'casing': None, 'animations': None}, {'type': 'text', 'text': 'BALL (ball)', 'y': '10', 'x': 'right-10', 'anchor_x': 'right', 'anchor_y': 'bottom', 'font_size': 50, '_default_settings': ['type', 'text', 'y', 'x', 'anchor_x', 'anchor_y', 'font_size'], 'round_anchor_x': None, 'round_anchor_y': None, 'opacity': 1.0, 'z': 0, 'reset_animations_events': {}, 'color': [1.0, 1.0, 1.0, 1.0], 'style': [], 'adjust_top': 0, 'adjust_bottom': 0, 'adjust_left': 0, 'adjust_right': 0, 'expire': None, 'key': None, 'widget': None, 'events_when_added': [], 'events_when_removed': [], 'bitmap_font': False, 'font_kerning': True, 'bold': False, 'italic': False, 'number_grouping': False, 'min_digits': 0, 'halign': 'center', 'valign': 'middle', 'rotation': 0, 'scale': 1.0, 'casing': None, 'animations': None}], 'target': None, 'background_color': [0.0, 0.0, 0.0, 1.0], 'priority': None, 'show': True, 'force': False, 'expire': None, 'slide': None, 'tokens': {}, 'action': 'play'}}, 'context': 'base', 'calling_context': 'mode_base_started', 'priority': 100, 'queue': '<QueuedEvent>', 'player': 1, 'ball': 2, 'balls_remaining': 3, 'is_extra_ball': False}
2020-10-05 17:40:13,821 : EventManager : Event: ======'player_bonus_multiplier'====== Args={'value': 0, 'prev_value': 1, 'change': -1, 'player_num': 1}
2020-10-05 17:40:13,822 : EventManager : Event: ======'widgets_play'====== Args={'settings': {'soul_lanes_banner': {'priority': 0, 'slide': None, 'action': 'add', 'key': None, 'target': None}}, 'context': 'soulLanes', 'calling_context': 'mode_soulLanes_started', 'priority': 110, 'player': 1, 'ball': 2, 'balls_remaining': 3, 'is_extra_ball': False}
2020-10-05 17:40:13,822 : EventManager : Event: ======'widgets_play'====== Args={'settings': {'contracts_banner': {'priority': 0, 'slide': None, 'action': 'add', 'key': None, 'target': None}}, 'context': 'base', 'calling_context': 'mode_soulLanes_started', 'priority': 100, 'player': 1, 'ball': 2, 'balls_remaining': 3, 'is_extra_ball': False}
2020-10-05 17:40:13,826 : mpfmc : SlidePlayer: Play called with settings={'widgets': {'widgets': [{'type': 'text', 'text': '(score)', 'number_grouping': True, 'min_digits': 2, 'font_size': 100, '_default_settings': ['type', 'text', 'number_grouping', 'min_digits', 'font_size'], 'x': None, 'y': None, 'anchor_x': 'center', 'anchor_y': 'center', 'round_anchor_x': None, 'round_anchor_y': None, 'opacity': 1.0, 'z': 0, 'reset_animations_events': {}, 'color': [1.0, 1.0, 1.0, 1.0], 'style': [], 'adjust_top': 0, 'adjust_bottom': 0, 'adjust_left': 0, 'adjust_right': 0, 'expire': None, 'key': None, 'widget': None, 'events_when_added': [], 'events_when_removed': [], 'bitmap_font': False, 'font_kerning': True, 'bold': False, 'italic': False, 'halign': 'center', 'valign': 'middle', 'rotation': 0, 'scale': 1.0, 'casing': None, 'animations': None}, {'type': 'text', 'text': 'Player (player)', 'y': '10', 'x': '10', 'font_size': 30, 'anchor_x': 'left', 'anchor_y': 'bottom', '_default_settings': ['type', 'text', 'y', 'x', 'font_size', 'anchor_x', 'anchor_y'], 'round_anchor_x': None, 'round_anchor_y': None, 'opacity': 1.0, 'z': 0, 'reset_animations_events': {}, 'color': [1.0, 1.0, 1.0, 1.0], 'style': [], 'adjust_top': 0, 'adjust_bottom': 0, 'adjust_left': 0, 'adjust_right': 0, 'expire': None, 'key': None, 'widget': None, 'events_when_added': [], 'events_when_removed': [], 'bitmap_font': False, 'font_kerning': True, 'bold': False, 'italic': False, 'number_grouping': False, 'min_digits': 0, 'halign': 'center', 'valign': 'middle', 'rotation': 0, 'scale': 1.0, 'casing': None, 'animations': None}, {'type': 'text', 'text': 'BALL (ball)', 'y': '10', 'x': 'right-10', 'anchor_x': 'right', 'anchor_y': 'bottom', 'font_size': 50, '_default_settings': ['type', 'text', 'y', 'x', 'anchor_x', 'anchor_y', 'font_size'], 'round_anchor_x': None, 'round_anchor_y': None, 'opacity': 1.0, 'z': 0, 'reset_animations_events': {}, 'color': [1.0, 1.0, 1.0, 1.0], 'style': [], 'adjust_top': 0, 'adjust_bottom': 0, 'adjust_left': 0, 'adjust_right': 0, 'expire': None, 'key': None, 'widget': None, 'events_when_added': [], 'events_when_removed': [], 'bitmap_font': False, 'font_kerning': True, 'bold': False, 'italic': False, 'number_grouping': False, 'min_digits': 0, 'halign': 'center', 'valign': 'middle', 'rotation': 0, 'scale': 1.0, 'casing': None, 'animations': None}], 'target': None, 'background_color': [0.0, 0.0, 0.0, 1.0], 'priority': None, 'show': True, 'force': False, 'expire': None, 'slide': None, 'tokens': {}, 'action': 'play'}}
2020-10-05 17:40:13,845 : EventManager : Event: ======'slide_base.slide_player-mode_base_started_created'====== Args={}
2020-10-05 17:40:13,862 : EventManager : Event: ======'slide_base.slide_player-mode_base_started_active'====== Args={}
2020-10-05 17:40:13,931 : EventManager : Event: ======'machine_var_audits_switches_s_plunger'====== Args={'value': 628, 'prev_value': 627, 'change': 1}
2020-10-05 17:40:22,852 : EventManager : Event: ======'machine_var_audits_switches_s_exit_shooter_lane'====== Args={'value': 384, 'prev_value': 383, 'change': 1}
2020-10-05 17:40:25,570 : EventManager : Event: ======'machine_var_audits_switches_s_soul_S'====== Args={'value': 312, 'prev_value': 311, 'change': 1}
2020-10-05 17:40:25,583 : EventManager : Event: ======'player_shot_soul_S'====== Args={'value': 1, 'prev_value': 0, 'change': 1, 'player_num': 1}
2020-10-05 17:40:25,584 : EventManager : Event: ======'machine_var_audits_shots_soul_S'====== Args={'value': 312, 'prev_value': 311, 'change': 1}
2020-10-05 17:40:25,584 : EventManager : Event: ======'player_score'====== Args={'value': 9090, 'prev_value': 9080, 'change': 10, 'player_num': 1}
2020-10-05 17:40:26,318 : EventManager : Event: ======'machine_var_audits_switches_s_soul_O'====== Args={'value': 284, 'prev_value': 283, 'change': 1}
2020-10-05 17:40:26,318 : EventManager : Event: ======'player_shot_soul_O'====== Args={'value': 1, 'prev_value': 0, 'change': 1, 'player_num': 1}
2020-10-05 17:40:26,318 : EventManager : Event: ======'machine_var_audits_shots_soul_O'====== Args={'value': 279, 'prev_value': 278, 'change': 1}
2020-10-05 17:40:26,318 : EventManager : Event: ======'player_score'====== Args={'value': 9100, 'prev_value': 9090, 'change': 10, 'player_num': 1}
2020-10-05 17:40:26,950 : EventManager : Event: ======'machine_var_audits_switches_s_soul_U'====== Args={'value': 274, 'prev_value': 273, 'change': 1}
2020-10-05 17:40:26,950 : EventManager : Event: ======'player_shot_soul_U'====== Args={'value': 1, 'prev_value': 0, 'change': 1, 'player_num': 1}
2020-10-05 17:40:26,950 : EventManager : Event: ======'machine_var_audits_shots_soul_U'====== Args={'value': 274, 'prev_value': 273, 'change': 1}
2020-10-05 17:40:26,951 : EventManager : Event: ======'player_score'====== Args={'value': 9110, 'prev_value': 9100, 'change': 10, 'player_num': 1}
2020-10-05 17:40:27,924 : EventManager : Event: ======'machine_var_audits_switches_s_soul_L'====== Args={'value': 273, 'prev_value': 272, 'change': 1}
2020-10-05 17:40:27,924 : EventManager : Event: ======'player_shot_soul_L'====== Args={'value': 1, 'prev_value': 0, 'change': 1, 'player_num': 1}
2020-10-05 17:40:27,925 : EventManager : Event: ======'machine_var_audits_shots_soul_L'====== Args={'value': 272, 'prev_value': 271, 'change': 1}
2020-10-05 17:40:27,925 : EventManager : Event: ======'player_score'====== Args={'value': 9120, 'prev_value': 9110, 'change': 10, 'player_num': 1}
2020-10-05 17:40:27,932 : EventManager : Event: ======'player_score'====== Args={'value': 10120, 'prev_value': 9120, 'change': 1000, 'player_num': 1}
2020-10-05 17:40:27,933 : EventManager : Event: ======'player_bonus_multiplier'====== Args={'value': 1, 'prev_value': 0, 'change': 1, 'player_num': 1}
2020-10-05 17:40:28,928 : EventManager : Event: ======'player_shot_soul_S'====== Args={'value': 0, 'prev_value': 1, 'change': -1, 'player_num': 1}
2020-10-05 17:40:28,928 : EventManager : Event: ======'player_shot_soul_O'====== Args={'value': 0, 'prev_value': 1, 'change': -1, 'player_num': 1}
2020-10-05 17:40:28,928 : EventManager : Event: ======'player_shot_soul_U'====== Args={'value': 0, 'prev_value': 1, 'change': -1, 'player_num': 1}
2020-10-05 17:40:28,929 : EventManager : Event: ======'player_shot_soul_L'====== Args={'value': 0, 'prev_value': 1, 'change': -1, 'player_num': 1}
2020-10-05 17:40:31,633 : EventManager : Event: ======'machine_var_audits_switches_s_soul_S'====== Args={'value': 313, 'prev_value': 312, 'change': 1}
2020-10-05 17:40:31,633 : EventManager : Event: ======'player_shot_soul_S'====== Args={'value': 1, 'prev_value': 0, 'change': 1, 'player_num': 1}
2020-10-05 17:40:31,647 : EventManager : Event: ======'machine_var_audits_shots_soul_S'====== Args={'value': 313, 'prev_value': 312, 'change': 1}
2020-10-05 17:40:31,647 : EventManager : Event: ======'player_score'====== Args={'value': 10130, 'prev_value': 10120, 'change': 10, 'player_num': 1}
2020-10-05 17:40:32,511 : EventManager : Event: ======'machine_var_audits_switches_s_soul_O'====== Args={'value': 285, 'prev_value': 284, 'change': 1}
2020-10-05 17:40:32,511 : EventManager : Event: ======'player_shot_soul_O'====== Args={'value': 1, 'prev_value': 0, 'change': 1, 'player_num': 1}
2020-10-05 17:40:32,511 : EventManager : Event: ======'machine_var_audits_shots_soul_O'====== Args={'value': 280, 'prev_value': 279, 'change': 1}
2020-10-05 17:40:32,512 : EventManager : Event: ======'player_score'====== Args={'value': 10140, 'prev_value': 10130, 'change': 10, 'player_num': 1}
2020-10-05 17:40:33,191 : EventManager : Event: ======'machine_var_audits_switches_s_soul_U'====== Args={'value': 275, 'prev_value': 274, 'change': 1}
2020-10-05 17:40:33,191 : EventManager : Event: ======'player_shot_soul_U'====== Args={'value': 1, 'prev_value': 0, 'change': 1, 'player_num': 1}
2020-10-05 17:40:33,191 : EventManager : Event: ======'machine_var_audits_shots_soul_U'====== Args={'value': 275, 'prev_value': 274, 'change': 1}
2020-10-05 17:40:33,191 : EventManager : Event: ======'player_score'====== Args={'value': 10150, 'prev_value': 10140, 'change': 10, 'player_num': 1}
2020-10-05 17:40:33,886 : EventManager : Event: ======'machine_var_audits_switches_s_soul_L'====== Args={'value': 274, 'prev_value': 273, 'change': 1}
2020-10-05 17:40:33,886 : EventManager : Event: ======'player_shot_soul_L'====== Args={'value': 1, 'prev_value': 0, 'change': 1, 'player_num': 1}
2020-10-05 17:40:33,886 : EventManager : Event: ======'machine_var_audits_shots_soul_L'====== Args={'value': 273, 'prev_value': 272, 'change': 1}
2020-10-05 17:40:33,887 : EventManager : Event: ======'player_score'====== Args={'value': 10160, 'prev_value': 10150, 'change': 10, 'player_num': 1}
2020-10-05 17:40:33,895 : EventManager : Event: ======'player_score'====== Args={'value': 11160, 'prev_value': 10160, 'change': 1000, 'player_num': 1}
2020-10-05 17:40:33,895 : EventManager : Event: ======'player_bonus_multiplier'====== Args={'value': 2, 'prev_value': 1, 'change': 1, 'player_num': 1}
2020-10-05 17:40:34,900 : EventManager : Event: ======'player_shot_soul_S'====== Args={'value': 0, 'prev_value': 1, 'change': -1, 'player_num': 1}
2020-10-05 17:40:34,900 : EventManager : Event: ======'player_shot_soul_O'====== Args={'value': 0, 'prev_value': 1, 'change': -1, 'player_num': 1}
2020-10-05 17:40:34,900 : EventManager : Event: ======'player_shot_soul_U'====== Args={'value': 0, 'prev_value': 1, 'change': -1, 'player_num': 1}
2020-10-05 17:40:34,901 : EventManager : Event: ======'player_shot_soul_L'====== Args={'value': 0, 'prev_value': 1, 'change': -1, 'player_num': 1}
2020-10-05 17:40:37,778 : EventManager : Event: ======'machine_var_audits_switches_s_soul_S'====== Args={'value': 314, 'prev_value': 313, 'change': 1}
2020-10-05 17:40:37,778 : EventManager : Event: ======'player_shot_soul_S'====== Args={'value': 1, 'prev_value': 0, 'change': 1, 'player_num': 1}
2020-10-05 17:40:37,779 : EventManager : Event: ======'machine_var_audits_shots_soul_S'====== Args={'value': 314, 'prev_value': 313, 'change': 1}
2020-10-05 17:40:37,779 : EventManager : Event: ======'player_score'====== Args={'value': 11170, 'prev_value': 11160, 'change': 10, 'player_num': 1}
2020-10-05 17:40:38,535 : EventManager : Event: ======'machine_var_audits_switches_s_soul_O'====== Args={'value': 286, 'prev_value': 285, 'change': 1}
2020-10-05 17:40:38,535 : EventManager : Event: ======'player_shot_soul_O'====== Args={'value': 1, 'prev_value': 0, 'change': 1, 'player_num': 1}
2020-10-05 17:40:38,536 : EventManager : Event: ======'machine_var_audits_shots_soul_O'====== Args={'value': 281, 'prev_value': 280, 'change': 1}
2020-10-05 17:40:38,536 : EventManager : Event: ======'player_score'====== Args={'value': 11180, 'prev_value': 11170, 'change': 10, 'player_num': 1}
2020-10-05 17:40:39,202 : EventManager : Event: ======'machine_var_audits_switches_s_soul_U'====== Args={'value': 276, 'prev_value': 275, 'change': 1}
2020-10-05 17:40:39,202 : EventManager : Event: ======'player_shot_soul_U'====== Args={'value': 1, 'prev_value': 0, 'change': 1, 'player_num': 1}
2020-10-05 17:40:39,203 : EventManager : Event: ======'machine_var_audits_shots_soul_U'====== Args={'value': 276, 'prev_value': 275, 'change': 1}
2020-10-05 17:40:39,203 : EventManager : Event: ======'player_score'====== Args={'value': 11190, 'prev_value': 11180, 'change': 10, 'player_num': 1}
2020-10-05 17:40:39,904 : EventManager : Event: ======'machine_var_audits_switches_s_soul_L'====== Args={'value': 275, 'prev_value': 274, 'change': 1}
2020-10-05 17:40:39,904 : EventManager : Event: ======'player_shot_soul_L'====== Args={'value': 1, 'prev_value': 0, 'change': 1, 'player_num': 1}
2020-10-05 17:40:39,905 : EventManager : Event: ======'machine_var_audits_shots_soul_L'====== Args={'value': 274, 'prev_value': 273, 'change': 1}
2020-10-05 17:40:39,905 : EventManager : Event: ======'player_score'====== Args={'value': 11200, 'prev_value': 11190, 'change': 10, 'player_num': 1}
2020-10-05 17:40:39,905 : EventManager : Event: ======'player_score'====== Args={'value': 12200, 'prev_value': 11200, 'change': 1000, 'player_num': 1}
2020-10-05 17:40:39,914 : EventManager : Event: ======'player_bonus_multiplier'====== Args={'value': 3, 'prev_value': 2, 'change': 1, 'player_num': 1}
2020-10-05 17:40:40,895 : EventManager : Event: ======'player_shot_soul_S'====== Args={'value': 0, 'prev_value': 1, 'change': -1, 'player_num': 1}
2020-10-05 17:40:40,895 : EventManager : Event: ======'player_shot_soul_O'====== Args={'value': 0, 'prev_value': 1, 'change': -1, 'player_num': 1}
2020-10-05 17:40:40,895 : EventManager : Event: ======'player_shot_soul_U'====== Args={'value': 0, 'prev_value': 1, 'change': -1, 'player_num': 1}
2020-10-05 17:40:40,895 : EventManager : Event: ======'player_shot_soul_L'====== Args={'value': 0, 'prev_value': 1, 'change': -1, 'player_num': 1}
2020-10-05 17:40:44,079 : EventManager : Event: ======'machine_var_audits_switches_s_dt_C'====== Args={'value': 121, 'prev_value': 120, 'change': 1}
2020-10-05 17:40:44,080 : EventManager : Event: ======'player_score'====== Args={'value': 12300, 'prev_value': 12200, 'change': 100, 'player_num': 1}
2020-10-05 17:40:45,632 : EventManager : Event: ======'machine_var_audits_switches_s_dt_U'====== Args={'value': 110, 'prev_value': 109, 'change': 1}
2020-10-05 17:40:45,632 : EventManager : Event: ======'player_score'====== Args={'value': 12400, 'prev_value': 12300, 'change': 100, 'player_num': 1}
2020-10-05 17:40:47,214 : EventManager : Event: ======'machine_var_audits_switches_s_dt_P'====== Args={'value': 102, 'prev_value': 101, 'change': 1}
2020-10-05 17:40:47,214 : EventManager : Event: ======'player_score'====== Args={'value': 12500, 'prev_value': 12400, 'change': 100, 'player_num': 1}
2020-10-05 17:40:47,216 : EventManager : Event: ======'player_contracts'====== Args={'value': 1, 'prev_value': 0, 'change': 1, 'player_num': 1}
2020-10-05 17:40:48,852 : EventManager : Event: ======'machine_var_audits_switches_s_dt_M'====== Args={'value': 45, 'prev_value': 44, 'change': 1}
2020-10-05 17:40:48,885 : EventManager : Event: ======'player_score'====== Args={'value': 12600, 'prev_value': 12500, 'change': 100, 'player_num': 1}
2020-10-05 17:40:50,602 : EventManager : Event: ======'machine_var_audits_switches_s_dt_U2'====== Args={'value': 45, 'prev_value': 44, 'change': 1}
2020-10-05 17:40:50,649 : EventManager : Event: ======'player_score'====== Args={'value': 12700, 'prev_value': 12600, 'change': 100, 'player_num': 1}
2020-10-05 17:40:52,256 : EventManager : Event: ======'machine_var_audits_switches_s_dt_G'====== Args={'value': 45, 'prev_value': 44, 'change': 1}
2020-10-05 17:40:52,302 : EventManager : Event: ======'player_score'====== Args={'value': 12800, 'prev_value': 12700, 'change': 100, 'player_num': 1}
2020-10-05 17:40:52,303 : EventManager : Event: ======'player_contracts'====== Args={'value': 2, 'prev_value': 1, 'change': 1, 'player_num': 1}
2020-10-05 17:40:57,756 : EventManager : Event: ======'machine_var_audits_switches_s_dt_M'====== Args={'value': 46, 'prev_value': 45, 'change': 1}
2020-10-05 17:40:57,787 : EventManager : Event: ======'player_score'====== Args={'value': 12900, 'prev_value': 12800, 'change': 100, 'player_num': 1}
2020-10-05 17:40:59,248 : EventManager : Event: ======'machine_var_audits_switches_s_dt_U2'====== Args={'value': 46, 'prev_value': 45, 'change': 1}
2020-10-05 17:40:59,249 : EventManager : Event: ======'player_score'====== Args={'value': 13000, 'prev_value': 12900, 'change': 100, 'player_num': 1}
2020-10-05 17:41:01,264 : EventManager : Event: ======'machine_var_audits_switches_s_dt_G'====== Args={'value': 46, 'prev_value': 45, 'change': 1}
2020-10-05 17:41:01,308 : EventManager : Event: ======'player_score'====== Args={'value': 13100, 'prev_value': 13000, 'change': 100, 'player_num': 1}
2020-10-05 17:41:01,308 : EventManager : Event: ======'player_contracts'====== Args={'value': 3, 'prev_value': 2, 'change': 1, 'player_num': 1}
2020-10-05 17:41:06,246 : EventManager : Event: ======'machine_var_audits_switches_s_trough1'====== Args={'value': 557, 'prev_value': 556, 'change': 1}
2020-10-05 17:41:14,756 : EventManager : Event: ======'player_score'====== Args={'value': 25100, 'prev_value': 13100, 'change': 12000, 'player_num': 1}
2020-10-05 17:41:17,091 : EventManager : Event: ======'player_bonus_multiplier'====== Args={'value': 1, 'prev_value': 3, 'change': -2, 'player_num': 1}
2020-10-05 17:41:17,091 : EventManager : Event: ======'widgets_clear'====== Args={'context': 'bonus'}
2020-10-05 17:41:17,091 : EventManager : Event: ======'sounds_clear'====== Args={'context': 'base'}
2020-10-05 17:41:17,091 : EventManager : Event: ======'widgets_clear'====== Args={'context': 'base'}
2020-10-05 17:41:17,092 : EventManager : Event: ======'slides_clear'====== Args={'context': 'base'}
2020-10-05 17:41:17,096 : EventManager : Event: ======'slide_base.slide_player-mode_base_started_removed'====== Args={}
2020-10-05 17:41:17,099 : EventManager : Event: ======'widgets_clear'====== Args={'context': 'soulLanes'}
2020-10-05 17:41:17,099 : EventManager : Event: ======'player_ball'====== Args={'value': 3, 'prev_value': 2, 'change': 1, 'player_num': 1}
2020-10-05 17:41:17,101 : EventManager : Event: ======'player_contracts'====== Args={'value': 0, 'prev_value': 3, 'change': -3, 'player_num': 1}
2020-10-05 17:41:17,101 : EventManager : Event: ======'sounds_play'====== Args={'settings': {'poolCupHeadBase': {'loops': -1, 'priority': None, 'action': 'play', 'track': None, 'volume': None, 'pan': None, 'start_at': None, 'fade_in': None, 'fade_out': None, 'about_to_finish_time': -1.0, 'max_queue_time': -1.0, 'events_when_played': ['use_sound_setting'], 'events_when_stopped': ['use_sound_setting'], 'events_when_looping': ['use_sound_setting'], 'events_when_about_to_finish': ['use_sound_setting'], 'mode_end_action': 'use_sound_setting', 'key': 'use_sound_setting'}}, 'context': 'base', 'calling_context': 'mode_base_started', 'priority': 100, 'queue': '<QueuedEvent>', 'player': 1, 'ball': 3, 'balls_remaining': 2, 'is_extra_ball': False}
2020-10-05 17:41:17,101 : EventManager : Event: ======'slides_play'====== Args={'settings': {'widgets': {'widgets': [{'type': 'text', 'text': '(score)', 'number_grouping': True, 'min_digits': 2, 'font_size': 100, '_default_settings': ['type', 'text', 'number_grouping', 'min_digits', 'font_size'], 'x': None, 'y': None, 'anchor_x': 'center', 'anchor_y': 'center', 'round_anchor_x': None, 'round_anchor_y': None, 'opacity': 1.0, 'z': 0, 'reset_animations_events': {}, 'color': [1.0, 1.0, 1.0, 1.0], 'style': [], 'adjust_top': 0, 'adjust_bottom': 0, 'adjust_left': 0, 'adjust_right': 0, 'expire': None, 'key': None, 'widget': None, 'events_when_added': [], 'events_when_removed': [], 'bitmap_font': False, 'font_kerning': True, 'bold': False, 'italic': False, 'halign': 'center', 'valign': 'middle', 'rotation': 0, 'scale': 1.0, 'casing': None, 'animations': None}, {'type': 'text', 'text': 'Player (player)', 'y': '10', 'x': '10', 'font_size': 30, 'anchor_x': 'left', 'anchor_y': 'bottom', '_default_settings': ['type', 'text', 'y', 'x', 'font_size', 'anchor_x', 'anchor_y'], 'round_anchor_x': None, 'round_anchor_y': None, 'opacity': 1.0, 'z': 0, 'reset_animations_events': {}, 'color': [1.0, 1.0, 1.0, 1.0], 'style': [], 'adjust_top': 0, 'adjust_bottom': 0, 'adjust_left': 0, 'adjust_right': 0, 'expire': None, 'key': None, 'widget': None, 'events_when_added': [], 'events_when_removed': [], 'bitmap_font': False, 'font_kerning': True, 'bold': False, 'italic': False, 'number_grouping': False, 'min_digits': 0, 'halign': 'center', 'valign': 'middle', 'rotation': 0, 'scale': 1.0, 'casing': None, 'animations': None}, {'type': 'text', 'text': 'BALL (ball)', 'y': '10', 'x': 'right-10', 'anchor_x': 'right', 'anchor_y': 'bottom', 'font_size': 50, '_default_settings': ['type', 'text', 'y', 'x', 'anchor_x', 'anchor_y', 'font_size'], 'round_anchor_x': None, 'round_anchor_y': None, 'opacity': 1.0, 'z': 0, 'reset_animations_events': {}, 'color': [1.0, 1.0, 1.0, 1.0], 'style': [], 'adjust_top': 0, 'adjust_bottom': 0, 'adjust_left': 0, 'adjust_right': 0, 'expire': None, 'key': None, 'widget': None, 'events_when_added': [], 'events_when_removed': [], 'bitmap_font': False, 'font_kerning': True, 'bold': False, 'italic': False, 'number_grouping': False, 'min_digits': 0, 'halign': 'center', 'valign': 'middle', 'rotation': 0, 'scale': 1.0, 'casing': None, 'animations': None}], 'target': None, 'background_color': [0.0, 0.0, 0.0, 1.0], 'priority': None, 'show': True, 'force': False, 'expire': None, 'slide': None, 'tokens': {}, 'action': 'play'}}, 'context': 'base', 'calling_context': 'mode_base_started', 'priority': 100, 'queue': '<QueuedEvent>', 'player': 1, 'ball': 3, 'balls_remaining': 2, 'is_extra_ball': False}
2020-10-05 17:41:17,102 : EventManager : Event: ======'player_bonus_multiplier'====== Args={'value': 0, 'prev_value': 1, 'change': -1, 'player_num': 1}
2020-10-05 17:41:17,102 : EventManager : Event: ======'widgets_play'====== Args={'settings': {'soul_lanes_banner': {'priority': 0, 'slide': None, 'action': 'add', 'key': None, 'target': None}}, 'context': 'soulLanes', 'calling_context': 'mode_soulLanes_started', 'priority': 110, 'player': 1, 'ball': 3, 'balls_remaining': 2, 'is_extra_ball': False}
2020-10-05 17:41:17,102 : EventManager : Event: ======'widgets_play'====== Args={'settings': {'contracts_banner': {'priority': 0, 'slide': None, 'action': 'add', 'key': None, 'target': None}}, 'context': 'base', 'calling_context': 'mode_soulLanes_started', 'priority': 100, 'player': 1, 'ball': 3, 'balls_remaining': 2, 'is_extra_ball': False}
2020-10-05 17:41:17,104 : mpfmc : SlidePlayer: Play called with settings={'widgets': {'widgets': [{'type': 'text', 'text': '(score)', 'number_grouping': True, 'min_digits': 2, 'font_size': 100, '_default_settings': ['type', 'text', 'number_grouping', 'min_digits', 'font_size'], 'x': None, 'y': None, 'anchor_x': 'center', 'anchor_y': 'center', 'round_anchor_x': None, 'round_anchor_y': None, 'opacity': 1.0, 'z': 0, 'reset_animations_events': {}, 'color': [1.0, 1.0, 1.0, 1.0], 'style': [], 'adjust_top': 0, 'adjust_bottom': 0, 'adjust_left': 0, 'adjust_right': 0, 'expire': None, 'key': None, 'widget': None, 'events_when_added': [], 'events_when_removed': [], 'bitmap_font': False, 'font_kerning': True, 'bold': False, 'italic': False, 'halign': 'center', 'valign': 'middle', 'rotation': 0, 'scale': 1.0, 'casing': None, 'animations': None}, {'type': 'text', 'text': 'Player (player)', 'y': '10', 'x': '10', 'font_size': 30, 'anchor_x': 'left', 'anchor_y': 'bottom', '_default_settings': ['type', 'text', 'y', 'x', 'font_size', 'anchor_x', 'anchor_y'], 'round_anchor_x': None, 'round_anchor_y': None, 'opacity': 1.0, 'z': 0, 'reset_animations_events': {}, 'color': [1.0, 1.0, 1.0, 1.0], 'style': [], 'adjust_top': 0, 'adjust_bottom': 0, 'adjust_left': 0, 'adjust_right': 0, 'expire': None, 'key': None, 'widget': None, 'events_when_added': [], 'events_when_removed': [], 'bitmap_font': False, 'font_kerning': True, 'bold': False, 'italic': False, 'number_grouping': False, 'min_digits': 0, 'halign': 'center', 'valign': 'middle', 'rotation': 0, 'scale': 1.0, 'casing': None, 'animations': None}, {'type': 'text', 'text': 'BALL (ball)', 'y': '10', 'x': 'right-10', 'anchor_x': 'right', 'anchor_y': 'bottom', 'font_size': 50, '_default_settings': ['type', 'text', 'y', 'x', 'anchor_x', 'anchor_y', 'font_size'], 'round_anchor_x': None, 'round_anchor_y': None, 'opacity': 1.0, 'z': 0, 'reset_animations_events': {}, 'color': [1.0, 1.0, 1.0, 1.0], 'style': [], 'adjust_top': 0, 'adjust_bottom': 0, 'adjust_left': 0, 'adjust_right': 0, 'expire': None, 'key': None, 'widget': None, 'events_when_added': [], 'events_when_removed': [], 'bitmap_font': False, 'font_kerning': True, 'bold': False, 'italic': False, 'number_grouping': False, 'min_digits': 0, 'halign': 'center', 'valign': 'middle', 'rotation': 0, 'scale': 1.0, 'casing': None, 'animations': None}], 'target': None, 'background_color': [0.0, 0.0, 0.0, 1.0], 'priority': None, 'show': True, 'force': False, 'expire': None, 'slide': None, 'tokens': {}, 'action': 'play'}}
2020-10-05 17:41:17,120 : EventManager : Event: ======'slide_base.slide_player-mode_base_started_created'====== Args={}
2020-10-05 17:41:17,135 : EventManager : Event: ======'slide_base.slide_player-mode_base_started_active'====== Args={}
2020-10-05 17:41:17,227 : EventManager : Event: ======'machine_var_audits_switches_s_plunger'====== Args={'value': 629, 'prev_value': 628, 'change': 1}
2020-10-05 17:41:18,831 : kivy : Base: Leaving application in progress...
2020-10-05 17:41:19,098 : kivy : WindowSDL: exiting mainloop and closing.
2020-10-05 17:41:19,133 : mpfmc : Stopping...
2020-10-05 17:41:19,133 : EventManager : Event: ======'shutdown'====== Args={}
2020-10-05 17:41:19,133 : mpfmc : Loop rate 73.17 Hz
2020-10-05 17:41:19,133 : kivy : MC run loop ended.
2020-10-05 17:41:19,133 : kivy : Stopping child threads... (3 remaining)
2020-10-05 17:41:19,360 : mpfmc : Stopping...
2020-10-05 17:41:19,360 : EventManager : Event: ======'shutdown'====== Args={}
2020-10-05 17:41:19,360 : mpfmc : Loop rate 73.06 Hz
2020-10-05 17:41:19,391 : MPF-MC BCP Server : Stopping BCP sending thread
2020-10-05 17:41:19,453 : kivy : All child threads stopped.
