2020-10-06 15:48:03,623 : kivy : Factory: 184 symbols loaded
2020-10-06 15:48:03,884 : kivy : ImageLoaderFFPy: Using ffpyplayer 4.3.1
2020-10-06 15:48:03,886 : kivy : Image: Providers: img_tex, img_dds, img_sdl2, img_pil, img_ffpyplayer, img_gif 
2020-10-06 15:48:04,056 : kivy : VideoGstplayer: Using Gstreamer 1.16.0.0
2020-10-06 15:48:04,056 : kivy : Video: Provider: gstplayer
2020-10-06 15:48:04,248 : kivy : Loading MPF-MC controller
2020-10-06 15:48:04,259 : YamlMultifileConfigLoader : Machine config file #1: config
2020-10-06 15:48:04,260 : ConfigProcessor : Config file in cache changed: c:\GitHub\Cuphead\config\config
2020-10-06 15:48:04,261 : ConfigProcessor : Loading config from file c:\users\themi\appdata\local\programs\python\python36\lib\site-packages\mpfmc\mcconfig.yaml.
2020-10-06 15:48:04,344 : ConfigProcessor : Loading config: c:\users\themi\appdata\local\programs\python\python36\lib\site-packages\mpfmc\mcconfig.yaml
2020-10-06 15:48:04,345 : ConfigProcessor : Loading config from file c:\GitHub\Cuphead\config\config.
2020-10-06 15:48:04,367 : ConfigProcessor : Loading config: c:\GitHub\Cuphead\config\config
2020-10-06 15:48:04,379 : ConfigProcessor : Loading config: c:\GitHub\Cuphead\config\keyboard.yaml
2020-10-06 15:48:04,420 : ConfigProcessor : Loading config: c:\GitHub\Cuphead\config\hwSwitches.yaml
2020-10-06 15:48:04,510 : ConfigProcessor : Loading config: c:\GitHub\Cuphead\config\hwLights.yaml
2020-10-06 15:48:04,536 : ConfigProcessor : Loading config: c:\GitHub\Cuphead\config\hwCoils.yaml
2020-10-06 15:48:04,542 : ConfigProcessor : Config file cache created: C:\Users\themi\AppData\Local\Temp\0cbdbb896bde7c562664fa91ae109528.mpf_cache
2020-10-06 15:48:04,543 : ConfigProcessor : Loading config from cache: C:\Users\themi\AppData\Local\Temp\89b9c5cb952cce9fc74d723399719cc6.mpf_cache
2020-10-06 15:48:04,544 : ConfigProcessor : Loading config from cache: C:\Users\themi\AppData\Local\Temp\4fcecb70f81c3c2fefb8e65ae9a0af5f.mpf_cache
2020-10-06 15:48:04,545 : ConfigProcessor : Loading config from cache: C:\Users\themi\AppData\Local\Temp\5820a65357aa32f3082a694bbd0b1b93.mpf_cache
2020-10-06 15:48:04,546 : ConfigProcessor : Loading config from cache: C:\Users\themi\AppData\Local\Temp\2f1df67e0c6599f893aeb5468bc976f9.mpf_cache
2020-10-06 15:48:04,548 : ConfigProcessor : Loading config from cache: C:\Users\themi\AppData\Local\Temp\3e28196fea866bd961d93515ab5c664b.mpf_cache
2020-10-06 15:48:04,549 : mpfmc : Mission Pinball Framework Media Controller v0.54.0-dev.20
2020-10-06 15:48:04,549 : mpfmc : Mission Pinball Framework Game Engine v0.54.0-dev.72
2020-10-06 15:48:04,549 : mpfmc : Machine path: c:\GitHub\Cuphead
2020-10-06 15:48:04,549 : mpfmc : Starting clock at 60.0Hz
2020-10-06 15:48:04,575 : kivy : Text: Provider: sdl2
2020-10-06 15:48:04,642 : kivy : Window: Provider: sdl2
2020-10-06 15:48:05,492 : kivy : GL: Using the "OpenGL" graphics system
2020-10-06 15:48:05,495 : kivy : GL: GLEW initialization succeeded
2020-10-06 15:48:05,495 : kivy : GL: Backend used <glew>
2020-10-06 15:48:05,496 : kivy : GL: OpenGL version <b'4.5.14568 Compatibility Profile Context 24.20.12050.0'>
2020-10-06 15:48:05,497 : kivy : GL: OpenGL vendor <b'ATI Technologies Inc.'>
2020-10-06 15:48:05,497 : kivy : GL: OpenGL renderer <b'AMD Radeon(TM) R4 Graphics'>
2020-10-06 15:48:05,497 : kivy : GL: OpenGL parsed version: 4, 5
2020-10-06 15:48:05,497 : kivy : GL: Shading version <b'4.50'>
2020-10-06 15:48:05,497 : kivy : GL: Texture max size <16384>
2020-10-06 15:48:05,498 : kivy : GL: Texture max units <32>
2020-10-06 15:48:05,534 : kivy : Window: auto add sdl2 input provider
2020-10-06 15:48:05,535 : kivy : Window: virtual keyboard not allowed, single mode, not docked
2020-10-06 15:48:05,551 : SoundSystem : SoundSystem: Using default 'sound_system' settings
2020-10-06 15:48:06,167 : AudioInterface : Initialized
2020-10-06 15:48:06,168 : SoundSystem : No audio tracks are specified in your machine config file. a track named 'default' has been created.
2020-10-06 15:48:06,173 : kivy : Base: Start application main loop
2020-10-06 15:48:06,175 : EventManager : Event: ======'display_window_initialized'====== Args={}
2020-10-06 15:48:06,219 : mpfmc : Display: Setting 'window' as default display
2020-10-06 15:48:06,233 : EventManager : Event: ======'displays_initialized'====== Args={}
2020-10-06 15:48:06,237 : EventManager : Event: ======'slide_window_blank_created'====== Args={}
2020-10-06 15:48:06,237 : EventManager : Event: ======'display_window_ready'====== Args={}
2020-10-06 15:48:06,261 : EventManager : Event: ======'init_phase_1'====== Args={}
2020-10-06 15:48:06,272 : EventManager : Event: ======'mc_ready'====== Args={}
2020-10-06 15:48:06,272 : EventManager : Event: ======'init_phase_2'====== Args={}
2020-10-06 15:48:06,278 : EventManager : Event: ======'init_phase_3'====== Args={}
2020-10-06 15:48:06,280 : AssetManager : Registering Asset: cupHighScore, File: cupHighScore.ogg, Default Group: default, Final Config: {'load': 'preload', 'file': 'c:\\GitHub\\Cuphead\\modes\\base\\sounds\\music\\cupHighScore.ogg'}
2020-10-06 15:48:06,281 : AssetManager : Registering Asset: cupMusic1, File: cupMusic1.ogg, Default Group: default, Final Config: {'load': 'preload', 'target': 'music', 'loop': -1, 'mode_end_action': 'stop', 'file': 'c:\\GitHub\\Cuphead\\modes\\base\\sounds\\music\\cupMusic1.ogg'}
2020-10-06 15:48:06,281 : AssetManager : Registering Asset: cupMusic2, File: cupMusic2.ogg, Default Group: default, Final Config: {'load': 'preload', 'target': 'music', 'loop': -1, 'mode_end_action': 'stop', 'file': 'c:\\GitHub\\Cuphead\\modes\\base\\sounds\\music\\cupMusic2.ogg'}
2020-10-06 15:48:06,281 : AssetManager : Registering Asset: cupMusic3, File: cupMusic3.ogg, Default Group: default, Final Config: {'load': 'preload', 'target': 'music', 'loop': -1, 'mode_end_action': 'stop', 'file': 'c:\\GitHub\\Cuphead\\modes\\base\\sounds\\music\\cupMusic3.ogg'}
2020-10-06 15:48:06,281 : AssetManager : Registering Asset: cupMusic4, File: cupMusic4.ogg, Default Group: default, Final Config: {'load': 'preload', 'target': 'music', 'loop': -1, 'mode_end_action': 'stop', 'file': 'c:\\GitHub\\Cuphead\\modes\\base\\sounds\\music\\cupMusic4.ogg'}
2020-10-06 15:48:06,281 : AssetManager : Registering Asset: cupMusic5, File: cupMusic5.ogg, Default Group: default, Final Config: {'load': 'preload', 'file': 'c:\\GitHub\\Cuphead\\modes\\base\\sounds\\music\\cupMusic5.ogg'}
2020-10-06 15:48:06,281 : AssetManager : Registering Asset: cupMusic6, File: cupMusic6.ogg, Default Group: default, Final Config: {'load': 'preload', 'file': 'c:\\GitHub\\Cuphead\\modes\\base\\sounds\\music\\cupMusic6.ogg'}
2020-10-06 15:48:06,282 : AssetManager : Registering Asset: cupMusic7, File: cupMusic7.ogg, Default Group: default, Final Config: {'load': 'preload', 'file': 'c:\\GitHub\\Cuphead\\modes\\base\\sounds\\music\\cupMusic7.ogg'}
2020-10-06 15:48:06,282 : AssetManager : Registering Asset: cupMusic8, File: cupMusic8.ogg, Default Group: default, Final Config: {'load': 'preload', 'file': 'c:\\GitHub\\Cuphead\\modes\\base\\sounds\\music\\cupMusic8.ogg'}
2020-10-06 15:48:06,282 : AssetManager : Registering Asset: cupMusic9, File: cupMusic9.ogg, Default Group: default, Final Config: {'load': 'preload', 'file': 'c:\\GitHub\\Cuphead\\modes\\base\\sounds\\music\\cupMusic9.ogg'}
2020-10-06 15:48:06,283 : AssetManager : Registering Asset: game_play_1, File: game_play_1.ogg, Default Group: default, Final Config: {'load': 'preload', 'file': 'c:\\GitHub\\Cuphead\\modes\\base\\sounds\\music\\game_play_1.ogg'}
2020-10-06 15:48:06,287 : AssetManager : Registering Asset: attract_music, File: attract_music.ogg, Default Group: default, Final Config: {'load': 'preload', 'file': 'c:\\GitHub\\Cuphead\\modes\\attract\\sounds\\music\\attract_music.ogg'}
2020-10-06 15:48:06,288 : EventManager : Event: ======'init_phase_4'====== Args={}
2020-10-06 15:48:07,009 : EventManager : Event: ======'init_phase_5'====== Args={}
2020-10-06 15:48:10,102 : EventManager : Event: ======'loading_assets'====== Args={'total': 12, 'loaded': 1, 'remaining': 11, 'percent': 8}
2020-10-06 15:48:10,102 : AssetManager : Loading assets: 1/12 (8%)
2020-10-06 15:48:11,711 : EventManager : Event: ======'loading_assets'====== Args={'total': 12, 'loaded': 6, 'remaining': 6, 'percent': 50}
2020-10-06 15:48:11,711 : AssetManager : Loading assets: 6/12 (50%)
2020-10-06 15:48:13,040 : EventManager : Event: ======'loading_assets'====== Args={'total': 12, 'loaded': 8, 'remaining': 4, 'percent': 67}
2020-10-06 15:48:13,040 : AssetManager : Loading assets: 8/12 (67%)
2020-10-06 15:48:14,099 : EventManager : Event: ======'loading_assets'====== Args={'total': 12, 'loaded': 10, 'remaining': 2, 'percent': 83}
2020-10-06 15:48:14,993 : AssetManager : Loading assets: 10/12 (83%)
2020-10-06 15:48:15,813 : EventManager : Event: ======'loading_assets'====== Args={'total': 12, 'loaded': 12, 'remaining': 0, 'percent': 100}
2020-10-06 15:48:15,813 : AssetManager : Asset loading took: 9.644437789916992
2020-10-06 15:48:15,813 : EventManager : Event: ======'asset_loading_complete'====== Args={}
2020-10-06 15:48:15,814 : AssetManager : Loading assets: 12/12 (100%)
2020-10-06 15:48:15,814 : EventManager : Event: ======'init_done'====== Args={}
2020-10-06 15:48:15,814 : MPF-MC BCP Server : Starting up on localhost port 5050
2020-10-06 15:48:15,823 : MPF-MC BCP Server : Waiting for a connection...
2020-10-06 15:48:15,823 : mpfmc : SlidePlayer: Play called with settings={'slides': {welcome_slide-None-None: {'priority': None, 'target': None, 'background_color': [0.0, 0.0, 0.0, 1.0], 'show': True, 'force': False, 'expire': None, 'slide': None, 'tokens': {}, 'action': 'play', 'transition': None, 'transition_out': None}}}
2020-10-06 15:48:15,832 : kivy : GL: NPOT texture support is available
2020-10-06 15:48:15,833 : EventManager : Event: ======'slide_welcome_slide_created'====== Args={}
2020-10-06 15:48:15,836 : EventManager : Event: ======'slide_welcome_slide_active'====== Args={}
2020-10-06 15:48:15,843 : EventManager : Event: ======'client_disconnected'====== Args={'host': '127.0.0.1', 'port': 5050}
2020-10-06 15:48:15,847 : MPF-MC BCP Server : Received connection from: 127.0.0.1:49396
2020-10-06 15:48:15,852 : EventManager : Event: ======'client_connected'====== Args={'host': '127.0.0.1', 'port': 49396}
2020-10-06 15:48:15,877 : EventManager : Event: ======'machine_var_credits_string'====== Args={'value': 'FREE PLAY', 'prev_value': None, 'change': True}
2020-10-06 15:48:15,877 : EventManager : Event: ======'machine_var_player1_score'====== Args={'value': 52810, 'prev_value': None, 'change': True}
2020-10-06 15:48:15,877 : EventManager : Event: ======'machine_var_mpf_version'====== Args={'value': 'MPF v0.54.0-dev.72', 'prev_value': None, 'change': True}
2020-10-06 15:48:15,877 : EventManager : Event: ======'machine_var_mpf_extended_version'====== Args={'value': 'MPF v0.54.0-dev.72, Config version:5, Show version: 5, BCP version:1.1', 'prev_value': None, 'change': True}
2020-10-06 15:48:15,878 : EventManager : Event: ======'machine_var_python_version'====== Args={'value': '3.6.4', 'prev_value': None, 'change': True}
2020-10-06 15:48:15,878 : EventManager : Event: ======'machine_var_platform'====== Args={'value': 'Windows-10-10.0.18362-SP0', 'prev_value': None, 'change': True}
2020-10-06 15:48:15,878 : EventManager : Event: ======'machine_var_platform_system'====== Args={'value': 'Windows', 'prev_value': None, 'change': True}
2020-10-06 15:48:15,878 : EventManager : Event: ======'machine_var_platform_release'====== Args={'value': '10', 'prev_value': None, 'change': True}
2020-10-06 15:48:15,878 : EventManager : Event: ======'machine_var_platform_version'====== Args={'value': '10.0.18362', 'prev_value': None, 'change': True}
2020-10-06 15:48:15,878 : EventManager : Event: ======'machine_var_platform_machine'====== Args={'value': 'AMD64', 'prev_value': None, 'change': True}
2020-10-06 15:48:15,878 : EventManager : Event: ======'machine_var_mc_version'====== Args={'value': 'MPF-MC v0.54.0-dev.20', 'prev_value': None, 'change': True}
2020-10-06 15:48:15,879 : EventManager : Event: ======'machine_var_mc_extended_version'====== Args={'value': 'MPF-MC v0.54.0-dev.20 (config_version=5, BCP v1.1, Requires MPF v0.54.0-dev.68)', 'prev_value': None, 'change': True}
2020-10-06 15:48:15,879 : EventManager : Event: ======'machine_var_master_volume'====== Args={'value': 0.5, 'prev_value': None, 'change': True}
2020-10-06 15:48:15,975 : EventManager : Event: ======'machine_var_audits_events_game_ended'====== Args={'value': 21, 'prev_value': None, 'change': True}
2020-10-06 15:48:15,975 : EventManager : Event: ======'machine_var_audits_events_game_started'====== Args={'value': 40, 'prev_value': None, 'change': True}
2020-10-06 15:48:15,976 : EventManager : Event: ======'machine_var_audits_player_score'====== Args={'value': {'average': 530.4761904761905, 'top': [2970, 1300, 1220, 980, 880, 780, 720, 710, 630, 590], 'total': 21}, 'prev_value': None, 'change': True}
2020-10-06 15:48:15,976 : EventManager : Event: ======'machine_var_audits_shots_soul_L'====== Args={'value': 363, 'prev_value': None, 'change': True}
2020-10-06 15:48:15,976 : EventManager : Event: ======'machine_var_audits_shots_soul_O'====== Args={'value': 369, 'prev_value': None, 'change': True}
2020-10-06 15:48:15,977 : EventManager : Event: ======'machine_var_audits_shots_soul_S'====== Args={'value': 404, 'prev_value': None, 'change': True}
2020-10-06 15:48:15,977 : EventManager : Event: ======'machine_var_audits_shots_soul_U'====== Args={'value': 366, 'prev_value': None, 'change': True}
2020-10-06 15:48:15,978 : EventManager : Event: ======'machine_var_audits_switches_s_coin'====== Args={'value': 21, 'prev_value': None, 'change': True}
2020-10-06 15:48:15,978 : EventManager : Event: ======'machine_var_audits_switches_s_dash_L'====== Args={'value': 0, 'prev_value': None, 'change': True}
2020-10-06 15:48:15,978 : EventManager : Event: ======'machine_var_audits_switches_s_dash_R'====== Args={'value': 0, 'prev_value': None, 'change': True}
2020-10-06 15:48:15,979 : EventManager : Event: ======'machine_var_audits_switches_s_dtSling_L'====== Args={'value': 0, 'prev_value': None, 'change': True}
2020-10-06 15:48:15,979 : EventManager : Event: ======'machine_var_audits_switches_s_dtSling_R'====== Args={'value': 0, 'prev_value': None, 'change': True}
2020-10-06 15:48:15,980 : EventManager : Event: ======'machine_var_audits_switches_s_dt_C'====== Args={'value': 263, 'prev_value': None, 'change': True}
2020-10-06 15:48:15,980 : EventManager : Event: ======'machine_var_audits_switches_s_dt_G'====== Args={'value': 68, 'prev_value': None, 'change': True}
2020-10-06 15:48:15,981 : EventManager : Event: ======'machine_var_audits_switches_s_dt_M'====== Args={'value': 69, 'prev_value': None, 'change': True}
2020-10-06 15:48:15,981 : EventManager : Event: ======'machine_var_audits_switches_s_dt_P'====== Args={'value': 238, 'prev_value': None, 'change': True}
2020-10-06 15:48:15,982 : EventManager : Event: ======'machine_var_audits_switches_s_dt_U'====== Args={'value': 253, 'prev_value': None, 'change': True}
2020-10-06 15:48:15,982 : EventManager : Event: ======'machine_var_audits_switches_s_dt_U2'====== Args={'value': 61, 'prev_value': None, 'change': True}
2020-10-06 15:48:15,982 : EventManager : Event: ======'machine_var_audits_switches_s_exit_shooter_lane'====== Args={'value': 426, 'prev_value': None, 'change': True}
2020-10-06 15:48:15,983 : EventManager : Event: ======'machine_var_audits_switches_s_inLane_L'====== Args={'value': 0, 'prev_value': None, 'change': True}
2020-10-06 15:48:15,983 : EventManager : Event: ======'machine_var_audits_switches_s_inLane_R'====== Args={'value': 0, 'prev_value': None, 'change': True}
2020-10-06 15:48:15,986 : EventManager : Event: ======'machine_var_audits_switches_s_kicker'====== Args={'value': 0, 'prev_value': None, 'change': True}
2020-10-06 15:48:15,986 : EventManager : Event: ======'machine_var_audits_switches_s_left_flipper'====== Args={'value': 151, 'prev_value': None, 'change': True}
2020-10-06 15:48:15,986 : EventManager : Event: ======'machine_var_audits_switches_s_midRight'====== Args={'value': 0, 'prev_value': None, 'change': True}
2020-10-06 15:48:15,987 : EventManager : Event: ======'machine_var_audits_switches_s_outLane_L'====== Args={'value': 0, 'prev_value': None, 'change': True}
2020-10-06 15:48:15,988 : EventManager : Event: ======'machine_var_audits_switches_s_outLane_R'====== Args={'value': 0, 'prev_value': None, 'change': True}
2020-10-06 15:48:15,988 : EventManager : Event: ======'machine_var_audits_switches_s_perdition'====== Args={'value': 0, 'prev_value': None, 'change': True}
2020-10-06 15:48:15,989 : EventManager : Event: ======'machine_var_audits_switches_s_playfield'====== Args={'value': 0, 'prev_value': None, 'change': True}
2020-10-06 15:48:15,989 : EventManager : Event: ======'machine_var_audits_switches_s_plunger'====== Args={'value': 700, 'prev_value': None, 'change': True}
2020-10-06 15:48:15,990 : EventManager : Event: ======'machine_var_audits_switches_s_popBumper_1'====== Args={'value': 566, 'prev_value': None, 'change': True}
2020-10-06 15:48:15,990 : EventManager : Event: ======'machine_var_audits_switches_s_popBumper_2'====== Args={'value': 492, 'prev_value': None, 'change': True}
2020-10-06 15:48:15,990 : EventManager : Event: ======'machine_var_audits_switches_s_popBumper_3'====== Args={'value': 216, 'prev_value': None, 'change': True}
2020-10-06 15:48:15,991 : EventManager : Event: ======'machine_var_audits_switches_s_pop_bumper1'====== Args={'value': 120, 'prev_value': None, 'change': True}
2020-10-06 15:48:15,991 : EventManager : Event: ======'machine_var_audits_switches_s_pop_bumper2'====== Args={'value': 153, 'prev_value': None, 'change': True}
2020-10-06 15:48:15,992 : EventManager : Event: ======'machine_var_audits_switches_s_pop_bumper3'====== Args={'value': 100, 'prev_value': None, 'change': True}
2020-10-06 15:48:15,992 : EventManager : Event: ======'machine_var_audits_switches_s_right_flipper'====== Args={'value': 221, 'prev_value': None, 'change': True}
2020-10-06 15:48:15,992 : EventManager : Event: ======'machine_var_audits_switches_s_sling_L'====== Args={'value': 0, 'prev_value': None, 'change': True}
2020-10-06 15:48:15,993 : EventManager : Event: ======'machine_var_audits_switches_s_sling_R'====== Args={'value': 0, 'prev_value': None, 'change': True}
2020-10-06 15:48:15,995 : EventManager : Event: ======'machine_var_audits_switches_s_soul_L'====== Args={'value': 364, 'prev_value': None, 'change': True}
2020-10-06 15:48:15,996 : EventManager : Event: ======'machine_var_audits_switches_s_soul_O'====== Args={'value': 374, 'prev_value': None, 'change': True}
2020-10-06 15:48:15,996 : EventManager : Event: ======'machine_var_audits_switches_s_soul_S'====== Args={'value': 404, 'prev_value': None, 'change': True}
2020-10-06 15:48:15,997 : EventManager : Event: ======'machine_var_audits_switches_s_soul_U'====== Args={'value': 366, 'prev_value': None, 'change': True}
2020-10-06 15:48:16,006 : EventManager : Event: ======'machine_var_audits_switches_s_standUp_1'====== Args={'value': 0, 'prev_value': None, 'change': True}
2020-10-06 15:48:16,006 : EventManager : Event: ======'machine_var_audits_switches_s_standUp_2'====== Args={'value': 0, 'prev_value': None, 'change': True}
2020-10-06 15:48:16,007 : EventManager : Event: ======'machine_var_audits_switches_s_standUp_3'====== Args={'value': 0, 'prev_value': None, 'change': True}
2020-10-06 15:48:16,007 : EventManager : Event: ======'machine_var_audits_switches_s_standUp_R'====== Args={'value': 0, 'prev_value': None, 'change': True}
2020-10-06 15:48:16,007 : EventManager : Event: ======'machine_var_audits_switches_s_star_1'====== Args={'value': 0, 'prev_value': None, 'change': True}
2020-10-06 15:48:16,008 : EventManager : Event: ======'machine_var_audits_switches_s_star_2'====== Args={'value': 0, 'prev_value': None, 'change': True}
2020-10-06 15:48:16,008 : EventManager : Event: ======'machine_var_audits_switches_s_star_3'====== Args={'value': 0, 'prev_value': None, 'change': True}
2020-10-06 15:48:16,009 : EventManager : Event: ======'machine_var_audits_switches_s_start'====== Args={'value': 69, 'prev_value': None, 'change': True}
2020-10-06 15:48:16,009 : EventManager : Event: ======'machine_var_audits_switches_s_tilt'====== Args={'value': 0, 'prev_value': None, 'change': True}
2020-10-06 15:48:16,009 : EventManager : Event: ======'machine_var_audits_switches_s_trough1'====== Args={'value': 611, 'prev_value': None, 'change': True}
2020-10-06 15:48:16,009 : EventManager : Event: ======'machine_var_audits_switches_s_trough2'====== Args={'value': 72, 'prev_value': None, 'change': True}
2020-10-06 15:48:16,010 : EventManager : Event: ======'machine_var_audits_switches_s_trough_jam'====== Args={'value': 13, 'prev_value': None, 'change': True}
2020-10-06 15:48:16,042 : EventManager : Event: ======'slides_play'====== Args={'settings': {'welcome_slide': {'target': None, 'background_color': [0.0, 0.0, 0.0, 1.0], 'priority': None, 'show': True, 'force': False, 'expire': None, 'slide': None, 'tokens': {}, 'action': 'play'}}, 'context': '_global', 'calling_context': 'init_done', 'priority': 0}
2020-10-06 15:48:16,042 : EventManager : Event: ======'mc_reset_phase_1'====== Args={}
2020-10-06 15:48:16,042 : mpfmc : SlidePlayer: Play called with settings={'welcome_slide': {'target': None, 'background_color': [0.0, 0.0, 0.0, 1.0], 'priority': None, 'show': True, 'force': False, 'expire': None, 'slide': None, 'tokens': {}, 'action': 'play'}}
2020-10-06 15:48:16,043 : EventManager : Event: ======'slide_welcome_slide_removed'====== Args={}
2020-10-06 15:48:16,050 : EventManager : Event: ======'slide_welcome_slide_created'====== Args={}
2020-10-06 15:48:16,051 : EventManager : Event: ======'mc_reset_phase_2'====== Args={}
2020-10-06 15:48:16,051 : EventManager : Event: ======'mc_reset_phase_3'====== Args={}
2020-10-06 15:48:16,051 : EventManager : Event: ======'mc_reset_complete'====== Args={}
2020-10-06 15:48:16,052 : EventManager : Event: ======'slide_welcome_slide_active'====== Args={}
2020-10-06 15:48:16,067 : EventManager : Event: ======'slides_play'====== Args={'settings': {'awesome_slide': {'widgets': [{'type': 'text', 'text': 'Cuphead Pinball', 'font_size': 50, '_default_settings': ['type', 'text', 'font_size'], 'x': None, 'y': None, 'anchor_x': 'center', 'anchor_y': 'center', 'round_anchor_x': None, 'round_anchor_y': None, 'opacity': 1.0, 'z': 0, 'reset_animations_events': {}, 'color': [1.0, 1.0, 1.0, 1.0], 'style': [], 'adjust_top': 0, 'adjust_bottom': 0, 'adjust_left': 0, 'adjust_right': 0, 'expire': None, 'key': None, 'widget': None, 'events_when_added': [], 'events_when_removed': [], 'bitmap_font': False, 'font_kerning': True, 'bold': False, 'italic': False, 'number_grouping': False, 'min_digits': 0, 'halign': 'center', 'valign': 'middle', 'rotation': 0, 'scale': 1.0, 'casing': None, 'animations': None}], 'transition': {'type': 'push', 'duration': 1.0, 'direction': 'left', 'easing': 'out_quad'}, 'target': None, 'background_color': [0.0, 0.0, 0.0, 1.0], 'priority': None, 'show': True, 'force': False, 'expire': None, 'slide': None, 'tokens': {}, 'action': 'play'}}, 'context': 'show_1', 'calling_context': 0, 'priority': 10, 'show_tokens': {}, 'start_time': 595341.062}
2020-10-06 15:48:16,068 : EventManager : Event: ======'sounds_play'====== Args={'settings': {'attract_music': {'loops': -1, 'mode_end_action': 'stop', 'priority': None, 'action': 'play', 'track': None, 'volume': None, 'pan': None, 'start_at': None, 'fade_in': None, 'fade_out': None, 'about_to_finish_time': -1.0, 'max_queue_time': -1.0, 'events_when_played': ['use_sound_setting'], 'events_when_stopped': ['use_sound_setting'], 'events_when_looping': ['use_sound_setting'], 'events_when_about_to_finish': ['use_sound_setting'], 'key': 'use_sound_setting'}}, 'context': 'attract', 'calling_context': 'mode_attract_started', 'priority': 10}
2020-10-06 15:48:16,068 : mpfmc : SlidePlayer: Play called with settings={'awesome_slide': {'widgets': [{'type': 'text', 'text': 'Cuphead Pinball', 'font_size': 50, '_default_settings': ['type', 'text', 'font_size'], 'x': None, 'y': None, 'anchor_x': 'center', 'anchor_y': 'center', 'round_anchor_x': None, 'round_anchor_y': None, 'opacity': 1.0, 'z': 0, 'reset_animations_events': {}, 'color': [1.0, 1.0, 1.0, 1.0], 'style': [], 'adjust_top': 0, 'adjust_bottom': 0, 'adjust_left': 0, 'adjust_right': 0, 'expire': None, 'key': None, 'widget': None, 'events_when_added': [], 'events_when_removed': [], 'bitmap_font': False, 'font_kerning': True, 'bold': False, 'italic': False, 'number_grouping': False, 'min_digits': 0, 'halign': 'center', 'valign': 'middle', 'rotation': 0, 'scale': 1.0, 'casing': None, 'animations': None}], 'transition': {'type': 'push', 'duration': 1.0, 'direction': 'left', 'easing': 'out_quad'}, 'target': None, 'background_color': [0.0, 0.0, 0.0, 1.0], 'priority': None, 'show': True, 'force': False, 'expire': None, 'slide': None, 'tokens': {}, 'action': 'play'}}
2020-10-06 15:48:16,077 : EventManager : Event: ======'slide_awesome_slide_created'====== Args={}
2020-10-06 15:48:16,082 : EventManager : Event: ======'slide_awesome_slide_active'====== Args={}
2020-10-06 15:48:19,057 : EventManager : Event: ======'slides_play'====== Args={'settings': {'press_start': {'widgets': [{'type': 'Text', 'text': 'PRESS START', 'animations': {'pre_show_slide': [{'property': ['opacity'], 'value': ['0'], 'duration': 0.5, 'relative': False, 'timing': 'after_previous', 'repeat': False, 'easing': 'linear'}, {'property': ['opacity'], 'value': ['1'], 'duration': 0.5, 'repeat': False, 'relative': False, 'timing': 'after_previous', 'easing': 'linear'}]}, '_default_settings': ['type', 'text', 'animations'], 'x': None, 'y': None, 'anchor_x': 'center', 'anchor_y': 'center', 'round_anchor_x': None, 'round_anchor_y': None, 'opacity': 1.0, 'z': 0, 'reset_animations_events': {}, 'color': [1.0, 1.0, 1.0, 1.0], 'style': [], 'adjust_top': 0, 'adjust_bottom': 0, 'adjust_left': 0, 'adjust_right': 0, 'expire': None, 'key': None, 'widget': None, 'events_when_added': [], 'events_when_removed': [], 'font_size': 15, 'bitmap_font': False, 'font_kerning': True, 'bold': False, 'italic': False, 'number_grouping': False, 'min_digits': 0, 'halign': 'center', 'valign': 'middle', 'rotation': 0, 'scale': 1.0, 'casing': None}, {'type': 'Text', 'text': 'FREE PLAY', 'color': [0.0, 0.5019607843137255, 0.0, 1], 'y': '10', 'anchor_y': 'bottom', '_default_settings': ['type', 'text', 'color', 'y', 'anchor_y'], 'x': None, 'anchor_x': 'center', 'round_anchor_x': None, 'round_anchor_y': None, 'opacity': 1.0, 'z': 0, 'reset_animations_events': {}, 'style': [], 'adjust_top': 0, 'adjust_bottom': 0, 'adjust_left': 0, 'adjust_right': 0, 'expire': None, 'key': None, 'widget': None, 'events_when_added': [], 'events_when_removed': [], 'font_size': 15, 'bitmap_font': False, 'font_kerning': True, 'bold': False, 'italic': False, 'number_grouping': False, 'min_digits': 0, 'halign': 'center', 'valign': 'middle', 'rotation': 0, 'scale': 1.0, 'casing': None, 'animations': None}], 'transition': {'type': 'move_in', 'duration': 1.0, 'direction': 'right', 'easing': 'out_quad'}, 'target': None, 'background_color': [0.0, 0.0, 0.0, 1.0], 'priority': None, 'show': True, 'force': False, 'expire': None, 'slide': None, 'tokens': {}, 'action': 'play'}}, 'context': 'show_1', 'calling_context': 1, 'priority': 10, 'show_tokens': {}, 'start_time': 595344.062}
2020-10-06 15:48:19,059 : mpfmc : SlidePlayer: Play called with settings={'press_start': {'widgets': [{'type': 'Text', 'text': 'PRESS START', 'animations': {'pre_show_slide': [{'property': ['opacity'], 'value': ['0'], 'duration': 0.5, 'relative': False, 'timing': 'after_previous', 'repeat': False, 'easing': 'linear'}, {'property': ['opacity'], 'value': ['1'], 'duration': 0.5, 'repeat': False, 'relative': False, 'timing': 'after_previous', 'easing': 'linear'}]}, '_default_settings': ['type', 'text', 'animations'], 'x': None, 'y': None, 'anchor_x': 'center', 'anchor_y': 'center', 'round_anchor_x': None, 'round_anchor_y': None, 'opacity': 1.0, 'z': 0, 'reset_animations_events': {}, 'color': [1.0, 1.0, 1.0, 1.0], 'style': [], 'adjust_top': 0, 'adjust_bottom': 0, 'adjust_left': 0, 'adjust_right': 0, 'expire': None, 'key': None, 'widget': None, 'events_when_added': [], 'events_when_removed': [], 'font_size': 15, 'bitmap_font': False, 'font_kerning': True, 'bold': False, 'italic': False, 'number_grouping': False, 'min_digits': 0, 'halign': 'center', 'valign': 'middle', 'rotation': 0, 'scale': 1.0, 'casing': None}, {'type': 'Text', 'text': 'FREE PLAY', 'color': [0.0, 0.5019607843137255, 0.0, 1], 'y': '10', 'anchor_y': 'bottom', '_default_settings': ['type', 'text', 'color', 'y', 'anchor_y'], 'x': None, 'anchor_x': 'center', 'round_anchor_x': None, 'round_anchor_y': None, 'opacity': 1.0, 'z': 0, 'reset_animations_events': {}, 'style': [], 'adjust_top': 0, 'adjust_bottom': 0, 'adjust_left': 0, 'adjust_right': 0, 'expire': None, 'key': None, 'widget': None, 'events_when_added': [], 'events_when_removed': [], 'font_size': 15, 'bitmap_font': False, 'font_kerning': True, 'bold': False, 'italic': False, 'number_grouping': False, 'min_digits': 0, 'halign': 'center', 'valign': 'middle', 'rotation': 0, 'scale': 1.0, 'casing': None, 'animations': None}], 'transition': {'type': 'move_in', 'duration': 1.0, 'direction': 'right', 'easing': 'out_quad'}, 'target': None, 'background_color': [0.0, 0.0, 0.0, 1.0], 'priority': None, 'show': True, 'force': False, 'expire': None, 'slide': None, 'tokens': {}, 'action': 'play'}}
2020-10-06 15:48:19,080 : EventManager : Event: ======'slide_press_start_created'====== Args={}
2020-10-06 15:48:19,089 : EventManager : Event: ======'slide_press_start_active'====== Args={}
2020-10-06 15:48:21,103 : EventManager : Event: ======'game_started'====== Args={}
2020-10-06 15:48:21,103 : EventManager : Event: ======'slides_clear'====== Args={'context': 'show_1'}
2020-10-06 15:48:21,103 : EventManager : Event: ======'sounds_clear'====== Args={'context': 'attract'}
2020-10-06 15:48:21,105 : EventManager : Event: ======'slide_awesome_slide_removed'====== Args={}
2020-10-06 15:48:21,107 : EventManager : Event: ======'slide_press_start_removed'====== Args={}
2020-10-06 15:48:21,108 : EventManager : Event: ======'slide_welcome_slide_active'====== Args={}
2020-10-06 15:48:21,158 : EventManager : Event: ======'player_added'====== Args={'player': <Player 1>, 'num': 1}
2020-10-06 15:48:21,158 : EventManager : Event: ======'player_index'====== Args={'value': 0, 'prev_value': 0, 'change': 0, 'player_num': 1}
2020-10-06 15:48:21,158 : EventManager : Event: ======'player_number'====== Args={'value': 1, 'prev_value': 1, 'change': 0, 'player_num': 1}
2020-10-06 15:48:21,158 : EventManager : Event: ======'player_score'====== Args={'value': 0, 'prev_value': 0, 'change': 0, 'player_num': 1}
2020-10-06 15:48:21,159 : EventManager : Event: ======'player_bonus_multiplier'====== Args={'value': 1, 'prev_value': 0, 'change': 1, 'player_num': 1}
2020-10-06 15:48:21,159 : EventManager : Event: ======'player_contracts'====== Args={'value': 0, 'prev_value': 0, 'change': 0, 'player_num': 1}
2020-10-06 15:48:21,208 : EventManager : Event: ======'player_ball'====== Args={'value': 1, 'prev_value': 0, 'change': 1, 'player_num': 1}
2020-10-06 15:48:21,208 : EventManager : Event: ======'player_turn_start'====== Args={'number': 1, 'player': <Player 1>}
2020-10-06 15:48:21,249 : EventManager : Event: ======'player_shot_soul_S_enabled'====== Args={'value': True, 'prev_value': 0, 'change': 1, 'player_num': 1}
2020-10-06 15:48:21,249 : EventManager : Event: ======'player_shot_soul_O_enabled'====== Args={'value': True, 'prev_value': 0, 'change': 1, 'player_num': 1}
2020-10-06 15:48:21,250 : EventManager : Event: ======'player_shot_soul_U_enabled'====== Args={'value': True, 'prev_value': 0, 'change': 1, 'player_num': 1}
2020-10-06 15:48:21,251 : EventManager : Event: ======'player_shot_soul_L_enabled'====== Args={'value': True, 'prev_value': 0, 'change': 1, 'player_num': 1}
2020-10-06 15:48:21,262 : EventManager : Event: ======'sounds_play'====== Args={'settings': {'poolCupHeadBase': {'loops': -1, 'priority': None, 'action': 'play', 'track': None, 'volume': None, 'pan': None, 'start_at': None, 'fade_in': None, 'fade_out': None, 'about_to_finish_time': -1.0, 'max_queue_time': -1.0, 'events_when_played': ['use_sound_setting'], 'events_when_stopped': ['use_sound_setting'], 'events_when_looping': ['use_sound_setting'], 'events_when_about_to_finish': ['use_sound_setting'], 'mode_end_action': 'use_sound_setting', 'key': 'use_sound_setting'}}, 'context': 'base', 'calling_context': 'mode_base_started', 'priority': 100, 'queue': '<QueuedEvent>', 'player': 1, 'ball': 1, 'balls_remaining': 4, 'is_extra_ball': False}
2020-10-06 15:48:21,262 : EventManager : Event: ======'slides_play'====== Args={'settings': {'widgets': {'widgets': [{'type': 'text', 'text': '(score)', 'number_grouping': True, 'min_digits': 2, 'font_size': 100, '_default_settings': ['type', 'text', 'number_grouping', 'min_digits', 'font_size'], 'x': None, 'y': None, 'anchor_x': 'center', 'anchor_y': 'center', 'round_anchor_x': None, 'round_anchor_y': None, 'opacity': 1.0, 'z': 0, 'reset_animations_events': {}, 'color': [1.0, 1.0, 1.0, 1.0], 'style': [], 'adjust_top': 0, 'adjust_bottom': 0, 'adjust_left': 0, 'adjust_right': 0, 'expire': None, 'key': None, 'widget': None, 'events_when_added': [], 'events_when_removed': [], 'bitmap_font': False, 'font_kerning': True, 'bold': False, 'italic': False, 'halign': 'center', 'valign': 'middle', 'rotation': 0, 'scale': 1.0, 'casing': None, 'animations': None}, {'type': 'text', 'text': 'Player (player)', 'y': '10', 'x': '10', 'font_size': 30, 'anchor_x': 'left', 'anchor_y': 'bottom', '_default_settings': ['type', 'text', 'y', 'x', 'font_size', 'anchor_x', 'anchor_y'], 'round_anchor_x': None, 'round_anchor_y': None, 'opacity': 1.0, 'z': 0, 'reset_animations_events': {}, 'color': [1.0, 1.0, 1.0, 1.0], 'style': [], 'adjust_top': 0, 'adjust_bottom': 0, 'adjust_left': 0, 'adjust_right': 0, 'expire': None, 'key': None, 'widget': None, 'events_when_added': [], 'events_when_removed': [], 'bitmap_font': False, 'font_kerning': True, 'bold': False, 'italic': False, 'number_grouping': False, 'min_digits': 0, 'halign': 'center', 'valign': 'middle', 'rotation': 0, 'scale': 1.0, 'casing': None, 'animations': None}, {'type': 'text', 'text': 'BALL (ball)', 'y': '10', 'x': 'right-10', 'anchor_x': 'right', 'anchor_y': 'bottom', 'font_size': 50, '_default_settings': ['type', 'text', 'y', 'x', 'anchor_x', 'anchor_y', 'font_size'], 'round_anchor_x': None, 'round_anchor_y': None, 'opacity': 1.0, 'z': 0, 'reset_animations_events': {}, 'color': [1.0, 1.0, 1.0, 1.0], 'style': [], 'adjust_top': 0, 'adjust_bottom': 0, 'adjust_left': 0, 'adjust_right': 0, 'expire': None, 'key': None, 'widget': None, 'events_when_added': [], 'events_when_removed': [], 'bitmap_font': False, 'font_kerning': True, 'bold': False, 'italic': False, 'number_grouping': False, 'min_digits': 0, 'halign': 'center', 'valign': 'middle', 'rotation': 0, 'scale': 1.0, 'casing': None, 'animations': None}, {'type': 'text', 'text': 'Contracts (contracts)', 'font_size': 25, 'color': [1.0, 0.0, 0.0, 1], 'y': '60%', '_default_settings': ['type', 'text', 'font_size', 'color', 'y'], 'x': None, 'anchor_x': 'center', 'anchor_y': 'center', 'round_anchor_x': None, 'round_anchor_y': None, 'opacity': 1.0, 'z': 0, 'reset_animations_events': {}, 'style': [], 'adjust_top': 0, 'adjust_bottom': 0, 'adjust_left': 0, 'adjust_right': 0, 'expire': None, 'key': None, 'widget': None, 'events_when_added': [], 'events_when_removed': [], 'bitmap_font': False, 'font_kerning': True, 'bold': False, 'italic': False, 'number_grouping': False, 'min_digits': 0, 'halign': 'center', 'valign': 'middle', 'rotation': 0, 'scale': 1.0, 'casing': None, 'animations': None}], 'target': None, 'background_color': [0.0, 0.0, 0.0, 1.0], 'priority': None, 'show': True, 'force': False, 'expire': None, 'slide': None, 'tokens': {}, 'action': 'play'}}, 'context': 'base', 'calling_context': 'mode_base_started', 'priority': 100, 'queue': '<QueuedEvent>', 'player': 1, 'ball': 1, 'balls_remaining': 4, 'is_extra_ball': False}
2020-10-06 15:48:21,263 : mpfmc : SlidePlayer: Play called with settings={'widgets': {'widgets': [{'type': 'text', 'text': '(score)', 'number_grouping': True, 'min_digits': 2, 'font_size': 100, '_default_settings': ['type', 'text', 'number_grouping', 'min_digits', 'font_size'], 'x': None, 'y': None, 'anchor_x': 'center', 'anchor_y': 'center', 'round_anchor_x': None, 'round_anchor_y': None, 'opacity': 1.0, 'z': 0, 'reset_animations_events': {}, 'color': [1.0, 1.0, 1.0, 1.0], 'style': [], 'adjust_top': 0, 'adjust_bottom': 0, 'adjust_left': 0, 'adjust_right': 0, 'expire': None, 'key': None, 'widget': None, 'events_when_added': [], 'events_when_removed': [], 'bitmap_font': False, 'font_kerning': True, 'bold': False, 'italic': False, 'halign': 'center', 'valign': 'middle', 'rotation': 0, 'scale': 1.0, 'casing': None, 'animations': None}, {'type': 'text', 'text': 'Player (player)', 'y': '10', 'x': '10', 'font_size': 30, 'anchor_x': 'left', 'anchor_y': 'bottom', '_default_settings': ['type', 'text', 'y', 'x', 'font_size', 'anchor_x', 'anchor_y'], 'round_anchor_x': None, 'round_anchor_y': None, 'opacity': 1.0, 'z': 0, 'reset_animations_events': {}, 'color': [1.0, 1.0, 1.0, 1.0], 'style': [], 'adjust_top': 0, 'adjust_bottom': 0, 'adjust_left': 0, 'adjust_right': 0, 'expire': None, 'key': None, 'widget': None, 'events_when_added': [], 'events_when_removed': [], 'bitmap_font': False, 'font_kerning': True, 'bold': False, 'italic': False, 'number_grouping': False, 'min_digits': 0, 'halign': 'center', 'valign': 'middle', 'rotation': 0, 'scale': 1.0, 'casing': None, 'animations': None}, {'type': 'text', 'text': 'BALL (ball)', 'y': '10', 'x': 'right-10', 'anchor_x': 'right', 'anchor_y': 'bottom', 'font_size': 50, '_default_settings': ['type', 'text', 'y', 'x', 'anchor_x', 'anchor_y', 'font_size'], 'round_anchor_x': None, 'round_anchor_y': None, 'opacity': 1.0, 'z': 0, 'reset_animations_events': {}, 'color': [1.0, 1.0, 1.0, 1.0], 'style': [], 'adjust_top': 0, 'adjust_bottom': 0, 'adjust_left': 0, 'adjust_right': 0, 'expire': None, 'key': None, 'widget': None, 'events_when_added': [], 'events_when_removed': [], 'bitmap_font': False, 'font_kerning': True, 'bold': False, 'italic': False, 'number_grouping': False, 'min_digits': 0, 'halign': 'center', 'valign': 'middle', 'rotation': 0, 'scale': 1.0, 'casing': None, 'animations': None}, {'type': 'text', 'text': 'Contracts (contracts)', 'font_size': 25, 'color': [1.0, 0.0, 0.0, 1], 'y': '60%', '_default_settings': ['type', 'text', 'font_size', 'color', 'y'], 'x': None, 'anchor_x': 'center', 'anchor_y': 'center', 'round_anchor_x': None, 'round_anchor_y': None, 'opacity': 1.0, 'z': 0, 'reset_animations_events': {}, 'style': [], 'adjust_top': 0, 'adjust_bottom': 0, 'adjust_left': 0, 'adjust_right': 0, 'expire': None, 'key': None, 'widget': None, 'events_when_added': [], 'events_when_removed': [], 'bitmap_font': False, 'font_kerning': True, 'bold': False, 'italic': False, 'number_grouping': False, 'min_digits': 0, 'halign': 'center', 'valign': 'middle', 'rotation': 0, 'scale': 1.0, 'casing': None, 'animations': None}], 'target': None, 'background_color': [0.0, 0.0, 0.0, 1.0], 'priority': None, 'show': True, 'force': False, 'expire': None, 'slide': None, 'tokens': {}, 'action': 'play'}}
2020-10-06 15:48:21,307 : EventManager : Event: ======'slide_base.slide_player-mode_base_started_created'====== Args={}
2020-10-06 15:48:21,316 : EventManager : Event: ======'slide_base.slide_player-mode_base_started_active'====== Args={}
2020-10-06 15:48:21,450 : EventManager : Event: ======'player_bonus_multiplier'====== Args={'value': 0, 'prev_value': 1, 'change': -1, 'player_num': 1}
2020-10-06 15:48:21,450 : EventManager : Event: ======'widgets_play'====== Args={'settings': {'soul_lanes_banner': {'priority': 0, 'slide': None, 'action': 'add', 'key': None, 'target': None}}, 'context': 'soulLanes', 'calling_context': 'mode_soulLanes_started', 'priority': 110, 'player': 1, 'ball': 1, 'balls_remaining': 4, 'is_extra_ball': False}
2020-10-06 15:48:52,057 : EventManager : Event: ======'machine_var_audits_switches_s_soul_S'====== Args={'value': 405, 'prev_value': 404, 'change': 1}
2020-10-06 15:48:52,057 : EventManager : Event: ======'player_shot_soul_S'====== Args={'value': 1, 'prev_value': 0, 'change': 1, 'player_num': 1}
2020-10-06 15:48:52,057 : EventManager : Event: ======'machine_var_audits_shots_soul_S'====== Args={'value': 405, 'prev_value': 404, 'change': 1}
2020-10-06 15:48:52,058 : EventManager : Event: ======'player_score'====== Args={'value': 10, 'prev_value': 0, 'change': 10, 'player_num': 1}
2020-10-06 15:48:52,814 : EventManager : Event: ======'machine_var_audits_switches_s_soul_O'====== Args={'value': 375, 'prev_value': 374, 'change': 1}
2020-10-06 15:48:52,814 : EventManager : Event: ======'player_shot_soul_O'====== Args={'value': 1, 'prev_value': 0, 'change': 1, 'player_num': 1}
2020-10-06 15:48:52,815 : EventManager : Event: ======'machine_var_audits_shots_soul_O'====== Args={'value': 370, 'prev_value': 369, 'change': 1}
2020-10-06 15:48:52,815 : EventManager : Event: ======'player_score'====== Args={'value': 20, 'prev_value': 10, 'change': 10, 'player_num': 1}
2020-10-06 15:48:53,700 : EventManager : Event: ======'machine_var_audits_switches_s_soul_U'====== Args={'value': 367, 'prev_value': 366, 'change': 1}
2020-10-06 15:48:53,701 : EventManager : Event: ======'player_shot_soul_U'====== Args={'value': 1, 'prev_value': 0, 'change': 1, 'player_num': 1}
2020-10-06 15:48:53,701 : EventManager : Event: ======'machine_var_audits_shots_soul_U'====== Args={'value': 367, 'prev_value': 366, 'change': 1}
2020-10-06 15:48:53,701 : EventManager : Event: ======'player_score'====== Args={'value': 30, 'prev_value': 20, 'change': 10, 'player_num': 1}
2020-10-06 15:48:54,320 : EventManager : Event: ======'machine_var_audits_switches_s_soul_L'====== Args={'value': 365, 'prev_value': 364, 'change': 1}
2020-10-06 15:48:54,320 : EventManager : Event: ======'player_shot_soul_L'====== Args={'value': 1, 'prev_value': 0, 'change': 1, 'player_num': 1}
2020-10-06 15:48:54,320 : EventManager : Event: ======'machine_var_audits_shots_soul_L'====== Args={'value': 364, 'prev_value': 363, 'change': 1}
2020-10-06 15:48:54,321 : EventManager : Event: ======'player_score'====== Args={'value': 40, 'prev_value': 30, 'change': 10, 'player_num': 1}
2020-10-06 15:48:54,331 : EventManager : Event: ======'player_score'====== Args={'value': 1040, 'prev_value': 40, 'change': 1000, 'player_num': 1}
2020-10-06 15:48:54,331 : EventManager : Event: ======'player_bonus_multiplier'====== Args={'value': 1, 'prev_value': 0, 'change': 1, 'player_num': 1}
2020-10-06 15:48:55,316 : EventManager : Event: ======'player_shot_soul_S'====== Args={'value': 0, 'prev_value': 1, 'change': -1, 'player_num': 1}
2020-10-06 15:48:55,316 : EventManager : Event: ======'player_shot_soul_O'====== Args={'value': 0, 'prev_value': 1, 'change': -1, 'player_num': 1}
2020-10-06 15:48:55,328 : EventManager : Event: ======'player_shot_soul_U'====== Args={'value': 0, 'prev_value': 1, 'change': -1, 'player_num': 1}
2020-10-06 15:48:55,328 : EventManager : Event: ======'player_shot_soul_L'====== Args={'value': 0, 'prev_value': 1, 'change': -1, 'player_num': 1}
2020-10-06 15:48:55,450 : EventManager : Event: ======'machine_var_audits_switches_s_soul_S'====== Args={'value': 406, 'prev_value': 405, 'change': 1}
2020-10-06 15:48:55,450 : EventManager : Event: ======'player_shot_soul_S'====== Args={'value': 1, 'prev_value': 0, 'change': 1, 'player_num': 1}
2020-10-06 15:48:55,450 : EventManager : Event: ======'machine_var_audits_shots_soul_S'====== Args={'value': 406, 'prev_value': 405, 'change': 1}
2020-10-06 15:48:55,450 : EventManager : Event: ======'player_score'====== Args={'value': 1050, 'prev_value': 1040, 'change': 10, 'player_num': 1}
2020-10-06 15:48:56,148 : EventManager : Event: ======'machine_var_audits_switches_s_soul_O'====== Args={'value': 376, 'prev_value': 375, 'change': 1}
2020-10-06 15:48:56,148 : EventManager : Event: ======'player_shot_soul_O'====== Args={'value': 1, 'prev_value': 0, 'change': 1, 'player_num': 1}
2020-10-06 15:48:56,148 : EventManager : Event: ======'machine_var_audits_shots_soul_O'====== Args={'value': 371, 'prev_value': 370, 'change': 1}
2020-10-06 15:48:56,148 : EventManager : Event: ======'player_score'====== Args={'value': 1060, 'prev_value': 1050, 'change': 10, 'player_num': 1}
2020-10-06 15:48:56,678 : EventManager : Event: ======'machine_var_audits_switches_s_soul_U'====== Args={'value': 368, 'prev_value': 367, 'change': 1}
2020-10-06 15:48:56,678 : EventManager : Event: ======'player_shot_soul_U'====== Args={'value': 1, 'prev_value': 0, 'change': 1, 'player_num': 1}
2020-10-06 15:48:56,678 : EventManager : Event: ======'machine_var_audits_shots_soul_U'====== Args={'value': 368, 'prev_value': 367, 'change': 1}
2020-10-06 15:48:56,678 : EventManager : Event: ======'player_score'====== Args={'value': 1070, 'prev_value': 1060, 'change': 10, 'player_num': 1}
2020-10-06 15:48:57,101 : EventManager : Event: ======'machine_var_audits_switches_s_soul_L'====== Args={'value': 366, 'prev_value': 365, 'change': 1}
2020-10-06 15:48:57,101 : EventManager : Event: ======'player_shot_soul_L'====== Args={'value': 1, 'prev_value': 0, 'change': 1, 'player_num': 1}
2020-10-06 15:48:57,101 : EventManager : Event: ======'machine_var_audits_shots_soul_L'====== Args={'value': 365, 'prev_value': 364, 'change': 1}
2020-10-06 15:48:57,102 : EventManager : Event: ======'player_score'====== Args={'value': 1080, 'prev_value': 1070, 'change': 10, 'player_num': 1}
2020-10-06 15:48:57,110 : EventManager : Event: ======'player_score'====== Args={'value': 2080, 'prev_value': 1080, 'change': 1000, 'player_num': 1}
2020-10-06 15:48:57,112 : EventManager : Event: ======'player_bonus_multiplier'====== Args={'value': 2, 'prev_value': 1, 'change': 1, 'player_num': 1}
2020-10-06 15:48:57,890 : EventManager : Event: ======'machine_var_audits_switches_s_soul_S'====== Args={'value': 407, 'prev_value': 406, 'change': 1}
2020-10-06 15:48:57,915 : EventManager : Event: ======'machine_var_audits_shots_soul_S'====== Args={'value': 407, 'prev_value': 406, 'change': 1}
2020-10-06 15:48:57,916 : EventManager : Event: ======'player_score'====== Args={'value': 2090, 'prev_value': 2080, 'change': 10, 'player_num': 1}
2020-10-06 15:48:58,102 : EventManager : Event: ======'player_shot_soul_S'====== Args={'value': 0, 'prev_value': 1, 'change': -1, 'player_num': 1}
2020-10-06 15:48:58,103 : EventManager : Event: ======'player_shot_soul_O'====== Args={'value': 0, 'prev_value': 1, 'change': -1, 'player_num': 1}
2020-10-06 15:48:58,103 : EventManager : Event: ======'player_shot_soul_U'====== Args={'value': 0, 'prev_value': 1, 'change': -1, 'player_num': 1}
2020-10-06 15:48:58,103 : EventManager : Event: ======'player_shot_soul_L'====== Args={'value': 0, 'prev_value': 1, 'change': -1, 'player_num': 1}
2020-10-06 15:48:58,413 : EventManager : Event: ======'machine_var_audits_switches_s_soul_O'====== Args={'value': 377, 'prev_value': 376, 'change': 1}
2020-10-06 15:48:58,413 : EventManager : Event: ======'player_shot_soul_O'====== Args={'value': 1, 'prev_value': 0, 'change': 1, 'player_num': 1}
2020-10-06 15:48:58,413 : EventManager : Event: ======'machine_var_audits_shots_soul_O'====== Args={'value': 372, 'prev_value': 371, 'change': 1}
2020-10-06 15:48:58,414 : EventManager : Event: ======'player_score'====== Args={'value': 2100, 'prev_value': 2090, 'change': 10, 'player_num': 1}
2020-10-06 15:48:59,001 : EventManager : Event: ======'machine_var_audits_switches_s_soul_U'====== Args={'value': 369, 'prev_value': 368, 'change': 1}
2020-10-06 15:48:59,001 : EventManager : Event: ======'player_shot_soul_U'====== Args={'value': 1, 'prev_value': 0, 'change': 1, 'player_num': 1}
2020-10-06 15:48:59,002 : EventManager : Event: ======'machine_var_audits_shots_soul_U'====== Args={'value': 369, 'prev_value': 368, 'change': 1}
2020-10-06 15:48:59,002 : EventManager : Event: ======'player_score'====== Args={'value': 2110, 'prev_value': 2100, 'change': 10, 'player_num': 1}
2020-10-06 15:48:59,457 : EventManager : Event: ======'machine_var_audits_switches_s_soul_L'====== Args={'value': 367, 'prev_value': 366, 'change': 1}
2020-10-06 15:48:59,457 : EventManager : Event: ======'player_shot_soul_L'====== Args={'value': 1, 'prev_value': 0, 'change': 1, 'player_num': 1}
2020-10-06 15:48:59,457 : EventManager : Event: ======'machine_var_audits_shots_soul_L'====== Args={'value': 366, 'prev_value': 365, 'change': 1}
2020-10-06 15:48:59,458 : EventManager : Event: ======'player_score'====== Args={'value': 2120, 'prev_value': 2110, 'change': 10, 'player_num': 1}
2020-10-06 15:49:00,979 : EventManager : Event: ======'machine_var_audits_switches_s_soul_S'====== Args={'value': 408, 'prev_value': 407, 'change': 1}
2020-10-06 15:49:00,979 : EventManager : Event: ======'player_shot_soul_S'====== Args={'value': 1, 'prev_value': 0, 'change': 1, 'player_num': 1}
2020-10-06 15:49:00,980 : EventManager : Event: ======'machine_var_audits_shots_soul_S'====== Args={'value': 408, 'prev_value': 407, 'change': 1}
2020-10-06 15:49:00,980 : EventManager : Event: ======'player_score'====== Args={'value': 2130, 'prev_value': 2120, 'change': 10, 'player_num': 1}
2020-10-06 15:49:00,990 : EventManager : Event: ======'player_score'====== Args={'value': 3130, 'prev_value': 2130, 'change': 1000, 'player_num': 1}
2020-10-06 15:49:00,990 : EventManager : Event: ======'player_bonus_multiplier'====== Args={'value': 3, 'prev_value': 2, 'change': 1, 'player_num': 1}
2020-10-06 15:49:02,002 : EventManager : Event: ======'player_shot_soul_S'====== Args={'value': 0, 'prev_value': 1, 'change': -1, 'player_num': 1}
2020-10-06 15:49:02,002 : EventManager : Event: ======'player_shot_soul_O'====== Args={'value': 0, 'prev_value': 1, 'change': -1, 'player_num': 1}
2020-10-06 15:49:02,002 : EventManager : Event: ======'player_shot_soul_U'====== Args={'value': 0, 'prev_value': 1, 'change': -1, 'player_num': 1}
2020-10-06 15:49:02,003 : EventManager : Event: ======'player_shot_soul_L'====== Args={'value': 0, 'prev_value': 1, 'change': -1, 'player_num': 1}
2020-10-06 15:49:02,762 : EventManager : Event: ======'machine_var_audits_switches_s_soul_S'====== Args={'value': 409, 'prev_value': 408, 'change': 1}
2020-10-06 15:49:02,775 : EventManager : Event: ======'player_shot_soul_S'====== Args={'value': 1, 'prev_value': 0, 'change': 1, 'player_num': 1}
2020-10-06 15:49:02,776 : EventManager : Event: ======'machine_var_audits_shots_soul_S'====== Args={'value': 409, 'prev_value': 408, 'change': 1}
2020-10-06 15:49:02,787 : EventManager : Event: ======'player_score'====== Args={'value': 3140, 'prev_value': 3130, 'change': 10, 'player_num': 1}
2020-10-06 15:49:03,480 : EventManager : Event: ======'machine_var_audits_switches_s_soul_O'====== Args={'value': 378, 'prev_value': 377, 'change': 1}
2020-10-06 15:49:03,480 : EventManager : Event: ======'player_shot_soul_O'====== Args={'value': 1, 'prev_value': 0, 'change': 1, 'player_num': 1}
2020-10-06 15:49:03,480 : EventManager : Event: ======'machine_var_audits_shots_soul_O'====== Args={'value': 373, 'prev_value': 372, 'change': 1}
2020-10-06 15:49:03,481 : EventManager : Event: ======'player_score'====== Args={'value': 3150, 'prev_value': 3140, 'change': 10, 'player_num': 1}
2020-10-06 15:49:04,091 : EventManager : Event: ======'machine_var_audits_switches_s_soul_U'====== Args={'value': 370, 'prev_value': 369, 'change': 1}
2020-10-06 15:49:04,091 : EventManager : Event: ======'player_shot_soul_U'====== Args={'value': 1, 'prev_value': 0, 'change': 1, 'player_num': 1}
2020-10-06 15:49:04,091 : EventManager : Event: ======'machine_var_audits_shots_soul_U'====== Args={'value': 370, 'prev_value': 369, 'change': 1}
2020-10-06 15:49:04,091 : EventManager : Event: ======'player_score'====== Args={'value': 3160, 'prev_value': 3150, 'change': 10, 'player_num': 1}
2020-10-06 15:49:04,679 : EventManager : Event: ======'machine_var_audits_switches_s_soul_L'====== Args={'value': 368, 'prev_value': 367, 'change': 1}
2020-10-06 15:49:04,680 : EventManager : Event: ======'player_shot_soul_L'====== Args={'value': 1, 'prev_value': 0, 'change': 1, 'player_num': 1}
2020-10-06 15:49:04,680 : EventManager : Event: ======'machine_var_audits_shots_soul_L'====== Args={'value': 367, 'prev_value': 366, 'change': 1}
2020-10-06 15:49:04,680 : EventManager : Event: ======'player_score'====== Args={'value': 3170, 'prev_value': 3160, 'change': 10, 'player_num': 1}
2020-10-06 15:49:04,680 : EventManager : Event: ======'player_score'====== Args={'value': 4170, 'prev_value': 3170, 'change': 1000, 'player_num': 1}
2020-10-06 15:49:05,686 : EventManager : Event: ======'player_shot_soul_S'====== Args={'value': 0, 'prev_value': 1, 'change': -1, 'player_num': 1}
2020-10-06 15:49:05,686 : EventManager : Event: ======'player_shot_soul_O'====== Args={'value': 0, 'prev_value': 1, 'change': -1, 'player_num': 1}
2020-10-06 15:49:05,698 : EventManager : Event: ======'player_shot_soul_U'====== Args={'value': 0, 'prev_value': 1, 'change': -1, 'player_num': 1}
2020-10-06 15:49:05,698 : EventManager : Event: ======'player_shot_soul_L'====== Args={'value': 0, 'prev_value': 1, 'change': -1, 'player_num': 1}
2020-10-06 15:49:39,340 : EventManager : Event: ======'machine_var_audits_switches_s_dt_C'====== Args={'value': 264, 'prev_value': 263, 'change': 1}
2020-10-06 15:49:39,356 : EventManager : Event: ======'player_score'====== Args={'value': 4270, 'prev_value': 4170, 'change': 100, 'player_num': 1}
2020-10-06 15:49:41,126 : EventManager : Event: ======'machine_var_audits_switches_s_dt_U'====== Args={'value': 254, 'prev_value': 253, 'change': 1}
2020-10-06 15:49:41,138 : EventManager : Event: ======'player_score'====== Args={'value': 4370, 'prev_value': 4270, 'change': 100, 'player_num': 1}
2020-10-06 15:49:42,432 : EventManager : Event: ======'machine_var_audits_switches_s_dt_P'====== Args={'value': 239, 'prev_value': 238, 'change': 1}
2020-10-06 15:49:42,447 : EventManager : Event: ======'player_score'====== Args={'value': 4470, 'prev_value': 4370, 'change': 100, 'player_num': 1}
2020-10-06 15:49:42,447 : EventManager : Event: ======'player_contracts'====== Args={'value': 1, 'prev_value': 0, 'change': 1, 'player_num': 1}
2020-10-06 15:49:43,448 : EventManager : Event: ======'player_contracts'====== Args={'value': 2, 'prev_value': 1, 'change': 1, 'player_num': 1}
2020-10-06 15:49:44,446 : EventManager : Event: ======'player_contracts'====== Args={'value': 3, 'prev_value': 2, 'change': 1, 'player_num': 1}
2020-10-06 15:49:45,430 : EventManager : Event: ======'player_contracts'====== Args={'value': 4, 'prev_value': 3, 'change': 1, 'player_num': 1}
2020-10-06 15:49:46,438 : EventManager : Event: ======'player_contracts'====== Args={'value': 5, 'prev_value': 4, 'change': 1, 'player_num': 1}
2020-10-06 15:49:56,788 : EventManager : Event: ======'machine_var_audits_switches_s_trough1'====== Args={'value': 612, 'prev_value': 611, 'change': 1}
2020-10-06 15:50:00,618 : kivy : Base: Leaving application in progress...
2020-10-06 15:50:00,850 : kivy : WindowSDL: exiting mainloop and closing.
2020-10-06 15:50:00,881 : mpfmc : Stopping...
2020-10-06 15:50:00,881 : EventManager : Event: ======'shutdown'====== Args={}
2020-10-06 15:50:00,881 : mpfmc : Loop rate 72.13 Hz
2020-10-06 15:50:00,881 : kivy : MC run loop ended.
2020-10-06 15:50:00,881 : kivy : Stopping child threads... (3 remaining)
2020-10-06 15:50:01,890 : mpfmc : Stopping...
2020-10-06 15:50:01,890 : EventManager : Event: ======'shutdown'====== Args={}
2020-10-06 15:50:01,890 : mpfmc : Loop rate 71.5 Hz
2020-10-06 15:50:01,890 : MPF-MC BCP Server : Stopping BCP sending thread
2020-10-06 15:50:01,969 : kivy : All child threads stopped.
