2020-10-04 08:22:34,077 : INFO : root : Loading config.
2020-10-04 08:22:34,077 : INFO : YamlMultifileConfigLoader : Machine config file #1: config.yaml
2020-10-04 08:22:34,093 : INFO : ConfigProcessor : Loading config from cache: C:\Users\themi\AppData\Local\Temp\1a0afbd38efada64622f7c1a19dba099.mpf_cache
2020-10-04 08:22:34,281 : INFO : ConfigProcessor : Loading config from cache: C:\Users\themi\AppData\Local\Temp\7964e52b22911e9b68a8022172b185f3.mpf_cache
2020-10-04 08:22:34,281 : INFO : ConfigProcessor : Loading config from cache: C:\Users\themi\AppData\Local\Temp\4fcecb70f81c3c2fefb8e65ae9a0af5f.mpf_cache
2020-10-04 08:22:34,281 : INFO : ConfigProcessor : Loading config from cache: C:\Users\themi\AppData\Local\Temp\b2a05f27b99f0404929b6678617f21a2.mpf_cache
2020-10-04 08:22:34,281 : WARNING : ConfigProcessor : Config file in cache changed: c:\Pinball\Cuphead\modes\soulLanes\config\soulLanes.yaml
2020-10-04 08:22:34,281 : INFO : ConfigProcessor : Loading config from file c:\Pinball\Cuphead\modes\soulLanes\config\soulLanes.yaml.
2020-10-04 08:22:34,312 : INFO : ConfigProcessor : Loading config: c:\Pinball\Cuphead\modes\soulLanes\config\soulLanes.yaml
2020-10-04 08:22:34,312 : INFO : ConfigProcessor : Config file cache created: C:\Users\themi\AppData\Local\Temp\ee661b7bde9ac1aee26ef2e16bd36711.mpf_cache
2020-10-04 08:22:34,328 : INFO : ConfigProcessor : Loading config from cache: C:\Users\themi\AppData\Local\Temp\8b23b77e47e0aafb5c2cd6855492fe09.mpf_cache
2020-10-04 08:22:34,328 : INFO : ConfigProcessor : Loading config from cache: C:\Users\themi\AppData\Local\Temp\8d4786f117f290f34c6b54fd8b6fe8fe.mpf_cache
2020-10-04 08:22:34,328 : INFO : ConfigProcessor : Loading config from cache: C:\Users\themi\AppData\Local\Temp\d1f28e307667fe64a15b0a7332832e8a.mpf_cache
2020-10-04 08:22:34,328 : INFO : ConfigProcessor : Loading config from cache: C:\Users\themi\AppData\Local\Temp\4b1cd1ab6685d1ad48e4e22b92633748.mpf_cache
2020-10-04 08:22:34,328 : INFO : ConfigProcessor : Loading config from cache: C:\Users\themi\AppData\Local\Temp\0e5b9342958db12ded482c5bdee94a50.mpf_cache
2020-10-04 08:22:34,328 : INFO : ConfigProcessor : Loading config from cache: C:\Users\themi\AppData\Local\Temp\fa3b9c24e757a86afd7ebd54e8356a2f.mpf_cache
2020-10-04 08:22:34,328 : INFO : ConfigProcessor : Loading config from cache: C:\Users\themi\AppData\Local\Temp\4f17c1b7053da1ee6acf2b568ebeb609.mpf_cache
2020-10-04 08:22:34,328 : INFO : ConfigProcessor : Loading config from cache: C:\Users\themi\AppData\Local\Temp\ccd4282a3141e0878d86657c78349f12.mpf_cache
2020-10-04 08:22:34,328 : INFO : ConfigProcessor : Loading config from cache: C:\Users\themi\AppData\Local\Temp\17729cd0303cfaced1d4181f3ca2421f.mpf_cache
2020-10-04 08:22:34,328 : INFO : ConfigProcessor : Loading config from cache: C:\Users\themi\AppData\Local\Temp\47ffaea90c47406003f6ea8ebe74989d.mpf_cache
2020-10-04 08:22:34,328 : INFO : ConfigProcessor : Loading config from cache: C:\Users\themi\AppData\Local\Temp\6f6af101da615a72df8eebfca5188fca.mpf_cache
2020-10-04 08:22:34,328 : INFO : ConfigProcessor : Loading config from cache: C:\Users\themi\AppData\Local\Temp\3889d554abdf669f0bcb59dfdb43163f.mpf_cache
2020-10-04 08:22:34,328 : INFO : ConfigProcessor : Loading config from cache: C:\Users\themi\AppData\Local\Temp\dca7679fbf96e787efc0ee793457f019.mpf_cache
2020-10-04 08:22:34,343 : INFO : ConfigProcessor : Loading config from cache: C:\Users\themi\AppData\Local\Temp\773981adc2a393ce4661c342531a13c1.mpf_cache
2020-10-04 08:22:34,343 : INFO : ConfigProcessor : Loading config from cache: C:\Users\themi\AppData\Local\Temp\0e7ad57880df273f086bfe63563440af.mpf_cache
2020-10-04 08:22:34,343 : INFO : ConfigProcessor : Loading config from cache: C:\Users\themi\AppData\Local\Temp\14255cf3b2f3681937087b07de526758.mpf_cache
2020-10-04 08:22:34,343 : INFO : ConfigProcessor : Loading config from cache: C:\Users\themi\AppData\Local\Temp\01c6bf43074c3a497e337500f6bac20b.mpf_cache
2020-10-04 08:22:34,343 : INFO : ConfigProcessor : Loading config from cache: C:\Users\themi\AppData\Local\Temp\7eeffc9c6f8d1e96b5a9cad923ac520c.mpf_cache
2020-10-04 08:22:34,343 : INFO : Machine : Mission Pinball Framework Core Engine v0.54.0-dev.72
2020-10-04 08:22:34,343 : INFO : Machine : Command line arguments: {'no_load_cache': False, 'create_config_cache': True, 'bcp': True, 'configfile': ['config.yaml'], 'force_assets_load': False, 'jsonlogging': False, 'logfile': 'logs\\2020-10-04-08-22-34-mpf-LAPTOP-C39PEUFD.log', 'pause': False, 'production': False, 'text_ui': True, 'loglevel': 15, 'consoleloglevel': 20, 'force_platform': 'smart_virtual', 'syslog_address': None, 'mc_file_name': None, 'no_sound': False}
2020-10-04 08:22:34,343 : INFO : Machine : MPF path: c:\users\themi\appdata\local\programs\python\python36\lib\site-packages\mpf
2020-10-04 08:22:34,343 : INFO : Machine : Machine path: c:\Pinball\Cuphead
2020-10-04 08:22:34,343 : INFO : Machine : Platform: win32
2020-10-04 08:22:34,343 : INFO : Machine : Python executable location: c:\users\themi\appdata\local\programs\python\python36\python.exe
2020-10-04 08:22:34,343 : INFO : Machine : Python version: 3.6.4 (64-bit)
2020-10-04 08:22:34,343 : INFO : Machine : Initialise MPF.
2020-10-04 08:22:34,812 : INFO : EventManager : Event: ======'machine_var_credits_string'====== Args={'value': 'FREE PLAY', 'prev_value': None, 'change': True}
2020-10-04 08:22:34,937 : INFO : EventManager : Event: ======'machine_var_player1_score'====== Args={'value': 8110, 'prev_value': None, 'change': True}
2020-10-04 08:22:34,937 : INFO : EventManager : Event: ======'machine_var_mpf_version'====== Args={'value': 'MPF v0.54.0-dev.72', 'prev_value': None, 'change': True}
2020-10-04 08:22:34,937 : INFO : EventManager : Event: ======'machine_var_mpf_extended_version'====== Args={'value': 'MPF v0.54.0-dev.72, Config version:5, Show version: 5, BCP version:1.1', 'prev_value': None, 'change': True}
2020-10-04 08:22:34,937 : INFO : EventManager : Event: ======'machine_var_python_version'====== Args={'value': '3.6.4', 'prev_value': None, 'change': True}
2020-10-04 08:22:34,937 : INFO : EventManager : Event: ======'machine_var_platform'====== Args={'value': 'Windows-10-10.0.18362-SP0', 'prev_value': None, 'change': True}
2020-10-04 08:22:34,937 : INFO : EventManager : Event: ======'machine_var_platform_system'====== Args={'value': 'Windows', 'prev_value': None, 'change': True}
2020-10-04 08:22:34,937 : INFO : EventManager : Event: ======'machine_var_platform_release'====== Args={'value': '10', 'prev_value': None, 'change': True}
2020-10-04 08:22:34,937 : INFO : EventManager : Event: ======'machine_var_platform_version'====== Args={'value': '10.0.18362', 'prev_value': None, 'change': True}
2020-10-04 08:22:34,937 : INFO : EventManager : Event: ======'machine_var_platform_machine'====== Args={'value': 'AMD64', 'prev_value': None, 'change': True}
2020-10-04 08:22:34,937 : INFO : EventManager : Event: ======'init_phase_1'====== Args={}
2020-10-04 08:22:35,062 : INFO : EventManager : Event: ======'drop_target_bank_cup_bank_up'====== Args={}
2020-10-04 08:22:35,062 : INFO : EventManager : Event: ======'drop_target_bank_mug_bank_up'====== Args={}
2020-10-04 08:22:35,078 : INFO : EventManager : Event: ======'init_phase_2'====== Args={}
2020-10-04 08:22:35,078 : INFO : SwitchController : Found active switch: ('2', <Platform.SmartVirtual>)
2020-10-04 08:22:35,078 : INFO : SwitchController : Found active switch: ('3', <Platform.SmartVirtual>)
2020-10-04 08:22:35,140 : INFO : EventManager : Event: ======'bcp_connection_attempt'====== Args={'name': 'local_display', 'host': 'localhost', 'port': 5050}
2020-10-04 08:22:35,158 : INFO : BCPClientSocket : Connecting BCP to 'local_display' at localhost:5050...
2020-10-04 08:22:47,462 : INFO : BCPClientSocket : Connected BCP to 'local_display' localhost:5050
2020-10-04 08:22:47,464 : INFO : EventManager : Event: ======'bcp_clients_connected'====== Args={}
2020-10-04 08:22:47,500 : INFO : EventManager : Event: ======'machine_var_mc_version'====== Args={'value': 'MPF-MC v0.54.0-dev.20', 'prev_value': None, 'change': True}
2020-10-04 08:22:47,502 : INFO : EventManager : Event: ======'machine_var_mc_extended_version'====== Args={'value': 'MPF-MC v0.54.0-dev.20 (config_version=5, BCP v1.1, Requires MPF v0.54.0-dev.68)', 'prev_value': None, 'change': True}
2020-10-04 08:22:47,508 : INFO : EventManager : Event: ======'machine_var_master_volume'====== Args={'value': 0.5, 'prev_value': None, 'change': True}
2020-10-04 08:22:47,509 : INFO : ball_device.bd_trough : State: idle
2020-10-04 08:22:47,546 : INFO : ball_device.bd_plunger : State: idle
2020-10-04 08:22:47,584 : INFO : EventManager : Event: ======'init_phase_3'====== Args={}
2020-10-04 08:22:47,596 : INFO : EventManager : Event: ======'init_phase_4'====== Args={}
2020-10-04 08:22:47,599 : INFO : EventManager : Event: ======'machine_var_audits_events_game_ended'====== Args={'value': 21, 'prev_value': None, 'change': True}
2020-10-04 08:22:47,599 : INFO : EventManager : Event: ======'machine_var_audits_events_game_started'====== Args={'value': 40, 'prev_value': None, 'change': True}
2020-10-04 08:22:47,600 : INFO : EventManager : Event: ======'machine_var_audits_player_score'====== Args={'value': {'average': 530.4761904761905, 'top': [2970, 1300, 1220, 980, 880, 780, 720, 710, 630, 590], 'total': 21}, 'prev_value': None, 'change': True}
2020-10-04 08:22:47,601 : INFO : EventManager : Event: ======'machine_var_audits_shots_soul_L'====== Args={'value': 90, 'prev_value': None, 'change': True}
2020-10-04 08:22:47,602 : INFO : EventManager : Event: ======'machine_var_audits_shots_soul_O'====== Args={'value': 96, 'prev_value': None, 'change': True}
2020-10-04 08:22:47,603 : INFO : EventManager : Event: ======'machine_var_audits_shots_soul_S'====== Args={'value': 110, 'prev_value': None, 'change': True}
2020-10-04 08:22:47,603 : INFO : EventManager : Event: ======'machine_var_audits_shots_soul_U'====== Args={'value': 94, 'prev_value': None, 'change': True}
2020-10-04 08:22:47,604 : INFO : EventManager : Event: ======'machine_var_audits_switches_s_coin'====== Args={'value': 20, 'prev_value': None, 'change': True}
2020-10-04 08:22:47,605 : INFO : EventManager : Event: ======'machine_var_audits_switches_s_dash_L'====== Args={'value': 0, 'prev_value': None, 'change': True}
2020-10-04 08:22:47,605 : INFO : EventManager : Event: ======'machine_var_audits_switches_s_dash_R'====== Args={'value': 0, 'prev_value': None, 'change': True}
2020-10-04 08:22:47,606 : INFO : EventManager : Event: ======'machine_var_audits_switches_s_dtSling_L'====== Args={'value': 0, 'prev_value': None, 'change': True}
2020-10-04 08:22:47,606 : INFO : EventManager : Event: ======'machine_var_audits_switches_s_dtSling_R'====== Args={'value': 0, 'prev_value': None, 'change': True}
2020-10-04 08:22:47,607 : INFO : EventManager : Event: ======'machine_var_audits_switches_s_dt_C'====== Args={'value': 72, 'prev_value': None, 'change': True}
2020-10-04 08:22:47,608 : INFO : EventManager : Event: ======'machine_var_audits_switches_s_dt_G'====== Args={'value': 21, 'prev_value': None, 'change': True}
2020-10-04 08:22:47,608 : INFO : EventManager : Event: ======'machine_var_audits_switches_s_dt_M'====== Args={'value': 19, 'prev_value': None, 'change': True}
2020-10-04 08:22:47,609 : INFO : EventManager : Event: ======'machine_var_audits_switches_s_dt_P'====== Args={'value': 55, 'prev_value': None, 'change': True}
2020-10-04 08:22:47,610 : INFO : EventManager : Event: ======'machine_var_audits_switches_s_dt_U'====== Args={'value': 63, 'prev_value': None, 'change': True}
2020-10-04 08:22:47,611 : INFO : EventManager : Event: ======'machine_var_audits_switches_s_dt_U2'====== Args={'value': 19, 'prev_value': None, 'change': True}
2020-10-04 08:22:47,612 : INFO : EventManager : Event: ======'machine_var_audits_switches_s_exit_shooter_lane'====== Args={'value': 351, 'prev_value': None, 'change': True}
2020-10-04 08:22:47,612 : INFO : EventManager : Event: ======'machine_var_audits_switches_s_inLane_L'====== Args={'value': 0, 'prev_value': None, 'change': True}
2020-10-04 08:22:47,613 : INFO : EventManager : Event: ======'machine_var_audits_switches_s_inLane_R'====== Args={'value': 0, 'prev_value': None, 'change': True}
2020-10-04 08:22:47,614 : INFO : EventManager : Event: ======'machine_var_audits_switches_s_kicker'====== Args={'value': 0, 'prev_value': None, 'change': True}
2020-10-04 08:22:47,615 : INFO : EventManager : Event: ======'machine_var_audits_switches_s_left_flipper'====== Args={'value': 151, 'prev_value': None, 'change': True}
2020-10-04 08:22:47,615 : INFO : EventManager : Event: ======'machine_var_audits_switches_s_midRight'====== Args={'value': 0, 'prev_value': None, 'change': True}
2020-10-04 08:22:47,616 : INFO : EventManager : Event: ======'machine_var_audits_switches_s_outLane_L'====== Args={'value': 0, 'prev_value': None, 'change': True}
2020-10-04 08:22:47,617 : INFO : EventManager : Event: ======'machine_var_audits_switches_s_outLane_R'====== Args={'value': 0, 'prev_value': None, 'change': True}
2020-10-04 08:22:47,618 : INFO : EventManager : Event: ======'machine_var_audits_switches_s_perdition'====== Args={'value': 0, 'prev_value': None, 'change': True}
2020-10-04 08:22:47,619 : INFO : EventManager : Event: ======'machine_var_audits_switches_s_playfield'====== Args={'value': 0, 'prev_value': None, 'change': True}
2020-10-04 08:22:47,622 : INFO : EventManager : Event: ======'machine_var_audits_switches_s_plunger'====== Args={'value': 539, 'prev_value': None, 'change': True}
2020-10-04 08:22:47,623 : INFO : EventManager : Event: ======'machine_var_audits_switches_s_popBumper_1'====== Args={'value': 463, 'prev_value': None, 'change': True}
2020-10-04 08:22:47,624 : INFO : EventManager : Event: ======'machine_var_audits_switches_s_popBumper_2'====== Args={'value': 438, 'prev_value': None, 'change': True}
2020-10-04 08:22:47,625 : INFO : EventManager : Event: ======'machine_var_audits_switches_s_popBumper_3'====== Args={'value': 162, 'prev_value': None, 'change': True}
2020-10-04 08:22:47,625 : INFO : EventManager : Event: ======'machine_var_audits_switches_s_pop_bumper1'====== Args={'value': 120, 'prev_value': None, 'change': True}
2020-10-04 08:22:47,626 : INFO : EventManager : Event: ======'machine_var_audits_switches_s_pop_bumper2'====== Args={'value': 153, 'prev_value': None, 'change': True}
2020-10-04 08:22:47,627 : INFO : EventManager : Event: ======'machine_var_audits_switches_s_pop_bumper3'====== Args={'value': 100, 'prev_value': None, 'change': True}
2020-10-04 08:22:47,628 : INFO : EventManager : Event: ======'machine_var_audits_switches_s_right_flipper'====== Args={'value': 216, 'prev_value': None, 'change': True}
2020-10-04 08:22:47,629 : INFO : EventManager : Event: ======'machine_var_audits_switches_s_sling_L'====== Args={'value': 0, 'prev_value': None, 'change': True}
2020-10-04 08:22:47,629 : INFO : EventManager : Event: ======'machine_var_audits_switches_s_sling_R'====== Args={'value': 0, 'prev_value': None, 'change': True}
2020-10-04 08:22:47,630 : INFO : EventManager : Event: ======'machine_var_audits_switches_s_soul_L'====== Args={'value': 91, 'prev_value': None, 'change': True}
2020-10-04 08:22:47,631 : INFO : EventManager : Event: ======'machine_var_audits_switches_s_soul_O'====== Args={'value': 101, 'prev_value': None, 'change': True}
2020-10-04 08:22:47,632 : INFO : EventManager : Event: ======'machine_var_audits_switches_s_soul_S'====== Args={'value': 110, 'prev_value': None, 'change': True}
2020-10-04 08:22:47,633 : INFO : EventManager : Event: ======'machine_var_audits_switches_s_soul_U'====== Args={'value': 94, 'prev_value': None, 'change': True}
2020-10-04 08:22:47,634 : INFO : EventManager : Event: ======'machine_var_audits_switches_s_standUp_1'====== Args={'value': 0, 'prev_value': None, 'change': True}
2020-10-04 08:22:47,635 : INFO : EventManager : Event: ======'machine_var_audits_switches_s_standUp_2'====== Args={'value': 0, 'prev_value': None, 'change': True}
2020-10-04 08:22:47,635 : INFO : EventManager : Event: ======'machine_var_audits_switches_s_standUp_3'====== Args={'value': 0, 'prev_value': None, 'change': True}
2020-10-04 08:22:47,636 : INFO : EventManager : Event: ======'machine_var_audits_switches_s_standUp_R'====== Args={'value': 0, 'prev_value': None, 'change': True}
2020-10-04 08:22:47,637 : INFO : EventManager : Event: ======'machine_var_audits_switches_s_star_1'====== Args={'value': 0, 'prev_value': None, 'change': True}
2020-10-04 08:22:47,638 : INFO : EventManager : Event: ======'machine_var_audits_switches_s_star_2'====== Args={'value': 0, 'prev_value': None, 'change': True}
2020-10-04 08:22:47,639 : INFO : EventManager : Event: ======'machine_var_audits_switches_s_star_3'====== Args={'value': 0, 'prev_value': None, 'change': True}
2020-10-04 08:22:47,640 : INFO : EventManager : Event: ======'machine_var_audits_switches_s_start'====== Args={'value': 68, 'prev_value': None, 'change': True}
2020-10-04 08:22:47,641 : INFO : EventManager : Event: ======'machine_var_audits_switches_s_tilt'====== Args={'value': 0, 'prev_value': None, 'change': True}
2020-10-04 08:22:47,642 : INFO : EventManager : Event: ======'machine_var_audits_switches_s_trough1'====== Args={'value': 508, 'prev_value': None, 'change': True}
2020-10-04 08:22:47,643 : INFO : EventManager : Event: ======'machine_var_audits_switches_s_trough2'====== Args={'value': 72, 'prev_value': None, 'change': True}
2020-10-04 08:22:47,643 : INFO : EventManager : Event: ======'machine_var_audits_switches_s_trough_jam'====== Args={'value': 13, 'prev_value': None, 'change': True}
2020-10-04 08:22:47,645 : INFO : EventManager : Event: ======'init_phase_5'====== Args={}
2020-10-04 08:22:47,677 : INFO : EventManager : Event: ======'init_done'====== Args={}
2020-10-04 08:22:47,678 : INFO : EventManager : Event: ======'machine_reset_phase_1'====== Args={}
2020-10-04 08:22:47,683 : INFO : EventManager : Event: ======'slide_welcome_slide_removed'====== Args={'_from_bcp': True}
2020-10-04 08:22:47,689 : INFO : EventManager : Event: ======'slide_welcome_slide_created'====== Args={'_from_bcp': True}
2020-10-04 08:22:47,692 : INFO : EventManager : Event: ======'machine_reset_phase_2'====== Args={}
2020-10-04 08:22:47,692 : INFO : EventManager : Event: ======'machine_reset_phase_3'====== Args={}
2020-10-04 08:22:47,692 : INFO : drop_target_bank.cup_bank : All targets are already up. Will not reset bank.
2020-10-04 08:22:47,693 : INFO : drop_target_bank.mug_bank : All targets are already up. Will not reset bank.
2020-10-04 08:22:47,693 : INFO : EventManager : Event: ======'reset_complete'====== Args={}
2020-10-04 08:22:47,693 : INFO : EventManager : Event: ======'mode_attract_will_start'====== Args={}
2020-10-04 08:22:47,695 : INFO : EventManager : Event: ======'mode_attract_starting'====== Args={}
2020-10-04 08:22:47,695 : INFO : Mode.attract : Started. Priority: 10
2020-10-04 08:22:47,696 : INFO : EventManager : Event: ======'modes_active_modes_changed'====== Args={}
2020-10-04 08:22:47,696 : INFO : EventManager : Event: ======'mode_attract_started'====== Args={}
2020-10-04 08:22:47,701 : INFO : EventManager : Event: ======'collecting_balls_complete'====== Args={}
2020-10-04 08:22:47,755 : INFO : EventManager : Event: ======'slide_welcome_slide_active'====== Args={'_from_bcp': True}
2020-10-04 08:22:47,755 : INFO : EventManager : Event: ======'slide_awesome_slide_created'====== Args={'_from_bcp': True}
2020-10-04 08:22:47,756 : INFO : EventManager : Event: ======'slide_awesome_slide_active'====== Args={'_from_bcp': True}
2020-10-04 08:22:47,756 : INFO : Machine : Starting the main run loop.
2020-10-04 08:22:48,033 : INFO : BcpServer : New client connected.
2020-10-04 08:22:50,705 : INFO : EventManager : Event: ======'slide_press_start_created'====== Args={'_from_bcp': True}
2020-10-04 08:22:50,710 : INFO : EventManager : Event: ======'slide_press_start_active'====== Args={'_from_bcp': True}
2020-10-04 08:22:53,581 : INFO : SwitchController : <<<<<<< 's_start' active >>>>>>>
2020-10-04 08:22:53,706 : INFO : EventManager : Event: ======'slide_mission_pinball_created'====== Args={'_from_bcp': True}
2020-10-04 08:22:53,707 : INFO : EventManager : Event: ======'slide_mission_pinball_active'====== Args={'_from_bcp': True}
2020-10-04 08:22:53,761 : INFO : SwitchController : <<<<<<< 's_start' inactive >>>>>>>
2020-10-04 08:22:53,761 : INFO : EventManager : Event: ======'request_to_start_game'====== Args={}
2020-10-04 08:22:53,762 : INFO : EventManager : Event: ======'game_start'====== Args={'buttons': [], 'hold_time': 0.18800000002374873}
2020-10-04 08:22:53,763 : INFO : EventManager : Event: ======'mode_game_will_start'====== Args={'buttons': [], 'hold_time': 0.18800000002374873}
2020-10-04 08:22:53,764 : INFO : EventManager : Event: ======'mode_game_starting'====== Args={'buttons': [], 'hold_time': 0.18800000002374873}
2020-10-04 08:22:53,764 : INFO : EventManager : Event: ======'mode_attract_will_stop'====== Args={}
2020-10-04 08:22:53,765 : INFO : EventManager : Event: ======'mode_attract_stopping'====== Args={}
2020-10-04 08:22:53,765 : INFO : Mode.attract : Stopped.
2020-10-04 08:22:53,765 : INFO : EventManager : Event: ======'modes_active_modes_changed'====== Args={}
2020-10-04 08:22:53,767 : INFO : EventManager : Event: ======'mode_attract_stopped'====== Args={}
2020-10-04 08:22:53,768 : INFO : EventManager : Event: ======'clear'====== Args={'key': 'attract'}
2020-10-04 08:22:53,769 : INFO : Mode.game : Started. Priority: 20
2020-10-04 08:22:53,769 : INFO : EventManager : Event: ======'modes_active_modes_changed'====== Args={}
2020-10-04 08:22:53,770 : INFO : EventManager : Event: ======'mode_game_started'====== Args={'buttons': [], 'hold_time': 0.18800000002374873}
2020-10-04 08:22:53,797 : INFO : EventManager : Event: ======'game_will_start'====== Args={}
2020-10-04 08:22:53,808 : INFO : EventManager : Event: ======'slide_awesome_slide_removed'====== Args={'_from_bcp': True}
2020-10-04 08:22:53,809 : INFO : EventManager : Event: ======'slide_press_start_removed'====== Args={'_from_bcp': True}
2020-10-04 08:22:53,809 : INFO : EventManager : Event: ======'slide_mission_pinball_removed'====== Args={'_from_bcp': True}
2020-10-04 08:22:53,810 : INFO : EventManager : Event: ======'slide_welcome_slide_active'====== Args={'_from_bcp': True}
2020-10-04 08:22:53,811 : INFO : EventManager : Event: ======'game_starting'====== Args={'game': <Mode.game>}
2020-10-04 08:22:53,812 : INFO : EventManager : Event: ======'player_add_request'====== Args={}
2020-10-04 08:22:53,813 : INFO : EventManager : Event: ======'player_will_add'====== Args={'number': 1}
2020-10-04 08:22:53,814 : INFO : EventManager : Event: ======'player_adding'====== Args={'player': <Player 1>, 'number': 1}
2020-10-04 08:22:53,814 : INFO : EventManager : Event: ======'player_added'====== Args={'player': <Player 1>, 'num': 1}
2020-10-04 08:22:53,815 : INFO : Mode.game : Player added successfully. Total players: 1
2020-10-04 08:22:53,816 : INFO : EventManager : Event: ======'player_index'====== Args={'value': 0, 'prev_value': 0, 'change': 0, 'player_num': 1}
2020-10-04 08:22:53,817 : INFO : EventManager : Event: ======'player_number'====== Args={'value': 1, 'prev_value': 1, 'change': 0, 'player_num': 1}
2020-10-04 08:22:53,819 : INFO : EventManager : Event: ======'player_bonus_multiplier'====== Args={'value': 1, 'prev_value': 1, 'change': 0, 'player_num': 1}
2020-10-04 08:22:53,820 : INFO : EventManager : Event: ======'player_score'====== Args={'value': 0, 'prev_value': 0, 'change': 0, 'player_num': 1}
2020-10-04 08:22:53,822 : INFO : EventManager : Event: ======'game_started'====== Args={}
2020-10-04 08:22:53,849 : INFO : EventManager : Event: ======'player_turn_will_start'====== Args={'player': <Player 1>, 'number': 1}
2020-10-04 08:22:53,850 : INFO : EventManager : Event: ======'player_turn_starting'====== Args={'player': <Player 1>, 'number': 1}
2020-10-04 08:22:53,853 : INFO : EventManager : Event: ======'player_ball'====== Args={'value': 1, 'prev_value': 0, 'change': 1, 'player_num': 1}
2020-10-04 08:22:53,854 : INFO : EventManager : Event: ======'player_turn_started'====== Args={'player': <Player 1>, 'number': 1}
2020-10-04 08:22:53,856 : INFO : EventManager : Event: ======'ball_will_start'====== Args={'player': 1, 'ball': 1, 'balls_remaining': 4, 'is_extra_ball': False}
2020-10-04 08:22:53,881 : INFO : EventManager : Event: ======'ball_starting'====== Args={'player': 1, 'ball': 1, 'balls_remaining': 4, 'is_extra_ball': False}
2020-10-04 08:22:53,883 : INFO : EventManager : Event: ======'mode_base_will_start'====== Args={'queue': <QueuedEvent>, 'player': 1, 'ball': 1, 'balls_remaining': 4, 'is_extra_ball': False}
2020-10-04 08:22:53,890 : INFO : EventManager : Event: ======'mode_base_starting'====== Args={'queue': <QueuedEvent>, 'player': 1, 'ball': 1, 'balls_remaining': 4, 'is_extra_ball': False}
2020-10-04 08:22:53,891 : INFO : drop_target_bank.cup_bank : All targets are already up. Will not reset bank.
2020-10-04 08:22:53,892 : INFO : drop_target_bank.mug_bank : All targets are already up. Will not reset bank.
2020-10-04 08:22:53,893 : INFO : EventManager : Event: ======'balls_in_play'====== Args={'balls': 1}
2020-10-04 08:22:53,893 : INFO : EventManager : Event: ======'ball_started'====== Args={'player': 1, 'ball': 1, 'balls_remaining': 4, 'is_extra_ball': False}
2020-10-04 08:22:53,895 : INFO : EventManager : Event: ======'logicblock_bonus_updated'====== Args={'value': 0, 'enabled': True}
2020-10-04 08:22:53,896 : INFO : EventManager : Event: ======'logicblock_bonus_updated'====== Args={'value': 0, 'enabled': True}
2020-10-04 08:22:53,898 : INFO : Mode.base : Started. Priority: 100
2020-10-04 08:22:53,898 : INFO : EventManager : Event: ======'modes_active_modes_changed'====== Args={}
2020-10-04 08:22:53,899 : INFO : EventManager : Event: ======'mode_base_started'====== Args={'queue': <QueuedEvent>, 'player': 1, 'ball': 1, 'balls_remaining': 4, 'is_extra_ball': False}
2020-10-04 08:22:53,902 : INFO : EventManager : Event: ======'mode_soulLanes_will_start'====== Args={'player': 1, 'ball': 1, 'balls_remaining': 4, 'is_extra_ball': False}
2020-10-04 08:22:53,903 : INFO : EventManager : Event: ======'player_shot_soul_S_enabled'====== Args={'value': True, 'prev_value': 0, 'change': 1, 'player_num': 1}
2020-10-04 08:22:53,906 : INFO : EventManager : Event: ======'player_shot_soul_O_enabled'====== Args={'value': True, 'prev_value': 0, 'change': 1, 'player_num': 1}
2020-10-04 08:22:53,908 : INFO : EventManager : Event: ======'player_shot_soul_U_enabled'====== Args={'value': True, 'prev_value': 0, 'change': 1, 'player_num': 1}
2020-10-04 08:22:53,912 : INFO : EventManager : Event: ======'player_shot_soul_L_enabled'====== Args={'value': True, 'prev_value': 0, 'change': 1, 'player_num': 1}
2020-10-04 08:22:53,913 : INFO : EventManager : Event: ======'soul_lanes_complete'====== Args={'state': 'unlit'}
2020-10-04 08:22:53,914 : INFO : EventManager : Event: ======'soul_lanes_unlit_complete'====== Args={}
2020-10-04 08:22:53,919 : INFO : EventManager : Event: ======'mode_soulLanes_starting'====== Args={'player': 1, 'ball': 1, 'balls_remaining': 4, 'is_extra_ball': False}
2020-10-04 08:22:53,932 : INFO : EventManager : Event: ======'logicblock_soul_complete_count_updated'====== Args={'value': 1, 'enabled': True}
2020-10-04 08:22:53,933 : INFO : EventManager : Event: ======'logicblock_soul_complete_count_updated'====== Args={'value': 1, 'enabled': True}
2020-10-04 08:22:53,933 : INFO : Mode.soulLanes : Started. Priority: 110
2020-10-04 08:22:53,933 : INFO : EventManager : Event: ======'modes_active_modes_changed'====== Args={}
2020-10-04 08:22:53,934 : INFO : EventManager : Event: ======'mode_soulLanes_started'====== Args={'player': 1, 'ball': 1, 'balls_remaining': 4, 'is_extra_ball': False}
2020-10-04 08:22:53,935 : INFO : EventManager : Event: ======'single_player_ball_started'====== Args={}
2020-10-04 08:22:54,007 : INFO : ball_device.bd_plunger : Setting up player-controlled eject. Balls: 1, Target: <playfield.playfield>, player_controlled_eject_event: None
2020-10-04 08:22:54,008 : INFO : EventManager : Event: ======'balldevice_balls_available'====== Args={}
2020-10-04 08:22:54,072 : INFO : EventManager : Event: ======'slide_base.slide_player-mode_base_started_created'====== Args={'_from_bcp': True}
2020-10-04 08:22:54,073 : INFO : EventManager : Event: ======'slide_base.slide_player-mode_base_started_active'====== Args={'_from_bcp': True}
2020-10-04 08:22:54,074 : INFO : ball_device.bd_trough : State: waiting_for_target_ready
2020-10-04 08:22:54,075 : INFO : EventManager : Event: ======'balldevice_bd_trough_ball_eject_attempt'====== Args={'balls': 1, 'target': <ball_device.bd_plunger>, 'source': <ball_device.bd_trough>, 'mechanical_eject': True, 'num_attempts': 0}
2020-10-04 08:22:54,076 : INFO : ball_device.bd_plunger : State: waiting_for_ball
2020-10-04 08:22:54,077 : INFO : ball_device.bd_trough : State: ejecting
2020-10-04 08:22:54,078 : INFO : ball_device.bd_trough : Ejecting ball to <ball_device.bd_plunger>
2020-10-04 08:22:54,078 : INFO : EventManager : Event: ======'balldevice_bd_trough_ejecting_ball'====== Args={'balls': 1, 'target': <ball_device.bd_plunger>, 'source': <ball_device.bd_trough>, 'mechanical_eject': True, 'num_attempts': 0}
2020-10-04 08:22:54,080 : INFO : ball_device.bd_trough : Wait for ball to leave device
2020-10-04 08:22:54,081 : INFO : coil.c_trough_eject : Pulsing Driver for 20ms (1.0 pulse_power)
2020-10-04 08:22:54,081 : INFO : SwitchController : <<<<<<< 's_trough1' inactive >>>>>>>
2020-10-04 08:22:54,105 : INFO : ball_device.bd_trough : State: ball_left
2020-10-04 08:22:54,106 : INFO : ball_device.bd_trough : Ball left
2020-10-04 08:22:54,106 : INFO : ball_device.bd_trough : Wait for confirm with timeout 10.0
2020-10-04 08:22:54,167 : INFO : SwitchController : <<<<<<< 's_plunger' active >>>>>>>
2020-10-04 08:22:54,168 : INFO : EventManager : Event: ======'machine_var_audits_switches_s_plunger'====== Args={'value': 540, 'prev_value': 539, 'change': 1}
2020-10-04 08:22:54,669 : INFO : ball_device.bd_plunger : Received ball from <ball_device.bd_trough>
2020-10-04 08:22:54,669 : INFO : EventManager : Event: ======'balldevice_bd_plunger_ball_enter'====== Args={'new_balls': 1, 'unclaimed_balls': 0, 'new_available_balls': 0, 'device': <ball_device.bd_plunger>}
2020-10-04 08:22:54,670 : INFO : EventManager : Event: ======'balldevice_bd_plunger_ball_entered'====== Args={'new_balls': 0, 'device': <ball_device.bd_plunger>}
2020-10-04 08:22:54,671 : INFO : EventManager : Event: ======'balldevice_bd_plunger_ball_count_changed'====== Args={'balls': 1}
2020-10-04 08:22:54,672 : INFO : ball_device.bd_trough : Got eject confirm
2020-10-04 08:22:54,672 : INFO : ball_device.bd_trough : Eject successful
2020-10-04 08:22:54,672 : INFO : EventManager : Event: ======'balldevice_bd_trough_ball_eject_success'====== Args={'balls': 1, 'target': <ball_device.bd_plunger>}
2020-10-04 08:22:54,673 : INFO : EventManager : Event: ======'balldevice_bd_trough_ball_count_changed'====== Args={'balls': 1}
2020-10-04 08:22:54,674 : INFO : ball_device.bd_trough : State: idle
2020-10-04 08:22:54,675 : INFO : ball_device.bd_plunger : State: waiting_for_target_ready
2020-10-04 08:22:54,675 : INFO : EventManager : Event: ======'balldevice_bd_plunger_ball_eject_attempt'====== Args={'balls': 1, 'target': <playfield.playfield>, 'source': <ball_device.bd_plunger>, 'mechanical_eject': True, 'num_attempts': 0}
2020-10-04 08:22:54,677 : INFO : ball_device.bd_plunger : State: ejecting
2020-10-04 08:22:54,677 : INFO : ball_device.bd_plunger : Ejecting ball to <playfield.playfield>
2020-10-04 08:22:54,678 : INFO : EventManager : Event: ======'balldevice_bd_plunger_ejecting_ball'====== Args={'balls': 1, 'target': <playfield.playfield>, 'source': <ball_device.bd_plunger>, 'mechanical_eject': True, 'num_attempts': 0}
2020-10-04 08:22:54,680 : INFO : ball_device.bd_plunger : Wait for ball to leave device
2020-10-04 08:22:55,735 : INFO : SwitchController : <<<<<<< 's_plunger' inactive >>>>>>>
2020-10-04 08:22:55,755 : INFO : ball_device.bd_plunger : State: ball_left
2020-10-04 08:22:55,756 : INFO : ball_device.bd_plunger : Ball left
2020-10-04 08:22:55,756 : INFO : ball_device.bd_plunger : Wait for confirm with timeout 10.0
2020-10-04 08:22:57,301 : INFO : SwitchController : <<<<<<< 's_exit_shooter_lane' active >>>>>>>
2020-10-04 08:22:57,301 : INFO : EventManager : Event: ======'sw_playfield_active'====== Args={}
2020-10-04 08:22:57,302 : INFO : EventManager : Event: ======'machine_var_audits_switches_s_exit_shooter_lane'====== Args={'value': 352, 'prev_value': 351, 'change': 1}
2020-10-04 08:22:57,303 : INFO : EventManager : Event: ======'playfield_active'====== Args={}
2020-10-04 08:22:57,340 : INFO : ball_device.bd_plunger : Got eject confirm
2020-10-04 08:22:57,340 : INFO : ball_device.bd_plunger : Eject successful
2020-10-04 08:22:57,340 : INFO : EventManager : Event: ======'balldevice_bd_plunger_ball_eject_success'====== Args={'balls': 1, 'target': <playfield.playfield>}
2020-10-04 08:22:57,341 : INFO : EventManager : Event: ======'balldevice_playfield_ball_enter'====== Args={'new_balls': 1, 'unclaimed_balls': 1, 'device': <playfield.playfield>}
2020-10-04 08:22:57,341 : INFO : EventManager : Event: ======'playfield_ball_count_change'====== Args={'balls': 1, 'change': 1}
2020-10-04 08:22:57,343 : INFO : EventManager : Event: ======'balldevice_bd_plunger_ball_count_changed'====== Args={'balls': 0}
2020-10-04 08:22:57,344 : INFO : ball_device.bd_plunger : State: idle
2020-10-04 08:22:57,540 : INFO : SwitchController : <<<<<<< 's_exit_shooter_lane' inactive >>>>>>>
2020-10-04 08:22:58,346 : INFO : SwitchController : <<<<<<< 's_soul_S' active >>>>>>>
2020-10-04 08:22:58,347 : INFO : EventManager : Event: ======'s_soul_S_active'====== Args={}
2020-10-04 08:22:58,347 : INFO : EventManager : Event: ======'machine_var_audits_switches_s_soul_S'====== Args={'value': 111, 'prev_value': 110, 'change': 1}
2020-10-04 08:22:58,349 : INFO : EventManager : Event: ======'player_shot_soul_S'====== Args={'value': 1, 'prev_value': 0, 'change': 1, 'player_num': 1}
2020-10-04 08:22:58,351 : INFO : EventManager : Event: ======'machine_var_audits_shots_soul_S'====== Args={'value': 111, 'prev_value': 110, 'change': 1}
2020-10-04 08:22:58,353 : INFO : EventManager : Event: ======'soul_S_hit'====== Args={'profile': 'default', 'state': 'unlit', 'advancing': True}
2020-10-04 08:22:58,353 : INFO : EventManager : Event: ======'soul_S_default_hit'====== Args={'profile': 'default', 'state': 'unlit', 'advancing': True}
2020-10-04 08:22:58,354 : INFO : EventManager : Event: ======'soul_S_default_unlit_hit'====== Args={'profile': 'default', 'state': 'unlit', 'advancing': True}
2020-10-04 08:22:58,354 : INFO : EventManager : Event: ======'soul_S_unlit_hit'====== Args={'profile': 'default', 'state': 'unlit', 'advancing': True}
2020-10-04 08:22:58,355 : INFO : EventManager : Event: ======'player_score'====== Args={'value': 10, 'prev_value': 0, 'change': 10, 'player_num': 1}
2020-10-04 08:22:58,361 : INFO : EventManager : Event: ======'soul_lanes_hit'====== Args={}
2020-10-04 08:22:58,362 : INFO : EventManager : Event: ======'soul_lanes_unlit_hit'====== Args={}
2020-10-04 08:22:58,516 : INFO : SwitchController : <<<<<<< 's_soul_S' inactive >>>>>>>
2020-10-04 08:22:59,193 : INFO : SwitchController : <<<<<<< 's_soul_O' active >>>>>>>
2020-10-04 08:22:59,193 : INFO : EventManager : Event: ======'s_soul_O_active'====== Args={}
2020-10-04 08:22:59,194 : INFO : EventManager : Event: ======'machine_var_audits_switches_s_soul_O'====== Args={'value': 102, 'prev_value': 101, 'change': 1}
2020-10-04 08:22:59,196 : INFO : EventManager : Event: ======'player_shot_soul_O'====== Args={'value': 1, 'prev_value': 0, 'change': 1, 'player_num': 1}
2020-10-04 08:22:59,197 : INFO : EventManager : Event: ======'machine_var_audits_shots_soul_O'====== Args={'value': 97, 'prev_value': 96, 'change': 1}
2020-10-04 08:22:59,199 : INFO : EventManager : Event: ======'soul_O_hit'====== Args={'profile': 'default', 'state': 'unlit', 'advancing': True}
2020-10-04 08:22:59,199 : INFO : EventManager : Event: ======'soul_O_default_hit'====== Args={'profile': 'default', 'state': 'unlit', 'advancing': True}
2020-10-04 08:22:59,200 : INFO : EventManager : Event: ======'soul_O_default_unlit_hit'====== Args={'profile': 'default', 'state': 'unlit', 'advancing': True}
2020-10-04 08:22:59,201 : INFO : EventManager : Event: ======'soul_O_unlit_hit'====== Args={'profile': 'default', 'state': 'unlit', 'advancing': True}
2020-10-04 08:22:59,201 : INFO : EventManager : Event: ======'player_score'====== Args={'value': 20, 'prev_value': 10, 'change': 10, 'player_num': 1}
2020-10-04 08:22:59,202 : INFO : EventManager : Event: ======'soul_lanes_hit'====== Args={}
2020-10-04 08:22:59,203 : INFO : EventManager : Event: ======'soul_lanes_unlit_hit'====== Args={}
2020-10-04 08:22:59,322 : INFO : SwitchController : <<<<<<< 's_soul_O' inactive >>>>>>>
2020-10-04 08:22:59,552 : INFO : SwitchController : <<<<<<< 's_soul_U' active >>>>>>>
2020-10-04 08:22:59,552 : INFO : EventManager : Event: ======'s_soul_U_active'====== Args={}
2020-10-04 08:22:59,553 : INFO : EventManager : Event: ======'machine_var_audits_switches_s_soul_U'====== Args={'value': 95, 'prev_value': 94, 'change': 1}
2020-10-04 08:22:59,555 : INFO : EventManager : Event: ======'player_shot_soul_U'====== Args={'value': 1, 'prev_value': 0, 'change': 1, 'player_num': 1}
2020-10-04 08:22:59,557 : INFO : EventManager : Event: ======'machine_var_audits_shots_soul_U'====== Args={'value': 95, 'prev_value': 94, 'change': 1}
2020-10-04 08:22:59,558 : INFO : EventManager : Event: ======'soul_U_hit'====== Args={'profile': 'default', 'state': 'unlit', 'advancing': True}
2020-10-04 08:22:59,558 : INFO : EventManager : Event: ======'soul_U_default_hit'====== Args={'profile': 'default', 'state': 'unlit', 'advancing': True}
2020-10-04 08:22:59,559 : INFO : EventManager : Event: ======'soul_U_default_unlit_hit'====== Args={'profile': 'default', 'state': 'unlit', 'advancing': True}
2020-10-04 08:22:59,560 : INFO : EventManager : Event: ======'soul_U_unlit_hit'====== Args={'profile': 'default', 'state': 'unlit', 'advancing': True}
2020-10-04 08:22:59,560 : INFO : EventManager : Event: ======'player_score'====== Args={'value': 30, 'prev_value': 20, 'change': 10, 'player_num': 1}
2020-10-04 08:22:59,561 : INFO : EventManager : Event: ======'soul_lanes_hit'====== Args={}
2020-10-04 08:22:59,562 : INFO : EventManager : Event: ======'soul_lanes_unlit_hit'====== Args={}
2020-10-04 08:22:59,672 : INFO : SwitchController : <<<<<<< 's_soul_U' inactive >>>>>>>
2020-10-04 08:23:00,688 : INFO : SwitchController : <<<<<<< 's_soul_L' active >>>>>>>
2020-10-04 08:23:00,689 : INFO : EventManager : Event: ======'s_soul_L_active'====== Args={}
2020-10-04 08:23:00,689 : INFO : EventManager : Event: ======'machine_var_audits_switches_s_soul_L'====== Args={'value': 92, 'prev_value': 91, 'change': 1}
2020-10-04 08:23:00,691 : INFO : EventManager : Event: ======'player_shot_soul_L'====== Args={'value': 1, 'prev_value': 0, 'change': 1, 'player_num': 1}
2020-10-04 08:23:00,693 : INFO : EventManager : Event: ======'machine_var_audits_shots_soul_L'====== Args={'value': 91, 'prev_value': 90, 'change': 1}
2020-10-04 08:23:00,695 : INFO : EventManager : Event: ======'soul_L_hit'====== Args={'profile': 'default', 'state': 'unlit', 'advancing': True}
2020-10-04 08:23:00,695 : INFO : EventManager : Event: ======'soul_L_default_hit'====== Args={'profile': 'default', 'state': 'unlit', 'advancing': True}
2020-10-04 08:23:00,696 : INFO : EventManager : Event: ======'soul_L_default_unlit_hit'====== Args={'profile': 'default', 'state': 'unlit', 'advancing': True}
2020-10-04 08:23:00,696 : INFO : EventManager : Event: ======'soul_L_unlit_hit'====== Args={'profile': 'default', 'state': 'unlit', 'advancing': True}
2020-10-04 08:23:00,697 : INFO : EventManager : Event: ======'player_score'====== Args={'value': 40, 'prev_value': 30, 'change': 10, 'player_num': 1}
2020-10-04 08:23:00,698 : INFO : EventManager : Event: ======'soul_lanes_complete'====== Args={'state': 'lit'}
2020-10-04 08:23:00,699 : INFO : EventManager : Event: ======'soul_lanes_lit_complete'====== Args={}
2020-10-04 08:23:00,700 : INFO : EventManager : Event: ======'soul_lanes_hit'====== Args={}
2020-10-04 08:23:00,700 : INFO : EventManager : Event: ======'soul_lanes_unlit_hit'====== Args={}
2020-10-04 08:23:00,701 : INFO : EventManager : Event: ======'player_score'====== Args={'value': 1040, 'prev_value': 40, 'change': 1000, 'player_num': 1}
2020-10-04 08:23:00,702 : INFO : EventManager : Event: ======'logicblock_soul_complete_count_updated'====== Args={'value': 2, 'enabled': True}
2020-10-04 08:23:00,702 : INFO : EventManager : Event: ======'soul_lanes_done'====== Args={'count': 2}
2020-10-04 08:23:00,704 : INFO : EventManager : Event: ======'player_bonus_multiplier'====== Args={'value': 2, 'prev_value': 1, 'change': 1, 'player_num': 1}
2020-10-04 08:23:00,805 : INFO : SwitchController : <<<<<<< 's_soul_L' inactive >>>>>>>
2020-10-04 08:23:01,709 : INFO : EventManager : Event: ======'player_shot_soul_S'====== Args={'value': 0, 'prev_value': 1, 'change': -1, 'player_num': 1}
2020-10-04 08:23:01,710 : INFO : EventManager : Event: ======'player_shot_soul_O'====== Args={'value': 0, 'prev_value': 1, 'change': -1, 'player_num': 1}
2020-10-04 08:23:01,712 : INFO : EventManager : Event: ======'player_shot_soul_U'====== Args={'value': 0, 'prev_value': 1, 'change': -1, 'player_num': 1}
2020-10-04 08:23:01,714 : INFO : EventManager : Event: ======'player_shot_soul_L'====== Args={'value': 0, 'prev_value': 1, 'change': -1, 'player_num': 1}
2020-10-04 08:23:01,883 : INFO : SwitchController : <<<<<<< 's_soul_S' active >>>>>>>
2020-10-04 08:23:01,884 : INFO : EventManager : Event: ======'s_soul_S_active'====== Args={}
2020-10-04 08:23:01,884 : INFO : EventManager : Event: ======'machine_var_audits_switches_s_soul_S'====== Args={'value': 112, 'prev_value': 111, 'change': 1}
2020-10-04 08:23:01,886 : INFO : EventManager : Event: ======'player_shot_soul_S'====== Args={'value': 1, 'prev_value': 0, 'change': 1, 'player_num': 1}
2020-10-04 08:23:01,888 : INFO : EventManager : Event: ======'machine_var_audits_shots_soul_S'====== Args={'value': 112, 'prev_value': 111, 'change': 1}
2020-10-04 08:23:01,889 : INFO : EventManager : Event: ======'soul_S_hit'====== Args={'profile': 'default', 'state': 'unlit', 'advancing': True}
2020-10-04 08:23:01,890 : INFO : EventManager : Event: ======'soul_S_default_hit'====== Args={'profile': 'default', 'state': 'unlit', 'advancing': True}
2020-10-04 08:23:01,891 : INFO : EventManager : Event: ======'soul_S_default_unlit_hit'====== Args={'profile': 'default', 'state': 'unlit', 'advancing': True}
2020-10-04 08:23:01,891 : INFO : EventManager : Event: ======'soul_S_unlit_hit'====== Args={'profile': 'default', 'state': 'unlit', 'advancing': True}
2020-10-04 08:23:01,892 : INFO : EventManager : Event: ======'player_score'====== Args={'value': 1050, 'prev_value': 1040, 'change': 10, 'player_num': 1}
2020-10-04 08:23:01,893 : INFO : EventManager : Event: ======'soul_lanes_hit'====== Args={}
2020-10-04 08:23:01,893 : INFO : EventManager : Event: ======'soul_lanes_unlit_hit'====== Args={}
2020-10-04 08:23:02,106 : INFO : SwitchController : <<<<<<< 's_soul_S' inactive >>>>>>>
2020-10-04 08:23:02,569 : INFO : SwitchController : <<<<<<< 's_soul_O' active >>>>>>>
2020-10-04 08:23:02,569 : INFO : EventManager : Event: ======'s_soul_O_active'====== Args={}
2020-10-04 08:23:02,570 : INFO : EventManager : Event: ======'machine_var_audits_switches_s_soul_O'====== Args={'value': 103, 'prev_value': 102, 'change': 1}
2020-10-04 08:23:02,572 : INFO : EventManager : Event: ======'player_shot_soul_O'====== Args={'value': 1, 'prev_value': 0, 'change': 1, 'player_num': 1}
2020-10-04 08:23:02,574 : INFO : EventManager : Event: ======'machine_var_audits_shots_soul_O'====== Args={'value': 98, 'prev_value': 97, 'change': 1}
2020-10-04 08:23:02,575 : INFO : EventManager : Event: ======'soul_O_hit'====== Args={'profile': 'default', 'state': 'unlit', 'advancing': True}
2020-10-04 08:23:02,575 : INFO : EventManager : Event: ======'soul_O_default_hit'====== Args={'profile': 'default', 'state': 'unlit', 'advancing': True}
2020-10-04 08:23:02,576 : INFO : EventManager : Event: ======'soul_O_default_unlit_hit'====== Args={'profile': 'default', 'state': 'unlit', 'advancing': True}
2020-10-04 08:23:02,576 : INFO : EventManager : Event: ======'soul_O_unlit_hit'====== Args={'profile': 'default', 'state': 'unlit', 'advancing': True}
2020-10-04 08:23:02,577 : INFO : EventManager : Event: ======'player_score'====== Args={'value': 1060, 'prev_value': 1050, 'change': 10, 'player_num': 1}
2020-10-04 08:23:02,577 : INFO : EventManager : Event: ======'soul_lanes_hit'====== Args={}
2020-10-04 08:23:02,578 : INFO : EventManager : Event: ======'soul_lanes_unlit_hit'====== Args={}
2020-10-04 08:23:02,666 : INFO : SwitchController : <<<<<<< 's_soul_O' inactive >>>>>>>
2020-10-04 08:23:03,016 : INFO : SwitchController : <<<<<<< 's_soul_U' active >>>>>>>
2020-10-04 08:23:03,016 : INFO : EventManager : Event: ======'s_soul_U_active'====== Args={}
2020-10-04 08:23:03,016 : INFO : EventManager : Event: ======'machine_var_audits_switches_s_soul_U'====== Args={'value': 96, 'prev_value': 95, 'change': 1}
2020-10-04 08:23:03,018 : INFO : EventManager : Event: ======'player_shot_soul_U'====== Args={'value': 1, 'prev_value': 0, 'change': 1, 'player_num': 1}
2020-10-04 08:23:03,019 : INFO : EventManager : Event: ======'machine_var_audits_shots_soul_U'====== Args={'value': 96, 'prev_value': 95, 'change': 1}
2020-10-04 08:23:03,020 : INFO : EventManager : Event: ======'soul_U_hit'====== Args={'profile': 'default', 'state': 'unlit', 'advancing': True}
2020-10-04 08:23:03,022 : INFO : EventManager : Event: ======'soul_U_default_hit'====== Args={'profile': 'default', 'state': 'unlit', 'advancing': True}
2020-10-04 08:23:03,022 : INFO : EventManager : Event: ======'soul_U_default_unlit_hit'====== Args={'profile': 'default', 'state': 'unlit', 'advancing': True}
2020-10-04 08:23:03,023 : INFO : EventManager : Event: ======'soul_U_unlit_hit'====== Args={'profile': 'default', 'state': 'unlit', 'advancing': True}
2020-10-04 08:23:03,024 : INFO : EventManager : Event: ======'player_score'====== Args={'value': 1070, 'prev_value': 1060, 'change': 10, 'player_num': 1}
2020-10-04 08:23:03,025 : INFO : EventManager : Event: ======'soul_lanes_hit'====== Args={}
2020-10-04 08:23:03,025 : INFO : EventManager : Event: ======'soul_lanes_unlit_hit'====== Args={}
2020-10-04 08:23:03,150 : INFO : SwitchController : <<<<<<< 's_soul_U' inactive >>>>>>>
2020-10-04 08:23:04,428 : INFO : SwitchController : <<<<<<< 's_soul_L' active >>>>>>>
2020-10-04 08:23:04,428 : INFO : EventManager : Event: ======'s_soul_L_active'====== Args={}
2020-10-04 08:23:04,429 : INFO : EventManager : Event: ======'machine_var_audits_switches_s_soul_L'====== Args={'value': 93, 'prev_value': 92, 'change': 1}
2020-10-04 08:23:04,431 : INFO : EventManager : Event: ======'player_shot_soul_L'====== Args={'value': 1, 'prev_value': 0, 'change': 1, 'player_num': 1}
2020-10-04 08:23:04,432 : INFO : EventManager : Event: ======'machine_var_audits_shots_soul_L'====== Args={'value': 92, 'prev_value': 91, 'change': 1}
2020-10-04 08:23:04,434 : INFO : EventManager : Event: ======'soul_L_hit'====== Args={'profile': 'default', 'state': 'unlit', 'advancing': True}
2020-10-04 08:23:04,435 : INFO : EventManager : Event: ======'soul_L_default_hit'====== Args={'profile': 'default', 'state': 'unlit', 'advancing': True}
2020-10-04 08:23:04,435 : INFO : EventManager : Event: ======'soul_L_default_unlit_hit'====== Args={'profile': 'default', 'state': 'unlit', 'advancing': True}
2020-10-04 08:23:04,435 : INFO : EventManager : Event: ======'soul_L_unlit_hit'====== Args={'profile': 'default', 'state': 'unlit', 'advancing': True}
2020-10-04 08:23:04,436 : INFO : EventManager : Event: ======'player_score'====== Args={'value': 1080, 'prev_value': 1070, 'change': 10, 'player_num': 1}
2020-10-04 08:23:04,437 : INFO : EventManager : Event: ======'soul_lanes_complete'====== Args={'state': 'lit'}
2020-10-04 08:23:04,438 : INFO : EventManager : Event: ======'soul_lanes_lit_complete'====== Args={}
2020-10-04 08:23:04,439 : INFO : EventManager : Event: ======'soul_lanes_hit'====== Args={}
2020-10-04 08:23:04,439 : INFO : EventManager : Event: ======'soul_lanes_unlit_hit'====== Args={}
2020-10-04 08:23:04,440 : INFO : EventManager : Event: ======'player_score'====== Args={'value': 2080, 'prev_value': 1080, 'change': 1000, 'player_num': 1}
2020-10-04 08:23:04,441 : INFO : EventManager : Event: ======'logicblock_soul_complete_count_updated'====== Args={'value': 3, 'enabled': True}
2020-10-04 08:23:04,441 : INFO : EventManager : Event: ======'soul_lanes_done'====== Args={'count': 3}
2020-10-04 08:23:04,443 : INFO : EventManager : Event: ======'player_bonus_multiplier'====== Args={'value': 3, 'prev_value': 2, 'change': 1, 'player_num': 1}
2020-10-04 08:23:04,567 : INFO : SwitchController : <<<<<<< 's_soul_L' inactive >>>>>>>
2020-10-04 08:23:05,302 : INFO : SwitchController : <<<<<<< 's_soul_S' active >>>>>>>
2020-10-04 08:23:05,303 : INFO : EventManager : Event: ======'s_soul_S_active'====== Args={}
2020-10-04 08:23:05,303 : INFO : EventManager : Event: ======'machine_var_audits_switches_s_soul_S'====== Args={'value': 113, 'prev_value': 112, 'change': 1}
2020-10-04 08:23:05,305 : INFO : EventManager : Event: ======'machine_var_audits_shots_soul_S'====== Args={'value': 113, 'prev_value': 112, 'change': 1}
2020-10-04 08:23:05,307 : INFO : EventManager : Event: ======'soul_S_hit'====== Args={'profile': 'default', 'state': 'lit', 'advancing': False}
2020-10-04 08:23:05,307 : INFO : EventManager : Event: ======'soul_S_default_hit'====== Args={'profile': 'default', 'state': 'lit', 'advancing': False}
2020-10-04 08:23:05,308 : INFO : EventManager : Event: ======'soul_S_default_lit_hit'====== Args={'profile': 'default', 'state': 'lit', 'advancing': False}
2020-10-04 08:23:05,308 : INFO : EventManager : Event: ======'soul_S_lit_hit'====== Args={'profile': 'default', 'state': 'lit', 'advancing': False}
2020-10-04 08:23:05,309 : INFO : EventManager : Event: ======'player_score'====== Args={'value': 2090, 'prev_value': 2080, 'change': 10, 'player_num': 1}
2020-10-04 08:23:05,310 : INFO : EventManager : Event: ======'soul_lanes_hit'====== Args={}
2020-10-04 08:23:05,310 : INFO : EventManager : Event: ======'soul_lanes_lit_hit'====== Args={}
2020-10-04 08:23:05,423 : INFO : EventManager : Event: ======'player_shot_soul_S'====== Args={'value': 0, 'prev_value': 1, 'change': -1, 'player_num': 1}
2020-10-04 08:23:05,425 : INFO : EventManager : Event: ======'player_shot_soul_O'====== Args={'value': 0, 'prev_value': 1, 'change': -1, 'player_num': 1}
2020-10-04 08:23:05,426 : INFO : EventManager : Event: ======'player_shot_soul_U'====== Args={'value': 0, 'prev_value': 1, 'change': -1, 'player_num': 1}
2020-10-04 08:23:05,428 : INFO : EventManager : Event: ======'player_shot_soul_L'====== Args={'value': 0, 'prev_value': 1, 'change': -1, 'player_num': 1}
2020-10-04 08:23:05,497 : INFO : SwitchController : <<<<<<< 's_soul_S' inactive >>>>>>>
2020-10-04 08:23:05,756 : INFO : SwitchController : <<<<<<< 's_soul_O' active >>>>>>>
2020-10-04 08:23:05,757 : INFO : EventManager : Event: ======'s_soul_O_active'====== Args={}
2020-10-04 08:23:05,757 : INFO : EventManager : Event: ======'machine_var_audits_switches_s_soul_O'====== Args={'value': 104, 'prev_value': 103, 'change': 1}
2020-10-04 08:23:05,759 : INFO : EventManager : Event: ======'player_shot_soul_O'====== Args={'value': 1, 'prev_value': 0, 'change': 1, 'player_num': 1}
2020-10-04 08:23:05,761 : INFO : EventManager : Event: ======'machine_var_audits_shots_soul_O'====== Args={'value': 99, 'prev_value': 98, 'change': 1}
2020-10-04 08:23:05,763 : INFO : EventManager : Event: ======'soul_O_hit'====== Args={'profile': 'default', 'state': 'unlit', 'advancing': True}
2020-10-04 08:23:05,763 : INFO : EventManager : Event: ======'soul_O_default_hit'====== Args={'profile': 'default', 'state': 'unlit', 'advancing': True}
2020-10-04 08:23:05,764 : INFO : EventManager : Event: ======'soul_O_default_unlit_hit'====== Args={'profile': 'default', 'state': 'unlit', 'advancing': True}
2020-10-04 08:23:05,764 : INFO : EventManager : Event: ======'soul_O_unlit_hit'====== Args={'profile': 'default', 'state': 'unlit', 'advancing': True}
2020-10-04 08:23:05,765 : INFO : EventManager : Event: ======'player_score'====== Args={'value': 2100, 'prev_value': 2090, 'change': 10, 'player_num': 1}
2020-10-04 08:23:05,766 : INFO : EventManager : Event: ======'soul_lanes_hit'====== Args={}
2020-10-04 08:23:05,766 : INFO : EventManager : Event: ======'soul_lanes_unlit_hit'====== Args={}
2020-10-04 08:23:05,856 : INFO : SwitchController : <<<<<<< 's_soul_O' inactive >>>>>>>
2020-10-04 08:23:06,170 : INFO : SwitchController : <<<<<<< 's_soul_U' active >>>>>>>
2020-10-04 08:23:06,170 : INFO : EventManager : Event: ======'s_soul_U_active'====== Args={}
2020-10-04 08:23:06,172 : INFO : EventManager : Event: ======'machine_var_audits_switches_s_soul_U'====== Args={'value': 97, 'prev_value': 96, 'change': 1}
2020-10-04 08:23:06,173 : INFO : EventManager : Event: ======'player_shot_soul_U'====== Args={'value': 1, 'prev_value': 0, 'change': 1, 'player_num': 1}
2020-10-04 08:23:06,175 : INFO : EventManager : Event: ======'machine_var_audits_shots_soul_U'====== Args={'value': 97, 'prev_value': 96, 'change': 1}
2020-10-04 08:23:06,177 : INFO : EventManager : Event: ======'soul_U_hit'====== Args={'profile': 'default', 'state': 'unlit', 'advancing': True}
2020-10-04 08:23:06,178 : INFO : EventManager : Event: ======'soul_U_default_hit'====== Args={'profile': 'default', 'state': 'unlit', 'advancing': True}
2020-10-04 08:23:06,178 : INFO : EventManager : Event: ======'soul_U_default_unlit_hit'====== Args={'profile': 'default', 'state': 'unlit', 'advancing': True}
2020-10-04 08:23:06,179 : INFO : EventManager : Event: ======'soul_U_unlit_hit'====== Args={'profile': 'default', 'state': 'unlit', 'advancing': True}
2020-10-04 08:23:06,179 : INFO : EventManager : Event: ======'player_score'====== Args={'value': 2110, 'prev_value': 2100, 'change': 10, 'player_num': 1}
2020-10-04 08:23:06,180 : INFO : EventManager : Event: ======'soul_lanes_hit'====== Args={}
2020-10-04 08:23:06,181 : INFO : EventManager : Event: ======'soul_lanes_unlit_hit'====== Args={}
2020-10-04 08:23:06,312 : INFO : SwitchController : <<<<<<< 's_soul_U' inactive >>>>>>>
2020-10-04 08:23:07,335 : INFO : SwitchController : <<<<<<< 's_soul_L' active >>>>>>>
2020-10-04 08:23:07,336 : INFO : EventManager : Event: ======'s_soul_L_active'====== Args={}
2020-10-04 08:23:07,336 : INFO : EventManager : Event: ======'machine_var_audits_switches_s_soul_L'====== Args={'value': 94, 'prev_value': 93, 'change': 1}
2020-10-04 08:23:07,338 : INFO : EventManager : Event: ======'player_shot_soul_L'====== Args={'value': 1, 'prev_value': 0, 'change': 1, 'player_num': 1}
2020-10-04 08:23:07,340 : INFO : EventManager : Event: ======'machine_var_audits_shots_soul_L'====== Args={'value': 93, 'prev_value': 92, 'change': 1}
2020-10-04 08:23:07,341 : INFO : EventManager : Event: ======'soul_L_hit'====== Args={'profile': 'default', 'state': 'unlit', 'advancing': True}
2020-10-04 08:23:07,342 : INFO : EventManager : Event: ======'soul_L_default_hit'====== Args={'profile': 'default', 'state': 'unlit', 'advancing': True}
2020-10-04 08:23:07,343 : INFO : EventManager : Event: ======'soul_L_default_unlit_hit'====== Args={'profile': 'default', 'state': 'unlit', 'advancing': True}
2020-10-04 08:23:07,343 : INFO : EventManager : Event: ======'soul_L_unlit_hit'====== Args={'profile': 'default', 'state': 'unlit', 'advancing': True}
2020-10-04 08:23:07,344 : INFO : EventManager : Event: ======'player_score'====== Args={'value': 2120, 'prev_value': 2110, 'change': 10, 'player_num': 1}
2020-10-04 08:23:07,345 : INFO : EventManager : Event: ======'soul_lanes_hit'====== Args={}
2020-10-04 08:23:07,345 : INFO : EventManager : Event: ======'soul_lanes_unlit_hit'====== Args={}
2020-10-04 08:23:07,523 : INFO : SwitchController : <<<<<<< 's_soul_L' inactive >>>>>>>
2020-10-04 08:23:08,795 : INFO : SwitchController : <<<<<<< 's_soul_S' active >>>>>>>
2020-10-04 08:23:08,795 : INFO : EventManager : Event: ======'s_soul_S_active'====== Args={}
2020-10-04 08:23:08,796 : INFO : EventManager : Event: ======'machine_var_audits_switches_s_soul_S'====== Args={'value': 114, 'prev_value': 113, 'change': 1}
2020-10-04 08:23:08,799 : INFO : EventManager : Event: ======'player_shot_soul_S'====== Args={'value': 1, 'prev_value': 0, 'change': 1, 'player_num': 1}
2020-10-04 08:23:08,814 : INFO : EventManager : Event: ======'machine_var_audits_shots_soul_S'====== Args={'value': 114, 'prev_value': 113, 'change': 1}
2020-10-04 08:23:08,816 : INFO : EventManager : Event: ======'soul_S_hit'====== Args={'profile': 'default', 'state': 'unlit', 'advancing': True}
2020-10-04 08:23:08,816 : INFO : EventManager : Event: ======'soul_S_default_hit'====== Args={'profile': 'default', 'state': 'unlit', 'advancing': True}
2020-10-04 08:23:08,817 : INFO : EventManager : Event: ======'soul_S_default_unlit_hit'====== Args={'profile': 'default', 'state': 'unlit', 'advancing': True}
2020-10-04 08:23:08,818 : INFO : EventManager : Event: ======'soul_S_unlit_hit'====== Args={'profile': 'default', 'state': 'unlit', 'advancing': True}
2020-10-04 08:23:08,818 : INFO : EventManager : Event: ======'player_score'====== Args={'value': 2130, 'prev_value': 2120, 'change': 10, 'player_num': 1}
2020-10-04 08:23:08,819 : INFO : EventManager : Event: ======'soul_lanes_complete'====== Args={'state': 'lit'}
2020-10-04 08:23:08,819 : INFO : EventManager : Event: ======'soul_lanes_lit_complete'====== Args={}
2020-10-04 08:23:08,820 : INFO : EventManager : Event: ======'soul_lanes_hit'====== Args={}
2020-10-04 08:23:08,820 : INFO : EventManager : Event: ======'soul_lanes_unlit_hit'====== Args={}
2020-10-04 08:23:08,821 : INFO : EventManager : Event: ======'player_score'====== Args={'value': 3130, 'prev_value': 2130, 'change': 1000, 'player_num': 1}
2020-10-04 08:23:08,822 : INFO : EventManager : Event: ======'logicblock_soul_complete_count_updated'====== Args={'value': 4, 'enabled': True}
2020-10-04 08:23:08,822 : INFO : EventManager : Event: ======'soul_lanes_done'====== Args={'count': 4}
2020-10-04 08:23:08,824 : INFO : EventManager : Event: ======'player_bonus_multiplier'====== Args={'value': 4, 'prev_value': 3, 'change': 1, 'player_num': 1}
2020-10-04 08:23:08,960 : INFO : SwitchController : <<<<<<< 's_soul_S' inactive >>>>>>>
2020-10-04 08:23:09,824 : INFO : EventManager : Event: ======'player_shot_soul_S'====== Args={'value': 0, 'prev_value': 1, 'change': -1, 'player_num': 1}
2020-10-04 08:23:09,826 : INFO : EventManager : Event: ======'player_shot_soul_O'====== Args={'value': 0, 'prev_value': 1, 'change': -1, 'player_num': 1}
2020-10-04 08:23:09,827 : INFO : EventManager : Event: ======'player_shot_soul_U'====== Args={'value': 0, 'prev_value': 1, 'change': -1, 'player_num': 1}
2020-10-04 08:23:09,829 : INFO : EventManager : Event: ======'player_shot_soul_L'====== Args={'value': 0, 'prev_value': 1, 'change': -1, 'player_num': 1}
2020-10-04 08:23:10,095 : INFO : SwitchController : <<<<<<< 's_soul_S' active >>>>>>>
2020-10-04 08:23:10,095 : INFO : EventManager : Event: ======'s_soul_S_active'====== Args={}
2020-10-04 08:23:10,096 : INFO : EventManager : Event: ======'machine_var_audits_switches_s_soul_S'====== Args={'value': 115, 'prev_value': 114, 'change': 1}
2020-10-04 08:23:10,098 : INFO : EventManager : Event: ======'player_shot_soul_S'====== Args={'value': 1, 'prev_value': 0, 'change': 1, 'player_num': 1}
2020-10-04 08:23:10,100 : INFO : EventManager : Event: ======'machine_var_audits_shots_soul_S'====== Args={'value': 115, 'prev_value': 114, 'change': 1}
2020-10-04 08:23:10,101 : INFO : EventManager : Event: ======'soul_S_hit'====== Args={'profile': 'default', 'state': 'unlit', 'advancing': True}
2020-10-04 08:23:10,102 : INFO : EventManager : Event: ======'soul_S_default_hit'====== Args={'profile': 'default', 'state': 'unlit', 'advancing': True}
2020-10-04 08:23:10,102 : INFO : EventManager : Event: ======'soul_S_default_unlit_hit'====== Args={'profile': 'default', 'state': 'unlit', 'advancing': True}
2020-10-04 08:23:10,103 : INFO : EventManager : Event: ======'soul_S_unlit_hit'====== Args={'profile': 'default', 'state': 'unlit', 'advancing': True}
2020-10-04 08:23:10,103 : INFO : EventManager : Event: ======'player_score'====== Args={'value': 3140, 'prev_value': 3130, 'change': 10, 'player_num': 1}
2020-10-04 08:23:10,104 : INFO : EventManager : Event: ======'soul_lanes_hit'====== Args={}
2020-10-04 08:23:10,105 : INFO : EventManager : Event: ======'soul_lanes_unlit_hit'====== Args={}
2020-10-04 08:23:10,307 : INFO : SwitchController : <<<<<<< 's_soul_S' inactive >>>>>>>
2020-10-04 08:23:11,109 : INFO : SwitchController : <<<<<<< 's_soul_O' active >>>>>>>
2020-10-04 08:23:11,109 : INFO : EventManager : Event: ======'s_soul_O_active'====== Args={}
2020-10-04 08:23:11,110 : INFO : EventManager : Event: ======'machine_var_audits_switches_s_soul_O'====== Args={'value': 105, 'prev_value': 104, 'change': 1}
2020-10-04 08:23:11,112 : INFO : EventManager : Event: ======'player_shot_soul_O'====== Args={'value': 1, 'prev_value': 0, 'change': 1, 'player_num': 1}
2020-10-04 08:23:11,114 : INFO : EventManager : Event: ======'machine_var_audits_shots_soul_O'====== Args={'value': 100, 'prev_value': 99, 'change': 1}
2020-10-04 08:23:11,115 : INFO : EventManager : Event: ======'soul_O_hit'====== Args={'profile': 'default', 'state': 'unlit', 'advancing': True}
2020-10-04 08:23:11,116 : INFO : EventManager : Event: ======'soul_O_default_hit'====== Args={'profile': 'default', 'state': 'unlit', 'advancing': True}
2020-10-04 08:23:11,116 : INFO : EventManager : Event: ======'soul_O_default_unlit_hit'====== Args={'profile': 'default', 'state': 'unlit', 'advancing': True}
2020-10-04 08:23:11,117 : INFO : EventManager : Event: ======'soul_O_unlit_hit'====== Args={'profile': 'default', 'state': 'unlit', 'advancing': True}
2020-10-04 08:23:11,117 : INFO : EventManager : Event: ======'player_score'====== Args={'value': 3150, 'prev_value': 3140, 'change': 10, 'player_num': 1}
2020-10-04 08:23:11,118 : INFO : EventManager : Event: ======'soul_lanes_hit'====== Args={}
2020-10-04 08:23:11,119 : INFO : EventManager : Event: ======'soul_lanes_unlit_hit'====== Args={}
2020-10-04 08:23:11,252 : INFO : SwitchController : <<<<<<< 's_soul_O' inactive >>>>>>>
2020-10-04 08:23:11,506 : INFO : SwitchController : <<<<<<< 's_soul_U' active >>>>>>>
2020-10-04 08:23:11,506 : INFO : EventManager : Event: ======'s_soul_U_active'====== Args={}
2020-10-04 08:23:11,507 : INFO : EventManager : Event: ======'machine_var_audits_switches_s_soul_U'====== Args={'value': 98, 'prev_value': 97, 'change': 1}
2020-10-04 08:23:11,508 : INFO : EventManager : Event: ======'player_shot_soul_U'====== Args={'value': 1, 'prev_value': 0, 'change': 1, 'player_num': 1}
2020-10-04 08:23:11,510 : INFO : EventManager : Event: ======'machine_var_audits_shots_soul_U'====== Args={'value': 98, 'prev_value': 97, 'change': 1}
2020-10-04 08:23:11,512 : INFO : EventManager : Event: ======'soul_U_hit'====== Args={'profile': 'default', 'state': 'unlit', 'advancing': True}
2020-10-04 08:23:11,512 : INFO : EventManager : Event: ======'soul_U_default_hit'====== Args={'profile': 'default', 'state': 'unlit', 'advancing': True}
2020-10-04 08:23:11,513 : INFO : EventManager : Event: ======'soul_U_default_unlit_hit'====== Args={'profile': 'default', 'state': 'unlit', 'advancing': True}
2020-10-04 08:23:11,514 : INFO : EventManager : Event: ======'soul_U_unlit_hit'====== Args={'profile': 'default', 'state': 'unlit', 'advancing': True}
2020-10-04 08:23:11,514 : INFO : EventManager : Event: ======'player_score'====== Args={'value': 3160, 'prev_value': 3150, 'change': 10, 'player_num': 1}
2020-10-04 08:23:11,515 : INFO : EventManager : Event: ======'soul_lanes_hit'====== Args={}
2020-10-04 08:23:11,516 : INFO : EventManager : Event: ======'soul_lanes_unlit_hit'====== Args={}
2020-10-04 08:23:11,633 : INFO : SwitchController : <<<<<<< 's_soul_U' inactive >>>>>>>
2020-10-04 08:23:12,471 : INFO : SwitchController : <<<<<<< 's_soul_L' active >>>>>>>
2020-10-04 08:23:12,471 : INFO : EventManager : Event: ======'s_soul_L_active'====== Args={}
2020-10-04 08:23:12,472 : INFO : EventManager : Event: ======'machine_var_audits_switches_s_soul_L'====== Args={'value': 95, 'prev_value': 94, 'change': 1}
2020-10-04 08:23:12,498 : INFO : EventManager : Event: ======'player_shot_soul_L'====== Args={'value': 1, 'prev_value': 0, 'change': 1, 'player_num': 1}
2020-10-04 08:23:12,499 : INFO : EventManager : Event: ======'machine_var_audits_shots_soul_L'====== Args={'value': 94, 'prev_value': 93, 'change': 1}
2020-10-04 08:23:12,501 : INFO : EventManager : Event: ======'soul_L_hit'====== Args={'profile': 'default', 'state': 'unlit', 'advancing': True}
2020-10-04 08:23:12,502 : INFO : EventManager : Event: ======'soul_L_default_hit'====== Args={'profile': 'default', 'state': 'unlit', 'advancing': True}
2020-10-04 08:23:12,502 : INFO : EventManager : Event: ======'soul_L_default_unlit_hit'====== Args={'profile': 'default', 'state': 'unlit', 'advancing': True}
2020-10-04 08:23:12,503 : INFO : EventManager : Event: ======'soul_L_unlit_hit'====== Args={'profile': 'default', 'state': 'unlit', 'advancing': True}
2020-10-04 08:23:12,504 : INFO : EventManager : Event: ======'player_score'====== Args={'value': 3170, 'prev_value': 3160, 'change': 10, 'player_num': 1}
2020-10-04 08:23:12,504 : INFO : EventManager : Event: ======'soul_lanes_complete'====== Args={'state': 'lit'}
2020-10-04 08:23:12,505 : INFO : EventManager : Event: ======'soul_lanes_lit_complete'====== Args={}
2020-10-04 08:23:12,506 : INFO : EventManager : Event: ======'soul_lanes_hit'====== Args={}
2020-10-04 08:23:12,506 : INFO : EventManager : Event: ======'soul_lanes_unlit_hit'====== Args={}
2020-10-04 08:23:12,507 : INFO : EventManager : Event: ======'player_score'====== Args={'value': 4170, 'prev_value': 3170, 'change': 1000, 'player_num': 1}
2020-10-04 08:23:12,508 : INFO : EventManager : Event: ======'logicblock_soul_complete_count_updated'====== Args={'value': 5, 'enabled': True}
2020-10-04 08:23:12,508 : INFO : EventManager : Event: ======'soul_lanes_done'====== Args={'count': 5}
2020-10-04 08:23:12,510 : INFO : EventManager : Event: ======'player_bonus_multiplier'====== Args={'value': 5, 'prev_value': 4, 'change': 1, 'player_num': 1}
2020-10-04 08:23:12,622 : INFO : SwitchController : <<<<<<< 's_soul_L' inactive >>>>>>>
2020-10-04 08:23:13,521 : INFO : EventManager : Event: ======'player_shot_soul_S'====== Args={'value': 0, 'prev_value': 1, 'change': -1, 'player_num': 1}
2020-10-04 08:23:13,523 : INFO : EventManager : Event: ======'player_shot_soul_O'====== Args={'value': 0, 'prev_value': 1, 'change': -1, 'player_num': 1}
2020-10-04 08:23:13,524 : INFO : EventManager : Event: ======'player_shot_soul_U'====== Args={'value': 0, 'prev_value': 1, 'change': -1, 'player_num': 1}
2020-10-04 08:23:13,526 : INFO : EventManager : Event: ======'player_shot_soul_L'====== Args={'value': 0, 'prev_value': 1, 'change': -1, 'player_num': 1}
2020-10-04 08:23:14,110 : INFO : SwitchController : <<<<<<< 's_soul_S' active >>>>>>>
2020-10-04 08:23:14,110 : INFO : EventManager : Event: ======'s_soul_S_active'====== Args={}
2020-10-04 08:23:14,111 : INFO : EventManager : Event: ======'machine_var_audits_switches_s_soul_S'====== Args={'value': 116, 'prev_value': 115, 'change': 1}
2020-10-04 08:23:14,113 : INFO : EventManager : Event: ======'player_shot_soul_S'====== Args={'value': 1, 'prev_value': 0, 'change': 1, 'player_num': 1}
2020-10-04 08:23:14,122 : INFO : EventManager : Event: ======'machine_var_audits_shots_soul_S'====== Args={'value': 116, 'prev_value': 115, 'change': 1}
2020-10-04 08:23:14,123 : INFO : EventManager : Event: ======'soul_S_hit'====== Args={'profile': 'default', 'state': 'unlit', 'advancing': True}
2020-10-04 08:23:14,123 : INFO : EventManager : Event: ======'soul_S_default_hit'====== Args={'profile': 'default', 'state': 'unlit', 'advancing': True}
2020-10-04 08:23:14,130 : INFO : EventManager : Event: ======'soul_S_default_unlit_hit'====== Args={'profile': 'default', 'state': 'unlit', 'advancing': True}
2020-10-04 08:23:14,130 : INFO : EventManager : Event: ======'soul_S_unlit_hit'====== Args={'profile': 'default', 'state': 'unlit', 'advancing': True}
2020-10-04 08:23:14,131 : INFO : EventManager : Event: ======'player_score'====== Args={'value': 4180, 'prev_value': 4170, 'change': 10, 'player_num': 1}
2020-10-04 08:23:14,132 : INFO : EventManager : Event: ======'soul_lanes_hit'====== Args={}
2020-10-04 08:23:14,132 : INFO : EventManager : Event: ======'soul_lanes_unlit_hit'====== Args={}
2020-10-04 08:23:14,312 : INFO : SwitchController : <<<<<<< 's_soul_S' inactive >>>>>>>
2020-10-04 08:23:14,914 : INFO : SwitchController : <<<<<<< 's_soul_O' active >>>>>>>
2020-10-04 08:23:14,914 : INFO : EventManager : Event: ======'s_soul_O_active'====== Args={}
2020-10-04 08:23:14,915 : INFO : EventManager : Event: ======'machine_var_audits_switches_s_soul_O'====== Args={'value': 106, 'prev_value': 105, 'change': 1}
2020-10-04 08:23:14,916 : INFO : EventManager : Event: ======'player_shot_soul_O'====== Args={'value': 1, 'prev_value': 0, 'change': 1, 'player_num': 1}
2020-10-04 08:23:14,918 : INFO : EventManager : Event: ======'machine_var_audits_shots_soul_O'====== Args={'value': 101, 'prev_value': 100, 'change': 1}
2020-10-04 08:23:14,919 : INFO : EventManager : Event: ======'soul_O_hit'====== Args={'profile': 'default', 'state': 'unlit', 'advancing': True}
2020-10-04 08:23:14,920 : INFO : EventManager : Event: ======'soul_O_default_hit'====== Args={'profile': 'default', 'state': 'unlit', 'advancing': True}
2020-10-04 08:23:14,920 : INFO : EventManager : Event: ======'soul_O_default_unlit_hit'====== Args={'profile': 'default', 'state': 'unlit', 'advancing': True}
2020-10-04 08:23:14,921 : INFO : EventManager : Event: ======'soul_O_unlit_hit'====== Args={'profile': 'default', 'state': 'unlit', 'advancing': True}
2020-10-04 08:23:14,922 : INFO : EventManager : Event: ======'player_score'====== Args={'value': 4190, 'prev_value': 4180, 'change': 10, 'player_num': 1}
2020-10-04 08:23:14,922 : INFO : EventManager : Event: ======'soul_lanes_hit'====== Args={}
2020-10-04 08:23:14,923 : INFO : EventManager : Event: ======'soul_lanes_unlit_hit'====== Args={}
2020-10-04 08:23:15,054 : INFO : SwitchController : <<<<<<< 's_soul_O' inactive >>>>>>>
2020-10-04 08:23:15,187 : INFO : SwitchController : <<<<<<< 's_soul_U' active >>>>>>>
2020-10-04 08:23:15,187 : INFO : EventManager : Event: ======'s_soul_U_active'====== Args={}
2020-10-04 08:23:15,188 : INFO : EventManager : Event: ======'machine_var_audits_switches_s_soul_U'====== Args={'value': 99, 'prev_value': 98, 'change': 1}
2020-10-04 08:23:15,190 : INFO : EventManager : Event: ======'player_shot_soul_U'====== Args={'value': 1, 'prev_value': 0, 'change': 1, 'player_num': 1}
2020-10-04 08:23:15,192 : INFO : EventManager : Event: ======'machine_var_audits_shots_soul_U'====== Args={'value': 99, 'prev_value': 98, 'change': 1}
2020-10-04 08:23:15,193 : INFO : EventManager : Event: ======'soul_U_hit'====== Args={'profile': 'default', 'state': 'unlit', 'advancing': True}
2020-10-04 08:23:15,194 : INFO : EventManager : Event: ======'soul_U_default_hit'====== Args={'profile': 'default', 'state': 'unlit', 'advancing': True}
2020-10-04 08:23:15,194 : INFO : EventManager : Event: ======'soul_U_default_unlit_hit'====== Args={'profile': 'default', 'state': 'unlit', 'advancing': True}
2020-10-04 08:23:15,195 : INFO : EventManager : Event: ======'soul_U_unlit_hit'====== Args={'profile': 'default', 'state': 'unlit', 'advancing': True}
2020-10-04 08:23:15,196 : INFO : EventManager : Event: ======'player_score'====== Args={'value': 4200, 'prev_value': 4190, 'change': 10, 'player_num': 1}
2020-10-04 08:23:15,197 : INFO : EventManager : Event: ======'soul_lanes_hit'====== Args={}
2020-10-04 08:23:15,197 : INFO : EventManager : Event: ======'soul_lanes_unlit_hit'====== Args={}
2020-10-04 08:23:15,315 : INFO : SwitchController : <<<<<<< 's_soul_U' inactive >>>>>>>
2020-10-04 08:23:16,121 : INFO : SwitchController : <<<<<<< 's_soul_L' active >>>>>>>
2020-10-04 08:23:16,122 : INFO : EventManager : Event: ======'s_soul_L_active'====== Args={}
2020-10-04 08:23:16,122 : INFO : EventManager : Event: ======'machine_var_audits_switches_s_soul_L'====== Args={'value': 96, 'prev_value': 95, 'change': 1}
2020-10-04 08:23:16,124 : INFO : EventManager : Event: ======'player_shot_soul_L'====== Args={'value': 1, 'prev_value': 0, 'change': 1, 'player_num': 1}
2020-10-04 08:23:16,126 : INFO : EventManager : Event: ======'machine_var_audits_shots_soul_L'====== Args={'value': 95, 'prev_value': 94, 'change': 1}
2020-10-04 08:23:16,127 : INFO : EventManager : Event: ======'soul_L_hit'====== Args={'profile': 'default', 'state': 'unlit', 'advancing': True}
2020-10-04 08:23:16,128 : INFO : EventManager : Event: ======'soul_L_default_hit'====== Args={'profile': 'default', 'state': 'unlit', 'advancing': True}
2020-10-04 08:23:16,129 : INFO : EventManager : Event: ======'soul_L_default_unlit_hit'====== Args={'profile': 'default', 'state': 'unlit', 'advancing': True}
2020-10-04 08:23:16,129 : INFO : EventManager : Event: ======'soul_L_unlit_hit'====== Args={'profile': 'default', 'state': 'unlit', 'advancing': True}
2020-10-04 08:23:16,130 : INFO : EventManager : Event: ======'player_score'====== Args={'value': 4210, 'prev_value': 4200, 'change': 10, 'player_num': 1}
2020-10-04 08:23:16,131 : INFO : EventManager : Event: ======'soul_lanes_complete'====== Args={'state': 'lit'}
2020-10-04 08:23:16,132 : INFO : EventManager : Event: ======'soul_lanes_lit_complete'====== Args={}
2020-10-04 08:23:16,133 : INFO : EventManager : Event: ======'soul_lanes_hit'====== Args={}
2020-10-04 08:23:16,133 : INFO : EventManager : Event: ======'soul_lanes_unlit_hit'====== Args={}
2020-10-04 08:23:16,134 : INFO : EventManager : Event: ======'player_score'====== Args={'value': 5210, 'prev_value': 4210, 'change': 1000, 'player_num': 1}
2020-10-04 08:23:16,135 : INFO : EventManager : Event: ======'logicblock_soul_complete_count_updated'====== Args={'value': 6, 'enabled': True}
2020-10-04 08:23:16,135 : INFO : EventManager : Event: ======'soul_lanes_done'====== Args={'count': 6}
2020-10-04 08:23:16,137 : INFO : EventManager : Event: ======'player_bonus_multiplier'====== Args={'value': 6, 'prev_value': 5, 'change': 1, 'player_num': 1}
2020-10-04 08:23:16,260 : INFO : SwitchController : <<<<<<< 's_soul_L' inactive >>>>>>>
2020-10-04 08:23:17,147 : INFO : EventManager : Event: ======'player_shot_soul_S'====== Args={'value': 0, 'prev_value': 1, 'change': -1, 'player_num': 1}
2020-10-04 08:23:17,149 : INFO : EventManager : Event: ======'player_shot_soul_O'====== Args={'value': 0, 'prev_value': 1, 'change': -1, 'player_num': 1}
2020-10-04 08:23:17,150 : INFO : EventManager : Event: ======'player_shot_soul_U'====== Args={'value': 0, 'prev_value': 1, 'change': -1, 'player_num': 1}
2020-10-04 08:23:17,151 : INFO : EventManager : Event: ======'player_shot_soul_L'====== Args={'value': 0, 'prev_value': 1, 'change': -1, 'player_num': 1}
2020-10-04 08:23:19,567 : INFO : SwitchController : <<<<<<< 's_soul_S' active >>>>>>>
2020-10-04 08:23:19,568 : INFO : EventManager : Event: ======'s_soul_S_active'====== Args={}
2020-10-04 08:23:19,568 : INFO : EventManager : Event: ======'machine_var_audits_switches_s_soul_S'====== Args={'value': 117, 'prev_value': 116, 'change': 1}
2020-10-04 08:23:19,570 : INFO : EventManager : Event: ======'player_shot_soul_S'====== Args={'value': 1, 'prev_value': 0, 'change': 1, 'player_num': 1}
2020-10-04 08:23:19,572 : INFO : EventManager : Event: ======'machine_var_audits_shots_soul_S'====== Args={'value': 117, 'prev_value': 116, 'change': 1}
2020-10-04 08:23:19,579 : INFO : EventManager : Event: ======'soul_S_hit'====== Args={'profile': 'default', 'state': 'unlit', 'advancing': True}
2020-10-04 08:23:19,579 : INFO : EventManager : Event: ======'soul_S_default_hit'====== Args={'profile': 'default', 'state': 'unlit', 'advancing': True}
2020-10-04 08:23:19,580 : INFO : EventManager : Event: ======'soul_S_default_unlit_hit'====== Args={'profile': 'default', 'state': 'unlit', 'advancing': True}
2020-10-04 08:23:19,581 : INFO : EventManager : Event: ======'soul_S_unlit_hit'====== Args={'profile': 'default', 'state': 'unlit', 'advancing': True}
2020-10-04 08:23:19,587 : INFO : EventManager : Event: ======'player_score'====== Args={'value': 5220, 'prev_value': 5210, 'change': 10, 'player_num': 1}
2020-10-04 08:23:19,590 : INFO : EventManager : Event: ======'soul_lanes_hit'====== Args={}
2020-10-04 08:23:19,590 : INFO : EventManager : Event: ======'soul_lanes_unlit_hit'====== Args={}
2020-10-04 08:23:19,765 : INFO : SwitchController : <<<<<<< 's_soul_S' inactive >>>>>>>
2020-10-04 08:23:20,306 : INFO : SwitchController : <<<<<<< 's_soul_O' active >>>>>>>
2020-10-04 08:23:20,307 : INFO : EventManager : Event: ======'s_soul_O_active'====== Args={}
2020-10-04 08:23:20,307 : INFO : EventManager : Event: ======'machine_var_audits_switches_s_soul_O'====== Args={'value': 107, 'prev_value': 106, 'change': 1}
2020-10-04 08:23:20,309 : INFO : EventManager : Event: ======'player_shot_soul_O'====== Args={'value': 1, 'prev_value': 0, 'change': 1, 'player_num': 1}
2020-10-04 08:23:20,312 : INFO : EventManager : Event: ======'machine_var_audits_shots_soul_O'====== Args={'value': 102, 'prev_value': 101, 'change': 1}
2020-10-04 08:23:20,313 : INFO : EventManager : Event: ======'soul_O_hit'====== Args={'profile': 'default', 'state': 'unlit', 'advancing': True}
2020-10-04 08:23:20,314 : INFO : EventManager : Event: ======'soul_O_default_hit'====== Args={'profile': 'default', 'state': 'unlit', 'advancing': True}
2020-10-04 08:23:20,314 : INFO : EventManager : Event: ======'soul_O_default_unlit_hit'====== Args={'profile': 'default', 'state': 'unlit', 'advancing': True}
2020-10-04 08:23:20,315 : INFO : EventManager : Event: ======'soul_O_unlit_hit'====== Args={'profile': 'default', 'state': 'unlit', 'advancing': True}
2020-10-04 08:23:20,315 : INFO : EventManager : Event: ======'player_score'====== Args={'value': 5230, 'prev_value': 5220, 'change': 10, 'player_num': 1}
2020-10-04 08:23:20,316 : INFO : EventManager : Event: ======'soul_lanes_hit'====== Args={}
2020-10-04 08:23:20,317 : INFO : EventManager : Event: ======'soul_lanes_unlit_hit'====== Args={}
2020-10-04 08:23:20,487 : INFO : SwitchController : <<<<<<< 's_soul_O' inactive >>>>>>>
2020-10-04 08:23:20,704 : INFO : SwitchController : <<<<<<< 's_soul_U' active >>>>>>>
2020-10-04 08:23:20,705 : INFO : EventManager : Event: ======'s_soul_U_active'====== Args={}
2020-10-04 08:23:20,706 : INFO : EventManager : Event: ======'machine_var_audits_switches_s_soul_U'====== Args={'value': 100, 'prev_value': 99, 'change': 1}
2020-10-04 08:23:20,708 : INFO : EventManager : Event: ======'player_shot_soul_U'====== Args={'value': 1, 'prev_value': 0, 'change': 1, 'player_num': 1}
2020-10-04 08:23:20,709 : INFO : EventManager : Event: ======'machine_var_audits_shots_soul_U'====== Args={'value': 100, 'prev_value': 99, 'change': 1}
2020-10-04 08:23:20,711 : INFO : EventManager : Event: ======'soul_U_hit'====== Args={'profile': 'default', 'state': 'unlit', 'advancing': True}
2020-10-04 08:23:20,711 : INFO : EventManager : Event: ======'soul_U_default_hit'====== Args={'profile': 'default', 'state': 'unlit', 'advancing': True}
2020-10-04 08:23:20,712 : INFO : EventManager : Event: ======'soul_U_default_unlit_hit'====== Args={'profile': 'default', 'state': 'unlit', 'advancing': True}
2020-10-04 08:23:20,713 : INFO : EventManager : Event: ======'soul_U_unlit_hit'====== Args={'profile': 'default', 'state': 'unlit', 'advancing': True}
2020-10-04 08:23:20,713 : INFO : EventManager : Event: ======'player_score'====== Args={'value': 5240, 'prev_value': 5230, 'change': 10, 'player_num': 1}
2020-10-04 08:23:20,714 : INFO : EventManager : Event: ======'soul_lanes_hit'====== Args={}
2020-10-04 08:23:20,715 : INFO : EventManager : Event: ======'soul_lanes_unlit_hit'====== Args={}
2020-10-04 08:23:20,847 : INFO : SwitchController : <<<<<<< 's_soul_U' inactive >>>>>>>
2020-10-04 08:23:21,594 : INFO : SwitchController : <<<<<<< 's_soul_L' active >>>>>>>
2020-10-04 08:23:21,595 : INFO : EventManager : Event: ======'s_soul_L_active'====== Args={}
2020-10-04 08:23:21,595 : INFO : EventManager : Event: ======'machine_var_audits_switches_s_soul_L'====== Args={'value': 97, 'prev_value': 96, 'change': 1}
2020-10-04 08:23:21,597 : INFO : EventManager : Event: ======'player_shot_soul_L'====== Args={'value': 1, 'prev_value': 0, 'change': 1, 'player_num': 1}
2020-10-04 08:23:21,599 : INFO : EventManager : Event: ======'machine_var_audits_shots_soul_L'====== Args={'value': 96, 'prev_value': 95, 'change': 1}
2020-10-04 08:23:21,600 : INFO : EventManager : Event: ======'soul_L_hit'====== Args={'profile': 'default', 'state': 'unlit', 'advancing': True}
2020-10-04 08:23:21,601 : INFO : EventManager : Event: ======'soul_L_default_hit'====== Args={'profile': 'default', 'state': 'unlit', 'advancing': True}
2020-10-04 08:23:21,601 : INFO : EventManager : Event: ======'soul_L_default_unlit_hit'====== Args={'profile': 'default', 'state': 'unlit', 'advancing': True}
2020-10-04 08:23:21,601 : INFO : EventManager : Event: ======'soul_L_unlit_hit'====== Args={'profile': 'default', 'state': 'unlit', 'advancing': True}
2020-10-04 08:23:21,602 : INFO : EventManager : Event: ======'player_score'====== Args={'value': 5250, 'prev_value': 5240, 'change': 10, 'player_num': 1}
2020-10-04 08:23:21,603 : INFO : EventManager : Event: ======'soul_lanes_complete'====== Args={'state': 'lit'}
2020-10-04 08:23:21,604 : INFO : EventManager : Event: ======'soul_lanes_lit_complete'====== Args={}
2020-10-04 08:23:21,605 : INFO : EventManager : Event: ======'soul_lanes_hit'====== Args={}
2020-10-04 08:23:21,605 : INFO : EventManager : Event: ======'soul_lanes_unlit_hit'====== Args={}
2020-10-04 08:23:21,606 : INFO : EventManager : Event: ======'player_score'====== Args={'value': 6250, 'prev_value': 5250, 'change': 1000, 'player_num': 1}
2020-10-04 08:23:21,607 : INFO : EventManager : Event: ======'logicblock_soul_complete_count_updated'====== Args={'value': 7, 'enabled': True}
2020-10-04 08:23:21,607 : INFO : EventManager : Event: ======'soul_lanes_done'====== Args={'count': 7}
2020-10-04 08:23:21,609 : INFO : EventManager : Event: ======'player_bonus_multiplier'====== Args={'value': 7, 'prev_value': 6, 'change': 1, 'player_num': 1}
2020-10-04 08:23:21,730 : INFO : SwitchController : <<<<<<< 's_soul_L' inactive >>>>>>>
2020-10-04 08:23:22,606 : INFO : EventManager : Event: ======'player_shot_soul_S'====== Args={'value': 0, 'prev_value': 1, 'change': -1, 'player_num': 1}
2020-10-04 08:23:22,608 : INFO : EventManager : Event: ======'player_shot_soul_O'====== Args={'value': 0, 'prev_value': 1, 'change': -1, 'player_num': 1}
2020-10-04 08:23:22,609 : INFO : EventManager : Event: ======'player_shot_soul_U'====== Args={'value': 0, 'prev_value': 1, 'change': -1, 'player_num': 1}
2020-10-04 08:23:22,611 : INFO : EventManager : Event: ======'player_shot_soul_L'====== Args={'value': 0, 'prev_value': 1, 'change': -1, 'player_num': 1}
2020-10-04 08:23:30,510 : INFO : Machine : Shutting down...
2020-10-04 08:23:30,510 : INFO : EventManager : Event: ======'shutdown'====== Args={}
2020-10-04 08:23:30,526 : INFO : root : MPF run loop ended.
