2020-10-04 11:57:59,118 : INFO : root : Loading config.
2020-10-04 11:57:59,133 : INFO : YamlMultifileConfigLoader : Machine config file #1: config.yaml
2020-10-04 11:57:59,133 : INFO : ConfigProcessor : Loading config from cache: C:\Users\themi\AppData\Local\Temp\1a0afbd38efada64622f7c1a19dba099.mpf_cache
2020-10-04 11:57:59,336 : INFO : ConfigProcessor : Loading config from cache: C:\Users\themi\AppData\Local\Temp\7964e52b22911e9b68a8022172b185f3.mpf_cache
2020-10-04 11:57:59,352 : INFO : ConfigProcessor : Loading config from cache: C:\Users\themi\AppData\Local\Temp\4fcecb70f81c3c2fefb8e65ae9a0af5f.mpf_cache
2020-10-04 11:57:59,352 : INFO : ConfigProcessor : Loading config from cache: C:\Users\themi\AppData\Local\Temp\b2a05f27b99f0404929b6678617f21a2.mpf_cache
2020-10-04 11:57:59,352 : WARNING : ConfigProcessor : Config file in cache changed: c:\Pinball\Cuphead\modes\soulLanes\config\soulLanes.yaml
2020-10-04 11:57:59,352 : INFO : ConfigProcessor : Loading config from file c:\Pinball\Cuphead\modes\soulLanes\config\soulLanes.yaml.
2020-10-04 11:57:59,383 : INFO : ConfigProcessor : Loading config: c:\Pinball\Cuphead\modes\soulLanes\config\soulLanes.yaml
2020-10-04 11:57:59,383 : INFO : ConfigProcessor : Config file cache created: C:\Users\themi\AppData\Local\Temp\ee661b7bde9ac1aee26ef2e16bd36711.mpf_cache
2020-10-04 11:57:59,383 : INFO : ConfigProcessor : Loading config from cache: C:\Users\themi\AppData\Local\Temp\8b23b77e47e0aafb5c2cd6855492fe09.mpf_cache
2020-10-04 11:57:59,383 : INFO : ConfigProcessor : Loading config from cache: C:\Users\themi\AppData\Local\Temp\8d4786f117f290f34c6b54fd8b6fe8fe.mpf_cache
2020-10-04 11:57:59,383 : INFO : ConfigProcessor : Loading config from cache: C:\Users\themi\AppData\Local\Temp\d1f28e307667fe64a15b0a7332832e8a.mpf_cache
2020-10-04 11:57:59,399 : INFO : ConfigProcessor : Loading config from cache: C:\Users\themi\AppData\Local\Temp\4b1cd1ab6685d1ad48e4e22b92633748.mpf_cache
2020-10-04 11:57:59,399 : INFO : ConfigProcessor : Loading config from cache: C:\Users\themi\AppData\Local\Temp\0e5b9342958db12ded482c5bdee94a50.mpf_cache
2020-10-04 11:57:59,399 : INFO : ConfigProcessor : Loading config from cache: C:\Users\themi\AppData\Local\Temp\fa3b9c24e757a86afd7ebd54e8356a2f.mpf_cache
2020-10-04 11:57:59,399 : INFO : ConfigProcessor : Loading config from cache: C:\Users\themi\AppData\Local\Temp\4f17c1b7053da1ee6acf2b568ebeb609.mpf_cache
2020-10-04 11:57:59,399 : INFO : ConfigProcessor : Loading config from cache: C:\Users\themi\AppData\Local\Temp\ccd4282a3141e0878d86657c78349f12.mpf_cache
2020-10-04 11:57:59,399 : INFO : ConfigProcessor : Loading config from cache: C:\Users\themi\AppData\Local\Temp\17729cd0303cfaced1d4181f3ca2421f.mpf_cache
2020-10-04 11:57:59,399 : INFO : ConfigProcessor : Loading config from cache: C:\Users\themi\AppData\Local\Temp\47ffaea90c47406003f6ea8ebe74989d.mpf_cache
2020-10-04 11:57:59,399 : INFO : ConfigProcessor : Loading config from cache: C:\Users\themi\AppData\Local\Temp\6f6af101da615a72df8eebfca5188fca.mpf_cache
2020-10-04 11:57:59,399 : INFO : ConfigProcessor : Loading config from cache: C:\Users\themi\AppData\Local\Temp\3889d554abdf669f0bcb59dfdb43163f.mpf_cache
2020-10-04 11:57:59,399 : INFO : ConfigProcessor : Loading config from cache: C:\Users\themi\AppData\Local\Temp\dca7679fbf96e787efc0ee793457f019.mpf_cache
2020-10-04 11:57:59,399 : INFO : ConfigProcessor : Loading config from cache: C:\Users\themi\AppData\Local\Temp\773981adc2a393ce4661c342531a13c1.mpf_cache
2020-10-04 11:57:59,414 : INFO : ConfigProcessor : Loading config from cache: C:\Users\themi\AppData\Local\Temp\0e7ad57880df273f086bfe63563440af.mpf_cache
2020-10-04 11:57:59,414 : INFO : ConfigProcessor : Loading config from cache: C:\Users\themi\AppData\Local\Temp\14255cf3b2f3681937087b07de526758.mpf_cache
2020-10-04 11:57:59,414 : INFO : ConfigProcessor : Loading config from cache: C:\Users\themi\AppData\Local\Temp\01c6bf43074c3a497e337500f6bac20b.mpf_cache
2020-10-04 11:57:59,414 : INFO : ConfigProcessor : Loading config from cache: C:\Users\themi\AppData\Local\Temp\7eeffc9c6f8d1e96b5a9cad923ac520c.mpf_cache
2020-10-04 11:57:59,414 : INFO : Machine : Mission Pinball Framework Core Engine v0.54.0-dev.72
2020-10-04 11:57:59,414 : INFO : Machine : Command line arguments: {'no_load_cache': False, 'create_config_cache': True, 'bcp': True, 'configfile': ['config.yaml'], 'force_assets_load': False, 'jsonlogging': False, 'logfile': 'logs\\2020-10-04-11-57-59-mpf-LAPTOP-C39PEUFD.log', 'pause': False, 'production': False, 'text_ui': True, 'loglevel': 15, 'consoleloglevel': 20, 'force_platform': 'smart_virtual', 'syslog_address': None, 'mc_file_name': None, 'no_sound': False}
2020-10-04 11:57:59,414 : INFO : Machine : MPF path: c:\users\themi\appdata\local\programs\python\python36\lib\site-packages\mpf
2020-10-04 11:57:59,414 : INFO : Machine : Machine path: c:\Pinball\Cuphead
2020-10-04 11:57:59,414 : INFO : Machine : Platform: win32
2020-10-04 11:57:59,414 : INFO : Machine : Python executable location: c:\users\themi\appdata\local\programs\python\python36\python.exe
2020-10-04 11:57:59,414 : INFO : Machine : Python version: 3.6.4 (64-bit)
2020-10-04 11:57:59,414 : INFO : Machine : Initialise MPF.
2020-10-04 11:57:59,932 : INFO : EventManager : Event: ======'machine_var_credits_string'====== Args={'value': 'FREE PLAY', 'prev_value': None, 'change': True}
2020-10-04 11:58:00,088 : INFO : EventManager : Event: ======'machine_var_player1_score'====== Args={'value': 8110, 'prev_value': None, 'change': True}
2020-10-04 11:58:00,088 : INFO : EventManager : Event: ======'machine_var_mpf_version'====== Args={'value': 'MPF v0.54.0-dev.72', 'prev_value': None, 'change': True}
2020-10-04 11:58:00,088 : INFO : EventManager : Event: ======'machine_var_mpf_extended_version'====== Args={'value': 'MPF v0.54.0-dev.72, Config version:5, Show version: 5, BCP version:1.1', 'prev_value': None, 'change': True}
2020-10-04 11:58:00,088 : INFO : EventManager : Event: ======'machine_var_python_version'====== Args={'value': '3.6.4', 'prev_value': None, 'change': True}
2020-10-04 11:58:00,088 : INFO : EventManager : Event: ======'machine_var_platform'====== Args={'value': 'Windows-10-10.0.18362-SP0', 'prev_value': None, 'change': True}
2020-10-04 11:58:00,088 : INFO : EventManager : Event: ======'machine_var_platform_system'====== Args={'value': 'Windows', 'prev_value': None, 'change': True}
2020-10-04 11:58:00,088 : INFO : EventManager : Event: ======'machine_var_platform_release'====== Args={'value': '10', 'prev_value': None, 'change': True}
2020-10-04 11:58:00,088 : INFO : EventManager : Event: ======'machine_var_platform_version'====== Args={'value': '10.0.18362', 'prev_value': None, 'change': True}
2020-10-04 11:58:00,088 : INFO : EventManager : Event: ======'machine_var_platform_machine'====== Args={'value': 'AMD64', 'prev_value': None, 'change': True}
2020-10-04 11:58:00,088 : INFO : EventManager : Event: ======'init_phase_1'====== Args={}
2020-10-04 11:58:00,323 : INFO : EventManager : Event: ======'drop_target_bank_cup_bank_up'====== Args={}
2020-10-04 11:58:00,323 : INFO : EventManager : Event: ======'drop_target_bank_mug_bank_up'====== Args={}
2020-10-04 11:58:00,323 : INFO : EventManager : Event: ======'init_phase_2'====== Args={}
2020-10-04 11:58:00,323 : INFO : SwitchController : Found active switch: ('2', <Platform.SmartVirtual>)
2020-10-04 11:58:00,323 : INFO : SwitchController : Found active switch: ('3', <Platform.SmartVirtual>)
2020-10-04 11:58:00,354 : INFO : EventManager : Event: ======'bcp_connection_attempt'====== Args={'name': 'local_display', 'host': 'localhost', 'port': 5050}
2020-10-04 11:58:00,354 : INFO : BCPClientSocket : Connecting BCP to 'local_display' at localhost:5050...
2020-10-04 11:58:36,387 : INFO : BCPClientSocket : Connected BCP to 'local_display' localhost:5050
2020-10-04 11:58:36,388 : INFO : EventManager : Event: ======'bcp_clients_connected'====== Args={}
2020-10-04 11:58:36,462 : INFO : EventManager : Event: ======'machine_var_mc_version'====== Args={'value': 'MPF-MC v0.54.0-dev.20', 'prev_value': None, 'change': True}
2020-10-04 11:58:36,463 : INFO : EventManager : Event: ======'machine_var_mc_extended_version'====== Args={'value': 'MPF-MC v0.54.0-dev.20 (config_version=5, BCP v1.1, Requires MPF v0.54.0-dev.68)', 'prev_value': None, 'change': True}
2020-10-04 11:58:36,473 : INFO : EventManager : Event: ======'machine_var_master_volume'====== Args={'value': 0.5, 'prev_value': None, 'change': True}
2020-10-04 11:58:36,474 : INFO : ball_device.bd_trough : State: idle
2020-10-04 11:58:36,508 : INFO : ball_device.bd_plunger : State: idle
2020-10-04 11:58:36,611 : INFO : EventManager : Event: ======'init_phase_3'====== Args={}
2020-10-04 11:58:36,640 : INFO : EventManager : Event: ======'init_phase_4'====== Args={}
2020-10-04 11:58:36,642 : INFO : EventManager : Event: ======'machine_var_audits_events_game_ended'====== Args={'value': 21, 'prev_value': None, 'change': True}
2020-10-04 11:58:36,643 : INFO : EventManager : Event: ======'machine_var_audits_events_game_started'====== Args={'value': 40, 'prev_value': None, 'change': True}
2020-10-04 11:58:36,644 : INFO : EventManager : Event: ======'machine_var_audits_player_score'====== Args={'value': {'average': 530.4761904761905, 'top': [2970, 1300, 1220, 980, 880, 780, 720, 710, 630, 590], 'total': 21}, 'prev_value': None, 'change': True}
2020-10-04 11:58:36,644 : INFO : EventManager : Event: ======'machine_var_audits_shots_soul_L'====== Args={'value': 197, 'prev_value': None, 'change': True}
2020-10-04 11:58:36,646 : INFO : EventManager : Event: ======'machine_var_audits_shots_soul_O'====== Args={'value': 203, 'prev_value': None, 'change': True}
2020-10-04 11:58:36,647 : INFO : EventManager : Event: ======'machine_var_audits_shots_soul_S'====== Args={'value': 232, 'prev_value': None, 'change': True}
2020-10-04 11:58:36,648 : INFO : EventManager : Event: ======'machine_var_audits_shots_soul_U'====== Args={'value': 199, 'prev_value': None, 'change': True}
2020-10-04 11:58:36,650 : INFO : EventManager : Event: ======'machine_var_audits_switches_s_coin'====== Args={'value': 20, 'prev_value': None, 'change': True}
2020-10-04 11:58:36,651 : INFO : EventManager : Event: ======'machine_var_audits_switches_s_dash_L'====== Args={'value': 0, 'prev_value': None, 'change': True}
2020-10-04 11:58:36,651 : INFO : EventManager : Event: ======'machine_var_audits_switches_s_dash_R'====== Args={'value': 0, 'prev_value': None, 'change': True}
2020-10-04 11:58:36,652 : INFO : EventManager : Event: ======'machine_var_audits_switches_s_dtSling_L'====== Args={'value': 0, 'prev_value': None, 'change': True}
2020-10-04 11:58:36,653 : INFO : EventManager : Event: ======'machine_var_audits_switches_s_dtSling_R'====== Args={'value': 0, 'prev_value': None, 'change': True}
2020-10-04 11:58:36,654 : INFO : EventManager : Event: ======'machine_var_audits_switches_s_dt_C'====== Args={'value': 72, 'prev_value': None, 'change': True}
2020-10-04 11:58:36,655 : INFO : EventManager : Event: ======'machine_var_audits_switches_s_dt_G'====== Args={'value': 21, 'prev_value': None, 'change': True}
2020-10-04 11:58:36,656 : INFO : EventManager : Event: ======'machine_var_audits_switches_s_dt_M'====== Args={'value': 19, 'prev_value': None, 'change': True}
2020-10-04 11:58:36,657 : INFO : EventManager : Event: ======'machine_var_audits_switches_s_dt_P'====== Args={'value': 55, 'prev_value': None, 'change': True}
2020-10-04 11:58:36,658 : INFO : EventManager : Event: ======'machine_var_audits_switches_s_dt_U'====== Args={'value': 63, 'prev_value': None, 'change': True}
2020-10-04 11:58:36,659 : INFO : EventManager : Event: ======'machine_var_audits_switches_s_dt_U2'====== Args={'value': 19, 'prev_value': None, 'change': True}
2020-10-04 11:58:36,660 : INFO : EventManager : Event: ======'machine_var_audits_switches_s_exit_shooter_lane'====== Args={'value': 357, 'prev_value': None, 'change': True}
2020-10-04 11:58:36,661 : INFO : EventManager : Event: ======'machine_var_audits_switches_s_inLane_L'====== Args={'value': 0, 'prev_value': None, 'change': True}
2020-10-04 11:58:36,661 : INFO : EventManager : Event: ======'machine_var_audits_switches_s_inLane_R'====== Args={'value': 0, 'prev_value': None, 'change': True}
2020-10-04 11:58:36,662 : INFO : EventManager : Event: ======'machine_var_audits_switches_s_kicker'====== Args={'value': 0, 'prev_value': None, 'change': True}
2020-10-04 11:58:36,663 : INFO : EventManager : Event: ======'machine_var_audits_switches_s_left_flipper'====== Args={'value': 151, 'prev_value': None, 'change': True}
2020-10-04 11:58:36,664 : INFO : EventManager : Event: ======'machine_var_audits_switches_s_midRight'====== Args={'value': 0, 'prev_value': None, 'change': True}
2020-10-04 11:58:36,665 : INFO : EventManager : Event: ======'machine_var_audits_switches_s_outLane_L'====== Args={'value': 0, 'prev_value': None, 'change': True}
2020-10-04 11:58:36,665 : INFO : EventManager : Event: ======'machine_var_audits_switches_s_outLane_R'====== Args={'value': 0, 'prev_value': None, 'change': True}
2020-10-04 11:58:36,666 : INFO : EventManager : Event: ======'machine_var_audits_switches_s_perdition'====== Args={'value': 0, 'prev_value': None, 'change': True}
2020-10-04 11:58:36,667 : INFO : EventManager : Event: ======'machine_var_audits_switches_s_playfield'====== Args={'value': 0, 'prev_value': None, 'change': True}
2020-10-04 11:58:36,668 : INFO : EventManager : Event: ======'machine_var_audits_switches_s_plunger'====== Args={'value': 560, 'prev_value': None, 'change': True}
2020-10-04 11:58:36,669 : INFO : EventManager : Event: ======'machine_var_audits_switches_s_popBumper_1'====== Args={'value': 464, 'prev_value': None, 'change': True}
2020-10-04 11:58:36,670 : INFO : EventManager : Event: ======'machine_var_audits_switches_s_popBumper_2'====== Args={'value': 440, 'prev_value': None, 'change': True}
2020-10-04 11:58:36,671 : INFO : EventManager : Event: ======'machine_var_audits_switches_s_popBumper_3'====== Args={'value': 164, 'prev_value': None, 'change': True}
2020-10-04 11:58:36,672 : INFO : EventManager : Event: ======'machine_var_audits_switches_s_pop_bumper1'====== Args={'value': 120, 'prev_value': None, 'change': True}
2020-10-04 11:58:36,673 : INFO : EventManager : Event: ======'machine_var_audits_switches_s_pop_bumper2'====== Args={'value': 153, 'prev_value': None, 'change': True}
2020-10-04 11:58:36,674 : INFO : EventManager : Event: ======'machine_var_audits_switches_s_pop_bumper3'====== Args={'value': 100, 'prev_value': None, 'change': True}
2020-10-04 11:58:36,675 : INFO : EventManager : Event: ======'machine_var_audits_switches_s_right_flipper'====== Args={'value': 216, 'prev_value': None, 'change': True}
2020-10-04 11:58:36,677 : INFO : EventManager : Event: ======'machine_var_audits_switches_s_sling_L'====== Args={'value': 0, 'prev_value': None, 'change': True}
2020-10-04 11:58:36,677 : INFO : EventManager : Event: ======'machine_var_audits_switches_s_sling_R'====== Args={'value': 0, 'prev_value': None, 'change': True}
2020-10-04 11:58:36,678 : INFO : EventManager : Event: ======'machine_var_audits_switches_s_soul_L'====== Args={'value': 198, 'prev_value': None, 'change': True}
2020-10-04 11:58:36,679 : INFO : EventManager : Event: ======'machine_var_audits_switches_s_soul_O'====== Args={'value': 208, 'prev_value': None, 'change': True}
2020-10-04 11:58:36,680 : INFO : EventManager : Event: ======'machine_var_audits_switches_s_soul_S'====== Args={'value': 232, 'prev_value': None, 'change': True}
2020-10-04 11:58:36,681 : INFO : EventManager : Event: ======'machine_var_audits_switches_s_soul_U'====== Args={'value': 199, 'prev_value': None, 'change': True}
2020-10-04 11:58:36,682 : INFO : EventManager : Event: ======'machine_var_audits_switches_s_standUp_1'====== Args={'value': 0, 'prev_value': None, 'change': True}
2020-10-04 11:58:36,683 : INFO : EventManager : Event: ======'machine_var_audits_switches_s_standUp_2'====== Args={'value': 0, 'prev_value': None, 'change': True}
2020-10-04 11:58:36,684 : INFO : EventManager : Event: ======'machine_var_audits_switches_s_standUp_3'====== Args={'value': 0, 'prev_value': None, 'change': True}
2020-10-04 11:58:36,685 : INFO : EventManager : Event: ======'machine_var_audits_switches_s_standUp_R'====== Args={'value': 0, 'prev_value': None, 'change': True}
2020-10-04 11:58:36,685 : INFO : EventManager : Event: ======'machine_var_audits_switches_s_star_1'====== Args={'value': 0, 'prev_value': None, 'change': True}
2020-10-04 11:58:36,686 : INFO : EventManager : Event: ======'machine_var_audits_switches_s_star_2'====== Args={'value': 0, 'prev_value': None, 'change': True}
2020-10-04 11:58:36,687 : INFO : EventManager : Event: ======'machine_var_audits_switches_s_star_3'====== Args={'value': 0, 'prev_value': None, 'change': True}
2020-10-04 11:58:36,689 : INFO : EventManager : Event: ======'machine_var_audits_switches_s_start'====== Args={'value': 68, 'prev_value': None, 'change': True}
2020-10-04 11:58:36,690 : INFO : EventManager : Event: ======'machine_var_audits_switches_s_tilt'====== Args={'value': 0, 'prev_value': None, 'change': True}
2020-10-04 11:58:36,691 : INFO : EventManager : Event: ======'machine_var_audits_switches_s_trough1'====== Args={'value': 510, 'prev_value': None, 'change': True}
2020-10-04 11:58:36,692 : INFO : EventManager : Event: ======'machine_var_audits_switches_s_trough2'====== Args={'value': 72, 'prev_value': None, 'change': True}
2020-10-04 11:58:36,693 : INFO : EventManager : Event: ======'machine_var_audits_switches_s_trough_jam'====== Args={'value': 13, 'prev_value': None, 'change': True}
2020-10-04 11:58:36,695 : INFO : EventManager : Event: ======'init_phase_5'====== Args={}
2020-10-04 11:58:36,727 : INFO : EventManager : Event: ======'init_done'====== Args={}
2020-10-04 11:58:36,728 : INFO : EventManager : Event: ======'machine_reset_phase_1'====== Args={}
2020-10-04 11:58:36,738 : INFO : EventManager : Event: ======'slide_welcome_slide_removed'====== Args={'_from_bcp': True}
2020-10-04 11:58:36,744 : INFO : EventManager : Event: ======'slide_welcome_slide_created'====== Args={'_from_bcp': True}
2020-10-04 11:58:36,748 : INFO : EventManager : Event: ======'machine_reset_phase_2'====== Args={}
2020-10-04 11:58:36,748 : INFO : EventManager : Event: ======'machine_reset_phase_3'====== Args={}
2020-10-04 11:58:36,748 : INFO : drop_target_bank.cup_bank : All targets are already up. Will not reset bank.
2020-10-04 11:58:36,748 : INFO : drop_target_bank.mug_bank : All targets are already up. Will not reset bank.
2020-10-04 11:58:36,749 : INFO : EventManager : Event: ======'reset_complete'====== Args={}
2020-10-04 11:58:36,749 : INFO : EventManager : Event: ======'mode_attract_will_start'====== Args={}
2020-10-04 11:58:36,751 : INFO : EventManager : Event: ======'mode_attract_starting'====== Args={}
2020-10-04 11:58:36,751 : INFO : Mode.attract : Started. Priority: 10
2020-10-04 11:58:36,752 : INFO : EventManager : Event: ======'modes_active_modes_changed'====== Args={}
2020-10-04 11:58:36,753 : INFO : EventManager : Event: ======'mode_attract_started'====== Args={}
2020-10-04 11:58:36,757 : INFO : EventManager : Event: ======'collecting_balls_complete'====== Args={}
2020-10-04 11:58:36,810 : INFO : EventManager : Event: ======'slide_welcome_slide_active'====== Args={'_from_bcp': True}
2020-10-04 11:58:36,811 : INFO : EventManager : Event: ======'slide_awesome_slide_created'====== Args={'_from_bcp': True}
2020-10-04 11:58:36,811 : INFO : Machine : Starting the main run loop.
2020-10-04 11:58:36,851 : INFO : EventManager : Event: ======'slide_awesome_slide_active'====== Args={'_from_bcp': True}
2020-10-04 11:58:36,967 : INFO : BcpServer : New client connected.
2020-10-04 11:58:38,276 : INFO : SwitchController : <<<<<<< 's_start' active >>>>>>>
2020-10-04 11:58:38,446 : INFO : SwitchController : <<<<<<< 's_start' inactive >>>>>>>
2020-10-04 11:58:38,446 : INFO : EventManager : Event: ======'request_to_start_game'====== Args={}
2020-10-04 11:58:38,447 : INFO : EventManager : Event: ======'game_start'====== Args={'buttons': [], 'hold_time': 0.1559999999590218}
2020-10-04 11:58:38,448 : INFO : EventManager : Event: ======'mode_game_will_start'====== Args={'buttons': [], 'hold_time': 0.1559999999590218}
2020-10-04 11:58:38,449 : INFO : EventManager : Event: ======'mode_game_starting'====== Args={'buttons': [], 'hold_time': 0.1559999999590218}
2020-10-04 11:58:38,450 : INFO : EventManager : Event: ======'mode_attract_will_stop'====== Args={}
2020-10-04 11:58:38,451 : INFO : EventManager : Event: ======'mode_attract_stopping'====== Args={}
2020-10-04 11:58:38,451 : INFO : Mode.attract : Stopped.
2020-10-04 11:58:38,451 : INFO : EventManager : Event: ======'modes_active_modes_changed'====== Args={}
2020-10-04 11:58:38,453 : INFO : EventManager : Event: ======'mode_attract_stopped'====== Args={}
2020-10-04 11:58:38,454 : INFO : EventManager : Event: ======'clear'====== Args={'key': 'attract'}
2020-10-04 11:58:38,455 : INFO : Mode.game : Started. Priority: 20
2020-10-04 11:58:38,455 : INFO : EventManager : Event: ======'modes_active_modes_changed'====== Args={}
2020-10-04 11:58:38,456 : INFO : EventManager : Event: ======'mode_game_started'====== Args={'buttons': [], 'hold_time': 0.1559999999590218}
2020-10-04 11:58:38,494 : INFO : EventManager : Event: ======'game_will_start'====== Args={}
2020-10-04 11:58:38,495 : INFO : EventManager : Event: ======'slide_awesome_slide_removed'====== Args={'_from_bcp': True}
2020-10-04 11:58:38,496 : INFO : EventManager : Event: ======'slide_welcome_slide_active'====== Args={'_from_bcp': True}
2020-10-04 11:58:38,502 : INFO : EventManager : Event: ======'game_starting'====== Args={'game': <Mode.game>}
2020-10-04 11:58:38,503 : INFO : EventManager : Event: ======'player_add_request'====== Args={}
2020-10-04 11:58:38,504 : INFO : EventManager : Event: ======'player_will_add'====== Args={'number': 1}
2020-10-04 11:58:38,505 : INFO : EventManager : Event: ======'player_adding'====== Args={'player': <Player 1>, 'number': 1}
2020-10-04 11:58:38,506 : INFO : EventManager : Event: ======'player_added'====== Args={'player': <Player 1>, 'num': 1}
2020-10-04 11:58:38,507 : INFO : Mode.game : Player added successfully. Total players: 1
2020-10-04 11:58:38,507 : INFO : EventManager : Event: ======'player_index'====== Args={'value': 0, 'prev_value': 0, 'change': 0, 'player_num': 1}
2020-10-04 11:58:38,508 : INFO : EventManager : Event: ======'player_number'====== Args={'value': 1, 'prev_value': 1, 'change': 0, 'player_num': 1}
2020-10-04 11:58:38,510 : INFO : EventManager : Event: ======'player_bonus_multiplier'====== Args={'value': 1, 'prev_value': 1, 'change': 0, 'player_num': 1}
2020-10-04 11:58:38,510 : INFO : EventManager : Event: ======'player_score'====== Args={'value': 0, 'prev_value': 0, 'change': 0, 'player_num': 1}
2020-10-04 11:58:38,511 : INFO : EventManager : Event: ======'game_started'====== Args={}
2020-10-04 11:58:38,575 : INFO : EventManager : Event: ======'player_turn_will_start'====== Args={'player': <Player 1>, 'number': 1}
2020-10-04 11:58:38,614 : INFO : EventManager : Event: ======'player_turn_starting'====== Args={'player': <Player 1>, 'number': 1}
2020-10-04 11:58:38,615 : INFO : EventManager : Event: ======'player_ball'====== Args={'value': 1, 'prev_value': 0, 'change': 1, 'player_num': 1}
2020-10-04 11:58:38,616 : INFO : EventManager : Event: ======'player_turn_started'====== Args={'player': <Player 1>, 'number': 1}
2020-10-04 11:58:38,618 : INFO : EventManager : Event: ======'ball_will_start'====== Args={'player': 1, 'ball': 1, 'balls_remaining': 4, 'is_extra_ball': False}
2020-10-04 11:58:38,665 : INFO : EventManager : Event: ======'ball_starting'====== Args={'player': 1, 'ball': 1, 'balls_remaining': 4, 'is_extra_ball': False}
2020-10-04 11:58:38,667 : INFO : EventManager : Event: ======'mode_base_will_start'====== Args={'queue': <QueuedEvent>, 'player': 1, 'ball': 1, 'balls_remaining': 4, 'is_extra_ball': False}
2020-10-04 11:58:38,674 : INFO : EventManager : Event: ======'mode_base_starting'====== Args={'queue': <QueuedEvent>, 'player': 1, 'ball': 1, 'balls_remaining': 4, 'is_extra_ball': False}
2020-10-04 11:58:38,674 : INFO : drop_target_bank.cup_bank : All targets are already up. Will not reset bank.
2020-10-04 11:58:38,675 : INFO : drop_target_bank.mug_bank : All targets are already up. Will not reset bank.
2020-10-04 11:58:38,675 : INFO : EventManager : Event: ======'balls_in_play'====== Args={'balls': 1}
2020-10-04 11:58:38,675 : INFO : EventManager : Event: ======'ball_started'====== Args={'player': 1, 'ball': 1, 'balls_remaining': 4, 'is_extra_ball': False}
2020-10-04 11:58:38,676 : INFO : EventManager : Event: ======'logicblock_bonus_updated'====== Args={'value': 0, 'enabled': True}
2020-10-04 11:58:38,677 : INFO : EventManager : Event: ======'logicblock_bonus_updated'====== Args={'value': 0, 'enabled': True}
2020-10-04 11:58:38,677 : INFO : Mode.base : Started. Priority: 100
2020-10-04 11:58:38,677 : INFO : EventManager : Event: ======'modes_active_modes_changed'====== Args={}
2020-10-04 11:58:38,678 : INFO : EventManager : Event: ======'mode_base_started'====== Args={'queue': <QueuedEvent>, 'player': 1, 'ball': 1, 'balls_remaining': 4, 'is_extra_ball': False}
2020-10-04 11:58:38,679 : INFO : EventManager : Event: ======'mode_soulLanes_will_start'====== Args={'player': 1, 'ball': 1, 'balls_remaining': 4, 'is_extra_ball': False}
2020-10-04 11:58:38,680 : INFO : EventManager : Event: ======'player_shot_soul_S_enabled'====== Args={'value': True, 'prev_value': 0, 'change': 1, 'player_num': 1}
2020-10-04 11:58:38,681 : INFO : EventManager : Event: ======'player_shot_soul_O_enabled'====== Args={'value': True, 'prev_value': 0, 'change': 1, 'player_num': 1}
2020-10-04 11:58:38,682 : INFO : EventManager : Event: ======'player_shot_soul_U_enabled'====== Args={'value': True, 'prev_value': 0, 'change': 1, 'player_num': 1}
2020-10-04 11:58:38,684 : INFO : EventManager : Event: ======'player_shot_soul_L_enabled'====== Args={'value': True, 'prev_value': 0, 'change': 1, 'player_num': 1}
2020-10-04 11:58:38,711 : INFO : EventManager : Event: ======'soul_lanes_complete'====== Args={'state': 'unlit'}
2020-10-04 11:58:38,712 : INFO : EventManager : Event: ======'soul_lanes_unlit_complete'====== Args={}
2020-10-04 11:58:38,717 : INFO : EventManager : Event: ======'mode_soulLanes_starting'====== Args={'player': 1, 'ball': 1, 'balls_remaining': 4, 'is_extra_ball': False}
2020-10-04 11:58:38,804 : INFO : EventManager : Event: ======'logicblock_soul_complete_count_updated'====== Args={'value': 1, 'enabled': True}
2020-10-04 11:58:38,804 : INFO : EventManager : Event: ======'logicblock_soul_complete_count_updated'====== Args={'value': 1, 'enabled': True}
2020-10-04 11:58:38,805 : INFO : Mode.soulLanes : Started. Priority: 110
2020-10-04 11:58:38,805 : INFO : EventManager : Event: ======'modes_active_modes_changed'====== Args={}
2020-10-04 11:58:38,806 : INFO : EventManager : Event: ======'mode_soulLanes_started'====== Args={'player': 1, 'ball': 1, 'balls_remaining': 4, 'is_extra_ball': False}
2020-10-04 11:58:38,807 : INFO : EventManager : Event: ======'single_player_ball_started'====== Args={}
2020-10-04 11:58:39,232 : INFO : ball_device.bd_plunger : Setting up player-controlled eject. Balls: 1, Target: <playfield.playfield>, player_controlled_eject_event: None
2020-10-04 11:58:39,233 : INFO : EventManager : Event: ======'balldevice_balls_available'====== Args={}
2020-10-04 11:58:39,308 : INFO : EventManager : Event: ======'slide_base.slide_player-mode_base_started_created'====== Args={'_from_bcp': True}
2020-10-04 11:58:39,309 : INFO : EventManager : Event: ======'slide_base.slide_player-mode_base_started_active'====== Args={'_from_bcp': True}
2020-10-04 11:58:39,312 : INFO : ball_device.bd_trough : State: waiting_for_target_ready
2020-10-04 11:58:39,313 : INFO : EventManager : Event: ======'balldevice_bd_trough_ball_eject_attempt'====== Args={'balls': 1, 'target': <ball_device.bd_plunger>, 'source': <ball_device.bd_trough>, 'mechanical_eject': True, 'num_attempts': 0}
2020-10-04 11:58:39,314 : INFO : ball_device.bd_plunger : State: waiting_for_ball
2020-10-04 11:58:39,315 : INFO : ball_device.bd_trough : State: ejecting
2020-10-04 11:58:39,316 : INFO : ball_device.bd_trough : Ejecting ball to <ball_device.bd_plunger>
2020-10-04 11:58:39,317 : INFO : EventManager : Event: ======'balldevice_bd_trough_ejecting_ball'====== Args={'balls': 1, 'target': <ball_device.bd_plunger>, 'source': <ball_device.bd_trough>, 'mechanical_eject': True, 'num_attempts': 0}
2020-10-04 11:58:39,318 : INFO : ball_device.bd_trough : Wait for ball to leave device
2020-10-04 11:58:39,319 : INFO : coil.c_trough_eject : Pulsing Driver for 20ms (1.0 pulse_power)
2020-10-04 11:58:39,321 : INFO : SwitchController : <<<<<<< 's_trough1' inactive >>>>>>>
2020-10-04 11:58:39,350 : INFO : ball_device.bd_trough : State: ball_left
2020-10-04 11:58:39,351 : INFO : ball_device.bd_trough : Ball left
2020-10-04 11:58:39,351 : INFO : ball_device.bd_trough : Wait for confirm with timeout 10.0
2020-10-04 11:58:39,413 : INFO : SwitchController : <<<<<<< 's_plunger' active >>>>>>>
2020-10-04 11:58:39,413 : INFO : EventManager : Event: ======'machine_var_audits_switches_s_plunger'====== Args={'value': 561, 'prev_value': 560, 'change': 1}
2020-10-04 11:58:39,913 : INFO : ball_device.bd_plunger : Received ball from <ball_device.bd_trough>
2020-10-04 11:58:39,914 : INFO : EventManager : Event: ======'balldevice_bd_plunger_ball_enter'====== Args={'new_balls': 1, 'unclaimed_balls': 0, 'new_available_balls': 0, 'device': <ball_device.bd_plunger>}
2020-10-04 11:58:39,915 : INFO : EventManager : Event: ======'balldevice_bd_plunger_ball_entered'====== Args={'new_balls': 0, 'device': <ball_device.bd_plunger>}
2020-10-04 11:58:39,916 : INFO : EventManager : Event: ======'balldevice_bd_plunger_ball_count_changed'====== Args={'balls': 1}
2020-10-04 11:58:39,916 : INFO : ball_device.bd_trough : Got eject confirm
2020-10-04 11:58:39,917 : INFO : ball_device.bd_trough : Eject successful
2020-10-04 11:58:39,917 : INFO : EventManager : Event: ======'balldevice_bd_trough_ball_eject_success'====== Args={'balls': 1, 'target': <ball_device.bd_plunger>}
2020-10-04 11:58:39,918 : INFO : EventManager : Event: ======'balldevice_bd_trough_ball_count_changed'====== Args={'balls': 1}
2020-10-04 11:58:39,918 : INFO : ball_device.bd_trough : State: idle
2020-10-04 11:58:39,919 : INFO : ball_device.bd_plunger : State: waiting_for_target_ready
2020-10-04 11:58:39,920 : INFO : EventManager : Event: ======'balldevice_bd_plunger_ball_eject_attempt'====== Args={'balls': 1, 'target': <playfield.playfield>, 'source': <ball_device.bd_plunger>, 'mechanical_eject': True, 'num_attempts': 0}
2020-10-04 11:58:39,922 : INFO : ball_device.bd_plunger : State: ejecting
2020-10-04 11:58:39,922 : INFO : ball_device.bd_plunger : Ejecting ball to <playfield.playfield>
2020-10-04 11:58:39,923 : INFO : EventManager : Event: ======'balldevice_bd_plunger_ejecting_ball'====== Args={'balls': 1, 'target': <playfield.playfield>, 'source': <ball_device.bd_plunger>, 'mechanical_eject': True, 'num_attempts': 0}
2020-10-04 11:58:39,925 : INFO : ball_device.bd_plunger : Wait for ball to leave device
2020-10-04 11:58:40,441 : INFO : SwitchController : <<<<<<< 's_soul_S' active >>>>>>>
2020-10-04 11:58:40,442 : INFO : EventManager : Event: ======'s_soul_S_active'====== Args={}
2020-10-04 11:58:40,442 : INFO : EventManager : Event: ======'machine_var_audits_switches_s_soul_S'====== Args={'value': 233, 'prev_value': 232, 'change': 1}
2020-10-04 11:58:40,444 : INFO : EventManager : Event: ======'playfield_active'====== Args={}
2020-10-04 11:58:40,445 : INFO : EventManager : Event: ======'player_shot_soul_S'====== Args={'value': 1, 'prev_value': 0, 'change': 1, 'player_num': 1}
2020-10-04 11:58:40,447 : INFO : EventManager : Event: ======'machine_var_audits_shots_soul_S'====== Args={'value': 233, 'prev_value': 232, 'change': 1}
2020-10-04 11:58:40,448 : INFO : EventManager : Event: ======'soul_S_hit'====== Args={'profile': 'default', 'state': 'unlit', 'advancing': True}
2020-10-04 11:58:40,450 : INFO : EventManager : Event: ======'soul_S_default_hit'====== Args={'profile': 'default', 'state': 'unlit', 'advancing': True}
2020-10-04 11:58:40,450 : INFO : EventManager : Event: ======'soul_S_default_unlit_hit'====== Args={'profile': 'default', 'state': 'unlit', 'advancing': True}
2020-10-04 11:58:40,450 : INFO : EventManager : Event: ======'soul_S_unlit_hit'====== Args={'profile': 'default', 'state': 'unlit', 'advancing': True}
2020-10-04 11:58:40,451 : INFO : EventManager : Event: ======'player_score'====== Args={'value': 10, 'prev_value': 0, 'change': 10, 'player_num': 1}
2020-10-04 11:58:40,452 : INFO : EventManager : Event: ======'soul_lanes_hit'====== Args={}
2020-10-04 11:58:40,452 : INFO : EventManager : Event: ======'soul_lanes_unlit_hit'====== Args={}
2020-10-04 11:58:40,648 : INFO : SwitchController : <<<<<<< 's_soul_S' inactive >>>>>>>
2020-10-04 11:58:41,155 : INFO : SwitchController : <<<<<<< 's_soul_O' active >>>>>>>
2020-10-04 11:58:41,155 : INFO : EventManager : Event: ======'s_soul_O_active'====== Args={}
2020-10-04 11:58:41,156 : INFO : EventManager : Event: ======'machine_var_audits_switches_s_soul_O'====== Args={'value': 209, 'prev_value': 208, 'change': 1}
2020-10-04 11:58:41,158 : INFO : EventManager : Event: ======'playfield_active'====== Args={}
2020-10-04 11:58:41,159 : INFO : EventManager : Event: ======'player_shot_soul_O'====== Args={'value': 1, 'prev_value': 0, 'change': 1, 'player_num': 1}
2020-10-04 11:58:41,160 : INFO : EventManager : Event: ======'machine_var_audits_shots_soul_O'====== Args={'value': 204, 'prev_value': 203, 'change': 1}
2020-10-04 11:58:41,162 : INFO : EventManager : Event: ======'soul_O_hit'====== Args={'profile': 'default', 'state': 'unlit', 'advancing': True}
2020-10-04 11:58:41,163 : INFO : EventManager : Event: ======'soul_O_default_hit'====== Args={'profile': 'default', 'state': 'unlit', 'advancing': True}
2020-10-04 11:58:41,163 : INFO : EventManager : Event: ======'soul_O_default_unlit_hit'====== Args={'profile': 'default', 'state': 'unlit', 'advancing': True}
2020-10-04 11:58:41,164 : INFO : EventManager : Event: ======'soul_O_unlit_hit'====== Args={'profile': 'default', 'state': 'unlit', 'advancing': True}
2020-10-04 11:58:41,164 : INFO : EventManager : Event: ======'player_score'====== Args={'value': 20, 'prev_value': 10, 'change': 10, 'player_num': 1}
2020-10-04 11:58:41,165 : INFO : EventManager : Event: ======'soul_lanes_hit'====== Args={}
2020-10-04 11:58:41,166 : INFO : EventManager : Event: ======'soul_lanes_unlit_hit'====== Args={}
2020-10-04 11:58:41,282 : INFO : SwitchController : <<<<<<< 's_soul_O' inactive >>>>>>>
2020-10-04 11:58:41,681 : INFO : SwitchController : <<<<<<< 's_soul_U' active >>>>>>>
2020-10-04 11:58:41,682 : INFO : EventManager : Event: ======'s_soul_U_active'====== Args={}
2020-10-04 11:58:41,682 : INFO : EventManager : Event: ======'machine_var_audits_switches_s_soul_U'====== Args={'value': 200, 'prev_value': 199, 'change': 1}
2020-10-04 11:58:41,684 : INFO : EventManager : Event: ======'playfield_active'====== Args={}
2020-10-04 11:58:41,685 : INFO : EventManager : Event: ======'player_shot_soul_U'====== Args={'value': 1, 'prev_value': 0, 'change': 1, 'player_num': 1}
2020-10-04 11:58:41,687 : INFO : EventManager : Event: ======'machine_var_audits_shots_soul_U'====== Args={'value': 200, 'prev_value': 199, 'change': 1}
2020-10-04 11:58:41,688 : INFO : EventManager : Event: ======'soul_U_hit'====== Args={'profile': 'default', 'state': 'unlit', 'advancing': True}
2020-10-04 11:58:41,689 : INFO : EventManager : Event: ======'soul_U_default_hit'====== Args={'profile': 'default', 'state': 'unlit', 'advancing': True}
2020-10-04 11:58:41,689 : INFO : EventManager : Event: ======'soul_U_default_unlit_hit'====== Args={'profile': 'default', 'state': 'unlit', 'advancing': True}
2020-10-04 11:58:41,690 : INFO : EventManager : Event: ======'soul_U_unlit_hit'====== Args={'profile': 'default', 'state': 'unlit', 'advancing': True}
2020-10-04 11:58:41,691 : INFO : EventManager : Event: ======'player_score'====== Args={'value': 30, 'prev_value': 20, 'change': 10, 'player_num': 1}
2020-10-04 11:58:41,691 : INFO : EventManager : Event: ======'soul_lanes_hit'====== Args={}
2020-10-04 11:58:41,692 : INFO : EventManager : Event: ======'soul_lanes_unlit_hit'====== Args={}
2020-10-04 11:58:41,823 : INFO : SwitchController : <<<<<<< 's_soul_U' inactive >>>>>>>
2020-10-04 11:58:43,308 : INFO : SwitchController : <<<<<<< 's_soul_L' active >>>>>>>
2020-10-04 11:58:43,309 : INFO : EventManager : Event: ======'s_soul_L_active'====== Args={}
2020-10-04 11:58:43,309 : INFO : EventManager : Event: ======'machine_var_audits_switches_s_soul_L'====== Args={'value': 199, 'prev_value': 198, 'change': 1}
2020-10-04 11:58:43,312 : INFO : EventManager : Event: ======'playfield_active'====== Args={}
2020-10-04 11:58:43,312 : INFO : EventManager : Event: ======'player_shot_soul_L'====== Args={'value': 1, 'prev_value': 0, 'change': 1, 'player_num': 1}
2020-10-04 11:58:43,314 : INFO : EventManager : Event: ======'machine_var_audits_shots_soul_L'====== Args={'value': 198, 'prev_value': 197, 'change': 1}
2020-10-04 11:58:43,315 : INFO : EventManager : Event: ======'soul_L_hit'====== Args={'profile': 'default', 'state': 'unlit', 'advancing': True}
2020-10-04 11:58:43,316 : INFO : EventManager : Event: ======'soul_L_default_hit'====== Args={'profile': 'default', 'state': 'unlit', 'advancing': True}
2020-10-04 11:58:43,316 : INFO : EventManager : Event: ======'soul_L_default_unlit_hit'====== Args={'profile': 'default', 'state': 'unlit', 'advancing': True}
2020-10-04 11:58:43,317 : INFO : EventManager : Event: ======'soul_L_unlit_hit'====== Args={'profile': 'default', 'state': 'unlit', 'advancing': True}
2020-10-04 11:58:43,317 : INFO : EventManager : Event: ======'player_score'====== Args={'value': 40, 'prev_value': 30, 'change': 10, 'player_num': 1}
2020-10-04 11:58:43,318 : INFO : EventManager : Event: ======'soul_lanes_complete'====== Args={'state': 'lit'}
2020-10-04 11:58:43,319 : INFO : EventManager : Event: ======'soul_lanes_lit_complete'====== Args={}
2020-10-04 11:58:43,320 : INFO : EventManager : Event: ======'soul_lanes_hit'====== Args={}
2020-10-04 11:58:43,321 : INFO : EventManager : Event: ======'soul_lanes_unlit_hit'====== Args={}
2020-10-04 11:58:43,321 : INFO : EventManager : Event: ======'player_score'====== Args={'value': 1040, 'prev_value': 40, 'change': 1000, 'player_num': 1}
2020-10-04 11:58:43,323 : INFO : EventManager : Event: ======'logicblock_soul_complete_count_updated'====== Args={'value': 2, 'enabled': True}
2020-10-04 11:58:43,323 : INFO : EventManager : Event: ======'soul_lanes_done'====== Args={'count': 2}
2020-10-04 11:58:43,324 : INFO : EventManager : Event: ======'player_bonus_multiplier'====== Args={'value': 2, 'prev_value': 1, 'change': 1, 'player_num': 1}
2020-10-04 11:58:43,517 : INFO : SwitchController : <<<<<<< 's_soul_L' inactive >>>>>>>
2020-10-04 11:58:44,332 : INFO : EventManager : Event: ======'player_shot_soul_S'====== Args={'value': 0, 'prev_value': 1, 'change': -1, 'player_num': 1}
2020-10-04 11:58:44,334 : INFO : EventManager : Event: ======'player_shot_soul_O'====== Args={'value': 0, 'prev_value': 1, 'change': -1, 'player_num': 1}
2020-10-04 11:58:44,335 : INFO : EventManager : Event: ======'player_shot_soul_U'====== Args={'value': 0, 'prev_value': 1, 'change': -1, 'player_num': 1}
2020-10-04 11:58:44,337 : INFO : EventManager : Event: ======'player_shot_soul_L'====== Args={'value': 0, 'prev_value': 1, 'change': -1, 'player_num': 1}
2020-10-04 11:58:44,524 : INFO : SwitchController : <<<<<<< 's_soul_S' active >>>>>>>
2020-10-04 11:58:44,524 : INFO : EventManager : Event: ======'s_soul_S_active'====== Args={}
2020-10-04 11:58:44,525 : INFO : EventManager : Event: ======'machine_var_audits_switches_s_soul_S'====== Args={'value': 234, 'prev_value': 233, 'change': 1}
2020-10-04 11:58:44,527 : INFO : EventManager : Event: ======'playfield_active'====== Args={}
2020-10-04 11:58:44,527 : INFO : EventManager : Event: ======'player_shot_soul_S'====== Args={'value': 1, 'prev_value': 0, 'change': 1, 'player_num': 1}
2020-10-04 11:58:44,529 : INFO : EventManager : Event: ======'machine_var_audits_shots_soul_S'====== Args={'value': 234, 'prev_value': 233, 'change': 1}
2020-10-04 11:58:44,530 : INFO : EventManager : Event: ======'soul_S_hit'====== Args={'profile': 'default', 'state': 'unlit', 'advancing': True}
2020-10-04 11:58:44,531 : INFO : EventManager : Event: ======'soul_S_default_hit'====== Args={'profile': 'default', 'state': 'unlit', 'advancing': True}
2020-10-04 11:58:44,532 : INFO : EventManager : Event: ======'soul_S_default_unlit_hit'====== Args={'profile': 'default', 'state': 'unlit', 'advancing': True}
2020-10-04 11:58:44,532 : INFO : EventManager : Event: ======'soul_S_unlit_hit'====== Args={'profile': 'default', 'state': 'unlit', 'advancing': True}
2020-10-04 11:58:44,533 : INFO : EventManager : Event: ======'player_score'====== Args={'value': 1050, 'prev_value': 1040, 'change': 10, 'player_num': 1}
2020-10-04 11:58:44,534 : INFO : EventManager : Event: ======'soul_lanes_hit'====== Args={}
2020-10-04 11:58:44,534 : INFO : EventManager : Event: ======'soul_lanes_unlit_hit'====== Args={}
2020-10-04 11:58:44,732 : INFO : SwitchController : <<<<<<< 's_soul_S' inactive >>>>>>>
2020-10-04 11:58:45,406 : INFO : SwitchController : <<<<<<< 's_soul_O' active >>>>>>>
2020-10-04 11:58:45,406 : INFO : EventManager : Event: ======'s_soul_O_active'====== Args={}
2020-10-04 11:58:45,407 : INFO : EventManager : Event: ======'machine_var_audits_switches_s_soul_O'====== Args={'value': 210, 'prev_value': 209, 'change': 1}
2020-10-04 11:58:45,409 : INFO : EventManager : Event: ======'playfield_active'====== Args={}
2020-10-04 11:58:45,410 : INFO : EventManager : Event: ======'player_shot_soul_O'====== Args={'value': 1, 'prev_value': 0, 'change': 1, 'player_num': 1}
2020-10-04 11:58:45,411 : INFO : EventManager : Event: ======'machine_var_audits_shots_soul_O'====== Args={'value': 205, 'prev_value': 204, 'change': 1}
2020-10-04 11:58:45,413 : INFO : EventManager : Event: ======'soul_O_hit'====== Args={'profile': 'default', 'state': 'unlit', 'advancing': True}
2020-10-04 11:58:45,413 : INFO : EventManager : Event: ======'soul_O_default_hit'====== Args={'profile': 'default', 'state': 'unlit', 'advancing': True}
2020-10-04 11:58:45,414 : INFO : EventManager : Event: ======'soul_O_default_unlit_hit'====== Args={'profile': 'default', 'state': 'unlit', 'advancing': True}
2020-10-04 11:58:45,414 : INFO : EventManager : Event: ======'soul_O_unlit_hit'====== Args={'profile': 'default', 'state': 'unlit', 'advancing': True}
2020-10-04 11:58:45,415 : INFO : EventManager : Event: ======'player_score'====== Args={'value': 1060, 'prev_value': 1050, 'change': 10, 'player_num': 1}
2020-10-04 11:58:45,416 : INFO : EventManager : Event: ======'soul_lanes_hit'====== Args={}
2020-10-04 11:58:45,416 : INFO : EventManager : Event: ======'soul_lanes_unlit_hit'====== Args={}
2020-10-04 11:58:45,529 : INFO : SwitchController : <<<<<<< 's_soul_O' inactive >>>>>>>
2020-10-04 11:58:45,865 : INFO : SwitchController : <<<<<<< 's_soul_U' active >>>>>>>
2020-10-04 11:58:45,865 : INFO : EventManager : Event: ======'s_soul_U_active'====== Args={}
2020-10-04 11:58:45,866 : INFO : EventManager : Event: ======'machine_var_audits_switches_s_soul_U'====== Args={'value': 201, 'prev_value': 200, 'change': 1}
2020-10-04 11:58:45,868 : INFO : EventManager : Event: ======'playfield_active'====== Args={}
2020-10-04 11:58:45,869 : INFO : EventManager : Event: ======'player_shot_soul_U'====== Args={'value': 1, 'prev_value': 0, 'change': 1, 'player_num': 1}
2020-10-04 11:58:45,870 : INFO : EventManager : Event: ======'machine_var_audits_shots_soul_U'====== Args={'value': 201, 'prev_value': 200, 'change': 1}
2020-10-04 11:58:45,872 : INFO : EventManager : Event: ======'soul_U_hit'====== Args={'profile': 'default', 'state': 'unlit', 'advancing': True}
2020-10-04 11:58:45,872 : INFO : EventManager : Event: ======'soul_U_default_hit'====== Args={'profile': 'default', 'state': 'unlit', 'advancing': True}
2020-10-04 11:58:45,873 : INFO : EventManager : Event: ======'soul_U_default_unlit_hit'====== Args={'profile': 'default', 'state': 'unlit', 'advancing': True}
2020-10-04 11:58:45,874 : INFO : EventManager : Event: ======'soul_U_unlit_hit'====== Args={'profile': 'default', 'state': 'unlit', 'advancing': True}
2020-10-04 11:58:45,874 : INFO : EventManager : Event: ======'player_score'====== Args={'value': 1070, 'prev_value': 1060, 'change': 10, 'player_num': 1}
2020-10-04 11:58:45,875 : INFO : EventManager : Event: ======'soul_lanes_hit'====== Args={}
2020-10-04 11:58:45,875 : INFO : EventManager : Event: ======'soul_lanes_unlit_hit'====== Args={}
2020-10-04 11:58:46,001 : INFO : SwitchController : <<<<<<< 's_soul_U' inactive >>>>>>>
2020-10-04 11:58:47,591 : INFO : SwitchController : <<<<<<< 's_soul_L' active >>>>>>>
2020-10-04 11:58:47,591 : INFO : EventManager : Event: ======'s_soul_L_active'====== Args={}
2020-10-04 11:58:47,592 : INFO : EventManager : Event: ======'machine_var_audits_switches_s_soul_L'====== Args={'value': 200, 'prev_value': 199, 'change': 1}
2020-10-04 11:58:47,594 : INFO : EventManager : Event: ======'playfield_active'====== Args={}
2020-10-04 11:58:47,595 : INFO : EventManager : Event: ======'player_shot_soul_L'====== Args={'value': 1, 'prev_value': 0, 'change': 1, 'player_num': 1}
2020-10-04 11:58:47,596 : INFO : EventManager : Event: ======'machine_var_audits_shots_soul_L'====== Args={'value': 199, 'prev_value': 198, 'change': 1}
2020-10-04 11:58:47,597 : INFO : EventManager : Event: ======'soul_L_hit'====== Args={'profile': 'default', 'state': 'unlit', 'advancing': True}
2020-10-04 11:58:47,598 : INFO : EventManager : Event: ======'soul_L_default_hit'====== Args={'profile': 'default', 'state': 'unlit', 'advancing': True}
2020-10-04 11:58:47,599 : INFO : EventManager : Event: ======'soul_L_default_unlit_hit'====== Args={'profile': 'default', 'state': 'unlit', 'advancing': True}
2020-10-04 11:58:47,599 : INFO : EventManager : Event: ======'soul_L_unlit_hit'====== Args={'profile': 'default', 'state': 'unlit', 'advancing': True}
2020-10-04 11:58:47,600 : INFO : EventManager : Event: ======'player_score'====== Args={'value': 1080, 'prev_value': 1070, 'change': 10, 'player_num': 1}
2020-10-04 11:58:47,601 : INFO : EventManager : Event: ======'soul_lanes_complete'====== Args={'state': 'lit'}
2020-10-04 11:58:47,601 : INFO : EventManager : Event: ======'soul_lanes_lit_complete'====== Args={}
2020-10-04 11:58:47,602 : INFO : EventManager : Event: ======'soul_lanes_hit'====== Args={}
2020-10-04 11:58:47,603 : INFO : EventManager : Event: ======'soul_lanes_unlit_hit'====== Args={}
2020-10-04 11:58:47,604 : INFO : EventManager : Event: ======'player_score'====== Args={'value': 3080, 'prev_value': 1080, 'change': 2000, 'player_num': 1}
2020-10-04 11:58:47,606 : INFO : EventManager : Event: ======'logicblock_soul_complete_count_updated'====== Args={'value': 3, 'enabled': True}
2020-10-04 11:58:47,607 : INFO : EventManager : Event: ======'soul_lanes_done'====== Args={'count': 3}
2020-10-04 11:58:47,609 : INFO : EventManager : Event: ======'player_bonus_multiplier'====== Args={'value': 3, 'prev_value': 2, 'change': 1, 'player_num': 1}
2020-10-04 11:58:47,808 : INFO : SwitchController : <<<<<<< 's_soul_L' inactive >>>>>>>
2020-10-04 11:58:48,607 : INFO : EventManager : Event: ======'player_shot_soul_S'====== Args={'value': 0, 'prev_value': 1, 'change': -1, 'player_num': 1}
2020-10-04 11:58:48,608 : INFO : EventManager : Event: ======'player_shot_soul_O'====== Args={'value': 0, 'prev_value': 1, 'change': -1, 'player_num': 1}
2020-10-04 11:58:48,610 : INFO : EventManager : Event: ======'player_shot_soul_U'====== Args={'value': 0, 'prev_value': 1, 'change': -1, 'player_num': 1}
2020-10-04 11:58:48,612 : INFO : EventManager : Event: ======'player_shot_soul_L'====== Args={'value': 0, 'prev_value': 1, 'change': -1, 'player_num': 1}
2020-10-04 11:58:48,679 : INFO : SwitchController : <<<<<<< 's_soul_S' active >>>>>>>
2020-10-04 11:58:48,679 : INFO : EventManager : Event: ======'s_soul_S_active'====== Args={}
2020-10-04 11:58:48,680 : INFO : EventManager : Event: ======'machine_var_audits_switches_s_soul_S'====== Args={'value': 235, 'prev_value': 234, 'change': 1}
2020-10-04 11:58:48,681 : INFO : EventManager : Event: ======'playfield_active'====== Args={}
2020-10-04 11:58:48,682 : INFO : EventManager : Event: ======'player_shot_soul_S'====== Args={'value': 1, 'prev_value': 0, 'change': 1, 'player_num': 1}
2020-10-04 11:58:48,683 : INFO : EventManager : Event: ======'machine_var_audits_shots_soul_S'====== Args={'value': 235, 'prev_value': 234, 'change': 1}
2020-10-04 11:58:48,684 : INFO : EventManager : Event: ======'soul_S_hit'====== Args={'profile': 'default', 'state': 'unlit', 'advancing': True}
2020-10-04 11:58:48,685 : INFO : EventManager : Event: ======'soul_S_default_hit'====== Args={'profile': 'default', 'state': 'unlit', 'advancing': True}
2020-10-04 11:58:48,685 : INFO : EventManager : Event: ======'soul_S_default_unlit_hit'====== Args={'profile': 'default', 'state': 'unlit', 'advancing': True}
2020-10-04 11:58:48,685 : INFO : EventManager : Event: ======'soul_S_unlit_hit'====== Args={'profile': 'default', 'state': 'unlit', 'advancing': True}
2020-10-04 11:58:48,686 : INFO : EventManager : Event: ======'player_score'====== Args={'value': 3090, 'prev_value': 3080, 'change': 10, 'player_num': 1}
2020-10-04 11:58:48,686 : INFO : EventManager : Event: ======'soul_lanes_hit'====== Args={}
2020-10-04 11:58:48,687 : INFO : EventManager : Event: ======'soul_lanes_unlit_hit'====== Args={}
2020-10-04 11:58:48,882 : INFO : SwitchController : <<<<<<< 's_soul_S' inactive >>>>>>>
2020-10-04 11:58:48,955 : INFO : SwitchController : <<<<<<< 's_soul_O' active >>>>>>>
2020-10-04 11:58:48,955 : INFO : EventManager : Event: ======'s_soul_O_active'====== Args={}
2020-10-04 11:58:48,956 : INFO : EventManager : Event: ======'machine_var_audits_switches_s_soul_O'====== Args={'value': 211, 'prev_value': 210, 'change': 1}
2020-10-04 11:58:48,957 : INFO : EventManager : Event: ======'playfield_active'====== Args={}
2020-10-04 11:58:48,958 : INFO : EventManager : Event: ======'player_shot_soul_O'====== Args={'value': 1, 'prev_value': 0, 'change': 1, 'player_num': 1}
2020-10-04 11:58:48,959 : INFO : EventManager : Event: ======'machine_var_audits_shots_soul_O'====== Args={'value': 206, 'prev_value': 205, 'change': 1}
2020-10-04 11:58:48,961 : INFO : EventManager : Event: ======'soul_O_hit'====== Args={'profile': 'default', 'state': 'unlit', 'advancing': True}
2020-10-04 11:58:48,961 : INFO : EventManager : Event: ======'soul_O_default_hit'====== Args={'profile': 'default', 'state': 'unlit', 'advancing': True}
2020-10-04 11:58:48,962 : INFO : EventManager : Event: ======'soul_O_default_unlit_hit'====== Args={'profile': 'default', 'state': 'unlit', 'advancing': True}
2020-10-04 11:58:48,963 : INFO : EventManager : Event: ======'soul_O_unlit_hit'====== Args={'profile': 'default', 'state': 'unlit', 'advancing': True}
2020-10-04 11:58:48,963 : INFO : EventManager : Event: ======'player_score'====== Args={'value': 3100, 'prev_value': 3090, 'change': 10, 'player_num': 1}
2020-10-04 11:58:48,964 : INFO : EventManager : Event: ======'soul_lanes_hit'====== Args={}
2020-10-04 11:58:48,965 : INFO : EventManager : Event: ======'soul_lanes_unlit_hit'====== Args={}
2020-10-04 11:58:49,125 : INFO : SwitchController : <<<<<<< 's_soul_O' inactive >>>>>>>
2020-10-04 11:58:49,234 : INFO : SwitchController : <<<<<<< 's_soul_U' active >>>>>>>
2020-10-04 11:58:49,235 : INFO : EventManager : Event: ======'s_soul_U_active'====== Args={}
2020-10-04 11:58:49,235 : INFO : EventManager : Event: ======'machine_var_audits_switches_s_soul_U'====== Args={'value': 202, 'prev_value': 201, 'change': 1}
2020-10-04 11:58:49,237 : INFO : EventManager : Event: ======'playfield_active'====== Args={}
2020-10-04 11:58:49,238 : INFO : EventManager : Event: ======'player_shot_soul_U'====== Args={'value': 1, 'prev_value': 0, 'change': 1, 'player_num': 1}
2020-10-04 11:58:49,240 : INFO : EventManager : Event: ======'machine_var_audits_shots_soul_U'====== Args={'value': 202, 'prev_value': 201, 'change': 1}
2020-10-04 11:58:49,241 : INFO : EventManager : Event: ======'soul_U_hit'====== Args={'profile': 'default', 'state': 'unlit', 'advancing': True}
2020-10-04 11:58:49,242 : INFO : EventManager : Event: ======'soul_U_default_hit'====== Args={'profile': 'default', 'state': 'unlit', 'advancing': True}
2020-10-04 11:58:49,242 : INFO : EventManager : Event: ======'soul_U_default_unlit_hit'====== Args={'profile': 'default', 'state': 'unlit', 'advancing': True}
2020-10-04 11:58:49,243 : INFO : EventManager : Event: ======'soul_U_unlit_hit'====== Args={'profile': 'default', 'state': 'unlit', 'advancing': True}
2020-10-04 11:58:49,244 : INFO : EventManager : Event: ======'player_score'====== Args={'value': 3110, 'prev_value': 3100, 'change': 10, 'player_num': 1}
2020-10-04 11:58:49,244 : INFO : EventManager : Event: ======'soul_lanes_hit'====== Args={}
2020-10-04 11:58:49,245 : INFO : EventManager : Event: ======'soul_lanes_unlit_hit'====== Args={}
2020-10-04 11:58:49,381 : INFO : SwitchController : <<<<<<< 's_soul_U' inactive >>>>>>>
2020-10-04 11:58:51,057 : INFO : SwitchController : <<<<<<< 's_soul_L' active >>>>>>>
2020-10-04 11:58:51,057 : INFO : EventManager : Event: ======'s_soul_L_active'====== Args={}
2020-10-04 11:58:51,058 : INFO : EventManager : Event: ======'machine_var_audits_switches_s_soul_L'====== Args={'value': 201, 'prev_value': 200, 'change': 1}
2020-10-04 11:58:51,060 : INFO : EventManager : Event: ======'playfield_active'====== Args={}
2020-10-04 11:58:51,060 : INFO : EventManager : Event: ======'player_shot_soul_L'====== Args={'value': 1, 'prev_value': 0, 'change': 1, 'player_num': 1}
2020-10-04 11:58:51,075 : INFO : EventManager : Event: ======'machine_var_audits_shots_soul_L'====== Args={'value': 200, 'prev_value': 199, 'change': 1}
2020-10-04 11:58:51,077 : INFO : EventManager : Event: ======'soul_L_hit'====== Args={'profile': 'default', 'state': 'unlit', 'advancing': True}
2020-10-04 11:58:51,077 : INFO : EventManager : Event: ======'soul_L_default_hit'====== Args={'profile': 'default', 'state': 'unlit', 'advancing': True}
2020-10-04 11:58:51,078 : INFO : EventManager : Event: ======'soul_L_default_unlit_hit'====== Args={'profile': 'default', 'state': 'unlit', 'advancing': True}
2020-10-04 11:58:51,078 : INFO : EventManager : Event: ======'soul_L_unlit_hit'====== Args={'profile': 'default', 'state': 'unlit', 'advancing': True}
2020-10-04 11:58:51,079 : INFO : EventManager : Event: ======'player_score'====== Args={'value': 3120, 'prev_value': 3110, 'change': 10, 'player_num': 1}
2020-10-04 11:58:51,080 : INFO : EventManager : Event: ======'soul_lanes_complete'====== Args={'state': 'lit'}
2020-10-04 11:58:51,081 : INFO : EventManager : Event: ======'soul_lanes_lit_complete'====== Args={}
2020-10-04 11:58:51,081 : INFO : EventManager : Event: ======'soul_lanes_hit'====== Args={}
2020-10-04 11:58:51,082 : INFO : EventManager : Event: ======'soul_lanes_unlit_hit'====== Args={}
2020-10-04 11:58:51,082 : INFO : EventManager : Event: ======'player_score'====== Args={'value': 6120, 'prev_value': 3120, 'change': 3000, 'player_num': 1}
2020-10-04 11:58:51,083 : INFO : EventManager : Event: ======'logicblock_soul_complete_count_updated'====== Args={'value': 4, 'enabled': True}
2020-10-04 11:58:51,084 : INFO : EventManager : Event: ======'soul_lanes_done'====== Args={'count': 4}
2020-10-04 11:58:51,086 : INFO : EventManager : Event: ======'player_bonus_multiplier'====== Args={'value': 4, 'prev_value': 3, 'change': 1, 'player_num': 1}
2020-10-04 11:58:51,246 : INFO : SwitchController : <<<<<<< 's_soul_L' inactive >>>>>>>
2020-10-04 11:58:52,077 : INFO : EventManager : Event: ======'player_shot_soul_S'====== Args={'value': 0, 'prev_value': 1, 'change': -1, 'player_num': 1}
2020-10-04 11:58:52,079 : INFO : EventManager : Event: ======'player_shot_soul_O'====== Args={'value': 0, 'prev_value': 1, 'change': -1, 'player_num': 1}
2020-10-04 11:58:52,080 : INFO : EventManager : Event: ======'player_shot_soul_U'====== Args={'value': 0, 'prev_value': 1, 'change': -1, 'player_num': 1}
2020-10-04 11:58:52,082 : INFO : EventManager : Event: ======'player_shot_soul_L'====== Args={'value': 0, 'prev_value': 1, 'change': -1, 'player_num': 1}
2020-10-04 11:58:54,565 : INFO : Machine : Shutting down...
2020-10-04 11:58:54,565 : INFO : EventManager : Event: ======'shutdown'====== Args={}
2020-10-04 11:58:54,581 : INFO : root : MPF run loop ended.
