2020-10-04 22:07:19,132 : INFO : root : Loading config.
2020-10-04 22:07:19,132 : INFO : YamlMultifileConfigLoader : Machine config file #1: config.yaml
2020-10-04 22:07:19,132 : INFO : ConfigProcessor : Loading config from cache: C:\Users\themi\AppData\Local\Temp\2b6ef079982d662fef43bd5e7e2d4708.mpf_cache
2020-10-04 22:07:19,336 : INFO : ConfigProcessor : Loading config from cache: C:\Users\themi\AppData\Local\Temp\89b9c5cb952cce9fc74d723399719cc6.mpf_cache
2020-10-04 22:07:19,336 : INFO : ConfigProcessor : Loading config from cache: C:\Users\themi\AppData\Local\Temp\4fcecb70f81c3c2fefb8e65ae9a0af5f.mpf_cache
2020-10-04 22:07:19,336 : WARNING : ConfigProcessor : Config file in cache changed: c:\GitHub\Cuphead\modes\base\config\base.yaml
2020-10-04 22:07:19,336 : INFO : ConfigProcessor : Loading config from file c:\GitHub\Cuphead\modes\base\config\base.yaml.
2020-10-04 22:07:19,398 : INFO : ConfigProcessor : Loading config: c:\GitHub\Cuphead\modes\base\config\base.yaml
2020-10-04 22:07:19,398 : INFO : ConfigProcessor : Config file cache created: C:\Users\themi\AppData\Local\Temp\5820a65357aa32f3082a694bbd0b1b93.mpf_cache
2020-10-04 22:07:19,398 : INFO : ConfigProcessor : Loading config from cache: C:\Users\themi\AppData\Local\Temp\2f1df67e0c6599f893aeb5468bc976f9.mpf_cache
2020-10-04 22:07:19,398 : INFO : ConfigProcessor : Loading config from cache: C:\Users\themi\AppData\Local\Temp\893c92602cb79b5461df4ae912d665e0.mpf_cache
2020-10-04 22:07:19,398 : INFO : ConfigProcessor : Loading config from cache: C:\Users\themi\AppData\Local\Temp\15cb35af48ef2b73a1399ecc64f542cf.mpf_cache
2020-10-04 22:07:19,398 : INFO : ConfigProcessor : Loading config from cache: C:\Users\themi\AppData\Local\Temp\8f78dc3447c1c9fe6775dbe5408c12e9.mpf_cache
2020-10-04 22:07:19,398 : INFO : ConfigProcessor : Loading config from cache: C:\Users\themi\AppData\Local\Temp\459e0fbd95aa261661d4ec522fde7178.mpf_cache
2020-10-04 22:07:19,414 : INFO : ConfigProcessor : Loading config from cache: C:\Users\themi\AppData\Local\Temp\bc011c11c9e34bbd89eedfa08565ed62.mpf_cache
2020-10-04 22:07:19,414 : INFO : ConfigProcessor : Loading config from cache: C:\Users\themi\AppData\Local\Temp\6f009ec52b9ccf4b89f291e4051b3241.mpf_cache
2020-10-04 22:07:19,414 : INFO : ConfigProcessor : Loading config from cache: C:\Users\themi\AppData\Local\Temp\c2ce7139d0aaca9aa552320269b3f50d.mpf_cache
2020-10-04 22:07:19,414 : INFO : ConfigProcessor : Loading config from cache: C:\Users\themi\AppData\Local\Temp\2b7bf9166be80f4b554569a332b23de4.mpf_cache
2020-10-04 22:07:19,414 : INFO : ConfigProcessor : Loading config from cache: C:\Users\themi\AppData\Local\Temp\c546e3aedc6779039624162d0203f540.mpf_cache
2020-10-04 22:07:19,414 : INFO : ConfigProcessor : Loading config from cache: C:\Users\themi\AppData\Local\Temp\abdfe7fa7b37a4a193490f565dc0597d.mpf_cache
2020-10-04 22:07:19,414 : INFO : ConfigProcessor : Loading config from cache: C:\Users\themi\AppData\Local\Temp\4342b421d288ce5a4483067739b72cdd.mpf_cache
2020-10-04 22:07:19,414 : INFO : ConfigProcessor : Loading config from cache: C:\Users\themi\AppData\Local\Temp\368aa16bb3be9e41d99a527245060f83.mpf_cache
2020-10-04 22:07:19,414 : INFO : ConfigProcessor : Loading config from cache: C:\Users\themi\AppData\Local\Temp\d0e012eb2507157abb0bb72425aaf5b2.mpf_cache
2020-10-04 22:07:19,414 : INFO : ConfigProcessor : Loading config from cache: C:\Users\themi\AppData\Local\Temp\0f1b51b912b71211c13fe22b9a37b50a.mpf_cache
2020-10-04 22:07:19,414 : INFO : ConfigProcessor : Loading config from cache: C:\Users\themi\AppData\Local\Temp\10ee2574e78165e598e7a995071a74cc.mpf_cache
2020-10-04 22:07:19,414 : INFO : ConfigProcessor : Loading config from cache: C:\Users\themi\AppData\Local\Temp\a266cad92e011305e896e67dddfd4a6c.mpf_cache
2020-10-04 22:07:19,414 : INFO : ConfigProcessor : Loading config from cache: C:\Users\themi\AppData\Local\Temp\7ee3e0eba3dedef43a01da4ffa491384.mpf_cache
2020-10-04 22:07:19,414 : INFO : ConfigProcessor : Loading config from cache: C:\Users\themi\AppData\Local\Temp\13fd6d25ddf06daef684ee2be33938b7.mpf_cache
2020-10-04 22:07:19,414 : INFO : Machine : Mission Pinball Framework Core Engine v0.54.0-dev.72
2020-10-04 22:07:19,414 : INFO : Machine : Command line arguments: {'no_load_cache': False, 'create_config_cache': True, 'bcp': True, 'configfile': ['config.yaml'], 'force_assets_load': False, 'jsonlogging': False, 'logfile': 'logs\\2020-10-04-22-07-19-mpf-LAPTOP-C39PEUFD.log', 'pause': False, 'production': False, 'text_ui': True, 'loglevel': 15, 'consoleloglevel': 20, 'force_platform': 'smart_virtual', 'syslog_address': None, 'mc_file_name': None, 'no_sound': False}
2020-10-04 22:07:19,414 : INFO : Machine : MPF path: c:\users\themi\appdata\local\programs\python\python36\lib\site-packages\mpf
2020-10-04 22:07:19,414 : INFO : Machine : Machine path: c:\GitHub\Cuphead
2020-10-04 22:07:19,414 : INFO : Machine : Platform: win32
2020-10-04 22:07:19,429 : INFO : Machine : Python executable location: c:\users\themi\appdata\local\programs\python\python36\python.exe
2020-10-04 22:07:19,429 : INFO : Machine : Python version: 3.6.4 (64-bit)
2020-10-04 22:07:19,429 : INFO : Machine : Initialise MPF.
2020-10-04 22:07:19,851 : INFO : EventManager : Event: ======'machine_var_credits_string'====== Args={'value': 'FREE PLAY', 'prev_value': None, 'change': True}
2020-10-04 22:07:19,992 : INFO : EventManager : Event: ======'machine_var_player1_score'====== Args={'value': 8110, 'prev_value': None, 'change': True}
2020-10-04 22:07:19,992 : INFO : EventManager : Event: ======'machine_var_mpf_version'====== Args={'value': 'MPF v0.54.0-dev.72', 'prev_value': None, 'change': True}
2020-10-04 22:07:19,992 : INFO : EventManager : Event: ======'machine_var_mpf_extended_version'====== Args={'value': 'MPF v0.54.0-dev.72, Config version:5, Show version: 5, BCP version:1.1', 'prev_value': None, 'change': True}
2020-10-04 22:07:19,992 : INFO : EventManager : Event: ======'machine_var_python_version'====== Args={'value': '3.6.4', 'prev_value': None, 'change': True}
2020-10-04 22:07:19,992 : INFO : EventManager : Event: ======'machine_var_platform'====== Args={'value': 'Windows-10-10.0.18362-SP0', 'prev_value': None, 'change': True}
2020-10-04 22:07:19,992 : INFO : EventManager : Event: ======'machine_var_platform_system'====== Args={'value': 'Windows', 'prev_value': None, 'change': True}
2020-10-04 22:07:19,992 : INFO : EventManager : Event: ======'machine_var_platform_release'====== Args={'value': '10', 'prev_value': None, 'change': True}
2020-10-04 22:07:19,992 : INFO : EventManager : Event: ======'machine_var_platform_version'====== Args={'value': '10.0.18362', 'prev_value': None, 'change': True}
2020-10-04 22:07:19,992 : INFO : EventManager : Event: ======'machine_var_platform_machine'====== Args={'value': 'AMD64', 'prev_value': None, 'change': True}
2020-10-04 22:07:19,992 : INFO : EventManager : Event: ======'init_phase_1'====== Args={}
2020-10-04 22:07:20,132 : INFO : EventManager : Event: ======'drop_target_bank_cup_bank_up'====== Args={}
2020-10-04 22:07:20,132 : INFO : EventManager : Event: ======'drop_target_bank_mug_bank_up'====== Args={}
2020-10-04 22:07:20,132 : INFO : EventManager : Event: ======'init_phase_2'====== Args={}
2020-10-04 22:07:20,132 : INFO : SwitchController : Found active switch: ('2', <Platform.SmartVirtual>)
2020-10-04 22:07:20,132 : INFO : SwitchController : Found active switch: ('3', <Platform.SmartVirtual>)
2020-10-04 22:07:20,148 : INFO : EventManager : Event: ======'bcp_connection_attempt'====== Args={'name': 'local_display', 'host': 'localhost', 'port': 5050}
2020-10-04 22:07:20,148 : INFO : BCPClientSocket : Connecting BCP to 'local_display' at localhost:5050...
2020-10-04 22:07:32,407 : INFO : BCPClientSocket : Connected BCP to 'local_display' localhost:5050
2020-10-04 22:07:32,408 : INFO : EventManager : Event: ======'bcp_clients_connected'====== Args={}
2020-10-04 22:07:32,424 : INFO : EventManager : Event: ======'machine_var_mc_version'====== Args={'value': 'MPF-MC v0.54.0-dev.20', 'prev_value': None, 'change': True}
2020-10-04 22:07:32,425 : INFO : EventManager : Event: ======'machine_var_mc_extended_version'====== Args={'value': 'MPF-MC v0.54.0-dev.20 (config_version=5, BCP v1.1, Requires MPF v0.54.0-dev.68)', 'prev_value': None, 'change': True}
2020-10-04 22:07:32,428 : INFO : EventManager : Event: ======'machine_var_master_volume'====== Args={'value': 0.5, 'prev_value': None, 'change': True}
2020-10-04 22:07:32,430 : INFO : ball_device.bd_trough : State: idle
2020-10-04 22:07:32,457 : INFO : ball_device.bd_plunger : State: idle
2020-10-04 22:07:32,493 : INFO : EventManager : Event: ======'init_phase_3'====== Args={}
2020-10-04 22:07:32,506 : INFO : EventManager : Event: ======'init_phase_4'====== Args={}
2020-10-04 22:07:32,509 : INFO : EventManager : Event: ======'machine_var_audits_events_game_ended'====== Args={'value': 21, 'prev_value': None, 'change': True}
2020-10-04 22:07:32,510 : INFO : EventManager : Event: ======'machine_var_audits_events_game_started'====== Args={'value': 40, 'prev_value': None, 'change': True}
2020-10-04 22:07:32,510 : INFO : EventManager : Event: ======'machine_var_audits_player_score'====== Args={'value': {'average': 530.4761904761905, 'top': [2970, 1300, 1220, 980, 880, 780, 720, 710, 630, 590], 'total': 21}, 'prev_value': None, 'change': True}
2020-10-04 22:07:32,511 : INFO : EventManager : Event: ======'machine_var_audits_shots_soul_L'====== Args={'value': 217, 'prev_value': None, 'change': True}
2020-10-04 22:07:32,512 : INFO : EventManager : Event: ======'machine_var_audits_shots_soul_O'====== Args={'value': 223, 'prev_value': None, 'change': True}
2020-10-04 22:07:32,512 : INFO : EventManager : Event: ======'machine_var_audits_shots_soul_S'====== Args={'value': 254, 'prev_value': None, 'change': True}
2020-10-04 22:07:32,513 : INFO : EventManager : Event: ======'machine_var_audits_shots_soul_U'====== Args={'value': 219, 'prev_value': None, 'change': True}
2020-10-04 22:07:32,513 : INFO : EventManager : Event: ======'machine_var_audits_switches_s_coin'====== Args={'value': 20, 'prev_value': None, 'change': True}
2020-10-04 22:07:32,514 : INFO : EventManager : Event: ======'machine_var_audits_switches_s_dash_L'====== Args={'value': 0, 'prev_value': None, 'change': True}
2020-10-04 22:07:32,515 : INFO : EventManager : Event: ======'machine_var_audits_switches_s_dash_R'====== Args={'value': 0, 'prev_value': None, 'change': True}
2020-10-04 22:07:32,516 : INFO : EventManager : Event: ======'machine_var_audits_switches_s_dtSling_L'====== Args={'value': 0, 'prev_value': None, 'change': True}
2020-10-04 22:07:32,517 : INFO : EventManager : Event: ======'machine_var_audits_switches_s_dtSling_R'====== Args={'value': 0, 'prev_value': None, 'change': True}
2020-10-04 22:07:32,518 : INFO : EventManager : Event: ======'machine_var_audits_switches_s_dt_C'====== Args={'value': 74, 'prev_value': None, 'change': True}
2020-10-04 22:07:32,518 : INFO : EventManager : Event: ======'machine_var_audits_switches_s_dt_G'====== Args={'value': 21, 'prev_value': None, 'change': True}
2020-10-04 22:07:32,519 : INFO : EventManager : Event: ======'machine_var_audits_switches_s_dt_M'====== Args={'value': 19, 'prev_value': None, 'change': True}
2020-10-04 22:07:32,520 : INFO : EventManager : Event: ======'machine_var_audits_switches_s_dt_P'====== Args={'value': 57, 'prev_value': None, 'change': True}
2020-10-04 22:07:32,521 : INFO : EventManager : Event: ======'machine_var_audits_switches_s_dt_U'====== Args={'value': 65, 'prev_value': None, 'change': True}
2020-10-04 22:07:32,522 : INFO : EventManager : Event: ======'machine_var_audits_switches_s_dt_U2'====== Args={'value': 19, 'prev_value': None, 'change': True}
2020-10-04 22:07:32,523 : INFO : EventManager : Event: ======'machine_var_audits_switches_s_exit_shooter_lane'====== Args={'value': 357, 'prev_value': None, 'change': True}
2020-10-04 22:07:32,523 : INFO : EventManager : Event: ======'machine_var_audits_switches_s_inLane_L'====== Args={'value': 0, 'prev_value': None, 'change': True}
2020-10-04 22:07:32,524 : INFO : EventManager : Event: ======'machine_var_audits_switches_s_inLane_R'====== Args={'value': 0, 'prev_value': None, 'change': True}
2020-10-04 22:07:32,525 : INFO : EventManager : Event: ======'machine_var_audits_switches_s_kicker'====== Args={'value': 0, 'prev_value': None, 'change': True}
2020-10-04 22:07:32,526 : INFO : EventManager : Event: ======'machine_var_audits_switches_s_left_flipper'====== Args={'value': 151, 'prev_value': None, 'change': True}
2020-10-04 22:07:32,527 : INFO : EventManager : Event: ======'machine_var_audits_switches_s_midRight'====== Args={'value': 0, 'prev_value': None, 'change': True}
2020-10-04 22:07:32,528 : INFO : EventManager : Event: ======'machine_var_audits_switches_s_outLane_L'====== Args={'value': 0, 'prev_value': None, 'change': True}
2020-10-04 22:07:32,528 : INFO : EventManager : Event: ======'machine_var_audits_switches_s_outLane_R'====== Args={'value': 0, 'prev_value': None, 'change': True}
2020-10-04 22:07:32,529 : INFO : EventManager : Event: ======'machine_var_audits_switches_s_perdition'====== Args={'value': 0, 'prev_value': None, 'change': True}
2020-10-04 22:07:32,530 : INFO : EventManager : Event: ======'machine_var_audits_switches_s_playfield'====== Args={'value': 0, 'prev_value': None, 'change': True}
2020-10-04 22:07:32,531 : INFO : EventManager : Event: ======'machine_var_audits_switches_s_plunger'====== Args={'value': 571, 'prev_value': None, 'change': True}
2020-10-04 22:07:32,532 : INFO : EventManager : Event: ======'machine_var_audits_switches_s_popBumper_1'====== Args={'value': 464, 'prev_value': None, 'change': True}
2020-10-04 22:07:32,533 : INFO : EventManager : Event: ======'machine_var_audits_switches_s_popBumper_2'====== Args={'value': 440, 'prev_value': None, 'change': True}
2020-10-04 22:07:32,534 : INFO : EventManager : Event: ======'machine_var_audits_switches_s_popBumper_3'====== Args={'value': 164, 'prev_value': None, 'change': True}
2020-10-04 22:07:32,535 : INFO : EventManager : Event: ======'machine_var_audits_switches_s_pop_bumper1'====== Args={'value': 120, 'prev_value': None, 'change': True}
2020-10-04 22:07:32,536 : INFO : EventManager : Event: ======'machine_var_audits_switches_s_pop_bumper2'====== Args={'value': 153, 'prev_value': None, 'change': True}
2020-10-04 22:07:32,536 : INFO : EventManager : Event: ======'machine_var_audits_switches_s_pop_bumper3'====== Args={'value': 100, 'prev_value': None, 'change': True}
2020-10-04 22:07:32,537 : INFO : EventManager : Event: ======'machine_var_audits_switches_s_right_flipper'====== Args={'value': 216, 'prev_value': None, 'change': True}
2020-10-04 22:07:32,539 : INFO : EventManager : Event: ======'machine_var_audits_switches_s_sling_L'====== Args={'value': 0, 'prev_value': None, 'change': True}
2020-10-04 22:07:32,540 : INFO : EventManager : Event: ======'machine_var_audits_switches_s_sling_R'====== Args={'value': 0, 'prev_value': None, 'change': True}
2020-10-04 22:07:32,540 : INFO : EventManager : Event: ======'machine_var_audits_switches_s_soul_L'====== Args={'value': 218, 'prev_value': None, 'change': True}
2020-10-04 22:07:32,541 : INFO : EventManager : Event: ======'machine_var_audits_switches_s_soul_O'====== Args={'value': 228, 'prev_value': None, 'change': True}
2020-10-04 22:07:32,542 : INFO : EventManager : Event: ======'machine_var_audits_switches_s_soul_S'====== Args={'value': 254, 'prev_value': None, 'change': True}
2020-10-04 22:07:32,543 : INFO : EventManager : Event: ======'machine_var_audits_switches_s_soul_U'====== Args={'value': 219, 'prev_value': None, 'change': True}
2020-10-04 22:07:32,544 : INFO : EventManager : Event: ======'machine_var_audits_switches_s_standUp_1'====== Args={'value': 0, 'prev_value': None, 'change': True}
2020-10-04 22:07:32,545 : INFO : EventManager : Event: ======'machine_var_audits_switches_s_standUp_2'====== Args={'value': 0, 'prev_value': None, 'change': True}
2020-10-04 22:07:32,546 : INFO : EventManager : Event: ======'machine_var_audits_switches_s_standUp_3'====== Args={'value': 0, 'prev_value': None, 'change': True}
2020-10-04 22:07:32,547 : INFO : EventManager : Event: ======'machine_var_audits_switches_s_standUp_R'====== Args={'value': 0, 'prev_value': None, 'change': True}
2020-10-04 22:07:32,548 : INFO : EventManager : Event: ======'machine_var_audits_switches_s_star_1'====== Args={'value': 0, 'prev_value': None, 'change': True}
2020-10-04 22:07:32,549 : INFO : EventManager : Event: ======'machine_var_audits_switches_s_star_2'====== Args={'value': 0, 'prev_value': None, 'change': True}
2020-10-04 22:07:32,550 : INFO : EventManager : Event: ======'machine_var_audits_switches_s_star_3'====== Args={'value': 0, 'prev_value': None, 'change': True}
2020-10-04 22:07:32,551 : INFO : EventManager : Event: ======'machine_var_audits_switches_s_start'====== Args={'value': 68, 'prev_value': None, 'change': True}
2020-10-04 22:07:32,552 : INFO : EventManager : Event: ======'machine_var_audits_switches_s_tilt'====== Args={'value': 0, 'prev_value': None, 'change': True}
2020-10-04 22:07:32,553 : INFO : EventManager : Event: ======'machine_var_audits_switches_s_trough1'====== Args={'value': 511, 'prev_value': None, 'change': True}
2020-10-04 22:07:32,554 : INFO : EventManager : Event: ======'machine_var_audits_switches_s_trough2'====== Args={'value': 72, 'prev_value': None, 'change': True}
2020-10-04 22:07:32,555 : INFO : EventManager : Event: ======'machine_var_audits_switches_s_trough_jam'====== Args={'value': 13, 'prev_value': None, 'change': True}
2020-10-04 22:07:32,557 : INFO : EventManager : Event: ======'init_phase_5'====== Args={}
2020-10-04 22:07:32,585 : INFO : EventManager : Event: ======'init_done'====== Args={}
2020-10-04 22:07:32,602 : INFO : EventManager : Event: ======'machine_reset_phase_1'====== Args={}
2020-10-04 22:07:32,611 : INFO : EventManager : Event: ======'slide_welcome_slide_removed'====== Args={'_from_bcp': True}
2020-10-04 22:07:32,613 : INFO : EventManager : Event: ======'slide_welcome_slide_created'====== Args={'_from_bcp': True}
2020-10-04 22:07:32,615 : INFO : EventManager : Event: ======'machine_reset_phase_2'====== Args={}
2020-10-04 22:07:32,616 : INFO : EventManager : Event: ======'machine_reset_phase_3'====== Args={}
2020-10-04 22:07:32,616 : INFO : drop_target_bank.cup_bank : All targets are already up. Will not reset bank.
2020-10-04 22:07:32,616 : INFO : drop_target_bank.mug_bank : All targets are already up. Will not reset bank.
2020-10-04 22:07:32,617 : INFO : EventManager : Event: ======'reset_complete'====== Args={}
2020-10-04 22:07:32,617 : INFO : EventManager : Event: ======'mode_attract_will_start'====== Args={}
2020-10-04 22:07:32,618 : INFO : EventManager : Event: ======'mode_attract_starting'====== Args={}
2020-10-04 22:07:32,619 : INFO : Mode.attract : Started. Priority: 10
2020-10-04 22:07:32,619 : INFO : EventManager : Event: ======'modes_active_modes_changed'====== Args={}
2020-10-04 22:07:32,619 : INFO : EventManager : Event: ======'mode_attract_started'====== Args={}
2020-10-04 22:07:32,624 : INFO : EventManager : Event: ======'collecting_balls_complete'====== Args={}
2020-10-04 22:07:32,670 : INFO : EventManager : Event: ======'slide_welcome_slide_active'====== Args={'_from_bcp': True}
2020-10-04 22:07:32,671 : INFO : EventManager : Event: ======'slide_awesome_slide_created'====== Args={'_from_bcp': True}
2020-10-04 22:07:32,671 : INFO : EventManager : Event: ======'slide_awesome_slide_active'====== Args={'_from_bcp': True}
2020-10-04 22:07:32,672 : INFO : Machine : Starting the main run loop.
2020-10-04 22:07:32,693 : INFO : BcpServer : New client connected.
2020-10-04 22:07:33,579 : INFO : SwitchController : <<<<<<< 's_start' active >>>>>>>
2020-10-04 22:07:33,820 : INFO : SwitchController : <<<<<<< 's_start' inactive >>>>>>>
2020-10-04 22:07:33,820 : INFO : EventManager : Event: ======'request_to_start_game'====== Args={}
2020-10-04 22:07:33,822 : INFO : EventManager : Event: ======'game_start'====== Args={'buttons': [], 'hold_time': 0.25}
2020-10-04 22:07:33,823 : INFO : EventManager : Event: ======'mode_game_will_start'====== Args={'buttons': [], 'hold_time': 0.25}
2020-10-04 22:07:33,824 : INFO : EventManager : Event: ======'mode_game_starting'====== Args={'buttons': [], 'hold_time': 0.25}
2020-10-04 22:07:33,824 : INFO : EventManager : Event: ======'mode_attract_will_stop'====== Args={}
2020-10-04 22:07:33,825 : INFO : EventManager : Event: ======'mode_attract_stopping'====== Args={}
2020-10-04 22:07:33,826 : INFO : Mode.attract : Stopped.
2020-10-04 22:07:33,826 : INFO : EventManager : Event: ======'modes_active_modes_changed'====== Args={}
2020-10-04 22:07:33,828 : INFO : EventManager : Event: ======'mode_attract_stopped'====== Args={}
2020-10-04 22:07:33,828 : INFO : EventManager : Event: ======'clear'====== Args={'key': 'attract'}
2020-10-04 22:07:33,830 : INFO : Mode.game : Started. Priority: 20
2020-10-04 22:07:33,830 : INFO : EventManager : Event: ======'modes_active_modes_changed'====== Args={}
2020-10-04 22:07:33,830 : INFO : EventManager : Event: ======'mode_game_started'====== Args={'buttons': [], 'hold_time': 0.25}
2020-10-04 22:07:33,864 : INFO : EventManager : Event: ======'game_will_start'====== Args={}
2020-10-04 22:07:33,865 : INFO : EventManager : Event: ======'slide_awesome_slide_removed'====== Args={'_from_bcp': True}
2020-10-04 22:07:33,865 : INFO : EventManager : Event: ======'slide_welcome_slide_active'====== Args={'_from_bcp': True}
2020-10-04 22:07:33,876 : INFO : EventManager : Event: ======'game_starting'====== Args={'game': <Mode.game>}
2020-10-04 22:07:33,877 : INFO : EventManager : Event: ======'player_add_request'====== Args={}
2020-10-04 22:07:33,878 : INFO : EventManager : Event: ======'player_will_add'====== Args={'number': 1}
2020-10-04 22:07:33,879 : INFO : EventManager : Event: ======'player_adding'====== Args={'player': <Player 1>, 'number': 1}
2020-10-04 22:07:33,880 : INFO : EventManager : Event: ======'player_added'====== Args={'player': <Player 1>, 'num': 1}
2020-10-04 22:07:33,880 : INFO : Mode.game : Player added successfully. Total players: 1
2020-10-04 22:07:33,881 : INFO : EventManager : Event: ======'player_index'====== Args={'value': 0, 'prev_value': 0, 'change': 0, 'player_num': 1}
2020-10-04 22:07:33,882 : INFO : EventManager : Event: ======'player_number'====== Args={'value': 1, 'prev_value': 1, 'change': 0, 'player_num': 1}
2020-10-04 22:07:33,883 : INFO : EventManager : Event: ======'player_bonus_multiplier'====== Args={'value': 1, 'prev_value': 1, 'change': 0, 'player_num': 1}
2020-10-04 22:07:33,884 : INFO : EventManager : Event: ======'player_contracts'====== Args={'value': 0, 'prev_value': 0, 'change': 0, 'player_num': 1}
2020-10-04 22:07:33,884 : INFO : EventManager : Event: ======'player_score'====== Args={'value': 0, 'prev_value': 0, 'change': 0, 'player_num': 1}
2020-10-04 22:07:33,887 : INFO : EventManager : Event: ======'game_started'====== Args={}
2020-10-04 22:07:33,914 : INFO : EventManager : Event: ======'player_turn_will_start'====== Args={'player': <Player 1>, 'number': 1}
2020-10-04 22:07:33,915 : INFO : EventManager : Event: ======'player_turn_starting'====== Args={'player': <Player 1>, 'number': 1}
2020-10-04 22:07:33,916 : INFO : EventManager : Event: ======'player_ball'====== Args={'value': 1, 'prev_value': 0, 'change': 1, 'player_num': 1}
2020-10-04 22:07:33,917 : INFO : EventManager : Event: ======'player_turn_started'====== Args={'player': <Player 1>, 'number': 1}
2020-10-04 22:07:33,918 : INFO : EventManager : Event: ======'ball_will_start'====== Args={'player': 1, 'ball': 1, 'balls_remaining': 4, 'is_extra_ball': False}
2020-10-04 22:07:33,940 : INFO : EventManager : Event: ======'ball_starting'====== Args={'player': 1, 'ball': 1, 'balls_remaining': 4, 'is_extra_ball': False}
2020-10-04 22:07:33,941 : INFO : EventManager : Event: ======'mode_base_will_start'====== Args={'queue': <QueuedEvent>, 'player': 1, 'ball': 1, 'balls_remaining': 4, 'is_extra_ball': False}
2020-10-04 22:07:33,947 : INFO : EventManager : Event: ======'mode_base_starting'====== Args={'queue': <QueuedEvent>, 'player': 1, 'ball': 1, 'balls_remaining': 4, 'is_extra_ball': False}
2020-10-04 22:07:33,948 : INFO : drop_target_bank.cup_bank : All targets are already up. Will not reset bank.
2020-10-04 22:07:33,948 : INFO : drop_target_bank.mug_bank : All targets are already up. Will not reset bank.
2020-10-04 22:07:33,949 : INFO : EventManager : Event: ======'balls_in_play'====== Args={'balls': 1}
2020-10-04 22:07:33,949 : INFO : EventManager : Event: ======'ball_started'====== Args={'player': 1, 'ball': 1, 'balls_remaining': 4, 'is_extra_ball': False}
2020-10-04 22:07:33,951 : INFO : EventManager : Event: ======'logicblock_bonus_updated'====== Args={'value': 0, 'enabled': True}
2020-10-04 22:07:33,952 : INFO : EventManager : Event: ======'logicblock_bonus_updated'====== Args={'value': 0, 'enabled': True}
2020-10-04 22:07:33,952 : INFO : Mode.base : Started. Priority: 100
2020-10-04 22:07:33,952 : INFO : EventManager : Event: ======'modes_active_modes_changed'====== Args={}
2020-10-04 22:07:33,953 : INFO : EventManager : Event: ======'mode_base_started'====== Args={'queue': <QueuedEvent>, 'player': 1, 'ball': 1, 'balls_remaining': 4, 'is_extra_ball': False}
2020-10-04 22:07:33,958 : INFO : EventManager : Event: ======'mode_soulLanes_will_start'====== Args={'player': 1, 'ball': 1, 'balls_remaining': 4, 'is_extra_ball': False}
2020-10-04 22:07:33,959 : INFO : EventManager : Event: ======'player_shot_soul_S_enabled'====== Args={'value': True, 'prev_value': 0, 'change': 1, 'player_num': 1}
2020-10-04 22:07:33,960 : INFO : EventManager : Event: ======'player_shot_soul_O_enabled'====== Args={'value': True, 'prev_value': 0, 'change': 1, 'player_num': 1}
2020-10-04 22:07:33,961 : INFO : EventManager : Event: ======'player_shot_soul_U_enabled'====== Args={'value': True, 'prev_value': 0, 'change': 1, 'player_num': 1}
2020-10-04 22:07:33,969 : INFO : EventManager : Event: ======'player_shot_soul_L_enabled'====== Args={'value': True, 'prev_value': 0, 'change': 1, 'player_num': 1}
2020-10-04 22:07:33,971 : INFO : EventManager : Event: ======'soul_lanes_complete'====== Args={'state': 'unlit'}
2020-10-04 22:07:33,972 : INFO : EventManager : Event: ======'soul_lanes_unlit_complete'====== Args={}
2020-10-04 22:07:33,980 : INFO : EventManager : Event: ======'mode_soulLanes_starting'====== Args={'player': 1, 'ball': 1, 'balls_remaining': 4, 'is_extra_ball': False}
2020-10-04 22:07:33,989 : INFO : EventManager : Event: ======'logicblock_soul_complete_count_updated'====== Args={'value': 1, 'enabled': True}
2020-10-04 22:07:33,990 : INFO : EventManager : Event: ======'logicblock_soul_complete_count_updated'====== Args={'value': 1, 'enabled': True}
2020-10-04 22:07:33,990 : INFO : Mode.soulLanes : Started. Priority: 110
2020-10-04 22:07:33,991 : INFO : EventManager : Event: ======'modes_active_modes_changed'====== Args={}
2020-10-04 22:07:33,991 : INFO : EventManager : Event: ======'mode_soulLanes_started'====== Args={'player': 1, 'ball': 1, 'balls_remaining': 4, 'is_extra_ball': False}
2020-10-04 22:07:33,993 : INFO : EventManager : Event: ======'single_player_ball_started'====== Args={}
2020-10-04 22:07:34,086 : INFO : ball_device.bd_plunger : Setting up player-controlled eject. Balls: 1, Target: <playfield.playfield>, player_controlled_eject_event: None
2020-10-04 22:07:34,089 : INFO : EventManager : Event: ======'balldevice_balls_available'====== Args={}
2020-10-04 22:07:34,167 : INFO : EventManager : Event: ======'slide_base.slide_player-mode_base_started_created'====== Args={'_from_bcp': True}
2020-10-04 22:07:34,167 : INFO : EventManager : Event: ======'slide_base.slide_player-mode_base_started_active'====== Args={'_from_bcp': True}
2020-10-04 22:07:34,169 : INFO : ball_device.bd_trough : State: waiting_for_target_ready
2020-10-04 22:07:34,170 : INFO : EventManager : Event: ======'balldevice_bd_trough_ball_eject_attempt'====== Args={'balls': 1, 'target': <ball_device.bd_plunger>, 'source': <ball_device.bd_trough>, 'mechanical_eject': True, 'num_attempts': 0}
2020-10-04 22:07:34,171 : INFO : ball_device.bd_plunger : State: waiting_for_ball
2020-10-04 22:07:34,173 : INFO : ball_device.bd_trough : State: ejecting
2020-10-04 22:07:34,174 : INFO : ball_device.bd_trough : Ejecting ball to <ball_device.bd_plunger>
2020-10-04 22:07:34,174 : INFO : EventManager : Event: ======'balldevice_bd_trough_ejecting_ball'====== Args={'balls': 1, 'target': <ball_device.bd_plunger>, 'source': <ball_device.bd_trough>, 'mechanical_eject': True, 'num_attempts': 0}
2020-10-04 22:07:34,177 : INFO : ball_device.bd_trough : Wait for ball to leave device
2020-10-04 22:07:34,178 : INFO : coil.c_trough_eject : Pulsing Driver for 20ms (1.0 pulse_power)
2020-10-04 22:07:34,178 : INFO : SwitchController : <<<<<<< 's_trough1' inactive >>>>>>>
2020-10-04 22:07:34,197 : INFO : ball_device.bd_trough : State: ball_left
2020-10-04 22:07:34,198 : INFO : ball_device.bd_trough : Ball left
2020-10-04 22:07:34,198 : INFO : ball_device.bd_trough : Wait for confirm with timeout 10.0
2020-10-04 22:07:34,279 : INFO : SwitchController : <<<<<<< 's_plunger' active >>>>>>>
2020-10-04 22:07:34,279 : INFO : EventManager : Event: ======'machine_var_audits_switches_s_plunger'====== Args={'value': 572, 'prev_value': 571, 'change': 1}
2020-10-04 22:07:34,769 : INFO : ball_device.bd_plunger : Received ball from <ball_device.bd_trough>
2020-10-04 22:07:34,770 : INFO : EventManager : Event: ======'balldevice_bd_plunger_ball_enter'====== Args={'new_balls': 1, 'unclaimed_balls': 0, 'new_available_balls': 0, 'device': <ball_device.bd_plunger>}
2020-10-04 22:07:34,771 : INFO : EventManager : Event: ======'balldevice_bd_plunger_ball_entered'====== Args={'new_balls': 0, 'device': <ball_device.bd_plunger>}
2020-10-04 22:07:34,772 : INFO : EventManager : Event: ======'balldevice_bd_plunger_ball_count_changed'====== Args={'balls': 1}
2020-10-04 22:07:34,773 : INFO : ball_device.bd_trough : Got eject confirm
2020-10-04 22:07:34,773 : INFO : ball_device.bd_trough : Eject successful
2020-10-04 22:07:34,773 : INFO : EventManager : Event: ======'balldevice_bd_trough_ball_eject_success'====== Args={'balls': 1, 'target': <ball_device.bd_plunger>}
2020-10-04 22:07:34,774 : INFO : EventManager : Event: ======'balldevice_bd_trough_ball_count_changed'====== Args={'balls': 1}
2020-10-04 22:07:34,775 : INFO : ball_device.bd_trough : State: idle
2020-10-04 22:07:34,776 : INFO : ball_device.bd_plunger : State: waiting_for_target_ready
2020-10-04 22:07:34,776 : INFO : EventManager : Event: ======'balldevice_bd_plunger_ball_eject_attempt'====== Args={'balls': 1, 'target': <playfield.playfield>, 'source': <ball_device.bd_plunger>, 'mechanical_eject': True, 'num_attempts': 0}
2020-10-04 22:07:34,778 : INFO : ball_device.bd_plunger : State: ejecting
2020-10-04 22:07:34,778 : INFO : ball_device.bd_plunger : Ejecting ball to <playfield.playfield>
2020-10-04 22:07:34,779 : INFO : EventManager : Event: ======'balldevice_bd_plunger_ejecting_ball'====== Args={'balls': 1, 'target': <playfield.playfield>, 'source': <ball_device.bd_plunger>, 'mechanical_eject': True, 'num_attempts': 0}
2020-10-04 22:07:34,781 : INFO : ball_device.bd_plunger : Wait for ball to leave device
2020-10-04 22:07:41,219 : INFO : SwitchController : <<<<<<< 's_dt_C' active >>>>>>>
2020-10-04 22:07:41,219 : INFO : EventManager : Event: ======'s_dt_C_active'====== Args={}
2020-10-04 22:07:41,220 : INFO : EventManager : Event: ======'playfield_active'====== Args={}
2020-10-04 22:07:41,221 : INFO : EventManager : Event: ======'drop_target_cup_C_down'====== Args={'device': <drop_target.cup_C>}
2020-10-04 22:07:41,223 : INFO : EventManager : Event: ======'drop_target_bank_cup_bank_mixed'====== Args={'down': 1}
2020-10-04 22:07:41,223 : INFO : EventManager : Event: ======'machine_var_audits_switches_s_dt_C'====== Args={'value': 75, 'prev_value': 74, 'change': 1}
2020-10-04 22:07:41,231 : INFO : EventManager : Event: ======'player_score'====== Args={'value': 100, 'prev_value': 0, 'change': 100, 'player_num': 1}
2020-10-04 22:07:42,649 : INFO : SwitchController : <<<<<<< 's_dt_U' active >>>>>>>
2020-10-04 22:07:42,649 : INFO : EventManager : Event: ======'s_dt_U_active'====== Args={}
2020-10-04 22:07:42,650 : INFO : EventManager : Event: ======'playfield_active'====== Args={}
2020-10-04 22:07:42,651 : INFO : EventManager : Event: ======'drop_target_cup_U_down'====== Args={'device': <drop_target.cup_U>}
2020-10-04 22:07:42,653 : INFO : EventManager : Event: ======'drop_target_bank_cup_bank_mixed'====== Args={'down': 2}
2020-10-04 22:07:42,654 : INFO : EventManager : Event: ======'machine_var_audits_switches_s_dt_U'====== Args={'value': 66, 'prev_value': 65, 'change': 1}
2020-10-04 22:07:42,656 : INFO : EventManager : Event: ======'player_score'====== Args={'value': 200, 'prev_value': 100, 'change': 100, 'player_num': 1}
2020-10-04 22:07:44,410 : INFO : SwitchController : <<<<<<< 's_dt_P' active >>>>>>>
2020-10-04 22:07:44,410 : INFO : EventManager : Event: ======'s_dt_P_active'====== Args={}
2020-10-04 22:07:44,411 : INFO : EventManager : Event: ======'playfield_active'====== Args={}
2020-10-04 22:07:44,411 : INFO : EventManager : Event: ======'drop_target_cup_P_down'====== Args={'device': <drop_target.cup_P>}
2020-10-04 22:07:44,413 : INFO : EventManager : Event: ======'drop_target_bank_cup_bank_down'====== Args={}
2020-10-04 22:07:44,414 : INFO : EventManager : Event: ======'machine_var_audits_switches_s_dt_P'====== Args={'value': 58, 'prev_value': 57, 'change': 1}
2020-10-04 22:07:44,416 : INFO : EventManager : Event: ======'player_score'====== Args={'value': 300, 'prev_value': 200, 'change': 100, 'player_num': 1}
2020-10-04 22:07:44,428 : INFO : EventManager : Event: ======'player_score'====== Args={'value': 633, 'prev_value': 300, 'change': 333, 'player_num': 1}
2020-10-04 22:07:44,429 : INFO : EventManager : Event: ======'player_contracts'====== Args={'value': 1, 'prev_value': 0, 'change': 1, 'player_num': 1}
2020-10-04 22:07:44,430 : INFO : EventManager : Event: ======'logicblock_bonus_updated'====== Args={'value': 1, 'enabled': True}
2020-10-04 22:07:44,431 : INFO : EventManager : Event: ======'bank_done'====== Args={'count': 1, 'remaining': 9}
2020-10-04 22:07:44,432 : INFO : drop_target_bank.cup_bank : 3 targets are down. Will reset those.
2020-10-04 22:07:44,433 : INFO : coil.c_dt_reset_CUP : Pulsing Driver for 10ms (1.0 pulse_power)
2020-10-04 22:07:44,476 : INFO : SwitchController : <<<<<<< 's_dt_C' inactive >>>>>>>
2020-10-04 22:07:44,477 : INFO : SwitchController : <<<<<<< 's_dt_U' inactive >>>>>>>
2020-10-04 22:07:44,477 : INFO : SwitchController : <<<<<<< 's_dt_P' inactive >>>>>>>
2020-10-04 22:07:44,922 : INFO : drop_target_bank.cup_bank : 3 targets are down. Will reset those.
2020-10-04 22:07:44,922 : INFO : coil.c_dt_reset_CUP : Pulsing Driver for 10ms (1.0 pulse_power)
2020-10-04 22:07:44,923 : INFO : EventManager : Event: ======'drop_target_cup_P_up'====== Args={'device': <drop_target.cup_P>}
2020-10-04 22:07:44,924 : INFO : EventManager : Event: ======'drop_target_cup_U_up'====== Args={'device': <drop_target.cup_U>}
2020-10-04 22:07:44,924 : INFO : EventManager : Event: ======'drop_target_cup_C_up'====== Args={'device': <drop_target.cup_C>}
2020-10-04 22:07:44,970 : WARNING : SwitchController : Received duplicate switch state 0 for switch s_dt_C from the platform interface. Log Code: Log-SwitchController-1 (https://docs.missionpinball.org/en/dev/logs/Log-SwitchController-1.html)
2020-10-04 22:07:44,970 : WARNING : SwitchController : Received duplicate switch state 0 for switch s_dt_U from the platform interface. Log Code: Log-SwitchController-1 (https://docs.missionpinball.org/en/dev/logs/Log-SwitchController-1.html)
2020-10-04 22:07:44,970 : WARNING : SwitchController : Received duplicate switch state 0 for switch s_dt_P from the platform interface. Log Code: Log-SwitchController-1 (https://docs.missionpinball.org/en/dev/logs/Log-SwitchController-1.html)
2020-10-04 22:07:45,419 : INFO : EventManager : Event: ======'restore'====== Args={}
2020-10-04 22:07:45,420 : INFO : EventManager : Event: ======'drop_target_bank_cup_bank_up'====== Args={}
2020-10-04 22:07:46,809 : INFO : SwitchController : <<<<<<< 's_dt_M' active >>>>>>>
2020-10-04 22:07:46,810 : INFO : EventManager : Event: ======'s_dt_M_active'====== Args={}
2020-10-04 22:07:46,810 : INFO : EventManager : Event: ======'playfield_active'====== Args={}
2020-10-04 22:07:46,811 : INFO : EventManager : Event: ======'drop_target_mug_M_down'====== Args={'device': <drop_target.mug_M>}
2020-10-04 22:07:46,812 : INFO : EventManager : Event: ======'drop_target_bank_mug_bank_mixed'====== Args={'down': 1}
2020-10-04 22:07:46,813 : INFO : EventManager : Event: ======'machine_var_audits_switches_s_dt_M'====== Args={'value': 20, 'prev_value': 19, 'change': 1}
2020-10-04 22:07:46,819 : INFO : EventManager : Event: ======'player_score'====== Args={'value': 733, 'prev_value': 633, 'change': 100, 'player_num': 1}
2020-10-04 22:07:48,316 : INFO : SwitchController : <<<<<<< 's_dt_U2' active >>>>>>>
2020-10-04 22:07:48,317 : INFO : EventManager : Event: ======'s_dt_U2_active'====== Args={}
2020-10-04 22:07:48,318 : INFO : EventManager : Event: ======'playfield_active'====== Args={}
2020-10-04 22:07:48,319 : INFO : EventManager : Event: ======'drop_target_mug_U_down'====== Args={'device': <drop_target.mug_U>}
2020-10-04 22:07:48,321 : INFO : EventManager : Event: ======'drop_target_bank_mug_bank_mixed'====== Args={'down': 2}
2020-10-04 22:07:48,321 : INFO : EventManager : Event: ======'machine_var_audits_switches_s_dt_U2'====== Args={'value': 20, 'prev_value': 19, 'change': 1}
2020-10-04 22:07:48,328 : INFO : EventManager : Event: ======'player_score'====== Args={'value': 833, 'prev_value': 733, 'change': 100, 'player_num': 1}
2020-10-04 22:07:50,207 : INFO : SwitchController : <<<<<<< 's_dt_G' active >>>>>>>
2020-10-04 22:07:50,207 : INFO : EventManager : Event: ======'s_dt_G_active'====== Args={}
2020-10-04 22:07:50,208 : INFO : EventManager : Event: ======'playfield_active'====== Args={}
2020-10-04 22:07:50,209 : INFO : EventManager : Event: ======'drop_target_mug_G_down'====== Args={'device': <drop_target.mug_G>}
2020-10-04 22:07:50,211 : INFO : EventManager : Event: ======'drop_target_bank_mug_bank_down'====== Args={}
2020-10-04 22:07:50,212 : INFO : EventManager : Event: ======'machine_var_audits_switches_s_dt_G'====== Args={'value': 22, 'prev_value': 21, 'change': 1}
2020-10-04 22:07:50,219 : INFO : EventManager : Event: ======'player_score'====== Args={'value': 933, 'prev_value': 833, 'change': 100, 'player_num': 1}
2020-10-04 22:07:50,224 : INFO : EventManager : Event: ======'player_score'====== Args={'value': 1821, 'prev_value': 933, 'change': 888, 'player_num': 1}
2020-10-04 22:07:50,229 : INFO : EventManager : Event: ======'player_contracts'====== Args={'value': 2, 'prev_value': 1, 'change': 1, 'player_num': 1}
2020-10-04 22:07:50,232 : INFO : EventManager : Event: ======'logicblock_bonus_updated'====== Args={'value': 2, 'enabled': True}
2020-10-04 22:07:50,232 : INFO : EventManager : Event: ======'bank_done'====== Args={'count': 2, 'remaining': 8}
2020-10-04 22:07:50,234 : INFO : drop_target_bank.mug_bank : 3 targets are down. Will reset those.
2020-10-04 22:07:50,235 : INFO : coil.c_dt_reset_MUG : Pulsing Driver for 10ms (1.0 pulse_power)
2020-10-04 22:07:50,281 : INFO : SwitchController : <<<<<<< 's_dt_M' inactive >>>>>>>
2020-10-04 22:07:50,282 : INFO : SwitchController : <<<<<<< 's_dt_U2' inactive >>>>>>>
2020-10-04 22:07:50,282 : INFO : SwitchController : <<<<<<< 's_dt_G' inactive >>>>>>>
2020-10-04 22:07:50,705 : INFO : drop_target_bank.mug_bank : 3 targets are down. Will reset those.
2020-10-04 22:07:50,706 : INFO : coil.c_dt_reset_MUG : Pulsing Driver for 10ms (1.0 pulse_power)
2020-10-04 22:07:50,724 : INFO : EventManager : Event: ======'drop_target_mug_M_up'====== Args={'device': <drop_target.mug_M>}
2020-10-04 22:07:50,725 : INFO : EventManager : Event: ======'drop_target_mug_U_up'====== Args={'device': <drop_target.mug_U>}
2020-10-04 22:07:50,726 : INFO : EventManager : Event: ======'drop_target_mug_G_up'====== Args={'device': <drop_target.mug_G>}
2020-10-04 22:07:50,766 : WARNING : SwitchController : Received duplicate switch state 0 for switch s_dt_M from the platform interface. Log Code: Log-SwitchController-1 (https://docs.missionpinball.org/en/dev/logs/Log-SwitchController-1.html)
2020-10-04 22:07:50,766 : WARNING : SwitchController : Received duplicate switch state 0 for switch s_dt_U2 from the platform interface. Log Code: Log-SwitchController-1 (https://docs.missionpinball.org/en/dev/logs/Log-SwitchController-1.html)
2020-10-04 22:07:50,766 : WARNING : SwitchController : Received duplicate switch state 0 for switch s_dt_G from the platform interface. Log Code: Log-SwitchController-1 (https://docs.missionpinball.org/en/dev/logs/Log-SwitchController-1.html)
2020-10-04 22:07:51,206 : INFO : EventManager : Event: ======'restore'====== Args={}
2020-10-04 22:07:51,209 : INFO : EventManager : Event: ======'drop_target_bank_mug_bank_up'====== Args={}
2020-10-04 22:07:51,982 : INFO : SwitchController : <<<<<<< 's_dt_G' active >>>>>>>
2020-10-04 22:07:51,983 : INFO : EventManager : Event: ======'s_dt_G_active'====== Args={}
2020-10-04 22:07:51,985 : INFO : EventManager : Event: ======'playfield_active'====== Args={}
2020-10-04 22:07:51,988 : INFO : EventManager : Event: ======'drop_target_mug_G_down'====== Args={'device': <drop_target.mug_G>}
2020-10-04 22:07:51,990 : INFO : EventManager : Event: ======'drop_target_bank_mug_bank_mixed'====== Args={'down': 1}
2020-10-04 22:07:51,991 : INFO : EventManager : Event: ======'machine_var_audits_switches_s_dt_G'====== Args={'value': 23, 'prev_value': 22, 'change': 1}
2020-10-04 22:07:51,992 : INFO : EventManager : Event: ======'player_score'====== Args={'value': 1921, 'prev_value': 1821, 'change': 100, 'player_num': 1}
2020-10-04 22:07:56,373 : INFO : SwitchController : <<<<<<< 's_dt_U2' active >>>>>>>
2020-10-04 22:07:56,374 : INFO : EventManager : Event: ======'s_dt_U2_active'====== Args={}
2020-10-04 22:07:56,375 : INFO : EventManager : Event: ======'playfield_active'====== Args={}
2020-10-04 22:07:56,376 : INFO : EventManager : Event: ======'drop_target_mug_U_down'====== Args={'device': <drop_target.mug_U>}
2020-10-04 22:07:56,378 : INFO : EventManager : Event: ======'drop_target_bank_mug_bank_mixed'====== Args={'down': 2}
2020-10-04 22:07:56,379 : INFO : EventManager : Event: ======'machine_var_audits_switches_s_dt_U2'====== Args={'value': 21, 'prev_value': 20, 'change': 1}
2020-10-04 22:07:56,386 : INFO : EventManager : Event: ======'player_score'====== Args={'value': 2021, 'prev_value': 1921, 'change': 100, 'player_num': 1}
2020-10-04 22:07:58,269 : INFO : SwitchController : <<<<<<< 's_dt_M' active >>>>>>>
2020-10-04 22:07:58,270 : INFO : EventManager : Event: ======'s_dt_M_active'====== Args={}
2020-10-04 22:07:58,270 : INFO : EventManager : Event: ======'playfield_active'====== Args={}
2020-10-04 22:07:58,271 : INFO : EventManager : Event: ======'drop_target_mug_M_down'====== Args={'device': <drop_target.mug_M>}
2020-10-04 22:07:58,274 : INFO : EventManager : Event: ======'drop_target_bank_mug_bank_down'====== Args={}
2020-10-04 22:07:58,275 : INFO : EventManager : Event: ======'machine_var_audits_switches_s_dt_M'====== Args={'value': 21, 'prev_value': 20, 'change': 1}
2020-10-04 22:07:58,277 : INFO : EventManager : Event: ======'player_score'====== Args={'value': 2121, 'prev_value': 2021, 'change': 100, 'player_num': 1}
2020-10-04 22:07:58,291 : INFO : EventManager : Event: ======'player_score'====== Args={'value': 3009, 'prev_value': 2121, 'change': 888, 'player_num': 1}
2020-10-04 22:07:58,293 : INFO : EventManager : Event: ======'player_contracts'====== Args={'value': 3, 'prev_value': 2, 'change': 1, 'player_num': 1}
2020-10-04 22:07:58,294 : INFO : EventManager : Event: ======'logicblock_bonus_updated'====== Args={'value': 3, 'enabled': True}
2020-10-04 22:07:58,294 : INFO : EventManager : Event: ======'bank_done'====== Args={'count': 3, 'remaining': 7}
2020-10-04 22:07:58,297 : INFO : drop_target_bank.mug_bank : 3 targets are down. Will reset those.
2020-10-04 22:07:58,298 : INFO : coil.c_dt_reset_MUG : Pulsing Driver for 10ms (1.0 pulse_power)
2020-10-04 22:07:58,342 : INFO : SwitchController : <<<<<<< 's_dt_M' inactive >>>>>>>
2020-10-04 22:07:58,343 : INFO : SwitchController : <<<<<<< 's_dt_U2' inactive >>>>>>>
2020-10-04 22:07:58,343 : INFO : SwitchController : <<<<<<< 's_dt_G' inactive >>>>>>>
2020-10-04 22:07:58,771 : INFO : drop_target_bank.mug_bank : 3 targets are down. Will reset those.
2020-10-04 22:07:58,771 : INFO : coil.c_dt_reset_MUG : Pulsing Driver for 10ms (1.0 pulse_power)
2020-10-04 22:07:58,788 : INFO : EventManager : Event: ======'drop_target_mug_M_up'====== Args={'device': <drop_target.mug_M>}
2020-10-04 22:07:58,789 : INFO : EventManager : Event: ======'drop_target_mug_U_up'====== Args={'device': <drop_target.mug_U>}
2020-10-04 22:07:58,789 : INFO : EventManager : Event: ======'drop_target_mug_G_up'====== Args={'device': <drop_target.mug_G>}
2020-10-04 22:07:58,828 : WARNING : SwitchController : Received duplicate switch state 0 for switch s_dt_M from the platform interface. Log Code: Log-SwitchController-1 (https://docs.missionpinball.org/en/dev/logs/Log-SwitchController-1.html)
2020-10-04 22:07:58,828 : WARNING : SwitchController : Received duplicate switch state 0 for switch s_dt_U2 from the platform interface. Log Code: Log-SwitchController-1 (https://docs.missionpinball.org/en/dev/logs/Log-SwitchController-1.html)
2020-10-04 22:07:58,828 : WARNING : SwitchController : Received duplicate switch state 0 for switch s_dt_G from the platform interface. Log Code: Log-SwitchController-1 (https://docs.missionpinball.org/en/dev/logs/Log-SwitchController-1.html)
2020-10-04 22:07:59,271 : INFO : EventManager : Event: ======'restore'====== Args={}
2020-10-04 22:07:59,273 : INFO : EventManager : Event: ======'drop_target_bank_mug_bank_up'====== Args={}
2020-10-04 22:08:02,366 : INFO : SwitchController : <<<<<<< 's_dt_P' active >>>>>>>
2020-10-04 22:08:02,367 : INFO : EventManager : Event: ======'s_dt_P_active'====== Args={}
2020-10-04 22:08:02,368 : INFO : EventManager : Event: ======'playfield_active'====== Args={}
2020-10-04 22:08:02,369 : INFO : EventManager : Event: ======'drop_target_cup_P_down'====== Args={'device': <drop_target.cup_P>}
2020-10-04 22:08:02,371 : INFO : EventManager : Event: ======'drop_target_bank_cup_bank_mixed'====== Args={'down': 1}
2020-10-04 22:08:02,372 : INFO : EventManager : Event: ======'machine_var_audits_switches_s_dt_P'====== Args={'value': 59, 'prev_value': 58, 'change': 1}
2020-10-04 22:08:02,379 : INFO : EventManager : Event: ======'player_score'====== Args={'value': 3109, 'prev_value': 3009, 'change': 100, 'player_num': 1}
2020-10-04 22:08:04,171 : INFO : SwitchController : <<<<<<< 's_dt_U' active >>>>>>>
2020-10-04 22:08:04,171 : INFO : EventManager : Event: ======'s_dt_U_active'====== Args={}
2020-10-04 22:08:04,172 : INFO : EventManager : Event: ======'playfield_active'====== Args={}
2020-10-04 22:08:04,173 : INFO : EventManager : Event: ======'drop_target_cup_U_down'====== Args={'device': <drop_target.cup_U>}
2020-10-04 22:08:04,175 : INFO : EventManager : Event: ======'drop_target_bank_cup_bank_mixed'====== Args={'down': 2}
2020-10-04 22:08:04,175 : INFO : EventManager : Event: ======'machine_var_audits_switches_s_dt_U'====== Args={'value': 67, 'prev_value': 66, 'change': 1}
2020-10-04 22:08:04,178 : INFO : EventManager : Event: ======'player_score'====== Args={'value': 3209, 'prev_value': 3109, 'change': 100, 'player_num': 1}
2020-10-04 22:08:06,453 : INFO : SwitchController : <<<<<<< 's_dt_C' active >>>>>>>
2020-10-04 22:08:06,453 : INFO : EventManager : Event: ======'s_dt_C_active'====== Args={}
2020-10-04 22:08:06,454 : INFO : EventManager : Event: ======'playfield_active'====== Args={}
2020-10-04 22:08:06,455 : INFO : EventManager : Event: ======'drop_target_cup_C_down'====== Args={'device': <drop_target.cup_C>}
2020-10-04 22:08:06,458 : INFO : EventManager : Event: ======'drop_target_bank_cup_bank_down'====== Args={}
2020-10-04 22:08:06,459 : INFO : EventManager : Event: ======'machine_var_audits_switches_s_dt_C'====== Args={'value': 76, 'prev_value': 75, 'change': 1}
2020-10-04 22:08:06,460 : INFO : EventManager : Event: ======'player_score'====== Args={'value': 3309, 'prev_value': 3209, 'change': 100, 'player_num': 1}
2020-10-04 22:08:06,461 : INFO : EventManager : Event: ======'player_score'====== Args={'value': 3642, 'prev_value': 3309, 'change': 333, 'player_num': 1}
2020-10-04 22:08:06,461 : INFO : EventManager : Event: ======'player_contracts'====== Args={'value': 4, 'prev_value': 3, 'change': 1, 'player_num': 1}
2020-10-04 22:08:06,462 : INFO : EventManager : Event: ======'logicblock_bonus_updated'====== Args={'value': 4, 'enabled': True}
2020-10-04 22:08:06,463 : INFO : EventManager : Event: ======'bank_done'====== Args={'count': 4, 'remaining': 6}
2020-10-04 22:08:06,465 : INFO : drop_target_bank.cup_bank : 3 targets are down. Will reset those.
2020-10-04 22:08:06,465 : INFO : coil.c_dt_reset_CUP : Pulsing Driver for 10ms (1.0 pulse_power)
2020-10-04 22:08:06,514 : INFO : SwitchController : <<<<<<< 's_dt_C' inactive >>>>>>>
2020-10-04 22:08:06,515 : INFO : SwitchController : <<<<<<< 's_dt_U' inactive >>>>>>>
2020-10-04 22:08:06,515 : INFO : SwitchController : <<<<<<< 's_dt_P' inactive >>>>>>>
2020-10-04 22:08:06,968 : INFO : drop_target_bank.cup_bank : 3 targets are down. Will reset those.
2020-10-04 22:08:06,969 : INFO : coil.c_dt_reset_CUP : Pulsing Driver for 10ms (1.0 pulse_power)
2020-10-04 22:08:06,969 : INFO : EventManager : Event: ======'drop_target_cup_C_up'====== Args={'device': <drop_target.cup_C>}
2020-10-04 22:08:06,970 : INFO : EventManager : Event: ======'drop_target_cup_U_up'====== Args={'device': <drop_target.cup_U>}
2020-10-04 22:08:06,970 : INFO : EventManager : Event: ======'drop_target_cup_P_up'====== Args={'device': <drop_target.cup_P>}
2020-10-04 22:08:07,011 : WARNING : SwitchController : Received duplicate switch state 0 for switch s_dt_C from the platform interface. Log Code: Log-SwitchController-1 (https://docs.missionpinball.org/en/dev/logs/Log-SwitchController-1.html)
2020-10-04 22:08:07,011 : WARNING : SwitchController : Received duplicate switch state 0 for switch s_dt_U from the platform interface. Log Code: Log-SwitchController-1 (https://docs.missionpinball.org/en/dev/logs/Log-SwitchController-1.html)
2020-10-04 22:08:07,011 : WARNING : SwitchController : Received duplicate switch state 0 for switch s_dt_P from the platform interface. Log Code: Log-SwitchController-1 (https://docs.missionpinball.org/en/dev/logs/Log-SwitchController-1.html)
2020-10-04 22:08:07,463 : INFO : EventManager : Event: ======'restore'====== Args={}
2020-10-04 22:08:07,465 : INFO : EventManager : Event: ======'drop_target_bank_cup_bank_up'====== Args={}
2020-10-04 22:08:11,231 : INFO : SwitchController : <<<<<<< 's_trough1' active >>>>>>>
2020-10-04 22:08:11,231 : INFO : EventManager : Event: ======'machine_var_audits_switches_s_trough1'====== Args={'value': 512, 'prev_value': 511, 'change': 1}
2020-10-04 22:08:11,724 : INFO : EventManager : Event: ======'balldevice_bd_trough_ball_count_changed'====== Args={'balls': 2}
2020-10-04 22:08:11,725 : INFO : ball_device.bd_trough : Received unexpected ball
2020-10-04 22:08:11,725 : INFO : EventManager : Event: ======'balldevice_captured_from_playfield'====== Args={'balls': 1}
2020-10-04 22:08:11,727 : INFO : EventManager : Event: ======'sw_playfield_active'====== Args={'balls': 1}
2020-10-04 22:08:11,728 : INFO : EventManager : Event: ======'playfield_active'====== Args={}
2020-10-04 22:08:11,729 : INFO : EventManager : Event: ======'playfield_ball_count_change'====== Args={'balls': -1, 'change': -1}
2020-10-04 22:08:11,730 : INFO : EventManager : Event: ======'balldevice_playfield_ball_enter'====== Args={'new_balls': 1, 'unclaimed_balls': 1, 'device': <playfield.playfield>}
2020-10-04 22:08:11,731 : INFO : EventManager : Event: ======'playfield_ball_count_change'====== Args={'balls': 0, 'change': 1}
2020-10-04 22:08:11,732 : INFO : BallController : Found a new ball which was captured from playfield. Known balls: 3
2020-10-04 22:08:11,732 : INFO : EventManager : Event: ======'found_new_ball'====== Args={}
2020-10-04 22:08:11,733 : INFO : EventManager : Event: ======'balldevice_bd_trough_ball_enter'====== Args={'new_balls': 1, 'unclaimed_balls': 1, 'new_available_balls': 1, 'device': <ball_device.bd_trough>}
2020-10-04 22:08:11,734 : INFO : EventManager : Event: ======'ball_drain'====== Args={'device': <ball_device.bd_trough>, 'balls': 1}
2020-10-04 22:08:11,735 : INFO : EventManager : Event: ======'ball_will_end'====== Args={}
2020-10-04 22:08:11,736 : INFO : EventManager : Event: ======'balldevice_balls_available'====== Args={}
2020-10-04 22:08:11,737 : INFO : EventManager : Event: ======'balldevice_bd_trough_ball_entered'====== Args={'new_balls': 1, 'device': <ball_device.bd_trough>}
2020-10-04 22:08:11,740 : INFO : EventManager : Event: ======'ball_ending'====== Args={}
2020-10-04 22:08:11,742 : INFO : EventManager : Event: ======'mode_soulLanes_will_stop'====== Args={}
2020-10-04 22:08:11,742 : INFO : EventManager : Event: ======'mode_soulLanes_stopping'====== Args={}
2020-10-04 22:08:11,743 : INFO : EventManager : Event: ======'mode_base_will_stop'====== Args={}
2020-10-04 22:08:11,743 : INFO : EventManager : Event: ======'mode_base_stopping'====== Args={}
2020-10-04 22:08:11,744 : INFO : Mode.base : Stopped.
2020-10-04 22:08:11,744 : INFO : EventManager : Event: ======'modes_active_modes_changed'====== Args={}
2020-10-04 22:08:11,748 : INFO : EventManager : Event: ======'mode_base_stopped'====== Args={}
2020-10-04 22:08:11,749 : INFO : EventManager : Event: ======'clear'====== Args={'key': 'base'}
2020-10-04 22:08:11,749 : INFO : Mode.soulLanes : Stopped.
2020-10-04 22:08:11,750 : INFO : EventManager : Event: ======'modes_active_modes_changed'====== Args={}
2020-10-04 22:08:11,751 : INFO : EventManager : Event: ======'mode_soulLanes_stopped'====== Args={}
2020-10-04 22:08:11,751 : INFO : EventManager : Event: ======'clear'====== Args={'key': 'soulLanes'}
2020-10-04 22:08:11,800 : INFO : EventManager : Event: ======'ball_ended'====== Args={}
2020-10-04 22:08:11,808 : INFO : EventManager : Event: ======'player_turn_will_end'====== Args={'player': <Player 1>, 'number': 1}
2020-10-04 22:08:11,832 : INFO : EventManager : Event: ======'player_turn_ending'====== Args={'player': <Player 1>, 'number': 1}
2020-10-04 22:08:11,833 : INFO : EventManager : Event: ======'player_turn_ended'====== Args={'player': <Player 1>, 'number': 1}
2020-10-04 22:08:11,834 : INFO : EventManager : Event: ======'player_turn_will_start'====== Args={'player': <Player 1>, 'number': 1}
2020-10-04 22:08:11,835 : INFO : EventManager : Event: ======'player_turn_starting'====== Args={'player': <Player 1>, 'number': 1}
2020-10-04 22:08:11,837 : INFO : EventManager : Event: ======'player_ball'====== Args={'value': 2, 'prev_value': 1, 'change': 1, 'player_num': 1}
2020-10-04 22:08:11,839 : INFO : EventManager : Event: ======'player_turn_started'====== Args={'player': <Player 1>, 'number': 1}
2020-10-04 22:08:11,840 : INFO : EventManager : Event: ======'ball_will_start'====== Args={'player': 1, 'ball': 2, 'balls_remaining': 3, 'is_extra_ball': False}
2020-10-04 22:08:11,862 : INFO : EventManager : Event: ======'ball_starting'====== Args={'player': 1, 'ball': 2, 'balls_remaining': 3, 'is_extra_ball': False}
2020-10-04 22:08:11,864 : INFO : EventManager : Event: ======'mode_base_will_start'====== Args={'queue': <QueuedEvent>, 'player': 1, 'ball': 2, 'balls_remaining': 3, 'is_extra_ball': False}
2020-10-04 22:08:11,870 : INFO : EventManager : Event: ======'mode_base_starting'====== Args={'queue': <QueuedEvent>, 'player': 1, 'ball': 2, 'balls_remaining': 3, 'is_extra_ball': False}
2020-10-04 22:08:11,871 : INFO : drop_target_bank.cup_bank : All targets are already up. Will not reset bank.
2020-10-04 22:08:11,871 : INFO : drop_target_bank.mug_bank : All targets are already up. Will not reset bank.
2020-10-04 22:08:11,872 : INFO : EventManager : Event: ======'balls_in_play'====== Args={'balls': 1}
2020-10-04 22:08:11,873 : INFO : EventManager : Event: ======'ball_started'====== Args={'player': 1, 'ball': 2, 'balls_remaining': 3, 'is_extra_ball': False}
2020-10-04 22:08:11,875 : INFO : EventManager : Event: ======'logicblock_bonus_updated'====== Args={'value': 0, 'enabled': True}
2020-10-04 22:08:11,875 : INFO : EventManager : Event: ======'logicblock_bonus_updated'====== Args={'value': 0, 'enabled': True}
2020-10-04 22:08:11,879 : INFO : Mode.base : Started. Priority: 100
2020-10-04 22:08:11,880 : INFO : EventManager : Event: ======'modes_active_modes_changed'====== Args={}
2020-10-04 22:08:11,880 : INFO : EventManager : Event: ======'mode_base_started'====== Args={'queue': <QueuedEvent>, 'player': 1, 'ball': 2, 'balls_remaining': 3, 'is_extra_ball': False}
2020-10-04 22:08:11,882 : INFO : EventManager : Event: ======'mode_soulLanes_will_start'====== Args={'player': 1, 'ball': 2, 'balls_remaining': 3, 'is_extra_ball': False}
2020-10-04 22:08:11,884 : INFO : EventManager : Event: ======'soul_lanes_complete'====== Args={'state': 'unlit'}
2020-10-04 22:08:11,885 : INFO : EventManager : Event: ======'soul_lanes_unlit_complete'====== Args={}
2020-10-04 22:08:11,890 : INFO : EventManager : Event: ======'mode_soulLanes_starting'====== Args={'player': 1, 'ball': 2, 'balls_remaining': 3, 'is_extra_ball': False}
2020-10-04 22:08:11,898 : INFO : EventManager : Event: ======'logicblock_soul_complete_count_updated'====== Args={'value': 1, 'enabled': True}
2020-10-04 22:08:11,899 : INFO : EventManager : Event: ======'logicblock_soul_complete_count_updated'====== Args={'value': 1, 'enabled': True}
2020-10-04 22:08:11,899 : INFO : Mode.soulLanes : Started. Priority: 110
2020-10-04 22:08:11,900 : INFO : EventManager : Event: ======'modes_active_modes_changed'====== Args={}
2020-10-04 22:08:11,900 : INFO : EventManager : Event: ======'mode_soulLanes_started'====== Args={'player': 1, 'ball': 2, 'balls_remaining': 3, 'is_extra_ball': False}
2020-10-04 22:08:11,901 : INFO : EventManager : Event: ======'single_player_ball_started'====== Args={}
2020-10-04 22:08:11,952 : INFO : ball_device.bd_plunger : Setting up player-controlled eject. Balls: 1, Target: <playfield.playfield>, player_controlled_eject_event: None
2020-10-04 22:08:11,953 : INFO : EventManager : Event: ======'balldevice_balls_available'====== Args={}
2020-10-04 22:08:12,018 : INFO : ball_device.bd_trough : State: waiting_for_target_ready
2020-10-04 22:08:12,019 : INFO : EventManager : Event: ======'balldevice_bd_trough_ball_eject_attempt'====== Args={'balls': 1, 'target': <ball_device.bd_plunger>, 'source': <ball_device.bd_trough>, 'mechanical_eject': True, 'num_attempts': 0}
2020-10-04 22:08:12,038 : INFO : EventManager : Event: ======'slide_base.slide_player-mode_base_started_removed'====== Args={'_from_bcp': True}
2020-10-04 22:08:12,060 : INFO : EventManager : Event: ======'slide_base.slide_player-mode_base_started_created'====== Args={'_from_bcp': True}
2020-10-04 22:08:12,078 : INFO : EventManager : Event: ======'slide_base.slide_player-mode_base_started_active'====== Args={'_from_bcp': True}
2020-10-04 22:08:20,804 : INFO : SwitchController : <<<<<<< 's_plunger' inactive >>>>>>>
2020-10-04 22:08:20,823 : INFO : ball_device.bd_plunger : State: ball_left
2020-10-04 22:08:20,823 : INFO : ball_device.bd_plunger : Ball left
2020-10-04 22:08:20,823 : INFO : ball_device.bd_plunger : Wait for confirm with timeout 10.0
2020-10-04 22:08:24,409 : INFO : SwitchController : <<<<<<< 's_dt_M' active >>>>>>>
2020-10-04 22:08:24,409 : INFO : EventManager : Event: ======'s_dt_M_active'====== Args={}
2020-10-04 22:08:24,410 : INFO : EventManager : Event: ======'playfield_active'====== Args={}
2020-10-04 22:08:24,411 : INFO : EventManager : Event: ======'drop_target_mug_M_down'====== Args={'device': <drop_target.mug_M>}
2020-10-04 22:08:24,413 : INFO : EventManager : Event: ======'drop_target_bank_mug_bank_mixed'====== Args={'down': 1}
2020-10-04 22:08:24,414 : INFO : EventManager : Event: ======'machine_var_audits_switches_s_dt_M'====== Args={'value': 22, 'prev_value': 21, 'change': 1}
2020-10-04 22:08:24,420 : INFO : EventManager : Event: ======'player_score'====== Args={'value': 3742, 'prev_value': 3642, 'change': 100, 'player_num': 1}
2020-10-04 22:08:24,452 : INFO : ball_device.bd_plunger : Got eject confirm
2020-10-04 22:08:24,452 : INFO : ball_device.bd_plunger : Eject successful
2020-10-04 22:08:24,452 : INFO : EventManager : Event: ======'balldevice_bd_plunger_ball_eject_success'====== Args={'balls': 1, 'target': <playfield.playfield>}
2020-10-04 22:08:24,453 : INFO : EventManager : Event: ======'balldevice_playfield_ball_enter'====== Args={'new_balls': 1, 'unclaimed_balls': 1, 'device': <playfield.playfield>}
2020-10-04 22:08:24,454 : INFO : EventManager : Event: ======'playfield_ball_count_change'====== Args={'balls': 1, 'change': 1}
2020-10-04 22:08:24,455 : INFO : EventManager : Event: ======'balldevice_bd_plunger_ball_count_changed'====== Args={'balls': 0}
2020-10-04 22:08:24,455 : INFO : ball_device.bd_plunger : State: idle
2020-10-04 22:08:24,456 : INFO : ball_device.bd_trough : State: ejecting
2020-10-04 22:08:24,457 : INFO : ball_device.bd_trough : Ejecting ball to <ball_device.bd_plunger>
2020-10-04 22:08:24,457 : INFO : EventManager : Event: ======'balldevice_bd_trough_ejecting_ball'====== Args={'balls': 1, 'target': <ball_device.bd_plunger>, 'source': <ball_device.bd_trough>, 'mechanical_eject': True, 'num_attempts': 0}
2020-10-04 22:08:24,460 : INFO : ball_device.bd_trough : Wait for ball to leave device
2020-10-04 22:08:24,460 : INFO : coil.c_trough_eject : Pulsing Driver for 20ms (1.0 pulse_power)
2020-10-04 22:08:24,461 : INFO : SwitchController : <<<<<<< 's_trough1' inactive >>>>>>>
2020-10-04 22:08:24,461 : INFO : ball_device.bd_plunger : State: waiting_for_ball
2020-10-04 22:08:24,485 : INFO : ball_device.bd_trough : State: ball_left
2020-10-04 22:08:24,487 : INFO : ball_device.bd_trough : Ball left
2020-10-04 22:08:24,487 : INFO : ball_device.bd_trough : Wait for confirm with timeout 10.0
2020-10-04 22:08:24,550 : INFO : SwitchController : <<<<<<< 's_plunger' active >>>>>>>
2020-10-04 22:08:24,550 : INFO : EventManager : Event: ======'machine_var_audits_switches_s_plunger'====== Args={'value': 573, 'prev_value': 572, 'change': 1}
2020-10-04 22:08:25,064 : INFO : ball_device.bd_plunger : Received ball from <ball_device.bd_trough>
2020-10-04 22:08:25,065 : INFO : EventManager : Event: ======'balldevice_bd_plunger_ball_enter'====== Args={'new_balls': 1, 'unclaimed_balls': 0, 'new_available_balls': 0, 'device': <ball_device.bd_plunger>}
2020-10-04 22:08:25,066 : INFO : EventManager : Event: ======'balldevice_bd_plunger_ball_entered'====== Args={'new_balls': 0, 'device': <ball_device.bd_plunger>}
2020-10-04 22:08:25,066 : INFO : EventManager : Event: ======'balldevice_bd_plunger_ball_count_changed'====== Args={'balls': 1}
2020-10-04 22:08:25,067 : INFO : ball_device.bd_trough : Got eject confirm
2020-10-04 22:08:25,067 : INFO : ball_device.bd_trough : Eject successful
2020-10-04 22:08:25,067 : INFO : EventManager : Event: ======'balldevice_bd_trough_ball_eject_success'====== Args={'balls': 1, 'target': <ball_device.bd_plunger>}
2020-10-04 22:08:25,068 : INFO : EventManager : Event: ======'balldevice_bd_trough_ball_count_changed'====== Args={'balls': 1}
2020-10-04 22:08:25,069 : INFO : ball_device.bd_trough : State: idle
2020-10-04 22:08:25,069 : INFO : ball_device.bd_plunger : State: waiting_for_target_ready
2020-10-04 22:08:25,070 : INFO : EventManager : Event: ======'balldevice_bd_plunger_ball_eject_attempt'====== Args={'balls': 1, 'target': <playfield.playfield>, 'source': <ball_device.bd_plunger>, 'mechanical_eject': True, 'num_attempts': 0}
2020-10-04 22:08:25,071 : INFO : ball_device.bd_plunger : State: ejecting
2020-10-04 22:08:25,071 : INFO : ball_device.bd_plunger : Ejecting ball to <playfield.playfield>
2020-10-04 22:08:25,071 : INFO : EventManager : Event: ======'balldevice_bd_plunger_ejecting_ball'====== Args={'balls': 1, 'target': <playfield.playfield>, 'source': <ball_device.bd_plunger>, 'mechanical_eject': True, 'num_attempts': 0}
2020-10-04 22:08:25,073 : INFO : ball_device.bd_plunger : Wait for ball to leave device
2020-10-04 22:08:26,431 : INFO : SwitchController : <<<<<<< 's_dt_U2' active >>>>>>>
2020-10-04 22:08:26,431 : INFO : EventManager : Event: ======'s_dt_U2_active'====== Args={}
2020-10-04 22:08:26,432 : INFO : EventManager : Event: ======'drop_target_mug_U_down'====== Args={'device': <drop_target.mug_U>}
2020-10-04 22:08:26,435 : INFO : EventManager : Event: ======'drop_target_bank_mug_bank_mixed'====== Args={'down': 2}
2020-10-04 22:08:26,435 : INFO : EventManager : Event: ======'machine_var_audits_switches_s_dt_U2'====== Args={'value': 22, 'prev_value': 21, 'change': 1}
2020-10-04 22:08:26,437 : INFO : EventManager : Event: ======'player_score'====== Args={'value': 3842, 'prev_value': 3742, 'change': 100, 'player_num': 1}
2020-10-04 22:08:28,131 : INFO : SwitchController : <<<<<<< 's_dt_G' active >>>>>>>
2020-10-04 22:08:28,131 : INFO : EventManager : Event: ======'s_dt_G_active'====== Args={}
2020-10-04 22:08:28,132 : INFO : EventManager : Event: ======'drop_target_mug_G_down'====== Args={'device': <drop_target.mug_G>}
2020-10-04 22:08:28,134 : INFO : EventManager : Event: ======'drop_target_bank_mug_bank_down'====== Args={}
2020-10-04 22:08:28,135 : INFO : EventManager : Event: ======'machine_var_audits_switches_s_dt_G'====== Args={'value': 24, 'prev_value': 23, 'change': 1}
2020-10-04 22:08:28,137 : INFO : EventManager : Event: ======'player_score'====== Args={'value': 3942, 'prev_value': 3842, 'change': 100, 'player_num': 1}
2020-10-04 22:08:28,149 : INFO : EventManager : Event: ======'player_score'====== Args={'value': 4830, 'prev_value': 3942, 'change': 888, 'player_num': 1}
2020-10-04 22:08:28,150 : INFO : EventManager : Event: ======'player_contracts'====== Args={'value': 5, 'prev_value': 4, 'change': 1, 'player_num': 1}
2020-10-04 22:08:28,151 : INFO : EventManager : Event: ======'logicblock_bonus_updated'====== Args={'value': 1, 'enabled': True}
2020-10-04 22:08:28,151 : INFO : EventManager : Event: ======'bank_done'====== Args={'count': 1, 'remaining': 9}
2020-10-04 22:08:28,153 : INFO : drop_target_bank.mug_bank : 3 targets are down. Will reset those.
2020-10-04 22:08:28,153 : INFO : coil.c_dt_reset_MUG : Pulsing Driver for 10ms (1.0 pulse_power)
2020-10-04 22:08:28,199 : INFO : SwitchController : <<<<<<< 's_dt_M' inactive >>>>>>>
2020-10-04 22:08:28,200 : INFO : SwitchController : <<<<<<< 's_dt_U2' inactive >>>>>>>
2020-10-04 22:08:28,200 : INFO : SwitchController : <<<<<<< 's_dt_G' inactive >>>>>>>
2020-10-04 22:08:28,639 : INFO : drop_target_bank.mug_bank : 3 targets are down. Will reset those.
2020-10-04 22:08:28,639 : INFO : coil.c_dt_reset_MUG : Pulsing Driver for 10ms (1.0 pulse_power)
2020-10-04 22:08:28,640 : INFO : EventManager : Event: ======'drop_target_mug_M_up'====== Args={'device': <drop_target.mug_M>}
2020-10-04 22:08:28,641 : INFO : EventManager : Event: ======'drop_target_mug_G_up'====== Args={'device': <drop_target.mug_G>}
2020-10-04 22:08:28,641 : INFO : EventManager : Event: ======'drop_target_mug_U_up'====== Args={'device': <drop_target.mug_U>}
2020-10-04 22:08:28,682 : WARNING : SwitchController : Received duplicate switch state 0 for switch s_dt_M from the platform interface. Log Code: Log-SwitchController-1 (https://docs.missionpinball.org/en/dev/logs/Log-SwitchController-1.html)
2020-10-04 22:08:28,682 : WARNING : SwitchController : Received duplicate switch state 0 for switch s_dt_U2 from the platform interface. Log Code: Log-SwitchController-1 (https://docs.missionpinball.org/en/dev/logs/Log-SwitchController-1.html)
2020-10-04 22:08:28,682 : WARNING : SwitchController : Received duplicate switch state 0 for switch s_dt_G from the platform interface. Log Code: Log-SwitchController-1 (https://docs.missionpinball.org/en/dev/logs/Log-SwitchController-1.html)
2020-10-04 22:08:29,131 : INFO : EventManager : Event: ======'restore'====== Args={}
2020-10-04 22:08:29,133 : INFO : EventManager : Event: ======'drop_target_bank_mug_bank_up'====== Args={}
2020-10-04 22:08:29,302 : INFO : SwitchController : <<<<<<< 's_dt_G' active >>>>>>>
2020-10-04 22:08:29,302 : INFO : EventManager : Event: ======'s_dt_G_active'====== Args={}
2020-10-04 22:08:29,303 : INFO : EventManager : Event: ======'drop_target_mug_G_down'====== Args={'device': <drop_target.mug_G>}
2020-10-04 22:08:29,305 : INFO : EventManager : Event: ======'drop_target_bank_mug_bank_mixed'====== Args={'down': 1}
2020-10-04 22:08:29,306 : INFO : EventManager : Event: ======'machine_var_audits_switches_s_dt_G'====== Args={'value': 25, 'prev_value': 24, 'change': 1}
2020-10-04 22:08:29,314 : INFO : EventManager : Event: ======'player_score'====== Args={'value': 4930, 'prev_value': 4830, 'change': 100, 'player_num': 1}
2020-10-04 22:08:31,859 : INFO : SwitchController : <<<<<<< 's_dt_U2' active >>>>>>>
2020-10-04 22:08:31,860 : INFO : EventManager : Event: ======'s_dt_U2_active'====== Args={}
2020-10-04 22:08:31,861 : INFO : EventManager : Event: ======'drop_target_mug_U_down'====== Args={'device': <drop_target.mug_U>}
2020-10-04 22:08:31,862 : INFO : EventManager : Event: ======'drop_target_bank_mug_bank_mixed'====== Args={'down': 2}
2020-10-04 22:08:31,863 : INFO : EventManager : Event: ======'machine_var_audits_switches_s_dt_U2'====== Args={'value': 23, 'prev_value': 22, 'change': 1}
2020-10-04 22:08:31,865 : INFO : EventManager : Event: ======'player_score'====== Args={'value': 5030, 'prev_value': 4930, 'change': 100, 'player_num': 1}
2020-10-04 22:08:33,536 : INFO : SwitchController : <<<<<<< 's_dt_M' active >>>>>>>
2020-10-04 22:08:33,536 : INFO : EventManager : Event: ======'s_dt_M_active'====== Args={}
2020-10-04 22:08:33,537 : INFO : EventManager : Event: ======'drop_target_mug_M_down'====== Args={'device': <drop_target.mug_M>}
2020-10-04 22:08:33,540 : INFO : EventManager : Event: ======'drop_target_bank_mug_bank_down'====== Args={}
2020-10-04 22:08:33,540 : INFO : EventManager : Event: ======'machine_var_audits_switches_s_dt_M'====== Args={'value': 23, 'prev_value': 22, 'change': 1}
2020-10-04 22:08:33,547 : INFO : EventManager : Event: ======'player_score'====== Args={'value': 5130, 'prev_value': 5030, 'change': 100, 'player_num': 1}
2020-10-04 22:08:33,553 : INFO : EventManager : Event: ======'player_score'====== Args={'value': 6018, 'prev_value': 5130, 'change': 888, 'player_num': 1}
2020-10-04 22:08:33,554 : INFO : EventManager : Event: ======'player_contracts'====== Args={'value': 6, 'prev_value': 5, 'change': 1, 'player_num': 1}
2020-10-04 22:08:33,555 : INFO : EventManager : Event: ======'logicblock_bonus_updated'====== Args={'value': 2, 'enabled': True}
2020-10-04 22:08:33,557 : INFO : EventManager : Event: ======'bank_done'====== Args={'count': 2, 'remaining': 8}
2020-10-04 22:08:33,558 : INFO : drop_target_bank.mug_bank : 3 targets are down. Will reset those.
2020-10-04 22:08:33,559 : INFO : coil.c_dt_reset_MUG : Pulsing Driver for 10ms (1.0 pulse_power)
2020-10-04 22:08:33,614 : INFO : SwitchController : <<<<<<< 's_dt_M' inactive >>>>>>>
2020-10-04 22:08:33,615 : INFO : SwitchController : <<<<<<< 's_dt_U2' inactive >>>>>>>
2020-10-04 22:08:33,616 : INFO : SwitchController : <<<<<<< 's_dt_G' inactive >>>>>>>
2020-10-04 22:08:34,047 : INFO : drop_target_bank.mug_bank : 3 targets are down. Will reset those.
2020-10-04 22:08:34,047 : INFO : coil.c_dt_reset_MUG : Pulsing Driver for 10ms (1.0 pulse_power)
2020-10-04 22:08:34,065 : INFO : EventManager : Event: ======'drop_target_mug_G_up'====== Args={'device': <drop_target.mug_G>}
2020-10-04 22:08:34,067 : INFO : EventManager : Event: ======'drop_target_mug_U_up'====== Args={'device': <drop_target.mug_U>}
2020-10-04 22:08:34,067 : INFO : EventManager : Event: ======'drop_target_mug_M_up'====== Args={'device': <drop_target.mug_M>}
2020-10-04 22:08:34,087 : WARNING : SwitchController : Received duplicate switch state 0 for switch s_dt_M from the platform interface. Log Code: Log-SwitchController-1 (https://docs.missionpinball.org/en/dev/logs/Log-SwitchController-1.html)
2020-10-04 22:08:34,087 : WARNING : SwitchController : Received duplicate switch state 0 for switch s_dt_U2 from the platform interface. Log Code: Log-SwitchController-1 (https://docs.missionpinball.org/en/dev/logs/Log-SwitchController-1.html)
2020-10-04 22:08:34,087 : WARNING : SwitchController : Received duplicate switch state 0 for switch s_dt_G from the platform interface. Log Code: Log-SwitchController-1 (https://docs.missionpinball.org/en/dev/logs/Log-SwitchController-1.html)
2020-10-04 22:08:34,547 : INFO : EventManager : Event: ======'restore'====== Args={}
2020-10-04 22:08:34,550 : INFO : EventManager : Event: ======'drop_target_bank_mug_bank_up'====== Args={}
2020-10-04 22:08:44,027 : INFO : SwitchController : <<<<<<< 's_soul_S' active >>>>>>>
2020-10-04 22:08:44,027 : INFO : EventManager : Event: ======'s_soul_S_active'====== Args={}
2020-10-04 22:08:44,028 : INFO : EventManager : Event: ======'machine_var_audits_switches_s_soul_S'====== Args={'value': 255, 'prev_value': 254, 'change': 1}
2020-10-04 22:08:44,029 : INFO : EventManager : Event: ======'player_shot_soul_S'====== Args={'value': 1, 'prev_value': 0, 'change': 1, 'player_num': 1}
2020-10-04 22:08:44,043 : INFO : EventManager : Event: ======'machine_var_audits_shots_soul_S'====== Args={'value': 255, 'prev_value': 254, 'change': 1}
2020-10-04 22:08:44,044 : INFO : EventManager : Event: ======'soul_S_hit'====== Args={'profile': 'default', 'state': 'unlit', 'advancing': True}
2020-10-04 22:08:44,045 : INFO : EventManager : Event: ======'soul_S_default_hit'====== Args={'profile': 'default', 'state': 'unlit', 'advancing': True}
2020-10-04 22:08:44,046 : INFO : EventManager : Event: ======'soul_S_default_unlit_hit'====== Args={'profile': 'default', 'state': 'unlit', 'advancing': True}
2020-10-04 22:08:44,047 : INFO : EventManager : Event: ======'soul_S_unlit_hit'====== Args={'profile': 'default', 'state': 'unlit', 'advancing': True}
2020-10-04 22:08:44,047 : INFO : EventManager : Event: ======'player_score'====== Args={'value': 6028, 'prev_value': 6018, 'change': 10, 'player_num': 1}
2020-10-04 22:08:44,048 : INFO : EventManager : Event: ======'soul_lanes_hit'====== Args={}
2020-10-04 22:08:44,049 : INFO : EventManager : Event: ======'soul_lanes_unlit_hit'====== Args={}
2020-10-04 22:08:44,237 : INFO : SwitchController : <<<<<<< 's_soul_S' inactive >>>>>>>
2020-10-04 22:08:44,826 : INFO : SwitchController : <<<<<<< 's_soul_O' active >>>>>>>
2020-10-04 22:08:44,827 : INFO : EventManager : Event: ======'s_soul_O_active'====== Args={}
2020-10-04 22:08:44,828 : INFO : EventManager : Event: ======'machine_var_audits_switches_s_soul_O'====== Args={'value': 229, 'prev_value': 228, 'change': 1}
2020-10-04 22:08:44,829 : INFO : EventManager : Event: ======'player_shot_soul_O'====== Args={'value': 1, 'prev_value': 0, 'change': 1, 'player_num': 1}
2020-10-04 22:08:44,831 : INFO : EventManager : Event: ======'machine_var_audits_shots_soul_O'====== Args={'value': 224, 'prev_value': 223, 'change': 1}
2020-10-04 22:08:44,832 : INFO : EventManager : Event: ======'soul_O_hit'====== Args={'profile': 'default', 'state': 'unlit', 'advancing': True}
2020-10-04 22:08:44,833 : INFO : EventManager : Event: ======'soul_O_default_hit'====== Args={'profile': 'default', 'state': 'unlit', 'advancing': True}
2020-10-04 22:08:44,833 : INFO : EventManager : Event: ======'soul_O_default_unlit_hit'====== Args={'profile': 'default', 'state': 'unlit', 'advancing': True}
2020-10-04 22:08:44,834 : INFO : EventManager : Event: ======'soul_O_unlit_hit'====== Args={'profile': 'default', 'state': 'unlit', 'advancing': True}
2020-10-04 22:08:44,835 : INFO : EventManager : Event: ======'player_score'====== Args={'value': 6038, 'prev_value': 6028, 'change': 10, 'player_num': 1}
2020-10-04 22:08:44,836 : INFO : EventManager : Event: ======'soul_lanes_hit'====== Args={}
2020-10-04 22:08:44,836 : INFO : EventManager : Event: ======'soul_lanes_unlit_hit'====== Args={}
2020-10-04 22:08:45,054 : INFO : SwitchController : <<<<<<< 's_soul_O' inactive >>>>>>>
2020-10-04 22:08:46,937 : INFO : SwitchController : <<<<<<< 's_soul_U' active >>>>>>>
2020-10-04 22:08:46,937 : INFO : EventManager : Event: ======'s_soul_U_active'====== Args={}
2020-10-04 22:08:46,938 : INFO : EventManager : Event: ======'machine_var_audits_switches_s_soul_U'====== Args={'value': 220, 'prev_value': 219, 'change': 1}
2020-10-04 22:08:46,945 : INFO : EventManager : Event: ======'player_shot_soul_U'====== Args={'value': 1, 'prev_value': 0, 'change': 1, 'player_num': 1}
2020-10-04 22:08:46,954 : INFO : EventManager : Event: ======'machine_var_audits_shots_soul_U'====== Args={'value': 220, 'prev_value': 219, 'change': 1}
2020-10-04 22:08:46,955 : INFO : EventManager : Event: ======'soul_U_hit'====== Args={'profile': 'default', 'state': 'unlit', 'advancing': True}
2020-10-04 22:08:46,957 : INFO : EventManager : Event: ======'soul_U_default_hit'====== Args={'profile': 'default', 'state': 'unlit', 'advancing': True}
2020-10-04 22:08:46,958 : INFO : EventManager : Event: ======'soul_U_default_unlit_hit'====== Args={'profile': 'default', 'state': 'unlit', 'advancing': True}
2020-10-04 22:08:46,958 : INFO : EventManager : Event: ======'soul_U_unlit_hit'====== Args={'profile': 'default', 'state': 'unlit', 'advancing': True}
2020-10-04 22:08:46,958 : INFO : EventManager : Event: ======'player_score'====== Args={'value': 6048, 'prev_value': 6038, 'change': 10, 'player_num': 1}
2020-10-04 22:08:46,959 : INFO : EventManager : Event: ======'soul_lanes_hit'====== Args={}
2020-10-04 22:08:46,959 : INFO : EventManager : Event: ======'soul_lanes_unlit_hit'====== Args={}
2020-10-04 22:08:47,079 : INFO : SwitchController : <<<<<<< 's_soul_U' inactive >>>>>>>
2020-10-04 22:08:48,890 : INFO : SwitchController : <<<<<<< 's_right_flipper' active >>>>>>>
2020-10-04 22:08:48,891 : INFO : EventManager : Event: ======'s_right_flipper_active'====== Args={}
2020-10-04 22:08:48,892 : INFO : EventManager : Event: ======'machine_var_audits_switches_s_right_flipper'====== Args={'value': 217, 'prev_value': 216, 'change': 1}
2020-10-04 22:08:48,895 : INFO : EventManager : Event: ======'player_shot_soul_S'====== Args={'value': 0, 'prev_value': 1, 'change': -1, 'player_num': 1}
2020-10-04 22:08:48,897 : INFO : EventManager : Event: ======'player_shot_soul_L'====== Args={'value': 1, 'prev_value': 0, 'change': 1, 'player_num': 1}
2020-10-04 22:08:49,089 : INFO : SwitchController : <<<<<<< 's_right_flipper' inactive >>>>>>>
2020-10-04 22:08:50,788 : INFO : SwitchController : <<<<<<< 's_soul_S' active >>>>>>>
2020-10-04 22:08:50,788 : INFO : EventManager : Event: ======'s_soul_S_active'====== Args={}
2020-10-04 22:08:50,789 : INFO : EventManager : Event: ======'machine_var_audits_switches_s_soul_S'====== Args={'value': 256, 'prev_value': 255, 'change': 1}
2020-10-04 22:08:50,792 : INFO : EventManager : Event: ======'player_shot_soul_S'====== Args={'value': 1, 'prev_value': 0, 'change': 1, 'player_num': 1}
2020-10-04 22:08:50,799 : INFO : EventManager : Event: ======'machine_var_audits_shots_soul_S'====== Args={'value': 256, 'prev_value': 255, 'change': 1}
2020-10-04 22:08:50,802 : INFO : EventManager : Event: ======'soul_S_hit'====== Args={'profile': 'default', 'state': 'unlit', 'advancing': True}
2020-10-04 22:08:50,803 : INFO : EventManager : Event: ======'soul_S_default_hit'====== Args={'profile': 'default', 'state': 'unlit', 'advancing': True}
2020-10-04 22:08:50,804 : INFO : EventManager : Event: ======'soul_S_default_unlit_hit'====== Args={'profile': 'default', 'state': 'unlit', 'advancing': True}
2020-10-04 22:08:50,804 : INFO : EventManager : Event: ======'soul_S_unlit_hit'====== Args={'profile': 'default', 'state': 'unlit', 'advancing': True}
2020-10-04 22:08:50,807 : INFO : EventManager : Event: ======'player_score'====== Args={'value': 6058, 'prev_value': 6048, 'change': 10, 'player_num': 1}
2020-10-04 22:08:50,809 : INFO : EventManager : Event: ======'soul_lanes_complete'====== Args={'state': 'lit'}
2020-10-04 22:08:50,810 : INFO : EventManager : Event: ======'soul_lanes_lit_complete'====== Args={}
2020-10-04 22:08:50,811 : INFO : EventManager : Event: ======'soul_lanes_hit'====== Args={}
2020-10-04 22:08:50,811 : INFO : EventManager : Event: ======'soul_lanes_unlit_hit'====== Args={}
2020-10-04 22:08:50,812 : INFO : EventManager : Event: ======'player_score'====== Args={'value': 7058, 'prev_value': 6058, 'change': 1000, 'player_num': 1}
2020-10-04 22:08:50,814 : INFO : EventManager : Event: ======'logicblock_soul_complete_count_updated'====== Args={'value': 2, 'enabled': True}
2020-10-04 22:08:50,815 : INFO : EventManager : Event: ======'soul_lanes_done'====== Args={'count': 2}
2020-10-04 22:08:50,819 : INFO : EventManager : Event: ======'player_bonus_multiplier'====== Args={'value': 2, 'prev_value': 1, 'change': 1, 'player_num': 1}
2020-10-04 22:08:51,059 : INFO : SwitchController : <<<<<<< 's_soul_S' inactive >>>>>>>
2020-10-04 22:08:51,813 : INFO : EventManager : Event: ======'player_shot_soul_S'====== Args={'value': 0, 'prev_value': 1, 'change': -1, 'player_num': 1}
2020-10-04 22:08:51,814 : INFO : EventManager : Event: ======'player_shot_soul_O'====== Args={'value': 0, 'prev_value': 1, 'change': -1, 'player_num': 1}
2020-10-04 22:08:51,816 : INFO : EventManager : Event: ======'player_shot_soul_U'====== Args={'value': 0, 'prev_value': 1, 'change': -1, 'player_num': 1}
2020-10-04 22:08:51,818 : INFO : EventManager : Event: ======'player_shot_soul_L'====== Args={'value': 0, 'prev_value': 1, 'change': -1, 'player_num': 1}
2020-10-04 22:08:54,303 : INFO : SwitchController : <<<<<<< 's_trough1' active >>>>>>>
2020-10-04 22:08:54,303 : INFO : EventManager : Event: ======'machine_var_audits_switches_s_trough1'====== Args={'value': 513, 'prev_value': 512, 'change': 1}
2020-10-04 22:08:54,808 : INFO : EventManager : Event: ======'balldevice_bd_trough_ball_count_changed'====== Args={'balls': 2}
2020-10-04 22:08:54,809 : INFO : ball_device.bd_trough : Received unexpected ball
2020-10-04 22:08:54,809 : INFO : EventManager : Event: ======'balldevice_captured_from_playfield'====== Args={'balls': 1}
2020-10-04 22:08:54,810 : INFO : EventManager : Event: ======'sw_playfield_active'====== Args={'balls': 1}
2020-10-04 22:08:54,811 : INFO : EventManager : Event: ======'playfield_ball_count_change'====== Args={'balls': 0, 'change': -1}
2020-10-04 22:08:54,812 : INFO : EventManager : Event: ======'balldevice_bd_trough_ball_enter'====== Args={'new_balls': 1, 'unclaimed_balls': 1, 'new_available_balls': 1, 'device': <ball_device.bd_trough>}
2020-10-04 22:08:54,813 : INFO : EventManager : Event: ======'ball_drain'====== Args={'device': <ball_device.bd_trough>, 'balls': 1}
2020-10-04 22:08:54,814 : INFO : EventManager : Event: ======'ball_will_end'====== Args={}
2020-10-04 22:08:54,815 : INFO : EventManager : Event: ======'balldevice_balls_available'====== Args={}
2020-10-04 22:08:54,815 : INFO : EventManager : Event: ======'balldevice_bd_trough_ball_entered'====== Args={'new_balls': 1, 'device': <ball_device.bd_trough>}
2020-10-04 22:08:54,819 : INFO : EventManager : Event: ======'ball_ending'====== Args={}
2020-10-04 22:08:54,820 : INFO : EventManager : Event: ======'mode_soulLanes_will_stop'====== Args={}
2020-10-04 22:08:54,821 : INFO : EventManager : Event: ======'mode_soulLanes_stopping'====== Args={}
2020-10-04 22:08:54,821 : INFO : EventManager : Event: ======'mode_base_will_stop'====== Args={}
2020-10-04 22:08:54,822 : INFO : EventManager : Event: ======'mode_base_stopping'====== Args={}
2020-10-04 22:08:54,822 : INFO : Mode.base : Stopped.
2020-10-04 22:08:54,822 : INFO : EventManager : Event: ======'modes_active_modes_changed'====== Args={}
2020-10-04 22:08:54,825 : INFO : EventManager : Event: ======'mode_base_stopped'====== Args={}
2020-10-04 22:08:54,825 : INFO : EventManager : Event: ======'clear'====== Args={'key': 'base'}
2020-10-04 22:08:54,827 : INFO : Mode.soulLanes : Stopped.
2020-10-04 22:08:54,827 : INFO : EventManager : Event: ======'modes_active_modes_changed'====== Args={}
2020-10-04 22:08:54,829 : INFO : EventManager : Event: ======'mode_soulLanes_stopped'====== Args={}
2020-10-04 22:08:54,829 : INFO : EventManager : Event: ======'clear'====== Args={'key': 'soulLanes'}
2020-10-04 22:08:54,893 : INFO : EventManager : Event: ======'ball_ended'====== Args={}
2020-10-04 22:08:54,904 : INFO : EventManager : Event: ======'slide_base.slide_player-mode_base_started_removed'====== Args={'_from_bcp': True}
2020-10-04 22:08:54,905 : INFO : EventManager : Event: ======'slide_welcome_slide_active'====== Args={'_from_bcp': True}
2020-10-04 22:08:54,906 : INFO : EventManager : Event: ======'player_turn_will_end'====== Args={'player': <Player 1>, 'number': 1}
2020-10-04 22:08:54,926 : INFO : EventManager : Event: ======'player_turn_ending'====== Args={'player': <Player 1>, 'number': 1}
2020-10-04 22:08:54,927 : INFO : EventManager : Event: ======'player_turn_ended'====== Args={'player': <Player 1>, 'number': 1}
2020-10-04 22:08:54,928 : INFO : EventManager : Event: ======'player_turn_will_start'====== Args={'player': <Player 1>, 'number': 1}
2020-10-04 22:08:54,929 : INFO : EventManager : Event: ======'player_turn_starting'====== Args={'player': <Player 1>, 'number': 1}
2020-10-04 22:08:54,929 : INFO : EventManager : Event: ======'player_ball'====== Args={'value': 3, 'prev_value': 2, 'change': 1, 'player_num': 1}
2020-10-04 22:08:54,930 : INFO : EventManager : Event: ======'player_turn_started'====== Args={'player': <Player 1>, 'number': 1}
2020-10-04 22:08:54,932 : INFO : EventManager : Event: ======'ball_will_start'====== Args={'player': 1, 'ball': 3, 'balls_remaining': 2, 'is_extra_ball': False}
2020-10-04 22:08:54,953 : INFO : EventManager : Event: ======'ball_starting'====== Args={'player': 1, 'ball': 3, 'balls_remaining': 2, 'is_extra_ball': False}
2020-10-04 22:08:54,957 : INFO : EventManager : Event: ======'mode_base_will_start'====== Args={'queue': <QueuedEvent>, 'player': 1, 'ball': 3, 'balls_remaining': 2, 'is_extra_ball': False}
2020-10-04 22:08:54,963 : INFO : EventManager : Event: ======'mode_base_starting'====== Args={'queue': <QueuedEvent>, 'player': 1, 'ball': 3, 'balls_remaining': 2, 'is_extra_ball': False}
2020-10-04 22:08:54,964 : INFO : drop_target_bank.cup_bank : All targets are already up. Will not reset bank.
2020-10-04 22:08:54,964 : INFO : drop_target_bank.mug_bank : All targets are already up. Will not reset bank.
2020-10-04 22:08:54,965 : INFO : EventManager : Event: ======'balls_in_play'====== Args={'balls': 1}
2020-10-04 22:08:54,968 : INFO : EventManager : Event: ======'ball_started'====== Args={'player': 1, 'ball': 3, 'balls_remaining': 2, 'is_extra_ball': False}
2020-10-04 22:08:54,970 : INFO : EventManager : Event: ======'logicblock_bonus_updated'====== Args={'value': 0, 'enabled': True}
2020-10-04 22:08:54,971 : INFO : EventManager : Event: ======'logicblock_bonus_updated'====== Args={'value': 0, 'enabled': True}
2020-10-04 22:08:54,971 : INFO : Mode.base : Started. Priority: 100
2020-10-04 22:08:54,971 : INFO : EventManager : Event: ======'modes_active_modes_changed'====== Args={}
2020-10-04 22:08:54,972 : INFO : EventManager : Event: ======'mode_base_started'====== Args={'queue': <QueuedEvent>, 'player': 1, 'ball': 3, 'balls_remaining': 2, 'is_extra_ball': False}
2020-10-04 22:08:54,973 : INFO : EventManager : Event: ======'mode_soulLanes_will_start'====== Args={'player': 1, 'ball': 3, 'balls_remaining': 2, 'is_extra_ball': False}
2020-10-04 22:08:54,975 : INFO : EventManager : Event: ======'soul_lanes_complete'====== Args={'state': 'unlit'}
2020-10-04 22:08:54,976 : INFO : EventManager : Event: ======'soul_lanes_unlit_complete'====== Args={}
2020-10-04 22:08:54,980 : INFO : EventManager : Event: ======'mode_soulLanes_starting'====== Args={'player': 1, 'ball': 3, 'balls_remaining': 2, 'is_extra_ball': False}
2020-10-04 22:08:54,987 : INFO : EventManager : Event: ======'logicblock_soul_complete_count_updated'====== Args={'value': 1, 'enabled': True}
2020-10-04 22:08:54,988 : INFO : EventManager : Event: ======'logicblock_soul_complete_count_updated'====== Args={'value': 1, 'enabled': True}
2020-10-04 22:08:54,988 : INFO : Mode.soulLanes : Started. Priority: 110
2020-10-04 22:08:54,988 : INFO : EventManager : Event: ======'modes_active_modes_changed'====== Args={}
2020-10-04 22:08:54,989 : INFO : EventManager : Event: ======'mode_soulLanes_started'====== Args={'player': 1, 'ball': 3, 'balls_remaining': 2, 'is_extra_ball': False}
2020-10-04 22:08:54,990 : INFO : EventManager : Event: ======'single_player_ball_started'====== Args={}
2020-10-04 22:08:55,072 : INFO : ball_device.bd_plunger : Setting up player-controlled eject. Balls: 1, Target: <playfield.playfield>, player_controlled_eject_event: None
2020-10-04 22:08:55,073 : INFO : EventManager : Event: ======'balldevice_balls_available'====== Args={}
2020-10-04 22:08:55,129 : INFO : EventManager : Event: ======'slide_base.slide_player-mode_base_started_created'====== Args={'_from_bcp': True}
2020-10-04 22:08:55,130 : INFO : EventManager : Event: ======'slide_base.slide_player-mode_base_started_active'====== Args={'_from_bcp': True}
2020-10-04 22:08:55,132 : INFO : ball_device.bd_trough : State: waiting_for_target_ready
2020-10-04 22:08:55,134 : INFO : EventManager : Event: ======'balldevice_bd_trough_ball_eject_attempt'====== Args={'balls': 1, 'target': <ball_device.bd_plunger>, 'source': <ball_device.bd_trough>, 'mechanical_eject': True, 'num_attempts': 0}
2020-10-04 22:08:59,582 : INFO : Machine : Shutting down...
2020-10-04 22:08:59,582 : INFO : EventManager : Event: ======'shutdown'====== Args={}
2020-10-04 22:08:59,598 : INFO : root : MPF run loop ended.
