2020-10-05 08:03:39,615 : INFO : root : Loading config.
2020-10-05 08:03:39,631 : INFO : YamlMultifileConfigLoader : Machine config file #1: config.yaml
2020-10-05 08:03:39,631 : INFO : ConfigProcessor : Loading config from cache: C:\Users\themi\AppData\Local\Temp\2b6ef079982d662fef43bd5e7e2d4708.mpf_cache
2020-10-05 08:03:39,834 : INFO : ConfigProcessor : Loading config from cache: C:\Users\themi\AppData\Local\Temp\89b9c5cb952cce9fc74d723399719cc6.mpf_cache
2020-10-05 08:03:39,834 : INFO : ConfigProcessor : Loading config from cache: C:\Users\themi\AppData\Local\Temp\4fcecb70f81c3c2fefb8e65ae9a0af5f.mpf_cache
2020-10-05 08:03:39,834 : WARNING : ConfigProcessor : Config file in cache changed: c:\GitHub\Cuphead\modes\base\config\base.yaml
2020-10-05 08:03:39,834 : INFO : ConfigProcessor : Loading config from file c:\GitHub\Cuphead\modes\base\config\base.yaml.
2020-10-05 08:03:39,897 : INFO : ConfigProcessor : Loading config: c:\GitHub\Cuphead\modes\base\config\base.yaml
2020-10-05 08:03:39,897 : INFO : ConfigProcessor : Config file cache created: C:\Users\themi\AppData\Local\Temp\5820a65357aa32f3082a694bbd0b1b93.mpf_cache
2020-10-05 08:03:39,897 : WARNING : ConfigProcessor : Config file in cache changed: c:\GitHub\Cuphead\modes\soulLanes\config\soulLanes.yaml
2020-10-05 08:03:39,897 : INFO : ConfigProcessor : Loading config from file c:\GitHub\Cuphead\modes\soulLanes\config\soulLanes.yaml.
2020-10-05 08:03:39,944 : INFO : ConfigProcessor : Loading config: c:\GitHub\Cuphead\modes\soulLanes\config\soulLanes.yaml
2020-10-05 08:03:39,944 : INFO : ConfigProcessor : Config file cache created: C:\Users\themi\AppData\Local\Temp\2f1df67e0c6599f893aeb5468bc976f9.mpf_cache
2020-10-05 08:03:39,944 : INFO : ConfigProcessor : Loading config from cache: C:\Users\themi\AppData\Local\Temp\893c92602cb79b5461df4ae912d665e0.mpf_cache
2020-10-05 08:03:39,944 : INFO : ConfigProcessor : Loading config from cache: C:\Users\themi\AppData\Local\Temp\15cb35af48ef2b73a1399ecc64f542cf.mpf_cache
2020-10-05 08:03:39,944 : INFO : ConfigProcessor : Loading config from cache: C:\Users\themi\AppData\Local\Temp\8f78dc3447c1c9fe6775dbe5408c12e9.mpf_cache
2020-10-05 08:03:39,944 : INFO : ConfigProcessor : Loading config from cache: C:\Users\themi\AppData\Local\Temp\459e0fbd95aa261661d4ec522fde7178.mpf_cache
2020-10-05 08:03:39,944 : INFO : ConfigProcessor : Loading config from cache: C:\Users\themi\AppData\Local\Temp\bc011c11c9e34bbd89eedfa08565ed62.mpf_cache
2020-10-05 08:03:39,944 : INFO : ConfigProcessor : Loading config from cache: C:\Users\themi\AppData\Local\Temp\6f009ec52b9ccf4b89f291e4051b3241.mpf_cache
2020-10-05 08:03:39,944 : INFO : ConfigProcessor : Loading config from cache: C:\Users\themi\AppData\Local\Temp\c2ce7139d0aaca9aa552320269b3f50d.mpf_cache
2020-10-05 08:03:39,944 : INFO : ConfigProcessor : Loading config from cache: C:\Users\themi\AppData\Local\Temp\2b7bf9166be80f4b554569a332b23de4.mpf_cache
2020-10-05 08:03:39,959 : INFO : ConfigProcessor : Loading config from cache: C:\Users\themi\AppData\Local\Temp\c546e3aedc6779039624162d0203f540.mpf_cache
2020-10-05 08:03:39,959 : INFO : ConfigProcessor : Loading config from cache: C:\Users\themi\AppData\Local\Temp\abdfe7fa7b37a4a193490f565dc0597d.mpf_cache
2020-10-05 08:03:39,959 : INFO : ConfigProcessor : Loading config from cache: C:\Users\themi\AppData\Local\Temp\4342b421d288ce5a4483067739b72cdd.mpf_cache
2020-10-05 08:03:39,959 : INFO : ConfigProcessor : Loading config from cache: C:\Users\themi\AppData\Local\Temp\368aa16bb3be9e41d99a527245060f83.mpf_cache
2020-10-05 08:03:39,959 : INFO : ConfigProcessor : Loading config from cache: C:\Users\themi\AppData\Local\Temp\d0e012eb2507157abb0bb72425aaf5b2.mpf_cache
2020-10-05 08:03:39,959 : INFO : ConfigProcessor : Loading config from cache: C:\Users\themi\AppData\Local\Temp\0f1b51b912b71211c13fe22b9a37b50a.mpf_cache
2020-10-05 08:03:39,959 : INFO : ConfigProcessor : Loading config from cache: C:\Users\themi\AppData\Local\Temp\10ee2574e78165e598e7a995071a74cc.mpf_cache
2020-10-05 08:03:39,959 : INFO : ConfigProcessor : Loading config from cache: C:\Users\themi\AppData\Local\Temp\a266cad92e011305e896e67dddfd4a6c.mpf_cache
2020-10-05 08:03:39,959 : INFO : ConfigProcessor : Loading config from cache: C:\Users\themi\AppData\Local\Temp\7ee3e0eba3dedef43a01da4ffa491384.mpf_cache
2020-10-05 08:03:39,959 : INFO : ConfigProcessor : Loading config from cache: C:\Users\themi\AppData\Local\Temp\13fd6d25ddf06daef684ee2be33938b7.mpf_cache
2020-10-05 08:03:39,959 : INFO : Machine : Mission Pinball Framework Core Engine v0.54.0-dev.72
2020-10-05 08:03:39,959 : INFO : Machine : Command line arguments: {'no_load_cache': False, 'create_config_cache': True, 'bcp': True, 'configfile': ['config.yaml'], 'force_assets_load': False, 'jsonlogging': False, 'logfile': 'logs\\2020-10-05-08-03-39-mpf-LAPTOP-C39PEUFD.log', 'pause': False, 'production': False, 'text_ui': True, 'loglevel': 15, 'consoleloglevel': 20, 'force_platform': 'smart_virtual', 'syslog_address': None, 'mc_file_name': None, 'no_sound': False}
2020-10-05 08:03:39,959 : INFO : Machine : MPF path: c:\users\themi\appdata\local\programs\python\python36\lib\site-packages\mpf
2020-10-05 08:03:39,959 : INFO : Machine : Machine path: c:\GitHub\Cuphead
2020-10-05 08:03:39,959 : INFO : Machine : Platform: win32
2020-10-05 08:03:39,959 : INFO : Machine : Python executable location: c:\users\themi\appdata\local\programs\python\python36\python.exe
2020-10-05 08:03:39,959 : INFO : Machine : Python version: 3.6.4 (64-bit)
2020-10-05 08:03:39,959 : INFO : Machine : Initialise MPF.
2020-10-05 08:03:40,368 : INFO : EventManager : Event: ======'machine_var_credits_string'====== Args={'value': 'FREE PLAY', 'prev_value': None, 'change': True}
2020-10-05 08:03:40,493 : INFO : EventManager : Event: ======'machine_var_player1_score'====== Args={'value': 8110, 'prev_value': None, 'change': True}
2020-10-05 08:03:40,493 : INFO : EventManager : Event: ======'machine_var_mpf_version'====== Args={'value': 'MPF v0.54.0-dev.72', 'prev_value': None, 'change': True}
2020-10-05 08:03:40,493 : INFO : EventManager : Event: ======'machine_var_mpf_extended_version'====== Args={'value': 'MPF v0.54.0-dev.72, Config version:5, Show version: 5, BCP version:1.1', 'prev_value': None, 'change': True}
2020-10-05 08:03:40,493 : INFO : EventManager : Event: ======'machine_var_python_version'====== Args={'value': '3.6.4', 'prev_value': None, 'change': True}
2020-10-05 08:03:40,493 : INFO : EventManager : Event: ======'machine_var_platform'====== Args={'value': 'Windows-10-10.0.18362-SP0', 'prev_value': None, 'change': True}
2020-10-05 08:03:40,493 : INFO : EventManager : Event: ======'machine_var_platform_system'====== Args={'value': 'Windows', 'prev_value': None, 'change': True}
2020-10-05 08:03:40,493 : INFO : EventManager : Event: ======'machine_var_platform_release'====== Args={'value': '10', 'prev_value': None, 'change': True}
2020-10-05 08:03:40,493 : INFO : EventManager : Event: ======'machine_var_platform_version'====== Args={'value': '10.0.18362', 'prev_value': None, 'change': True}
2020-10-05 08:03:40,493 : INFO : EventManager : Event: ======'machine_var_platform_machine'====== Args={'value': 'AMD64', 'prev_value': None, 'change': True}
2020-10-05 08:03:40,493 : INFO : EventManager : Event: ======'init_phase_1'====== Args={}
2020-10-05 08:03:40,681 : INFO : EventManager : Event: ======'drop_target_bank_cup_bank_up'====== Args={}
2020-10-05 08:03:40,681 : INFO : EventManager : Event: ======'drop_target_bank_mug_bank_up'====== Args={}
2020-10-05 08:03:40,696 : INFO : EventManager : Event: ======'init_phase_2'====== Args={}
2020-10-05 08:03:40,696 : INFO : SwitchController : Found active switch: ('2', <Platform.SmartVirtual>)
2020-10-05 08:03:40,696 : INFO : SwitchController : Found active switch: ('3', <Platform.SmartVirtual>)
2020-10-05 08:03:40,712 : INFO : EventManager : Event: ======'bcp_connection_attempt'====== Args={'name': 'local_display', 'host': 'localhost', 'port': 5050}
2020-10-05 08:03:40,712 : INFO : BCPClientSocket : Connecting BCP to 'local_display' at localhost:5050...
2020-10-05 08:03:55,132 : INFO : BCPClientSocket : Connected BCP to 'local_display' localhost:5050
2020-10-05 08:03:55,134 : INFO : EventManager : Event: ======'bcp_clients_connected'====== Args={}
2020-10-05 08:03:55,150 : INFO : EventManager : Event: ======'machine_var_mc_version'====== Args={'value': 'MPF-MC v0.54.0-dev.20', 'prev_value': None, 'change': True}
2020-10-05 08:03:55,151 : INFO : EventManager : Event: ======'machine_var_mc_extended_version'====== Args={'value': 'MPF-MC v0.54.0-dev.20 (config_version=5, BCP v1.1, Requires MPF v0.54.0-dev.68)', 'prev_value': None, 'change': True}
2020-10-05 08:03:55,155 : INFO : EventManager : Event: ======'machine_var_master_volume'====== Args={'value': 0.5, 'prev_value': None, 'change': True}
2020-10-05 08:03:55,156 : INFO : ball_device.bd_trough : State: idle
2020-10-05 08:03:55,186 : INFO : ball_device.bd_plunger : State: idle
2020-10-05 08:03:55,223 : INFO : EventManager : Event: ======'init_phase_3'====== Args={}
2020-10-05 08:03:55,236 : INFO : EventManager : Event: ======'init_phase_4'====== Args={}
2020-10-05 08:03:55,238 : INFO : EventManager : Event: ======'machine_var_audits_events_game_ended'====== Args={'value': 21, 'prev_value': None, 'change': True}
2020-10-05 08:03:55,239 : INFO : EventManager : Event: ======'machine_var_audits_events_game_started'====== Args={'value': 40, 'prev_value': None, 'change': True}
2020-10-05 08:03:55,240 : INFO : EventManager : Event: ======'machine_var_audits_player_score'====== Args={'value': {'average': 530.4761904761905, 'top': [2970, 1300, 1220, 980, 880, 780, 720, 710, 630, 590], 'total': 21}, 'prev_value': None, 'change': True}
2020-10-05 08:03:55,241 : INFO : EventManager : Event: ======'machine_var_audits_shots_soul_L'====== Args={'value': 217, 'prev_value': None, 'change': True}
2020-10-05 08:03:55,241 : INFO : EventManager : Event: ======'machine_var_audits_shots_soul_O'====== Args={'value': 224, 'prev_value': None, 'change': True}
2020-10-05 08:03:55,242 : INFO : EventManager : Event: ======'machine_var_audits_shots_soul_S'====== Args={'value': 256, 'prev_value': None, 'change': True}
2020-10-05 08:03:55,243 : INFO : EventManager : Event: ======'machine_var_audits_shots_soul_U'====== Args={'value': 220, 'prev_value': None, 'change': True}
2020-10-05 08:03:55,243 : INFO : EventManager : Event: ======'machine_var_audits_switches_s_coin'====== Args={'value': 20, 'prev_value': None, 'change': True}
2020-10-05 08:03:55,244 : INFO : EventManager : Event: ======'machine_var_audits_switches_s_dash_L'====== Args={'value': 0, 'prev_value': None, 'change': True}
2020-10-05 08:03:55,244 : INFO : EventManager : Event: ======'machine_var_audits_switches_s_dash_R'====== Args={'value': 0, 'prev_value': None, 'change': True}
2020-10-05 08:03:55,245 : INFO : EventManager : Event: ======'machine_var_audits_switches_s_dtSling_L'====== Args={'value': 0, 'prev_value': None, 'change': True}
2020-10-05 08:03:55,246 : INFO : EventManager : Event: ======'machine_var_audits_switches_s_dtSling_R'====== Args={'value': 0, 'prev_value': None, 'change': True}
2020-10-05 08:03:55,247 : INFO : EventManager : Event: ======'machine_var_audits_switches_s_dt_C'====== Args={'value': 76, 'prev_value': None, 'change': True}
2020-10-05 08:03:55,247 : INFO : EventManager : Event: ======'machine_var_audits_switches_s_dt_G'====== Args={'value': 25, 'prev_value': None, 'change': True}
2020-10-05 08:03:55,248 : INFO : EventManager : Event: ======'machine_var_audits_switches_s_dt_M'====== Args={'value': 23, 'prev_value': None, 'change': True}
2020-10-05 08:03:55,249 : INFO : EventManager : Event: ======'machine_var_audits_switches_s_dt_P'====== Args={'value': 59, 'prev_value': None, 'change': True}
2020-10-05 08:03:55,249 : INFO : EventManager : Event: ======'machine_var_audits_switches_s_dt_U'====== Args={'value': 67, 'prev_value': None, 'change': True}
2020-10-05 08:03:55,251 : INFO : EventManager : Event: ======'machine_var_audits_switches_s_dt_U2'====== Args={'value': 23, 'prev_value': None, 'change': True}
2020-10-05 08:03:55,252 : INFO : EventManager : Event: ======'machine_var_audits_switches_s_exit_shooter_lane'====== Args={'value': 357, 'prev_value': None, 'change': True}
2020-10-05 08:03:55,252 : INFO : EventManager : Event: ======'machine_var_audits_switches_s_inLane_L'====== Args={'value': 0, 'prev_value': None, 'change': True}
2020-10-05 08:03:55,253 : INFO : EventManager : Event: ======'machine_var_audits_switches_s_inLane_R'====== Args={'value': 0, 'prev_value': None, 'change': True}
2020-10-05 08:03:55,254 : INFO : EventManager : Event: ======'machine_var_audits_switches_s_kicker'====== Args={'value': 0, 'prev_value': None, 'change': True}
2020-10-05 08:03:55,255 : INFO : EventManager : Event: ======'machine_var_audits_switches_s_left_flipper'====== Args={'value': 151, 'prev_value': None, 'change': True}
2020-10-05 08:03:55,256 : INFO : EventManager : Event: ======'machine_var_audits_switches_s_midRight'====== Args={'value': 0, 'prev_value': None, 'change': True}
2020-10-05 08:03:55,256 : INFO : EventManager : Event: ======'machine_var_audits_switches_s_outLane_L'====== Args={'value': 0, 'prev_value': None, 'change': True}
2020-10-05 08:03:55,257 : INFO : EventManager : Event: ======'machine_var_audits_switches_s_outLane_R'====== Args={'value': 0, 'prev_value': None, 'change': True}
2020-10-05 08:03:55,258 : INFO : EventManager : Event: ======'machine_var_audits_switches_s_perdition'====== Args={'value': 0, 'prev_value': None, 'change': True}
2020-10-05 08:03:55,259 : INFO : EventManager : Event: ======'machine_var_audits_switches_s_playfield'====== Args={'value': 0, 'prev_value': None, 'change': True}
2020-10-05 08:03:55,260 : INFO : EventManager : Event: ======'machine_var_audits_switches_s_plunger'====== Args={'value': 573, 'prev_value': None, 'change': True}
2020-10-05 08:03:55,261 : INFO : EventManager : Event: ======'machine_var_audits_switches_s_popBumper_1'====== Args={'value': 464, 'prev_value': None, 'change': True}
2020-10-05 08:03:55,262 : INFO : EventManager : Event: ======'machine_var_audits_switches_s_popBumper_2'====== Args={'value': 440, 'prev_value': None, 'change': True}
2020-10-05 08:03:55,263 : INFO : EventManager : Event: ======'machine_var_audits_switches_s_popBumper_3'====== Args={'value': 164, 'prev_value': None, 'change': True}
2020-10-05 08:03:55,264 : INFO : EventManager : Event: ======'machine_var_audits_switches_s_pop_bumper1'====== Args={'value': 120, 'prev_value': None, 'change': True}
2020-10-05 08:03:55,264 : INFO : EventManager : Event: ======'machine_var_audits_switches_s_pop_bumper2'====== Args={'value': 153, 'prev_value': None, 'change': True}
2020-10-05 08:03:55,265 : INFO : EventManager : Event: ======'machine_var_audits_switches_s_pop_bumper3'====== Args={'value': 100, 'prev_value': None, 'change': True}
2020-10-05 08:03:55,266 : INFO : EventManager : Event: ======'machine_var_audits_switches_s_right_flipper'====== Args={'value': 217, 'prev_value': None, 'change': True}
2020-10-05 08:03:55,266 : INFO : EventManager : Event: ======'machine_var_audits_switches_s_sling_L'====== Args={'value': 0, 'prev_value': None, 'change': True}
2020-10-05 08:03:55,268 : INFO : EventManager : Event: ======'machine_var_audits_switches_s_sling_R'====== Args={'value': 0, 'prev_value': None, 'change': True}
2020-10-05 08:03:55,269 : INFO : EventManager : Event: ======'machine_var_audits_switches_s_soul_L'====== Args={'value': 218, 'prev_value': None, 'change': True}
2020-10-05 08:03:55,270 : INFO : EventManager : Event: ======'machine_var_audits_switches_s_soul_O'====== Args={'value': 229, 'prev_value': None, 'change': True}
2020-10-05 08:03:55,271 : INFO : EventManager : Event: ======'machine_var_audits_switches_s_soul_S'====== Args={'value': 256, 'prev_value': None, 'change': True}
2020-10-05 08:03:55,272 : INFO : EventManager : Event: ======'machine_var_audits_switches_s_soul_U'====== Args={'value': 220, 'prev_value': None, 'change': True}
2020-10-05 08:03:55,272 : INFO : EventManager : Event: ======'machine_var_audits_switches_s_standUp_1'====== Args={'value': 0, 'prev_value': None, 'change': True}
2020-10-05 08:03:55,273 : INFO : EventManager : Event: ======'machine_var_audits_switches_s_standUp_2'====== Args={'value': 0, 'prev_value': None, 'change': True}
2020-10-05 08:03:55,274 : INFO : EventManager : Event: ======'machine_var_audits_switches_s_standUp_3'====== Args={'value': 0, 'prev_value': None, 'change': True}
2020-10-05 08:03:55,275 : INFO : EventManager : Event: ======'machine_var_audits_switches_s_standUp_R'====== Args={'value': 0, 'prev_value': None, 'change': True}
2020-10-05 08:03:55,276 : INFO : EventManager : Event: ======'machine_var_audits_switches_s_star_1'====== Args={'value': 0, 'prev_value': None, 'change': True}
2020-10-05 08:03:55,277 : INFO : EventManager : Event: ======'machine_var_audits_switches_s_star_2'====== Args={'value': 0, 'prev_value': None, 'change': True}
2020-10-05 08:03:55,279 : INFO : EventManager : Event: ======'machine_var_audits_switches_s_star_3'====== Args={'value': 0, 'prev_value': None, 'change': True}
2020-10-05 08:03:55,281 : INFO : EventManager : Event: ======'machine_var_audits_switches_s_start'====== Args={'value': 68, 'prev_value': None, 'change': True}
2020-10-05 08:03:55,282 : INFO : EventManager : Event: ======'machine_var_audits_switches_s_tilt'====== Args={'value': 0, 'prev_value': None, 'change': True}
2020-10-05 08:03:55,283 : INFO : EventManager : Event: ======'machine_var_audits_switches_s_trough1'====== Args={'value': 513, 'prev_value': None, 'change': True}
2020-10-05 08:03:55,284 : INFO : EventManager : Event: ======'machine_var_audits_switches_s_trough2'====== Args={'value': 72, 'prev_value': None, 'change': True}
2020-10-05 08:03:55,285 : INFO : EventManager : Event: ======'machine_var_audits_switches_s_trough_jam'====== Args={'value': 13, 'prev_value': None, 'change': True}
2020-10-05 08:03:55,286 : INFO : EventManager : Event: ======'init_phase_5'====== Args={}
2020-10-05 08:03:55,320 : INFO : EventManager : Event: ======'init_done'====== Args={}
2020-10-05 08:03:55,321 : INFO : EventManager : Event: ======'machine_reset_phase_1'====== Args={}
2020-10-05 08:03:55,332 : INFO : EventManager : Event: ======'slide_welcome_slide_removed'====== Args={'_from_bcp': True}
2020-10-05 08:03:55,337 : INFO : EventManager : Event: ======'slide_welcome_slide_created'====== Args={'_from_bcp': True}
2020-10-05 08:03:55,340 : INFO : EventManager : Event: ======'machine_reset_phase_2'====== Args={}
2020-10-05 08:03:55,340 : INFO : EventManager : Event: ======'machine_reset_phase_3'====== Args={}
2020-10-05 08:03:55,341 : INFO : drop_target_bank.cup_bank : All targets are already up. Will not reset bank.
2020-10-05 08:03:55,341 : INFO : drop_target_bank.mug_bank : All targets are already up. Will not reset bank.
2020-10-05 08:03:55,341 : INFO : EventManager : Event: ======'reset_complete'====== Args={}
2020-10-05 08:03:55,341 : INFO : EventManager : Event: ======'mode_attract_will_start'====== Args={}
2020-10-05 08:03:55,345 : INFO : EventManager : Event: ======'mode_attract_starting'====== Args={}
2020-10-05 08:03:55,345 : INFO : Mode.attract : Started. Priority: 10
2020-10-05 08:03:55,345 : INFO : EventManager : Event: ======'modes_active_modes_changed'====== Args={}
2020-10-05 08:03:55,345 : INFO : EventManager : Event: ======'mode_attract_started'====== Args={}
2020-10-05 08:03:55,352 : INFO : EventManager : Event: ======'collecting_balls_complete'====== Args={}
2020-10-05 08:03:55,405 : INFO : EventManager : Event: ======'slide_welcome_slide_active'====== Args={'_from_bcp': True}
2020-10-05 08:03:55,405 : INFO : EventManager : Event: ======'slide_awesome_slide_created'====== Args={'_from_bcp': True}
2020-10-05 08:03:55,405 : INFO : EventManager : Event: ======'slide_awesome_slide_active'====== Args={'_from_bcp': True}
2020-10-05 08:03:55,406 : INFO : Machine : Starting the main run loop.
2020-10-05 08:03:55,406 : INFO : BcpServer : New client connected.
2020-10-05 08:03:58,375 : INFO : EventManager : Event: ======'slide_press_start_created'====== Args={'_from_bcp': True}
2020-10-05 08:03:58,382 : INFO : EventManager : Event: ======'slide_press_start_active'====== Args={'_from_bcp': True}
2020-10-05 08:04:01,373 : INFO : EventManager : Event: ======'slide_mission_pinball_created'====== Args={'_from_bcp': True}
2020-10-05 08:04:01,381 : INFO : EventManager : Event: ======'slide_mission_pinball_active'====== Args={'_from_bcp': True}
2020-10-05 08:04:04,371 : INFO : EventManager : Event: ======'slide_last_game_score_slide_created'====== Args={'_from_bcp': True}
2020-10-05 08:04:04,375 : INFO : EventManager : Event: ======'slide_last_game_score_slide_active'====== Args={'_from_bcp': True}
2020-10-05 08:04:07,372 : INFO : EventManager : Event: ======'slide_awesome_slide_removed'====== Args={'_from_bcp': True}
2020-10-05 08:04:07,377 : INFO : EventManager : Event: ======'slide_awesome_slide_created'====== Args={'_from_bcp': True}
2020-10-05 08:04:07,383 : INFO : EventManager : Event: ======'slide_awesome_slide_active'====== Args={'_from_bcp': True}
2020-10-05 08:04:10,384 : INFO : EventManager : Event: ======'slide_press_start_removed'====== Args={'_from_bcp': True}
2020-10-05 08:04:10,399 : INFO : EventManager : Event: ======'slide_press_start_created'====== Args={'_from_bcp': True}
2020-10-05 08:04:10,403 : INFO : EventManager : Event: ======'slide_press_start_active'====== Args={'_from_bcp': True}
2020-10-05 08:04:13,373 : INFO : EventManager : Event: ======'slide_mission_pinball_removed'====== Args={'_from_bcp': True}
2020-10-05 08:04:13,381 : INFO : EventManager : Event: ======'slide_mission_pinball_created'====== Args={'_from_bcp': True}
2020-10-05 08:04:13,386 : INFO : EventManager : Event: ======'slide_mission_pinball_active'====== Args={'_from_bcp': True}
2020-10-05 08:04:16,368 : INFO : EventManager : Event: ======'slide_last_game_score_slide_removed'====== Args={'_from_bcp': True}
2020-10-05 08:04:16,377 : INFO : EventManager : Event: ======'slide_last_game_score_slide_created'====== Args={'_from_bcp': True}
2020-10-05 08:04:16,386 : INFO : EventManager : Event: ======'slide_last_game_score_slide_active'====== Args={'_from_bcp': True}
2020-10-05 08:04:19,373 : INFO : EventManager : Event: ======'slide_awesome_slide_removed'====== Args={'_from_bcp': True}
2020-10-05 08:04:19,382 : INFO : EventManager : Event: ======'slide_awesome_slide_created'====== Args={'_from_bcp': True}
2020-10-05 08:04:19,388 : INFO : EventManager : Event: ======'slide_awesome_slide_active'====== Args={'_from_bcp': True}
2020-10-05 08:04:22,366 : INFO : EventManager : Event: ======'slide_press_start_removed'====== Args={'_from_bcp': True}
2020-10-05 08:04:22,378 : INFO : EventManager : Event: ======'slide_press_start_created'====== Args={'_from_bcp': True}
2020-10-05 08:04:22,393 : INFO : EventManager : Event: ======'slide_press_start_active'====== Args={'_from_bcp': True}
2020-10-05 08:04:25,372 : INFO : EventManager : Event: ======'slide_mission_pinball_removed'====== Args={'_from_bcp': True}
2020-10-05 08:04:25,381 : INFO : EventManager : Event: ======'slide_mission_pinball_created'====== Args={'_from_bcp': True}
2020-10-05 08:04:25,387 : INFO : EventManager : Event: ======'slide_mission_pinball_active'====== Args={'_from_bcp': True}
2020-10-05 08:04:28,359 : INFO : EventManager : Event: ======'slide_last_game_score_slide_removed'====== Args={'_from_bcp': True}
2020-10-05 08:04:28,369 : INFO : EventManager : Event: ======'slide_last_game_score_slide_created'====== Args={'_from_bcp': True}
2020-10-05 08:04:28,373 : INFO : EventManager : Event: ======'slide_last_game_score_slide_active'====== Args={'_from_bcp': True}
2020-10-05 08:04:31,358 : INFO : EventManager : Event: ======'slide_awesome_slide_removed'====== Args={'_from_bcp': True}
2020-10-05 08:04:31,363 : INFO : EventManager : Event: ======'slide_awesome_slide_created'====== Args={'_from_bcp': True}
2020-10-05 08:04:31,366 : INFO : EventManager : Event: ======'slide_awesome_slide_active'====== Args={'_from_bcp': True}
2020-10-05 08:04:34,370 : INFO : EventManager : Event: ======'slide_press_start_removed'====== Args={'_from_bcp': True}
2020-10-05 08:04:34,397 : INFO : EventManager : Event: ======'slide_press_start_created'====== Args={'_from_bcp': True}
2020-10-05 08:04:34,404 : INFO : EventManager : Event: ======'slide_press_start_active'====== Args={'_from_bcp': True}
2020-10-05 08:04:37,355 : INFO : EventManager : Event: ======'slide_mission_pinball_removed'====== Args={'_from_bcp': True}
2020-10-05 08:04:37,360 : INFO : EventManager : Event: ======'slide_mission_pinball_created'====== Args={'_from_bcp': True}
2020-10-05 08:04:37,363 : INFO : EventManager : Event: ======'slide_mission_pinball_active'====== Args={'_from_bcp': True}
2020-10-05 08:04:40,373 : INFO : EventManager : Event: ======'slide_last_game_score_slide_removed'====== Args={'_from_bcp': True}
2020-10-05 08:04:40,382 : INFO : EventManager : Event: ======'slide_last_game_score_slide_created'====== Args={'_from_bcp': True}
2020-10-05 08:04:40,388 : INFO : EventManager : Event: ======'slide_last_game_score_slide_active'====== Args={'_from_bcp': True}
2020-10-05 08:04:43,377 : INFO : EventManager : Event: ======'slide_awesome_slide_removed'====== Args={'_from_bcp': True}
2020-10-05 08:04:43,418 : INFO : EventManager : Event: ======'slide_awesome_slide_created'====== Args={'_from_bcp': True}
2020-10-05 08:04:43,430 : INFO : EventManager : Event: ======'slide_awesome_slide_active'====== Args={'_from_bcp': True}
2020-10-05 08:04:46,371 : INFO : EventManager : Event: ======'slide_press_start_removed'====== Args={'_from_bcp': True}
2020-10-05 08:04:46,382 : INFO : EventManager : Event: ======'slide_press_start_created'====== Args={'_from_bcp': True}
2020-10-05 08:04:46,390 : INFO : EventManager : Event: ======'slide_press_start_active'====== Args={'_from_bcp': True}
2020-10-05 08:04:49,367 : INFO : EventManager : Event: ======'slide_mission_pinball_removed'====== Args={'_from_bcp': True}
2020-10-05 08:04:49,371 : INFO : EventManager : Event: ======'slide_mission_pinball_created'====== Args={'_from_bcp': True}
2020-10-05 08:04:49,374 : INFO : EventManager : Event: ======'slide_mission_pinball_active'====== Args={'_from_bcp': True}
2020-10-05 08:04:52,373 : INFO : EventManager : Event: ======'slide_last_game_score_slide_removed'====== Args={'_from_bcp': True}
2020-10-05 08:04:52,386 : INFO : EventManager : Event: ======'slide_last_game_score_slide_created'====== Args={'_from_bcp': True}
2020-10-05 08:04:52,392 : INFO : EventManager : Event: ======'slide_last_game_score_slide_active'====== Args={'_from_bcp': True}
2020-10-05 08:04:55,368 : INFO : EventManager : Event: ======'slide_awesome_slide_removed'====== Args={'_from_bcp': True}
2020-10-05 08:04:55,373 : INFO : EventManager : Event: ======'slide_awesome_slide_created'====== Args={'_from_bcp': True}
2020-10-05 08:04:55,375 : INFO : EventManager : Event: ======'slide_awesome_slide_active'====== Args={'_from_bcp': True}
2020-10-05 08:04:58,358 : INFO : EventManager : Event: ======'slide_press_start_removed'====== Args={'_from_bcp': True}
2020-10-05 08:04:58,365 : INFO : EventManager : Event: ======'slide_press_start_created'====== Args={'_from_bcp': True}
2020-10-05 08:04:58,369 : INFO : EventManager : Event: ======'slide_press_start_active'====== Args={'_from_bcp': True}
2020-10-05 08:05:01,366 : INFO : EventManager : Event: ======'slide_mission_pinball_removed'====== Args={'_from_bcp': True}
2020-10-05 08:05:01,373 : INFO : EventManager : Event: ======'slide_mission_pinball_created'====== Args={'_from_bcp': True}
2020-10-05 08:05:01,376 : INFO : EventManager : Event: ======'slide_mission_pinball_active'====== Args={'_from_bcp': True}
2020-10-05 08:05:04,360 : INFO : EventManager : Event: ======'slide_last_game_score_slide_removed'====== Args={'_from_bcp': True}
2020-10-05 08:05:04,368 : INFO : EventManager : Event: ======'slide_last_game_score_slide_created'====== Args={'_from_bcp': True}
2020-10-05 08:05:04,373 : INFO : EventManager : Event: ======'slide_last_game_score_slide_active'====== Args={'_from_bcp': True}
2020-10-05 08:05:07,357 : INFO : EventManager : Event: ======'slide_awesome_slide_removed'====== Args={'_from_bcp': True}
2020-10-05 08:05:07,362 : INFO : EventManager : Event: ======'slide_awesome_slide_created'====== Args={'_from_bcp': True}
2020-10-05 08:05:07,365 : INFO : EventManager : Event: ======'slide_awesome_slide_active'====== Args={'_from_bcp': True}
2020-10-05 08:05:10,362 : INFO : EventManager : Event: ======'slide_press_start_removed'====== Args={'_from_bcp': True}
2020-10-05 08:05:10,368 : INFO : EventManager : Event: ======'slide_press_start_created'====== Args={'_from_bcp': True}
2020-10-05 08:05:10,372 : INFO : EventManager : Event: ======'slide_press_start_active'====== Args={'_from_bcp': True}
2020-10-05 08:05:13,366 : INFO : EventManager : Event: ======'slide_mission_pinball_removed'====== Args={'_from_bcp': True}
2020-10-05 08:05:13,374 : INFO : EventManager : Event: ======'slide_mission_pinball_created'====== Args={'_from_bcp': True}
2020-10-05 08:05:13,381 : INFO : EventManager : Event: ======'slide_mission_pinball_active'====== Args={'_from_bcp': True}
2020-10-05 08:05:16,367 : INFO : EventManager : Event: ======'slide_last_game_score_slide_removed'====== Args={'_from_bcp': True}
2020-10-05 08:05:16,390 : INFO : EventManager : Event: ======'slide_last_game_score_slide_created'====== Args={'_from_bcp': True}
2020-10-05 08:05:16,396 : INFO : EventManager : Event: ======'slide_last_game_score_slide_active'====== Args={'_from_bcp': True}
2020-10-05 08:05:19,356 : INFO : EventManager : Event: ======'slide_awesome_slide_removed'====== Args={'_from_bcp': True}
2020-10-05 08:05:19,361 : INFO : EventManager : Event: ======'slide_awesome_slide_created'====== Args={'_from_bcp': True}
2020-10-05 08:05:19,364 : INFO : EventManager : Event: ======'slide_awesome_slide_active'====== Args={'_from_bcp': True}
2020-10-05 08:05:22,363 : INFO : EventManager : Event: ======'slide_press_start_removed'====== Args={'_from_bcp': True}
2020-10-05 08:05:22,370 : INFO : EventManager : Event: ======'slide_press_start_created'====== Args={'_from_bcp': True}
2020-10-05 08:05:22,373 : INFO : EventManager : Event: ======'slide_press_start_active'====== Args={'_from_bcp': True}
2020-10-05 08:05:25,367 : INFO : EventManager : Event: ======'slide_mission_pinball_removed'====== Args={'_from_bcp': True}
2020-10-05 08:05:25,375 : INFO : EventManager : Event: ======'slide_mission_pinball_created'====== Args={'_from_bcp': True}
2020-10-05 08:05:25,383 : INFO : EventManager : Event: ======'slide_mission_pinball_active'====== Args={'_from_bcp': True}
2020-10-05 08:05:28,358 : INFO : EventManager : Event: ======'slide_last_game_score_slide_removed'====== Args={'_from_bcp': True}
2020-10-05 08:05:28,365 : INFO : EventManager : Event: ======'slide_last_game_score_slide_created'====== Args={'_from_bcp': True}
2020-10-05 08:05:28,369 : INFO : EventManager : Event: ======'slide_last_game_score_slide_active'====== Args={'_from_bcp': True}
2020-10-05 08:05:31,372 : INFO : EventManager : Event: ======'slide_awesome_slide_removed'====== Args={'_from_bcp': True}
2020-10-05 08:05:31,376 : INFO : EventManager : Event: ======'slide_awesome_slide_created'====== Args={'_from_bcp': True}
2020-10-05 08:05:31,381 : INFO : EventManager : Event: ======'slide_awesome_slide_active'====== Args={'_from_bcp': True}
2020-10-05 08:05:31,705 : INFO : SwitchController : <<<<<<< 's_start' active >>>>>>>
2020-10-05 08:05:31,846 : INFO : SwitchController : <<<<<<< 's_start' inactive >>>>>>>
2020-10-05 08:05:31,846 : INFO : EventManager : Event: ======'request_to_start_game'====== Args={}
2020-10-05 08:05:31,847 : INFO : EventManager : Event: ======'game_start'====== Args={'buttons': [], 'hold_time': 0.14100000000325963}
2020-10-05 08:05:31,848 : INFO : EventManager : Event: ======'mode_game_will_start'====== Args={'buttons': [], 'hold_time': 0.14100000000325963}
2020-10-05 08:05:31,849 : INFO : EventManager : Event: ======'mode_game_starting'====== Args={'buttons': [], 'hold_time': 0.14100000000325963}
2020-10-05 08:05:31,850 : INFO : EventManager : Event: ======'mode_attract_will_stop'====== Args={}
2020-10-05 08:05:31,851 : INFO : EventManager : Event: ======'mode_attract_stopping'====== Args={}
2020-10-05 08:05:31,851 : INFO : Mode.attract : Stopped.
2020-10-05 08:05:31,851 : INFO : EventManager : Event: ======'modes_active_modes_changed'====== Args={}
2020-10-05 08:05:31,853 : INFO : EventManager : Event: ======'mode_attract_stopped'====== Args={}
2020-10-05 08:05:31,854 : INFO : EventManager : Event: ======'clear'====== Args={'key': 'attract'}
2020-10-05 08:05:31,854 : INFO : Mode.game : Started. Priority: 20
2020-10-05 08:05:31,854 : INFO : EventManager : Event: ======'modes_active_modes_changed'====== Args={}
2020-10-05 08:05:31,855 : INFO : EventManager : Event: ======'mode_game_started'====== Args={'buttons': [], 'hold_time': 0.14100000000325963}
2020-10-05 08:05:31,899 : INFO : EventManager : Event: ======'game_will_start'====== Args={}
2020-10-05 08:05:31,901 : INFO : EventManager : Event: ======'slide_press_start_removed'====== Args={'_from_bcp': True}
2020-10-05 08:05:31,902 : INFO : EventManager : Event: ======'slide_mission_pinball_removed'====== Args={'_from_bcp': True}
2020-10-05 08:05:31,903 : INFO : EventManager : Event: ======'slide_last_game_score_slide_removed'====== Args={'_from_bcp': True}
2020-10-05 08:05:31,903 : INFO : EventManager : Event: ======'slide_awesome_slide_removed'====== Args={'_from_bcp': True}
2020-10-05 08:05:31,904 : INFO : EventManager : Event: ======'slide_welcome_slide_active'====== Args={'_from_bcp': True}
2020-10-05 08:05:31,905 : INFO : EventManager : Event: ======'game_starting'====== Args={'game': <Mode.game>}
2020-10-05 08:05:31,906 : INFO : EventManager : Event: ======'player_add_request'====== Args={}
2020-10-05 08:05:31,907 : INFO : EventManager : Event: ======'player_will_add'====== Args={'number': 1}
2020-10-05 08:05:31,907 : INFO : EventManager : Event: ======'player_adding'====== Args={'player': <Player 1>, 'number': 1}
2020-10-05 08:05:31,911 : INFO : EventManager : Event: ======'player_added'====== Args={'player': <Player 1>, 'num': 1}
2020-10-05 08:05:31,911 : INFO : Mode.game : Player added successfully. Total players: 1
2020-10-05 08:05:31,912 : INFO : EventManager : Event: ======'player_index'====== Args={'value': 0, 'prev_value': 0, 'change': 0, 'player_num': 1}
2020-10-05 08:05:31,913 : INFO : EventManager : Event: ======'player_number'====== Args={'value': 1, 'prev_value': 1, 'change': 0, 'player_num': 1}
2020-10-05 08:05:31,913 : INFO : EventManager : Event: ======'player_bonus_multiplier'====== Args={'value': 1, 'prev_value': 1, 'change': 0, 'player_num': 1}
2020-10-05 08:05:31,914 : INFO : EventManager : Event: ======'player_contracts'====== Args={'value': 0, 'prev_value': 0, 'change': 0, 'player_num': 1}
2020-10-05 08:05:31,915 : INFO : EventManager : Event: ======'player_score'====== Args={'value': 0, 'prev_value': 0, 'change': 0, 'player_num': 1}
2020-10-05 08:05:31,917 : INFO : EventManager : Event: ======'game_started'====== Args={}
2020-10-05 08:05:31,947 : INFO : EventManager : Event: ======'player_turn_will_start'====== Args={'player': <Player 1>, 'number': 1}
2020-10-05 08:05:31,948 : INFO : EventManager : Event: ======'player_turn_starting'====== Args={'player': <Player 1>, 'number': 1}
2020-10-05 08:05:31,950 : INFO : EventManager : Event: ======'player_ball'====== Args={'value': 1, 'prev_value': 0, 'change': 1, 'player_num': 1}
2020-10-05 08:05:31,950 : INFO : EventManager : Event: ======'player_turn_started'====== Args={'player': <Player 1>, 'number': 1}
2020-10-05 08:05:31,955 : INFO : EventManager : Event: ======'ball_will_start'====== Args={'player': 1, 'ball': 1, 'balls_remaining': 4, 'is_extra_ball': False}
2020-10-05 08:05:31,976 : INFO : EventManager : Event: ======'ball_starting'====== Args={'player': 1, 'ball': 1, 'balls_remaining': 4, 'is_extra_ball': False}
2020-10-05 08:05:31,978 : INFO : EventManager : Event: ======'mode_base_will_start'====== Args={'queue': <QueuedEvent>, 'player': 1, 'ball': 1, 'balls_remaining': 4, 'is_extra_ball': False}
2020-10-05 08:05:31,983 : INFO : EventManager : Event: ======'mode_base_starting'====== Args={'queue': <QueuedEvent>, 'player': 1, 'ball': 1, 'balls_remaining': 4, 'is_extra_ball': False}
2020-10-05 08:05:31,984 : INFO : drop_target_bank.cup_bank : All targets are already up. Will not reset bank.
2020-10-05 08:05:31,984 : INFO : drop_target_bank.mug_bank : All targets are already up. Will not reset bank.
2020-10-05 08:05:31,985 : INFO : EventManager : Event: ======'balls_in_play'====== Args={'balls': 1}
2020-10-05 08:05:31,986 : INFO : EventManager : Event: ======'ball_started'====== Args={'player': 1, 'ball': 1, 'balls_remaining': 4, 'is_extra_ball': False}
2020-10-05 08:05:31,987 : INFO : EventManager : Event: ======'logicblock_bonus_updated'====== Args={'value': 0, 'enabled': True}
2020-10-05 08:05:31,988 : INFO : EventManager : Event: ======'logicblock_bonus_updated'====== Args={'value': 0, 'enabled': True}
2020-10-05 08:05:31,989 : INFO : Mode.base : Started. Priority: 100
2020-10-05 08:05:31,989 : INFO : EventManager : Event: ======'modes_active_modes_changed'====== Args={}
2020-10-05 08:05:31,990 : INFO : EventManager : Event: ======'mode_base_started'====== Args={'queue': <QueuedEvent>, 'player': 1, 'ball': 1, 'balls_remaining': 4, 'is_extra_ball': False}
2020-10-05 08:05:31,992 : INFO : EventManager : Event: ======'mode_soulLanes_will_start'====== Args={'player': 1, 'ball': 1, 'balls_remaining': 4, 'is_extra_ball': False}
2020-10-05 08:05:31,992 : INFO : EventManager : Event: ======'player_shot_soul_S_enabled'====== Args={'value': True, 'prev_value': 0, 'change': 1, 'player_num': 1}
2020-10-05 08:05:31,995 : INFO : EventManager : Event: ======'player_shot_soul_O_enabled'====== Args={'value': True, 'prev_value': 0, 'change': 1, 'player_num': 1}
2020-10-05 08:05:31,997 : INFO : EventManager : Event: ======'player_shot_soul_U_enabled'====== Args={'value': True, 'prev_value': 0, 'change': 1, 'player_num': 1}
2020-10-05 08:05:31,999 : INFO : EventManager : Event: ======'player_shot_soul_L_enabled'====== Args={'value': True, 'prev_value': 0, 'change': 1, 'player_num': 1}
2020-10-05 08:05:32,000 : INFO : EventManager : Event: ======'soul_lanes_complete'====== Args={'state': 'unlit'}
2020-10-05 08:05:32,001 : INFO : EventManager : Event: ======'soul_lanes_unlit_complete'====== Args={}
2020-10-05 08:05:32,006 : INFO : EventManager : Event: ======'mode_soulLanes_starting'====== Args={'player': 1, 'ball': 1, 'balls_remaining': 4, 'is_extra_ball': False}
2020-10-05 08:05:32,013 : INFO : EventManager : Event: ======'logicblock_soul_complete_count_updated'====== Args={'value': 1, 'enabled': True}
2020-10-05 08:05:32,014 : INFO : EventManager : Event: ======'logicblock_soul_complete_count_updated'====== Args={'value': 1, 'enabled': True}
2020-10-05 08:05:32,014 : INFO : Mode.soulLanes : Started. Priority: 110
2020-10-05 08:05:32,014 : INFO : EventManager : Event: ======'modes_active_modes_changed'====== Args={}
2020-10-05 08:05:32,015 : INFO : EventManager : Event: ======'mode_soulLanes_started'====== Args={'player': 1, 'ball': 1, 'balls_remaining': 4, 'is_extra_ball': False}
2020-10-05 08:05:32,015 : INFO : EventManager : Event: ======'single_player_ball_started'====== Args={}
2020-10-05 08:05:32,100 : INFO : ball_device.bd_plunger : Setting up player-controlled eject. Balls: 1, Target: <playfield.playfield>, player_controlled_eject_event: None
2020-10-05 08:05:32,114 : INFO : EventManager : Event: ======'balldevice_balls_available'====== Args={}
2020-10-05 08:05:32,167 : INFO : EventManager : Event: ======'slide_base.slide_player-mode_base_started_created'====== Args={'_from_bcp': True}
2020-10-05 08:05:32,168 : INFO : EventManager : Event: ======'slide_base.slide_player-mode_base_started_active'====== Args={'_from_bcp': True}
2020-10-05 08:05:32,170 : INFO : ball_device.bd_trough : State: waiting_for_target_ready
2020-10-05 08:05:32,171 : INFO : EventManager : Event: ======'balldevice_bd_trough_ball_eject_attempt'====== Args={'balls': 1, 'target': <ball_device.bd_plunger>, 'source': <ball_device.bd_trough>, 'mechanical_eject': True, 'num_attempts': 0}
2020-10-05 08:05:32,172 : INFO : ball_device.bd_plunger : State: waiting_for_ball
2020-10-05 08:05:32,173 : INFO : ball_device.bd_trough : State: ejecting
2020-10-05 08:05:32,173 : INFO : ball_device.bd_trough : Ejecting ball to <ball_device.bd_plunger>
2020-10-05 08:05:32,174 : INFO : EventManager : Event: ======'balldevice_bd_trough_ejecting_ball'====== Args={'balls': 1, 'target': <ball_device.bd_plunger>, 'source': <ball_device.bd_trough>, 'mechanical_eject': True, 'num_attempts': 0}
2020-10-05 08:05:32,178 : INFO : ball_device.bd_trough : Wait for ball to leave device
2020-10-05 08:05:32,178 : INFO : coil.c_trough_eject : Pulsing Driver for 20ms (1.0 pulse_power)
2020-10-05 08:05:32,179 : INFO : SwitchController : <<<<<<< 's_trough1' inactive >>>>>>>
2020-10-05 08:05:32,199 : INFO : ball_device.bd_trough : State: ball_left
2020-10-05 08:05:32,199 : INFO : ball_device.bd_trough : Ball left
2020-10-05 08:05:32,200 : INFO : ball_device.bd_trough : Wait for confirm with timeout 10.0
2020-10-05 08:05:32,283 : INFO : SwitchController : <<<<<<< 's_plunger' active >>>>>>>
2020-10-05 08:05:32,283 : INFO : EventManager : Event: ======'machine_var_audits_switches_s_plunger'====== Args={'value': 574, 'prev_value': 573, 'change': 1}
2020-10-05 08:05:32,785 : INFO : ball_device.bd_plunger : Received ball from <ball_device.bd_trough>
2020-10-05 08:05:32,786 : INFO : EventManager : Event: ======'balldevice_bd_plunger_ball_enter'====== Args={'new_balls': 1, 'unclaimed_balls': 0, 'new_available_balls': 0, 'device': <ball_device.bd_plunger>}
2020-10-05 08:05:32,787 : INFO : EventManager : Event: ======'balldevice_bd_plunger_ball_entered'====== Args={'new_balls': 0, 'device': <ball_device.bd_plunger>}
2020-10-05 08:05:32,788 : INFO : EventManager : Event: ======'balldevice_bd_plunger_ball_count_changed'====== Args={'balls': 1}
2020-10-05 08:05:32,788 : INFO : ball_device.bd_trough : Got eject confirm
2020-10-05 08:05:32,789 : INFO : ball_device.bd_trough : Eject successful
2020-10-05 08:05:32,789 : INFO : EventManager : Event: ======'balldevice_bd_trough_ball_eject_success'====== Args={'balls': 1, 'target': <ball_device.bd_plunger>}
2020-10-05 08:05:32,790 : INFO : EventManager : Event: ======'balldevice_bd_trough_ball_count_changed'====== Args={'balls': 1}
2020-10-05 08:05:32,791 : INFO : ball_device.bd_trough : State: idle
2020-10-05 08:05:32,792 : INFO : ball_device.bd_plunger : State: waiting_for_target_ready
2020-10-05 08:05:32,792 : INFO : EventManager : Event: ======'balldevice_bd_plunger_ball_eject_attempt'====== Args={'balls': 1, 'target': <playfield.playfield>, 'source': <ball_device.bd_plunger>, 'mechanical_eject': True, 'num_attempts': 0}
2020-10-05 08:05:32,793 : INFO : ball_device.bd_plunger : State: ejecting
2020-10-05 08:05:32,794 : INFO : ball_device.bd_plunger : Ejecting ball to <playfield.playfield>
2020-10-05 08:05:32,795 : INFO : EventManager : Event: ======'balldevice_bd_plunger_ejecting_ball'====== Args={'balls': 1, 'target': <playfield.playfield>, 'source': <ball_device.bd_plunger>, 'mechanical_eject': True, 'num_attempts': 0}
2020-10-05 08:05:32,797 : INFO : ball_device.bd_plunger : Wait for ball to leave device
2020-10-05 08:05:44,123 : INFO : Machine : Shutting down...
2020-10-05 08:05:44,123 : INFO : EventManager : Event: ======'shutdown'====== Args={}
2020-10-05 08:05:44,123 : INFO : root : MPF run loop ended.
