2020-10-07 17:09:14,672 : kivy : Factory: 184 symbols loaded
2020-10-07 17:09:23,474 : kivy : ImageLoaderFFPy: Using ffpyplayer 4.3.1
2020-10-07 17:09:23,485 : kivy : Image: Providers: img_tex, img_dds, img_sdl2, img_pil, img_ffpyplayer, img_gif 
2020-10-07 17:09:27,031 : kivy : VideoGstplayer: Using Gstreamer 1.16.0.0
2020-10-07 17:09:27,031 : kivy : Video: Provider: gstplayer
2020-10-07 17:09:29,588 : kivy : Loading MPF-MC controller
2020-10-07 17:09:29,600 : YamlMultifileConfigLoader : Machine config file #1: config
2020-10-07 17:09:29,602 : ConfigProcessor : Config file in cache changed: c:\GitHub\Cuphead\config\config
2020-10-07 17:09:29,603 : ConfigProcessor : Loading config from file c:\users\themi\appdata\local\programs\python\python36\lib\site-packages\mpfmc\mcconfig.yaml.
2020-10-07 17:09:29,706 : ConfigProcessor : Loading config: c:\users\themi\appdata\local\programs\python\python36\lib\site-packages\mpfmc\mcconfig.yaml
2020-10-07 17:09:29,706 : ConfigProcessor : Loading config from file c:\GitHub\Cuphead\config\config.
2020-10-07 17:09:29,743 : ConfigProcessor : Loading config: c:\GitHub\Cuphead\config\config
2020-10-07 17:09:29,762 : ConfigProcessor : Loading config: c:\GitHub\Cuphead\config\keyboard.yaml
2020-10-07 17:09:29,811 : ConfigProcessor : Loading config: c:\GitHub\Cuphead\config\hwSwitches.yaml
2020-10-07 17:09:29,929 : ConfigProcessor : Loading config: c:\GitHub\Cuphead\config\hwLights.yaml
2020-10-07 17:09:29,958 : ConfigProcessor : Loading config: c:\GitHub\Cuphead\config\hwCoils.yaml
2020-10-07 17:09:29,963 : ConfigProcessor : Config file cache created: C:\Users\themi\AppData\Local\Temp\0cbdbb896bde7c562664fa91ae109528.mpf_cache
2020-10-07 17:09:29,965 : ConfigProcessor : Loading config from cache: C:\Users\themi\AppData\Local\Temp\89b9c5cb952cce9fc74d723399719cc6.mpf_cache
2020-10-07 17:09:29,966 : ConfigProcessor : Loading config from cache: C:\Users\themi\AppData\Local\Temp\4fcecb70f81c3c2fefb8e65ae9a0af5f.mpf_cache
2020-10-07 17:09:29,968 : ConfigProcessor : Loading config from cache: C:\Users\themi\AppData\Local\Temp\5820a65357aa32f3082a694bbd0b1b93.mpf_cache
2020-10-07 17:09:29,969 : ConfigProcessor : Loading config from cache: C:\Users\themi\AppData\Local\Temp\2f1df67e0c6599f893aeb5468bc976f9.mpf_cache
2020-10-07 17:09:29,970 : ConfigProcessor : Loading config from cache: C:\Users\themi\AppData\Local\Temp\3e28196fea866bd961d93515ab5c664b.mpf_cache
2020-10-07 17:09:29,971 : mpfmc : Mission Pinball Framework Media Controller v0.54.0-dev.20
2020-10-07 17:09:29,972 : mpfmc : Mission Pinball Framework Game Engine v0.54.0-dev.72
2020-10-07 17:09:29,972 : mpfmc : Machine path: c:\GitHub\Cuphead
2020-10-07 17:09:29,972 : mpfmc : Starting clock at 60.0Hz
2020-10-07 17:09:30,636 : kivy : Text: Provider: sdl2
2020-10-07 17:09:31,458 : kivy : Window: Provider: sdl2
2020-10-07 17:09:34,780 : kivy : GL: Using the "OpenGL" graphics system
2020-10-07 17:09:34,815 : kivy : GL: GLEW initialization succeeded
2020-10-07 17:09:34,816 : kivy : GL: Backend used <glew>
2020-10-07 17:09:34,820 : kivy : GL: OpenGL version <b'4.5.14568 Compatibility Profile Context 24.20.12050.0'>
2020-10-07 17:09:34,820 : kivy : GL: OpenGL vendor <b'ATI Technologies Inc.'>
2020-10-07 17:09:34,820 : kivy : GL: OpenGL renderer <b'AMD Radeon(TM) R4 Graphics'>
2020-10-07 17:09:34,822 : kivy : GL: OpenGL parsed version: 4, 5
2020-10-07 17:09:34,822 : kivy : GL: Shading version <b'4.50'>
2020-10-07 17:09:34,822 : kivy : GL: Texture max size <16384>
2020-10-07 17:09:34,822 : kivy : GL: Texture max units <32>
2020-10-07 17:09:34,915 : kivy : Window: auto add sdl2 input provider
2020-10-07 17:09:34,917 : kivy : Window: virtual keyboard not allowed, single mode, not docked
2020-10-07 17:09:35,045 : SoundSystem : SoundSystem: Using default 'sound_system' settings
2020-10-07 17:10:03,714 : AudioInterface : Initialized
2020-10-07 17:10:03,714 : SoundSystem : No audio tracks are specified in your machine config file. a track named 'default' has been created.
2020-10-07 17:10:03,720 : kivy : Base: Start application main loop
2020-10-07 17:10:03,722 : EventManager : Event: ======'display_window_initialized'====== Args={}
2020-10-07 17:10:03,884 : mpfmc : Display: Setting 'window' as default display
2020-10-07 17:10:03,912 : EventManager : Event: ======'displays_initialized'====== Args={}
2020-10-07 17:10:03,916 : EventManager : Event: ======'slide_window_blank_created'====== Args={}
2020-10-07 17:10:03,916 : EventManager : Event: ======'display_window_ready'====== Args={}
2020-10-07 17:10:04,013 : EventManager : Event: ======'init_phase_1'====== Args={}
2020-10-07 17:10:04,022 : EventManager : Event: ======'mc_ready'====== Args={}
2020-10-07 17:10:04,023 : EventManager : Event: ======'init_phase_2'====== Args={}
2020-10-07 17:10:04,036 : EventManager : Event: ======'init_phase_3'====== Args={}
2020-10-07 17:10:04,039 : AssetManager : Registering Asset: attract_music, File: attract_music.ogg, Default Group: default, Final Config: {'load': 'preload', 'file': 'c:\\GitHub\\Cuphead\\modes\\attract\\sounds\\music\\attract_music.ogg'}
2020-10-07 17:10:04,042 : AssetManager : Registering Asset: cupHighScore, File: cupHighScore.ogg, Default Group: default, Final Config: {'load': 'preload', 'file': 'c:\\GitHub\\Cuphead\\modes\\base\\sounds\\music\\cupHighScore.ogg'}
2020-10-07 17:10:04,043 : AssetManager : Registering Asset: cupMusic1, File: cupMusic1.ogg, Default Group: default, Final Config: {'load': 'preload', 'target': 'music', 'loop': -1, 'mode_end_action': 'stop', 'file': 'c:\\GitHub\\Cuphead\\modes\\base\\sounds\\music\\cupMusic1.ogg'}
2020-10-07 17:10:04,043 : AssetManager : Registering Asset: cupMusic2, File: cupMusic2.ogg, Default Group: default, Final Config: {'load': 'preload', 'target': 'music', 'loop': -1, 'mode_end_action': 'stop', 'file': 'c:\\GitHub\\Cuphead\\modes\\base\\sounds\\music\\cupMusic2.ogg'}
2020-10-07 17:10:04,043 : AssetManager : Registering Asset: cupMusic3, File: cupMusic3.ogg, Default Group: default, Final Config: {'load': 'preload', 'target': 'music', 'loop': -1, 'mode_end_action': 'stop', 'file': 'c:\\GitHub\\Cuphead\\modes\\base\\sounds\\music\\cupMusic3.ogg'}
2020-10-07 17:10:04,043 : AssetManager : Registering Asset: cupMusic4, File: cupMusic4.ogg, Default Group: default, Final Config: {'load': 'preload', 'target': 'music', 'loop': -1, 'mode_end_action': 'stop', 'file': 'c:\\GitHub\\Cuphead\\modes\\base\\sounds\\music\\cupMusic4.ogg'}
2020-10-07 17:10:04,043 : AssetManager : Registering Asset: cupMusic5, File: cupMusic5.ogg, Default Group: default, Final Config: {'load': 'preload', 'file': 'c:\\GitHub\\Cuphead\\modes\\base\\sounds\\music\\cupMusic5.ogg'}
2020-10-07 17:10:04,044 : AssetManager : Registering Asset: cupMusic6, File: cupMusic6.ogg, Default Group: default, Final Config: {'load': 'preload', 'file': 'c:\\GitHub\\Cuphead\\modes\\base\\sounds\\music\\cupMusic6.ogg'}
2020-10-07 17:10:04,044 : AssetManager : Registering Asset: cupMusic7, File: cupMusic7.ogg, Default Group: default, Final Config: {'load': 'preload', 'file': 'c:\\GitHub\\Cuphead\\modes\\base\\sounds\\music\\cupMusic7.ogg'}
2020-10-07 17:10:04,044 : AssetManager : Registering Asset: cupMusic8, File: cupMusic8.ogg, Default Group: default, Final Config: {'load': 'preload', 'file': 'c:\\GitHub\\Cuphead\\modes\\base\\sounds\\music\\cupMusic8.ogg'}
2020-10-07 17:10:04,044 : AssetManager : Registering Asset: cupMusic9, File: cupMusic9.ogg, Default Group: default, Final Config: {'load': 'preload', 'file': 'c:\\GitHub\\Cuphead\\modes\\base\\sounds\\music\\cupMusic9.ogg'}
2020-10-07 17:10:04,044 : AssetManager : Registering Asset: game_play_1, File: game_play_1.ogg, Default Group: default, Final Config: {'load': 'preload', 'file': 'c:\\GitHub\\Cuphead\\modes\\base\\sounds\\music\\game_play_1.ogg'}
2020-10-07 17:10:04,048 : EventManager : Event: ======'init_phase_4'====== Args={}
2020-10-07 17:10:05,483 : EventManager : Event: ======'init_phase_5'====== Args={}
2020-10-07 17:10:09,276 : EventManager : Event: ======'loading_assets'====== Args={'total': 12, 'loaded': 1, 'remaining': 11, 'percent': 8}
2020-10-07 17:10:10,336 : AssetManager : Loading assets: 1/12 (8%)
2020-10-07 17:10:12,287 : EventManager : Event: ======'loading_assets'====== Args={'total': 12, 'loaded': 7, 'remaining': 5, 'percent': 58}
2020-10-07 17:10:12,288 : AssetManager : Loading assets: 7/12 (58%)
2020-10-07 17:10:13,307 : EventManager : Event: ======'loading_assets'====== Args={'total': 12, 'loaded': 8, 'remaining': 4, 'percent': 67}
2020-10-07 17:10:13,307 : AssetManager : Loading assets: 8/12 (67%)
2020-10-07 17:10:14,520 : EventManager : Event: ======'loading_assets'====== Args={'total': 12, 'loaded': 9, 'remaining': 3, 'percent': 75}
2020-10-07 17:10:14,520 : AssetManager : Loading assets: 9/12 (75%)
2020-10-07 17:10:16,093 : EventManager : Event: ======'loading_assets'====== Args={'total': 12, 'loaded': 11, 'remaining': 1, 'percent': 92}
2020-10-07 17:10:16,094 : AssetManager : Loading assets: 11/12 (92%)
2020-10-07 17:10:16,094 : EventManager : Event: ======'loading_assets'====== Args={'total': 12, 'loaded': 12, 'remaining': 0, 'percent': 100}
2020-10-07 17:10:16,094 : AssetManager : Asset loading took: 12.378721952438354
2020-10-07 17:10:16,094 : EventManager : Event: ======'asset_loading_complete'====== Args={}
2020-10-07 17:10:16,094 : AssetManager : Loading assets: 12/12 (100%)
2020-10-07 17:10:16,094 : EventManager : Event: ======'init_done'====== Args={}
2020-10-07 17:10:16,095 : MPF-MC BCP Server : Starting up on localhost port 5050
2020-10-07 17:10:16,152 : MPF-MC BCP Server : Waiting for a connection...
2020-10-07 17:10:16,152 : mpfmc : SlidePlayer: Play called with settings={'slides': {welcome_slide-None-None: {'priority': None, 'target': None, 'background_color': [0.0, 0.0, 0.0, 1.0], 'show': True, 'force': False, 'expire': None, 'slide': None, 'tokens': {}, 'action': 'play', 'transition': None, 'transition_out': None}}}
2020-10-07 17:10:16,234 : kivy : GL: NPOT texture support is available
2020-10-07 17:10:16,236 : EventManager : Event: ======'slide_welcome_slide_created'====== Args={}
2020-10-07 17:10:16,240 : EventManager : Event: ======'slide_welcome_slide_active'====== Args={}
2020-10-07 17:10:16,293 : EventManager : Event: ======'client_disconnected'====== Args={'host': '127.0.0.1', 'port': 5050}
2020-10-07 17:10:16,319 : MPF-MC BCP Server : Received connection from: 127.0.0.1:64275
2020-10-07 17:10:16,320 : EventManager : Event: ======'client_connected'====== Args={'host': '127.0.0.1', 'port': 64275}
2020-10-07 17:10:16,381 : EventManager : Event: ======'machine_var_credits_string'====== Args={'value': 'FREE PLAY', 'prev_value': None, 'change': True}
2020-10-07 17:10:16,381 : EventManager : Event: ======'machine_var_player1_score'====== Args={'value': 52810, 'prev_value': None, 'change': True}
2020-10-07 17:10:16,381 : EventManager : Event: ======'machine_var_mpf_version'====== Args={'value': 'MPF v0.54.0-dev.72', 'prev_value': None, 'change': True}
2020-10-07 17:10:16,381 : EventManager : Event: ======'machine_var_mpf_extended_version'====== Args={'value': 'MPF v0.54.0-dev.72, Config version:5, Show version: 5, BCP version:1.1', 'prev_value': None, 'change': True}
2020-10-07 17:10:16,382 : EventManager : Event: ======'machine_var_python_version'====== Args={'value': '3.6.4', 'prev_value': None, 'change': True}
2020-10-07 17:10:16,382 : EventManager : Event: ======'machine_var_platform'====== Args={'value': 'Windows-10-10.0.18362-SP0', 'prev_value': None, 'change': True}
2020-10-07 17:10:16,382 : EventManager : Event: ======'machine_var_platform_system'====== Args={'value': 'Windows', 'prev_value': None, 'change': True}
2020-10-07 17:10:16,382 : EventManager : Event: ======'machine_var_platform_release'====== Args={'value': '10', 'prev_value': None, 'change': True}
2020-10-07 17:10:16,383 : EventManager : Event: ======'machine_var_platform_version'====== Args={'value': '10.0.18362', 'prev_value': None, 'change': True}
2020-10-07 17:10:16,383 : EventManager : Event: ======'machine_var_platform_machine'====== Args={'value': 'AMD64', 'prev_value': None, 'change': True}
2020-10-07 17:10:16,383 : EventManager : Event: ======'machine_var_mc_version'====== Args={'value': 'MPF-MC v0.54.0-dev.20', 'prev_value': None, 'change': True}
2020-10-07 17:10:16,383 : EventManager : Event: ======'machine_var_mc_extended_version'====== Args={'value': 'MPF-MC v0.54.0-dev.20 (config_version=5, BCP v1.1, Requires MPF v0.54.0-dev.68)', 'prev_value': None, 'change': True}
2020-10-07 17:10:16,383 : EventManager : Event: ======'machine_var_master_volume'====== Args={'value': 0.5, 'prev_value': None, 'change': True}
2020-10-07 17:10:16,515 : EventManager : Event: ======'machine_var_audits_events_game_ended'====== Args={'value': 21, 'prev_value': None, 'change': True}
2020-10-07 17:10:16,516 : EventManager : Event: ======'machine_var_audits_events_game_started'====== Args={'value': 40, 'prev_value': None, 'change': True}
2020-10-07 17:10:16,528 : EventManager : Event: ======'machine_var_audits_player_score'====== Args={'value': {'average': 530.4761904761905, 'top': [2970, 1300, 1220, 980, 880, 780, 720, 710, 630, 590], 'total': 21}, 'prev_value': None, 'change': True}
2020-10-07 17:10:16,529 : EventManager : Event: ======'machine_var_audits_shots_soul_L'====== Args={'value': 382, 'prev_value': None, 'change': True}
2020-10-07 17:10:16,530 : EventManager : Event: ======'machine_var_audits_shots_soul_O'====== Args={'value': 388, 'prev_value': None, 'change': True}
2020-10-07 17:10:16,530 : EventManager : Event: ======'machine_var_audits_shots_soul_S'====== Args={'value': 425, 'prev_value': None, 'change': True}
2020-10-07 17:10:16,531 : EventManager : Event: ======'machine_var_audits_shots_soul_U'====== Args={'value': 385, 'prev_value': None, 'change': True}
2020-10-07 17:10:16,531 : EventManager : Event: ======'machine_var_audits_switches_s_coin'====== Args={'value': 21, 'prev_value': None, 'change': True}
2020-10-07 17:10:16,531 : EventManager : Event: ======'machine_var_audits_switches_s_dash_L'====== Args={'value': 0, 'prev_value': None, 'change': True}
2020-10-07 17:10:16,532 : EventManager : Event: ======'machine_var_audits_switches_s_dash_R'====== Args={'value': 0, 'prev_value': None, 'change': True}
2020-10-07 17:10:16,532 : EventManager : Event: ======'machine_var_audits_switches_s_dtSling_L'====== Args={'value': 0, 'prev_value': None, 'change': True}
2020-10-07 17:10:16,533 : EventManager : Event: ======'machine_var_audits_switches_s_dtSling_R'====== Args={'value': 0, 'prev_value': None, 'change': True}
2020-10-07 17:10:16,533 : EventManager : Event: ======'machine_var_audits_switches_s_dt_C'====== Args={'value': 336, 'prev_value': None, 'change': True}
2020-10-07 17:10:16,534 : EventManager : Event: ======'machine_var_audits_switches_s_dt_G'====== Args={'value': 69, 'prev_value': None, 'change': True}
2020-10-07 17:10:16,534 : EventManager : Event: ======'machine_var_audits_switches_s_dt_M'====== Args={'value': 70, 'prev_value': None, 'change': True}
2020-10-07 17:10:16,535 : EventManager : Event: ======'machine_var_audits_switches_s_dt_P'====== Args={'value': 312, 'prev_value': None, 'change': True}
2020-10-07 17:10:16,535 : EventManager : Event: ======'machine_var_audits_switches_s_dt_U'====== Args={'value': 324, 'prev_value': None, 'change': True}
2020-10-07 17:10:16,535 : EventManager : Event: ======'machine_var_audits_switches_s_dt_U2'====== Args={'value': 62, 'prev_value': None, 'change': True}
2020-10-07 17:10:16,536 : EventManager : Event: ======'machine_var_audits_switches_s_exit_shooter_lane'====== Args={'value': 447, 'prev_value': None, 'change': True}
2020-10-07 17:10:16,536 : EventManager : Event: ======'machine_var_audits_switches_s_inLane_L'====== Args={'value': 0, 'prev_value': None, 'change': True}
2020-10-07 17:10:16,536 : EventManager : Event: ======'machine_var_audits_switches_s_inLane_R'====== Args={'value': 0, 'prev_value': None, 'change': True}
2020-10-07 17:10:16,537 : EventManager : Event: ======'machine_var_audits_switches_s_kicker'====== Args={'value': 0, 'prev_value': None, 'change': True}
2020-10-07 17:10:16,540 : EventManager : Event: ======'machine_var_audits_switches_s_left_flipper'====== Args={'value': 154, 'prev_value': None, 'change': True}
2020-10-07 17:10:16,541 : EventManager : Event: ======'machine_var_audits_switches_s_midRight'====== Args={'value': 0, 'prev_value': None, 'change': True}
2020-10-07 17:10:16,541 : EventManager : Event: ======'machine_var_audits_switches_s_outLane_L'====== Args={'value': 0, 'prev_value': None, 'change': True}
2020-10-07 17:10:16,541 : EventManager : Event: ======'machine_var_audits_switches_s_outLane_R'====== Args={'value': 0, 'prev_value': None, 'change': True}
2020-10-07 17:10:16,541 : EventManager : Event: ======'machine_var_audits_switches_s_perdition'====== Args={'value': 0, 'prev_value': None, 'change': True}
2020-10-07 17:10:16,542 : EventManager : Event: ======'machine_var_audits_switches_s_playfield'====== Args={'value': 0, 'prev_value': None, 'change': True}
2020-10-07 17:10:16,542 : EventManager : Event: ======'machine_var_audits_switches_s_plunger'====== Args={'value': 728, 'prev_value': None, 'change': True}
2020-10-07 17:10:16,543 : EventManager : Event: ======'machine_var_audits_switches_s_popBumper_1'====== Args={'value': 566, 'prev_value': None, 'change': True}
2020-10-07 17:10:16,543 : EventManager : Event: ======'machine_var_audits_switches_s_popBumper_2'====== Args={'value': 492, 'prev_value': None, 'change': True}
2020-10-07 17:10:16,543 : EventManager : Event: ======'machine_var_audits_switches_s_popBumper_3'====== Args={'value': 222, 'prev_value': None, 'change': True}
2020-10-07 17:10:16,544 : EventManager : Event: ======'machine_var_audits_switches_s_pop_bumper1'====== Args={'value': 120, 'prev_value': None, 'change': True}
2020-10-07 17:10:16,544 : EventManager : Event: ======'machine_var_audits_switches_s_pop_bumper2'====== Args={'value': 153, 'prev_value': None, 'change': True}
2020-10-07 17:10:16,545 : EventManager : Event: ======'machine_var_audits_switches_s_pop_bumper3'====== Args={'value': 100, 'prev_value': None, 'change': True}
2020-10-07 17:10:16,546 : EventManager : Event: ======'machine_var_audits_switches_s_right_flipper'====== Args={'value': 224, 'prev_value': None, 'change': True}
2020-10-07 17:10:16,559 : EventManager : Event: ======'machine_var_audits_switches_s_sling_L'====== Args={'value': 0, 'prev_value': None, 'change': True}
2020-10-07 17:10:16,559 : EventManager : Event: ======'machine_var_audits_switches_s_sling_R'====== Args={'value': 0, 'prev_value': None, 'change': True}
2020-10-07 17:10:16,561 : EventManager : Event: ======'machine_var_audits_switches_s_soul_L'====== Args={'value': 383, 'prev_value': None, 'change': True}
2020-10-07 17:10:16,561 : EventManager : Event: ======'machine_var_audits_switches_s_soul_O'====== Args={'value': 393, 'prev_value': None, 'change': True}
2020-10-07 17:10:16,561 : EventManager : Event: ======'machine_var_audits_switches_s_soul_S'====== Args={'value': 425, 'prev_value': None, 'change': True}
2020-10-07 17:10:16,561 : EventManager : Event: ======'machine_var_audits_switches_s_soul_U'====== Args={'value': 385, 'prev_value': None, 'change': True}
2020-10-07 17:10:16,562 : EventManager : Event: ======'machine_var_audits_switches_s_standUp_1'====== Args={'value': 0, 'prev_value': None, 'change': True}
2020-10-07 17:10:16,562 : EventManager : Event: ======'machine_var_audits_switches_s_standUp_2'====== Args={'value': 0, 'prev_value': None, 'change': True}
2020-10-07 17:10:16,563 : EventManager : Event: ======'machine_var_audits_switches_s_standUp_3'====== Args={'value': 0, 'prev_value': None, 'change': True}
2020-10-07 17:10:16,563 : EventManager : Event: ======'machine_var_audits_switches_s_standUp_R'====== Args={'value': 0, 'prev_value': None, 'change': True}
2020-10-07 17:10:16,563 : EventManager : Event: ======'machine_var_audits_switches_s_star_1'====== Args={'value': 0, 'prev_value': None, 'change': True}
2020-10-07 17:10:16,564 : EventManager : Event: ======'machine_var_audits_switches_s_star_2'====== Args={'value': 0, 'prev_value': None, 'change': True}
2020-10-07 17:10:16,564 : EventManager : Event: ======'machine_var_audits_switches_s_star_3'====== Args={'value': 0, 'prev_value': None, 'change': True}
2020-10-07 17:10:16,565 : EventManager : Event: ======'machine_var_audits_switches_s_start'====== Args={'value': 69, 'prev_value': None, 'change': True}
2020-10-07 17:10:16,565 : EventManager : Event: ======'machine_var_audits_switches_s_tilt'====== Args={'value': 0, 'prev_value': None, 'change': True}
2020-10-07 17:10:16,565 : EventManager : Event: ======'machine_var_audits_switches_s_trough1'====== Args={'value': 632, 'prev_value': None, 'change': True}
2020-10-07 17:10:16,565 : EventManager : Event: ======'machine_var_audits_switches_s_trough2'====== Args={'value': 72, 'prev_value': None, 'change': True}
2020-10-07 17:10:16,565 : EventManager : Event: ======'machine_var_audits_switches_s_trough_jam'====== Args={'value': 13, 'prev_value': None, 'change': True}
2020-10-07 17:10:16,603 : EventManager : Event: ======'slides_play'====== Args={'settings': {'welcome_slide': {'target': None, 'background_color': [0.0, 0.0, 0.0, 1.0], 'priority': None, 'show': True, 'force': False, 'expire': None, 'slide': None, 'tokens': {}, 'action': 'play'}}, 'context': '_global', 'calling_context': 'init_done', 'priority': 0}
2020-10-07 17:10:16,603 : EventManager : Event: ======'mc_reset_phase_1'====== Args={}
2020-10-07 17:10:16,604 : mpfmc : SlidePlayer: Play called with settings={'welcome_slide': {'target': None, 'background_color': [0.0, 0.0, 0.0, 1.0], 'priority': None, 'show': True, 'force': False, 'expire': None, 'slide': None, 'tokens': {}, 'action': 'play'}}
2020-10-07 17:10:16,607 : EventManager : Event: ======'slide_welcome_slide_removed'====== Args={}
2020-10-07 17:10:16,612 : EventManager : Event: ======'slide_welcome_slide_created'====== Args={}
2020-10-07 17:10:16,613 : EventManager : Event: ======'mc_reset_phase_2'====== Args={}
2020-10-07 17:10:16,613 : EventManager : Event: ======'mc_reset_phase_3'====== Args={}
2020-10-07 17:10:16,613 : EventManager : Event: ======'mc_reset_complete'====== Args={}
2020-10-07 17:10:16,614 : EventManager : Event: ======'slide_welcome_slide_active'====== Args={}
2020-10-07 17:10:16,629 : EventManager : Event: ======'slides_play'====== Args={'settings': {'awesome_slide': {'widgets': [{'type': 'text', 'text': 'Cuphead Pinball', 'font_size': 50, '_default_settings': ['type', 'text', 'font_size'], 'x': None, 'y': None, 'anchor_x': 'center', 'anchor_y': 'center', 'round_anchor_x': None, 'round_anchor_y': None, 'opacity': 1.0, 'z': 0, 'reset_animations_events': {}, 'color': [1.0, 1.0, 1.0, 1.0], 'style': [], 'adjust_top': 0, 'adjust_bottom': 0, 'adjust_left': 0, 'adjust_right': 0, 'expire': None, 'key': None, 'widget': None, 'events_when_added': [], 'events_when_removed': [], 'bitmap_font': False, 'font_kerning': True, 'bold': False, 'italic': False, 'number_grouping': False, 'min_digits': 0, 'halign': 'center', 'valign': 'middle', 'rotation': 0, 'scale': 1.0, 'casing': None, 'animations': None}], 'transition': {'type': 'push', 'duration': 1.0, 'direction': 'left', 'easing': 'out_quad'}, 'target': None, 'background_color': [0.0, 0.0, 0.0, 1.0], 'priority': None, 'show': True, 'force': False, 'expire': None, 'slide': None, 'tokens': {}, 'action': 'play'}}, 'context': 'show_1', 'calling_context': 0, 'priority': 10, 'show_tokens': {}, 'start_time': 686662.64}
2020-10-07 17:10:16,629 : EventManager : Event: ======'sounds_play'====== Args={'settings': {'attract_music': {'loops': -1, 'mode_end_action': 'stop', 'priority': None, 'action': 'play', 'track': None, 'volume': None, 'pan': None, 'start_at': None, 'fade_in': None, 'fade_out': None, 'about_to_finish_time': -1.0, 'max_queue_time': -1.0, 'events_when_played': ['use_sound_setting'], 'events_when_stopped': ['use_sound_setting'], 'events_when_looping': ['use_sound_setting'], 'events_when_about_to_finish': ['use_sound_setting'], 'key': 'use_sound_setting'}}, 'context': 'attract', 'calling_context': 'mode_attract_started', 'priority': 10}
2020-10-07 17:10:16,630 : mpfmc : SlidePlayer: Play called with settings={'awesome_slide': {'widgets': [{'type': 'text', 'text': 'Cuphead Pinball', 'font_size': 50, '_default_settings': ['type', 'text', 'font_size'], 'x': None, 'y': None, 'anchor_x': 'center', 'anchor_y': 'center', 'round_anchor_x': None, 'round_anchor_y': None, 'opacity': 1.0, 'z': 0, 'reset_animations_events': {}, 'color': [1.0, 1.0, 1.0, 1.0], 'style': [], 'adjust_top': 0, 'adjust_bottom': 0, 'adjust_left': 0, 'adjust_right': 0, 'expire': None, 'key': None, 'widget': None, 'events_when_added': [], 'events_when_removed': [], 'bitmap_font': False, 'font_kerning': True, 'bold': False, 'italic': False, 'number_grouping': False, 'min_digits': 0, 'halign': 'center', 'valign': 'middle', 'rotation': 0, 'scale': 1.0, 'casing': None, 'animations': None}], 'transition': {'type': 'push', 'duration': 1.0, 'direction': 'left', 'easing': 'out_quad'}, 'target': None, 'background_color': [0.0, 0.0, 0.0, 1.0], 'priority': None, 'show': True, 'force': False, 'expire': None, 'slide': None, 'tokens': {}, 'action': 'play'}}
2020-10-07 17:10:16,637 : EventManager : Event: ======'slide_awesome_slide_created'====== Args={}
2020-10-07 17:10:16,711 : EventManager : Event: ======'slide_awesome_slide_active'====== Args={}
2020-10-07 17:10:19,618 : EventManager : Event: ======'slides_play'====== Args={'settings': {'press_start': {'widgets': [{'type': 'Text', 'text': 'PRESS START', 'animations': {'pre_show_slide': [{'property': ['opacity'], 'value': ['0'], 'duration': 0.5, 'relative': False, 'timing': 'after_previous', 'repeat': False, 'easing': 'linear'}, {'property': ['opacity'], 'value': ['1'], 'duration': 0.5, 'repeat': False, 'relative': False, 'timing': 'after_previous', 'easing': 'linear'}]}, '_default_settings': ['type', 'text', 'animations'], 'x': None, 'y': None, 'anchor_x': 'center', 'anchor_y': 'center', 'round_anchor_x': None, 'round_anchor_y': None, 'opacity': 1.0, 'z': 0, 'reset_animations_events': {}, 'color': [1.0, 1.0, 1.0, 1.0], 'style': [], 'adjust_top': 0, 'adjust_bottom': 0, 'adjust_left': 0, 'adjust_right': 0, 'expire': None, 'key': None, 'widget': None, 'events_when_added': [], 'events_when_removed': [], 'font_size': 15, 'bitmap_font': False, 'font_kerning': True, 'bold': False, 'italic': False, 'number_grouping': False, 'min_digits': 0, 'halign': 'center', 'valign': 'middle', 'rotation': 0, 'scale': 1.0, 'casing': None}, {'type': 'Text', 'text': 'FREE PLAY', 'color': [0.0, 0.5019607843137255, 0.0, 1], 'y': '10', 'anchor_y': 'bottom', '_default_settings': ['type', 'text', 'color', 'y', 'anchor_y'], 'x': None, 'anchor_x': 'center', 'round_anchor_x': None, 'round_anchor_y': None, 'opacity': 1.0, 'z': 0, 'reset_animations_events': {}, 'style': [], 'adjust_top': 0, 'adjust_bottom': 0, 'adjust_left': 0, 'adjust_right': 0, 'expire': None, 'key': None, 'widget': None, 'events_when_added': [], 'events_when_removed': [], 'font_size': 15, 'bitmap_font': False, 'font_kerning': True, 'bold': False, 'italic': False, 'number_grouping': False, 'min_digits': 0, 'halign': 'center', 'valign': 'middle', 'rotation': 0, 'scale': 1.0, 'casing': None, 'animations': None}], 'transition': {'type': 'move_in', 'duration': 1.0, 'direction': 'right', 'easing': 'out_quad'}, 'target': None, 'background_color': [0.0, 0.0, 0.0, 1.0], 'priority': None, 'show': True, 'force': False, 'expire': None, 'slide': None, 'tokens': {}, 'action': 'play'}}, 'context': 'show_1', 'calling_context': 1, 'priority': 10, 'show_tokens': {}, 'start_time': 686665.64}
2020-10-07 17:10:19,619 : mpfmc : SlidePlayer: Play called with settings={'press_start': {'widgets': [{'type': 'Text', 'text': 'PRESS START', 'animations': {'pre_show_slide': [{'property': ['opacity'], 'value': ['0'], 'duration': 0.5, 'relative': False, 'timing': 'after_previous', 'repeat': False, 'easing': 'linear'}, {'property': ['opacity'], 'value': ['1'], 'duration': 0.5, 'repeat': False, 'relative': False, 'timing': 'after_previous', 'easing': 'linear'}]}, '_default_settings': ['type', 'text', 'animations'], 'x': None, 'y': None, 'anchor_x': 'center', 'anchor_y': 'center', 'round_anchor_x': None, 'round_anchor_y': None, 'opacity': 1.0, 'z': 0, 'reset_animations_events': {}, 'color': [1.0, 1.0, 1.0, 1.0], 'style': [], 'adjust_top': 0, 'adjust_bottom': 0, 'adjust_left': 0, 'adjust_right': 0, 'expire': None, 'key': None, 'widget': None, 'events_when_added': [], 'events_when_removed': [], 'font_size': 15, 'bitmap_font': False, 'font_kerning': True, 'bold': False, 'italic': False, 'number_grouping': False, 'min_digits': 0, 'halign': 'center', 'valign': 'middle', 'rotation': 0, 'scale': 1.0, 'casing': None}, {'type': 'Text', 'text': 'FREE PLAY', 'color': [0.0, 0.5019607843137255, 0.0, 1], 'y': '10', 'anchor_y': 'bottom', '_default_settings': ['type', 'text', 'color', 'y', 'anchor_y'], 'x': None, 'anchor_x': 'center', 'round_anchor_x': None, 'round_anchor_y': None, 'opacity': 1.0, 'z': 0, 'reset_animations_events': {}, 'style': [], 'adjust_top': 0, 'adjust_bottom': 0, 'adjust_left': 0, 'adjust_right': 0, 'expire': None, 'key': None, 'widget': None, 'events_when_added': [], 'events_when_removed': [], 'font_size': 15, 'bitmap_font': False, 'font_kerning': True, 'bold': False, 'italic': False, 'number_grouping': False, 'min_digits': 0, 'halign': 'center', 'valign': 'middle', 'rotation': 0, 'scale': 1.0, 'casing': None, 'animations': None}], 'transition': {'type': 'move_in', 'duration': 1.0, 'direction': 'right', 'easing': 'out_quad'}, 'target': None, 'background_color': [0.0, 0.0, 0.0, 1.0], 'priority': None, 'show': True, 'force': False, 'expire': None, 'slide': None, 'tokens': {}, 'action': 'play'}}
2020-10-07 17:10:19,628 : EventManager : Event: ======'slide_press_start_created'====== Args={}
2020-10-07 17:10:19,632 : EventManager : Event: ======'slide_press_start_active'====== Args={}
2020-10-07 17:10:22,614 : EventManager : Event: ======'slides_play'====== Args={'settings': {'mission_pinball': {'widgets': [{'type': 'Text', 'text': 'MISSION PINBALL', 'color': [1.0, 0.0, 0.0, 1], '_default_settings': ['type', 'text', 'color'], 'x': None, 'y': None, 'anchor_x': 'center', 'anchor_y': 'center', 'round_anchor_x': None, 'round_anchor_y': None, 'opacity': 1.0, 'z': 0, 'reset_animations_events': {}, 'style': [], 'adjust_top': 0, 'adjust_bottom': 0, 'adjust_left': 0, 'adjust_right': 0, 'expire': None, 'key': None, 'widget': None, 'events_when_added': [], 'events_when_removed': [], 'font_size': 15, 'bitmap_font': False, 'font_kerning': True, 'bold': False, 'italic': False, 'number_grouping': False, 'min_digits': 0, 'halign': 'center', 'valign': 'middle', 'rotation': 0, 'scale': 1.0, 'casing': None, 'animations': None}], 'transition': {'type': 'move_in', 'duration': 1.0, 'direction': 'top', 'easing': 'out_quad'}, 'target': None, 'background_color': [0.0, 0.0, 0.0, 1.0], 'priority': None, 'show': True, 'force': False, 'expire': None, 'slide': None, 'tokens': {}, 'action': 'play'}}, 'context': 'show_1', 'calling_context': 2, 'priority': 10, 'show_tokens': {}, 'start_time': 686668.64}
2020-10-07 17:10:22,615 : mpfmc : SlidePlayer: Play called with settings={'mission_pinball': {'widgets': [{'type': 'Text', 'text': 'MISSION PINBALL', 'color': [1.0, 0.0, 0.0, 1], '_default_settings': ['type', 'text', 'color'], 'x': None, 'y': None, 'anchor_x': 'center', 'anchor_y': 'center', 'round_anchor_x': None, 'round_anchor_y': None, 'opacity': 1.0, 'z': 0, 'reset_animations_events': {}, 'style': [], 'adjust_top': 0, 'adjust_bottom': 0, 'adjust_left': 0, 'adjust_right': 0, 'expire': None, 'key': None, 'widget': None, 'events_when_added': [], 'events_when_removed': [], 'font_size': 15, 'bitmap_font': False, 'font_kerning': True, 'bold': False, 'italic': False, 'number_grouping': False, 'min_digits': 0, 'halign': 'center', 'valign': 'middle', 'rotation': 0, 'scale': 1.0, 'casing': None, 'animations': None}], 'transition': {'type': 'move_in', 'duration': 1.0, 'direction': 'top', 'easing': 'out_quad'}, 'target': None, 'background_color': [0.0, 0.0, 0.0, 1.0], 'priority': None, 'show': True, 'force': False, 'expire': None, 'slide': None, 'tokens': {}, 'action': 'play'}}
2020-10-07 17:10:22,625 : EventManager : Event: ======'slide_mission_pinball_created'====== Args={}
2020-10-07 17:10:22,630 : EventManager : Event: ======'slide_mission_pinball_active'====== Args={}
2020-10-07 17:10:23,274 : EventManager : Event: ======'game_started'====== Args={}
2020-10-07 17:10:23,275 : EventManager : Event: ======'slides_clear'====== Args={'context': 'show_1'}
2020-10-07 17:10:23,275 : EventManager : Event: ======'sounds_clear'====== Args={'context': 'attract'}
2020-10-07 17:10:23,293 : EventManager : Event: ======'slide_awesome_slide_removed'====== Args={}
2020-10-07 17:10:23,295 : EventManager : Event: ======'slide_press_start_removed'====== Args={}
2020-10-07 17:10:23,299 : EventManager : Event: ======'slide_mission_pinball_removed'====== Args={}
2020-10-07 17:10:23,301 : EventManager : Event: ======'slide_welcome_slide_active'====== Args={}
2020-10-07 17:10:23,310 : EventManager : Event: ======'player_added'====== Args={'player': <Player 1>, 'num': 1}
2020-10-07 17:10:23,310 : EventManager : Event: ======'player_index'====== Args={'value': 0, 'prev_value': 0, 'change': 0, 'player_num': 1}
2020-10-07 17:10:23,311 : EventManager : Event: ======'player_number'====== Args={'value': 1, 'prev_value': 1, 'change': 0, 'player_num': 1}
2020-10-07 17:10:23,311 : EventManager : Event: ======'player_score'====== Args={'value': 0, 'prev_value': 0, 'change': 0, 'player_num': 1}
2020-10-07 17:10:23,311 : EventManager : Event: ======'player_bonus_multiplier'====== Args={'value': 1, 'prev_value': 0, 'change': 1, 'player_num': 1}
2020-10-07 17:10:23,311 : EventManager : Event: ======'player_contracts'====== Args={'value': 0, 'prev_value': 0, 'change': 0, 'player_num': 1}
2020-10-07 17:10:23,347 : EventManager : Event: ======'player_ball'====== Args={'value': 1, 'prev_value': 0, 'change': 1, 'player_num': 1}
2020-10-07 17:10:23,347 : EventManager : Event: ======'player_turn_start'====== Args={'number': 1, 'player': <Player 1>}
2020-10-07 17:10:23,374 : EventManager : Event: ======'player_shot_soul_S_enabled'====== Args={'value': True, 'prev_value': 0, 'change': 1, 'player_num': 1}
2020-10-07 17:10:23,375 : EventManager : Event: ======'player_shot_soul_O_enabled'====== Args={'value': True, 'prev_value': 0, 'change': 1, 'player_num': 1}
2020-10-07 17:10:23,375 : EventManager : Event: ======'player_shot_soul_U_enabled'====== Args={'value': True, 'prev_value': 0, 'change': 1, 'player_num': 1}
2020-10-07 17:10:23,389 : EventManager : Event: ======'player_shot_soul_L_enabled'====== Args={'value': True, 'prev_value': 0, 'change': 1, 'player_num': 1}
2020-10-07 17:10:23,389 : EventManager : Event: ======'sounds_play'====== Args={'settings': {'poolCupHeadBase': {'loops': -1, 'priority': None, 'action': 'play', 'track': None, 'volume': None, 'pan': None, 'start_at': None, 'fade_in': None, 'fade_out': None, 'about_to_finish_time': -1.0, 'max_queue_time': -1.0, 'events_when_played': ['use_sound_setting'], 'events_when_stopped': ['use_sound_setting'], 'events_when_looping': ['use_sound_setting'], 'events_when_about_to_finish': ['use_sound_setting'], 'mode_end_action': 'use_sound_setting', 'key': 'use_sound_setting'}}, 'context': 'base', 'calling_context': 'mode_base_started', 'priority': 100, 'queue': '<QueuedEvent>', 'player': 1, 'ball': 1, 'balls_remaining': 4, 'is_extra_ball': False}
2020-10-07 17:10:23,390 : EventManager : Event: ======'slides_play'====== Args={'settings': {'widgets': {'widgets': [{'type': 'text', 'text': '(score)', 'number_grouping': True, 'min_digits': 2, 'font_size': 100, '_default_settings': ['type', 'text', 'number_grouping', 'min_digits', 'font_size'], 'x': None, 'y': None, 'anchor_x': 'center', 'anchor_y': 'center', 'round_anchor_x': None, 'round_anchor_y': None, 'opacity': 1.0, 'z': 0, 'reset_animations_events': {}, 'color': [1.0, 1.0, 1.0, 1.0], 'style': [], 'adjust_top': 0, 'adjust_bottom': 0, 'adjust_left': 0, 'adjust_right': 0, 'expire': None, 'key': None, 'widget': None, 'events_when_added': [], 'events_when_removed': [], 'bitmap_font': False, 'font_kerning': True, 'bold': False, 'italic': False, 'halign': 'center', 'valign': 'middle', 'rotation': 0, 'scale': 1.0, 'casing': None, 'animations': None}, {'type': 'text', 'text': 'Player (player)', 'y': '10', 'x': '10', 'font_size': 30, 'anchor_x': 'left', 'anchor_y': 'bottom', '_default_settings': ['type', 'text', 'y', 'x', 'font_size', 'anchor_x', 'anchor_y'], 'round_anchor_x': None, 'round_anchor_y': None, 'opacity': 1.0, 'z': 0, 'reset_animations_events': {}, 'color': [1.0, 1.0, 1.0, 1.0], 'style': [], 'adjust_top': 0, 'adjust_bottom': 0, 'adjust_left': 0, 'adjust_right': 0, 'expire': None, 'key': None, 'widget': None, 'events_when_added': [], 'events_when_removed': [], 'bitmap_font': False, 'font_kerning': True, 'bold': False, 'italic': False, 'number_grouping': False, 'min_digits': 0, 'halign': 'center', 'valign': 'middle', 'rotation': 0, 'scale': 1.0, 'casing': None, 'animations': None}, {'type': 'text', 'text': 'BALL (ball)', 'y': '10', 'x': 'right-10', 'anchor_x': 'right', 'anchor_y': 'bottom', 'font_size': 50, '_default_settings': ['type', 'text', 'y', 'x', 'anchor_x', 'anchor_y', 'font_size'], 'round_anchor_x': None, 'round_anchor_y': None, 'opacity': 1.0, 'z': 0, 'reset_animations_events': {}, 'color': [1.0, 1.0, 1.0, 1.0], 'style': [], 'adjust_top': 0, 'adjust_bottom': 0, 'adjust_left': 0, 'adjust_right': 0, 'expire': None, 'key': None, 'widget': None, 'events_when_added': [], 'events_when_removed': [], 'bitmap_font': False, 'font_kerning': True, 'bold': False, 'italic': False, 'number_grouping': False, 'min_digits': 0, 'halign': 'center', 'valign': 'middle', 'rotation': 0, 'scale': 1.0, 'casing': None, 'animations': None}, {'type': 'text', 'text': 'Contracts (contracts)', 'font_size': 25, 'color': [1.0, 0.0, 0.0, 1], 'y': '60%', '_default_settings': ['type', 'text', 'font_size', 'color', 'y'], 'x': None, 'anchor_x': 'center', 'anchor_y': 'center', 'round_anchor_x': None, 'round_anchor_y': None, 'opacity': 1.0, 'z': 0, 'reset_animations_events': {}, 'style': [], 'adjust_top': 0, 'adjust_bottom': 0, 'adjust_left': 0, 'adjust_right': 0, 'expire': None, 'key': None, 'widget': None, 'events_when_added': [], 'events_when_removed': [], 'bitmap_font': False, 'font_kerning': True, 'bold': False, 'italic': False, 'number_grouping': False, 'min_digits': 0, 'halign': 'center', 'valign': 'middle', 'rotation': 0, 'scale': 1.0, 'casing': None, 'animations': None}], 'target': None, 'background_color': [0.0, 0.0, 0.0, 1.0], 'priority': None, 'show': True, 'force': False, 'expire': None, 'slide': None, 'tokens': {}, 'action': 'play'}}, 'context': 'base', 'calling_context': 'mode_base_started', 'priority': 100, 'queue': '<QueuedEvent>', 'player': 1, 'ball': 1, 'balls_remaining': 4, 'is_extra_ball': False}
2020-10-07 17:10:23,391 : mpfmc : SlidePlayer: Play called with settings={'widgets': {'widgets': [{'type': 'text', 'text': '(score)', 'number_grouping': True, 'min_digits': 2, 'font_size': 100, '_default_settings': ['type', 'text', 'number_grouping', 'min_digits', 'font_size'], 'x': None, 'y': None, 'anchor_x': 'center', 'anchor_y': 'center', 'round_anchor_x': None, 'round_anchor_y': None, 'opacity': 1.0, 'z': 0, 'reset_animations_events': {}, 'color': [1.0, 1.0, 1.0, 1.0], 'style': [], 'adjust_top': 0, 'adjust_bottom': 0, 'adjust_left': 0, 'adjust_right': 0, 'expire': None, 'key': None, 'widget': None, 'events_when_added': [], 'events_when_removed': [], 'bitmap_font': False, 'font_kerning': True, 'bold': False, 'italic': False, 'halign': 'center', 'valign': 'middle', 'rotation': 0, 'scale': 1.0, 'casing': None, 'animations': None}, {'type': 'text', 'text': 'Player (player)', 'y': '10', 'x': '10', 'font_size': 30, 'anchor_x': 'left', 'anchor_y': 'bottom', '_default_settings': ['type', 'text', 'y', 'x', 'font_size', 'anchor_x', 'anchor_y'], 'round_anchor_x': None, 'round_anchor_y': None, 'opacity': 1.0, 'z': 0, 'reset_animations_events': {}, 'color': [1.0, 1.0, 1.0, 1.0], 'style': [], 'adjust_top': 0, 'adjust_bottom': 0, 'adjust_left': 0, 'adjust_right': 0, 'expire': None, 'key': None, 'widget': None, 'events_when_added': [], 'events_when_removed': [], 'bitmap_font': False, 'font_kerning': True, 'bold': False, 'italic': False, 'number_grouping': False, 'min_digits': 0, 'halign': 'center', 'valign': 'middle', 'rotation': 0, 'scale': 1.0, 'casing': None, 'animations': None}, {'type': 'text', 'text': 'BALL (ball)', 'y': '10', 'x': 'right-10', 'anchor_x': 'right', 'anchor_y': 'bottom', 'font_size': 50, '_default_settings': ['type', 'text', 'y', 'x', 'anchor_x', 'anchor_y', 'font_size'], 'round_anchor_x': None, 'round_anchor_y': None, 'opacity': 1.0, 'z': 0, 'reset_animations_events': {}, 'color': [1.0, 1.0, 1.0, 1.0], 'style': [], 'adjust_top': 0, 'adjust_bottom': 0, 'adjust_left': 0, 'adjust_right': 0, 'expire': None, 'key': None, 'widget': None, 'events_when_added': [], 'events_when_removed': [], 'bitmap_font': False, 'font_kerning': True, 'bold': False, 'italic': False, 'number_grouping': False, 'min_digits': 0, 'halign': 'center', 'valign': 'middle', 'rotation': 0, 'scale': 1.0, 'casing': None, 'animations': None}, {'type': 'text', 'text': 'Contracts (contracts)', 'font_size': 25, 'color': [1.0, 0.0, 0.0, 1], 'y': '60%', '_default_settings': ['type', 'text', 'font_size', 'color', 'y'], 'x': None, 'anchor_x': 'center', 'anchor_y': 'center', 'round_anchor_x': None, 'round_anchor_y': None, 'opacity': 1.0, 'z': 0, 'reset_animations_events': {}, 'style': [], 'adjust_top': 0, 'adjust_bottom': 0, 'adjust_left': 0, 'adjust_right': 0, 'expire': None, 'key': None, 'widget': None, 'events_when_added': [], 'events_when_removed': [], 'bitmap_font': False, 'font_kerning': True, 'bold': False, 'italic': False, 'number_grouping': False, 'min_digits': 0, 'halign': 'center', 'valign': 'middle', 'rotation': 0, 'scale': 1.0, 'casing': None, 'animations': None}], 'target': None, 'background_color': [0.0, 0.0, 0.0, 1.0], 'priority': None, 'show': True, 'force': False, 'expire': None, 'slide': None, 'tokens': {}, 'action': 'play'}}
2020-10-07 17:10:23,415 : EventManager : Event: ======'slide_base.slide_player-mode_base_started_created'====== Args={}
2020-10-07 17:10:23,435 : EventManager : Event: ======'slide_base.slide_player-mode_base_started_active'====== Args={}
2020-10-07 17:10:23,489 : EventManager : Event: ======'player_bonus_multiplier'====== Args={'value': 0, 'prev_value': 1, 'change': -1, 'player_num': 1}
2020-10-07 17:10:23,489 : EventManager : Event: ======'widgets_play'====== Args={'settings': {'soul_lanes_banner': {'priority': 0, 'slide': None, 'action': 'add', 'key': None, 'target': None}}, 'context': 'soulLanes', 'calling_context': 'mode_soulLanes_started', 'priority': 110, 'player': 1, 'ball': 1, 'balls_remaining': 4, 'is_extra_ball': False}
2020-10-07 17:10:23,641 : EventManager : Event: ======'machine_var_audits_switches_s_plunger'====== Args={'value': 729, 'prev_value': 728, 'change': 1}
2020-10-07 17:10:25,275 : EventManager : Event: ======'machine_var_audits_switches_s_soul_S'====== Args={'value': 426, 'prev_value': 425, 'change': 1}
2020-10-07 17:10:25,275 : EventManager : Event: ======'player_shot_soul_S'====== Args={'value': 1, 'prev_value': 0, 'change': 1, 'player_num': 1}
2020-10-07 17:10:25,275 : EventManager : Event: ======'machine_var_audits_shots_soul_S'====== Args={'value': 426, 'prev_value': 425, 'change': 1}
2020-10-07 17:10:25,275 : EventManager : Event: ======'player_score'====== Args={'value': 10, 'prev_value': 0, 'change': 10, 'player_num': 1}
2020-10-07 17:10:25,926 : EventManager : Event: ======'machine_var_audits_switches_s_soul_O'====== Args={'value': 394, 'prev_value': 393, 'change': 1}
2020-10-07 17:10:25,926 : EventManager : Event: ======'player_shot_soul_O'====== Args={'value': 1, 'prev_value': 0, 'change': 1, 'player_num': 1}
2020-10-07 17:10:25,926 : EventManager : Event: ======'machine_var_audits_shots_soul_O'====== Args={'value': 389, 'prev_value': 388, 'change': 1}
2020-10-07 17:10:25,926 : EventManager : Event: ======'player_score'====== Args={'value': 20, 'prev_value': 10, 'change': 10, 'player_num': 1}
2020-10-07 17:10:26,396 : EventManager : Event: ======'machine_var_audits_switches_s_soul_U'====== Args={'value': 386, 'prev_value': 385, 'change': 1}
2020-10-07 17:10:26,397 : EventManager : Event: ======'player_shot_soul_U'====== Args={'value': 1, 'prev_value': 0, 'change': 1, 'player_num': 1}
2020-10-07 17:10:26,397 : EventManager : Event: ======'machine_var_audits_shots_soul_U'====== Args={'value': 386, 'prev_value': 385, 'change': 1}
2020-10-07 17:10:26,397 : EventManager : Event: ======'player_score'====== Args={'value': 30, 'prev_value': 20, 'change': 10, 'player_num': 1}
2020-10-07 17:10:27,041 : EventManager : Event: ======'machine_var_audits_switches_s_soul_L'====== Args={'value': 384, 'prev_value': 383, 'change': 1}
2020-10-07 17:10:27,041 : EventManager : Event: ======'player_shot_soul_L'====== Args={'value': 1, 'prev_value': 0, 'change': 1, 'player_num': 1}
2020-10-07 17:10:27,041 : EventManager : Event: ======'machine_var_audits_shots_soul_L'====== Args={'value': 383, 'prev_value': 382, 'change': 1}
2020-10-07 17:10:27,041 : EventManager : Event: ======'player_score'====== Args={'value': 40, 'prev_value': 30, 'change': 10, 'player_num': 1}
2020-10-07 17:10:27,042 : EventManager : Event: ======'player_score'====== Args={'value': 1040, 'prev_value': 40, 'change': 1000, 'player_num': 1}
2020-10-07 17:10:27,042 : EventManager : Event: ======'player_bonus_multiplier'====== Args={'value': 1, 'prev_value': 0, 'change': 1, 'player_num': 1}
2020-10-07 17:10:28,055 : EventManager : Event: ======'player_shot_soul_S'====== Args={'value': 0, 'prev_value': 1, 'change': -1, 'player_num': 1}
2020-10-07 17:10:28,055 : EventManager : Event: ======'player_shot_soul_O'====== Args={'value': 0, 'prev_value': 1, 'change': -1, 'player_num': 1}
2020-10-07 17:10:28,056 : EventManager : Event: ======'player_shot_soul_U'====== Args={'value': 0, 'prev_value': 1, 'change': -1, 'player_num': 1}
2020-10-07 17:10:28,056 : EventManager : Event: ======'player_shot_soul_L'====== Args={'value': 0, 'prev_value': 1, 'change': -1, 'player_num': 1}
2020-10-07 17:10:28,648 : EventManager : Event: ======'machine_var_audits_switches_s_soul_S'====== Args={'value': 427, 'prev_value': 426, 'change': 1}
2020-10-07 17:10:28,649 : EventManager : Event: ======'player_shot_soul_S'====== Args={'value': 1, 'prev_value': 0, 'change': 1, 'player_num': 1}
2020-10-07 17:10:28,661 : EventManager : Event: ======'machine_var_audits_shots_soul_S'====== Args={'value': 427, 'prev_value': 426, 'change': 1}
2020-10-07 17:10:28,661 : EventManager : Event: ======'player_score'====== Args={'value': 1050, 'prev_value': 1040, 'change': 10, 'player_num': 1}
2020-10-07 17:10:29,439 : EventManager : Event: ======'machine_var_audits_switches_s_soul_O'====== Args={'value': 395, 'prev_value': 394, 'change': 1}
2020-10-07 17:10:29,440 : EventManager : Event: ======'player_shot_soul_O'====== Args={'value': 1, 'prev_value': 0, 'change': 1, 'player_num': 1}
2020-10-07 17:10:29,440 : EventManager : Event: ======'machine_var_audits_shots_soul_O'====== Args={'value': 390, 'prev_value': 389, 'change': 1}
2020-10-07 17:10:29,441 : EventManager : Event: ======'player_score'====== Args={'value': 1060, 'prev_value': 1050, 'change': 10, 'player_num': 1}
2020-10-07 17:10:30,006 : EventManager : Event: ======'machine_var_audits_switches_s_soul_U'====== Args={'value': 387, 'prev_value': 386, 'change': 1}
2020-10-07 17:10:30,006 : EventManager : Event: ======'player_shot_soul_U'====== Args={'value': 1, 'prev_value': 0, 'change': 1, 'player_num': 1}
2020-10-07 17:10:30,006 : EventManager : Event: ======'machine_var_audits_shots_soul_U'====== Args={'value': 387, 'prev_value': 386, 'change': 1}
2020-10-07 17:10:30,006 : EventManager : Event: ======'player_score'====== Args={'value': 1070, 'prev_value': 1060, 'change': 10, 'player_num': 1}
2020-10-07 17:10:30,538 : EventManager : Event: ======'machine_var_audits_switches_s_soul_L'====== Args={'value': 385, 'prev_value': 384, 'change': 1}
2020-10-07 17:10:30,539 : EventManager : Event: ======'player_shot_soul_L'====== Args={'value': 1, 'prev_value': 0, 'change': 1, 'player_num': 1}
2020-10-07 17:10:30,539 : EventManager : Event: ======'machine_var_audits_shots_soul_L'====== Args={'value': 384, 'prev_value': 383, 'change': 1}
2020-10-07 17:10:30,539 : EventManager : Event: ======'player_score'====== Args={'value': 1080, 'prev_value': 1070, 'change': 10, 'player_num': 1}
2020-10-07 17:10:30,540 : EventManager : Event: ======'player_score'====== Args={'value': 2080, 'prev_value': 1080, 'change': 1000, 'player_num': 1}
2020-10-07 17:10:30,540 : EventManager : Event: ======'player_bonus_multiplier'====== Args={'value': 2, 'prev_value': 1, 'change': 1, 'player_num': 1}
2020-10-07 17:10:31,539 : EventManager : Event: ======'player_shot_soul_S'====== Args={'value': 0, 'prev_value': 1, 'change': -1, 'player_num': 1}
2020-10-07 17:10:31,539 : EventManager : Event: ======'player_shot_soul_O'====== Args={'value': 0, 'prev_value': 1, 'change': -1, 'player_num': 1}
2020-10-07 17:10:31,540 : EventManager : Event: ======'player_shot_soul_U'====== Args={'value': 0, 'prev_value': 1, 'change': -1, 'player_num': 1}
2020-10-07 17:10:31,540 : EventManager : Event: ======'player_shot_soul_L'====== Args={'value': 0, 'prev_value': 1, 'change': -1, 'player_num': 1}
2020-10-07 17:10:31,920 : EventManager : Event: ======'machine_var_audits_switches_s_left_flipper'====== Args={'value': 155, 'prev_value': 154, 'change': 1}
2020-10-07 17:10:32,294 : EventManager : Event: ======'machine_var_audits_switches_s_right_flipper'====== Args={'value': 225, 'prev_value': 224, 'change': 1}
2020-10-07 17:10:32,537 : EventManager : Event: ======'machine_var_audits_switches_s_left_flipper'====== Args={'value': 156, 'prev_value': 155, 'change': 1}
2020-10-07 17:10:32,782 : EventManager : Event: ======'machine_var_audits_switches_s_right_flipper'====== Args={'value': 226, 'prev_value': 225, 'change': 1}
2020-10-07 17:10:32,964 : EventManager : Event: ======'machine_var_audits_switches_s_left_flipper'====== Args={'value': 157, 'prev_value': 156, 'change': 1}
2020-10-07 17:10:33,157 : EventManager : Event: ======'machine_var_audits_switches_s_right_flipper'====== Args={'value': 227, 'prev_value': 226, 'change': 1}
2020-10-07 17:10:33,283 : EventManager : Event: ======'machine_var_audits_switches_s_left_flipper'====== Args={'value': 158, 'prev_value': 157, 'change': 1}
2020-10-07 17:11:12,367 : EventManager : Event: ======'machine_var_audits_switches_s_trough1'====== Args={'value': 633, 'prev_value': 632, 'change': 1}
2020-10-07 17:11:18,565 : EventManager : Event: ======'machine_var_audits_switches_s_trough1'====== Args={'value': 634, 'prev_value': 633, 'change': 1}
2020-10-07 17:11:20,898 : EventManager : Event: ======'player_bonus_multiplier'====== Args={'value': 1, 'prev_value': 2, 'change': -1, 'player_num': 1}
2020-10-07 17:11:20,955 : EventManager : Event: ======'sounds_clear'====== Args={'context': 'base'}
2020-10-07 17:11:20,956 : EventManager : Event: ======'slides_clear'====== Args={'context': 'base'}
2020-10-07 17:11:20,960 : EventManager : Event: ======'slide_base.slide_player-mode_base_started_removed'====== Args={}
2020-10-07 17:11:20,961 : EventManager : Event: ======'widgets_clear'====== Args={'context': 'soulLanes'}
2020-10-07 17:11:20,962 : EventManager : Event: ======'slide_welcome_slide_active'====== Args={}
2020-10-07 17:11:21,041 : EventManager : Event: ======'player_ball'====== Args={'value': 2, 'prev_value': 1, 'change': 1, 'player_num': 1}
2020-10-07 17:11:21,091 : EventManager : Event: ======'sounds_play'====== Args={'settings': {'poolCupHeadBase': {'loops': -1, 'priority': None, 'action': 'play', 'track': None, 'volume': None, 'pan': None, 'start_at': None, 'fade_in': None, 'fade_out': None, 'about_to_finish_time': -1.0, 'max_queue_time': -1.0, 'events_when_played': ['use_sound_setting'], 'events_when_stopped': ['use_sound_setting'], 'events_when_looping': ['use_sound_setting'], 'events_when_about_to_finish': ['use_sound_setting'], 'mode_end_action': 'use_sound_setting', 'key': 'use_sound_setting'}}, 'context': 'base', 'calling_context': 'mode_base_started', 'priority': 100, 'queue': '<QueuedEvent>', 'player': 1, 'ball': 2, 'balls_remaining': 3, 'is_extra_ball': False}
2020-10-07 17:11:21,091 : EventManager : Event: ======'slides_play'====== Args={'settings': {'widgets': {'widgets': [{'type': 'text', 'text': '(score)', 'number_grouping': True, 'min_digits': 2, 'font_size': 100, '_default_settings': ['type', 'text', 'number_grouping', 'min_digits', 'font_size'], 'x': None, 'y': None, 'anchor_x': 'center', 'anchor_y': 'center', 'round_anchor_x': None, 'round_anchor_y': None, 'opacity': 1.0, 'z': 0, 'reset_animations_events': {}, 'color': [1.0, 1.0, 1.0, 1.0], 'style': [], 'adjust_top': 0, 'adjust_bottom': 0, 'adjust_left': 0, 'adjust_right': 0, 'expire': None, 'key': None, 'widget': None, 'events_when_added': [], 'events_when_removed': [], 'bitmap_font': False, 'font_kerning': True, 'bold': False, 'italic': False, 'halign': 'center', 'valign': 'middle', 'rotation': 0, 'scale': 1.0, 'casing': None, 'animations': None}, {'type': 'text', 'text': 'Player (player)', 'y': '10', 'x': '10', 'font_size': 30, 'anchor_x': 'left', 'anchor_y': 'bottom', '_default_settings': ['type', 'text', 'y', 'x', 'font_size', 'anchor_x', 'anchor_y'], 'round_anchor_x': None, 'round_anchor_y': None, 'opacity': 1.0, 'z': 0, 'reset_animations_events': {}, 'color': [1.0, 1.0, 1.0, 1.0], 'style': [], 'adjust_top': 0, 'adjust_bottom': 0, 'adjust_left': 0, 'adjust_right': 0, 'expire': None, 'key': None, 'widget': None, 'events_when_added': [], 'events_when_removed': [], 'bitmap_font': False, 'font_kerning': True, 'bold': False, 'italic': False, 'number_grouping': False, 'min_digits': 0, 'halign': 'center', 'valign': 'middle', 'rotation': 0, 'scale': 1.0, 'casing': None, 'animations': None}, {'type': 'text', 'text': 'BALL (ball)', 'y': '10', 'x': 'right-10', 'anchor_x': 'right', 'anchor_y': 'bottom', 'font_size': 50, '_default_settings': ['type', 'text', 'y', 'x', 'anchor_x', 'anchor_y', 'font_size'], 'round_anchor_x': None, 'round_anchor_y': None, 'opacity': 1.0, 'z': 0, 'reset_animations_events': {}, 'color': [1.0, 1.0, 1.0, 1.0], 'style': [], 'adjust_top': 0, 'adjust_bottom': 0, 'adjust_left': 0, 'adjust_right': 0, 'expire': None, 'key': None, 'widget': None, 'events_when_added': [], 'events_when_removed': [], 'bitmap_font': False, 'font_kerning': True, 'bold': False, 'italic': False, 'number_grouping': False, 'min_digits': 0, 'halign': 'center', 'valign': 'middle', 'rotation': 0, 'scale': 1.0, 'casing': None, 'animations': None}, {'type': 'text', 'text': 'Contracts (contracts)', 'font_size': 25, 'color': [1.0, 0.0, 0.0, 1], 'y': '60%', '_default_settings': ['type', 'text', 'font_size', 'color', 'y'], 'x': None, 'anchor_x': 'center', 'anchor_y': 'center', 'round_anchor_x': None, 'round_anchor_y': None, 'opacity': 1.0, 'z': 0, 'reset_animations_events': {}, 'style': [], 'adjust_top': 0, 'adjust_bottom': 0, 'adjust_left': 0, 'adjust_right': 0, 'expire': None, 'key': None, 'widget': None, 'events_when_added': [], 'events_when_removed': [], 'bitmap_font': False, 'font_kerning': True, 'bold': False, 'italic': False, 'number_grouping': False, 'min_digits': 0, 'halign': 'center', 'valign': 'middle', 'rotation': 0, 'scale': 1.0, 'casing': None, 'animations': None}], 'target': None, 'background_color': [0.0, 0.0, 0.0, 1.0], 'priority': None, 'show': True, 'force': False, 'expire': None, 'slide': None, 'tokens': {}, 'action': 'play'}}, 'context': 'base', 'calling_context': 'mode_base_started', 'priority': 100, 'queue': '<QueuedEvent>', 'player': 1, 'ball': 2, 'balls_remaining': 3, 'is_extra_ball': False}
2020-10-07 17:11:21,093 : mpfmc : SlidePlayer: Play called with settings={'widgets': {'widgets': [{'type': 'text', 'text': '(score)', 'number_grouping': True, 'min_digits': 2, 'font_size': 100, '_default_settings': ['type', 'text', 'number_grouping', 'min_digits', 'font_size'], 'x': None, 'y': None, 'anchor_x': 'center', 'anchor_y': 'center', 'round_anchor_x': None, 'round_anchor_y': None, 'opacity': 1.0, 'z': 0, 'reset_animations_events': {}, 'color': [1.0, 1.0, 1.0, 1.0], 'style': [], 'adjust_top': 0, 'adjust_bottom': 0, 'adjust_left': 0, 'adjust_right': 0, 'expire': None, 'key': None, 'widget': None, 'events_when_added': [], 'events_when_removed': [], 'bitmap_font': False, 'font_kerning': True, 'bold': False, 'italic': False, 'halign': 'center', 'valign': 'middle', 'rotation': 0, 'scale': 1.0, 'casing': None, 'animations': None}, {'type': 'text', 'text': 'Player (player)', 'y': '10', 'x': '10', 'font_size': 30, 'anchor_x': 'left', 'anchor_y': 'bottom', '_default_settings': ['type', 'text', 'y', 'x', 'font_size', 'anchor_x', 'anchor_y'], 'round_anchor_x': None, 'round_anchor_y': None, 'opacity': 1.0, 'z': 0, 'reset_animations_events': {}, 'color': [1.0, 1.0, 1.0, 1.0], 'style': [], 'adjust_top': 0, 'adjust_bottom': 0, 'adjust_left': 0, 'adjust_right': 0, 'expire': None, 'key': None, 'widget': None, 'events_when_added': [], 'events_when_removed': [], 'bitmap_font': False, 'font_kerning': True, 'bold': False, 'italic': False, 'number_grouping': False, 'min_digits': 0, 'halign': 'center', 'valign': 'middle', 'rotation': 0, 'scale': 1.0, 'casing': None, 'animations': None}, {'type': 'text', 'text': 'BALL (ball)', 'y': '10', 'x': 'right-10', 'anchor_x': 'right', 'anchor_y': 'bottom', 'font_size': 50, '_default_settings': ['type', 'text', 'y', 'x', 'anchor_x', 'anchor_y', 'font_size'], 'round_anchor_x': None, 'round_anchor_y': None, 'opacity': 1.0, 'z': 0, 'reset_animations_events': {}, 'color': [1.0, 1.0, 1.0, 1.0], 'style': [], 'adjust_top': 0, 'adjust_bottom': 0, 'adjust_left': 0, 'adjust_right': 0, 'expire': None, 'key': None, 'widget': None, 'events_when_added': [], 'events_when_removed': [], 'bitmap_font': False, 'font_kerning': True, 'bold': False, 'italic': False, 'number_grouping': False, 'min_digits': 0, 'halign': 'center', 'valign': 'middle', 'rotation': 0, 'scale': 1.0, 'casing': None, 'animations': None}, {'type': 'text', 'text': 'Contracts (contracts)', 'font_size': 25, 'color': [1.0, 0.0, 0.0, 1], 'y': '60%', '_default_settings': ['type', 'text', 'font_size', 'color', 'y'], 'x': None, 'anchor_x': 'center', 'anchor_y': 'center', 'round_anchor_x': None, 'round_anchor_y': None, 'opacity': 1.0, 'z': 0, 'reset_animations_events': {}, 'style': [], 'adjust_top': 0, 'adjust_bottom': 0, 'adjust_left': 0, 'adjust_right': 0, 'expire': None, 'key': None, 'widget': None, 'events_when_added': [], 'events_when_removed': [], 'bitmap_font': False, 'font_kerning': True, 'bold': False, 'italic': False, 'number_grouping': False, 'min_digits': 0, 'halign': 'center', 'valign': 'middle', 'rotation': 0, 'scale': 1.0, 'casing': None, 'animations': None}], 'target': None, 'background_color': [0.0, 0.0, 0.0, 1.0], 'priority': None, 'show': True, 'force': False, 'expire': None, 'slide': None, 'tokens': {}, 'action': 'play'}}
2020-10-07 17:11:21,132 : EventManager : Event: ======'slide_base.slide_player-mode_base_started_created'====== Args={}
2020-10-07 17:11:21,151 : EventManager : Event: ======'slide_base.slide_player-mode_base_started_active'====== Args={}
2020-10-07 17:11:21,185 : EventManager : Event: ======'player_bonus_multiplier'====== Args={'value': 0, 'prev_value': 1, 'change': -1, 'player_num': 1}
2020-10-07 17:11:21,186 : EventManager : Event: ======'widgets_play'====== Args={'settings': {'soul_lanes_banner': {'priority': 0, 'slide': None, 'action': 'add', 'key': None, 'target': None}}, 'context': 'soulLanes', 'calling_context': 'mode_soulLanes_started', 'priority': 110, 'player': 1, 'ball': 2, 'balls_remaining': 3, 'is_extra_ball': False}
2020-10-07 17:12:30,677 : EventManager : Event: ======'machine_var_audits_switches_s_exit_shooter_lane'====== Args={'value': 448, 'prev_value': 447, 'change': 1}
2020-10-07 17:12:30,849 : EventManager : Event: ======'machine_var_audits_switches_s_plunger'====== Args={'value': 730, 'prev_value': 729, 'change': 1}
2020-10-07 17:12:33,495 : EventManager : Event: ======'machine_var_audits_switches_s_dt_C'====== Args={'value': 337, 'prev_value': 336, 'change': 1}
2020-10-07 17:12:33,495 : EventManager : Event: ======'player_score'====== Args={'value': 2180, 'prev_value': 2080, 'change': 100, 'player_num': 1}
2020-10-07 17:12:34,956 : EventManager : Event: ======'machine_var_audits_switches_s_dt_U'====== Args={'value': 325, 'prev_value': 324, 'change': 1}
2020-10-07 17:12:34,956 : EventManager : Event: ======'player_score'====== Args={'value': 2280, 'prev_value': 2180, 'change': 100, 'player_num': 1}
2020-10-07 17:12:36,090 : EventManager : Event: ======'machine_var_audits_switches_s_dt_P'====== Args={'value': 313, 'prev_value': 312, 'change': 1}
2020-10-07 17:12:36,090 : EventManager : Event: ======'player_score'====== Args={'value': 2380, 'prev_value': 2280, 'change': 100, 'player_num': 1}
2020-10-07 17:12:36,263 : EventManager : Event: ======'player_contracts'====== Args={'value': 1, 'prev_value': 0, 'change': 1, 'player_num': 1}
2020-10-07 17:12:37,882 : EventManager : Event: ======'machine_var_audits_switches_s_dt_C'====== Args={'value': 338, 'prev_value': 337, 'change': 1}
2020-10-07 17:12:37,897 : EventManager : Event: ======'player_score'====== Args={'value': 2480, 'prev_value': 2380, 'change': 100, 'player_num': 1}
2020-10-07 17:12:38,948 : EventManager : Event: ======'machine_var_audits_switches_s_dt_U'====== Args={'value': 326, 'prev_value': 325, 'change': 1}
2020-10-07 17:12:38,961 : EventManager : Event: ======'player_score'====== Args={'value': 2580, 'prev_value': 2480, 'change': 100, 'player_num': 1}
2020-10-07 17:12:39,887 : EventManager : Event: ======'machine_var_audits_switches_s_dt_P'====== Args={'value': 314, 'prev_value': 313, 'change': 1}
2020-10-07 17:12:39,887 : EventManager : Event: ======'player_score'====== Args={'value': 2680, 'prev_value': 2580, 'change': 100, 'player_num': 1}
2020-10-07 17:12:39,887 : EventManager : Event: ======'player_contracts'====== Args={'value': 2, 'prev_value': 1, 'change': 1, 'player_num': 1}
2020-10-07 17:12:41,385 : EventManager : Event: ======'machine_var_audits_switches_s_dt_C'====== Args={'value': 339, 'prev_value': 338, 'change': 1}
2020-10-07 17:12:41,397 : EventManager : Event: ======'player_score'====== Args={'value': 2780, 'prev_value': 2680, 'change': 100, 'player_num': 1}
2020-10-07 17:12:42,297 : EventManager : Event: ======'machine_var_audits_switches_s_dt_U'====== Args={'value': 327, 'prev_value': 326, 'change': 1}
2020-10-07 17:12:42,297 : EventManager : Event: ======'player_score'====== Args={'value': 2880, 'prev_value': 2780, 'change': 100, 'player_num': 1}
2020-10-07 17:12:43,164 : EventManager : Event: ======'machine_var_audits_switches_s_dt_P'====== Args={'value': 315, 'prev_value': 314, 'change': 1}
2020-10-07 17:12:43,164 : EventManager : Event: ======'player_score'====== Args={'value': 2980, 'prev_value': 2880, 'change': 100, 'player_num': 1}
2020-10-07 17:12:43,165 : EventManager : Event: ======'player_contracts'====== Args={'value': 3, 'prev_value': 2, 'change': 1, 'player_num': 1}
2020-10-07 17:12:46,440 : EventManager : Event: ======'machine_var_audits_switches_s_trough1'====== Args={'value': 635, 'prev_value': 634, 'change': 1}
2020-10-07 17:12:46,960 : EventManager : Event: ======'player_bonus_bonusCountDown_tick'====== Args={'value': 3, 'prev_value': 0, 'change': 3, 'player_num': 1}
2020-10-07 17:12:46,973 : EventManager : Event: ======'player_contracts'====== Args={'value': 2, 'prev_value': 3, 'change': -1, 'player_num': 1}
2020-10-07 17:12:47,213 : EventManager : Event: ======'player_score'====== Args={'value': 3980, 'prev_value': 2980, 'change': 1000, 'player_num': 1}
2020-10-07 17:12:48,977 : EventManager : Event: ======'player_bonus_bonusCountDown_tick'====== Args={'value': 2, 'prev_value': 3, 'change': -1, 'player_num': 1}
2020-10-07 17:12:48,979 : EventManager : Event: ======'player_contracts'====== Args={'value': 1, 'prev_value': 2, 'change': -1, 'player_num': 1}
2020-10-07 17:12:48,979 : EventManager : Event: ======'player_score'====== Args={'value': 4980, 'prev_value': 3980, 'change': 1000, 'player_num': 1}
2020-10-07 17:12:50,953 : EventManager : Event: ======'player_bonus_bonusCountDown_tick'====== Args={'value': 1, 'prev_value': 2, 'change': -1, 'player_num': 1}
2020-10-07 17:12:50,966 : EventManager : Event: ======'player_contracts'====== Args={'value': 0, 'prev_value': 1, 'change': -1, 'player_num': 1}
2020-10-07 17:12:50,966 : EventManager : Event: ======'player_score'====== Args={'value': 5980, 'prev_value': 4980, 'change': 1000, 'player_num': 1}
2020-10-07 17:12:52,965 : EventManager : Event: ======'player_bonus_bonusCountDown_tick'====== Args={'value': 0, 'prev_value': 1, 'change': -1, 'player_num': 1}
2020-10-07 17:12:54,983 : EventManager : Event: ======'player_bonus_multiplier'====== Args={'value': 1, 'prev_value': 0, 'change': 1, 'player_num': 1}
2020-10-07 17:12:55,189 : EventManager : Event: ======'sounds_clear'====== Args={'context': 'base'}
2020-10-07 17:12:55,190 : EventManager : Event: ======'slides_clear'====== Args={'context': 'base'}
2020-10-07 17:12:55,193 : EventManager : Event: ======'slide_base.slide_player-mode_base_started_removed'====== Args={}
2020-10-07 17:12:55,194 : EventManager : Event: ======'widgets_clear'====== Args={'context': 'soulLanes'}
2020-10-07 17:12:55,195 : EventManager : Event: ======'player_ball'====== Args={'value': 3, 'prev_value': 2, 'change': 1, 'player_num': 1}
2020-10-07 17:12:55,200 : EventManager : Event: ======'slide_welcome_slide_active'====== Args={}
2020-10-07 17:12:55,489 : EventManager : Event: ======'sounds_play'====== Args={'settings': {'poolCupHeadBase': {'loops': -1, 'priority': None, 'action': 'play', 'track': None, 'volume': None, 'pan': None, 'start_at': None, 'fade_in': None, 'fade_out': None, 'about_to_finish_time': -1.0, 'max_queue_time': -1.0, 'events_when_played': ['use_sound_setting'], 'events_when_stopped': ['use_sound_setting'], 'events_when_looping': ['use_sound_setting'], 'events_when_about_to_finish': ['use_sound_setting'], 'mode_end_action': 'use_sound_setting', 'key': 'use_sound_setting'}}, 'context': 'base', 'calling_context': 'mode_base_started', 'priority': 100, 'queue': '<QueuedEvent>', 'player': 1, 'ball': 3, 'balls_remaining': 2, 'is_extra_ball': False}
2020-10-07 17:12:55,489 : EventManager : Event: ======'slides_play'====== Args={'settings': {'widgets': {'widgets': [{'type': 'text', 'text': '(score)', 'number_grouping': True, 'min_digits': 2, 'font_size': 100, '_default_settings': ['type', 'text', 'number_grouping', 'min_digits', 'font_size'], 'x': None, 'y': None, 'anchor_x': 'center', 'anchor_y': 'center', 'round_anchor_x': None, 'round_anchor_y': None, 'opacity': 1.0, 'z': 0, 'reset_animations_events': {}, 'color': [1.0, 1.0, 1.0, 1.0], 'style': [], 'adjust_top': 0, 'adjust_bottom': 0, 'adjust_left': 0, 'adjust_right': 0, 'expire': None, 'key': None, 'widget': None, 'events_when_added': [], 'events_when_removed': [], 'bitmap_font': False, 'font_kerning': True, 'bold': False, 'italic': False, 'halign': 'center', 'valign': 'middle', 'rotation': 0, 'scale': 1.0, 'casing': None, 'animations': None}, {'type': 'text', 'text': 'Player (player)', 'y': '10', 'x': '10', 'font_size': 30, 'anchor_x': 'left', 'anchor_y': 'bottom', '_default_settings': ['type', 'text', 'y', 'x', 'font_size', 'anchor_x', 'anchor_y'], 'round_anchor_x': None, 'round_anchor_y': None, 'opacity': 1.0, 'z': 0, 'reset_animations_events': {}, 'color': [1.0, 1.0, 1.0, 1.0], 'style': [], 'adjust_top': 0, 'adjust_bottom': 0, 'adjust_left': 0, 'adjust_right': 0, 'expire': None, 'key': None, 'widget': None, 'events_when_added': [], 'events_when_removed': [], 'bitmap_font': False, 'font_kerning': True, 'bold': False, 'italic': False, 'number_grouping': False, 'min_digits': 0, 'halign': 'center', 'valign': 'middle', 'rotation': 0, 'scale': 1.0, 'casing': None, 'animations': None}, {'type': 'text', 'text': 'BALL (ball)', 'y': '10', 'x': 'right-10', 'anchor_x': 'right', 'anchor_y': 'bottom', 'font_size': 50, '_default_settings': ['type', 'text', 'y', 'x', 'anchor_x', 'anchor_y', 'font_size'], 'round_anchor_x': None, 'round_anchor_y': None, 'opacity': 1.0, 'z': 0, 'reset_animations_events': {}, 'color': [1.0, 1.0, 1.0, 1.0], 'style': [], 'adjust_top': 0, 'adjust_bottom': 0, 'adjust_left': 0, 'adjust_right': 0, 'expire': None, 'key': None, 'widget': None, 'events_when_added': [], 'events_when_removed': [], 'bitmap_font': False, 'font_kerning': True, 'bold': False, 'italic': False, 'number_grouping': False, 'min_digits': 0, 'halign': 'center', 'valign': 'middle', 'rotation': 0, 'scale': 1.0, 'casing': None, 'animations': None}, {'type': 'text', 'text': 'Contracts (contracts)', 'font_size': 25, 'color': [1.0, 0.0, 0.0, 1], 'y': '60%', '_default_settings': ['type', 'text', 'font_size', 'color', 'y'], 'x': None, 'anchor_x': 'center', 'anchor_y': 'center', 'round_anchor_x': None, 'round_anchor_y': None, 'opacity': 1.0, 'z': 0, 'reset_animations_events': {}, 'style': [], 'adjust_top': 0, 'adjust_bottom': 0, 'adjust_left': 0, 'adjust_right': 0, 'expire': None, 'key': None, 'widget': None, 'events_when_added': [], 'events_when_removed': [], 'bitmap_font': False, 'font_kerning': True, 'bold': False, 'italic': False, 'number_grouping': False, 'min_digits': 0, 'halign': 'center', 'valign': 'middle', 'rotation': 0, 'scale': 1.0, 'casing': None, 'animations': None}], 'target': None, 'background_color': [0.0, 0.0, 0.0, 1.0], 'priority': None, 'show': True, 'force': False, 'expire': None, 'slide': None, 'tokens': {}, 'action': 'play'}}, 'context': 'base', 'calling_context': 'mode_base_started', 'priority': 100, 'queue': '<QueuedEvent>', 'player': 1, 'ball': 3, 'balls_remaining': 2, 'is_extra_ball': False}
2020-10-07 17:12:55,489 : EventManager : Event: ======'player_bonus_multiplier'====== Args={'value': 0, 'prev_value': 1, 'change': -1, 'player_num': 1}
2020-10-07 17:12:55,490 : EventManager : Event: ======'widgets_play'====== Args={'settings': {'soul_lanes_banner': {'priority': 0, 'slide': None, 'action': 'add', 'key': None, 'target': None}}, 'context': 'soulLanes', 'calling_context': 'mode_soulLanes_started', 'priority': 110, 'player': 1, 'ball': 3, 'balls_remaining': 2, 'is_extra_ball': False}
2020-10-07 17:12:55,491 : mpfmc : SlidePlayer: Play called with settings={'widgets': {'widgets': [{'type': 'text', 'text': '(score)', 'number_grouping': True, 'min_digits': 2, 'font_size': 100, '_default_settings': ['type', 'text', 'number_grouping', 'min_digits', 'font_size'], 'x': None, 'y': None, 'anchor_x': 'center', 'anchor_y': 'center', 'round_anchor_x': None, 'round_anchor_y': None, 'opacity': 1.0, 'z': 0, 'reset_animations_events': {}, 'color': [1.0, 1.0, 1.0, 1.0], 'style': [], 'adjust_top': 0, 'adjust_bottom': 0, 'adjust_left': 0, 'adjust_right': 0, 'expire': None, 'key': None, 'widget': None, 'events_when_added': [], 'events_when_removed': [], 'bitmap_font': False, 'font_kerning': True, 'bold': False, 'italic': False, 'halign': 'center', 'valign': 'middle', 'rotation': 0, 'scale': 1.0, 'casing': None, 'animations': None}, {'type': 'text', 'text': 'Player (player)', 'y': '10', 'x': '10', 'font_size': 30, 'anchor_x': 'left', 'anchor_y': 'bottom', '_default_settings': ['type', 'text', 'y', 'x', 'font_size', 'anchor_x', 'anchor_y'], 'round_anchor_x': None, 'round_anchor_y': None, 'opacity': 1.0, 'z': 0, 'reset_animations_events': {}, 'color': [1.0, 1.0, 1.0, 1.0], 'style': [], 'adjust_top': 0, 'adjust_bottom': 0, 'adjust_left': 0, 'adjust_right': 0, 'expire': None, 'key': None, 'widget': None, 'events_when_added': [], 'events_when_removed': [], 'bitmap_font': False, 'font_kerning': True, 'bold': False, 'italic': False, 'number_grouping': False, 'min_digits': 0, 'halign': 'center', 'valign': 'middle', 'rotation': 0, 'scale': 1.0, 'casing': None, 'animations': None}, {'type': 'text', 'text': 'BALL (ball)', 'y': '10', 'x': 'right-10', 'anchor_x': 'right', 'anchor_y': 'bottom', 'font_size': 50, '_default_settings': ['type', 'text', 'y', 'x', 'anchor_x', 'anchor_y', 'font_size'], 'round_anchor_x': None, 'round_anchor_y': None, 'opacity': 1.0, 'z': 0, 'reset_animations_events': {}, 'color': [1.0, 1.0, 1.0, 1.0], 'style': [], 'adjust_top': 0, 'adjust_bottom': 0, 'adjust_left': 0, 'adjust_right': 0, 'expire': None, 'key': None, 'widget': None, 'events_when_added': [], 'events_when_removed': [], 'bitmap_font': False, 'font_kerning': True, 'bold': False, 'italic': False, 'number_grouping': False, 'min_digits': 0, 'halign': 'center', 'valign': 'middle', 'rotation': 0, 'scale': 1.0, 'casing': None, 'animations': None}, {'type': 'text', 'text': 'Contracts (contracts)', 'font_size': 25, 'color': [1.0, 0.0, 0.0, 1], 'y': '60%', '_default_settings': ['type', 'text', 'font_size', 'color', 'y'], 'x': None, 'anchor_x': 'center', 'anchor_y': 'center', 'round_anchor_x': None, 'round_anchor_y': None, 'opacity': 1.0, 'z': 0, 'reset_animations_events': {}, 'style': [], 'adjust_top': 0, 'adjust_bottom': 0, 'adjust_left': 0, 'adjust_right': 0, 'expire': None, 'key': None, 'widget': None, 'events_when_added': [], 'events_when_removed': [], 'bitmap_font': False, 'font_kerning': True, 'bold': False, 'italic': False, 'number_grouping': False, 'min_digits': 0, 'halign': 'center', 'valign': 'middle', 'rotation': 0, 'scale': 1.0, 'casing': None, 'animations': None}], 'target': None, 'background_color': [0.0, 0.0, 0.0, 1.0], 'priority': None, 'show': True, 'force': False, 'expire': None, 'slide': None, 'tokens': {}, 'action': 'play'}}
2020-10-07 17:12:55,523 : EventManager : Event: ======'slide_base.slide_player-mode_base_started_created'====== Args={}
2020-10-07 17:12:55,539 : EventManager : Event: ======'slide_base.slide_player-mode_base_started_active'====== Args={}
2020-10-07 17:13:00,166 : kivy : Base: Leaving application in progress...
2020-10-07 17:13:00,625 : kivy : WindowSDL: exiting mainloop and closing.
2020-10-07 17:13:00,656 : mpfmc : Stopping...
2020-10-07 17:13:00,656 : EventManager : Event: ======'shutdown'====== Args={}
2020-10-07 17:13:00,704 : mpfmc : Loop rate 69.7 Hz
2020-10-07 17:13:00,704 : kivy : MC run loop ended.
2020-10-07 17:13:00,704 : kivy : Stopping child threads... (3 remaining)
2020-10-07 17:13:01,008 : mpfmc : Stopping...
2020-10-07 17:13:01,008 : EventManager : Event: ======'shutdown'====== Args={}
2020-10-07 17:13:01,008 : mpfmc : Loop rate 69.58 Hz
2020-10-07 17:13:01,101 : MPF-MC BCP Server : Stopping BCP sending thread
2020-10-07 17:13:01,329 : kivy : All child threads stopped.
