2020-10-04 12:02:59,762 : kivy : Factory: 184 symbols loaded
2020-10-04 12:03:00,262 : kivy : ImageLoaderFFPy: Using ffpyplayer 4.3.1
2020-10-04 12:03:00,264 : kivy : Image: Providers: img_tex, img_dds, img_sdl2, img_pil, img_ffpyplayer, img_gif 
2020-10-04 12:03:00,365 : kivy : VideoGstplayer: Using Gstreamer 1.16.0.0
2020-10-04 12:03:00,365 : kivy : Video: Provider: gstplayer
2020-10-04 12:03:00,515 : kivy : Loading MPF-MC controller
2020-10-04 12:03:00,526 : YamlMultifileConfigLoader : Machine config file #1: config
2020-10-04 12:03:00,527 : ConfigProcessor : Config file in cache changed: c:\Pinball\Cuphead\config\config
2020-10-04 12:03:00,528 : ConfigProcessor : Loading config from file c:\users\themi\appdata\local\programs\python\python36\lib\site-packages\mpfmc\mcconfig.yaml.
2020-10-04 12:03:00,697 : ConfigProcessor : Loading config: c:\users\themi\appdata\local\programs\python\python36\lib\site-packages\mpfmc\mcconfig.yaml
2020-10-04 12:03:00,698 : ConfigProcessor : Loading config from file c:\Pinball\Cuphead\config\config.
2020-10-04 12:03:00,724 : ConfigProcessor : Loading config: c:\Pinball\Cuphead\config\config
2020-10-04 12:03:00,737 : ConfigProcessor : Loading config: c:\Pinball\Cuphead\config\keyboard.yaml
2020-10-04 12:03:00,778 : ConfigProcessor : Loading config: c:\Pinball\Cuphead\config\hwSwitches.yaml
2020-10-04 12:03:00,868 : ConfigProcessor : Loading config: c:\Pinball\Cuphead\config\hwLights.yaml
2020-10-04 12:03:00,894 : ConfigProcessor : Loading config: c:\Pinball\Cuphead\config\hwCoils.yaml
2020-10-04 12:03:00,900 : ConfigProcessor : Config file cache created: C:\Users\themi\AppData\Local\Temp\1bf5539849bfae2fda5beb863cde560d.mpf_cache
2020-10-04 12:03:00,901 : ConfigProcessor : Loading config from cache: C:\Users\themi\AppData\Local\Temp\7964e52b22911e9b68a8022172b185f3.mpf_cache
2020-10-04 12:03:00,902 : ConfigProcessor : Loading config from cache: C:\Users\themi\AppData\Local\Temp\4fcecb70f81c3c2fefb8e65ae9a0af5f.mpf_cache
2020-10-04 12:03:00,903 : ConfigProcessor : Loading config from cache: C:\Users\themi\AppData\Local\Temp\b2a05f27b99f0404929b6678617f21a2.mpf_cache
2020-10-04 12:03:00,904 : ConfigProcessor : Loading config from cache: C:\Users\themi\AppData\Local\Temp\ee661b7bde9ac1aee26ef2e16bd36711.mpf_cache
2020-10-04 12:03:00,905 : mpfmc : Mission Pinball Framework Media Controller v0.54.0-dev.20
2020-10-04 12:03:00,906 : mpfmc : Mission Pinball Framework Game Engine v0.54.0-dev.72
2020-10-04 12:03:00,906 : mpfmc : Machine path: c:\Pinball\Cuphead
2020-10-04 12:03:00,906 : mpfmc : Starting clock at 60.0Hz
2020-10-04 12:03:00,936 : kivy : Text: Provider: sdl2
2020-10-04 12:03:01,029 : kivy : Window: Provider: sdl2
2020-10-04 12:03:01,644 : kivy : GL: Using the "OpenGL" graphics system
2020-10-04 12:03:01,647 : kivy : GL: GLEW initialization succeeded
2020-10-04 12:03:01,648 : kivy : GL: Backend used <glew>
2020-10-04 12:03:01,650 : kivy : GL: OpenGL version <b'4.5.14568 Compatibility Profile Context 24.20.12050.0'>
2020-10-04 12:03:01,650 : kivy : GL: OpenGL vendor <b'ATI Technologies Inc.'>
2020-10-04 12:03:01,650 : kivy : GL: OpenGL renderer <b'AMD Radeon(TM) R4 Graphics'>
2020-10-04 12:03:01,651 : kivy : GL: OpenGL parsed version: 4, 5
2020-10-04 12:03:01,651 : kivy : GL: Shading version <b'4.50'>
2020-10-04 12:03:01,651 : kivy : GL: Texture max size <16384>
2020-10-04 12:03:01,652 : kivy : GL: Texture max units <32>
2020-10-04 12:03:01,694 : kivy : Window: auto add sdl2 input provider
2020-10-04 12:03:01,694 : kivy : Window: virtual keyboard not allowed, single mode, not docked
2020-10-04 12:03:01,711 : SoundSystem : SoundSystem: Using default 'sound_system' settings
2020-10-04 12:03:02,596 : AudioInterface : Initialized
2020-10-04 12:03:02,597 : SoundSystem : No audio tracks are specified in your machine config file. a track named 'default' has been created.
2020-10-04 12:03:02,613 : kivy : Base: Start application main loop
2020-10-04 12:03:02,614 : EventManager : Event: ======'display_window_initialized'====== Args={}
2020-10-04 12:03:02,664 : mpfmc : Display: Setting 'window' as default display
2020-10-04 12:03:02,680 : EventManager : Event: ======'displays_initialized'====== Args={}
2020-10-04 12:03:02,683 : EventManager : Event: ======'slide_window_blank_created'====== Args={}
2020-10-04 12:03:02,683 : EventManager : Event: ======'display_window_ready'====== Args={}
2020-10-04 12:03:02,706 : EventManager : Event: ======'init_phase_1'====== Args={}
2020-10-04 12:03:02,712 : EventManager : Event: ======'mc_ready'====== Args={}
2020-10-04 12:03:02,713 : EventManager : Event: ======'init_phase_2'====== Args={}
2020-10-04 12:03:02,719 : EventManager : Event: ======'init_phase_3'====== Args={}
2020-10-04 12:03:02,721 : AssetManager : Registering Asset: cupHighScore, File: cupHighScore.ogg, Default Group: default, Final Config: {'load': 'preload', 'file': 'c:\\Pinball\\Cuphead\\modes\\base\\sounds\\music\\cupHighScore.ogg'}
2020-10-04 12:03:02,721 : AssetManager : Registering Asset: cupMusic1, File: cupMusic1.ogg, Default Group: default, Final Config: {'load': 'preload', 'target': 'music', 'loop': -1, 'mode_end_action': 'stop', 'file': 'c:\\Pinball\\Cuphead\\modes\\base\\sounds\\music\\cupMusic1.ogg'}
2020-10-04 12:03:02,721 : AssetManager : Registering Asset: cupMusic2, File: cupMusic2.ogg, Default Group: default, Final Config: {'load': 'preload', 'target': 'music', 'loop': -1, 'mode_end_action': 'stop', 'file': 'c:\\Pinball\\Cuphead\\modes\\base\\sounds\\music\\cupMusic2.ogg'}
2020-10-04 12:03:02,721 : AssetManager : Registering Asset: cupMusic3, File: cupMusic3.ogg, Default Group: default, Final Config: {'load': 'preload', 'target': 'music', 'loop': -1, 'mode_end_action': 'stop', 'file': 'c:\\Pinball\\Cuphead\\modes\\base\\sounds\\music\\cupMusic3.ogg'}
2020-10-04 12:03:02,722 : AssetManager : Registering Asset: cupMusic4, File: cupMusic4.ogg, Default Group: default, Final Config: {'load': 'preload', 'target': 'music', 'loop': -1, 'mode_end_action': 'stop', 'file': 'c:\\Pinball\\Cuphead\\modes\\base\\sounds\\music\\cupMusic4.ogg'}
2020-10-04 12:03:02,722 : AssetManager : Registering Asset: cupMusic5, File: cupMusic5.ogg, Default Group: default, Final Config: {'load': 'preload', 'file': 'c:\\Pinball\\Cuphead\\modes\\base\\sounds\\music\\cupMusic5.ogg'}
2020-10-04 12:03:02,722 : AssetManager : Registering Asset: cupMusic6, File: cupMusic6.ogg, Default Group: default, Final Config: {'load': 'preload', 'file': 'c:\\Pinball\\Cuphead\\modes\\base\\sounds\\music\\cupMusic6.ogg'}
2020-10-04 12:03:02,722 : AssetManager : Registering Asset: cupMusic7, File: cupMusic7.ogg, Default Group: default, Final Config: {'load': 'preload', 'file': 'c:\\Pinball\\Cuphead\\modes\\base\\sounds\\music\\cupMusic7.ogg'}
2020-10-04 12:03:02,722 : AssetManager : Registering Asset: cupMusic8, File: cupMusic8.ogg, Default Group: default, Final Config: {'load': 'preload', 'file': 'c:\\Pinball\\Cuphead\\modes\\base\\sounds\\music\\cupMusic8.ogg'}
2020-10-04 12:03:02,722 : AssetManager : Registering Asset: cupMusic9, File: cupMusic9.ogg, Default Group: default, Final Config: {'load': 'preload', 'file': 'c:\\Pinball\\Cuphead\\modes\\base\\sounds\\music\\cupMusic9.ogg'}
2020-10-04 12:03:02,722 : AssetManager : Registering Asset: game_play_1, File: game_play_1.ogg, Default Group: default, Final Config: {'load': 'preload', 'file': 'c:\\Pinball\\Cuphead\\modes\\base\\sounds\\music\\game_play_1.ogg'}
2020-10-04 12:03:02,725 : AssetManager : Registering Asset: attract_music, File: attract_music.ogg, Default Group: default, Final Config: {'load': 'preload', 'file': 'c:\\Pinball\\Cuphead\\modes\\attract\\sounds\\music\\attract_music.ogg'}
2020-10-04 12:03:02,726 : EventManager : Event: ======'init_phase_4'====== Args={}
2020-10-04 12:03:02,726 : EventManager : Event: ======'init_phase_5'====== Args={}
2020-10-04 12:03:05,136 : EventManager : Event: ======'loading_assets'====== Args={'total': 12, 'loaded': 1, 'remaining': 11, 'percent': 8}
2020-10-04 12:03:05,968 : AssetManager : Loading assets: 1/12 (8%)
2020-10-04 12:03:05,982 : EventManager : Event: ======'loading_assets'====== Args={'total': 12, 'loaded': 4, 'remaining': 8, 'percent': 33}
2020-10-04 12:03:05,983 : AssetManager : Loading assets: 4/12 (33%)
2020-10-04 12:03:07,268 : EventManager : Event: ======'loading_assets'====== Args={'total': 12, 'loaded': 5, 'remaining': 7, 'percent': 42}
2020-10-04 12:03:07,268 : AssetManager : Loading assets: 5/12 (42%)
2020-10-04 12:03:08,157 : EventManager : Event: ======'loading_assets'====== Args={'total': 12, 'loaded': 7, 'remaining': 5, 'percent': 58}
2020-10-04 12:03:08,962 : AssetManager : Loading assets: 7/12 (58%)
2020-10-04 12:03:09,511 : EventManager : Event: ======'loading_assets'====== Args={'total': 12, 'loaded': 8, 'remaining': 4, 'percent': 67}
2020-10-04 12:03:09,511 : AssetManager : Loading assets: 8/12 (67%)
2020-10-04 12:03:11,338 : EventManager : Event: ======'loading_assets'====== Args={'total': 12, 'loaded': 10, 'remaining': 2, 'percent': 83}
2020-10-04 12:03:11,339 : AssetManager : Loading assets: 10/12 (83%)
2020-10-04 12:03:12,167 : EventManager : Event: ======'loading_assets'====== Args={'total': 12, 'loaded': 12, 'remaining': 0, 'percent': 100}
2020-10-04 12:03:12,168 : AssetManager : Asset loading took: 9.570126056671143
2020-10-04 12:03:12,168 : EventManager : Event: ======'asset_loading_complete'====== Args={}
2020-10-04 12:03:12,168 : AssetManager : Loading assets: 12/12 (100%)
2020-10-04 12:03:12,168 : EventManager : Event: ======'init_done'====== Args={}
2020-10-04 12:03:12,169 : MPF-MC BCP Server : Starting up on localhost port 5050
2020-10-04 12:03:12,177 : MPF-MC BCP Server : Waiting for a connection...
2020-10-04 12:03:12,177 : mpfmc : SlidePlayer: Play called with settings={'slides': {welcome_slide-None-None: {'priority': None, 'target': None, 'background_color': [0.0, 0.0, 0.0, 1.0], 'show': True, 'force': False, 'expire': None, 'slide': None, 'tokens': {}, 'action': 'play', 'transition': None, 'transition_out': None}}}
2020-10-04 12:03:12,186 : kivy : GL: NPOT texture support is available
2020-10-04 12:03:12,187 : EventManager : Event: ======'slide_welcome_slide_created'====== Args={}
2020-10-04 12:03:12,189 : EventManager : Event: ======'slide_welcome_slide_active'====== Args={}
2020-10-04 12:03:12,197 : EventManager : Event: ======'client_disconnected'====== Args={'host': '127.0.0.1', 'port': 5050}
2020-10-04 12:03:14,160 : MPF-MC BCP Server : Received connection from: 127.0.0.1:53966
2020-10-04 12:03:14,161 : EventManager : Event: ======'client_connected'====== Args={'host': '127.0.0.1', 'port': 53966}
2020-10-04 12:03:14,186 : EventManager : Event: ======'machine_var_credits_string'====== Args={'value': 'FREE PLAY', 'prev_value': None, 'change': True}
2020-10-04 12:03:14,186 : EventManager : Event: ======'machine_var_player1_score'====== Args={'value': 8110, 'prev_value': None, 'change': True}
2020-10-04 12:03:14,186 : EventManager : Event: ======'machine_var_mpf_version'====== Args={'value': 'MPF v0.54.0-dev.72', 'prev_value': None, 'change': True}
2020-10-04 12:03:14,187 : EventManager : Event: ======'machine_var_mpf_extended_version'====== Args={'value': 'MPF v0.54.0-dev.72, Config version:5, Show version: 5, BCP version:1.1', 'prev_value': None, 'change': True}
2020-10-04 12:03:14,187 : EventManager : Event: ======'machine_var_python_version'====== Args={'value': '3.6.4', 'prev_value': None, 'change': True}
2020-10-04 12:03:14,187 : EventManager : Event: ======'machine_var_platform'====== Args={'value': 'Windows-10-10.0.18362-SP0', 'prev_value': None, 'change': True}
2020-10-04 12:03:14,187 : EventManager : Event: ======'machine_var_platform_system'====== Args={'value': 'Windows', 'prev_value': None, 'change': True}
2020-10-04 12:03:14,187 : EventManager : Event: ======'machine_var_platform_release'====== Args={'value': '10', 'prev_value': None, 'change': True}
2020-10-04 12:03:14,187 : EventManager : Event: ======'machine_var_platform_version'====== Args={'value': '10.0.18362', 'prev_value': None, 'change': True}
2020-10-04 12:03:14,188 : EventManager : Event: ======'machine_var_platform_machine'====== Args={'value': 'AMD64', 'prev_value': None, 'change': True}
2020-10-04 12:03:14,188 : EventManager : Event: ======'machine_var_mc_version'====== Args={'value': 'MPF-MC v0.54.0-dev.20', 'prev_value': None, 'change': True}
2020-10-04 12:03:14,188 : EventManager : Event: ======'machine_var_mc_extended_version'====== Args={'value': 'MPF-MC v0.54.0-dev.20 (config_version=5, BCP v1.1, Requires MPF v0.54.0-dev.68)', 'prev_value': None, 'change': True}
2020-10-04 12:03:14,188 : EventManager : Event: ======'machine_var_master_volume'====== Args={'value': 0.5, 'prev_value': None, 'change': True}
2020-10-04 12:03:14,286 : EventManager : Event: ======'machine_var_audits_events_game_ended'====== Args={'value': 21, 'prev_value': None, 'change': True}
2020-10-04 12:03:14,286 : EventManager : Event: ======'machine_var_audits_events_game_started'====== Args={'value': 40, 'prev_value': None, 'change': True}
2020-10-04 12:03:14,287 : EventManager : Event: ======'machine_var_audits_player_score'====== Args={'value': {'average': 530.4761904761905, 'top': [2970, 1300, 1220, 980, 880, 780, 720, 710, 630, 590], 'total': 21}, 'prev_value': None, 'change': True}
2020-10-04 12:03:14,288 : EventManager : Event: ======'machine_var_audits_shots_soul_L'====== Args={'value': 200, 'prev_value': None, 'change': True}
2020-10-04 12:03:14,288 : EventManager : Event: ======'machine_var_audits_shots_soul_O'====== Args={'value': 206, 'prev_value': None, 'change': True}
2020-10-04 12:03:14,288 : EventManager : Event: ======'machine_var_audits_shots_soul_S'====== Args={'value': 235, 'prev_value': None, 'change': True}
2020-10-04 12:03:14,289 : EventManager : Event: ======'machine_var_audits_shots_soul_U'====== Args={'value': 202, 'prev_value': None, 'change': True}
2020-10-04 12:03:14,289 : EventManager : Event: ======'machine_var_audits_switches_s_coin'====== Args={'value': 20, 'prev_value': None, 'change': True}
2020-10-04 12:03:14,289 : EventManager : Event: ======'machine_var_audits_switches_s_dash_L'====== Args={'value': 0, 'prev_value': None, 'change': True}
2020-10-04 12:03:14,290 : EventManager : Event: ======'machine_var_audits_switches_s_dash_R'====== Args={'value': 0, 'prev_value': None, 'change': True}
2020-10-04 12:03:14,290 : EventManager : Event: ======'machine_var_audits_switches_s_dtSling_L'====== Args={'value': 0, 'prev_value': None, 'change': True}
2020-10-04 12:03:14,291 : EventManager : Event: ======'machine_var_audits_switches_s_dtSling_R'====== Args={'value': 0, 'prev_value': None, 'change': True}
2020-10-04 12:03:14,294 : EventManager : Event: ======'machine_var_audits_switches_s_dt_C'====== Args={'value': 72, 'prev_value': None, 'change': True}
2020-10-04 12:03:14,294 : EventManager : Event: ======'machine_var_audits_switches_s_dt_G'====== Args={'value': 21, 'prev_value': None, 'change': True}
2020-10-04 12:03:14,295 : EventManager : Event: ======'machine_var_audits_switches_s_dt_M'====== Args={'value': 19, 'prev_value': None, 'change': True}
2020-10-04 12:03:14,295 : EventManager : Event: ======'machine_var_audits_switches_s_dt_P'====== Args={'value': 55, 'prev_value': None, 'change': True}
2020-10-04 12:03:14,296 : EventManager : Event: ======'machine_var_audits_switches_s_dt_U'====== Args={'value': 63, 'prev_value': None, 'change': True}
2020-10-04 12:03:14,296 : EventManager : Event: ======'machine_var_audits_switches_s_dt_U2'====== Args={'value': 19, 'prev_value': None, 'change': True}
2020-10-04 12:03:14,297 : EventManager : Event: ======'machine_var_audits_switches_s_exit_shooter_lane'====== Args={'value': 357, 'prev_value': None, 'change': True}
2020-10-04 12:03:14,297 : EventManager : Event: ======'machine_var_audits_switches_s_inLane_L'====== Args={'value': 0, 'prev_value': None, 'change': True}
2020-10-04 12:03:14,298 : EventManager : Event: ======'machine_var_audits_switches_s_inLane_R'====== Args={'value': 0, 'prev_value': None, 'change': True}
2020-10-04 12:03:14,299 : EventManager : Event: ======'machine_var_audits_switches_s_kicker'====== Args={'value': 0, 'prev_value': None, 'change': True}
2020-10-04 12:03:14,299 : EventManager : Event: ======'machine_var_audits_switches_s_left_flipper'====== Args={'value': 151, 'prev_value': None, 'change': True}
2020-10-04 12:03:14,299 : EventManager : Event: ======'machine_var_audits_switches_s_midRight'====== Args={'value': 0, 'prev_value': None, 'change': True}
2020-10-04 12:03:14,300 : EventManager : Event: ======'machine_var_audits_switches_s_outLane_L'====== Args={'value': 0, 'prev_value': None, 'change': True}
2020-10-04 12:03:14,301 : EventManager : Event: ======'machine_var_audits_switches_s_outLane_R'====== Args={'value': 0, 'prev_value': None, 'change': True}
2020-10-04 12:03:14,301 : EventManager : Event: ======'machine_var_audits_switches_s_perdition'====== Args={'value': 0, 'prev_value': None, 'change': True}
2020-10-04 12:03:14,302 : EventManager : Event: ======'machine_var_audits_switches_s_playfield'====== Args={'value': 0, 'prev_value': None, 'change': True}
2020-10-04 12:03:14,303 : EventManager : Event: ======'machine_var_audits_switches_s_plunger'====== Args={'value': 561, 'prev_value': None, 'change': True}
2020-10-04 12:03:14,304 : EventManager : Event: ======'machine_var_audits_switches_s_popBumper_1'====== Args={'value': 464, 'prev_value': None, 'change': True}
2020-10-04 12:03:14,304 : EventManager : Event: ======'machine_var_audits_switches_s_popBumper_2'====== Args={'value': 440, 'prev_value': None, 'change': True}
2020-10-04 12:03:14,304 : EventManager : Event: ======'machine_var_audits_switches_s_popBumper_3'====== Args={'value': 164, 'prev_value': None, 'change': True}
2020-10-04 12:03:14,305 : EventManager : Event: ======'machine_var_audits_switches_s_pop_bumper1'====== Args={'value': 120, 'prev_value': None, 'change': True}
2020-10-04 12:03:14,305 : EventManager : Event: ======'machine_var_audits_switches_s_pop_bumper2'====== Args={'value': 153, 'prev_value': None, 'change': True}
2020-10-04 12:03:14,305 : EventManager : Event: ======'machine_var_audits_switches_s_pop_bumper3'====== Args={'value': 100, 'prev_value': None, 'change': True}
2020-10-04 12:03:14,306 : EventManager : Event: ======'machine_var_audits_switches_s_right_flipper'====== Args={'value': 216, 'prev_value': None, 'change': True}
2020-10-04 12:03:14,306 : EventManager : Event: ======'machine_var_audits_switches_s_sling_L'====== Args={'value': 0, 'prev_value': None, 'change': True}
2020-10-04 12:03:14,306 : EventManager : Event: ======'machine_var_audits_switches_s_sling_R'====== Args={'value': 0, 'prev_value': None, 'change': True}
2020-10-04 12:03:14,307 : EventManager : Event: ======'machine_var_audits_switches_s_soul_L'====== Args={'value': 201, 'prev_value': None, 'change': True}
2020-10-04 12:03:14,308 : EventManager : Event: ======'machine_var_audits_switches_s_soul_O'====== Args={'value': 211, 'prev_value': None, 'change': True}
2020-10-04 12:03:14,325 : EventManager : Event: ======'machine_var_audits_switches_s_soul_S'====== Args={'value': 235, 'prev_value': None, 'change': True}
2020-10-04 12:03:14,325 : EventManager : Event: ======'machine_var_audits_switches_s_soul_U'====== Args={'value': 202, 'prev_value': None, 'change': True}
2020-10-04 12:03:14,326 : EventManager : Event: ======'machine_var_audits_switches_s_standUp_1'====== Args={'value': 0, 'prev_value': None, 'change': True}
2020-10-04 12:03:14,326 : EventManager : Event: ======'machine_var_audits_switches_s_standUp_2'====== Args={'value': 0, 'prev_value': None, 'change': True}
2020-10-04 12:03:14,326 : EventManager : Event: ======'machine_var_audits_switches_s_standUp_3'====== Args={'value': 0, 'prev_value': None, 'change': True}
2020-10-04 12:03:14,326 : EventManager : Event: ======'machine_var_audits_switches_s_standUp_R'====== Args={'value': 0, 'prev_value': None, 'change': True}
2020-10-04 12:03:14,326 : EventManager : Event: ======'machine_var_audits_switches_s_star_1'====== Args={'value': 0, 'prev_value': None, 'change': True}
2020-10-04 12:03:14,326 : EventManager : Event: ======'machine_var_audits_switches_s_star_2'====== Args={'value': 0, 'prev_value': None, 'change': True}
2020-10-04 12:03:14,326 : EventManager : Event: ======'machine_var_audits_switches_s_star_3'====== Args={'value': 0, 'prev_value': None, 'change': True}
2020-10-04 12:03:14,327 : EventManager : Event: ======'machine_var_audits_switches_s_start'====== Args={'value': 68, 'prev_value': None, 'change': True}
2020-10-04 12:03:14,327 : EventManager : Event: ======'machine_var_audits_switches_s_tilt'====== Args={'value': 0, 'prev_value': None, 'change': True}
2020-10-04 12:03:14,327 : EventManager : Event: ======'machine_var_audits_switches_s_trough1'====== Args={'value': 510, 'prev_value': None, 'change': True}
2020-10-04 12:03:14,327 : EventManager : Event: ======'machine_var_audits_switches_s_trough2'====== Args={'value': 72, 'prev_value': None, 'change': True}
2020-10-04 12:03:14,327 : EventManager : Event: ======'machine_var_audits_switches_s_trough_jam'====== Args={'value': 13, 'prev_value': None, 'change': True}
2020-10-04 12:03:14,362 : EventManager : Event: ======'slides_play'====== Args={'settings': {'welcome_slide': {'target': None, 'background_color': [0.0, 0.0, 0.0, 1.0], 'priority': None, 'show': True, 'force': False, 'expire': None, 'slide': None, 'tokens': {}, 'action': 'play'}}, 'context': '_global', 'calling_context': 'init_done', 'priority': 0}
2020-10-04 12:03:14,362 : EventManager : Event: ======'mc_reset_phase_1'====== Args={}
2020-10-04 12:03:14,363 : mpfmc : SlidePlayer: Play called with settings={'welcome_slide': {'target': None, 'background_color': [0.0, 0.0, 0.0, 1.0], 'priority': None, 'show': True, 'force': False, 'expire': None, 'slide': None, 'tokens': {}, 'action': 'play'}}
2020-10-04 12:03:14,364 : EventManager : Event: ======'slide_welcome_slide_removed'====== Args={}
2020-10-04 12:03:14,369 : EventManager : Event: ======'slide_welcome_slide_created'====== Args={}
2020-10-04 12:03:14,371 : EventManager : Event: ======'mc_reset_phase_2'====== Args={}
2020-10-04 12:03:14,371 : EventManager : Event: ======'mc_reset_phase_3'====== Args={}
2020-10-04 12:03:14,371 : EventManager : Event: ======'mc_reset_complete'====== Args={}
2020-10-04 12:03:14,372 : EventManager : Event: ======'slide_welcome_slide_active'====== Args={}
2020-10-04 12:03:14,385 : EventManager : Event: ======'slides_play'====== Args={'settings': {'awesome_slide': {'widgets': [{'type': 'text', 'text': 'Cuphead Pinball', 'font_size': 50, '_default_settings': ['type', 'text', 'font_size'], 'x': None, 'y': None, 'anchor_x': 'center', 'anchor_y': 'center', 'round_anchor_x': None, 'round_anchor_y': None, 'opacity': 1.0, 'z': 0, 'reset_animations_events': {}, 'color': [1.0, 1.0, 1.0, 1.0], 'style': [], 'adjust_top': 0, 'adjust_bottom': 0, 'adjust_left': 0, 'adjust_right': 0, 'expire': None, 'key': None, 'widget': None, 'events_when_added': [], 'events_when_removed': [], 'bitmap_font': False, 'font_kerning': True, 'bold': False, 'italic': False, 'number_grouping': False, 'min_digits': 0, 'halign': 'center', 'valign': 'middle', 'rotation': 0, 'scale': 1.0, 'casing': None, 'animations': None}], 'transition': {'type': 'push', 'duration': 1.0, 'direction': 'left', 'easing': 'out_quad'}, 'target': None, 'background_color': [0.0, 0.0, 0.0, 1.0], 'priority': None, 'show': True, 'force': False, 'expire': None, 'slide': None, 'tokens': {}, 'action': 'play'}}, 'context': 'show_1', 'calling_context': 0, 'priority': 10, 'show_tokens': {}, 'start_time': 409035.984}
2020-10-04 12:03:14,385 : EventManager : Event: ======'sounds_play'====== Args={'settings': {'attract_music': {'loops': -1, 'mode_end_action': 'stop', 'priority': None, 'action': 'play', 'track': None, 'volume': None, 'pan': None, 'start_at': None, 'fade_in': None, 'fade_out': None, 'about_to_finish_time': -1.0, 'max_queue_time': -1.0, 'events_when_played': ['use_sound_setting'], 'events_when_stopped': ['use_sound_setting'], 'events_when_looping': ['use_sound_setting'], 'events_when_about_to_finish': ['use_sound_setting'], 'key': 'use_sound_setting'}}, 'context': 'attract', 'calling_context': 'mode_attract_started', 'priority': 10}
2020-10-04 12:03:14,386 : mpfmc : SlidePlayer: Play called with settings={'awesome_slide': {'widgets': [{'type': 'text', 'text': 'Cuphead Pinball', 'font_size': 50, '_default_settings': ['type', 'text', 'font_size'], 'x': None, 'y': None, 'anchor_x': 'center', 'anchor_y': 'center', 'round_anchor_x': None, 'round_anchor_y': None, 'opacity': 1.0, 'z': 0, 'reset_animations_events': {}, 'color': [1.0, 1.0, 1.0, 1.0], 'style': [], 'adjust_top': 0, 'adjust_bottom': 0, 'adjust_left': 0, 'adjust_right': 0, 'expire': None, 'key': None, 'widget': None, 'events_when_added': [], 'events_when_removed': [], 'bitmap_font': False, 'font_kerning': True, 'bold': False, 'italic': False, 'number_grouping': False, 'min_digits': 0, 'halign': 'center', 'valign': 'middle', 'rotation': 0, 'scale': 1.0, 'casing': None, 'animations': None}], 'transition': {'type': 'push', 'duration': 1.0, 'direction': 'left', 'easing': 'out_quad'}, 'target': None, 'background_color': [0.0, 0.0, 0.0, 1.0], 'priority': None, 'show': True, 'force': False, 'expire': None, 'slide': None, 'tokens': {}, 'action': 'play'}}
2020-10-04 12:03:14,395 : EventManager : Event: ======'slide_awesome_slide_created'====== Args={}
2020-10-04 12:03:14,401 : EventManager : Event: ======'slide_awesome_slide_active'====== Args={}
2020-10-04 12:03:15,006 : EventManager : Event: ======'game_started'====== Args={}
2020-10-04 12:03:15,007 : EventManager : Event: ======'slides_clear'====== Args={'context': 'show_1'}
2020-10-04 12:03:15,007 : EventManager : Event: ======'sounds_clear'====== Args={'context': 'attract'}
2020-10-04 12:03:15,009 : EventManager : Event: ======'slide_awesome_slide_removed'====== Args={}
2020-10-04 12:03:15,011 : EventManager : Event: ======'slide_welcome_slide_active'====== Args={}
2020-10-04 12:03:15,066 : EventManager : Event: ======'player_added'====== Args={'player': <Player 1>, 'num': 1}
2020-10-04 12:03:15,066 : EventManager : Event: ======'player_index'====== Args={'value': 0, 'prev_value': 0, 'change': 0, 'player_num': 1}
2020-10-04 12:03:15,066 : EventManager : Event: ======'player_number'====== Args={'value': 1, 'prev_value': 1, 'change': 0, 'player_num': 1}
2020-10-04 12:03:15,067 : EventManager : Event: ======'player_score'====== Args={'value': 0, 'prev_value': 0, 'change': 0, 'player_num': 1}
2020-10-04 12:03:15,067 : EventManager : Event: ======'player_bonus_multiplier'====== Args={'value': 1, 'prev_value': 0, 'change': 1, 'player_num': 1}
2020-10-04 12:03:15,102 : EventManager : Event: ======'player_ball'====== Args={'value': 1, 'prev_value': 0, 'change': 1, 'player_num': 1}
2020-10-04 12:03:15,102 : EventManager : Event: ======'player_turn_start'====== Args={'number': 1, 'player': <Player 1>}
2020-10-04 12:03:15,151 : EventManager : Event: ======'player_shot_soul_S_enabled'====== Args={'value': True, 'prev_value': 0, 'change': 1, 'player_num': 1}
2020-10-04 12:03:15,151 : EventManager : Event: ======'player_shot_soul_O_enabled'====== Args={'value': True, 'prev_value': 0, 'change': 1, 'player_num': 1}
2020-10-04 12:03:15,151 : EventManager : Event: ======'player_shot_soul_U_enabled'====== Args={'value': True, 'prev_value': 0, 'change': 1, 'player_num': 1}
2020-10-04 12:03:15,151 : EventManager : Event: ======'player_shot_soul_L_enabled'====== Args={'value': True, 'prev_value': 0, 'change': 1, 'player_num': 1}
2020-10-04 12:03:15,164 : EventManager : Event: ======'sounds_play'====== Args={'settings': {'poolCupHeadBase': {'loops': -1, 'priority': None, 'action': 'play', 'track': None, 'volume': None, 'pan': None, 'start_at': None, 'fade_in': None, 'fade_out': None, 'about_to_finish_time': -1.0, 'max_queue_time': -1.0, 'events_when_played': ['use_sound_setting'], 'events_when_stopped': ['use_sound_setting'], 'events_when_looping': ['use_sound_setting'], 'events_when_about_to_finish': ['use_sound_setting'], 'mode_end_action': 'use_sound_setting', 'key': 'use_sound_setting'}}, 'context': 'base', 'calling_context': 'mode_base_started', 'priority': 100, 'queue': '<QueuedEvent>', 'player': 1, 'ball': 1, 'balls_remaining': 4, 'is_extra_ball': False}
2020-10-04 12:03:15,165 : EventManager : Event: ======'slides_play'====== Args={'settings': {'widgets': {'widgets': [{'type': 'text', 'text': '(score)', 'number_grouping': True, 'min_digits': 2, 'font_size': 100, '_default_settings': ['type', 'text', 'number_grouping', 'min_digits', 'font_size'], 'x': None, 'y': None, 'anchor_x': 'center', 'anchor_y': 'center', 'round_anchor_x': None, 'round_anchor_y': None, 'opacity': 1.0, 'z': 0, 'reset_animations_events': {}, 'color': [1.0, 1.0, 1.0, 1.0], 'style': [], 'adjust_top': 0, 'adjust_bottom': 0, 'adjust_left': 0, 'adjust_right': 0, 'expire': None, 'key': None, 'widget': None, 'events_when_added': [], 'events_when_removed': [], 'bitmap_font': False, 'font_kerning': True, 'bold': False, 'italic': False, 'halign': 'center', 'valign': 'middle', 'rotation': 0, 'scale': 1.0, 'casing': None, 'animations': None}, {'type': 'text', 'text': 'Player (player)', 'y': '10', 'x': '10', 'font_size': 30, 'anchor_x': 'left', 'anchor_y': 'bottom', '_default_settings': ['type', 'text', 'y', 'x', 'font_size', 'anchor_x', 'anchor_y'], 'round_anchor_x': None, 'round_anchor_y': None, 'opacity': 1.0, 'z': 0, 'reset_animations_events': {}, 'color': [1.0, 1.0, 1.0, 1.0], 'style': [], 'adjust_top': 0, 'adjust_bottom': 0, 'adjust_left': 0, 'adjust_right': 0, 'expire': None, 'key': None, 'widget': None, 'events_when_added': [], 'events_when_removed': [], 'bitmap_font': False, 'font_kerning': True, 'bold': False, 'italic': False, 'number_grouping': False, 'min_digits': 0, 'halign': 'center', 'valign': 'middle', 'rotation': 0, 'scale': 1.0, 'casing': None, 'animations': None}, {'type': 'text', 'text': 'BALL (ball) (bonus_multiplier)', 'y': '10', 'x': 'right-10', 'anchor_x': 'right', 'anchor_y': 'bottom', 'font_size': 50, '_default_settings': ['type', 'text', 'y', 'x', 'anchor_x', 'anchor_y', 'font_size'], 'round_anchor_x': None, 'round_anchor_y': None, 'opacity': 1.0, 'z': 0, 'reset_animations_events': {}, 'color': [1.0, 1.0, 1.0, 1.0], 'style': [], 'adjust_top': 0, 'adjust_bottom': 0, 'adjust_left': 0, 'adjust_right': 0, 'expire': None, 'key': None, 'widget': None, 'events_when_added': [], 'events_when_removed': [], 'bitmap_font': False, 'font_kerning': True, 'bold': False, 'italic': False, 'number_grouping': False, 'min_digits': 0, 'halign': 'center', 'valign': 'middle', 'rotation': 0, 'scale': 1.0, 'casing': None, 'animations': None}], 'target': None, 'background_color': [0.0, 0.0, 0.0, 1.0], 'priority': None, 'show': True, 'force': False, 'expire': None, 'slide': None, 'tokens': {}, 'action': 'play'}}, 'context': 'base', 'calling_context': 'mode_base_started', 'priority': 100, 'queue': '<QueuedEvent>', 'player': 1, 'ball': 1, 'balls_remaining': 4, 'is_extra_ball': False}
2020-10-04 12:03:15,166 : mpfmc : SlidePlayer: Play called with settings={'widgets': {'widgets': [{'type': 'text', 'text': '(score)', 'number_grouping': True, 'min_digits': 2, 'font_size': 100, '_default_settings': ['type', 'text', 'number_grouping', 'min_digits', 'font_size'], 'x': None, 'y': None, 'anchor_x': 'center', 'anchor_y': 'center', 'round_anchor_x': None, 'round_anchor_y': None, 'opacity': 1.0, 'z': 0, 'reset_animations_events': {}, 'color': [1.0, 1.0, 1.0, 1.0], 'style': [], 'adjust_top': 0, 'adjust_bottom': 0, 'adjust_left': 0, 'adjust_right': 0, 'expire': None, 'key': None, 'widget': None, 'events_when_added': [], 'events_when_removed': [], 'bitmap_font': False, 'font_kerning': True, 'bold': False, 'italic': False, 'halign': 'center', 'valign': 'middle', 'rotation': 0, 'scale': 1.0, 'casing': None, 'animations': None}, {'type': 'text', 'text': 'Player (player)', 'y': '10', 'x': '10', 'font_size': 30, 'anchor_x': 'left', 'anchor_y': 'bottom', '_default_settings': ['type', 'text', 'y', 'x', 'font_size', 'anchor_x', 'anchor_y'], 'round_anchor_x': None, 'round_anchor_y': None, 'opacity': 1.0, 'z': 0, 'reset_animations_events': {}, 'color': [1.0, 1.0, 1.0, 1.0], 'style': [], 'adjust_top': 0, 'adjust_bottom': 0, 'adjust_left': 0, 'adjust_right': 0, 'expire': None, 'key': None, 'widget': None, 'events_when_added': [], 'events_when_removed': [], 'bitmap_font': False, 'font_kerning': True, 'bold': False, 'italic': False, 'number_grouping': False, 'min_digits': 0, 'halign': 'center', 'valign': 'middle', 'rotation': 0, 'scale': 1.0, 'casing': None, 'animations': None}, {'type': 'text', 'text': 'BALL (ball) (bonus_multiplier)', 'y': '10', 'x': 'right-10', 'anchor_x': 'right', 'anchor_y': 'bottom', 'font_size': 50, '_default_settings': ['type', 'text', 'y', 'x', 'anchor_x', 'anchor_y', 'font_size'], 'round_anchor_x': None, 'round_anchor_y': None, 'opacity': 1.0, 'z': 0, 'reset_animations_events': {}, 'color': [1.0, 1.0, 1.0, 1.0], 'style': [], 'adjust_top': 0, 'adjust_bottom': 0, 'adjust_left': 0, 'adjust_right': 0, 'expire': None, 'key': None, 'widget': None, 'events_when_added': [], 'events_when_removed': [], 'bitmap_font': False, 'font_kerning': True, 'bold': False, 'italic': False, 'number_grouping': False, 'min_digits': 0, 'halign': 'center', 'valign': 'middle', 'rotation': 0, 'scale': 1.0, 'casing': None, 'animations': None}], 'target': None, 'background_color': [0.0, 0.0, 0.0, 1.0], 'priority': None, 'show': True, 'force': False, 'expire': None, 'slide': None, 'tokens': {}, 'action': 'play'}}
2020-10-04 12:03:15,180 : EventManager : Event: ======'slide_base.slide_player-mode_base_started_created'====== Args={}
2020-10-04 12:03:15,186 : EventManager : Event: ======'slide_base.slide_player-mode_base_started_active'====== Args={}
2020-10-04 12:03:15,251 : EventManager : Event: ======'widgets_play'====== Args={'settings': {'soul_lanes_banner': {'priority': 0, 'slide': None, 'action': 'add', 'key': None, 'target': None}}, 'context': 'soulLanes', 'calling_context': 'mode_soulLanes_started', 'priority': 110, 'player': 1, 'ball': 1, 'balls_remaining': 4, 'is_extra_ball': False}
2020-10-04 12:03:15,415 : EventManager : Event: ======'machine_var_audits_switches_s_plunger'====== Args={'value': 562, 'prev_value': 561, 'change': 1}
2020-10-04 12:03:17,486 : EventManager : Event: ======'machine_var_audits_switches_s_soul_S'====== Args={'value': 236, 'prev_value': 235, 'change': 1}
2020-10-04 12:03:17,486 : EventManager : Event: ======'player_shot_soul_S'====== Args={'value': 1, 'prev_value': 0, 'change': 1, 'player_num': 1}
2020-10-04 12:03:17,504 : EventManager : Event: ======'machine_var_audits_shots_soul_S'====== Args={'value': 236, 'prev_value': 235, 'change': 1}
2020-10-04 12:03:17,505 : EventManager : Event: ======'player_score'====== Args={'value': 10, 'prev_value': 0, 'change': 10, 'player_num': 1}
2020-10-04 12:03:18,189 : EventManager : Event: ======'machine_var_audits_switches_s_soul_O'====== Args={'value': 212, 'prev_value': 211, 'change': 1}
2020-10-04 12:03:18,189 : EventManager : Event: ======'player_shot_soul_O'====== Args={'value': 1, 'prev_value': 0, 'change': 1, 'player_num': 1}
2020-10-04 12:03:18,189 : EventManager : Event: ======'machine_var_audits_shots_soul_O'====== Args={'value': 207, 'prev_value': 206, 'change': 1}
2020-10-04 12:03:18,189 : EventManager : Event: ======'player_score'====== Args={'value': 20, 'prev_value': 10, 'change': 10, 'player_num': 1}
2020-10-04 12:03:18,787 : EventManager : Event: ======'machine_var_audits_switches_s_soul_U'====== Args={'value': 203, 'prev_value': 202, 'change': 1}
2020-10-04 12:03:18,787 : EventManager : Event: ======'player_shot_soul_U'====== Args={'value': 1, 'prev_value': 0, 'change': 1, 'player_num': 1}
2020-10-04 12:03:18,788 : EventManager : Event: ======'machine_var_audits_shots_soul_U'====== Args={'value': 203, 'prev_value': 202, 'change': 1}
2020-10-04 12:03:18,788 : EventManager : Event: ======'player_score'====== Args={'value': 30, 'prev_value': 20, 'change': 10, 'player_num': 1}
2020-10-04 12:03:19,888 : EventManager : Event: ======'machine_var_audits_switches_s_soul_L'====== Args={'value': 202, 'prev_value': 201, 'change': 1}
2020-10-04 12:03:19,889 : EventManager : Event: ======'player_shot_soul_L'====== Args={'value': 1, 'prev_value': 0, 'change': 1, 'player_num': 1}
2020-10-04 12:03:19,889 : EventManager : Event: ======'machine_var_audits_shots_soul_L'====== Args={'value': 201, 'prev_value': 200, 'change': 1}
2020-10-04 12:03:19,890 : EventManager : Event: ======'player_score'====== Args={'value': 40, 'prev_value': 30, 'change': 10, 'player_num': 1}
2020-10-04 12:03:19,890 : EventManager : Event: ======'player_score'====== Args={'value': 1040, 'prev_value': 40, 'change': 1000, 'player_num': 1}
2020-10-04 12:03:19,900 : EventManager : Event: ======'player_bonus_multiplier'====== Args={'value': 2, 'prev_value': 1, 'change': 1, 'player_num': 1}
2020-10-04 12:03:20,910 : EventManager : Event: ======'player_shot_soul_S'====== Args={'value': 0, 'prev_value': 1, 'change': -1, 'player_num': 1}
2020-10-04 12:03:20,910 : EventManager : Event: ======'player_shot_soul_O'====== Args={'value': 0, 'prev_value': 1, 'change': -1, 'player_num': 1}
2020-10-04 12:03:20,910 : EventManager : Event: ======'player_shot_soul_U'====== Args={'value': 0, 'prev_value': 1, 'change': -1, 'player_num': 1}
2020-10-04 12:03:20,911 : EventManager : Event: ======'player_shot_soul_L'====== Args={'value': 0, 'prev_value': 1, 'change': -1, 'player_num': 1}
2020-10-04 12:03:21,007 : EventManager : Event: ======'machine_var_audits_switches_s_soul_S'====== Args={'value': 237, 'prev_value': 236, 'change': 1}
2020-10-04 12:03:21,007 : EventManager : Event: ======'player_shot_soul_S'====== Args={'value': 1, 'prev_value': 0, 'change': 1, 'player_num': 1}
2020-10-04 12:03:21,008 : EventManager : Event: ======'machine_var_audits_shots_soul_S'====== Args={'value': 237, 'prev_value': 236, 'change': 1}
2020-10-04 12:03:21,008 : EventManager : Event: ======'player_score'====== Args={'value': 1050, 'prev_value': 1040, 'change': 10, 'player_num': 1}
2020-10-04 12:03:21,487 : EventManager : Event: ======'machine_var_audits_switches_s_soul_O'====== Args={'value': 213, 'prev_value': 212, 'change': 1}
2020-10-04 12:03:21,487 : EventManager : Event: ======'player_shot_soul_O'====== Args={'value': 1, 'prev_value': 0, 'change': 1, 'player_num': 1}
2020-10-04 12:03:21,487 : EventManager : Event: ======'machine_var_audits_shots_soul_O'====== Args={'value': 208, 'prev_value': 207, 'change': 1}
2020-10-04 12:03:21,487 : EventManager : Event: ======'player_score'====== Args={'value': 1060, 'prev_value': 1050, 'change': 10, 'player_num': 1}
2020-10-04 12:03:21,894 : EventManager : Event: ======'machine_var_audits_switches_s_soul_U'====== Args={'value': 204, 'prev_value': 203, 'change': 1}
2020-10-04 12:03:21,894 : EventManager : Event: ======'player_shot_soul_U'====== Args={'value': 1, 'prev_value': 0, 'change': 1, 'player_num': 1}
2020-10-04 12:03:21,894 : EventManager : Event: ======'machine_var_audits_shots_soul_U'====== Args={'value': 204, 'prev_value': 203, 'change': 1}
2020-10-04 12:03:21,894 : EventManager : Event: ======'player_score'====== Args={'value': 1070, 'prev_value': 1060, 'change': 10, 'player_num': 1}
2020-10-04 12:03:22,497 : EventManager : Event: ======'machine_var_audits_switches_s_soul_L'====== Args={'value': 203, 'prev_value': 202, 'change': 1}
2020-10-04 12:03:22,497 : EventManager : Event: ======'player_shot_soul_L'====== Args={'value': 1, 'prev_value': 0, 'change': 1, 'player_num': 1}
2020-10-04 12:03:22,497 : EventManager : Event: ======'machine_var_audits_shots_soul_L'====== Args={'value': 202, 'prev_value': 201, 'change': 1}
2020-10-04 12:03:22,498 : EventManager : Event: ======'player_score'====== Args={'value': 1080, 'prev_value': 1070, 'change': 10, 'player_num': 1}
2020-10-04 12:03:22,505 : EventManager : Event: ======'player_score'====== Args={'value': 3080, 'prev_value': 1080, 'change': 2000, 'player_num': 1}
2020-10-04 12:03:22,506 : EventManager : Event: ======'player_bonus_multiplier'====== Args={'value': 3, 'prev_value': 2, 'change': 1, 'player_num': 1}
2020-10-04 12:03:23,511 : EventManager : Event: ======'player_shot_soul_S'====== Args={'value': 0, 'prev_value': 1, 'change': -1, 'player_num': 1}
2020-10-04 12:03:23,512 : EventManager : Event: ======'player_shot_soul_O'====== Args={'value': 0, 'prev_value': 1, 'change': -1, 'player_num': 1}
2020-10-04 12:03:23,512 : EventManager : Event: ======'player_shot_soul_U'====== Args={'value': 0, 'prev_value': 1, 'change': -1, 'player_num': 1}
2020-10-04 12:03:23,513 : EventManager : Event: ======'player_shot_soul_L'====== Args={'value': 0, 'prev_value': 1, 'change': -1, 'player_num': 1}
2020-10-04 12:03:24,314 : EventManager : Event: ======'machine_var_audits_switches_s_trough1'====== Args={'value': 511, 'prev_value': 510, 'change': 1}
2020-10-04 12:03:24,820 : EventManager : Event: ======'sounds_clear'====== Args={'context': 'base'}
2020-10-04 12:03:24,820 : EventManager : Event: ======'slides_clear'====== Args={'context': 'base'}
2020-10-04 12:03:24,823 : EventManager : Event: ======'slide_base.slide_player-mode_base_started_removed'====== Args={}
2020-10-04 12:03:24,825 : EventManager : Event: ======'widgets_clear'====== Args={'context': 'soulLanes'}
2020-10-04 12:03:24,826 : EventManager : Event: ======'slide_welcome_slide_active'====== Args={}
2020-10-04 12:03:24,980 : EventManager : Event: ======'player_ball'====== Args={'value': 2, 'prev_value': 1, 'change': 1, 'player_num': 1}
2020-10-04 12:03:25,054 : EventManager : Event: ======'sounds_play'====== Args={'settings': {'poolCupHeadBase': {'loops': -1, 'priority': None, 'action': 'play', 'track': None, 'volume': None, 'pan': None, 'start_at': None, 'fade_in': None, 'fade_out': None, 'about_to_finish_time': -1.0, 'max_queue_time': -1.0, 'events_when_played': ['use_sound_setting'], 'events_when_stopped': ['use_sound_setting'], 'events_when_looping': ['use_sound_setting'], 'events_when_about_to_finish': ['use_sound_setting'], 'mode_end_action': 'use_sound_setting', 'key': 'use_sound_setting'}}, 'context': 'base', 'calling_context': 'mode_base_started', 'priority': 100, 'queue': '<QueuedEvent>', 'player': 1, 'ball': 2, 'balls_remaining': 3, 'is_extra_ball': False}
2020-10-04 12:03:25,054 : EventManager : Event: ======'slides_play'====== Args={'settings': {'widgets': {'widgets': [{'type': 'text', 'text': '(score)', 'number_grouping': True, 'min_digits': 2, 'font_size': 100, '_default_settings': ['type', 'text', 'number_grouping', 'min_digits', 'font_size'], 'x': None, 'y': None, 'anchor_x': 'center', 'anchor_y': 'center', 'round_anchor_x': None, 'round_anchor_y': None, 'opacity': 1.0, 'z': 0, 'reset_animations_events': {}, 'color': [1.0, 1.0, 1.0, 1.0], 'style': [], 'adjust_top': 0, 'adjust_bottom': 0, 'adjust_left': 0, 'adjust_right': 0, 'expire': None, 'key': None, 'widget': None, 'events_when_added': [], 'events_when_removed': [], 'bitmap_font': False, 'font_kerning': True, 'bold': False, 'italic': False, 'halign': 'center', 'valign': 'middle', 'rotation': 0, 'scale': 1.0, 'casing': None, 'animations': None}, {'type': 'text', 'text': 'Player (player)', 'y': '10', 'x': '10', 'font_size': 30, 'anchor_x': 'left', 'anchor_y': 'bottom', '_default_settings': ['type', 'text', 'y', 'x', 'font_size', 'anchor_x', 'anchor_y'], 'round_anchor_x': None, 'round_anchor_y': None, 'opacity': 1.0, 'z': 0, 'reset_animations_events': {}, 'color': [1.0, 1.0, 1.0, 1.0], 'style': [], 'adjust_top': 0, 'adjust_bottom': 0, 'adjust_left': 0, 'adjust_right': 0, 'expire': None, 'key': None, 'widget': None, 'events_when_added': [], 'events_when_removed': [], 'bitmap_font': False, 'font_kerning': True, 'bold': False, 'italic': False, 'number_grouping': False, 'min_digits': 0, 'halign': 'center', 'valign': 'middle', 'rotation': 0, 'scale': 1.0, 'casing': None, 'animations': None}, {'type': 'text', 'text': 'BALL (ball) (bonus_multiplier)', 'y': '10', 'x': 'right-10', 'anchor_x': 'right', 'anchor_y': 'bottom', 'font_size': 50, '_default_settings': ['type', 'text', 'y', 'x', 'anchor_x', 'anchor_y', 'font_size'], 'round_anchor_x': None, 'round_anchor_y': None, 'opacity': 1.0, 'z': 0, 'reset_animations_events': {}, 'color': [1.0, 1.0, 1.0, 1.0], 'style': [], 'adjust_top': 0, 'adjust_bottom': 0, 'adjust_left': 0, 'adjust_right': 0, 'expire': None, 'key': None, 'widget': None, 'events_when_added': [], 'events_when_removed': [], 'bitmap_font': False, 'font_kerning': True, 'bold': False, 'italic': False, 'number_grouping': False, 'min_digits': 0, 'halign': 'center', 'valign': 'middle', 'rotation': 0, 'scale': 1.0, 'casing': None, 'animations': None}], 'target': None, 'background_color': [0.0, 0.0, 0.0, 1.0], 'priority': None, 'show': True, 'force': False, 'expire': None, 'slide': None, 'tokens': {}, 'action': 'play'}}, 'context': 'base', 'calling_context': 'mode_base_started', 'priority': 100, 'queue': '<QueuedEvent>', 'player': 1, 'ball': 2, 'balls_remaining': 3, 'is_extra_ball': False}
2020-10-04 12:03:25,055 : mpfmc : SlidePlayer: Play called with settings={'widgets': {'widgets': [{'type': 'text', 'text': '(score)', 'number_grouping': True, 'min_digits': 2, 'font_size': 100, '_default_settings': ['type', 'text', 'number_grouping', 'min_digits', 'font_size'], 'x': None, 'y': None, 'anchor_x': 'center', 'anchor_y': 'center', 'round_anchor_x': None, 'round_anchor_y': None, 'opacity': 1.0, 'z': 0, 'reset_animations_events': {}, 'color': [1.0, 1.0, 1.0, 1.0], 'style': [], 'adjust_top': 0, 'adjust_bottom': 0, 'adjust_left': 0, 'adjust_right': 0, 'expire': None, 'key': None, 'widget': None, 'events_when_added': [], 'events_when_removed': [], 'bitmap_font': False, 'font_kerning': True, 'bold': False, 'italic': False, 'halign': 'center', 'valign': 'middle', 'rotation': 0, 'scale': 1.0, 'casing': None, 'animations': None}, {'type': 'text', 'text': 'Player (player)', 'y': '10', 'x': '10', 'font_size': 30, 'anchor_x': 'left', 'anchor_y': 'bottom', '_default_settings': ['type', 'text', 'y', 'x', 'font_size', 'anchor_x', 'anchor_y'], 'round_anchor_x': None, 'round_anchor_y': None, 'opacity': 1.0, 'z': 0, 'reset_animations_events': {}, 'color': [1.0, 1.0, 1.0, 1.0], 'style': [], 'adjust_top': 0, 'adjust_bottom': 0, 'adjust_left': 0, 'adjust_right': 0, 'expire': None, 'key': None, 'widget': None, 'events_when_added': [], 'events_when_removed': [], 'bitmap_font': False, 'font_kerning': True, 'bold': False, 'italic': False, 'number_grouping': False, 'min_digits': 0, 'halign': 'center', 'valign': 'middle', 'rotation': 0, 'scale': 1.0, 'casing': None, 'animations': None}, {'type': 'text', 'text': 'BALL (ball) (bonus_multiplier)', 'y': '10', 'x': 'right-10', 'anchor_x': 'right', 'anchor_y': 'bottom', 'font_size': 50, '_default_settings': ['type', 'text', 'y', 'x', 'anchor_x', 'anchor_y', 'font_size'], 'round_anchor_x': None, 'round_anchor_y': None, 'opacity': 1.0, 'z': 0, 'reset_animations_events': {}, 'color': [1.0, 1.0, 1.0, 1.0], 'style': [], 'adjust_top': 0, 'adjust_bottom': 0, 'adjust_left': 0, 'adjust_right': 0, 'expire': None, 'key': None, 'widget': None, 'events_when_added': [], 'events_when_removed': [], 'bitmap_font': False, 'font_kerning': True, 'bold': False, 'italic': False, 'number_grouping': False, 'min_digits': 0, 'halign': 'center', 'valign': 'middle', 'rotation': 0, 'scale': 1.0, 'casing': None, 'animations': None}], 'target': None, 'background_color': [0.0, 0.0, 0.0, 1.0], 'priority': None, 'show': True, 'force': False, 'expire': None, 'slide': None, 'tokens': {}, 'action': 'play'}}
2020-10-04 12:03:25,088 : EventManager : Event: ======'slide_base.slide_player-mode_base_started_created'====== Args={}
2020-10-04 12:03:25,094 : EventManager : Event: ======'slide_base.slide_player-mode_base_started_active'====== Args={}
2020-10-04 12:03:25,139 : EventManager : Event: ======'widgets_play'====== Args={'settings': {'soul_lanes_banner': {'priority': 0, 'slide': None, 'action': 'add', 'key': None, 'target': None}}, 'context': 'soulLanes', 'calling_context': 'mode_soulLanes_started', 'priority': 110, 'player': 1, 'ball': 2, 'balls_remaining': 3, 'is_extra_ball': False}
2020-10-04 12:03:27,958 : EventManager : Event: ======'machine_var_audits_switches_s_soul_S'====== Args={'value': 238, 'prev_value': 237, 'change': 1}
2020-10-04 12:03:27,958 : EventManager : Event: ======'player_shot_soul_S'====== Args={'value': 1, 'prev_value': 0, 'change': 1, 'player_num': 1}
2020-10-04 12:03:27,958 : EventManager : Event: ======'machine_var_audits_shots_soul_S'====== Args={'value': 238, 'prev_value': 237, 'change': 1}
2020-10-04 12:03:27,958 : EventManager : Event: ======'player_score'====== Args={'value': 3090, 'prev_value': 3080, 'change': 10, 'player_num': 1}
2020-10-04 12:03:29,079 : EventManager : Event: ======'machine_var_audits_switches_s_soul_O'====== Args={'value': 214, 'prev_value': 213, 'change': 1}
2020-10-04 12:03:29,079 : EventManager : Event: ======'player_shot_soul_O'====== Args={'value': 1, 'prev_value': 0, 'change': 1, 'player_num': 1}
2020-10-04 12:03:29,080 : EventManager : Event: ======'machine_var_audits_shots_soul_O'====== Args={'value': 209, 'prev_value': 208, 'change': 1}
2020-10-04 12:03:29,080 : EventManager : Event: ======'player_score'====== Args={'value': 3100, 'prev_value': 3090, 'change': 10, 'player_num': 1}
2020-10-04 12:03:29,503 : EventManager : Event: ======'machine_var_audits_switches_s_soul_U'====== Args={'value': 205, 'prev_value': 204, 'change': 1}
2020-10-04 12:03:29,503 : EventManager : Event: ======'player_shot_soul_U'====== Args={'value': 1, 'prev_value': 0, 'change': 1, 'player_num': 1}
2020-10-04 12:03:29,504 : EventManager : Event: ======'machine_var_audits_shots_soul_U'====== Args={'value': 205, 'prev_value': 204, 'change': 1}
2020-10-04 12:03:29,504 : EventManager : Event: ======'player_score'====== Args={'value': 3110, 'prev_value': 3100, 'change': 10, 'player_num': 1}
2020-10-04 12:03:30,404 : EventManager : Event: ======'machine_var_audits_switches_s_soul_L'====== Args={'value': 204, 'prev_value': 203, 'change': 1}
2020-10-04 12:03:30,405 : EventManager : Event: ======'player_shot_soul_L'====== Args={'value': 1, 'prev_value': 0, 'change': 1, 'player_num': 1}
2020-10-04 12:03:30,405 : EventManager : Event: ======'machine_var_audits_shots_soul_L'====== Args={'value': 203, 'prev_value': 202, 'change': 1}
2020-10-04 12:03:30,406 : EventManager : Event: ======'player_score'====== Args={'value': 3120, 'prev_value': 3110, 'change': 10, 'player_num': 1}
2020-10-04 12:03:30,406 : EventManager : Event: ======'player_score'====== Args={'value': 6120, 'prev_value': 3120, 'change': 3000, 'player_num': 1}
2020-10-04 12:03:30,414 : EventManager : Event: ======'player_bonus_multiplier'====== Args={'value': 4, 'prev_value': 3, 'change': 1, 'player_num': 1}
2020-10-04 12:03:31,328 : EventManager : Event: ======'machine_var_audits_switches_s_soul_S'====== Args={'value': 239, 'prev_value': 238, 'change': 1}
2020-10-04 12:03:31,328 : EventManager : Event: ======'machine_var_audits_shots_soul_S'====== Args={'value': 239, 'prev_value': 238, 'change': 1}
2020-10-04 12:03:31,328 : EventManager : Event: ======'player_score'====== Args={'value': 6130, 'prev_value': 6120, 'change': 10, 'player_num': 1}
2020-10-04 12:03:31,398 : EventManager : Event: ======'player_shot_soul_S'====== Args={'value': 0, 'prev_value': 1, 'change': -1, 'player_num': 1}
2020-10-04 12:03:31,399 : EventManager : Event: ======'player_shot_soul_O'====== Args={'value': 0, 'prev_value': 1, 'change': -1, 'player_num': 1}
2020-10-04 12:03:31,399 : EventManager : Event: ======'player_shot_soul_U'====== Args={'value': 0, 'prev_value': 1, 'change': -1, 'player_num': 1}
2020-10-04 12:03:31,399 : EventManager : Event: ======'player_shot_soul_L'====== Args={'value': 0, 'prev_value': 1, 'change': -1, 'player_num': 1}
2020-10-04 12:03:31,980 : EventManager : Event: ======'machine_var_audits_switches_s_soul_O'====== Args={'value': 215, 'prev_value': 214, 'change': 1}
2020-10-04 12:03:31,980 : EventManager : Event: ======'player_shot_soul_O'====== Args={'value': 1, 'prev_value': 0, 'change': 1, 'player_num': 1}
2020-10-04 12:03:31,981 : EventManager : Event: ======'machine_var_audits_shots_soul_O'====== Args={'value': 210, 'prev_value': 209, 'change': 1}
2020-10-04 12:03:31,981 : EventManager : Event: ======'player_score'====== Args={'value': 6140, 'prev_value': 6130, 'change': 10, 'player_num': 1}
2020-10-04 12:03:32,375 : EventManager : Event: ======'machine_var_audits_switches_s_soul_U'====== Args={'value': 206, 'prev_value': 205, 'change': 1}
2020-10-04 12:03:32,375 : EventManager : Event: ======'player_shot_soul_U'====== Args={'value': 1, 'prev_value': 0, 'change': 1, 'player_num': 1}
2020-10-04 12:03:32,375 : EventManager : Event: ======'machine_var_audits_shots_soul_U'====== Args={'value': 206, 'prev_value': 205, 'change': 1}
2020-10-04 12:03:32,376 : EventManager : Event: ======'player_score'====== Args={'value': 6150, 'prev_value': 6140, 'change': 10, 'player_num': 1}
2020-10-04 12:03:33,177 : EventManager : Event: ======'machine_var_audits_switches_s_soul_L'====== Args={'value': 205, 'prev_value': 204, 'change': 1}
2020-10-04 12:03:33,177 : EventManager : Event: ======'player_shot_soul_L'====== Args={'value': 1, 'prev_value': 0, 'change': 1, 'player_num': 1}
2020-10-04 12:03:33,177 : EventManager : Event: ======'machine_var_audits_shots_soul_L'====== Args={'value': 204, 'prev_value': 203, 'change': 1}
2020-10-04 12:03:33,177 : EventManager : Event: ======'player_score'====== Args={'value': 6160, 'prev_value': 6150, 'change': 10, 'player_num': 1}
2020-10-04 12:03:34,194 : EventManager : Event: ======'machine_var_audits_switches_s_soul_S'====== Args={'value': 240, 'prev_value': 239, 'change': 1}
2020-10-04 12:03:34,196 : EventManager : Event: ======'player_shot_soul_S'====== Args={'value': 1, 'prev_value': 0, 'change': 1, 'player_num': 1}
2020-10-04 12:03:34,197 : EventManager : Event: ======'machine_var_audits_shots_soul_S'====== Args={'value': 240, 'prev_value': 239, 'change': 1}
2020-10-04 12:03:34,197 : EventManager : Event: ======'player_score'====== Args={'value': 6170, 'prev_value': 6160, 'change': 10, 'player_num': 1}
2020-10-04 12:03:34,208 : EventManager : Event: ======'player_score'====== Args={'value': 10170, 'prev_value': 6170, 'change': 4000, 'player_num': 1}
2020-10-04 12:03:34,208 : EventManager : Event: ======'player_bonus_multiplier'====== Args={'value': 5, 'prev_value': 4, 'change': 1, 'player_num': 1}
2020-10-04 12:03:34,600 : EventManager : Event: ======'machine_var_audits_switches_s_soul_O'====== Args={'value': 216, 'prev_value': 215, 'change': 1}
2020-10-04 12:03:34,600 : EventManager : Event: ======'machine_var_audits_shots_soul_O'====== Args={'value': 211, 'prev_value': 210, 'change': 1}
2020-10-04 12:03:34,600 : EventManager : Event: ======'player_score'====== Args={'value': 10180, 'prev_value': 10170, 'change': 10, 'player_num': 1}
2020-10-04 12:03:34,896 : EventManager : Event: ======'machine_var_audits_switches_s_soul_U'====== Args={'value': 207, 'prev_value': 206, 'change': 1}
2020-10-04 12:03:34,896 : EventManager : Event: ======'machine_var_audits_shots_soul_U'====== Args={'value': 207, 'prev_value': 206, 'change': 1}
2020-10-04 12:03:34,896 : EventManager : Event: ======'player_score'====== Args={'value': 10190, 'prev_value': 10180, 'change': 10, 'player_num': 1}
2020-10-04 12:03:35,215 : EventManager : Event: ======'player_shot_soul_S'====== Args={'value': 0, 'prev_value': 1, 'change': -1, 'player_num': 1}
2020-10-04 12:03:35,215 : EventManager : Event: ======'player_shot_soul_O'====== Args={'value': 0, 'prev_value': 1, 'change': -1, 'player_num': 1}
2020-10-04 12:03:35,215 : EventManager : Event: ======'player_shot_soul_U'====== Args={'value': 0, 'prev_value': 1, 'change': -1, 'player_num': 1}
2020-10-04 12:03:35,215 : EventManager : Event: ======'player_shot_soul_L'====== Args={'value': 0, 'prev_value': 1, 'change': -1, 'player_num': 1}
2020-10-04 12:03:35,904 : EventManager : Event: ======'machine_var_audits_switches_s_soul_L'====== Args={'value': 206, 'prev_value': 205, 'change': 1}
2020-10-04 12:03:35,904 : EventManager : Event: ======'player_shot_soul_L'====== Args={'value': 1, 'prev_value': 0, 'change': 1, 'player_num': 1}
2020-10-04 12:03:35,905 : EventManager : Event: ======'machine_var_audits_shots_soul_L'====== Args={'value': 205, 'prev_value': 204, 'change': 1}
2020-10-04 12:03:35,905 : EventManager : Event: ======'player_score'====== Args={'value': 10200, 'prev_value': 10190, 'change': 10, 'player_num': 1}
2020-10-04 12:03:37,834 : EventManager : Event: ======'machine_var_audits_switches_s_soul_S'====== Args={'value': 241, 'prev_value': 240, 'change': 1}
2020-10-04 12:03:37,834 : EventManager : Event: ======'player_shot_soul_S'====== Args={'value': 1, 'prev_value': 0, 'change': 1, 'player_num': 1}
2020-10-04 12:03:37,847 : EventManager : Event: ======'machine_var_audits_shots_soul_S'====== Args={'value': 241, 'prev_value': 240, 'change': 1}
2020-10-04 12:03:37,847 : EventManager : Event: ======'player_score'====== Args={'value': 10210, 'prev_value': 10200, 'change': 10, 'player_num': 1}
2020-10-04 12:03:38,493 : EventManager : Event: ======'machine_var_audits_switches_s_soul_O'====== Args={'value': 217, 'prev_value': 216, 'change': 1}
2020-10-04 12:03:38,493 : EventManager : Event: ======'player_shot_soul_O'====== Args={'value': 1, 'prev_value': 0, 'change': 1, 'player_num': 1}
2020-10-04 12:03:38,494 : EventManager : Event: ======'machine_var_audits_shots_soul_O'====== Args={'value': 212, 'prev_value': 211, 'change': 1}
2020-10-04 12:03:38,494 : EventManager : Event: ======'player_score'====== Args={'value': 10220, 'prev_value': 10210, 'change': 10, 'player_num': 1}
2020-10-04 12:03:39,003 : EventManager : Event: ======'machine_var_audits_switches_s_soul_U'====== Args={'value': 208, 'prev_value': 207, 'change': 1}
2020-10-04 12:03:39,003 : EventManager : Event: ======'player_shot_soul_U'====== Args={'value': 1, 'prev_value': 0, 'change': 1, 'player_num': 1}
2020-10-04 12:03:39,003 : EventManager : Event: ======'machine_var_audits_shots_soul_U'====== Args={'value': 208, 'prev_value': 207, 'change': 1}
2020-10-04 12:03:39,004 : EventManager : Event: ======'player_score'====== Args={'value': 10230, 'prev_value': 10220, 'change': 10, 'player_num': 1}
2020-10-04 12:03:39,004 : EventManager : Event: ======'player_score'====== Args={'value': 15230, 'prev_value': 10230, 'change': 5000, 'player_num': 1}
2020-10-04 12:03:39,013 : EventManager : Event: ======'player_bonus_multiplier'====== Args={'value': 6, 'prev_value': 5, 'change': 1, 'player_num': 1}
2020-10-04 12:03:39,634 : EventManager : Event: ======'machine_var_audits_switches_s_soul_L'====== Args={'value': 207, 'prev_value': 206, 'change': 1}
2020-10-04 12:03:39,634 : EventManager : Event: ======'machine_var_audits_shots_soul_L'====== Args={'value': 206, 'prev_value': 205, 'change': 1}
2020-10-04 12:03:39,634 : EventManager : Event: ======'player_score'====== Args={'value': 15240, 'prev_value': 15230, 'change': 10, 'player_num': 1}
2020-10-04 12:03:40,004 : EventManager : Event: ======'player_shot_soul_S'====== Args={'value': 0, 'prev_value': 1, 'change': -1, 'player_num': 1}
2020-10-04 12:03:40,004 : EventManager : Event: ======'player_shot_soul_O'====== Args={'value': 0, 'prev_value': 1, 'change': -1, 'player_num': 1}
2020-10-04 12:03:40,005 : EventManager : Event: ======'player_shot_soul_U'====== Args={'value': 0, 'prev_value': 1, 'change': -1, 'player_num': 1}
2020-10-04 12:03:40,016 : EventManager : Event: ======'player_shot_soul_L'====== Args={'value': 0, 'prev_value': 1, 'change': -1, 'player_num': 1}
2020-10-04 12:03:40,479 : EventManager : Event: ======'machine_var_audits_switches_s_soul_S'====== Args={'value': 242, 'prev_value': 241, 'change': 1}
2020-10-04 12:03:40,479 : EventManager : Event: ======'player_shot_soul_S'====== Args={'value': 1, 'prev_value': 0, 'change': 1, 'player_num': 1}
2020-10-04 12:03:40,479 : EventManager : Event: ======'machine_var_audits_shots_soul_S'====== Args={'value': 242, 'prev_value': 241, 'change': 1}
2020-10-04 12:03:40,479 : EventManager : Event: ======'player_score'====== Args={'value': 15250, 'prev_value': 15240, 'change': 10, 'player_num': 1}
2020-10-04 12:03:41,284 : EventManager : Event: ======'machine_var_audits_switches_s_soul_O'====== Args={'value': 218, 'prev_value': 217, 'change': 1}
2020-10-04 12:03:41,284 : EventManager : Event: ======'player_shot_soul_O'====== Args={'value': 1, 'prev_value': 0, 'change': 1, 'player_num': 1}
2020-10-04 12:03:41,284 : EventManager : Event: ======'machine_var_audits_shots_soul_O'====== Args={'value': 213, 'prev_value': 212, 'change': 1}
2020-10-04 12:03:41,284 : EventManager : Event: ======'player_score'====== Args={'value': 15260, 'prev_value': 15250, 'change': 10, 'player_num': 1}
2020-10-04 12:03:41,789 : EventManager : Event: ======'machine_var_audits_switches_s_soul_U'====== Args={'value': 209, 'prev_value': 208, 'change': 1}
2020-10-04 12:03:41,789 : EventManager : Event: ======'player_shot_soul_U'====== Args={'value': 1, 'prev_value': 0, 'change': 1, 'player_num': 1}
2020-10-04 12:03:41,789 : EventManager : Event: ======'machine_var_audits_shots_soul_U'====== Args={'value': 209, 'prev_value': 208, 'change': 1}
2020-10-04 12:03:41,790 : EventManager : Event: ======'player_score'====== Args={'value': 15270, 'prev_value': 15260, 'change': 10, 'player_num': 1}
2020-10-04 12:03:42,353 : EventManager : Event: ======'machine_var_audits_switches_s_soul_L'====== Args={'value': 208, 'prev_value': 207, 'change': 1}
2020-10-04 12:03:42,353 : EventManager : Event: ======'player_shot_soul_L'====== Args={'value': 1, 'prev_value': 0, 'change': 1, 'player_num': 1}
2020-10-04 12:03:42,354 : EventManager : Event: ======'machine_var_audits_shots_soul_L'====== Args={'value': 207, 'prev_value': 206, 'change': 1}
2020-10-04 12:03:42,354 : EventManager : Event: ======'player_score'====== Args={'value': 15280, 'prev_value': 15270, 'change': 10, 'player_num': 1}
2020-10-04 12:03:42,363 : EventManager : Event: ======'player_score'====== Args={'value': 21280, 'prev_value': 15280, 'change': 6000, 'player_num': 1}
2020-10-04 12:03:43,055 : EventManager : Event: ======'machine_var_audits_switches_s_soul_S'====== Args={'value': 243, 'prev_value': 242, 'change': 1}
2020-10-04 12:03:43,055 : EventManager : Event: ======'machine_var_audits_shots_soul_S'====== Args={'value': 243, 'prev_value': 242, 'change': 1}
2020-10-04 12:03:43,055 : EventManager : Event: ======'player_score'====== Args={'value': 21290, 'prev_value': 21280, 'change': 10, 'player_num': 1}
2020-10-04 12:03:43,368 : EventManager : Event: ======'player_shot_soul_S'====== Args={'value': 0, 'prev_value': 1, 'change': -1, 'player_num': 1}
2020-10-04 12:03:43,368 : EventManager : Event: ======'player_shot_soul_O'====== Args={'value': 0, 'prev_value': 1, 'change': -1, 'player_num': 1}
2020-10-04 12:03:43,368 : EventManager : Event: ======'player_shot_soul_U'====== Args={'value': 0, 'prev_value': 1, 'change': -1, 'player_num': 1}
2020-10-04 12:03:43,369 : EventManager : Event: ======'player_shot_soul_L'====== Args={'value': 0, 'prev_value': 1, 'change': -1, 'player_num': 1}
2020-10-04 12:03:43,369 : EventManager : Event: ======'machine_var_audits_switches_s_soul_O'====== Args={'value': 219, 'prev_value': 218, 'change': 1}
2020-10-04 12:03:43,369 : EventManager : Event: ======'player_shot_soul_O'====== Args={'value': 1, 'prev_value': 0, 'change': 1, 'player_num': 1}
2020-10-04 12:03:43,381 : EventManager : Event: ======'machine_var_audits_shots_soul_O'====== Args={'value': 214, 'prev_value': 213, 'change': 1}
2020-10-04 12:03:43,381 : EventManager : Event: ======'player_score'====== Args={'value': 21300, 'prev_value': 21290, 'change': 10, 'player_num': 1}
2020-10-04 12:03:43,702 : EventManager : Event: ======'machine_var_audits_switches_s_soul_U'====== Args={'value': 210, 'prev_value': 209, 'change': 1}
2020-10-04 12:03:43,703 : EventManager : Event: ======'player_shot_soul_U'====== Args={'value': 1, 'prev_value': 0, 'change': 1, 'player_num': 1}
2020-10-04 12:03:43,704 : EventManager : Event: ======'machine_var_audits_shots_soul_U'====== Args={'value': 210, 'prev_value': 209, 'change': 1}
2020-10-04 12:03:43,704 : EventManager : Event: ======'player_score'====== Args={'value': 21310, 'prev_value': 21300, 'change': 10, 'player_num': 1}
2020-10-04 12:03:44,244 : EventManager : Event: ======'machine_var_audits_switches_s_soul_L'====== Args={'value': 209, 'prev_value': 208, 'change': 1}
2020-10-04 12:03:44,244 : EventManager : Event: ======'player_shot_soul_L'====== Args={'value': 1, 'prev_value': 0, 'change': 1, 'player_num': 1}
2020-10-04 12:03:44,244 : EventManager : Event: ======'machine_var_audits_shots_soul_L'====== Args={'value': 208, 'prev_value': 207, 'change': 1}
2020-10-04 12:03:44,244 : EventManager : Event: ======'player_score'====== Args={'value': 21320, 'prev_value': 21310, 'change': 10, 'player_num': 1}
2020-10-04 12:03:45,412 : kivy : Base: Leaving application in progress...
2020-10-04 12:03:45,721 : kivy : WindowSDL: exiting mainloop and closing.
2020-10-04 12:03:45,768 : mpfmc : Stopping...
2020-10-04 12:03:45,768 : EventManager : Event: ======'shutdown'====== Args={}
2020-10-04 12:03:45,768 : mpfmc : Loop rate 61.7 Hz
2020-10-04 12:03:45,768 : kivy : MC run loop ended.
2020-10-04 12:03:45,784 : kivy : Stopping child threads... (3 remaining)
2020-10-04 12:03:45,968 : mpfmc : Stopping...
2020-10-04 12:03:45,968 : EventManager : Event: ======'shutdown'====== Args={}
2020-10-04 12:03:45,968 : mpfmc : Loop rate 61.42 Hz
2020-10-04 12:03:45,983 : MPF-MC BCP Server : Stopping BCP sending thread
2020-10-04 12:03:46,199 : kivy : All child threads stopped.
