2020-10-05 17:35:16,655 : kivy : Factory: 184 symbols loaded
2020-10-05 17:35:17,014 : kivy : ImageLoaderFFPy: Using ffpyplayer 4.3.1
2020-10-05 17:35:17,016 : kivy : Image: Providers: img_tex, img_dds, img_sdl2, img_pil, img_ffpyplayer, img_gif 
2020-10-05 17:35:17,247 : kivy : VideoGstplayer: Using Gstreamer 1.16.0.0
2020-10-05 17:35:17,248 : kivy : Video: Provider: gstplayer
2020-10-05 17:35:17,426 : kivy : Loading MPF-MC controller
2020-10-05 17:35:17,450 : YamlMultifileConfigLoader : Machine config file #1: config
2020-10-05 17:35:17,451 : ConfigProcessor : Config file in cache changed: c:\GitHub\Cuphead\config\config
2020-10-05 17:35:17,452 : ConfigProcessor : Loading config from file c:\users\themi\appdata\local\programs\python\python36\lib\site-packages\mpfmc\mcconfig.yaml.
2020-10-05 17:35:17,531 : ConfigProcessor : Loading config: c:\users\themi\appdata\local\programs\python\python36\lib\site-packages\mpfmc\mcconfig.yaml
2020-10-05 17:35:17,532 : ConfigProcessor : Loading config from file c:\GitHub\Cuphead\config\config.
2020-10-05 17:35:17,554 : ConfigProcessor : Loading config: c:\GitHub\Cuphead\config\config
2020-10-05 17:35:17,566 : ConfigProcessor : Loading config: c:\GitHub\Cuphead\config\keyboard.yaml
2020-10-05 17:35:17,609 : ConfigProcessor : Loading config: c:\GitHub\Cuphead\config\hwSwitches.yaml
2020-10-05 17:35:17,700 : ConfigProcessor : Loading config: c:\GitHub\Cuphead\config\hwLights.yaml
2020-10-05 17:35:17,727 : ConfigProcessor : Loading config: c:\GitHub\Cuphead\config\hwCoils.yaml
2020-10-05 17:35:17,732 : ConfigProcessor : Config file cache created: C:\Users\themi\AppData\Local\Temp\0cbdbb896bde7c562664fa91ae109528.mpf_cache
2020-10-05 17:35:17,733 : ConfigProcessor : Loading config from cache: C:\Users\themi\AppData\Local\Temp\89b9c5cb952cce9fc74d723399719cc6.mpf_cache
2020-10-05 17:35:17,735 : ConfigProcessor : Loading config from cache: C:\Users\themi\AppData\Local\Temp\4fcecb70f81c3c2fefb8e65ae9a0af5f.mpf_cache
2020-10-05 17:35:17,736 : ConfigProcessor : Loading config from cache: C:\Users\themi\AppData\Local\Temp\5820a65357aa32f3082a694bbd0b1b93.mpf_cache
2020-10-05 17:35:17,737 : ConfigProcessor : Loading config from cache: C:\Users\themi\AppData\Local\Temp\2f1df67e0c6599f893aeb5468bc976f9.mpf_cache
2020-10-05 17:35:17,739 : ConfigProcessor : Loading config from cache: C:\Users\themi\AppData\Local\Temp\3e28196fea866bd961d93515ab5c664b.mpf_cache
2020-10-05 17:35:17,740 : mpfmc : Mission Pinball Framework Media Controller v0.54.0-dev.20
2020-10-05 17:35:17,740 : mpfmc : Mission Pinball Framework Game Engine v0.54.0-dev.72
2020-10-05 17:35:17,740 : mpfmc : Machine path: c:\GitHub\Cuphead
2020-10-05 17:35:17,740 : mpfmc : Starting clock at 60.0Hz
2020-10-05 17:35:17,771 : kivy : Text: Provider: sdl2
2020-10-05 17:35:17,857 : kivy : Window: Provider: sdl2
2020-10-05 17:35:18,748 : kivy : GL: Using the "OpenGL" graphics system
2020-10-05 17:35:18,751 : kivy : GL: GLEW initialization succeeded
2020-10-05 17:35:18,751 : kivy : GL: Backend used <glew>
2020-10-05 17:35:18,754 : kivy : GL: OpenGL version <b'4.5.14568 Compatibility Profile Context 24.20.12050.0'>
2020-10-05 17:35:18,755 : kivy : GL: OpenGL vendor <b'ATI Technologies Inc.'>
2020-10-05 17:35:18,755 : kivy : GL: OpenGL renderer <b'AMD Radeon(TM) R4 Graphics'>
2020-10-05 17:35:18,758 : kivy : GL: OpenGL parsed version: 4, 5
2020-10-05 17:35:18,758 : kivy : GL: Shading version <b'4.50'>
2020-10-05 17:35:18,758 : kivy : GL: Texture max size <16384>
2020-10-05 17:35:18,759 : kivy : GL: Texture max units <32>
2020-10-05 17:35:18,797 : kivy : Window: auto add sdl2 input provider
2020-10-05 17:35:18,798 : kivy : Window: virtual keyboard not allowed, single mode, not docked
2020-10-05 17:35:18,813 : SoundSystem : SoundSystem: Using default 'sound_system' settings
2020-10-05 17:35:19,575 : AudioInterface : Initialized
2020-10-05 17:35:19,576 : SoundSystem : No audio tracks are specified in your machine config file. a track named 'default' has been created.
2020-10-05 17:35:19,582 : kivy : Base: Start application main loop
2020-10-05 17:35:19,584 : EventManager : Event: ======'display_window_initialized'====== Args={}
2020-10-05 17:35:19,628 : mpfmc : Display: Setting 'window' as default display
2020-10-05 17:35:19,641 : EventManager : Event: ======'displays_initialized'====== Args={}
2020-10-05 17:35:19,644 : EventManager : Event: ======'slide_window_blank_created'====== Args={}
2020-10-05 17:35:19,644 : EventManager : Event: ======'display_window_ready'====== Args={}
2020-10-05 17:35:19,666 : EventManager : Event: ======'init_phase_1'====== Args={}
2020-10-05 17:35:19,673 : EventManager : Event: ======'mc_ready'====== Args={}
2020-10-05 17:35:19,673 : EventManager : Event: ======'init_phase_2'====== Args={}
2020-10-05 17:35:19,678 : EventManager : Event: ======'init_phase_3'====== Args={}
2020-10-05 17:35:19,681 : AssetManager : Registering Asset: cupHighScore, File: cupHighScore.ogg, Default Group: default, Final Config: {'load': 'preload', 'file': 'c:\\GitHub\\Cuphead\\modes\\base\\sounds\\music\\cupHighScore.ogg'}
2020-10-05 17:35:19,681 : AssetManager : Registering Asset: cupMusic1, File: cupMusic1.ogg, Default Group: default, Final Config: {'load': 'preload', 'target': 'music', 'loop': -1, 'mode_end_action': 'stop', 'file': 'c:\\GitHub\\Cuphead\\modes\\base\\sounds\\music\\cupMusic1.ogg'}
2020-10-05 17:35:19,681 : AssetManager : Registering Asset: cupMusic2, File: cupMusic2.ogg, Default Group: default, Final Config: {'load': 'preload', 'target': 'music', 'loop': -1, 'mode_end_action': 'stop', 'file': 'c:\\GitHub\\Cuphead\\modes\\base\\sounds\\music\\cupMusic2.ogg'}
2020-10-05 17:35:19,681 : AssetManager : Registering Asset: cupMusic3, File: cupMusic3.ogg, Default Group: default, Final Config: {'load': 'preload', 'target': 'music', 'loop': -1, 'mode_end_action': 'stop', 'file': 'c:\\GitHub\\Cuphead\\modes\\base\\sounds\\music\\cupMusic3.ogg'}
2020-10-05 17:35:19,681 : AssetManager : Registering Asset: cupMusic4, File: cupMusic4.ogg, Default Group: default, Final Config: {'load': 'preload', 'target': 'music', 'loop': -1, 'mode_end_action': 'stop', 'file': 'c:\\GitHub\\Cuphead\\modes\\base\\sounds\\music\\cupMusic4.ogg'}
2020-10-05 17:35:19,681 : AssetManager : Registering Asset: cupMusic5, File: cupMusic5.ogg, Default Group: default, Final Config: {'load': 'preload', 'file': 'c:\\GitHub\\Cuphead\\modes\\base\\sounds\\music\\cupMusic5.ogg'}
2020-10-05 17:35:19,681 : AssetManager : Registering Asset: cupMusic6, File: cupMusic6.ogg, Default Group: default, Final Config: {'load': 'preload', 'file': 'c:\\GitHub\\Cuphead\\modes\\base\\sounds\\music\\cupMusic6.ogg'}
2020-10-05 17:35:19,681 : AssetManager : Registering Asset: cupMusic7, File: cupMusic7.ogg, Default Group: default, Final Config: {'load': 'preload', 'file': 'c:\\GitHub\\Cuphead\\modes\\base\\sounds\\music\\cupMusic7.ogg'}
2020-10-05 17:35:19,682 : AssetManager : Registering Asset: cupMusic8, File: cupMusic8.ogg, Default Group: default, Final Config: {'load': 'preload', 'file': 'c:\\GitHub\\Cuphead\\modes\\base\\sounds\\music\\cupMusic8.ogg'}
2020-10-05 17:35:19,682 : AssetManager : Registering Asset: cupMusic9, File: cupMusic9.ogg, Default Group: default, Final Config: {'load': 'preload', 'file': 'c:\\GitHub\\Cuphead\\modes\\base\\sounds\\music\\cupMusic9.ogg'}
2020-10-05 17:35:19,682 : AssetManager : Registering Asset: game_play_1, File: game_play_1.ogg, Default Group: default, Final Config: {'load': 'preload', 'file': 'c:\\GitHub\\Cuphead\\modes\\base\\sounds\\music\\game_play_1.ogg'}
2020-10-05 17:35:19,685 : AssetManager : Registering Asset: attract_music, File: attract_music.ogg, Default Group: default, Final Config: {'load': 'preload', 'file': 'c:\\GitHub\\Cuphead\\modes\\attract\\sounds\\music\\attract_music.ogg'}
2020-10-05 17:35:19,687 : EventManager : Event: ======'init_phase_4'====== Args={}
2020-10-05 17:35:19,687 : EventManager : Event: ======'init_phase_5'====== Args={}
2020-10-05 17:35:22,882 : EventManager : Event: ======'loading_assets'====== Args={'total': 12, 'loaded': 1, 'remaining': 11, 'percent': 8}
2020-10-05 17:35:23,390 : AssetManager : Loading assets: 1/12 (8%)
2020-10-05 17:35:25,020 : EventManager : Event: ======'loading_assets'====== Args={'total': 12, 'loaded': 6, 'remaining': 6, 'percent': 50}
2020-10-05 17:35:25,020 : AssetManager : Loading assets: 6/12 (50%)
2020-10-05 17:35:26,338 : EventManager : Event: ======'loading_assets'====== Args={'total': 12, 'loaded': 8, 'remaining': 4, 'percent': 67}
2020-10-05 17:35:26,339 : AssetManager : Loading assets: 8/12 (67%)
2020-10-05 17:35:28,144 : EventManager : Event: ======'loading_assets'====== Args={'total': 12, 'loaded': 10, 'remaining': 2, 'percent': 83}
2020-10-05 17:35:28,144 : AssetManager : Loading assets: 10/12 (83%)
2020-10-05 17:35:28,994 : EventManager : Event: ======'loading_assets'====== Args={'total': 12, 'loaded': 12, 'remaining': 0, 'percent': 100}
2020-10-05 17:35:28,995 : AssetManager : Asset loading took: 9.417891502380371
2020-10-05 17:35:28,995 : EventManager : Event: ======'asset_loading_complete'====== Args={}
2020-10-05 17:35:28,995 : AssetManager : Loading assets: 12/12 (100%)
2020-10-05 17:35:28,995 : EventManager : Event: ======'init_done'====== Args={}
2020-10-05 17:35:28,995 : MPF-MC BCP Server : Starting up on localhost port 5050
2020-10-05 17:35:29,004 : MPF-MC BCP Server : Waiting for a connection...
2020-10-05 17:35:29,005 : mpfmc : SlidePlayer: Play called with settings={'slides': {welcome_slide-None-None: {'priority': None, 'target': None, 'background_color': [0.0, 0.0, 0.0, 1.0], 'show': True, 'force': False, 'expire': None, 'slide': None, 'tokens': {}, 'action': 'play', 'transition': None, 'transition_out': None}}}
2020-10-05 17:35:29,013 : kivy : GL: NPOT texture support is available
2020-10-05 17:35:29,014 : EventManager : Event: ======'slide_welcome_slide_created'====== Args={}
2020-10-05 17:35:29,016 : EventManager : Event: ======'slide_welcome_slide_active'====== Args={}
2020-10-05 17:35:29,024 : EventManager : Event: ======'client_disconnected'====== Args={'host': '127.0.0.1', 'port': 5050}
2020-10-05 17:35:29,029 : MPF-MC BCP Server : Received connection from: 127.0.0.1:65451
2020-10-05 17:35:29,037 : EventManager : Event: ======'client_connected'====== Args={'host': '127.0.0.1', 'port': 65451}
2020-10-05 17:35:29,050 : EventManager : Event: ======'machine_var_credits_string'====== Args={'value': 'FREE PLAY', 'prev_value': None, 'change': True}
2020-10-05 17:35:29,052 : EventManager : Event: ======'machine_var_player1_score'====== Args={'value': 16340, 'prev_value': None, 'change': True}
2020-10-05 17:35:29,053 : EventManager : Event: ======'machine_var_mpf_version'====== Args={'value': 'MPF v0.54.0-dev.72', 'prev_value': None, 'change': True}
2020-10-05 17:35:29,053 : EventManager : Event: ======'machine_var_mpf_extended_version'====== Args={'value': 'MPF v0.54.0-dev.72, Config version:5, Show version: 5, BCP version:1.1', 'prev_value': None, 'change': True}
2020-10-05 17:35:29,053 : EventManager : Event: ======'machine_var_python_version'====== Args={'value': '3.6.4', 'prev_value': None, 'change': True}
2020-10-05 17:35:29,053 : EventManager : Event: ======'machine_var_platform'====== Args={'value': 'Windows-10-10.0.18362-SP0', 'prev_value': None, 'change': True}
2020-10-05 17:35:29,053 : EventManager : Event: ======'machine_var_platform_system'====== Args={'value': 'Windows', 'prev_value': None, 'change': True}
2020-10-05 17:35:29,053 : EventManager : Event: ======'machine_var_platform_release'====== Args={'value': '10', 'prev_value': None, 'change': True}
2020-10-05 17:35:29,054 : EventManager : Event: ======'machine_var_platform_version'====== Args={'value': '10.0.18362', 'prev_value': None, 'change': True}
2020-10-05 17:35:29,054 : EventManager : Event: ======'machine_var_platform_machine'====== Args={'value': 'AMD64', 'prev_value': None, 'change': True}
2020-10-05 17:35:29,054 : EventManager : Event: ======'machine_var_mc_version'====== Args={'value': 'MPF-MC v0.54.0-dev.20', 'prev_value': None, 'change': True}
2020-10-05 17:35:29,054 : EventManager : Event: ======'machine_var_mc_extended_version'====== Args={'value': 'MPF-MC v0.54.0-dev.20 (config_version=5, BCP v1.1, Requires MPF v0.54.0-dev.68)', 'prev_value': None, 'change': True}
2020-10-05 17:35:29,054 : EventManager : Event: ======'machine_var_master_volume'====== Args={'value': 0.5, 'prev_value': None, 'change': True}
2020-10-05 17:35:29,147 : EventManager : Event: ======'machine_var_audits_events_game_ended'====== Args={'value': 21, 'prev_value': None, 'change': True}
2020-10-05 17:35:29,148 : EventManager : Event: ======'machine_var_audits_events_game_started'====== Args={'value': 40, 'prev_value': None, 'change': True}
2020-10-05 17:35:29,148 : EventManager : Event: ======'machine_var_audits_player_score'====== Args={'value': {'average': 530.4761904761905, 'top': [2970, 1300, 1220, 980, 880, 780, 720, 710, 630, 590], 'total': 21}, 'prev_value': None, 'change': True}
2020-10-05 17:35:29,148 : EventManager : Event: ======'machine_var_audits_shots_soul_L'====== Args={'value': 265, 'prev_value': None, 'change': True}
2020-10-05 17:35:29,148 : EventManager : Event: ======'machine_var_audits_shots_soul_O'====== Args={'value': 272, 'prev_value': None, 'change': True}
2020-10-05 17:35:29,159 : EventManager : Event: ======'machine_var_audits_shots_soul_S'====== Args={'value': 305, 'prev_value': None, 'change': True}
2020-10-05 17:35:29,159 : EventManager : Event: ======'machine_var_audits_shots_soul_U'====== Args={'value': 267, 'prev_value': None, 'change': True}
2020-10-05 17:35:29,159 : EventManager : Event: ======'machine_var_audits_switches_s_coin'====== Args={'value': 20, 'prev_value': None, 'change': True}
2020-10-05 17:35:29,160 : EventManager : Event: ======'machine_var_audits_switches_s_dash_L'====== Args={'value': 0, 'prev_value': None, 'change': True}
2020-10-05 17:35:29,160 : EventManager : Event: ======'machine_var_audits_switches_s_dash_R'====== Args={'value': 0, 'prev_value': None, 'change': True}
2020-10-05 17:35:29,161 : EventManager : Event: ======'machine_var_audits_switches_s_dtSling_L'====== Args={'value': 0, 'prev_value': None, 'change': True}
2020-10-05 17:35:29,161 : EventManager : Event: ======'machine_var_audits_switches_s_dtSling_R'====== Args={'value': 0, 'prev_value': None, 'change': True}
2020-10-05 17:35:29,161 : EventManager : Event: ======'machine_var_audits_switches_s_dt_C'====== Args={'value': 118, 'prev_value': None, 'change': True}
2020-10-05 17:35:29,162 : EventManager : Event: ======'machine_var_audits_switches_s_dt_G'====== Args={'value': 39, 'prev_value': None, 'change': True}
2020-10-05 17:35:29,162 : EventManager : Event: ======'machine_var_audits_switches_s_dt_M'====== Args={'value': 38, 'prev_value': None, 'change': True}
2020-10-05 17:35:29,162 : EventManager : Event: ======'machine_var_audits_switches_s_dt_P'====== Args={'value': 98, 'prev_value': None, 'change': True}
2020-10-05 17:35:29,163 : EventManager : Event: ======'machine_var_audits_switches_s_dt_U'====== Args={'value': 106, 'prev_value': None, 'change': True}
2020-10-05 17:35:29,163 : EventManager : Event: ======'machine_var_audits_switches_s_dt_U2'====== Args={'value': 38, 'prev_value': None, 'change': True}
2020-10-05 17:35:29,163 : EventManager : Event: ======'machine_var_audits_switches_s_exit_shooter_lane'====== Args={'value': 382, 'prev_value': None, 'change': True}
2020-10-05 17:35:29,163 : EventManager : Event: ======'machine_var_audits_switches_s_inLane_L'====== Args={'value': 0, 'prev_value': None, 'change': True}
2020-10-05 17:35:29,164 : EventManager : Event: ======'machine_var_audits_switches_s_inLane_R'====== Args={'value': 0, 'prev_value': None, 'change': True}
2020-10-05 17:35:29,171 : EventManager : Event: ======'machine_var_audits_switches_s_kicker'====== Args={'value': 0, 'prev_value': None, 'change': True}
2020-10-05 17:35:29,171 : EventManager : Event: ======'machine_var_audits_switches_s_left_flipper'====== Args={'value': 151, 'prev_value': None, 'change': True}
2020-10-05 17:35:29,171 : EventManager : Event: ======'machine_var_audits_switches_s_midRight'====== Args={'value': 0, 'prev_value': None, 'change': True}
2020-10-05 17:35:29,172 : EventManager : Event: ======'machine_var_audits_switches_s_outLane_L'====== Args={'value': 0, 'prev_value': None, 'change': True}
2020-10-05 17:35:29,172 : EventManager : Event: ======'machine_var_audits_switches_s_outLane_R'====== Args={'value': 0, 'prev_value': None, 'change': True}
2020-10-05 17:35:29,173 : EventManager : Event: ======'machine_var_audits_switches_s_perdition'====== Args={'value': 0, 'prev_value': None, 'change': True}
2020-10-05 17:35:29,173 : EventManager : Event: ======'machine_var_audits_switches_s_playfield'====== Args={'value': 0, 'prev_value': None, 'change': True}
2020-10-05 17:35:29,174 : EventManager : Event: ======'machine_var_audits_switches_s_plunger'====== Args={'value': 624, 'prev_value': None, 'change': True}
2020-10-05 17:35:29,174 : EventManager : Event: ======'machine_var_audits_switches_s_popBumper_1'====== Args={'value': 464, 'prev_value': None, 'change': True}
2020-10-05 17:35:29,174 : EventManager : Event: ======'machine_var_audits_switches_s_popBumper_2'====== Args={'value': 442, 'prev_value': None, 'change': True}
2020-10-05 17:35:29,175 : EventManager : Event: ======'machine_var_audits_switches_s_popBumper_3'====== Args={'value': 164, 'prev_value': None, 'change': True}
2020-10-05 17:35:29,175 : EventManager : Event: ======'machine_var_audits_switches_s_pop_bumper1'====== Args={'value': 120, 'prev_value': None, 'change': True}
2020-10-05 17:35:29,183 : EventManager : Event: ======'machine_var_audits_switches_s_pop_bumper2'====== Args={'value': 153, 'prev_value': None, 'change': True}
2020-10-05 17:35:29,185 : EventManager : Event: ======'machine_var_audits_switches_s_pop_bumper3'====== Args={'value': 100, 'prev_value': None, 'change': True}
2020-10-05 17:35:29,185 : EventManager : Event: ======'machine_var_audits_switches_s_right_flipper'====== Args={'value': 217, 'prev_value': None, 'change': True}
2020-10-05 17:35:29,186 : EventManager : Event: ======'machine_var_audits_switches_s_sling_L'====== Args={'value': 0, 'prev_value': None, 'change': True}
2020-10-05 17:35:29,186 : EventManager : Event: ======'machine_var_audits_switches_s_sling_R'====== Args={'value': 0, 'prev_value': None, 'change': True}
2020-10-05 17:35:29,186 : EventManager : Event: ======'machine_var_audits_switches_s_soul_L'====== Args={'value': 266, 'prev_value': None, 'change': True}
2020-10-05 17:35:29,187 : EventManager : Event: ======'machine_var_audits_switches_s_soul_O'====== Args={'value': 277, 'prev_value': None, 'change': True}
2020-10-05 17:35:29,187 : EventManager : Event: ======'machine_var_audits_switches_s_soul_S'====== Args={'value': 305, 'prev_value': None, 'change': True}
2020-10-05 17:35:29,187 : EventManager : Event: ======'machine_var_audits_switches_s_soul_U'====== Args={'value': 267, 'prev_value': None, 'change': True}
2020-10-05 17:35:29,189 : EventManager : Event: ======'machine_var_audits_switches_s_standUp_1'====== Args={'value': 0, 'prev_value': None, 'change': True}
2020-10-05 17:35:29,189 : EventManager : Event: ======'machine_var_audits_switches_s_standUp_2'====== Args={'value': 0, 'prev_value': None, 'change': True}
2020-10-05 17:35:29,189 : EventManager : Event: ======'machine_var_audits_switches_s_standUp_3'====== Args={'value': 0, 'prev_value': None, 'change': True}
2020-10-05 17:35:29,190 : EventManager : Event: ======'machine_var_audits_switches_s_standUp_R'====== Args={'value': 0, 'prev_value': None, 'change': True}
2020-10-05 17:35:29,190 : EventManager : Event: ======'machine_var_audits_switches_s_star_1'====== Args={'value': 0, 'prev_value': None, 'change': True}
2020-10-05 17:35:29,191 : EventManager : Event: ======'machine_var_audits_switches_s_star_2'====== Args={'value': 0, 'prev_value': None, 'change': True}
2020-10-05 17:35:29,192 : EventManager : Event: ======'machine_var_audits_switches_s_star_3'====== Args={'value': 0, 'prev_value': None, 'change': True}
2020-10-05 17:35:29,204 : EventManager : Event: ======'machine_var_audits_switches_s_start'====== Args={'value': 69, 'prev_value': None, 'change': True}
2020-10-05 17:35:29,204 : EventManager : Event: ======'machine_var_audits_switches_s_tilt'====== Args={'value': 0, 'prev_value': None, 'change': True}
2020-10-05 17:35:29,204 : EventManager : Event: ======'machine_var_audits_switches_s_trough1'====== Args={'value': 553, 'prev_value': None, 'change': True}
2020-10-05 17:35:29,204 : EventManager : Event: ======'machine_var_audits_switches_s_trough2'====== Args={'value': 72, 'prev_value': None, 'change': True}
2020-10-05 17:35:29,204 : EventManager : Event: ======'machine_var_audits_switches_s_trough_jam'====== Args={'value': 13, 'prev_value': None, 'change': True}
2020-10-05 17:35:29,228 : EventManager : Event: ======'slides_play'====== Args={'settings': {'welcome_slide': {'target': None, 'background_color': [0.0, 0.0, 0.0, 1.0], 'priority': None, 'show': True, 'force': False, 'expire': None, 'slide': None, 'tokens': {}, 'action': 'play'}}, 'context': '_global', 'calling_context': 'init_done', 'priority': 0}
2020-10-05 17:35:29,229 : EventManager : Event: ======'mc_reset_phase_1'====== Args={}
2020-10-05 17:35:29,229 : mpfmc : SlidePlayer: Play called with settings={'welcome_slide': {'target': None, 'background_color': [0.0, 0.0, 0.0, 1.0], 'priority': None, 'show': True, 'force': False, 'expire': None, 'slide': None, 'tokens': {}, 'action': 'play'}}
2020-10-05 17:35:29,230 : EventManager : Event: ======'slide_welcome_slide_removed'====== Args={}
2020-10-05 17:35:29,235 : EventManager : Event: ======'slide_welcome_slide_created'====== Args={}
2020-10-05 17:35:29,237 : EventManager : Event: ======'mc_reset_phase_2'====== Args={}
2020-10-05 17:35:29,237 : EventManager : Event: ======'mc_reset_phase_3'====== Args={}
2020-10-05 17:35:29,237 : EventManager : Event: ======'mc_reset_complete'====== Args={}
2020-10-05 17:35:29,238 : EventManager : Event: ======'slide_welcome_slide_active'====== Args={}
2020-10-05 17:35:29,259 : EventManager : Event: ======'slides_play'====== Args={'settings': {'awesome_slide': {'widgets': [{'type': 'text', 'text': 'Cuphead Pinball', 'font_size': 50, '_default_settings': ['type', 'text', 'font_size'], 'x': None, 'y': None, 'anchor_x': 'center', 'anchor_y': 'center', 'round_anchor_x': None, 'round_anchor_y': None, 'opacity': 1.0, 'z': 0, 'reset_animations_events': {}, 'color': [1.0, 1.0, 1.0, 1.0], 'style': [], 'adjust_top': 0, 'adjust_bottom': 0, 'adjust_left': 0, 'adjust_right': 0, 'expire': None, 'key': None, 'widget': None, 'events_when_added': [], 'events_when_removed': [], 'bitmap_font': False, 'font_kerning': True, 'bold': False, 'italic': False, 'number_grouping': False, 'min_digits': 0, 'halign': 'center', 'valign': 'middle', 'rotation': 0, 'scale': 1.0, 'casing': None, 'animations': None}], 'transition': {'type': 'push', 'duration': 1.0, 'direction': 'left', 'easing': 'out_quad'}, 'target': None, 'background_color': [0.0, 0.0, 0.0, 1.0], 'priority': None, 'show': True, 'force': False, 'expire': None, 'slide': None, 'tokens': {}, 'action': 'play'}}, 'context': 'show_1', 'calling_context': 0, 'priority': 10, 'show_tokens': {}, 'start_time': 515372.531}
2020-10-05 17:35:29,259 : EventManager : Event: ======'sounds_play'====== Args={'settings': {'attract_music': {'loops': -1, 'mode_end_action': 'stop', 'priority': None, 'action': 'play', 'track': None, 'volume': None, 'pan': None, 'start_at': None, 'fade_in': None, 'fade_out': None, 'about_to_finish_time': -1.0, 'max_queue_time': -1.0, 'events_when_played': ['use_sound_setting'], 'events_when_stopped': ['use_sound_setting'], 'events_when_looping': ['use_sound_setting'], 'events_when_about_to_finish': ['use_sound_setting'], 'key': 'use_sound_setting'}}, 'context': 'attract', 'calling_context': 'mode_attract_started', 'priority': 10}
2020-10-05 17:35:29,260 : mpfmc : SlidePlayer: Play called with settings={'awesome_slide': {'widgets': [{'type': 'text', 'text': 'Cuphead Pinball', 'font_size': 50, '_default_settings': ['type', 'text', 'font_size'], 'x': None, 'y': None, 'anchor_x': 'center', 'anchor_y': 'center', 'round_anchor_x': None, 'round_anchor_y': None, 'opacity': 1.0, 'z': 0, 'reset_animations_events': {}, 'color': [1.0, 1.0, 1.0, 1.0], 'style': [], 'adjust_top': 0, 'adjust_bottom': 0, 'adjust_left': 0, 'adjust_right': 0, 'expire': None, 'key': None, 'widget': None, 'events_when_added': [], 'events_when_removed': [], 'bitmap_font': False, 'font_kerning': True, 'bold': False, 'italic': False, 'number_grouping': False, 'min_digits': 0, 'halign': 'center', 'valign': 'middle', 'rotation': 0, 'scale': 1.0, 'casing': None, 'animations': None}], 'transition': {'type': 'push', 'duration': 1.0, 'direction': 'left', 'easing': 'out_quad'}, 'target': None, 'background_color': [0.0, 0.0, 0.0, 1.0], 'priority': None, 'show': True, 'force': False, 'expire': None, 'slide': None, 'tokens': {}, 'action': 'play'}}
2020-10-05 17:35:29,269 : EventManager : Event: ======'slide_awesome_slide_created'====== Args={}
2020-10-05 17:35:29,273 : EventManager : Event: ======'slide_awesome_slide_active'====== Args={}
2020-10-05 17:35:32,279 : EventManager : Event: ======'slides_play'====== Args={'settings': {'press_start': {'widgets': [{'type': 'Text', 'text': 'PRESS START', 'animations': {'pre_show_slide': [{'property': ['opacity'], 'value': ['0'], 'duration': 0.5, 'relative': False, 'timing': 'after_previous', 'repeat': False, 'easing': 'linear'}, {'property': ['opacity'], 'value': ['1'], 'duration': 0.5, 'repeat': False, 'relative': False, 'timing': 'after_previous', 'easing': 'linear'}]}, '_default_settings': ['type', 'text', 'animations'], 'x': None, 'y': None, 'anchor_x': 'center', 'anchor_y': 'center', 'round_anchor_x': None, 'round_anchor_y': None, 'opacity': 1.0, 'z': 0, 'reset_animations_events': {}, 'color': [1.0, 1.0, 1.0, 1.0], 'style': [], 'adjust_top': 0, 'adjust_bottom': 0, 'adjust_left': 0, 'adjust_right': 0, 'expire': None, 'key': None, 'widget': None, 'events_when_added': [], 'events_when_removed': [], 'font_size': 15, 'bitmap_font': False, 'font_kerning': True, 'bold': False, 'italic': False, 'number_grouping': False, 'min_digits': 0, 'halign': 'center', 'valign': 'middle', 'rotation': 0, 'scale': 1.0, 'casing': None}, {'type': 'Text', 'text': 'FREE PLAY', 'color': [0.0, 0.5019607843137255, 0.0, 1], 'y': '10', 'anchor_y': 'bottom', '_default_settings': ['type', 'text', 'color', 'y', 'anchor_y'], 'x': None, 'anchor_x': 'center', 'round_anchor_x': None, 'round_anchor_y': None, 'opacity': 1.0, 'z': 0, 'reset_animations_events': {}, 'style': [], 'adjust_top': 0, 'adjust_bottom': 0, 'adjust_left': 0, 'adjust_right': 0, 'expire': None, 'key': None, 'widget': None, 'events_when_added': [], 'events_when_removed': [], 'font_size': 15, 'bitmap_font': False, 'font_kerning': True, 'bold': False, 'italic': False, 'number_grouping': False, 'min_digits': 0, 'halign': 'center', 'valign': 'middle', 'rotation': 0, 'scale': 1.0, 'casing': None, 'animations': None}], 'transition': {'type': 'move_in', 'duration': 1.0, 'direction': 'right', 'easing': 'out_quad'}, 'target': None, 'background_color': [0.0, 0.0, 0.0, 1.0], 'priority': None, 'show': True, 'force': False, 'expire': None, 'slide': None, 'tokens': {}, 'action': 'play'}}, 'context': 'show_1', 'calling_context': 1, 'priority': 10, 'show_tokens': {}, 'start_time': 515375.531}
2020-10-05 17:35:32,280 : mpfmc : SlidePlayer: Play called with settings={'press_start': {'widgets': [{'type': 'Text', 'text': 'PRESS START', 'animations': {'pre_show_slide': [{'property': ['opacity'], 'value': ['0'], 'duration': 0.5, 'relative': False, 'timing': 'after_previous', 'repeat': False, 'easing': 'linear'}, {'property': ['opacity'], 'value': ['1'], 'duration': 0.5, 'repeat': False, 'relative': False, 'timing': 'after_previous', 'easing': 'linear'}]}, '_default_settings': ['type', 'text', 'animations'], 'x': None, 'y': None, 'anchor_x': 'center', 'anchor_y': 'center', 'round_anchor_x': None, 'round_anchor_y': None, 'opacity': 1.0, 'z': 0, 'reset_animations_events': {}, 'color': [1.0, 1.0, 1.0, 1.0], 'style': [], 'adjust_top': 0, 'adjust_bottom': 0, 'adjust_left': 0, 'adjust_right': 0, 'expire': None, 'key': None, 'widget': None, 'events_when_added': [], 'events_when_removed': [], 'font_size': 15, 'bitmap_font': False, 'font_kerning': True, 'bold': False, 'italic': False, 'number_grouping': False, 'min_digits': 0, 'halign': 'center', 'valign': 'middle', 'rotation': 0, 'scale': 1.0, 'casing': None}, {'type': 'Text', 'text': 'FREE PLAY', 'color': [0.0, 0.5019607843137255, 0.0, 1], 'y': '10', 'anchor_y': 'bottom', '_default_settings': ['type', 'text', 'color', 'y', 'anchor_y'], 'x': None, 'anchor_x': 'center', 'round_anchor_x': None, 'round_anchor_y': None, 'opacity': 1.0, 'z': 0, 'reset_animations_events': {}, 'style': [], 'adjust_top': 0, 'adjust_bottom': 0, 'adjust_left': 0, 'adjust_right': 0, 'expire': None, 'key': None, 'widget': None, 'events_when_added': [], 'events_when_removed': [], 'font_size': 15, 'bitmap_font': False, 'font_kerning': True, 'bold': False, 'italic': False, 'number_grouping': False, 'min_digits': 0, 'halign': 'center', 'valign': 'middle', 'rotation': 0, 'scale': 1.0, 'casing': None, 'animations': None}], 'transition': {'type': 'move_in', 'duration': 1.0, 'direction': 'right', 'easing': 'out_quad'}, 'target': None, 'background_color': [0.0, 0.0, 0.0, 1.0], 'priority': None, 'show': True, 'force': False, 'expire': None, 'slide': None, 'tokens': {}, 'action': 'play'}}
2020-10-05 17:35:32,292 : EventManager : Event: ======'slide_press_start_created'====== Args={}
2020-10-05 17:35:32,297 : EventManager : Event: ======'slide_press_start_active'====== Args={}
2020-10-05 17:35:35,273 : EventManager : Event: ======'slides_play'====== Args={'settings': {'mission_pinball': {'widgets': [{'type': 'Text', 'text': 'MISSION PINBALL', 'color': [1.0, 0.0, 0.0, 1], '_default_settings': ['type', 'text', 'color'], 'x': None, 'y': None, 'anchor_x': 'center', 'anchor_y': 'center', 'round_anchor_x': None, 'round_anchor_y': None, 'opacity': 1.0, 'z': 0, 'reset_animations_events': {}, 'style': [], 'adjust_top': 0, 'adjust_bottom': 0, 'adjust_left': 0, 'adjust_right': 0, 'expire': None, 'key': None, 'widget': None, 'events_when_added': [], 'events_when_removed': [], 'font_size': 15, 'bitmap_font': False, 'font_kerning': True, 'bold': False, 'italic': False, 'number_grouping': False, 'min_digits': 0, 'halign': 'center', 'valign': 'middle', 'rotation': 0, 'scale': 1.0, 'casing': None, 'animations': None}], 'transition': {'type': 'move_in', 'duration': 1.0, 'direction': 'top', 'easing': 'out_quad'}, 'target': None, 'background_color': [0.0, 0.0, 0.0, 1.0], 'priority': None, 'show': True, 'force': False, 'expire': None, 'slide': None, 'tokens': {}, 'action': 'play'}}, 'context': 'show_1', 'calling_context': 2, 'priority': 10, 'show_tokens': {}, 'start_time': 515378.531}
2020-10-05 17:35:35,273 : mpfmc : SlidePlayer: Play called with settings={'mission_pinball': {'widgets': [{'type': 'Text', 'text': 'MISSION PINBALL', 'color': [1.0, 0.0, 0.0, 1], '_default_settings': ['type', 'text', 'color'], 'x': None, 'y': None, 'anchor_x': 'center', 'anchor_y': 'center', 'round_anchor_x': None, 'round_anchor_y': None, 'opacity': 1.0, 'z': 0, 'reset_animations_events': {}, 'style': [], 'adjust_top': 0, 'adjust_bottom': 0, 'adjust_left': 0, 'adjust_right': 0, 'expire': None, 'key': None, 'widget': None, 'events_when_added': [], 'events_when_removed': [], 'font_size': 15, 'bitmap_font': False, 'font_kerning': True, 'bold': False, 'italic': False, 'number_grouping': False, 'min_digits': 0, 'halign': 'center', 'valign': 'middle', 'rotation': 0, 'scale': 1.0, 'casing': None, 'animations': None}], 'transition': {'type': 'move_in', 'duration': 1.0, 'direction': 'top', 'easing': 'out_quad'}, 'target': None, 'background_color': [0.0, 0.0, 0.0, 1.0], 'priority': None, 'show': True, 'force': False, 'expire': None, 'slide': None, 'tokens': {}, 'action': 'play'}}
2020-10-05 17:35:35,279 : EventManager : Event: ======'slide_mission_pinball_created'====== Args={}
2020-10-05 17:35:35,283 : EventManager : Event: ======'slide_mission_pinball_active'====== Args={}
2020-10-05 17:35:35,704 : EventManager : Event: ======'game_started'====== Args={}
2020-10-05 17:35:35,705 : EventManager : Event: ======'slides_clear'====== Args={'context': 'show_1'}
2020-10-05 17:35:35,706 : EventManager : Event: ======'sounds_clear'====== Args={'context': 'attract'}
2020-10-05 17:35:35,708 : EventManager : Event: ======'slide_awesome_slide_removed'====== Args={}
2020-10-05 17:35:35,710 : EventManager : Event: ======'slide_press_start_removed'====== Args={}
2020-10-05 17:35:35,712 : EventManager : Event: ======'slide_mission_pinball_removed'====== Args={}
2020-10-05 17:35:35,713 : EventManager : Event: ======'slide_welcome_slide_active'====== Args={}
2020-10-05 17:35:35,750 : EventManager : Event: ======'player_added'====== Args={'player': <Player 1>, 'num': 1}
2020-10-05 17:35:35,751 : EventManager : Event: ======'player_index'====== Args={'value': 0, 'prev_value': 0, 'change': 0, 'player_num': 1}
2020-10-05 17:35:35,751 : EventManager : Event: ======'player_number'====== Args={'value': 1, 'prev_value': 1, 'change': 0, 'player_num': 1}
2020-10-05 17:35:35,751 : EventManager : Event: ======'player_score'====== Args={'value': 0, 'prev_value': 0, 'change': 0, 'player_num': 1}
2020-10-05 17:35:35,752 : EventManager : Event: ======'player_bonus_multiplier'====== Args={'value': 1, 'prev_value': 0, 'change': 1, 'player_num': 1}
2020-10-05 17:35:35,752 : EventManager : Event: ======'player_contracts'====== Args={'value': 0, 'prev_value': 0, 'change': 0, 'player_num': 1}
2020-10-05 17:35:35,787 : EventManager : Event: ======'player_ball'====== Args={'value': 1, 'prev_value': 0, 'change': 1, 'player_num': 1}
2020-10-05 17:35:35,787 : EventManager : Event: ======'player_turn_start'====== Args={'number': 1, 'player': <Player 1>}
2020-10-05 17:35:35,825 : EventManager : Event: ======'player_shot_soul_S_enabled'====== Args={'value': True, 'prev_value': 0, 'change': 1, 'player_num': 1}
2020-10-05 17:35:35,825 : EventManager : Event: ======'player_shot_soul_O_enabled'====== Args={'value': True, 'prev_value': 0, 'change': 1, 'player_num': 1}
2020-10-05 17:35:35,838 : EventManager : Event: ======'player_shot_soul_U_enabled'====== Args={'value': True, 'prev_value': 0, 'change': 1, 'player_num': 1}
2020-10-05 17:35:35,839 : EventManager : Event: ======'player_shot_soul_L_enabled'====== Args={'value': True, 'prev_value': 0, 'change': 1, 'player_num': 1}
2020-10-05 17:35:35,851 : EventManager : Event: ======'sounds_play'====== Args={'settings': {'poolCupHeadBase': {'loops': -1, 'priority': None, 'action': 'play', 'track': None, 'volume': None, 'pan': None, 'start_at': None, 'fade_in': None, 'fade_out': None, 'about_to_finish_time': -1.0, 'max_queue_time': -1.0, 'events_when_played': ['use_sound_setting'], 'events_when_stopped': ['use_sound_setting'], 'events_when_looping': ['use_sound_setting'], 'events_when_about_to_finish': ['use_sound_setting'], 'mode_end_action': 'use_sound_setting', 'key': 'use_sound_setting'}}, 'context': 'base', 'calling_context': 'mode_base_started', 'priority': 100, 'queue': '<QueuedEvent>', 'player': 1, 'ball': 1, 'balls_remaining': 4, 'is_extra_ball': False}
2020-10-05 17:35:35,851 : EventManager : Event: ======'slides_play'====== Args={'settings': {'widgets': {'widgets': [{'type': 'text', 'text': '(score)', 'number_grouping': True, 'min_digits': 2, 'font_size': 100, '_default_settings': ['type', 'text', 'number_grouping', 'min_digits', 'font_size'], 'x': None, 'y': None, 'anchor_x': 'center', 'anchor_y': 'center', 'round_anchor_x': None, 'round_anchor_y': None, 'opacity': 1.0, 'z': 0, 'reset_animations_events': {}, 'color': [1.0, 1.0, 1.0, 1.0], 'style': [], 'adjust_top': 0, 'adjust_bottom': 0, 'adjust_left': 0, 'adjust_right': 0, 'expire': None, 'key': None, 'widget': None, 'events_when_added': [], 'events_when_removed': [], 'bitmap_font': False, 'font_kerning': True, 'bold': False, 'italic': False, 'halign': 'center', 'valign': 'middle', 'rotation': 0, 'scale': 1.0, 'casing': None, 'animations': None}, {'type': 'text', 'text': 'Player (player)', 'y': '10', 'x': '10', 'font_size': 30, 'anchor_x': 'left', 'anchor_y': 'bottom', '_default_settings': ['type', 'text', 'y', 'x', 'font_size', 'anchor_x', 'anchor_y'], 'round_anchor_x': None, 'round_anchor_y': None, 'opacity': 1.0, 'z': 0, 'reset_animations_events': {}, 'color': [1.0, 1.0, 1.0, 1.0], 'style': [], 'adjust_top': 0, 'adjust_bottom': 0, 'adjust_left': 0, 'adjust_right': 0, 'expire': None, 'key': None, 'widget': None, 'events_when_added': [], 'events_when_removed': [], 'bitmap_font': False, 'font_kerning': True, 'bold': False, 'italic': False, 'number_grouping': False, 'min_digits': 0, 'halign': 'center', 'valign': 'middle', 'rotation': 0, 'scale': 1.0, 'casing': None, 'animations': None}, {'type': 'text', 'text': 'BALL (ball)', 'y': '10', 'x': 'right-10', 'anchor_x': 'right', 'anchor_y': 'bottom', 'font_size': 50, '_default_settings': ['type', 'text', 'y', 'x', 'anchor_x', 'anchor_y', 'font_size'], 'round_anchor_x': None, 'round_anchor_y': None, 'opacity': 1.0, 'z': 0, 'reset_animations_events': {}, 'color': [1.0, 1.0, 1.0, 1.0], 'style': [], 'adjust_top': 0, 'adjust_bottom': 0, 'adjust_left': 0, 'adjust_right': 0, 'expire': None, 'key': None, 'widget': None, 'events_when_added': [], 'events_when_removed': [], 'bitmap_font': False, 'font_kerning': True, 'bold': False, 'italic': False, 'number_grouping': False, 'min_digits': 0, 'halign': 'center', 'valign': 'middle', 'rotation': 0, 'scale': 1.0, 'casing': None, 'animations': None}], 'target': None, 'background_color': [0.0, 0.0, 0.0, 1.0], 'priority': None, 'show': True, 'force': False, 'expire': None, 'slide': None, 'tokens': {}, 'action': 'play'}}, 'context': 'base', 'calling_context': 'mode_base_started', 'priority': 100, 'queue': '<QueuedEvent>', 'player': 1, 'ball': 1, 'balls_remaining': 4, 'is_extra_ball': False}
2020-10-05 17:35:35,852 : mpfmc : SlidePlayer: Play called with settings={'widgets': {'widgets': [{'type': 'text', 'text': '(score)', 'number_grouping': True, 'min_digits': 2, 'font_size': 100, '_default_settings': ['type', 'text', 'number_grouping', 'min_digits', 'font_size'], 'x': None, 'y': None, 'anchor_x': 'center', 'anchor_y': 'center', 'round_anchor_x': None, 'round_anchor_y': None, 'opacity': 1.0, 'z': 0, 'reset_animations_events': {}, 'color': [1.0, 1.0, 1.0, 1.0], 'style': [], 'adjust_top': 0, 'adjust_bottom': 0, 'adjust_left': 0, 'adjust_right': 0, 'expire': None, 'key': None, 'widget': None, 'events_when_added': [], 'events_when_removed': [], 'bitmap_font': False, 'font_kerning': True, 'bold': False, 'italic': False, 'halign': 'center', 'valign': 'middle', 'rotation': 0, 'scale': 1.0, 'casing': None, 'animations': None}, {'type': 'text', 'text': 'Player (player)', 'y': '10', 'x': '10', 'font_size': 30, 'anchor_x': 'left', 'anchor_y': 'bottom', '_default_settings': ['type', 'text', 'y', 'x', 'font_size', 'anchor_x', 'anchor_y'], 'round_anchor_x': None, 'round_anchor_y': None, 'opacity': 1.0, 'z': 0, 'reset_animations_events': {}, 'color': [1.0, 1.0, 1.0, 1.0], 'style': [], 'adjust_top': 0, 'adjust_bottom': 0, 'adjust_left': 0, 'adjust_right': 0, 'expire': None, 'key': None, 'widget': None, 'events_when_added': [], 'events_when_removed': [], 'bitmap_font': False, 'font_kerning': True, 'bold': False, 'italic': False, 'number_grouping': False, 'min_digits': 0, 'halign': 'center', 'valign': 'middle', 'rotation': 0, 'scale': 1.0, 'casing': None, 'animations': None}, {'type': 'text', 'text': 'BALL (ball)', 'y': '10', 'x': 'right-10', 'anchor_x': 'right', 'anchor_y': 'bottom', 'font_size': 50, '_default_settings': ['type', 'text', 'y', 'x', 'anchor_x', 'anchor_y', 'font_size'], 'round_anchor_x': None, 'round_anchor_y': None, 'opacity': 1.0, 'z': 0, 'reset_animations_events': {}, 'color': [1.0, 1.0, 1.0, 1.0], 'style': [], 'adjust_top': 0, 'adjust_bottom': 0, 'adjust_left': 0, 'adjust_right': 0, 'expire': None, 'key': None, 'widget': None, 'events_when_added': [], 'events_when_removed': [], 'bitmap_font': False, 'font_kerning': True, 'bold': False, 'italic': False, 'number_grouping': False, 'min_digits': 0, 'halign': 'center', 'valign': 'middle', 'rotation': 0, 'scale': 1.0, 'casing': None, 'animations': None}], 'target': None, 'background_color': [0.0, 0.0, 0.0, 1.0], 'priority': None, 'show': True, 'force': False, 'expire': None, 'slide': None, 'tokens': {}, 'action': 'play'}}
2020-10-05 17:35:35,866 : EventManager : Event: ======'slide_base.slide_player-mode_base_started_created'====== Args={}
2020-10-05 17:35:35,871 : EventManager : Event: ======'slide_base.slide_player-mode_base_started_active'====== Args={}
2020-10-05 17:35:35,924 : EventManager : Event: ======'player_bonus_multiplier'====== Args={'value': 0, 'prev_value': 1, 'change': -1, 'player_num': 1}
2020-10-05 17:35:35,925 : EventManager : Event: ======'widgets_play'====== Args={'settings': {'soul_lanes_banner': {'priority': 0, 'slide': None, 'action': 'add', 'key': None, 'target': None}}, 'context': 'soulLanes', 'calling_context': 'mode_soulLanes_started', 'priority': 110, 'player': 1, 'ball': 1, 'balls_remaining': 4, 'is_extra_ball': False}
2020-10-05 17:35:35,925 : EventManager : Event: ======'widgets_play'====== Args={'settings': {'contracts_banner': {'priority': 0, 'slide': None, 'action': 'add', 'key': None, 'target': None}}, 'context': 'base', 'calling_context': 'mode_soulLanes_started', 'priority': 100, 'player': 1, 'ball': 1, 'balls_remaining': 4, 'is_extra_ball': False}
2020-10-05 17:35:36,089 : EventManager : Event: ======'machine_var_audits_switches_s_plunger'====== Args={'value': 625, 'prev_value': 624, 'change': 1}
2020-10-05 17:35:36,919 : EventManager : Event: ======'machine_var_audits_switches_s_soul_S'====== Args={'value': 306, 'prev_value': 305, 'change': 1}
2020-10-05 17:35:36,919 : EventManager : Event: ======'player_shot_soul_S'====== Args={'value': 1, 'prev_value': 0, 'change': 1, 'player_num': 1}
2020-10-05 17:35:36,920 : EventManager : Event: ======'machine_var_audits_shots_soul_S'====== Args={'value': 306, 'prev_value': 305, 'change': 1}
2020-10-05 17:35:36,920 : EventManager : Event: ======'player_score'====== Args={'value': 10, 'prev_value': 0, 'change': 10, 'player_num': 1}
2020-10-05 17:35:37,852 : EventManager : Event: ======'machine_var_audits_switches_s_soul_O'====== Args={'value': 278, 'prev_value': 277, 'change': 1}
2020-10-05 17:35:37,852 : EventManager : Event: ======'player_shot_soul_O'====== Args={'value': 1, 'prev_value': 0, 'change': 1, 'player_num': 1}
2020-10-05 17:35:37,852 : EventManager : Event: ======'machine_var_audits_shots_soul_O'====== Args={'value': 273, 'prev_value': 272, 'change': 1}
2020-10-05 17:35:37,852 : EventManager : Event: ======'player_score'====== Args={'value': 20, 'prev_value': 10, 'change': 10, 'player_num': 1}
2020-10-05 17:35:38,368 : EventManager : Event: ======'machine_var_audits_switches_s_soul_U'====== Args={'value': 268, 'prev_value': 267, 'change': 1}
2020-10-05 17:35:38,368 : EventManager : Event: ======'player_shot_soul_U'====== Args={'value': 1, 'prev_value': 0, 'change': 1, 'player_num': 1}
2020-10-05 17:35:38,368 : EventManager : Event: ======'machine_var_audits_shots_soul_U'====== Args={'value': 268, 'prev_value': 267, 'change': 1}
2020-10-05 17:35:38,369 : EventManager : Event: ======'player_score'====== Args={'value': 30, 'prev_value': 20, 'change': 10, 'player_num': 1}
2020-10-05 17:35:40,331 : EventManager : Event: ======'machine_var_audits_switches_s_soul_L'====== Args={'value': 267, 'prev_value': 266, 'change': 1}
2020-10-05 17:35:40,362 : EventManager : Event: ======'player_shot_soul_L'====== Args={'value': 1, 'prev_value': 0, 'change': 1, 'player_num': 1}
2020-10-05 17:35:40,362 : EventManager : Event: ======'machine_var_audits_shots_soul_L'====== Args={'value': 266, 'prev_value': 265, 'change': 1}
2020-10-05 17:35:40,362 : EventManager : Event: ======'player_score'====== Args={'value': 40, 'prev_value': 30, 'change': 10, 'player_num': 1}
2020-10-05 17:35:40,363 : EventManager : Event: ======'player_score'====== Args={'value': 1040, 'prev_value': 40, 'change': 1000, 'player_num': 1}
2020-10-05 17:35:40,363 : EventManager : Event: ======'player_bonus_multiplier'====== Args={'value': 1, 'prev_value': 0, 'change': 1, 'player_num': 1}
2020-10-05 17:35:41,357 : EventManager : Event: ======'player_shot_soul_S'====== Args={'value': 0, 'prev_value': 1, 'change': -1, 'player_num': 1}
2020-10-05 17:35:41,359 : EventManager : Event: ======'player_shot_soul_O'====== Args={'value': 0, 'prev_value': 1, 'change': -1, 'player_num': 1}
2020-10-05 17:35:41,361 : EventManager : Event: ======'player_shot_soul_U'====== Args={'value': 0, 'prev_value': 1, 'change': -1, 'player_num': 1}
2020-10-05 17:35:41,361 : EventManager : Event: ======'player_shot_soul_L'====== Args={'value': 0, 'prev_value': 1, 'change': -1, 'player_num': 1}
2020-10-05 17:35:42,309 : EventManager : Event: ======'machine_var_audits_switches_s_soul_S'====== Args={'value': 307, 'prev_value': 306, 'change': 1}
2020-10-05 17:35:42,310 : EventManager : Event: ======'player_shot_soul_S'====== Args={'value': 1, 'prev_value': 0, 'change': 1, 'player_num': 1}
2020-10-05 17:35:42,310 : EventManager : Event: ======'machine_var_audits_shots_soul_S'====== Args={'value': 307, 'prev_value': 306, 'change': 1}
2020-10-05 17:35:42,310 : EventManager : Event: ======'player_score'====== Args={'value': 1050, 'prev_value': 1040, 'change': 10, 'player_num': 1}
2020-10-05 17:35:43,061 : EventManager : Event: ======'machine_var_audits_switches_s_soul_O'====== Args={'value': 279, 'prev_value': 278, 'change': 1}
2020-10-05 17:35:43,062 : EventManager : Event: ======'player_shot_soul_O'====== Args={'value': 1, 'prev_value': 0, 'change': 1, 'player_num': 1}
2020-10-05 17:35:43,062 : EventManager : Event: ======'machine_var_audits_shots_soul_O'====== Args={'value': 274, 'prev_value': 273, 'change': 1}
2020-10-05 17:35:43,062 : EventManager : Event: ======'player_score'====== Args={'value': 1060, 'prev_value': 1050, 'change': 10, 'player_num': 1}
2020-10-05 17:35:43,479 : EventManager : Event: ======'machine_var_audits_switches_s_soul_U'====== Args={'value': 269, 'prev_value': 268, 'change': 1}
2020-10-05 17:35:43,480 : EventManager : Event: ======'player_shot_soul_U'====== Args={'value': 1, 'prev_value': 0, 'change': 1, 'player_num': 1}
2020-10-05 17:35:43,491 : EventManager : Event: ======'machine_var_audits_shots_soul_U'====== Args={'value': 269, 'prev_value': 268, 'change': 1}
2020-10-05 17:35:43,491 : EventManager : Event: ======'player_score'====== Args={'value': 1070, 'prev_value': 1060, 'change': 10, 'player_num': 1}
2020-10-05 17:35:45,892 : EventManager : Event: ======'machine_var_audits_switches_s_soul_L'====== Args={'value': 268, 'prev_value': 267, 'change': 1}
2020-10-05 17:35:45,915 : EventManager : Event: ======'player_shot_soul_L'====== Args={'value': 1, 'prev_value': 0, 'change': 1, 'player_num': 1}
2020-10-05 17:35:45,916 : EventManager : Event: ======'machine_var_audits_shots_soul_L'====== Args={'value': 267, 'prev_value': 266, 'change': 1}
2020-10-05 17:35:45,916 : EventManager : Event: ======'player_score'====== Args={'value': 1080, 'prev_value': 1070, 'change': 10, 'player_num': 1}
2020-10-05 17:35:45,916 : EventManager : Event: ======'player_score'====== Args={'value': 2080, 'prev_value': 1080, 'change': 1000, 'player_num': 1}
2020-10-05 17:35:45,916 : EventManager : Event: ======'player_bonus_multiplier'====== Args={'value': 2, 'prev_value': 1, 'change': 1, 'player_num': 1}
2020-10-05 17:35:46,917 : EventManager : Event: ======'player_shot_soul_S'====== Args={'value': 0, 'prev_value': 1, 'change': -1, 'player_num': 1}
2020-10-05 17:35:46,921 : EventManager : Event: ======'player_shot_soul_O'====== Args={'value': 0, 'prev_value': 1, 'change': -1, 'player_num': 1}
2020-10-05 17:35:46,921 : EventManager : Event: ======'player_shot_soul_U'====== Args={'value': 0, 'prev_value': 1, 'change': -1, 'player_num': 1}
2020-10-05 17:35:46,924 : EventManager : Event: ======'player_shot_soul_L'====== Args={'value': 0, 'prev_value': 1, 'change': -1, 'player_num': 1}
2020-10-05 17:35:51,057 : EventManager : Event: ======'machine_var_audits_switches_s_dt_M'====== Args={'value': 39, 'prev_value': 38, 'change': 1}
2020-10-05 17:35:51,057 : EventManager : Event: ======'player_score'====== Args={'value': 2180, 'prev_value': 2080, 'change': 100, 'player_num': 1}
2020-10-05 17:35:52,351 : EventManager : Event: ======'machine_var_audits_switches_s_dt_U2'====== Args={'value': 39, 'prev_value': 38, 'change': 1}
2020-10-05 17:35:52,352 : EventManager : Event: ======'player_score'====== Args={'value': 2280, 'prev_value': 2180, 'change': 100, 'player_num': 1}
2020-10-05 17:35:53,843 : EventManager : Event: ======'machine_var_audits_switches_s_dt_G'====== Args={'value': 40, 'prev_value': 39, 'change': 1}
2020-10-05 17:35:53,856 : EventManager : Event: ======'player_score'====== Args={'value': 2380, 'prev_value': 2280, 'change': 100, 'player_num': 1}
2020-10-05 17:35:53,856 : EventManager : Event: ======'player_contracts'====== Args={'value': 1, 'prev_value': 0, 'change': 1, 'player_num': 1}
2020-10-05 17:35:55,904 : EventManager : Event: ======'machine_var_audits_switches_s_dt_M'====== Args={'value': 40, 'prev_value': 39, 'change': 1}
2020-10-05 17:35:55,904 : EventManager : Event: ======'player_score'====== Args={'value': 2480, 'prev_value': 2380, 'change': 100, 'player_num': 1}
2020-10-05 17:35:57,168 : EventManager : Event: ======'machine_var_audits_switches_s_dt_U2'====== Args={'value': 40, 'prev_value': 39, 'change': 1}
2020-10-05 17:35:57,216 : EventManager : Event: ======'player_score'====== Args={'value': 2580, 'prev_value': 2480, 'change': 100, 'player_num': 1}
2020-10-05 17:35:58,915 : EventManager : Event: ======'machine_var_audits_switches_s_dt_G'====== Args={'value': 41, 'prev_value': 40, 'change': 1}
2020-10-05 17:35:58,915 : EventManager : Event: ======'player_score'====== Args={'value': 2680, 'prev_value': 2580, 'change': 100, 'player_num': 1}
2020-10-05 17:35:58,915 : EventManager : Event: ======'player_contracts'====== Args={'value': 2, 'prev_value': 1, 'change': 1, 'player_num': 1}
2020-10-05 17:36:01,779 : EventManager : Event: ======'machine_var_audits_switches_s_dt_M'====== Args={'value': 41, 'prev_value': 40, 'change': 1}
2020-10-05 17:36:01,793 : EventManager : Event: ======'player_score'====== Args={'value': 2780, 'prev_value': 2680, 'change': 100, 'player_num': 1}
2020-10-05 17:36:03,363 : EventManager : Event: ======'machine_var_audits_switches_s_dt_U2'====== Args={'value': 41, 'prev_value': 40, 'change': 1}
2020-10-05 17:36:03,446 : EventManager : Event: ======'player_score'====== Args={'value': 2880, 'prev_value': 2780, 'change': 100, 'player_num': 1}
2020-10-05 17:36:05,135 : EventManager : Event: ======'machine_var_audits_switches_s_dt_G'====== Args={'value': 42, 'prev_value': 41, 'change': 1}
2020-10-05 17:36:05,229 : EventManager : Event: ======'player_score'====== Args={'value': 2980, 'prev_value': 2880, 'change': 100, 'player_num': 1}
2020-10-05 17:36:05,229 : EventManager : Event: ======'player_contracts'====== Args={'value': 3, 'prev_value': 2, 'change': 1, 'player_num': 1}
2020-10-05 17:36:09,535 : EventManager : Event: ======'machine_var_audits_switches_s_trough1'====== Args={'value': 554, 'prev_value': 553, 'change': 1}
2020-10-05 17:36:18,069 : EventManager : Event: ======'player_bonus_multiplier'====== Args={'value': 1, 'prev_value': 2, 'change': -1, 'player_num': 1}
2020-10-05 17:36:18,069 : EventManager : Event: ======'widgets_clear'====== Args={'context': 'bonus'}
2020-10-05 17:36:18,346 : EventManager : Event: ======'sounds_clear'====== Args={'context': 'base'}
2020-10-05 17:36:18,347 : EventManager : Event: ======'widgets_clear'====== Args={'context': 'base'}
2020-10-05 17:36:18,347 : EventManager : Event: ======'slides_clear'====== Args={'context': 'base'}
2020-10-05 17:36:18,351 : EventManager : Event: ======'slide_base.slide_player-mode_base_started_removed'====== Args={}
2020-10-05 17:36:18,352 : EventManager : Event: ======'widgets_clear'====== Args={'context': 'soulLanes'}
2020-10-05 17:36:18,352 : EventManager : Event: ======'player_ball'====== Args={'value': 2, 'prev_value': 1, 'change': 1, 'player_num': 1}
2020-10-05 17:36:18,355 : EventManager : Event: ======'player_contracts'====== Args={'value': 0, 'prev_value': 3, 'change': -3, 'player_num': 1}
2020-10-05 17:36:18,356 : EventManager : Event: ======'sounds_play'====== Args={'settings': {'poolCupHeadBase': {'loops': -1, 'priority': None, 'action': 'play', 'track': None, 'volume': None, 'pan': None, 'start_at': None, 'fade_in': None, 'fade_out': None, 'about_to_finish_time': -1.0, 'max_queue_time': -1.0, 'events_when_played': ['use_sound_setting'], 'events_when_stopped': ['use_sound_setting'], 'events_when_looping': ['use_sound_setting'], 'events_when_about_to_finish': ['use_sound_setting'], 'mode_end_action': 'use_sound_setting', 'key': 'use_sound_setting'}}, 'context': 'base', 'calling_context': 'mode_base_started', 'priority': 100, 'queue': '<QueuedEvent>', 'player': 1, 'ball': 2, 'balls_remaining': 3, 'is_extra_ball': False}
2020-10-05 17:36:18,356 : EventManager : Event: ======'slides_play'====== Args={'settings': {'widgets': {'widgets': [{'type': 'text', 'text': '(score)', 'number_grouping': True, 'min_digits': 2, 'font_size': 100, '_default_settings': ['type', 'text', 'number_grouping', 'min_digits', 'font_size'], 'x': None, 'y': None, 'anchor_x': 'center', 'anchor_y': 'center', 'round_anchor_x': None, 'round_anchor_y': None, 'opacity': 1.0, 'z': 0, 'reset_animations_events': {}, 'color': [1.0, 1.0, 1.0, 1.0], 'style': [], 'adjust_top': 0, 'adjust_bottom': 0, 'adjust_left': 0, 'adjust_right': 0, 'expire': None, 'key': None, 'widget': None, 'events_when_added': [], 'events_when_removed': [], 'bitmap_font': False, 'font_kerning': True, 'bold': False, 'italic': False, 'halign': 'center', 'valign': 'middle', 'rotation': 0, 'scale': 1.0, 'casing': None, 'animations': None}, {'type': 'text', 'text': 'Player (player)', 'y': '10', 'x': '10', 'font_size': 30, 'anchor_x': 'left', 'anchor_y': 'bottom', '_default_settings': ['type', 'text', 'y', 'x', 'font_size', 'anchor_x', 'anchor_y'], 'round_anchor_x': None, 'round_anchor_y': None, 'opacity': 1.0, 'z': 0, 'reset_animations_events': {}, 'color': [1.0, 1.0, 1.0, 1.0], 'style': [], 'adjust_top': 0, 'adjust_bottom': 0, 'adjust_left': 0, 'adjust_right': 0, 'expire': None, 'key': None, 'widget': None, 'events_when_added': [], 'events_when_removed': [], 'bitmap_font': False, 'font_kerning': True, 'bold': False, 'italic': False, 'number_grouping': False, 'min_digits': 0, 'halign': 'center', 'valign': 'middle', 'rotation': 0, 'scale': 1.0, 'casing': None, 'animations': None}, {'type': 'text', 'text': 'BALL (ball)', 'y': '10', 'x': 'right-10', 'anchor_x': 'right', 'anchor_y': 'bottom', 'font_size': 50, '_default_settings': ['type', 'text', 'y', 'x', 'anchor_x', 'anchor_y', 'font_size'], 'round_anchor_x': None, 'round_anchor_y': None, 'opacity': 1.0, 'z': 0, 'reset_animations_events': {}, 'color': [1.0, 1.0, 1.0, 1.0], 'style': [], 'adjust_top': 0, 'adjust_bottom': 0, 'adjust_left': 0, 'adjust_right': 0, 'expire': None, 'key': None, 'widget': None, 'events_when_added': [], 'events_when_removed': [], 'bitmap_font': False, 'font_kerning': True, 'bold': False, 'italic': False, 'number_grouping': False, 'min_digits': 0, 'halign': 'center', 'valign': 'middle', 'rotation': 0, 'scale': 1.0, 'casing': None, 'animations': None}], 'target': None, 'background_color': [0.0, 0.0, 0.0, 1.0], 'priority': None, 'show': True, 'force': False, 'expire': None, 'slide': None, 'tokens': {}, 'action': 'play'}}, 'context': 'base', 'calling_context': 'mode_base_started', 'priority': 100, 'queue': '<QueuedEvent>', 'player': 1, 'ball': 2, 'balls_remaining': 3, 'is_extra_ball': False}
2020-10-05 17:36:18,356 : EventManager : Event: ======'player_bonus_multiplier'====== Args={'value': 0, 'prev_value': 1, 'change': -1, 'player_num': 1}
2020-10-05 17:36:18,356 : EventManager : Event: ======'widgets_play'====== Args={'settings': {'soul_lanes_banner': {'priority': 0, 'slide': None, 'action': 'add', 'key': None, 'target': None}}, 'context': 'soulLanes', 'calling_context': 'mode_soulLanes_started', 'priority': 110, 'player': 1, 'ball': 2, 'balls_remaining': 3, 'is_extra_ball': False}
2020-10-05 17:36:18,357 : EventManager : Event: ======'widgets_play'====== Args={'settings': {'contracts_banner': {'priority': 0, 'slide': None, 'action': 'add', 'key': None, 'target': None}}, 'context': 'base', 'calling_context': 'mode_soulLanes_started', 'priority': 100, 'player': 1, 'ball': 2, 'balls_remaining': 3, 'is_extra_ball': False}
2020-10-05 17:36:18,360 : mpfmc : SlidePlayer: Play called with settings={'widgets': {'widgets': [{'type': 'text', 'text': '(score)', 'number_grouping': True, 'min_digits': 2, 'font_size': 100, '_default_settings': ['type', 'text', 'number_grouping', 'min_digits', 'font_size'], 'x': None, 'y': None, 'anchor_x': 'center', 'anchor_y': 'center', 'round_anchor_x': None, 'round_anchor_y': None, 'opacity': 1.0, 'z': 0, 'reset_animations_events': {}, 'color': [1.0, 1.0, 1.0, 1.0], 'style': [], 'adjust_top': 0, 'adjust_bottom': 0, 'adjust_left': 0, 'adjust_right': 0, 'expire': None, 'key': None, 'widget': None, 'events_when_added': [], 'events_when_removed': [], 'bitmap_font': False, 'font_kerning': True, 'bold': False, 'italic': False, 'halign': 'center', 'valign': 'middle', 'rotation': 0, 'scale': 1.0, 'casing': None, 'animations': None}, {'type': 'text', 'text': 'Player (player)', 'y': '10', 'x': '10', 'font_size': 30, 'anchor_x': 'left', 'anchor_y': 'bottom', '_default_settings': ['type', 'text', 'y', 'x', 'font_size', 'anchor_x', 'anchor_y'], 'round_anchor_x': None, 'round_anchor_y': None, 'opacity': 1.0, 'z': 0, 'reset_animations_events': {}, 'color': [1.0, 1.0, 1.0, 1.0], 'style': [], 'adjust_top': 0, 'adjust_bottom': 0, 'adjust_left': 0, 'adjust_right': 0, 'expire': None, 'key': None, 'widget': None, 'events_when_added': [], 'events_when_removed': [], 'bitmap_font': False, 'font_kerning': True, 'bold': False, 'italic': False, 'number_grouping': False, 'min_digits': 0, 'halign': 'center', 'valign': 'middle', 'rotation': 0, 'scale': 1.0, 'casing': None, 'animations': None}, {'type': 'text', 'text': 'BALL (ball)', 'y': '10', 'x': 'right-10', 'anchor_x': 'right', 'anchor_y': 'bottom', 'font_size': 50, '_default_settings': ['type', 'text', 'y', 'x', 'anchor_x', 'anchor_y', 'font_size'], 'round_anchor_x': None, 'round_anchor_y': None, 'opacity': 1.0, 'z': 0, 'reset_animations_events': {}, 'color': [1.0, 1.0, 1.0, 1.0], 'style': [], 'adjust_top': 0, 'adjust_bottom': 0, 'adjust_left': 0, 'adjust_right': 0, 'expire': None, 'key': None, 'widget': None, 'events_when_added': [], 'events_when_removed': [], 'bitmap_font': False, 'font_kerning': True, 'bold': False, 'italic': False, 'number_grouping': False, 'min_digits': 0, 'halign': 'center', 'valign': 'middle', 'rotation': 0, 'scale': 1.0, 'casing': None, 'animations': None}], 'target': None, 'background_color': [0.0, 0.0, 0.0, 1.0], 'priority': None, 'show': True, 'force': False, 'expire': None, 'slide': None, 'tokens': {}, 'action': 'play'}}
2020-10-05 17:36:18,381 : EventManager : Event: ======'slide_base.slide_player-mode_base_started_created'====== Args={}
2020-10-05 17:36:18,396 : EventManager : Event: ======'slide_base.slide_player-mode_base_started_active'====== Args={}
2020-10-05 17:36:30,652 : kivy : Base: Leaving application in progress...
2020-10-05 17:36:30,892 : kivy : WindowSDL: exiting mainloop and closing.
2020-10-05 17:36:30,923 : mpfmc : Stopping...
2020-10-05 17:36:30,923 : EventManager : Event: ======'shutdown'====== Args={}
2020-10-05 17:36:30,923 : mpfmc : Loop rate 67.63 Hz
2020-10-05 17:36:30,923 : kivy : MC run loop ended.
2020-10-05 17:36:30,923 : kivy : Stopping child threads... (3 remaining)
2020-10-05 17:36:31,144 : mpfmc : Stopping...
2020-10-05 17:36:31,144 : EventManager : Event: ======'shutdown'====== Args={}
2020-10-05 17:36:31,144 : mpfmc : Loop rate 67.42 Hz
2020-10-05 17:36:31,160 : MPF-MC BCP Server : Stopping BCP sending thread
2020-10-05 17:36:31,473 : kivy : All child threads stopped.
