2020-10-03 19:57:07,916 : INFO : root : Loading config.
2020-10-03 19:57:07,916 : INFO : YamlMultifileConfigLoader : Machine config file #1: config.yaml
2020-10-03 19:57:07,916 : INFO : ConfigProcessor : Loading config from cache: C:\Users\themi\AppData\Local\Temp\1a0afbd38efada64622f7c1a19dba099.mpf_cache
2020-10-03 19:57:08,166 : INFO : ConfigProcessor : Loading config from cache: C:\Users\themi\AppData\Local\Temp\7964e52b22911e9b68a8022172b185f3.mpf_cache
2020-10-03 19:57:08,166 : INFO : ConfigProcessor : Loading config from cache: C:\Users\themi\AppData\Local\Temp\4fcecb70f81c3c2fefb8e65ae9a0af5f.mpf_cache
2020-10-03 19:57:08,166 : WARNING : ConfigProcessor : Config file in cache changed: c:\Pinball\Cuphead\modes\base\config\base.yaml
2020-10-03 19:57:08,166 : INFO : ConfigProcessor : Loading config from file c:\Pinball\Cuphead\modes\base\config\base.yaml.
2020-10-03 19:57:08,228 : INFO : ConfigProcessor : Loading config: c:\Pinball\Cuphead\modes\base\config\base.yaml
2020-10-03 19:57:08,244 : INFO : ConfigProcessor : Config file cache created: C:\Users\themi\AppData\Local\Temp\b2a05f27b99f0404929b6678617f21a2.mpf_cache
2020-10-03 19:57:08,244 : INFO : ConfigProcessor : Loading config from cache: C:\Users\themi\AppData\Local\Temp\ee661b7bde9ac1aee26ef2e16bd36711.mpf_cache
2020-10-03 19:57:08,244 : INFO : ConfigProcessor : Loading config from cache: C:\Users\themi\AppData\Local\Temp\8b23b77e47e0aafb5c2cd6855492fe09.mpf_cache
2020-10-03 19:57:08,244 : INFO : ConfigProcessor : Loading config from cache: C:\Users\themi\AppData\Local\Temp\8d4786f117f290f34c6b54fd8b6fe8fe.mpf_cache
2020-10-03 19:57:08,244 : INFO : ConfigProcessor : Loading config from cache: C:\Users\themi\AppData\Local\Temp\d1f28e307667fe64a15b0a7332832e8a.mpf_cache
2020-10-03 19:57:08,244 : INFO : ConfigProcessor : Loading config from cache: C:\Users\themi\AppData\Local\Temp\4b1cd1ab6685d1ad48e4e22b92633748.mpf_cache
2020-10-03 19:57:08,244 : INFO : ConfigProcessor : Loading config from cache: C:\Users\themi\AppData\Local\Temp\0e5b9342958db12ded482c5bdee94a50.mpf_cache
2020-10-03 19:57:08,244 : INFO : ConfigProcessor : Loading config from cache: C:\Users\themi\AppData\Local\Temp\fa3b9c24e757a86afd7ebd54e8356a2f.mpf_cache
2020-10-03 19:57:08,244 : INFO : ConfigProcessor : Loading config from cache: C:\Users\themi\AppData\Local\Temp\4f17c1b7053da1ee6acf2b568ebeb609.mpf_cache
2020-10-03 19:57:08,244 : INFO : ConfigProcessor : Loading config from cache: C:\Users\themi\AppData\Local\Temp\ccd4282a3141e0878d86657c78349f12.mpf_cache
2020-10-03 19:57:08,244 : INFO : ConfigProcessor : Loading config from cache: C:\Users\themi\AppData\Local\Temp\17729cd0303cfaced1d4181f3ca2421f.mpf_cache
2020-10-03 19:57:08,244 : INFO : ConfigProcessor : Loading config from cache: C:\Users\themi\AppData\Local\Temp\47ffaea90c47406003f6ea8ebe74989d.mpf_cache
2020-10-03 19:57:08,259 : INFO : ConfigProcessor : Loading config from cache: C:\Users\themi\AppData\Local\Temp\6f6af101da615a72df8eebfca5188fca.mpf_cache
2020-10-03 19:57:08,259 : INFO : ConfigProcessor : Loading config from cache: C:\Users\themi\AppData\Local\Temp\3889d554abdf669f0bcb59dfdb43163f.mpf_cache
2020-10-03 19:57:08,259 : INFO : ConfigProcessor : Loading config from cache: C:\Users\themi\AppData\Local\Temp\dca7679fbf96e787efc0ee793457f019.mpf_cache
2020-10-03 19:57:08,259 : INFO : ConfigProcessor : Loading config from cache: C:\Users\themi\AppData\Local\Temp\773981adc2a393ce4661c342531a13c1.mpf_cache
2020-10-03 19:57:08,259 : INFO : ConfigProcessor : Loading config from cache: C:\Users\themi\AppData\Local\Temp\0e7ad57880df273f086bfe63563440af.mpf_cache
2020-10-03 19:57:08,259 : INFO : ConfigProcessor : Loading config from cache: C:\Users\themi\AppData\Local\Temp\14255cf3b2f3681937087b07de526758.mpf_cache
2020-10-03 19:57:08,259 : INFO : ConfigProcessor : Loading config from cache: C:\Users\themi\AppData\Local\Temp\01c6bf43074c3a497e337500f6bac20b.mpf_cache
2020-10-03 19:57:08,259 : INFO : ConfigProcessor : Loading config from cache: C:\Users\themi\AppData\Local\Temp\7eeffc9c6f8d1e96b5a9cad923ac520c.mpf_cache
2020-10-03 19:57:08,259 : INFO : Machine : Mission Pinball Framework Core Engine v0.54.0-dev.72
2020-10-03 19:57:08,259 : INFO : Machine : Command line arguments: {'no_load_cache': False, 'create_config_cache': True, 'bcp': True, 'configfile': ['config.yaml'], 'force_assets_load': False, 'jsonlogging': False, 'logfile': 'logs\\2020-10-03-19-57-07-mpf-LAPTOP-C39PEUFD.log', 'pause': False, 'production': False, 'text_ui': True, 'loglevel': 15, 'consoleloglevel': 20, 'force_platform': 'smart_virtual', 'syslog_address': None, 'mc_file_name': None, 'no_sound': False}
2020-10-03 19:57:08,259 : INFO : Machine : MPF path: c:\users\themi\appdata\local\programs\python\python36\lib\site-packages\mpf
2020-10-03 19:57:08,259 : INFO : Machine : Machine path: c:\Pinball\Cuphead
2020-10-03 19:57:08,259 : INFO : Machine : Platform: win32
2020-10-03 19:57:08,259 : INFO : Machine : Python executable location: c:\users\themi\appdata\local\programs\python\python36\python.exe
2020-10-03 19:57:08,259 : INFO : Machine : Python version: 3.6.4 (64-bit)
2020-10-03 19:57:08,275 : INFO : Machine : Initialise MPF.
2020-10-03 19:57:08,872 : INFO : EventManager : Event: ======'machine_var_credits_string'====== Args={'value': 'FREE PLAY', 'prev_value': None, 'change': True}
2020-10-03 19:57:09,106 : INFO : EventManager : Event: ======'machine_var_player1_score'====== Args={'value': 8110, 'prev_value': None, 'change': True}
2020-10-03 19:57:09,106 : INFO : EventManager : Event: ======'machine_var_mpf_version'====== Args={'value': 'MPF v0.54.0-dev.72', 'prev_value': None, 'change': True}
2020-10-03 19:57:09,106 : INFO : EventManager : Event: ======'machine_var_mpf_extended_version'====== Args={'value': 'MPF v0.54.0-dev.72, Config version:5, Show version: 5, BCP version:1.1', 'prev_value': None, 'change': True}
2020-10-03 19:57:09,106 : INFO : EventManager : Event: ======'machine_var_python_version'====== Args={'value': '3.6.4', 'prev_value': None, 'change': True}
2020-10-03 19:57:09,106 : INFO : EventManager : Event: ======'machine_var_platform'====== Args={'value': 'Windows-10-10.0.18362-SP0', 'prev_value': None, 'change': True}
2020-10-03 19:57:09,106 : INFO : EventManager : Event: ======'machine_var_platform_system'====== Args={'value': 'Windows', 'prev_value': None, 'change': True}
2020-10-03 19:57:09,106 : INFO : EventManager : Event: ======'machine_var_platform_release'====== Args={'value': '10', 'prev_value': None, 'change': True}
2020-10-03 19:57:09,106 : INFO : EventManager : Event: ======'machine_var_platform_version'====== Args={'value': '10.0.18362', 'prev_value': None, 'change': True}
2020-10-03 19:57:09,106 : INFO : EventManager : Event: ======'machine_var_platform_machine'====== Args={'value': 'AMD64', 'prev_value': None, 'change': True}
2020-10-03 19:57:09,106 : INFO : EventManager : Event: ======'init_phase_1'====== Args={}
2020-10-03 19:57:09,216 : INFO : EventManager : Event: ======'drop_target_bank_cup_bank_up'====== Args={}
2020-10-03 19:57:09,216 : INFO : EventManager : Event: ======'drop_target_bank_mug_bank_up'====== Args={}
2020-10-03 19:57:09,247 : INFO : EventManager : Event: ======'init_phase_2'====== Args={}
2020-10-03 19:57:09,247 : INFO : SwitchController : Found active switch: ('2', <Platform.SmartVirtual>)
2020-10-03 19:57:09,247 : INFO : SwitchController : Found active switch: ('3', <Platform.SmartVirtual>)
2020-10-03 19:57:09,263 : INFO : EventManager : Event: ======'bcp_connection_attempt'====== Args={'name': 'local_display', 'host': 'localhost', 'port': 5050}
2020-10-03 19:57:09,263 : INFO : BCPClientSocket : Connecting BCP to 'local_display' at localhost:5050...
2020-10-03 19:57:21,011 : INFO : BCPClientSocket : Connected BCP to 'local_display' localhost:5050
2020-10-03 19:57:21,013 : INFO : EventManager : Event: ======'bcp_clients_connected'====== Args={}
2020-10-03 19:57:21,047 : INFO : EventManager : Event: ======'machine_var_mc_version'====== Args={'value': 'MPF-MC v0.54.0-dev.20', 'prev_value': None, 'change': True}
2020-10-03 19:57:21,049 : INFO : EventManager : Event: ======'machine_var_mc_extended_version'====== Args={'value': 'MPF-MC v0.54.0-dev.20 (config_version=5, BCP v1.1, Requires MPF v0.54.0-dev.68)', 'prev_value': None, 'change': True}
2020-10-03 19:57:21,057 : INFO : EventManager : Event: ======'machine_var_master_volume'====== Args={'value': 0.5, 'prev_value': None, 'change': True}
2020-10-03 19:57:21,058 : INFO : ball_device.bd_trough : State: idle
2020-10-03 19:57:21,086 : INFO : ball_device.bd_plunger : State: idle
2020-10-03 19:57:21,122 : INFO : EventManager : Event: ======'init_phase_3'====== Args={}
2020-10-03 19:57:21,135 : INFO : EventManager : Event: ======'init_phase_4'====== Args={}
2020-10-03 19:57:21,137 : INFO : EventManager : Event: ======'machine_var_audits_events_game_ended'====== Args={'value': 21, 'prev_value': None, 'change': True}
2020-10-03 19:57:21,138 : INFO : EventManager : Event: ======'machine_var_audits_events_game_started'====== Args={'value': 40, 'prev_value': None, 'change': True}
2020-10-03 19:57:21,139 : INFO : EventManager : Event: ======'machine_var_audits_player_score'====== Args={'value': {'average': 530.4761904761905, 'top': [2970, 1300, 1220, 980, 880, 780, 720, 710, 630, 590], 'total': 21}, 'prev_value': None, 'change': True}
2020-10-03 19:57:21,139 : INFO : EventManager : Event: ======'machine_var_audits_shots_soul_L'====== Args={'value': 55, 'prev_value': None, 'change': True}
2020-10-03 19:57:21,140 : INFO : EventManager : Event: ======'machine_var_audits_shots_soul_O'====== Args={'value': 60, 'prev_value': None, 'change': True}
2020-10-03 19:57:21,141 : INFO : EventManager : Event: ======'machine_var_audits_shots_soul_S'====== Args={'value': 69, 'prev_value': None, 'change': True}
2020-10-03 19:57:21,142 : INFO : EventManager : Event: ======'machine_var_audits_shots_soul_U'====== Args={'value': 60, 'prev_value': None, 'change': True}
2020-10-03 19:57:21,142 : INFO : EventManager : Event: ======'machine_var_audits_switches_s_coin'====== Args={'value': 20, 'prev_value': None, 'change': True}
2020-10-03 19:57:21,143 : INFO : EventManager : Event: ======'machine_var_audits_switches_s_dash_L'====== Args={'value': 0, 'prev_value': None, 'change': True}
2020-10-03 19:57:21,143 : INFO : EventManager : Event: ======'machine_var_audits_switches_s_dash_R'====== Args={'value': 0, 'prev_value': None, 'change': True}
2020-10-03 19:57:21,144 : INFO : EventManager : Event: ======'machine_var_audits_switches_s_dtSling_L'====== Args={'value': 0, 'prev_value': None, 'change': True}
2020-10-03 19:57:21,144 : INFO : EventManager : Event: ======'machine_var_audits_switches_s_dtSling_R'====== Args={'value': 0, 'prev_value': None, 'change': True}
2020-10-03 19:57:21,145 : INFO : EventManager : Event: ======'machine_var_audits_switches_s_dt_C'====== Args={'value': 72, 'prev_value': None, 'change': True}
2020-10-03 19:57:21,146 : INFO : EventManager : Event: ======'machine_var_audits_switches_s_dt_G'====== Args={'value': 21, 'prev_value': None, 'change': True}
2020-10-03 19:57:21,147 : INFO : EventManager : Event: ======'machine_var_audits_switches_s_dt_M'====== Args={'value': 19, 'prev_value': None, 'change': True}
2020-10-03 19:57:21,147 : INFO : EventManager : Event: ======'machine_var_audits_switches_s_dt_P'====== Args={'value': 55, 'prev_value': None, 'change': True}
2020-10-03 19:57:21,148 : INFO : EventManager : Event: ======'machine_var_audits_switches_s_dt_U'====== Args={'value': 63, 'prev_value': None, 'change': True}
2020-10-03 19:57:21,149 : INFO : EventManager : Event: ======'machine_var_audits_switches_s_dt_U2'====== Args={'value': 19, 'prev_value': None, 'change': True}
2020-10-03 19:57:21,150 : INFO : EventManager : Event: ======'machine_var_audits_switches_s_exit_shooter_lane'====== Args={'value': 343, 'prev_value': None, 'change': True}
2020-10-03 19:57:21,151 : INFO : EventManager : Event: ======'machine_var_audits_switches_s_inLane_L'====== Args={'value': 0, 'prev_value': None, 'change': True}
2020-10-03 19:57:21,152 : INFO : EventManager : Event: ======'machine_var_audits_switches_s_inLane_R'====== Args={'value': 0, 'prev_value': None, 'change': True}
2020-10-03 19:57:21,152 : INFO : EventManager : Event: ======'machine_var_audits_switches_s_kicker'====== Args={'value': 0, 'prev_value': None, 'change': True}
2020-10-03 19:57:21,153 : INFO : EventManager : Event: ======'machine_var_audits_switches_s_left_flipper'====== Args={'value': 150, 'prev_value': None, 'change': True}
2020-10-03 19:57:21,154 : INFO : EventManager : Event: ======'machine_var_audits_switches_s_midRight'====== Args={'value': 0, 'prev_value': None, 'change': True}
2020-10-03 19:57:21,155 : INFO : EventManager : Event: ======'machine_var_audits_switches_s_outLane_L'====== Args={'value': 0, 'prev_value': None, 'change': True}
2020-10-03 19:57:21,155 : INFO : EventManager : Event: ======'machine_var_audits_switches_s_outLane_R'====== Args={'value': 0, 'prev_value': None, 'change': True}
2020-10-03 19:57:21,156 : INFO : EventManager : Event: ======'machine_var_audits_switches_s_perdition'====== Args={'value': 0, 'prev_value': None, 'change': True}
2020-10-03 19:57:21,157 : INFO : EventManager : Event: ======'machine_var_audits_switches_s_playfield'====== Args={'value': 0, 'prev_value': None, 'change': True}
2020-10-03 19:57:21,157 : INFO : EventManager : Event: ======'machine_var_audits_switches_s_plunger'====== Args={'value': 533, 'prev_value': None, 'change': True}
2020-10-03 19:57:21,158 : INFO : EventManager : Event: ======'machine_var_audits_switches_s_popBumper_1'====== Args={'value': 452, 'prev_value': None, 'change': True}
2020-10-03 19:57:21,159 : INFO : EventManager : Event: ======'machine_var_audits_switches_s_popBumper_2'====== Args={'value': 421, 'prev_value': None, 'change': True}
2020-10-03 19:57:21,160 : INFO : EventManager : Event: ======'machine_var_audits_switches_s_popBumper_3'====== Args={'value': 152, 'prev_value': None, 'change': True}
2020-10-03 19:57:21,160 : INFO : EventManager : Event: ======'machine_var_audits_switches_s_pop_bumper1'====== Args={'value': 120, 'prev_value': None, 'change': True}
2020-10-03 19:57:21,161 : INFO : EventManager : Event: ======'machine_var_audits_switches_s_pop_bumper2'====== Args={'value': 153, 'prev_value': None, 'change': True}
2020-10-03 19:57:21,162 : INFO : EventManager : Event: ======'machine_var_audits_switches_s_pop_bumper3'====== Args={'value': 100, 'prev_value': None, 'change': True}
2020-10-03 19:57:21,163 : INFO : EventManager : Event: ======'machine_var_audits_switches_s_right_flipper'====== Args={'value': 215, 'prev_value': None, 'change': True}
2020-10-03 19:57:21,164 : INFO : EventManager : Event: ======'machine_var_audits_switches_s_sling_L'====== Args={'value': 0, 'prev_value': None, 'change': True}
2020-10-03 19:57:21,165 : INFO : EventManager : Event: ======'machine_var_audits_switches_s_sling_R'====== Args={'value': 0, 'prev_value': None, 'change': True}
2020-10-03 19:57:21,166 : INFO : EventManager : Event: ======'machine_var_audits_switches_s_soul_L'====== Args={'value': 56, 'prev_value': None, 'change': True}
2020-10-03 19:57:21,167 : INFO : EventManager : Event: ======'machine_var_audits_switches_s_soul_O'====== Args={'value': 65, 'prev_value': None, 'change': True}
2020-10-03 19:57:21,168 : INFO : EventManager : Event: ======'machine_var_audits_switches_s_soul_S'====== Args={'value': 69, 'prev_value': None, 'change': True}
2020-10-03 19:57:21,169 : INFO : EventManager : Event: ======'machine_var_audits_switches_s_soul_U'====== Args={'value': 60, 'prev_value': None, 'change': True}
2020-10-03 19:57:21,170 : INFO : EventManager : Event: ======'machine_var_audits_switches_s_standUp_1'====== Args={'value': 0, 'prev_value': None, 'change': True}
2020-10-03 19:57:21,171 : INFO : EventManager : Event: ======'machine_var_audits_switches_s_standUp_2'====== Args={'value': 0, 'prev_value': None, 'change': True}
2020-10-03 19:57:21,171 : INFO : EventManager : Event: ======'machine_var_audits_switches_s_standUp_3'====== Args={'value': 0, 'prev_value': None, 'change': True}
2020-10-03 19:57:21,172 : INFO : EventManager : Event: ======'machine_var_audits_switches_s_standUp_R'====== Args={'value': 0, 'prev_value': None, 'change': True}
2020-10-03 19:57:21,174 : INFO : EventManager : Event: ======'machine_var_audits_switches_s_star_1'====== Args={'value': 0, 'prev_value': None, 'change': True}
2020-10-03 19:57:21,175 : INFO : EventManager : Event: ======'machine_var_audits_switches_s_star_2'====== Args={'value': 0, 'prev_value': None, 'change': True}
2020-10-03 19:57:21,175 : INFO : EventManager : Event: ======'machine_var_audits_switches_s_star_3'====== Args={'value': 0, 'prev_value': None, 'change': True}
2020-10-03 19:57:21,176 : INFO : EventManager : Event: ======'machine_var_audits_switches_s_start'====== Args={'value': 68, 'prev_value': None, 'change': True}
2020-10-03 19:57:21,177 : INFO : EventManager : Event: ======'machine_var_audits_switches_s_tilt'====== Args={'value': 0, 'prev_value': None, 'change': True}
2020-10-03 19:57:21,178 : INFO : EventManager : Event: ======'machine_var_audits_switches_s_trough1'====== Args={'value': 508, 'prev_value': None, 'change': True}
2020-10-03 19:57:21,179 : INFO : EventManager : Event: ======'machine_var_audits_switches_s_trough2'====== Args={'value': 72, 'prev_value': None, 'change': True}
2020-10-03 19:57:21,181 : INFO : EventManager : Event: ======'machine_var_audits_switches_s_trough_jam'====== Args={'value': 13, 'prev_value': None, 'change': True}
2020-10-03 19:57:21,182 : INFO : EventManager : Event: ======'init_phase_5'====== Args={}
2020-10-03 19:57:21,209 : INFO : EventManager : Event: ======'init_done'====== Args={}
2020-10-03 19:57:21,211 : INFO : EventManager : Event: ======'machine_reset_phase_1'====== Args={}
2020-10-03 19:57:21,214 : INFO : EventManager : Event: ======'slide_welcome_slide_removed'====== Args={'_from_bcp': True}
2020-10-03 19:57:21,219 : INFO : EventManager : Event: ======'slide_welcome_slide_created'====== Args={'_from_bcp': True}
2020-10-03 19:57:21,222 : INFO : EventManager : Event: ======'machine_reset_phase_2'====== Args={}
2020-10-03 19:57:21,222 : INFO : EventManager : Event: ======'machine_reset_phase_3'====== Args={}
2020-10-03 19:57:21,223 : INFO : drop_target_bank.cup_bank : All targets are already up. Will not reset bank.
2020-10-03 19:57:21,223 : INFO : drop_target_bank.mug_bank : All targets are already up. Will not reset bank.
2020-10-03 19:57:21,223 : INFO : EventManager : Event: ======'reset_complete'====== Args={}
2020-10-03 19:57:21,223 : INFO : EventManager : Event: ======'mode_attract_will_start'====== Args={}
2020-10-03 19:57:21,225 : INFO : EventManager : Event: ======'mode_attract_starting'====== Args={}
2020-10-03 19:57:21,225 : INFO : Mode.attract : Started. Priority: 10
2020-10-03 19:57:21,226 : INFO : EventManager : Event: ======'modes_active_modes_changed'====== Args={}
2020-10-03 19:57:21,226 : INFO : EventManager : Event: ======'mode_attract_started'====== Args={}
2020-10-03 19:57:21,229 : INFO : EventManager : Event: ======'collecting_balls_complete'====== Args={}
2020-10-03 19:57:21,290 : INFO : EventManager : Event: ======'slide_welcome_slide_active'====== Args={'_from_bcp': True}
2020-10-03 19:57:21,291 : INFO : EventManager : Event: ======'slide_awesome_slide_created'====== Args={'_from_bcp': True}
2020-10-03 19:57:21,291 : INFO : EventManager : Event: ======'slide_awesome_slide_active'====== Args={'_from_bcp': True}
2020-10-03 19:57:21,291 : INFO : Machine : Starting the main run loop.
2020-10-03 19:57:21,408 : INFO : BcpServer : New client connected.
2020-10-03 19:57:22,021 : INFO : SwitchController : <<<<<<< 's_start' active >>>>>>>
2020-10-03 19:57:22,343 : INFO : SwitchController : <<<<<<< 's_start' inactive >>>>>>>
2020-10-03 19:57:22,343 : INFO : EventManager : Event: ======'request_to_start_game'====== Args={}
2020-10-03 19:57:22,345 : INFO : EventManager : Event: ======'game_start'====== Args={'buttons': [], 'hold_time': 0.3279999999795109}
2020-10-03 19:57:22,345 : INFO : EventManager : Event: ======'mode_game_will_start'====== Args={'buttons': [], 'hold_time': 0.3279999999795109}
2020-10-03 19:57:22,347 : INFO : EventManager : Event: ======'mode_game_starting'====== Args={'buttons': [], 'hold_time': 0.3279999999795109}
2020-10-03 19:57:22,347 : INFO : EventManager : Event: ======'mode_attract_will_stop'====== Args={}
2020-10-03 19:57:22,348 : INFO : EventManager : Event: ======'mode_attract_stopping'====== Args={}
2020-10-03 19:57:22,349 : INFO : Mode.attract : Stopped.
2020-10-03 19:57:22,349 : INFO : EventManager : Event: ======'modes_active_modes_changed'====== Args={}
2020-10-03 19:57:22,351 : INFO : EventManager : Event: ======'mode_attract_stopped'====== Args={}
2020-10-03 19:57:22,352 : INFO : EventManager : Event: ======'clear'====== Args={'key': 'attract'}
2020-10-03 19:57:22,353 : INFO : Mode.game : Started. Priority: 20
2020-10-03 19:57:22,353 : INFO : EventManager : Event: ======'modes_active_modes_changed'====== Args={}
2020-10-03 19:57:22,354 : INFO : EventManager : Event: ======'mode_game_started'====== Args={'buttons': [], 'hold_time': 0.3279999999795109}
2020-10-03 19:57:22,387 : INFO : EventManager : Event: ======'game_will_start'====== Args={}
2020-10-03 19:57:22,387 : INFO : EventManager : Event: ======'slide_awesome_slide_removed'====== Args={'_from_bcp': True}
2020-10-03 19:57:22,388 : INFO : EventManager : Event: ======'slide_welcome_slide_active'====== Args={'_from_bcp': True}
2020-10-03 19:57:22,396 : INFO : EventManager : Event: ======'game_starting'====== Args={'game': <Mode.game>}
2020-10-03 19:57:22,397 : INFO : EventManager : Event: ======'player_add_request'====== Args={}
2020-10-03 19:57:22,399 : INFO : EventManager : Event: ======'player_will_add'====== Args={'number': 1}
2020-10-03 19:57:22,399 : INFO : EventManager : Event: ======'player_adding'====== Args={'player': <Player 1>, 'number': 1}
2020-10-03 19:57:22,401 : INFO : EventManager : Event: ======'player_added'====== Args={'player': <Player 1>, 'num': 1}
2020-10-03 19:57:22,401 : INFO : Mode.game : Player added successfully. Total players: 1
2020-10-03 19:57:22,403 : INFO : EventManager : Event: ======'player_index'====== Args={'value': 0, 'prev_value': 0, 'change': 0, 'player_num': 1}
2020-10-03 19:57:22,404 : INFO : EventManager : Event: ======'player_number'====== Args={'value': 1, 'prev_value': 1, 'change': 0, 'player_num': 1}
2020-10-03 19:57:22,404 : INFO : EventManager : Event: ======'player_score'====== Args={'value': 0, 'prev_value': 0, 'change': 0, 'player_num': 1}
2020-10-03 19:57:22,406 : INFO : EventManager : Event: ======'game_started'====== Args={}
2020-10-03 19:57:22,429 : INFO : EventManager : Event: ======'player_turn_will_start'====== Args={'player': <Player 1>, 'number': 1}
2020-10-03 19:57:22,430 : INFO : EventManager : Event: ======'player_turn_starting'====== Args={'player': <Player 1>, 'number': 1}
2020-10-03 19:57:22,431 : INFO : EventManager : Event: ======'player_ball'====== Args={'value': 1, 'prev_value': 0, 'change': 1, 'player_num': 1}
2020-10-03 19:57:22,433 : INFO : EventManager : Event: ======'player_turn_started'====== Args={'player': <Player 1>, 'number': 1}
2020-10-03 19:57:22,435 : INFO : EventManager : Event: ======'ball_will_start'====== Args={'player': 1, 'ball': 1, 'balls_remaining': 4, 'is_extra_ball': False}
2020-10-03 19:57:22,456 : INFO : EventManager : Event: ======'ball_starting'====== Args={'player': 1, 'ball': 1, 'balls_remaining': 4, 'is_extra_ball': False}
2020-10-03 19:57:22,459 : INFO : EventManager : Event: ======'mode_base_will_start'====== Args={'queue': <QueuedEvent>, 'player': 1, 'ball': 1, 'balls_remaining': 4, 'is_extra_ball': False}
2020-10-03 19:57:22,464 : INFO : EventManager : Event: ======'mode_base_starting'====== Args={'queue': <QueuedEvent>, 'player': 1, 'ball': 1, 'balls_remaining': 4, 'is_extra_ball': False}
2020-10-03 19:57:22,465 : INFO : drop_target_bank.cup_bank : All targets are already up. Will not reset bank.
2020-10-03 19:57:22,466 : INFO : drop_target_bank.mug_bank : All targets are already up. Will not reset bank.
2020-10-03 19:57:22,466 : INFO : EventManager : Event: ======'balls_in_play'====== Args={'balls': 1}
2020-10-03 19:57:22,467 : INFO : EventManager : Event: ======'ball_started'====== Args={'player': 1, 'ball': 1, 'balls_remaining': 4, 'is_extra_ball': False}
2020-10-03 19:57:22,469 : INFO : EventManager : Event: ======'logicblock_bonus_updated'====== Args={'value': 0, 'enabled': True}
2020-10-03 19:57:22,469 : INFO : EventManager : Event: ======'logicblock_bonus_updated'====== Args={'value': 0, 'enabled': True}
2020-10-03 19:57:22,469 : INFO : Mode.base : Started. Priority: 100
2020-10-03 19:57:22,469 : INFO : EventManager : Event: ======'modes_active_modes_changed'====== Args={}
2020-10-03 19:57:22,471 : INFO : EventManager : Event: ======'mode_base_started'====== Args={'queue': <QueuedEvent>, 'player': 1, 'ball': 1, 'balls_remaining': 4, 'is_extra_ball': False}
2020-10-03 19:57:22,472 : INFO : EventManager : Event: ======'mode_soulLanes_will_start'====== Args={'player': 1, 'ball': 1, 'balls_remaining': 4, 'is_extra_ball': False}
2020-10-03 19:57:22,473 : INFO : EventManager : Event: ======'player_shot_soul_S_enabled'====== Args={'value': True, 'prev_value': 0, 'change': 1, 'player_num': 1}
2020-10-03 19:57:22,475 : INFO : EventManager : Event: ======'player_shot_soul_O_enabled'====== Args={'value': True, 'prev_value': 0, 'change': 1, 'player_num': 1}
2020-10-03 19:57:22,477 : INFO : EventManager : Event: ======'player_shot_soul_U_enabled'====== Args={'value': True, 'prev_value': 0, 'change': 1, 'player_num': 1}
2020-10-03 19:57:22,479 : INFO : EventManager : Event: ======'player_shot_soul_L_enabled'====== Args={'value': True, 'prev_value': 0, 'change': 1, 'player_num': 1}
2020-10-03 19:57:22,482 : INFO : EventManager : Event: ======'soul_lanes_complete'====== Args={'state': 'unlit'}
2020-10-03 19:57:22,483 : INFO : EventManager : Event: ======'soul_lanes_unlit_complete'====== Args={}
2020-10-03 19:57:22,488 : INFO : EventManager : Event: ======'mode_soulLanes_starting'====== Args={'player': 1, 'ball': 1, 'balls_remaining': 4, 'is_extra_ball': False}
2020-10-03 19:57:22,528 : INFO : EventManager : Event: ======'logicblock_soul_complete_count_updated'====== Args={'value': 1, 'enabled': True}
2020-10-03 19:57:22,529 : INFO : EventManager : Event: ======'logicblock_soul_complete_count_updated'====== Args={'value': 1, 'enabled': True}
2020-10-03 19:57:22,532 : INFO : Mode.soulLanes : Started. Priority: 110
2020-10-03 19:57:22,532 : INFO : EventManager : Event: ======'modes_active_modes_changed'====== Args={}
2020-10-03 19:57:22,532 : INFO : EventManager : Event: ======'mode_soulLanes_started'====== Args={'player': 1, 'ball': 1, 'balls_remaining': 4, 'is_extra_ball': False}
2020-10-03 19:57:22,533 : INFO : EventManager : Event: ======'single_player_ball_started'====== Args={}
2020-10-03 19:57:22,578 : INFO : EventManager : Event: ======'slide_base.slide_player-mode_base_started_created'====== Args={'_from_bcp': True}
2020-10-03 19:57:22,579 : INFO : EventManager : Event: ======'slide_base.slide_player-mode_base_started_active'====== Args={'_from_bcp': True}
2020-10-03 19:57:22,580 : INFO : ball_device.bd_plunger : Setting up player-controlled eject. Balls: 1, Target: <playfield.playfield>, player_controlled_eject_event: None
2020-10-03 19:57:22,580 : INFO : EventManager : Event: ======'balldevice_balls_available'====== Args={}
2020-10-03 19:57:22,642 : INFO : ball_device.bd_trough : State: waiting_for_target_ready
2020-10-03 19:57:22,642 : INFO : EventManager : Event: ======'balldevice_bd_trough_ball_eject_attempt'====== Args={'balls': 1, 'target': <ball_device.bd_plunger>, 'source': <ball_device.bd_trough>, 'mechanical_eject': True, 'num_attempts': 0}
2020-10-03 19:57:22,643 : INFO : ball_device.bd_plunger : State: waiting_for_ball
2020-10-03 19:57:22,644 : INFO : ball_device.bd_trough : State: ejecting
2020-10-03 19:57:22,645 : INFO : ball_device.bd_trough : Ejecting ball to <ball_device.bd_plunger>
2020-10-03 19:57:22,646 : INFO : EventManager : Event: ======'balldevice_bd_trough_ejecting_ball'====== Args={'balls': 1, 'target': <ball_device.bd_plunger>, 'source': <ball_device.bd_trough>, 'mechanical_eject': True, 'num_attempts': 0}
2020-10-03 19:57:22,647 : INFO : ball_device.bd_trough : Wait for ball to leave device
2020-10-03 19:57:22,649 : INFO : coil.c_trough_eject : Pulsing Driver for 20ms (1.0 pulse_power)
2020-10-03 19:57:22,650 : INFO : SwitchController : <<<<<<< 's_trough1' inactive >>>>>>>
2020-10-03 19:57:22,679 : INFO : ball_device.bd_trough : State: ball_left
2020-10-03 19:57:22,679 : INFO : ball_device.bd_trough : Ball left
2020-10-03 19:57:22,680 : INFO : ball_device.bd_trough : Wait for confirm with timeout 10.0
2020-10-03 19:57:22,742 : INFO : SwitchController : <<<<<<< 's_plunger' active >>>>>>>
2020-10-03 19:57:22,742 : INFO : EventManager : Event: ======'machine_var_audits_switches_s_plunger'====== Args={'value': 534, 'prev_value': 533, 'change': 1}
2020-10-03 19:57:23,234 : INFO : ball_device.bd_plunger : Received ball from <ball_device.bd_trough>
2020-10-03 19:57:23,235 : INFO : EventManager : Event: ======'balldevice_bd_plunger_ball_enter'====== Args={'new_balls': 1, 'unclaimed_balls': 0, 'new_available_balls': 0, 'device': <ball_device.bd_plunger>}
2020-10-03 19:57:23,235 : INFO : EventManager : Event: ======'balldevice_bd_plunger_ball_entered'====== Args={'new_balls': 0, 'device': <ball_device.bd_plunger>}
2020-10-03 19:57:23,236 : INFO : EventManager : Event: ======'balldevice_bd_plunger_ball_count_changed'====== Args={'balls': 1}
2020-10-03 19:57:23,237 : INFO : ball_device.bd_trough : Got eject confirm
2020-10-03 19:57:23,237 : INFO : ball_device.bd_trough : Eject successful
2020-10-03 19:57:23,237 : INFO : EventManager : Event: ======'balldevice_bd_trough_ball_eject_success'====== Args={'balls': 1, 'target': <ball_device.bd_plunger>}
2020-10-03 19:57:23,238 : INFO : EventManager : Event: ======'balldevice_bd_trough_ball_count_changed'====== Args={'balls': 1}
2020-10-03 19:57:23,239 : INFO : ball_device.bd_trough : State: idle
2020-10-03 19:57:23,240 : INFO : ball_device.bd_plunger : State: waiting_for_target_ready
2020-10-03 19:57:23,240 : INFO : EventManager : Event: ======'balldevice_bd_plunger_ball_eject_attempt'====== Args={'balls': 1, 'target': <playfield.playfield>, 'source': <ball_device.bd_plunger>, 'mechanical_eject': True, 'num_attempts': 0}
2020-10-03 19:57:23,242 : INFO : ball_device.bd_plunger : State: ejecting
2020-10-03 19:57:23,242 : INFO : ball_device.bd_plunger : Ejecting ball to <playfield.playfield>
2020-10-03 19:57:23,243 : INFO : EventManager : Event: ======'balldevice_bd_plunger_ejecting_ball'====== Args={'balls': 1, 'target': <playfield.playfield>, 'source': <ball_device.bd_plunger>, 'mechanical_eject': True, 'num_attempts': 0}
2020-10-03 19:57:23,245 : INFO : ball_device.bd_plunger : Wait for ball to leave device
2020-10-03 19:57:24,069 : INFO : SwitchController : <<<<<<< 's_soul_S' active >>>>>>>
2020-10-03 19:57:24,069 : INFO : EventManager : Event: ======'s_soul_S_active'====== Args={}
2020-10-03 19:57:24,070 : INFO : EventManager : Event: ======'machine_var_audits_switches_s_soul_S'====== Args={'value': 70, 'prev_value': 69, 'change': 1}
2020-10-03 19:57:24,078 : INFO : EventManager : Event: ======'playfield_active'====== Args={}
2020-10-03 19:57:24,083 : INFO : EventManager : Event: ======'player_shot_soul_S'====== Args={'value': 1, 'prev_value': 0, 'change': 1, 'player_num': 1}
2020-10-03 19:57:24,089 : INFO : EventManager : Event: ======'machine_var_audits_shots_soul_S'====== Args={'value': 70, 'prev_value': 69, 'change': 1}
2020-10-03 19:57:24,090 : INFO : EventManager : Event: ======'soul_S_hit'====== Args={'profile': 'default', 'state': 'unlit', 'advancing': True}
2020-10-03 19:57:24,091 : INFO : EventManager : Event: ======'soul_S_default_hit'====== Args={'profile': 'default', 'state': 'unlit', 'advancing': True}
2020-10-03 19:57:24,092 : INFO : EventManager : Event: ======'soul_S_default_unlit_hit'====== Args={'profile': 'default', 'state': 'unlit', 'advancing': True}
2020-10-03 19:57:24,092 : INFO : EventManager : Event: ======'soul_S_unlit_hit'====== Args={'profile': 'default', 'state': 'unlit', 'advancing': True}
2020-10-03 19:57:24,093 : INFO : EventManager : Event: ======'soul_lanes_hit'====== Args={}
2020-10-03 19:57:24,093 : INFO : EventManager : Event: ======'soul_lanes_unlit_hit'====== Args={}
2020-10-03 19:57:24,571 : INFO : SwitchController : <<<<<<< 's_soul_S' inactive >>>>>>>
2020-10-03 19:57:25,465 : INFO : SwitchController : <<<<<<< 's_plunger' inactive >>>>>>>
2020-10-03 19:57:25,485 : INFO : ball_device.bd_plunger : State: ball_left
2020-10-03 19:57:25,486 : INFO : ball_device.bd_plunger : Ball left
2020-10-03 19:57:25,486 : INFO : ball_device.bd_plunger : Wait for confirm with timeout 10.0
2020-10-03 19:57:26,654 : INFO : SwitchController : <<<<<<< 's_exit_shooter_lane' active >>>>>>>
2020-10-03 19:57:26,655 : INFO : EventManager : Event: ======'sw_playfield_active'====== Args={}
2020-10-03 19:57:26,656 : INFO : EventManager : Event: ======'machine_var_audits_switches_s_exit_shooter_lane'====== Args={'value': 344, 'prev_value': 343, 'change': 1}
2020-10-03 19:57:26,668 : INFO : EventManager : Event: ======'playfield_active'====== Args={}
2020-10-03 19:57:26,689 : INFO : ball_device.bd_plunger : Got eject confirm
2020-10-03 19:57:26,689 : INFO : ball_device.bd_plunger : Eject successful
2020-10-03 19:57:26,689 : INFO : EventManager : Event: ======'balldevice_bd_plunger_ball_eject_success'====== Args={'balls': 1, 'target': <playfield.playfield>}
2020-10-03 19:57:26,690 : INFO : EventManager : Event: ======'balldevice_playfield_ball_enter'====== Args={'new_balls': 1, 'unclaimed_balls': 1, 'device': <playfield.playfield>}
2020-10-03 19:57:26,691 : INFO : EventManager : Event: ======'playfield_ball_count_change'====== Args={'balls': 1, 'change': 1}
2020-10-03 19:57:26,692 : INFO : EventManager : Event: ======'balldevice_bd_plunger_ball_count_changed'====== Args={'balls': 0}
2020-10-03 19:57:26,693 : INFO : ball_device.bd_plunger : State: idle
2020-10-03 19:57:26,944 : INFO : SwitchController : <<<<<<< 's_exit_shooter_lane' inactive >>>>>>>
2020-10-03 19:57:27,594 : INFO : SwitchController : <<<<<<< 's_popBumper_1' active >>>>>>>
2020-10-03 19:57:27,594 : INFO : EventManager : Event: ======'s_popBumper_1_active'====== Args={}
2020-10-03 19:57:27,595 : INFO : EventManager : Event: ======'machine_var_audits_switches_s_popBumper_1'====== Args={'value': 453, 'prev_value': 452, 'change': 1}
2020-10-03 19:57:27,775 : INFO : SwitchController : <<<<<<< 's_popBumper_1' inactive >>>>>>>
2020-10-03 19:57:28,318 : INFO : SwitchController : <<<<<<< 's_popBumper_2' active >>>>>>>
2020-10-03 19:57:28,319 : INFO : EventManager : Event: ======'s_popBumper_2_active'====== Args={}
2020-10-03 19:57:28,320 : INFO : EventManager : Event: ======'machine_var_audits_switches_s_popBumper_2'====== Args={'value': 422, 'prev_value': 421, 'change': 1}
2020-10-03 19:57:28,322 : INFO : EventManager : Event: ======'player_score'====== Args={'value': 10, 'prev_value': 0, 'change': 10, 'player_num': 1}
2020-10-03 19:57:28,514 : INFO : SwitchController : <<<<<<< 's_popBumper_2' inactive >>>>>>>
2020-10-03 19:57:28,745 : INFO : SwitchController : <<<<<<< 's_popBumper_3' active >>>>>>>
2020-10-03 19:57:28,745 : INFO : EventManager : Event: ======'s_popBumper_3_active'====== Args={}
2020-10-03 19:57:28,746 : INFO : EventManager : Event: ======'machine_var_audits_switches_s_popBumper_3'====== Args={'value': 153, 'prev_value': 152, 'change': 1}
2020-10-03 19:57:28,748 : INFO : EventManager : Event: ======'player_score'====== Args={'value': 20, 'prev_value': 10, 'change': 10, 'player_num': 1}
2020-10-03 19:57:28,898 : INFO : SwitchController : <<<<<<< 's_popBumper_3' inactive >>>>>>>
2020-10-03 19:57:28,972 : INFO : SwitchController : <<<<<<< 's_popBumper_2' active >>>>>>>
2020-10-03 19:57:28,972 : INFO : EventManager : Event: ======'s_popBumper_2_active'====== Args={}
2020-10-03 19:57:28,973 : INFO : EventManager : Event: ======'machine_var_audits_switches_s_popBumper_2'====== Args={'value': 423, 'prev_value': 422, 'change': 1}
2020-10-03 19:57:28,975 : INFO : EventManager : Event: ======'player_score'====== Args={'value': 30, 'prev_value': 20, 'change': 10, 'player_num': 1}
2020-10-03 19:57:29,126 : INFO : SwitchController : <<<<<<< 's_popBumper_2' inactive >>>>>>>
2020-10-03 19:57:29,201 : INFO : SwitchController : <<<<<<< 's_popBumper_1' active >>>>>>>
2020-10-03 19:57:29,201 : INFO : EventManager : Event: ======'s_popBumper_1_active'====== Args={}
2020-10-03 19:57:29,202 : INFO : EventManager : Event: ======'machine_var_audits_switches_s_popBumper_1'====== Args={'value': 454, 'prev_value': 453, 'change': 1}
2020-10-03 19:57:29,372 : INFO : SwitchController : <<<<<<< 's_popBumper_1' inactive >>>>>>>
2020-10-03 19:57:29,447 : INFO : SwitchController : <<<<<<< 's_popBumper_2' active >>>>>>>
2020-10-03 19:57:29,447 : INFO : EventManager : Event: ======'s_popBumper_2_active'====== Args={}
2020-10-03 19:57:29,448 : INFO : EventManager : Event: ======'machine_var_audits_switches_s_popBumper_2'====== Args={'value': 424, 'prev_value': 423, 'change': 1}
2020-10-03 19:57:29,449 : INFO : EventManager : Event: ======'player_score'====== Args={'value': 40, 'prev_value': 30, 'change': 10, 'player_num': 1}
2020-10-03 19:57:29,604 : INFO : SwitchController : <<<<<<< 's_popBumper_2' inactive >>>>>>>
2020-10-03 19:57:29,682 : INFO : SwitchController : <<<<<<< 's_popBumper_3' active >>>>>>>
2020-10-03 19:57:29,682 : INFO : EventManager : Event: ======'s_popBumper_3_active'====== Args={}
2020-10-03 19:57:29,683 : INFO : EventManager : Event: ======'machine_var_audits_switches_s_popBumper_3'====== Args={'value': 154, 'prev_value': 153, 'change': 1}
2020-10-03 19:57:29,685 : INFO : EventManager : Event: ======'player_score'====== Args={'value': 50, 'prev_value': 40, 'change': 10, 'player_num': 1}
2020-10-03 19:57:29,838 : INFO : SwitchController : <<<<<<< 's_popBumper_3' inactive >>>>>>>
2020-10-03 19:57:29,898 : INFO : SwitchController : <<<<<<< 's_popBumper_2' active >>>>>>>
2020-10-03 19:57:29,898 : INFO : EventManager : Event: ======'s_popBumper_2_active'====== Args={}
2020-10-03 19:57:29,899 : INFO : EventManager : Event: ======'machine_var_audits_switches_s_popBumper_2'====== Args={'value': 425, 'prev_value': 424, 'change': 1}
2020-10-03 19:57:29,901 : INFO : EventManager : Event: ======'player_score'====== Args={'value': 60, 'prev_value': 50, 'change': 10, 'player_num': 1}
2020-10-03 19:57:30,052 : INFO : SwitchController : <<<<<<< 's_popBumper_2' inactive >>>>>>>
2020-10-03 19:57:30,126 : INFO : SwitchController : <<<<<<< 's_popBumper_1' active >>>>>>>
2020-10-03 19:57:30,126 : INFO : EventManager : Event: ======'s_popBumper_1_active'====== Args={}
2020-10-03 19:57:30,127 : INFO : EventManager : Event: ======'machine_var_audits_switches_s_popBumper_1'====== Args={'value': 455, 'prev_value': 454, 'change': 1}
2020-10-03 19:57:30,273 : INFO : SwitchController : <<<<<<< 's_popBumper_1' inactive >>>>>>>
2020-10-03 19:57:30,347 : INFO : SwitchController : <<<<<<< 's_popBumper_2' active >>>>>>>
2020-10-03 19:57:30,348 : INFO : EventManager : Event: ======'s_popBumper_2_active'====== Args={}
2020-10-03 19:57:30,349 : INFO : EventManager : Event: ======'machine_var_audits_switches_s_popBumper_2'====== Args={'value': 426, 'prev_value': 425, 'change': 1}
2020-10-03 19:57:30,351 : INFO : EventManager : Event: ======'player_score'====== Args={'value': 70, 'prev_value': 60, 'change': 10, 'player_num': 1}
2020-10-03 19:57:30,503 : INFO : SwitchController : <<<<<<< 's_popBumper_2' inactive >>>>>>>
2020-10-03 19:57:30,582 : INFO : SwitchController : <<<<<<< 's_popBumper_3' active >>>>>>>
2020-10-03 19:57:30,583 : INFO : EventManager : Event: ======'s_popBumper_3_active'====== Args={}
2020-10-03 19:57:30,583 : INFO : EventManager : Event: ======'machine_var_audits_switches_s_popBumper_3'====== Args={'value': 155, 'prev_value': 154, 'change': 1}
2020-10-03 19:57:30,585 : INFO : EventManager : Event: ======'player_score'====== Args={'value': 80, 'prev_value': 70, 'change': 10, 'player_num': 1}
2020-10-03 19:57:30,724 : INFO : SwitchController : <<<<<<< 's_popBumper_3' inactive >>>>>>>
2020-10-03 19:57:30,785 : INFO : SwitchController : <<<<<<< 's_popBumper_2' active >>>>>>>
2020-10-03 19:57:30,786 : INFO : EventManager : Event: ======'s_popBumper_2_active'====== Args={}
2020-10-03 19:57:30,786 : INFO : EventManager : Event: ======'machine_var_audits_switches_s_popBumper_2'====== Args={'value': 427, 'prev_value': 426, 'change': 1}
2020-10-03 19:57:30,788 : INFO : EventManager : Event: ======'player_score'====== Args={'value': 90, 'prev_value': 80, 'change': 10, 'player_num': 1}
2020-10-03 19:57:30,944 : INFO : SwitchController : <<<<<<< 's_popBumper_2' inactive >>>>>>>
2020-10-03 19:57:30,994 : INFO : SwitchController : <<<<<<< 's_popBumper_1' active >>>>>>>
2020-10-03 19:57:30,994 : INFO : EventManager : Event: ======'s_popBumper_1_active'====== Args={}
2020-10-03 19:57:30,995 : INFO : EventManager : Event: ======'machine_var_audits_switches_s_popBumper_1'====== Args={'value': 456, 'prev_value': 455, 'change': 1}
2020-10-03 19:57:31,140 : INFO : SwitchController : <<<<<<< 's_popBumper_1' inactive >>>>>>>
2020-10-03 19:57:31,201 : INFO : SwitchController : <<<<<<< 's_popBumper_2' active >>>>>>>
2020-10-03 19:57:31,202 : INFO : EventManager : Event: ======'s_popBumper_2_active'====== Args={}
2020-10-03 19:57:31,202 : INFO : EventManager : Event: ======'machine_var_audits_switches_s_popBumper_2'====== Args={'value': 428, 'prev_value': 427, 'change': 1}
2020-10-03 19:57:31,204 : INFO : EventManager : Event: ======'player_score'====== Args={'value': 100, 'prev_value': 90, 'change': 10, 'player_num': 1}
2020-10-03 19:57:31,369 : INFO : SwitchController : <<<<<<< 's_popBumper_2' inactive >>>>>>>
2020-10-03 19:57:31,420 : INFO : SwitchController : <<<<<<< 's_popBumper_3' active >>>>>>>
2020-10-03 19:57:31,421 : INFO : EventManager : Event: ======'s_popBumper_3_active'====== Args={}
2020-10-03 19:57:31,421 : INFO : EventManager : Event: ======'machine_var_audits_switches_s_popBumper_3'====== Args={'value': 156, 'prev_value': 155, 'change': 1}
2020-10-03 19:57:31,423 : INFO : EventManager : Event: ======'player_score'====== Args={'value': 110, 'prev_value': 100, 'change': 10, 'player_num': 1}
2020-10-03 19:57:31,565 : INFO : SwitchController : <<<<<<< 's_popBumper_3' inactive >>>>>>>
2020-10-03 19:57:31,623 : INFO : SwitchController : <<<<<<< 's_popBumper_2' active >>>>>>>
2020-10-03 19:57:31,624 : INFO : EventManager : Event: ======'s_popBumper_2_active'====== Args={}
2020-10-03 19:57:31,624 : INFO : EventManager : Event: ======'machine_var_audits_switches_s_popBumper_2'====== Args={'value': 429, 'prev_value': 428, 'change': 1}
2020-10-03 19:57:31,626 : INFO : EventManager : Event: ======'player_score'====== Args={'value': 120, 'prev_value': 110, 'change': 10, 'player_num': 1}
2020-10-03 19:57:31,786 : INFO : SwitchController : <<<<<<< 's_popBumper_2' inactive >>>>>>>
2020-10-03 19:57:31,835 : INFO : SwitchController : <<<<<<< 's_popBumper_1' active >>>>>>>
2020-10-03 19:57:31,835 : INFO : EventManager : Event: ======'s_popBumper_1_active'====== Args={}
2020-10-03 19:57:31,836 : INFO : EventManager : Event: ======'machine_var_audits_switches_s_popBumper_1'====== Args={'value': 457, 'prev_value': 456, 'change': 1}
2020-10-03 19:57:31,997 : INFO : SwitchController : <<<<<<< 's_popBumper_1' inactive >>>>>>>
2020-10-03 19:57:32,056 : INFO : SwitchController : <<<<<<< 's_popBumper_2' active >>>>>>>
2020-10-03 19:57:32,056 : INFO : EventManager : Event: ======'s_popBumper_2_active'====== Args={}
2020-10-03 19:57:32,057 : INFO : EventManager : Event: ======'machine_var_audits_switches_s_popBumper_2'====== Args={'value': 430, 'prev_value': 429, 'change': 1}
2020-10-03 19:57:32,059 : INFO : EventManager : Event: ======'player_score'====== Args={'value': 130, 'prev_value': 120, 'change': 10, 'player_num': 1}
2020-10-03 19:57:32,208 : INFO : SwitchController : <<<<<<< 's_popBumper_2' inactive >>>>>>>
2020-10-03 19:57:32,273 : INFO : SwitchController : <<<<<<< 's_popBumper_3' active >>>>>>>
2020-10-03 19:57:32,273 : INFO : EventManager : Event: ======'s_popBumper_3_active'====== Args={}
2020-10-03 19:57:32,273 : INFO : EventManager : Event: ======'machine_var_audits_switches_s_popBumper_3'====== Args={'value': 157, 'prev_value': 156, 'change': 1}
2020-10-03 19:57:32,275 : INFO : EventManager : Event: ======'player_score'====== Args={'value': 140, 'prev_value': 130, 'change': 10, 'player_num': 1}
2020-10-03 19:57:32,428 : INFO : SwitchController : <<<<<<< 's_popBumper_3' inactive >>>>>>>
2020-10-03 19:57:32,467 : INFO : SwitchController : <<<<<<< 's_popBumper_2' active >>>>>>>
2020-10-03 19:57:32,467 : INFO : EventManager : Event: ======'s_popBumper_2_active'====== Args={}
2020-10-03 19:57:32,468 : INFO : EventManager : Event: ======'machine_var_audits_switches_s_popBumper_2'====== Args={'value': 431, 'prev_value': 430, 'change': 1}
2020-10-03 19:57:32,470 : INFO : EventManager : Event: ======'player_score'====== Args={'value': 150, 'prev_value': 140, 'change': 10, 'player_num': 1}
2020-10-03 19:57:32,634 : INFO : SwitchController : <<<<<<< 's_popBumper_2' inactive >>>>>>>
2020-10-03 19:57:32,696 : INFO : SwitchController : <<<<<<< 's_popBumper_1' active >>>>>>>
2020-10-03 19:57:32,696 : INFO : EventManager : Event: ======'s_popBumper_1_active'====== Args={}
2020-10-03 19:57:32,697 : INFO : EventManager : Event: ======'machine_var_audits_switches_s_popBumper_1'====== Args={'value': 458, 'prev_value': 457, 'change': 1}
2020-10-03 19:57:32,852 : INFO : SwitchController : <<<<<<< 's_popBumper_1' inactive >>>>>>>
2020-10-03 19:57:32,903 : INFO : SwitchController : <<<<<<< 's_popBumper_2' active >>>>>>>
2020-10-03 19:57:32,903 : INFO : EventManager : Event: ======'s_popBumper_2_active'====== Args={}
2020-10-03 19:57:32,904 : INFO : EventManager : Event: ======'machine_var_audits_switches_s_popBumper_2'====== Args={'value': 432, 'prev_value': 431, 'change': 1}
2020-10-03 19:57:32,906 : INFO : EventManager : Event: ======'player_score'====== Args={'value': 160, 'prev_value': 150, 'change': 10, 'player_num': 1}
2020-10-03 19:57:33,081 : INFO : SwitchController : <<<<<<< 's_popBumper_2' inactive >>>>>>>
2020-10-03 19:57:33,117 : INFO : SwitchController : <<<<<<< 's_popBumper_3' active >>>>>>>
2020-10-03 19:57:33,118 : INFO : EventManager : Event: ======'s_popBumper_3_active'====== Args={}
2020-10-03 19:57:33,118 : INFO : EventManager : Event: ======'machine_var_audits_switches_s_popBumper_3'====== Args={'value': 158, 'prev_value': 157, 'change': 1}
2020-10-03 19:57:33,120 : INFO : EventManager : Event: ======'player_score'====== Args={'value': 170, 'prev_value': 160, 'change': 10, 'player_num': 1}
2020-10-03 19:57:33,258 : INFO : SwitchController : <<<<<<< 's_popBumper_3' inactive >>>>>>>
2020-10-03 19:57:33,319 : INFO : SwitchController : <<<<<<< 's_popBumper_2' active >>>>>>>
2020-10-03 19:57:33,319 : INFO : EventManager : Event: ======'s_popBumper_2_active'====== Args={}
2020-10-03 19:57:33,320 : INFO : EventManager : Event: ======'machine_var_audits_switches_s_popBumper_2'====== Args={'value': 433, 'prev_value': 432, 'change': 1}
2020-10-03 19:57:33,322 : INFO : EventManager : Event: ======'player_score'====== Args={'value': 180, 'prev_value': 170, 'change': 10, 'player_num': 1}
2020-10-03 19:57:33,488 : INFO : SwitchController : <<<<<<< 's_popBumper_2' inactive >>>>>>>
2020-10-03 19:57:33,537 : INFO : SwitchController : <<<<<<< 's_popBumper_1' active >>>>>>>
2020-10-03 19:57:33,538 : INFO : EventManager : Event: ======'s_popBumper_1_active'====== Args={}
2020-10-03 19:57:33,538 : INFO : EventManager : Event: ======'machine_var_audits_switches_s_popBumper_1'====== Args={'value': 459, 'prev_value': 458, 'change': 1}
2020-10-03 19:57:33,686 : INFO : SwitchController : <<<<<<< 's_popBumper_1' inactive >>>>>>>
2020-10-03 19:57:33,736 : INFO : SwitchController : <<<<<<< 's_popBumper_2' active >>>>>>>
2020-10-03 19:57:33,737 : INFO : EventManager : Event: ======'s_popBumper_2_active'====== Args={}
2020-10-03 19:57:33,737 : INFO : EventManager : Event: ======'machine_var_audits_switches_s_popBumper_2'====== Args={'value': 434, 'prev_value': 433, 'change': 1}
2020-10-03 19:57:33,738 : INFO : EventManager : Event: ======'player_score'====== Args={'value': 190, 'prev_value': 180, 'change': 10, 'player_num': 1}
2020-10-03 19:57:33,921 : INFO : SwitchController : <<<<<<< 's_popBumper_2' inactive >>>>>>>
2020-10-03 19:57:33,958 : INFO : SwitchController : <<<<<<< 's_popBumper_3' active >>>>>>>
2020-10-03 19:57:33,958 : INFO : EventManager : Event: ======'s_popBumper_3_active'====== Args={}
2020-10-03 19:57:33,959 : INFO : EventManager : Event: ======'machine_var_audits_switches_s_popBumper_3'====== Args={'value': 159, 'prev_value': 158, 'change': 1}
2020-10-03 19:57:33,961 : INFO : EventManager : Event: ======'player_score'====== Args={'value': 200, 'prev_value': 190, 'change': 10, 'player_num': 1}
2020-10-03 19:57:34,096 : INFO : SwitchController : <<<<<<< 's_popBumper_3' inactive >>>>>>>
2020-10-03 19:57:34,146 : INFO : SwitchController : <<<<<<< 's_popBumper_2' active >>>>>>>
2020-10-03 19:57:34,146 : INFO : EventManager : Event: ======'s_popBumper_2_active'====== Args={}
2020-10-03 19:57:34,147 : INFO : EventManager : Event: ======'machine_var_audits_switches_s_popBumper_2'====== Args={'value': 435, 'prev_value': 434, 'change': 1}
2020-10-03 19:57:34,149 : INFO : EventManager : Event: ======'player_score'====== Args={'value': 210, 'prev_value': 200, 'change': 10, 'player_num': 1}
2020-10-03 19:57:34,311 : INFO : SwitchController : <<<<<<< 's_popBumper_2' inactive >>>>>>>
2020-10-03 19:57:34,347 : INFO : SwitchController : <<<<<<< 's_popBumper_1' active >>>>>>>
2020-10-03 19:57:34,348 : INFO : EventManager : Event: ======'s_popBumper_1_active'====== Args={}
2020-10-03 19:57:34,348 : INFO : EventManager : Event: ======'machine_var_audits_switches_s_popBumper_1'====== Args={'value': 460, 'prev_value': 459, 'change': 1}
2020-10-03 19:57:34,515 : INFO : SwitchController : <<<<<<< 's_popBumper_1' inactive >>>>>>>
2020-10-03 19:57:36,590 : INFO : Machine : Shutting down...
2020-10-03 19:57:36,590 : INFO : EventManager : Event: ======'shutdown'====== Args={}
2020-10-03 19:57:36,637 : INFO : root : MPF run loop ended.
