2020-10-05 08:10:37,932 : kivy : Factory: 184 symbols loaded
2020-10-05 08:10:38,359 : kivy : ImageLoaderFFPy: Using ffpyplayer 4.3.1
2020-10-05 08:10:38,360 : kivy : Image: Providers: img_tex, img_dds, img_sdl2, img_pil, img_ffpyplayer, img_gif 
2020-10-05 08:10:38,516 : kivy : VideoGstplayer: Using Gstreamer 1.16.0.0
2020-10-05 08:10:38,516 : kivy : Video: Provider: gstplayer
2020-10-05 08:10:38,804 : kivy : Loading MPF-MC controller
2020-10-05 08:10:38,839 : YamlMultifileConfigLoader : Machine config file #1: config
2020-10-05 08:10:38,840 : ConfigProcessor : Config file in cache changed: c:\GitHub\Cuphead\config\config
2020-10-05 08:10:38,841 : ConfigProcessor : Loading config from file c:\users\themi\appdata\local\programs\python\python36\lib\site-packages\mpfmc\mcconfig.yaml.
2020-10-05 08:10:38,920 : ConfigProcessor : Loading config: c:\users\themi\appdata\local\programs\python\python36\lib\site-packages\mpfmc\mcconfig.yaml
2020-10-05 08:10:38,921 : ConfigProcessor : Loading config from file c:\GitHub\Cuphead\config\config.
2020-10-05 08:10:38,942 : ConfigProcessor : Loading config: c:\GitHub\Cuphead\config\config
2020-10-05 08:10:38,955 : ConfigProcessor : Loading config: c:\GitHub\Cuphead\config\keyboard.yaml
2020-10-05 08:10:38,996 : ConfigProcessor : Loading config: c:\GitHub\Cuphead\config\hwSwitches.yaml
2020-10-05 08:10:39,085 : ConfigProcessor : Loading config: c:\GitHub\Cuphead\config\hwLights.yaml
2020-10-05 08:10:39,110 : ConfigProcessor : Loading config: c:\GitHub\Cuphead\config\hwCoils.yaml
2020-10-05 08:10:39,115 : ConfigProcessor : Config file cache created: C:\Users\themi\AppData\Local\Temp\0cbdbb896bde7c562664fa91ae109528.mpf_cache
2020-10-05 08:10:39,117 : ConfigProcessor : Loading config from cache: C:\Users\themi\AppData\Local\Temp\89b9c5cb952cce9fc74d723399719cc6.mpf_cache
2020-10-05 08:10:39,118 : ConfigProcessor : Loading config from cache: C:\Users\themi\AppData\Local\Temp\4fcecb70f81c3c2fefb8e65ae9a0af5f.mpf_cache
2020-10-05 08:10:39,119 : ConfigProcessor : Loading config from cache: C:\Users\themi\AppData\Local\Temp\5820a65357aa32f3082a694bbd0b1b93.mpf_cache
2020-10-05 08:10:39,120 : ConfigProcessor : Loading config from cache: C:\Users\themi\AppData\Local\Temp\2f1df67e0c6599f893aeb5468bc976f9.mpf_cache
2020-10-05 08:10:39,121 : mpfmc : Mission Pinball Framework Media Controller v0.54.0-dev.20
2020-10-05 08:10:39,121 : mpfmc : Mission Pinball Framework Game Engine v0.54.0-dev.72
2020-10-05 08:10:39,121 : mpfmc : Machine path: c:\GitHub\Cuphead
2020-10-05 08:10:39,121 : mpfmc : Starting clock at 60.0Hz
2020-10-05 08:10:39,151 : kivy : Text: Provider: sdl2
2020-10-05 08:10:39,219 : kivy : Window: Provider: sdl2
2020-10-05 08:10:39,834 : kivy : GL: Using the "OpenGL" graphics system
2020-10-05 08:10:39,838 : kivy : GL: GLEW initialization succeeded
2020-10-05 08:10:39,839 : kivy : GL: Backend used <glew>
2020-10-05 08:10:39,840 : kivy : GL: OpenGL version <b'4.5.14568 Compatibility Profile Context 24.20.12050.0'>
2020-10-05 08:10:39,840 : kivy : GL: OpenGL vendor <b'ATI Technologies Inc.'>
2020-10-05 08:10:39,840 : kivy : GL: OpenGL renderer <b'AMD Radeon(TM) R4 Graphics'>
2020-10-05 08:10:39,841 : kivy : GL: OpenGL parsed version: 4, 5
2020-10-05 08:10:39,841 : kivy : GL: Shading version <b'4.50'>
2020-10-05 08:10:39,842 : kivy : GL: Texture max size <16384>
2020-10-05 08:10:39,842 : kivy : GL: Texture max units <32>
2020-10-05 08:10:39,888 : kivy : Window: auto add sdl2 input provider
2020-10-05 08:10:39,889 : kivy : Window: virtual keyboard not allowed, single mode, not docked
2020-10-05 08:10:39,906 : SoundSystem : SoundSystem: Using default 'sound_system' settings
2020-10-05 08:10:40,648 : AudioInterface : Initialized
2020-10-05 08:10:40,649 : SoundSystem : No audio tracks are specified in your machine config file. a track named 'default' has been created.
2020-10-05 08:10:40,654 : kivy : Base: Start application main loop
2020-10-05 08:10:40,656 : EventManager : Event: ======'display_window_initialized'====== Args={}
2020-10-05 08:10:40,703 : mpfmc : Display: Setting 'window' as default display
2020-10-05 08:10:40,719 : EventManager : Event: ======'displays_initialized'====== Args={}
2020-10-05 08:10:40,721 : EventManager : Event: ======'slide_window_blank_created'====== Args={}
2020-10-05 08:10:40,722 : EventManager : Event: ======'display_window_ready'====== Args={}
2020-10-05 08:10:40,744 : EventManager : Event: ======'init_phase_1'====== Args={}
2020-10-05 08:10:40,751 : EventManager : Event: ======'mc_ready'====== Args={}
2020-10-05 08:10:40,752 : EventManager : Event: ======'init_phase_2'====== Args={}
2020-10-05 08:10:40,761 : EventManager : Event: ======'init_phase_3'====== Args={}
2020-10-05 08:10:40,763 : AssetManager : Registering Asset: cupHighScore, File: cupHighScore.ogg, Default Group: default, Final Config: {'load': 'preload', 'file': 'c:\\GitHub\\Cuphead\\modes\\base\\sounds\\music\\cupHighScore.ogg'}
2020-10-05 08:10:40,763 : AssetManager : Registering Asset: cupMusic1, File: cupMusic1.ogg, Default Group: default, Final Config: {'load': 'preload', 'target': 'music', 'loop': -1, 'mode_end_action': 'stop', 'file': 'c:\\GitHub\\Cuphead\\modes\\base\\sounds\\music\\cupMusic1.ogg'}
2020-10-05 08:10:40,763 : AssetManager : Registering Asset: cupMusic2, File: cupMusic2.ogg, Default Group: default, Final Config: {'load': 'preload', 'target': 'music', 'loop': -1, 'mode_end_action': 'stop', 'file': 'c:\\GitHub\\Cuphead\\modes\\base\\sounds\\music\\cupMusic2.ogg'}
2020-10-05 08:10:40,763 : AssetManager : Registering Asset: cupMusic3, File: cupMusic3.ogg, Default Group: default, Final Config: {'load': 'preload', 'target': 'music', 'loop': -1, 'mode_end_action': 'stop', 'file': 'c:\\GitHub\\Cuphead\\modes\\base\\sounds\\music\\cupMusic3.ogg'}
2020-10-05 08:10:40,763 : AssetManager : Registering Asset: cupMusic4, File: cupMusic4.ogg, Default Group: default, Final Config: {'load': 'preload', 'target': 'music', 'loop': -1, 'mode_end_action': 'stop', 'file': 'c:\\GitHub\\Cuphead\\modes\\base\\sounds\\music\\cupMusic4.ogg'}
2020-10-05 08:10:40,764 : AssetManager : Registering Asset: cupMusic5, File: cupMusic5.ogg, Default Group: default, Final Config: {'load': 'preload', 'file': 'c:\\GitHub\\Cuphead\\modes\\base\\sounds\\music\\cupMusic5.ogg'}
2020-10-05 08:10:40,764 : AssetManager : Registering Asset: cupMusic6, File: cupMusic6.ogg, Default Group: default, Final Config: {'load': 'preload', 'file': 'c:\\GitHub\\Cuphead\\modes\\base\\sounds\\music\\cupMusic6.ogg'}
2020-10-05 08:10:40,764 : AssetManager : Registering Asset: cupMusic7, File: cupMusic7.ogg, Default Group: default, Final Config: {'load': 'preload', 'file': 'c:\\GitHub\\Cuphead\\modes\\base\\sounds\\music\\cupMusic7.ogg'}
2020-10-05 08:10:40,764 : AssetManager : Registering Asset: cupMusic8, File: cupMusic8.ogg, Default Group: default, Final Config: {'load': 'preload', 'file': 'c:\\GitHub\\Cuphead\\modes\\base\\sounds\\music\\cupMusic8.ogg'}
2020-10-05 08:10:40,764 : AssetManager : Registering Asset: cupMusic9, File: cupMusic9.ogg, Default Group: default, Final Config: {'load': 'preload', 'file': 'c:\\GitHub\\Cuphead\\modes\\base\\sounds\\music\\cupMusic9.ogg'}
2020-10-05 08:10:40,764 : AssetManager : Registering Asset: game_play_1, File: game_play_1.ogg, Default Group: default, Final Config: {'load': 'preload', 'file': 'c:\\GitHub\\Cuphead\\modes\\base\\sounds\\music\\game_play_1.ogg'}
2020-10-05 08:10:40,767 : AssetManager : Registering Asset: attract_music, File: attract_music.ogg, Default Group: default, Final Config: {'load': 'preload', 'file': 'c:\\GitHub\\Cuphead\\modes\\attract\\sounds\\music\\attract_music.ogg'}
2020-10-05 08:10:40,768 : EventManager : Event: ======'init_phase_4'====== Args={}
2020-10-05 08:10:40,768 : EventManager : Event: ======'init_phase_5'====== Args={}
2020-10-05 08:10:42,261 : EventManager : Event: ======'loading_assets'====== Args={'total': 12, 'loaded': 1, 'remaining': 11, 'percent': 8}
2020-10-05 08:10:42,262 : AssetManager : Loading assets: 1/12 (8%)
2020-10-05 08:10:43,256 : EventManager : Event: ======'loading_assets'====== Args={'total': 12, 'loaded': 2, 'remaining': 10, 'percent': 17}
2020-10-05 08:10:43,257 : AssetManager : Loading assets: 2/12 (17%)
2020-10-05 08:10:44,630 : EventManager : Event: ======'loading_assets'====== Args={'total': 12, 'loaded': 4, 'remaining': 8, 'percent': 33}
2020-10-05 08:10:45,420 : AssetManager : Loading assets: 4/12 (33%)
2020-10-05 08:10:45,422 : EventManager : Event: ======'loading_assets'====== Args={'total': 12, 'loaded': 6, 'remaining': 6, 'percent': 50}
2020-10-05 08:10:45,422 : AssetManager : Loading assets: 6/12 (50%)
2020-10-05 08:10:48,556 : EventManager : Event: ======'loading_assets'====== Args={'total': 12, 'loaded': 7, 'remaining': 5, 'percent': 58}
2020-10-05 08:10:48,557 : AssetManager : Loading assets: 7/12 (58%)
2020-10-05 08:10:49,444 : EventManager : Event: ======'loading_assets'====== Args={'total': 12, 'loaded': 10, 'remaining': 2, 'percent': 83}
2020-10-05 08:10:49,445 : AssetManager : Loading assets: 10/12 (83%)
2020-10-05 08:10:50,270 : EventManager : Event: ======'loading_assets'====== Args={'total': 12, 'loaded': 12, 'remaining': 0, 'percent': 100}
2020-10-05 08:10:50,270 : AssetManager : Asset loading took: 9.620436429977417
2020-10-05 08:10:50,270 : EventManager : Event: ======'asset_loading_complete'====== Args={}
2020-10-05 08:10:50,270 : AssetManager : Loading assets: 12/12 (100%)
2020-10-05 08:10:50,270 : EventManager : Event: ======'init_done'====== Args={}
2020-10-05 08:10:50,271 : MPF-MC BCP Server : Starting up on localhost port 5050
2020-10-05 08:10:50,280 : MPF-MC BCP Server : Waiting for a connection...
2020-10-05 08:10:50,280 : mpfmc : SlidePlayer: Play called with settings={'slides': {welcome_slide-None-None: {'priority': None, 'target': None, 'background_color': [0.0, 0.0, 0.0, 1.0], 'show': True, 'force': False, 'expire': None, 'slide': None, 'tokens': {}, 'action': 'play', 'transition': None, 'transition_out': None}}}
2020-10-05 08:10:50,289 : kivy : GL: NPOT texture support is available
2020-10-05 08:10:50,289 : EventManager : Event: ======'slide_welcome_slide_created'====== Args={}
2020-10-05 08:10:50,292 : EventManager : Event: ======'slide_welcome_slide_active'====== Args={}
2020-10-05 08:10:50,299 : EventManager : Event: ======'client_disconnected'====== Args={'host': '127.0.0.1', 'port': 5050}
2020-10-05 08:10:50,397 : MPF-MC BCP Server : Received connection from: 127.0.0.1:57270
2020-10-05 08:10:50,400 : EventManager : Event: ======'client_connected'====== Args={'host': '127.0.0.1', 'port': 57270}
2020-10-05 08:10:50,444 : EventManager : Event: ======'machine_var_credits_string'====== Args={'value': 'FREE PLAY', 'prev_value': None, 'change': True}
2020-10-05 08:10:50,446 : EventManager : Event: ======'machine_var_player1_score'====== Args={'value': 8110, 'prev_value': None, 'change': True}
2020-10-05 08:10:50,446 : EventManager : Event: ======'machine_var_mpf_version'====== Args={'value': 'MPF v0.54.0-dev.72', 'prev_value': None, 'change': True}
2020-10-05 08:10:50,446 : EventManager : Event: ======'machine_var_mpf_extended_version'====== Args={'value': 'MPF v0.54.0-dev.72, Config version:5, Show version: 5, BCP version:1.1', 'prev_value': None, 'change': True}
2020-10-05 08:10:50,446 : EventManager : Event: ======'machine_var_python_version'====== Args={'value': '3.6.4', 'prev_value': None, 'change': True}
2020-10-05 08:10:50,446 : EventManager : Event: ======'machine_var_platform'====== Args={'value': 'Windows-10-10.0.18362-SP0', 'prev_value': None, 'change': True}
2020-10-05 08:10:50,447 : EventManager : Event: ======'machine_var_platform_system'====== Args={'value': 'Windows', 'prev_value': None, 'change': True}
2020-10-05 08:10:50,447 : EventManager : Event: ======'machine_var_platform_release'====== Args={'value': '10', 'prev_value': None, 'change': True}
2020-10-05 08:10:50,447 : EventManager : Event: ======'machine_var_platform_version'====== Args={'value': '10.0.18362', 'prev_value': None, 'change': True}
2020-10-05 08:10:50,447 : EventManager : Event: ======'machine_var_platform_machine'====== Args={'value': 'AMD64', 'prev_value': None, 'change': True}
2020-10-05 08:10:50,447 : EventManager : Event: ======'machine_var_mc_version'====== Args={'value': 'MPF-MC v0.54.0-dev.20', 'prev_value': None, 'change': True}
2020-10-05 08:10:50,447 : EventManager : Event: ======'machine_var_mc_extended_version'====== Args={'value': 'MPF-MC v0.54.0-dev.20 (config_version=5, BCP v1.1, Requires MPF v0.54.0-dev.68)', 'prev_value': None, 'change': True}
2020-10-05 08:10:50,448 : EventManager : Event: ======'machine_var_master_volume'====== Args={'value': 0.5, 'prev_value': None, 'change': True}
2020-10-05 08:10:50,573 : EventManager : Event: ======'machine_var_audits_events_game_ended'====== Args={'value': 21, 'prev_value': None, 'change': True}
2020-10-05 08:10:50,573 : EventManager : Event: ======'machine_var_audits_events_game_started'====== Args={'value': 40, 'prev_value': None, 'change': True}
2020-10-05 08:10:50,574 : EventManager : Event: ======'machine_var_audits_player_score'====== Args={'value': {'average': 530.4761904761905, 'top': [2970, 1300, 1220, 980, 880, 780, 720, 710, 630, 590], 'total': 21}, 'prev_value': None, 'change': True}
2020-10-05 08:10:50,575 : EventManager : Event: ======'machine_var_audits_shots_soul_L'====== Args={'value': 224, 'prev_value': None, 'change': True}
2020-10-05 08:10:50,576 : EventManager : Event: ======'machine_var_audits_shots_soul_O'====== Args={'value': 231, 'prev_value': None, 'change': True}
2020-10-05 08:10:50,577 : EventManager : Event: ======'machine_var_audits_shots_soul_S'====== Args={'value': 263, 'prev_value': None, 'change': True}
2020-10-05 08:10:50,578 : EventManager : Event: ======'machine_var_audits_shots_soul_U'====== Args={'value': 227, 'prev_value': None, 'change': True}
2020-10-05 08:10:50,578 : EventManager : Event: ======'machine_var_audits_switches_s_coin'====== Args={'value': 20, 'prev_value': None, 'change': True}
2020-10-05 08:10:50,579 : EventManager : Event: ======'machine_var_audits_switches_s_dash_L'====== Args={'value': 0, 'prev_value': None, 'change': True}
2020-10-05 08:10:50,579 : EventManager : Event: ======'machine_var_audits_switches_s_dash_R'====== Args={'value': 0, 'prev_value': None, 'change': True}
2020-10-05 08:10:50,579 : EventManager : Event: ======'machine_var_audits_switches_s_dtSling_L'====== Args={'value': 0, 'prev_value': None, 'change': True}
2020-10-05 08:10:50,580 : EventManager : Event: ======'machine_var_audits_switches_s_dtSling_R'====== Args={'value': 0, 'prev_value': None, 'change': True}
2020-10-05 08:10:50,580 : EventManager : Event: ======'machine_var_audits_switches_s_dt_C'====== Args={'value': 82, 'prev_value': None, 'change': True}
2020-10-05 08:10:50,581 : EventManager : Event: ======'machine_var_audits_switches_s_dt_G'====== Args={'value': 25, 'prev_value': None, 'change': True}
2020-10-05 08:10:50,581 : EventManager : Event: ======'machine_var_audits_switches_s_dt_M'====== Args={'value': 23, 'prev_value': None, 'change': True}
2020-10-05 08:10:50,582 : EventManager : Event: ======'machine_var_audits_switches_s_dt_P'====== Args={'value': 65, 'prev_value': None, 'change': True}
2020-10-05 08:10:50,582 : EventManager : Event: ======'machine_var_audits_switches_s_dt_U'====== Args={'value': 73, 'prev_value': None, 'change': True}
2020-10-05 08:10:50,582 : EventManager : Event: ======'machine_var_audits_switches_s_dt_U2'====== Args={'value': 23, 'prev_value': None, 'change': True}
2020-10-05 08:10:50,583 : EventManager : Event: ======'machine_var_audits_switches_s_exit_shooter_lane'====== Args={'value': 357, 'prev_value': None, 'change': True}
2020-10-05 08:10:50,583 : EventManager : Event: ======'machine_var_audits_switches_s_inLane_L'====== Args={'value': 0, 'prev_value': None, 'change': True}
2020-10-05 08:10:50,583 : EventManager : Event: ======'machine_var_audits_switches_s_inLane_R'====== Args={'value': 0, 'prev_value': None, 'change': True}
2020-10-05 08:10:50,584 : EventManager : Event: ======'machine_var_audits_switches_s_kicker'====== Args={'value': 0, 'prev_value': None, 'change': True}
2020-10-05 08:10:50,584 : EventManager : Event: ======'machine_var_audits_switches_s_left_flipper'====== Args={'value': 151, 'prev_value': None, 'change': True}
2020-10-05 08:10:50,584 : EventManager : Event: ======'machine_var_audits_switches_s_midRight'====== Args={'value': 0, 'prev_value': None, 'change': True}
2020-10-05 08:10:50,587 : EventManager : Event: ======'machine_var_audits_switches_s_outLane_L'====== Args={'value': 0, 'prev_value': None, 'change': True}
2020-10-05 08:10:50,587 : EventManager : Event: ======'machine_var_audits_switches_s_outLane_R'====== Args={'value': 0, 'prev_value': None, 'change': True}
2020-10-05 08:10:50,587 : EventManager : Event: ======'machine_var_audits_switches_s_perdition'====== Args={'value': 0, 'prev_value': None, 'change': True}
2020-10-05 08:10:50,588 : EventManager : Event: ======'machine_var_audits_switches_s_playfield'====== Args={'value': 0, 'prev_value': None, 'change': True}
2020-10-05 08:10:50,588 : EventManager : Event: ======'machine_var_audits_switches_s_plunger'====== Args={'value': 575, 'prev_value': None, 'change': True}
2020-10-05 08:10:50,589 : EventManager : Event: ======'machine_var_audits_switches_s_popBumper_1'====== Args={'value': 464, 'prev_value': None, 'change': True}
2020-10-05 08:10:50,589 : EventManager : Event: ======'machine_var_audits_switches_s_popBumper_2'====== Args={'value': 440, 'prev_value': None, 'change': True}
2020-10-05 08:10:50,590 : EventManager : Event: ======'machine_var_audits_switches_s_popBumper_3'====== Args={'value': 164, 'prev_value': None, 'change': True}
2020-10-05 08:10:50,591 : EventManager : Event: ======'machine_var_audits_switches_s_pop_bumper1'====== Args={'value': 120, 'prev_value': None, 'change': True}
2020-10-05 08:10:50,592 : EventManager : Event: ======'machine_var_audits_switches_s_pop_bumper2'====== Args={'value': 153, 'prev_value': None, 'change': True}
2020-10-05 08:10:50,592 : EventManager : Event: ======'machine_var_audits_switches_s_pop_bumper3'====== Args={'value': 100, 'prev_value': None, 'change': True}
2020-10-05 08:10:50,604 : EventManager : Event: ======'machine_var_audits_switches_s_right_flipper'====== Args={'value': 217, 'prev_value': None, 'change': True}
2020-10-05 08:10:50,604 : EventManager : Event: ======'machine_var_audits_switches_s_sling_L'====== Args={'value': 0, 'prev_value': None, 'change': True}
2020-10-05 08:10:50,606 : EventManager : Event: ======'machine_var_audits_switches_s_sling_R'====== Args={'value': 0, 'prev_value': None, 'change': True}
2020-10-05 08:10:50,607 : EventManager : Event: ======'machine_var_audits_switches_s_soul_L'====== Args={'value': 225, 'prev_value': None, 'change': True}
2020-10-05 08:10:50,607 : EventManager : Event: ======'machine_var_audits_switches_s_soul_O'====== Args={'value': 236, 'prev_value': None, 'change': True}
2020-10-05 08:10:50,607 : EventManager : Event: ======'machine_var_audits_switches_s_soul_S'====== Args={'value': 263, 'prev_value': None, 'change': True}
2020-10-05 08:10:50,607 : EventManager : Event: ======'machine_var_audits_switches_s_soul_U'====== Args={'value': 227, 'prev_value': None, 'change': True}
2020-10-05 08:10:50,608 : EventManager : Event: ======'machine_var_audits_switches_s_standUp_1'====== Args={'value': 0, 'prev_value': None, 'change': True}
2020-10-05 08:10:50,608 : EventManager : Event: ======'machine_var_audits_switches_s_standUp_2'====== Args={'value': 0, 'prev_value': None, 'change': True}
2020-10-05 08:10:50,608 : EventManager : Event: ======'machine_var_audits_switches_s_standUp_3'====== Args={'value': 0, 'prev_value': None, 'change': True}
2020-10-05 08:10:50,609 : EventManager : Event: ======'machine_var_audits_switches_s_standUp_R'====== Args={'value': 0, 'prev_value': None, 'change': True}
2020-10-05 08:10:50,609 : EventManager : Event: ======'machine_var_audits_switches_s_star_1'====== Args={'value': 0, 'prev_value': None, 'change': True}
2020-10-05 08:10:50,609 : EventManager : Event: ======'machine_var_audits_switches_s_star_2'====== Args={'value': 0, 'prev_value': None, 'change': True}
2020-10-05 08:10:50,610 : EventManager : Event: ======'machine_var_audits_switches_s_star_3'====== Args={'value': 0, 'prev_value': None, 'change': True}
2020-10-05 08:10:50,610 : EventManager : Event: ======'machine_var_audits_switches_s_start'====== Args={'value': 68, 'prev_value': None, 'change': True}
2020-10-05 08:10:50,610 : EventManager : Event: ======'machine_var_audits_switches_s_tilt'====== Args={'value': 0, 'prev_value': None, 'change': True}
2020-10-05 08:10:50,611 : EventManager : Event: ======'machine_var_audits_switches_s_trough1'====== Args={'value': 514, 'prev_value': None, 'change': True}
2020-10-05 08:10:50,611 : EventManager : Event: ======'machine_var_audits_switches_s_trough2'====== Args={'value': 72, 'prev_value': None, 'change': True}
2020-10-05 08:10:50,611 : EventManager : Event: ======'machine_var_audits_switches_s_trough_jam'====== Args={'value': 13, 'prev_value': None, 'change': True}
2020-10-05 08:10:50,642 : EventManager : Event: ======'slides_play'====== Args={'settings': {'welcome_slide': {'target': None, 'background_color': [0.0, 0.0, 0.0, 1.0], 'priority': None, 'show': True, 'force': False, 'expire': None, 'slide': None, 'tokens': {}, 'action': 'play'}}, 'context': '_global', 'calling_context': 'init_done', 'priority': 0}
2020-10-05 08:10:50,643 : EventManager : Event: ======'mc_reset_phase_1'====== Args={}
2020-10-05 08:10:50,643 : mpfmc : SlidePlayer: Play called with settings={'welcome_slide': {'target': None, 'background_color': [0.0, 0.0, 0.0, 1.0], 'priority': None, 'show': True, 'force': False, 'expire': None, 'slide': None, 'tokens': {}, 'action': 'play'}}
2020-10-05 08:10:50,645 : EventManager : Event: ======'slide_welcome_slide_removed'====== Args={}
2020-10-05 08:10:50,649 : EventManager : Event: ======'slide_welcome_slide_created'====== Args={}
2020-10-05 08:10:50,650 : EventManager : Event: ======'mc_reset_phase_2'====== Args={}
2020-10-05 08:10:50,651 : EventManager : Event: ======'mc_reset_phase_3'====== Args={}
2020-10-05 08:10:50,651 : EventManager : Event: ======'mc_reset_complete'====== Args={}
2020-10-05 08:10:50,652 : EventManager : Event: ======'slide_welcome_slide_active'====== Args={}
2020-10-05 08:10:50,665 : EventManager : Event: ======'slides_play'====== Args={'settings': {'awesome_slide': {'widgets': [{'type': 'text', 'text': 'Cuphead Pinball', 'font_size': 50, '_default_settings': ['type', 'text', 'font_size'], 'x': None, 'y': None, 'anchor_x': 'center', 'anchor_y': 'center', 'round_anchor_x': None, 'round_anchor_y': None, 'opacity': 1.0, 'z': 0, 'reset_animations_events': {}, 'color': [1.0, 1.0, 1.0, 1.0], 'style': [], 'adjust_top': 0, 'adjust_bottom': 0, 'adjust_left': 0, 'adjust_right': 0, 'expire': None, 'key': None, 'widget': None, 'events_when_added': [], 'events_when_removed': [], 'bitmap_font': False, 'font_kerning': True, 'bold': False, 'italic': False, 'number_grouping': False, 'min_digits': 0, 'halign': 'center', 'valign': 'middle', 'rotation': 0, 'scale': 1.0, 'casing': None, 'animations': None}], 'transition': {'type': 'push', 'duration': 1.0, 'direction': 'left', 'easing': 'out_quad'}, 'target': None, 'background_color': [0.0, 0.0, 0.0, 1.0], 'priority': None, 'show': True, 'force': False, 'expire': None, 'slide': None, 'tokens': {}, 'action': 'play'}}, 'context': 'show_1', 'calling_context': 0, 'priority': 10, 'show_tokens': {}, 'start_time': 481493.937}
2020-10-05 08:10:50,666 : EventManager : Event: ======'sounds_play'====== Args={'settings': {'attract_music': {'loops': -1, 'mode_end_action': 'stop', 'priority': None, 'action': 'play', 'track': None, 'volume': None, 'pan': None, 'start_at': None, 'fade_in': None, 'fade_out': None, 'about_to_finish_time': -1.0, 'max_queue_time': -1.0, 'events_when_played': ['use_sound_setting'], 'events_when_stopped': ['use_sound_setting'], 'events_when_looping': ['use_sound_setting'], 'events_when_about_to_finish': ['use_sound_setting'], 'key': 'use_sound_setting'}}, 'context': 'attract', 'calling_context': 'mode_attract_started', 'priority': 10}
2020-10-05 08:10:50,666 : mpfmc : SlidePlayer: Play called with settings={'awesome_slide': {'widgets': [{'type': 'text', 'text': 'Cuphead Pinball', 'font_size': 50, '_default_settings': ['type', 'text', 'font_size'], 'x': None, 'y': None, 'anchor_x': 'center', 'anchor_y': 'center', 'round_anchor_x': None, 'round_anchor_y': None, 'opacity': 1.0, 'z': 0, 'reset_animations_events': {}, 'color': [1.0, 1.0, 1.0, 1.0], 'style': [], 'adjust_top': 0, 'adjust_bottom': 0, 'adjust_left': 0, 'adjust_right': 0, 'expire': None, 'key': None, 'widget': None, 'events_when_added': [], 'events_when_removed': [], 'bitmap_font': False, 'font_kerning': True, 'bold': False, 'italic': False, 'number_grouping': False, 'min_digits': 0, 'halign': 'center', 'valign': 'middle', 'rotation': 0, 'scale': 1.0, 'casing': None, 'animations': None}], 'transition': {'type': 'push', 'duration': 1.0, 'direction': 'left', 'easing': 'out_quad'}, 'target': None, 'background_color': [0.0, 0.0, 0.0, 1.0], 'priority': None, 'show': True, 'force': False, 'expire': None, 'slide': None, 'tokens': {}, 'action': 'play'}}
2020-10-05 08:10:50,677 : EventManager : Event: ======'slide_awesome_slide_created'====== Args={}
2020-10-05 08:10:50,681 : EventManager : Event: ======'slide_awesome_slide_active'====== Args={}
2020-10-05 08:10:52,563 : EventManager : Event: ======'game_started'====== Args={}
2020-10-05 08:10:52,563 : EventManager : Event: ======'slides_clear'====== Args={'context': 'show_1'}
2020-10-05 08:10:52,564 : EventManager : Event: ======'sounds_clear'====== Args={'context': 'attract'}
2020-10-05 08:10:52,579 : EventManager : Event: ======'slide_awesome_slide_removed'====== Args={}
2020-10-05 08:10:52,580 : EventManager : Event: ======'slide_welcome_slide_active'====== Args={}
2020-10-05 08:10:52,651 : EventManager : Event: ======'player_added'====== Args={'player': <Player 1>, 'num': 1}
2020-10-05 08:10:52,652 : EventManager : Event: ======'player_index'====== Args={'value': 0, 'prev_value': 0, 'change': 0, 'player_num': 1}
2020-10-05 08:10:52,652 : EventManager : Event: ======'player_number'====== Args={'value': 1, 'prev_value': 1, 'change': 0, 'player_num': 1}
2020-10-05 08:10:52,652 : EventManager : Event: ======'player_score'====== Args={'value': 0, 'prev_value': 0, 'change': 0, 'player_num': 1}
2020-10-05 08:10:52,652 : EventManager : Event: ======'player_bonus_multiplier'====== Args={'value': 1, 'prev_value': 0, 'change': 1, 'player_num': 1}
2020-10-05 08:10:52,652 : EventManager : Event: ======'player_contracts'====== Args={'value': 0, 'prev_value': 0, 'change': 0, 'player_num': 1}
2020-10-05 08:10:52,653 : EventManager : Event: ======'player_ball'====== Args={'value': 1, 'prev_value': 0, 'change': 1, 'player_num': 1}
2020-10-05 08:10:52,653 : EventManager : Event: ======'player_turn_start'====== Args={'number': 1, 'player': <Player 1>}
2020-10-05 08:10:52,717 : EventManager : Event: ======'player_shot_soul_S_enabled'====== Args={'value': True, 'prev_value': 0, 'change': 1, 'player_num': 1}
2020-10-05 08:10:52,718 : EventManager : Event: ======'player_shot_soul_O_enabled'====== Args={'value': True, 'prev_value': 0, 'change': 1, 'player_num': 1}
2020-10-05 08:10:52,718 : EventManager : Event: ======'player_shot_soul_U_enabled'====== Args={'value': True, 'prev_value': 0, 'change': 1, 'player_num': 1}
2020-10-05 08:10:52,718 : EventManager : Event: ======'player_shot_soul_L_enabled'====== Args={'value': True, 'prev_value': 0, 'change': 1, 'player_num': 1}
2020-10-05 08:10:52,719 : EventManager : Event: ======'sounds_play'====== Args={'settings': {'poolCupHeadBase': {'loops': -1, 'priority': None, 'action': 'play', 'track': None, 'volume': None, 'pan': None, 'start_at': None, 'fade_in': None, 'fade_out': None, 'about_to_finish_time': -1.0, 'max_queue_time': -1.0, 'events_when_played': ['use_sound_setting'], 'events_when_stopped': ['use_sound_setting'], 'events_when_looping': ['use_sound_setting'], 'events_when_about_to_finish': ['use_sound_setting'], 'mode_end_action': 'use_sound_setting', 'key': 'use_sound_setting'}}, 'context': 'base', 'calling_context': 'mode_base_started', 'priority': 100, 'queue': '<QueuedEvent>', 'player': 1, 'ball': 1, 'balls_remaining': 4, 'is_extra_ball': False}
2020-10-05 08:10:52,719 : EventManager : Event: ======'slides_play'====== Args={'settings': {'widgets': {'widgets': [{'type': 'text', 'text': '(score)', 'number_grouping': True, 'min_digits': 2, 'font_size': 100, '_default_settings': ['type', 'text', 'number_grouping', 'min_digits', 'font_size'], 'x': None, 'y': None, 'anchor_x': 'center', 'anchor_y': 'center', 'round_anchor_x': None, 'round_anchor_y': None, 'opacity': 1.0, 'z': 0, 'reset_animations_events': {}, 'color': [1.0, 1.0, 1.0, 1.0], 'style': [], 'adjust_top': 0, 'adjust_bottom': 0, 'adjust_left': 0, 'adjust_right': 0, 'expire': None, 'key': None, 'widget': None, 'events_when_added': [], 'events_when_removed': [], 'bitmap_font': False, 'font_kerning': True, 'bold': False, 'italic': False, 'halign': 'center', 'valign': 'middle', 'rotation': 0, 'scale': 1.0, 'casing': None, 'animations': None}, {'type': 'text', 'text': 'Player (player)', 'y': '10', 'x': '10', 'font_size': 30, 'anchor_x': 'left', 'anchor_y': 'bottom', '_default_settings': ['type', 'text', 'y', 'x', 'font_size', 'anchor_x', 'anchor_y'], 'round_anchor_x': None, 'round_anchor_y': None, 'opacity': 1.0, 'z': 0, 'reset_animations_events': {}, 'color': [1.0, 1.0, 1.0, 1.0], 'style': [], 'adjust_top': 0, 'adjust_bottom': 0, 'adjust_left': 0, 'adjust_right': 0, 'expire': None, 'key': None, 'widget': None, 'events_when_added': [], 'events_when_removed': [], 'bitmap_font': False, 'font_kerning': True, 'bold': False, 'italic': False, 'number_grouping': False, 'min_digits': 0, 'halign': 'center', 'valign': 'middle', 'rotation': 0, 'scale': 1.0, 'casing': None, 'animations': None}, {'type': 'text', 'text': 'BALL (ball) (bonus_multiplier)', 'y': '10', 'x': 'right-10', 'anchor_x': 'right', 'anchor_y': 'bottom', 'font_size': 50, '_default_settings': ['type', 'text', 'y', 'x', 'anchor_x', 'anchor_y', 'font_size'], 'round_anchor_x': None, 'round_anchor_y': None, 'opacity': 1.0, 'z': 0, 'reset_animations_events': {}, 'color': [1.0, 1.0, 1.0, 1.0], 'style': [], 'adjust_top': 0, 'adjust_bottom': 0, 'adjust_left': 0, 'adjust_right': 0, 'expire': None, 'key': None, 'widget': None, 'events_when_added': [], 'events_when_removed': [], 'bitmap_font': False, 'font_kerning': True, 'bold': False, 'italic': False, 'number_grouping': False, 'min_digits': 0, 'halign': 'center', 'valign': 'middle', 'rotation': 0, 'scale': 1.0, 'casing': None, 'animations': None}], 'target': None, 'background_color': [0.0, 0.0, 0.0, 1.0], 'priority': None, 'show': True, 'force': False, 'expire': None, 'slide': None, 'tokens': {}, 'action': 'play'}}, 'context': 'base', 'calling_context': 'mode_base_started', 'priority': 100, 'queue': '<QueuedEvent>', 'player': 1, 'ball': 1, 'balls_remaining': 4, 'is_extra_ball': False}
2020-10-05 08:10:52,720 : mpfmc : SlidePlayer: Play called with settings={'widgets': {'widgets': [{'type': 'text', 'text': '(score)', 'number_grouping': True, 'min_digits': 2, 'font_size': 100, '_default_settings': ['type', 'text', 'number_grouping', 'min_digits', 'font_size'], 'x': None, 'y': None, 'anchor_x': 'center', 'anchor_y': 'center', 'round_anchor_x': None, 'round_anchor_y': None, 'opacity': 1.0, 'z': 0, 'reset_animations_events': {}, 'color': [1.0, 1.0, 1.0, 1.0], 'style': [], 'adjust_top': 0, 'adjust_bottom': 0, 'adjust_left': 0, 'adjust_right': 0, 'expire': None, 'key': None, 'widget': None, 'events_when_added': [], 'events_when_removed': [], 'bitmap_font': False, 'font_kerning': True, 'bold': False, 'italic': False, 'halign': 'center', 'valign': 'middle', 'rotation': 0, 'scale': 1.0, 'casing': None, 'animations': None}, {'type': 'text', 'text': 'Player (player)', 'y': '10', 'x': '10', 'font_size': 30, 'anchor_x': 'left', 'anchor_y': 'bottom', '_default_settings': ['type', 'text', 'y', 'x', 'font_size', 'anchor_x', 'anchor_y'], 'round_anchor_x': None, 'round_anchor_y': None, 'opacity': 1.0, 'z': 0, 'reset_animations_events': {}, 'color': [1.0, 1.0, 1.0, 1.0], 'style': [], 'adjust_top': 0, 'adjust_bottom': 0, 'adjust_left': 0, 'adjust_right': 0, 'expire': None, 'key': None, 'widget': None, 'events_when_added': [], 'events_when_removed': [], 'bitmap_font': False, 'font_kerning': True, 'bold': False, 'italic': False, 'number_grouping': False, 'min_digits': 0, 'halign': 'center', 'valign': 'middle', 'rotation': 0, 'scale': 1.0, 'casing': None, 'animations': None}, {'type': 'text', 'text': 'BALL (ball) (bonus_multiplier)', 'y': '10', 'x': 'right-10', 'anchor_x': 'right', 'anchor_y': 'bottom', 'font_size': 50, '_default_settings': ['type', 'text', 'y', 'x', 'anchor_x', 'anchor_y', 'font_size'], 'round_anchor_x': None, 'round_anchor_y': None, 'opacity': 1.0, 'z': 0, 'reset_animations_events': {}, 'color': [1.0, 1.0, 1.0, 1.0], 'style': [], 'adjust_top': 0, 'adjust_bottom': 0, 'adjust_left': 0, 'adjust_right': 0, 'expire': None, 'key': None, 'widget': None, 'events_when_added': [], 'events_when_removed': [], 'bitmap_font': False, 'font_kerning': True, 'bold': False, 'italic': False, 'number_grouping': False, 'min_digits': 0, 'halign': 'center', 'valign': 'middle', 'rotation': 0, 'scale': 1.0, 'casing': None, 'animations': None}], 'target': None, 'background_color': [0.0, 0.0, 0.0, 1.0], 'priority': None, 'show': True, 'force': False, 'expire': None, 'slide': None, 'tokens': {}, 'action': 'play'}}
2020-10-05 08:10:52,735 : EventManager : Event: ======'slide_base.slide_player-mode_base_started_created'====== Args={}
2020-10-05 08:10:52,741 : EventManager : Event: ======'slide_base.slide_player-mode_base_started_active'====== Args={}
2020-10-05 08:10:52,790 : EventManager : Event: ======'player_bonus_multiplier'====== Args={'value': 0, 'prev_value': 1, 'change': -1, 'player_num': 1}
2020-10-05 08:10:52,790 : EventManager : Event: ======'widgets_play'====== Args={'settings': {'soul_lanes_banner': {'priority': 0, 'slide': None, 'action': 'add', 'key': None, 'target': None}}, 'context': 'soulLanes', 'calling_context': 'mode_soulLanes_started', 'priority': 110, 'player': 1, 'ball': 1, 'balls_remaining': 4, 'is_extra_ball': False}
2020-10-05 08:10:52,791 : EventManager : Event: ======'widgets_play'====== Args={'settings': {'contracts_banner': {'priority': 0, 'slide': None, 'action': 'add', 'key': None, 'target': None}}, 'context': 'base', 'calling_context': 'mode_soulLanes_started', 'priority': 100, 'player': 1, 'ball': 1, 'balls_remaining': 4, 'is_extra_ball': False}
2020-10-05 08:10:52,969 : EventManager : Event: ======'machine_var_audits_switches_s_plunger'====== Args={'value': 576, 'prev_value': 575, 'change': 1}
2020-10-05 08:10:55,118 : EventManager : Event: ======'machine_var_audits_switches_s_soul_S'====== Args={'value': 264, 'prev_value': 263, 'change': 1}
2020-10-05 08:10:55,119 : EventManager : Event: ======'player_shot_soul_S'====== Args={'value': 1, 'prev_value': 0, 'change': 1, 'player_num': 1}
2020-10-05 08:10:55,119 : EventManager : Event: ======'machine_var_audits_shots_soul_S'====== Args={'value': 264, 'prev_value': 263, 'change': 1}
2020-10-05 08:10:55,119 : EventManager : Event: ======'player_score'====== Args={'value': 10, 'prev_value': 0, 'change': 10, 'player_num': 1}
2020-10-05 08:10:55,750 : EventManager : Event: ======'machine_var_audits_switches_s_soul_O'====== Args={'value': 237, 'prev_value': 236, 'change': 1}
2020-10-05 08:10:55,750 : EventManager : Event: ======'player_shot_soul_O'====== Args={'value': 1, 'prev_value': 0, 'change': 1, 'player_num': 1}
2020-10-05 08:10:55,750 : EventManager : Event: ======'machine_var_audits_shots_soul_O'====== Args={'value': 232, 'prev_value': 231, 'change': 1}
2020-10-05 08:10:55,750 : EventManager : Event: ======'player_score'====== Args={'value': 20, 'prev_value': 10, 'change': 10, 'player_num': 1}
2020-10-05 08:10:56,477 : EventManager : Event: ======'machine_var_audits_switches_s_soul_U'====== Args={'value': 228, 'prev_value': 227, 'change': 1}
2020-10-05 08:10:56,477 : EventManager : Event: ======'player_shot_soul_U'====== Args={'value': 1, 'prev_value': 0, 'change': 1, 'player_num': 1}
2020-10-05 08:10:56,477 : EventManager : Event: ======'machine_var_audits_shots_soul_U'====== Args={'value': 228, 'prev_value': 227, 'change': 1}
2020-10-05 08:10:56,477 : EventManager : Event: ======'player_score'====== Args={'value': 30, 'prev_value': 20, 'change': 10, 'player_num': 1}
2020-10-05 08:10:57,198 : EventManager : Event: ======'machine_var_audits_switches_s_soul_L'====== Args={'value': 226, 'prev_value': 225, 'change': 1}
2020-10-05 08:10:57,198 : EventManager : Event: ======'player_shot_soul_L'====== Args={'value': 1, 'prev_value': 0, 'change': 1, 'player_num': 1}
2020-10-05 08:10:57,198 : EventManager : Event: ======'machine_var_audits_shots_soul_L'====== Args={'value': 225, 'prev_value': 224, 'change': 1}
2020-10-05 08:10:57,199 : EventManager : Event: ======'player_score'====== Args={'value': 40, 'prev_value': 30, 'change': 10, 'player_num': 1}
2020-10-05 08:10:57,206 : EventManager : Event: ======'player_bonus_multiplier'====== Args={'value': 1, 'prev_value': 0, 'change': 1, 'player_num': 1}
2020-10-05 08:10:58,192 : EventManager : Event: ======'player_shot_soul_S'====== Args={'value': 0, 'prev_value': 1, 'change': -1, 'player_num': 1}
2020-10-05 08:10:58,204 : EventManager : Event: ======'player_shot_soul_O'====== Args={'value': 0, 'prev_value': 1, 'change': -1, 'player_num': 1}
2020-10-05 08:10:58,204 : EventManager : Event: ======'player_shot_soul_U'====== Args={'value': 0, 'prev_value': 1, 'change': -1, 'player_num': 1}
2020-10-05 08:10:58,205 : EventManager : Event: ======'player_shot_soul_L'====== Args={'value': 0, 'prev_value': 1, 'change': -1, 'player_num': 1}
2020-10-05 08:10:58,626 : EventManager : Event: ======'machine_var_audits_switches_s_soul_S'====== Args={'value': 265, 'prev_value': 264, 'change': 1}
2020-10-05 08:10:58,626 : EventManager : Event: ======'player_shot_soul_S'====== Args={'value': 1, 'prev_value': 0, 'change': 1, 'player_num': 1}
2020-10-05 08:10:58,628 : EventManager : Event: ======'machine_var_audits_shots_soul_S'====== Args={'value': 265, 'prev_value': 264, 'change': 1}
2020-10-05 08:10:58,628 : EventManager : Event: ======'player_score'====== Args={'value': 50, 'prev_value': 40, 'change': 10, 'player_num': 1}
2020-10-05 08:10:58,969 : EventManager : Event: ======'machine_var_audits_switches_s_soul_O'====== Args={'value': 238, 'prev_value': 237, 'change': 1}
2020-10-05 08:10:58,969 : EventManager : Event: ======'player_shot_soul_O'====== Args={'value': 1, 'prev_value': 0, 'change': 1, 'player_num': 1}
2020-10-05 08:10:58,969 : EventManager : Event: ======'machine_var_audits_shots_soul_O'====== Args={'value': 233, 'prev_value': 232, 'change': 1}
2020-10-05 08:10:58,969 : EventManager : Event: ======'player_score'====== Args={'value': 60, 'prev_value': 50, 'change': 10, 'player_num': 1}
2020-10-05 08:10:59,226 : EventManager : Event: ======'machine_var_audits_switches_s_soul_U'====== Args={'value': 229, 'prev_value': 228, 'change': 1}
2020-10-05 08:10:59,226 : EventManager : Event: ======'player_shot_soul_U'====== Args={'value': 1, 'prev_value': 0, 'change': 1, 'player_num': 1}
2020-10-05 08:10:59,226 : EventManager : Event: ======'machine_var_audits_shots_soul_U'====== Args={'value': 229, 'prev_value': 228, 'change': 1}
2020-10-05 08:10:59,226 : EventManager : Event: ======'player_score'====== Args={'value': 70, 'prev_value': 60, 'change': 10, 'player_num': 1}
2020-10-05 08:10:59,576 : EventManager : Event: ======'machine_var_audits_switches_s_soul_L'====== Args={'value': 227, 'prev_value': 226, 'change': 1}
2020-10-05 08:10:59,576 : EventManager : Event: ======'player_shot_soul_L'====== Args={'value': 1, 'prev_value': 0, 'change': 1, 'player_num': 1}
2020-10-05 08:10:59,576 : EventManager : Event: ======'machine_var_audits_shots_soul_L'====== Args={'value': 226, 'prev_value': 225, 'change': 1}
2020-10-05 08:10:59,577 : EventManager : Event: ======'player_score'====== Args={'value': 80, 'prev_value': 70, 'change': 10, 'player_num': 1}
2020-10-05 08:10:59,584 : EventManager : Event: ======'player_score'====== Args={'value': 1080, 'prev_value': 80, 'change': 1000, 'player_num': 1}
2020-10-05 08:10:59,584 : EventManager : Event: ======'player_bonus_multiplier'====== Args={'value': 2, 'prev_value': 1, 'change': 1, 'player_num': 1}
2020-10-05 08:11:00,166 : EventManager : Event: ======'machine_var_audits_switches_s_soul_S'====== Args={'value': 266, 'prev_value': 265, 'change': 1}
2020-10-05 08:11:00,166 : EventManager : Event: ======'machine_var_audits_shots_soul_S'====== Args={'value': 266, 'prev_value': 265, 'change': 1}
2020-10-05 08:11:00,166 : EventManager : Event: ======'player_score'====== Args={'value': 1090, 'prev_value': 1080, 'change': 10, 'player_num': 1}
2020-10-05 08:11:00,395 : EventManager : Event: ======'machine_var_audits_switches_s_soul_O'====== Args={'value': 239, 'prev_value': 238, 'change': 1}
2020-10-05 08:11:00,396 : EventManager : Event: ======'machine_var_audits_shots_soul_O'====== Args={'value': 234, 'prev_value': 233, 'change': 1}
2020-10-05 08:11:00,396 : EventManager : Event: ======'player_score'====== Args={'value': 1100, 'prev_value': 1090, 'change': 10, 'player_num': 1}
2020-10-05 08:11:00,602 : EventManager : Event: ======'player_shot_soul_S'====== Args={'value': 0, 'prev_value': 1, 'change': -1, 'player_num': 1}
2020-10-05 08:11:00,602 : EventManager : Event: ======'player_shot_soul_O'====== Args={'value': 0, 'prev_value': 1, 'change': -1, 'player_num': 1}
2020-10-05 08:11:00,603 : EventManager : Event: ======'player_shot_soul_U'====== Args={'value': 0, 'prev_value': 1, 'change': -1, 'player_num': 1}
2020-10-05 08:11:00,603 : EventManager : Event: ======'player_shot_soul_L'====== Args={'value': 0, 'prev_value': 1, 'change': -1, 'player_num': 1}
2020-10-05 08:11:00,689 : EventManager : Event: ======'machine_var_audits_switches_s_soul_U'====== Args={'value': 230, 'prev_value': 229, 'change': 1}
2020-10-05 08:11:00,690 : EventManager : Event: ======'player_shot_soul_U'====== Args={'value': 1, 'prev_value': 0, 'change': 1, 'player_num': 1}
2020-10-05 08:11:00,690 : EventManager : Event: ======'machine_var_audits_shots_soul_U'====== Args={'value': 230, 'prev_value': 229, 'change': 1}
2020-10-05 08:11:00,690 : EventManager : Event: ======'player_score'====== Args={'value': 1110, 'prev_value': 1100, 'change': 10, 'player_num': 1}
2020-10-05 08:11:01,115 : EventManager : Event: ======'machine_var_audits_switches_s_soul_L'====== Args={'value': 228, 'prev_value': 227, 'change': 1}
2020-10-05 08:11:01,115 : EventManager : Event: ======'player_shot_soul_L'====== Args={'value': 1, 'prev_value': 0, 'change': 1, 'player_num': 1}
2020-10-05 08:11:01,116 : EventManager : Event: ======'machine_var_audits_shots_soul_L'====== Args={'value': 227, 'prev_value': 226, 'change': 1}
2020-10-05 08:11:01,117 : EventManager : Event: ======'player_score'====== Args={'value': 1120, 'prev_value': 1110, 'change': 10, 'player_num': 1}
2020-10-05 08:11:02,259 : EventManager : Event: ======'machine_var_audits_switches_s_soul_L'====== Args={'value': 229, 'prev_value': 228, 'change': 1}
2020-10-05 08:11:02,259 : EventManager : Event: ======'machine_var_audits_shots_soul_L'====== Args={'value': 228, 'prev_value': 227, 'change': 1}
2020-10-05 08:11:02,260 : EventManager : Event: ======'player_score'====== Args={'value': 1130, 'prev_value': 1120, 'change': 10, 'player_num': 1}
2020-10-05 08:11:02,793 : EventManager : Event: ======'machine_var_audits_switches_s_soul_S'====== Args={'value': 267, 'prev_value': 266, 'change': 1}
2020-10-05 08:11:02,794 : EventManager : Event: ======'player_shot_soul_S'====== Args={'value': 1, 'prev_value': 0, 'change': 1, 'player_num': 1}
2020-10-05 08:11:02,794 : EventManager : Event: ======'machine_var_audits_shots_soul_S'====== Args={'value': 267, 'prev_value': 266, 'change': 1}
2020-10-05 08:11:02,796 : EventManager : Event: ======'player_score'====== Args={'value': 1140, 'prev_value': 1130, 'change': 10, 'player_num': 1}
2020-10-05 08:11:03,511 : EventManager : Event: ======'machine_var_audits_switches_s_soul_O'====== Args={'value': 240, 'prev_value': 239, 'change': 1}
2020-10-05 08:11:03,511 : EventManager : Event: ======'player_shot_soul_O'====== Args={'value': 1, 'prev_value': 0, 'change': 1, 'player_num': 1}
2020-10-05 08:11:03,511 : EventManager : Event: ======'machine_var_audits_shots_soul_O'====== Args={'value': 235, 'prev_value': 234, 'change': 1}
2020-10-05 08:11:03,512 : EventManager : Event: ======'player_score'====== Args={'value': 1150, 'prev_value': 1140, 'change': 10, 'player_num': 1}
2020-10-05 08:11:03,512 : EventManager : Event: ======'player_score'====== Args={'value': 3150, 'prev_value': 1150, 'change': 2000, 'player_num': 1}
2020-10-05 08:11:03,512 : EventManager : Event: ======'player_bonus_multiplier'====== Args={'value': 3, 'prev_value': 2, 'change': 1, 'player_num': 1}
2020-10-05 08:11:04,520 : EventManager : Event: ======'player_shot_soul_S'====== Args={'value': 0, 'prev_value': 1, 'change': -1, 'player_num': 1}
2020-10-05 08:11:04,520 : EventManager : Event: ======'player_shot_soul_O'====== Args={'value': 0, 'prev_value': 1, 'change': -1, 'player_num': 1}
2020-10-05 08:11:04,521 : EventManager : Event: ======'player_shot_soul_U'====== Args={'value': 0, 'prev_value': 1, 'change': -1, 'player_num': 1}
2020-10-05 08:11:04,532 : EventManager : Event: ======'player_shot_soul_L'====== Args={'value': 0, 'prev_value': 1, 'change': -1, 'player_num': 1}
2020-10-05 08:11:07,170 : EventManager : Event: ======'machine_var_audits_switches_s_trough1'====== Args={'value': 515, 'prev_value': 514, 'change': 1}
2020-10-05 08:11:07,684 : EventManager : Event: ======'sounds_clear'====== Args={'context': 'base'}
2020-10-05 08:11:07,684 : EventManager : Event: ======'widgets_clear'====== Args={'context': 'base'}
2020-10-05 08:11:07,686 : EventManager : Event: ======'slides_clear'====== Args={'context': 'base'}
2020-10-05 08:11:07,689 : EventManager : Event: ======'slide_base.slide_player-mode_base_started_removed'====== Args={}
2020-10-05 08:11:07,721 : EventManager : Event: ======'widgets_clear'====== Args={'context': 'soulLanes'}
2020-10-05 08:11:07,722 : EventManager : Event: ======'slide_welcome_slide_active'====== Args={}
2020-10-05 08:11:07,786 : EventManager : Event: ======'player_ball'====== Args={'value': 2, 'prev_value': 1, 'change': 1, 'player_num': 1}
2020-10-05 08:11:07,841 : EventManager : Event: ======'sounds_play'====== Args={'settings': {'poolCupHeadBase': {'loops': -1, 'priority': None, 'action': 'play', 'track': None, 'volume': None, 'pan': None, 'start_at': None, 'fade_in': None, 'fade_out': None, 'about_to_finish_time': -1.0, 'max_queue_time': -1.0, 'events_when_played': ['use_sound_setting'], 'events_when_stopped': ['use_sound_setting'], 'events_when_looping': ['use_sound_setting'], 'events_when_about_to_finish': ['use_sound_setting'], 'mode_end_action': 'use_sound_setting', 'key': 'use_sound_setting'}}, 'context': 'base', 'calling_context': 'mode_base_started', 'priority': 100, 'queue': '<QueuedEvent>', 'player': 1, 'ball': 2, 'balls_remaining': 3, 'is_extra_ball': False}
2020-10-05 08:11:07,841 : EventManager : Event: ======'slides_play'====== Args={'settings': {'widgets': {'widgets': [{'type': 'text', 'text': '(score)', 'number_grouping': True, 'min_digits': 2, 'font_size': 100, '_default_settings': ['type', 'text', 'number_grouping', 'min_digits', 'font_size'], 'x': None, 'y': None, 'anchor_x': 'center', 'anchor_y': 'center', 'round_anchor_x': None, 'round_anchor_y': None, 'opacity': 1.0, 'z': 0, 'reset_animations_events': {}, 'color': [1.0, 1.0, 1.0, 1.0], 'style': [], 'adjust_top': 0, 'adjust_bottom': 0, 'adjust_left': 0, 'adjust_right': 0, 'expire': None, 'key': None, 'widget': None, 'events_when_added': [], 'events_when_removed': [], 'bitmap_font': False, 'font_kerning': True, 'bold': False, 'italic': False, 'halign': 'center', 'valign': 'middle', 'rotation': 0, 'scale': 1.0, 'casing': None, 'animations': None}, {'type': 'text', 'text': 'Player (player)', 'y': '10', 'x': '10', 'font_size': 30, 'anchor_x': 'left', 'anchor_y': 'bottom', '_default_settings': ['type', 'text', 'y', 'x', 'font_size', 'anchor_x', 'anchor_y'], 'round_anchor_x': None, 'round_anchor_y': None, 'opacity': 1.0, 'z': 0, 'reset_animations_events': {}, 'color': [1.0, 1.0, 1.0, 1.0], 'style': [], 'adjust_top': 0, 'adjust_bottom': 0, 'adjust_left': 0, 'adjust_right': 0, 'expire': None, 'key': None, 'widget': None, 'events_when_added': [], 'events_when_removed': [], 'bitmap_font': False, 'font_kerning': True, 'bold': False, 'italic': False, 'number_grouping': False, 'min_digits': 0, 'halign': 'center', 'valign': 'middle', 'rotation': 0, 'scale': 1.0, 'casing': None, 'animations': None}, {'type': 'text', 'text': 'BALL (ball) (bonus_multiplier)', 'y': '10', 'x': 'right-10', 'anchor_x': 'right', 'anchor_y': 'bottom', 'font_size': 50, '_default_settings': ['type', 'text', 'y', 'x', 'anchor_x', 'anchor_y', 'font_size'], 'round_anchor_x': None, 'round_anchor_y': None, 'opacity': 1.0, 'z': 0, 'reset_animations_events': {}, 'color': [1.0, 1.0, 1.0, 1.0], 'style': [], 'adjust_top': 0, 'adjust_bottom': 0, 'adjust_left': 0, 'adjust_right': 0, 'expire': None, 'key': None, 'widget': None, 'events_when_added': [], 'events_when_removed': [], 'bitmap_font': False, 'font_kerning': True, 'bold': False, 'italic': False, 'number_grouping': False, 'min_digits': 0, 'halign': 'center', 'valign': 'middle', 'rotation': 0, 'scale': 1.0, 'casing': None, 'animations': None}], 'target': None, 'background_color': [0.0, 0.0, 0.0, 1.0], 'priority': None, 'show': True, 'force': False, 'expire': None, 'slide': None, 'tokens': {}, 'action': 'play'}}, 'context': 'base', 'calling_context': 'mode_base_started', 'priority': 100, 'queue': '<QueuedEvent>', 'player': 1, 'ball': 2, 'balls_remaining': 3, 'is_extra_ball': False}
2020-10-05 08:11:07,842 : mpfmc : SlidePlayer: Play called with settings={'widgets': {'widgets': [{'type': 'text', 'text': '(score)', 'number_grouping': True, 'min_digits': 2, 'font_size': 100, '_default_settings': ['type', 'text', 'number_grouping', 'min_digits', 'font_size'], 'x': None, 'y': None, 'anchor_x': 'center', 'anchor_y': 'center', 'round_anchor_x': None, 'round_anchor_y': None, 'opacity': 1.0, 'z': 0, 'reset_animations_events': {}, 'color': [1.0, 1.0, 1.0, 1.0], 'style': [], 'adjust_top': 0, 'adjust_bottom': 0, 'adjust_left': 0, 'adjust_right': 0, 'expire': None, 'key': None, 'widget': None, 'events_when_added': [], 'events_when_removed': [], 'bitmap_font': False, 'font_kerning': True, 'bold': False, 'italic': False, 'halign': 'center', 'valign': 'middle', 'rotation': 0, 'scale': 1.0, 'casing': None, 'animations': None}, {'type': 'text', 'text': 'Player (player)', 'y': '10', 'x': '10', 'font_size': 30, 'anchor_x': 'left', 'anchor_y': 'bottom', '_default_settings': ['type', 'text', 'y', 'x', 'font_size', 'anchor_x', 'anchor_y'], 'round_anchor_x': None, 'round_anchor_y': None, 'opacity': 1.0, 'z': 0, 'reset_animations_events': {}, 'color': [1.0, 1.0, 1.0, 1.0], 'style': [], 'adjust_top': 0, 'adjust_bottom': 0, 'adjust_left': 0, 'adjust_right': 0, 'expire': None, 'key': None, 'widget': None, 'events_when_added': [], 'events_when_removed': [], 'bitmap_font': False, 'font_kerning': True, 'bold': False, 'italic': False, 'number_grouping': False, 'min_digits': 0, 'halign': 'center', 'valign': 'middle', 'rotation': 0, 'scale': 1.0, 'casing': None, 'animations': None}, {'type': 'text', 'text': 'BALL (ball) (bonus_multiplier)', 'y': '10', 'x': 'right-10', 'anchor_x': 'right', 'anchor_y': 'bottom', 'font_size': 50, '_default_settings': ['type', 'text', 'y', 'x', 'anchor_x', 'anchor_y', 'font_size'], 'round_anchor_x': None, 'round_anchor_y': None, 'opacity': 1.0, 'z': 0, 'reset_animations_events': {}, 'color': [1.0, 1.0, 1.0, 1.0], 'style': [], 'adjust_top': 0, 'adjust_bottom': 0, 'adjust_left': 0, 'adjust_right': 0, 'expire': None, 'key': None, 'widget': None, 'events_when_added': [], 'events_when_removed': [], 'bitmap_font': False, 'font_kerning': True, 'bold': False, 'italic': False, 'number_grouping': False, 'min_digits': 0, 'halign': 'center', 'valign': 'middle', 'rotation': 0, 'scale': 1.0, 'casing': None, 'animations': None}], 'target': None, 'background_color': [0.0, 0.0, 0.0, 1.0], 'priority': None, 'show': True, 'force': False, 'expire': None, 'slide': None, 'tokens': {}, 'action': 'play'}}
2020-10-05 08:11:07,856 : EventManager : Event: ======'slide_base.slide_player-mode_base_started_created'====== Args={}
2020-10-05 08:11:07,861 : EventManager : Event: ======'slide_base.slide_player-mode_base_started_active'====== Args={}
2020-10-05 08:11:07,947 : EventManager : Event: ======'player_bonus_multiplier'====== Args={'value': 0, 'prev_value': 3, 'change': -3, 'player_num': 1}
2020-10-05 08:11:07,948 : EventManager : Event: ======'widgets_play'====== Args={'settings': {'soul_lanes_banner': {'priority': 0, 'slide': None, 'action': 'add', 'key': None, 'target': None}}, 'context': 'soulLanes', 'calling_context': 'mode_soulLanes_started', 'priority': 110, 'player': 1, 'ball': 2, 'balls_remaining': 3, 'is_extra_ball': False}
2020-10-05 08:11:07,949 : EventManager : Event: ======'widgets_play'====== Args={'settings': {'contracts_banner': {'priority': 0, 'slide': None, 'action': 'add', 'key': None, 'target': None}}, 'context': 'base', 'calling_context': 'mode_soulLanes_started', 'priority': 100, 'player': 1, 'ball': 2, 'balls_remaining': 3, 'is_extra_ball': False}
2020-10-05 08:11:09,504 : EventManager : Event: ======'machine_var_audits_switches_s_soul_S'====== Args={'value': 268, 'prev_value': 267, 'change': 1}
2020-10-05 08:11:09,504 : EventManager : Event: ======'player_shot_soul_S'====== Args={'value': 1, 'prev_value': 0, 'change': 1, 'player_num': 1}
2020-10-05 08:11:09,517 : EventManager : Event: ======'machine_var_audits_shots_soul_S'====== Args={'value': 268, 'prev_value': 267, 'change': 1}
2020-10-05 08:11:09,560 : EventManager : Event: ======'player_score'====== Args={'value': 3160, 'prev_value': 3150, 'change': 10, 'player_num': 1}
2020-10-05 08:11:09,886 : EventManager : Event: ======'machine_var_audits_switches_s_soul_O'====== Args={'value': 241, 'prev_value': 240, 'change': 1}
2020-10-05 08:11:09,886 : EventManager : Event: ======'player_shot_soul_O'====== Args={'value': 1, 'prev_value': 0, 'change': 1, 'player_num': 1}
2020-10-05 08:11:09,887 : EventManager : Event: ======'machine_var_audits_shots_soul_O'====== Args={'value': 236, 'prev_value': 235, 'change': 1}
2020-10-05 08:11:09,887 : EventManager : Event: ======'player_score'====== Args={'value': 3170, 'prev_value': 3160, 'change': 10, 'player_num': 1}
2020-10-05 08:11:10,142 : EventManager : Event: ======'machine_var_audits_switches_s_soul_U'====== Args={'value': 231, 'prev_value': 230, 'change': 1}
2020-10-05 08:11:10,142 : EventManager : Event: ======'player_shot_soul_U'====== Args={'value': 1, 'prev_value': 0, 'change': 1, 'player_num': 1}
2020-10-05 08:11:10,142 : EventManager : Event: ======'machine_var_audits_shots_soul_U'====== Args={'value': 231, 'prev_value': 230, 'change': 1}
2020-10-05 08:11:10,142 : EventManager : Event: ======'player_score'====== Args={'value': 3180, 'prev_value': 3170, 'change': 10, 'player_num': 1}
2020-10-05 08:11:10,616 : EventManager : Event: ======'machine_var_audits_switches_s_soul_L'====== Args={'value': 230, 'prev_value': 229, 'change': 1}
2020-10-05 08:11:10,616 : EventManager : Event: ======'player_shot_soul_L'====== Args={'value': 1, 'prev_value': 0, 'change': 1, 'player_num': 1}
2020-10-05 08:11:10,617 : EventManager : Event: ======'machine_var_audits_shots_soul_L'====== Args={'value': 229, 'prev_value': 228, 'change': 1}
2020-10-05 08:11:10,617 : EventManager : Event: ======'player_score'====== Args={'value': 3190, 'prev_value': 3180, 'change': 10, 'player_num': 1}
2020-10-05 08:11:10,624 : EventManager : Event: ======'player_bonus_multiplier'====== Args={'value': 1, 'prev_value': 0, 'change': 1, 'player_num': 1}
2020-10-05 08:11:11,406 : EventManager : Event: ======'machine_var_audits_switches_s_soul_S'====== Args={'value': 269, 'prev_value': 268, 'change': 1}
2020-10-05 08:11:11,406 : EventManager : Event: ======'machine_var_audits_shots_soul_S'====== Args={'value': 269, 'prev_value': 268, 'change': 1}
2020-10-05 08:11:11,406 : EventManager : Event: ======'player_score'====== Args={'value': 3200, 'prev_value': 3190, 'change': 10, 'player_num': 1}
2020-10-05 08:11:11,620 : EventManager : Event: ======'player_shot_soul_S'====== Args={'value': 0, 'prev_value': 1, 'change': -1, 'player_num': 1}
2020-10-05 08:11:11,620 : EventManager : Event: ======'player_shot_soul_O'====== Args={'value': 0, 'prev_value': 1, 'change': -1, 'player_num': 1}
2020-10-05 08:11:11,620 : EventManager : Event: ======'player_shot_soul_U'====== Args={'value': 0, 'prev_value': 1, 'change': -1, 'player_num': 1}
2020-10-05 08:11:11,620 : EventManager : Event: ======'player_shot_soul_L'====== Args={'value': 0, 'prev_value': 1, 'change': -1, 'player_num': 1}
2020-10-05 08:11:11,994 : EventManager : Event: ======'machine_var_audits_switches_s_soul_O'====== Args={'value': 242, 'prev_value': 241, 'change': 1}
2020-10-05 08:11:11,994 : EventManager : Event: ======'player_shot_soul_O'====== Args={'value': 1, 'prev_value': 0, 'change': 1, 'player_num': 1}
2020-10-05 08:11:11,994 : EventManager : Event: ======'machine_var_audits_shots_soul_O'====== Args={'value': 237, 'prev_value': 236, 'change': 1}
2020-10-05 08:11:11,996 : EventManager : Event: ======'player_score'====== Args={'value': 3210, 'prev_value': 3200, 'change': 10, 'player_num': 1}
2020-10-05 08:11:12,231 : EventManager : Event: ======'machine_var_audits_switches_s_soul_U'====== Args={'value': 232, 'prev_value': 231, 'change': 1}
2020-10-05 08:11:12,231 : EventManager : Event: ======'player_shot_soul_U'====== Args={'value': 1, 'prev_value': 0, 'change': 1, 'player_num': 1}
2020-10-05 08:11:12,231 : EventManager : Event: ======'machine_var_audits_shots_soul_U'====== Args={'value': 232, 'prev_value': 231, 'change': 1}
2020-10-05 08:11:12,232 : EventManager : Event: ======'player_score'====== Args={'value': 3220, 'prev_value': 3210, 'change': 10, 'player_num': 1}
2020-10-05 08:11:12,531 : EventManager : Event: ======'machine_var_audits_switches_s_soul_L'====== Args={'value': 231, 'prev_value': 230, 'change': 1}
2020-10-05 08:11:12,531 : EventManager : Event: ======'player_shot_soul_L'====== Args={'value': 1, 'prev_value': 0, 'change': 1, 'player_num': 1}
2020-10-05 08:11:12,531 : EventManager : Event: ======'machine_var_audits_shots_soul_L'====== Args={'value': 230, 'prev_value': 229, 'change': 1}
2020-10-05 08:11:12,531 : EventManager : Event: ======'player_score'====== Args={'value': 3230, 'prev_value': 3220, 'change': 10, 'player_num': 1}
2020-10-05 08:11:45,130 : EventManager : Event: ======'machine_var_audits_switches_s_soul_S'====== Args={'value': 270, 'prev_value': 269, 'change': 1}
2020-10-05 08:11:45,130 : EventManager : Event: ======'player_shot_soul_S'====== Args={'value': 1, 'prev_value': 0, 'change': 1, 'player_num': 1}
2020-10-05 08:11:45,130 : EventManager : Event: ======'machine_var_audits_shots_soul_S'====== Args={'value': 270, 'prev_value': 269, 'change': 1}
2020-10-05 08:11:45,130 : EventManager : Event: ======'player_score'====== Args={'value': 3240, 'prev_value': 3230, 'change': 10, 'player_num': 1}
2020-10-05 08:11:45,131 : EventManager : Event: ======'player_score'====== Args={'value': 4240, 'prev_value': 3240, 'change': 1000, 'player_num': 1}
2020-10-05 08:11:45,132 : EventManager : Event: ======'player_bonus_multiplier'====== Args={'value': 2, 'prev_value': 1, 'change': 1, 'player_num': 1}
2020-10-05 08:11:46,090 : EventManager : Event: ======'player_shot_soul_S'====== Args={'value': 0, 'prev_value': 1, 'change': -1, 'player_num': 1}
2020-10-05 08:11:46,091 : EventManager : Event: ======'player_shot_soul_O'====== Args={'value': 0, 'prev_value': 1, 'change': -1, 'player_num': 1}
2020-10-05 08:11:46,091 : EventManager : Event: ======'player_shot_soul_U'====== Args={'value': 0, 'prev_value': 1, 'change': -1, 'player_num': 1}
2020-10-05 08:11:46,091 : EventManager : Event: ======'player_shot_soul_L'====== Args={'value': 0, 'prev_value': 1, 'change': -1, 'player_num': 1}
2020-10-05 08:11:48,833 : EventManager : Event: ======'machine_var_audits_switches_s_soul_L'====== Args={'value': 232, 'prev_value': 231, 'change': 1}
2020-10-05 08:11:48,833 : EventManager : Event: ======'player_shot_soul_L'====== Args={'value': 1, 'prev_value': 0, 'change': 1, 'player_num': 1}
2020-10-05 08:11:48,875 : EventManager : Event: ======'machine_var_audits_shots_soul_L'====== Args={'value': 231, 'prev_value': 230, 'change': 1}
2020-10-05 08:11:48,876 : EventManager : Event: ======'player_score'====== Args={'value': 4250, 'prev_value': 4240, 'change': 10, 'player_num': 1}
2020-10-05 08:11:51,582 : EventManager : Event: ======'machine_var_audits_switches_s_soul_U'====== Args={'value': 233, 'prev_value': 232, 'change': 1}
2020-10-05 08:11:51,583 : EventManager : Event: ======'player_shot_soul_U'====== Args={'value': 1, 'prev_value': 0, 'change': 1, 'player_num': 1}
2020-10-05 08:11:51,583 : EventManager : Event: ======'machine_var_audits_shots_soul_U'====== Args={'value': 233, 'prev_value': 232, 'change': 1}
2020-10-05 08:11:51,583 : EventManager : Event: ======'player_score'====== Args={'value': 4260, 'prev_value': 4250, 'change': 10, 'player_num': 1}
2020-10-05 08:11:52,736 : EventManager : Event: ======'machine_var_audits_switches_s_soul_O'====== Args={'value': 243, 'prev_value': 242, 'change': 1}
2020-10-05 08:11:52,736 : EventManager : Event: ======'player_shot_soul_O'====== Args={'value': 1, 'prev_value': 0, 'change': 1, 'player_num': 1}
2020-10-05 08:11:52,737 : EventManager : Event: ======'machine_var_audits_shots_soul_O'====== Args={'value': 238, 'prev_value': 237, 'change': 1}
2020-10-05 08:11:52,737 : EventManager : Event: ======'player_score'====== Args={'value': 4270, 'prev_value': 4260, 'change': 10, 'player_num': 1}
2020-10-05 08:11:54,531 : EventManager : Event: ======'machine_var_audits_switches_s_soul_S'====== Args={'value': 271, 'prev_value': 270, 'change': 1}
2020-10-05 08:11:54,532 : EventManager : Event: ======'player_shot_soul_S'====== Args={'value': 1, 'prev_value': 0, 'change': 1, 'player_num': 1}
2020-10-05 08:11:54,532 : EventManager : Event: ======'machine_var_audits_shots_soul_S'====== Args={'value': 271, 'prev_value': 270, 'change': 1}
2020-10-05 08:11:54,585 : EventManager : Event: ======'player_score'====== Args={'value': 4280, 'prev_value': 4270, 'change': 10, 'player_num': 1}
2020-10-05 08:11:54,586 : EventManager : Event: ======'player_score'====== Args={'value': 6280, 'prev_value': 4280, 'change': 2000, 'player_num': 1}
2020-10-05 08:11:54,590 : EventManager : Event: ======'player_bonus_multiplier'====== Args={'value': 3, 'prev_value': 2, 'change': 1, 'player_num': 1}
2020-10-05 08:11:55,570 : EventManager : Event: ======'player_shot_soul_S'====== Args={'value': 0, 'prev_value': 1, 'change': -1, 'player_num': 1}
2020-10-05 08:11:55,571 : EventManager : Event: ======'player_shot_soul_O'====== Args={'value': 0, 'prev_value': 1, 'change': -1, 'player_num': 1}
2020-10-05 08:11:55,572 : EventManager : Event: ======'player_shot_soul_U'====== Args={'value': 0, 'prev_value': 1, 'change': -1, 'player_num': 1}
2020-10-05 08:11:55,572 : EventManager : Event: ======'player_shot_soul_L'====== Args={'value': 0, 'prev_value': 1, 'change': -1, 'player_num': 1}
2020-10-05 08:11:56,860 : EventManager : Event: ======'machine_var_audits_switches_s_dt_C'====== Args={'value': 83, 'prev_value': 82, 'change': 1}
2020-10-05 08:11:56,872 : EventManager : Event: ======'player_score'====== Args={'value': 6380, 'prev_value': 6280, 'change': 100, 'player_num': 1}
2020-10-05 08:11:56,989 : EventManager : Event: ======'machine_var_audits_switches_s_dt_C'====== Args={'value': 84, 'prev_value': 83, 'change': 1}
2020-10-05 08:11:56,990 : EventManager : Event: ======'player_score'====== Args={'value': 6480, 'prev_value': 6380, 'change': 100, 'player_num': 1}
2020-10-05 08:11:57,833 : EventManager : Event: ======'machine_var_audits_switches_s_dt_C'====== Args={'value': 85, 'prev_value': 84, 'change': 1}
2020-10-05 08:11:57,833 : EventManager : Event: ======'player_score'====== Args={'value': 6580, 'prev_value': 6480, 'change': 100, 'player_num': 1}
2020-10-05 08:12:01,018 : EventManager : Event: ======'machine_var_audits_switches_s_dt_U'====== Args={'value': 74, 'prev_value': 73, 'change': 1}
2020-10-05 08:12:01,023 : EventManager : Event: ======'player_score'====== Args={'value': 6680, 'prev_value': 6580, 'change': 100, 'player_num': 1}
2020-10-05 08:12:02,620 : EventManager : Event: ======'machine_var_audits_switches_s_dt_P'====== Args={'value': 66, 'prev_value': 65, 'change': 1}
2020-10-05 08:12:02,620 : EventManager : Event: ======'player_score'====== Args={'value': 6780, 'prev_value': 6680, 'change': 100, 'player_num': 1}
2020-10-05 08:12:02,621 : EventManager : Event: ======'player_score'====== Args={'value': 7113, 'prev_value': 6780, 'change': 333, 'player_num': 1}
2020-10-05 08:12:02,622 : EventManager : Event: ======'player_contracts'====== Args={'value': 1, 'prev_value': 0, 'change': 1, 'player_num': 1}
2020-10-05 08:12:06,313 : EventManager : Event: ======'machine_var_audits_switches_s_dt_C'====== Args={'value': 86, 'prev_value': 85, 'change': 1}
2020-10-05 08:12:06,351 : EventManager : Event: ======'player_score'====== Args={'value': 7213, 'prev_value': 7113, 'change': 100, 'player_num': 1}
2020-10-05 08:12:08,329 : EventManager : Event: ======'machine_var_audits_switches_s_dt_U'====== Args={'value': 75, 'prev_value': 74, 'change': 1}
2020-10-05 08:12:08,330 : EventManager : Event: ======'player_score'====== Args={'value': 7313, 'prev_value': 7213, 'change': 100, 'player_num': 1}
2020-10-05 08:12:09,781 : EventManager : Event: ======'machine_var_audits_switches_s_dt_P'====== Args={'value': 67, 'prev_value': 66, 'change': 1}
2020-10-05 08:12:09,880 : EventManager : Event: ======'player_score'====== Args={'value': 7413, 'prev_value': 7313, 'change': 100, 'player_num': 1}
2020-10-05 08:12:09,880 : EventManager : Event: ======'player_score'====== Args={'value': 7746, 'prev_value': 7413, 'change': 333, 'player_num': 1}
2020-10-05 08:12:09,881 : EventManager : Event: ======'player_contracts'====== Args={'value': 2, 'prev_value': 1, 'change': 1, 'player_num': 1}
2020-10-05 08:12:14,079 : EventManager : Event: ======'machine_var_audits_switches_s_dt_C'====== Args={'value': 87, 'prev_value': 86, 'change': 1}
2020-10-05 08:12:14,079 : EventManager : Event: ======'player_score'====== Args={'value': 7846, 'prev_value': 7746, 'change': 100, 'player_num': 1}
2020-10-05 08:12:16,114 : EventManager : Event: ======'machine_var_audits_switches_s_dt_U'====== Args={'value': 76, 'prev_value': 75, 'change': 1}
2020-10-05 08:12:16,126 : EventManager : Event: ======'player_score'====== Args={'value': 7946, 'prev_value': 7846, 'change': 100, 'player_num': 1}
2020-10-05 08:12:19,001 : EventManager : Event: ======'machine_var_audits_switches_s_dt_P'====== Args={'value': 68, 'prev_value': 67, 'change': 1}
2020-10-05 08:12:19,051 : EventManager : Event: ======'player_score'====== Args={'value': 8046, 'prev_value': 7946, 'change': 100, 'player_num': 1}
2020-10-05 08:12:19,051 : EventManager : Event: ======'player_score'====== Args={'value': 8379, 'prev_value': 8046, 'change': 333, 'player_num': 1}
2020-10-05 08:12:19,051 : EventManager : Event: ======'player_contracts'====== Args={'value': 3, 'prev_value': 2, 'change': 1, 'player_num': 1}
2020-10-05 08:12:26,177 : EventManager : Event: ======'machine_var_audits_switches_s_trough1'====== Args={'value': 516, 'prev_value': 515, 'change': 1}
2020-10-05 08:12:36,953 : kivy : Base: Leaving application in progress...
2020-10-05 08:12:37,219 : kivy : WindowSDL: exiting mainloop and closing.
2020-10-05 08:12:37,246 : mpfmc : Stopping...
2020-10-05 08:12:37,246 : EventManager : Event: ======'shutdown'====== Args={}
2020-10-05 08:12:37,246 : mpfmc : Loop rate 70.69 Hz
2020-10-05 08:12:37,246 : kivy : MC run loop ended.
2020-10-05 08:12:37,246 : kivy : Stopping child threads... (3 remaining)
2020-10-05 08:12:37,480 : mpfmc : Stopping...
2020-10-05 08:12:37,480 : EventManager : Event: ======'shutdown'====== Args={}
2020-10-05 08:12:37,480 : mpfmc : Loop rate 70.55 Hz
2020-10-05 08:12:37,496 : MPF-MC BCP Server : Stopping BCP sending thread
2020-10-05 08:12:37,793 : kivy : All child threads stopped.
