2020-10-06 15:46:36,695 : INFO : root : Loading config.
2020-10-06 15:46:36,695 : INFO : YamlMultifileConfigLoader : Machine config file #1: config.yaml
2020-10-06 15:46:36,695 : INFO : ConfigProcessor : Loading config from cache: C:\Users\themi\AppData\Local\Temp\2b6ef079982d662fef43bd5e7e2d4708.mpf_cache
2020-10-06 15:46:36,913 : INFO : ConfigProcessor : Loading config from cache: C:\Users\themi\AppData\Local\Temp\89b9c5cb952cce9fc74d723399719cc6.mpf_cache
2020-10-06 15:46:36,913 : INFO : ConfigProcessor : Loading config from cache: C:\Users\themi\AppData\Local\Temp\4fcecb70f81c3c2fefb8e65ae9a0af5f.mpf_cache
2020-10-06 15:46:36,913 : INFO : ConfigProcessor : Loading config from cache: C:\Users\themi\AppData\Local\Temp\5820a65357aa32f3082a694bbd0b1b93.mpf_cache
2020-10-06 15:46:36,913 : WARNING : ConfigProcessor : Config file in cache changed: c:\GitHub\Cuphead\modes\soulLanes\config\soulLanes.yaml
2020-10-06 15:46:36,913 : INFO : ConfigProcessor : Loading config from file c:\GitHub\Cuphead\modes\soulLanes\config\soulLanes.yaml.
2020-10-06 15:46:36,960 : INFO : ConfigProcessor : Loading config: c:\GitHub\Cuphead\modes\soulLanes\config\soulLanes.yaml
2020-10-06 15:46:36,960 : INFO : ConfigProcessor : Config file cache created: C:\Users\themi\AppData\Local\Temp\2f1df67e0c6599f893aeb5468bc976f9.mpf_cache
2020-10-06 15:46:36,960 : INFO : ConfigProcessor : Loading config from cache: C:\Users\themi\AppData\Local\Temp\3e28196fea866bd961d93515ab5c664b.mpf_cache
2020-10-06 15:46:36,960 : INFO : ConfigProcessor : Loading config from cache: C:\Users\themi\AppData\Local\Temp\893c92602cb79b5461df4ae912d665e0.mpf_cache
2020-10-06 15:46:36,960 : INFO : ConfigProcessor : Loading config from cache: C:\Users\themi\AppData\Local\Temp\15cb35af48ef2b73a1399ecc64f542cf.mpf_cache
2020-10-06 15:46:36,960 : INFO : ConfigProcessor : Loading config from cache: C:\Users\themi\AppData\Local\Temp\8f78dc3447c1c9fe6775dbe5408c12e9.mpf_cache
2020-10-06 15:46:36,976 : INFO : ConfigProcessor : Loading config from cache: C:\Users\themi\AppData\Local\Temp\459e0fbd95aa261661d4ec522fde7178.mpf_cache
2020-10-06 15:46:36,976 : INFO : ConfigProcessor : Loading config from cache: C:\Users\themi\AppData\Local\Temp\bc011c11c9e34bbd89eedfa08565ed62.mpf_cache
2020-10-06 15:46:36,976 : INFO : ConfigProcessor : Loading config from cache: C:\Users\themi\AppData\Local\Temp\6f009ec52b9ccf4b89f291e4051b3241.mpf_cache
2020-10-06 15:46:36,976 : INFO : ConfigProcessor : Loading config from cache: C:\Users\themi\AppData\Local\Temp\c2ce7139d0aaca9aa552320269b3f50d.mpf_cache
2020-10-06 15:46:36,976 : INFO : ConfigProcessor : Loading config from cache: C:\Users\themi\AppData\Local\Temp\2b7bf9166be80f4b554569a332b23de4.mpf_cache
2020-10-06 15:46:36,976 : INFO : ConfigProcessor : Loading config from cache: C:\Users\themi\AppData\Local\Temp\c546e3aedc6779039624162d0203f540.mpf_cache
2020-10-06 15:46:36,976 : INFO : ConfigProcessor : Loading config from cache: C:\Users\themi\AppData\Local\Temp\abdfe7fa7b37a4a193490f565dc0597d.mpf_cache
2020-10-06 15:46:36,976 : INFO : ConfigProcessor : Loading config from cache: C:\Users\themi\AppData\Local\Temp\4342b421d288ce5a4483067739b72cdd.mpf_cache
2020-10-06 15:46:36,976 : INFO : ConfigProcessor : Loading config from cache: C:\Users\themi\AppData\Local\Temp\368aa16bb3be9e41d99a527245060f83.mpf_cache
2020-10-06 15:46:36,976 : INFO : ConfigProcessor : Loading config from cache: C:\Users\themi\AppData\Local\Temp\d0e012eb2507157abb0bb72425aaf5b2.mpf_cache
2020-10-06 15:46:36,976 : INFO : ConfigProcessor : Loading config from cache: C:\Users\themi\AppData\Local\Temp\0f1b51b912b71211c13fe22b9a37b50a.mpf_cache
2020-10-06 15:46:36,976 : INFO : ConfigProcessor : Loading config from cache: C:\Users\themi\AppData\Local\Temp\10ee2574e78165e598e7a995071a74cc.mpf_cache
2020-10-06 15:46:36,976 : INFO : ConfigProcessor : Loading config from cache: C:\Users\themi\AppData\Local\Temp\a266cad92e011305e896e67dddfd4a6c.mpf_cache
2020-10-06 15:46:36,992 : INFO : ConfigProcessor : Loading config from cache: C:\Users\themi\AppData\Local\Temp\7ee3e0eba3dedef43a01da4ffa491384.mpf_cache
2020-10-06 15:46:36,992 : INFO : ConfigProcessor : Loading config from cache: C:\Users\themi\AppData\Local\Temp\13fd6d25ddf06daef684ee2be33938b7.mpf_cache
2020-10-06 15:46:36,992 : INFO : ConfigProcessor : Loading config from cache: C:\Users\themi\AppData\Local\Temp\0b0cb9dce530fd5533b52f679ba6d4c7.mpf_cache
2020-10-06 15:46:36,992 : INFO : ConfigProcessor : Loading config from cache: C:\Users\themi\AppData\Local\Temp\6448a7490ccbbf7c92ae3827fedf65d7.mpf_cache
2020-10-06 15:46:36,992 : INFO : ConfigProcessor : Loading config from cache: C:\Users\themi\AppData\Local\Temp\cbfe20b556c038913af5118889400ccc.mpf_cache
2020-10-06 15:46:36,992 : INFO : ConfigProcessor : Loading config from cache: C:\Users\themi\AppData\Local\Temp\db00c3dd6414ff9cfb2bf542763a8a69.mpf_cache
2020-10-06 15:46:36,992 : INFO : ConfigProcessor : Loading config from cache: C:\Users\themi\AppData\Local\Temp\1fa5e27674b4aa7d98e43b722406aa74.mpf_cache
2020-10-06 15:46:36,992 : INFO : ConfigProcessor : Loading config from cache: C:\Users\themi\AppData\Local\Temp\5883b660032b5311c8838643c5c4f04e.mpf_cache
2020-10-06 15:46:36,992 : INFO : ConfigProcessor : Loading config from cache: C:\Users\themi\AppData\Local\Temp\49716d4cb57f232d2d55ea4b85c0bf9a.mpf_cache
2020-10-06 15:46:36,992 : INFO : ConfigProcessor : Loading config from cache: C:\Users\themi\AppData\Local\Temp\02d9d2d34f4e72c61edea96a1832348d.mpf_cache
2020-10-06 15:46:37,007 : INFO : ConfigProcessor : Loading config from cache: C:\Users\themi\AppData\Local\Temp\75ddffbe1d195e10645833a8c787820e.mpf_cache
2020-10-06 15:46:37,007 : INFO : ConfigProcessor : Loading config from cache: C:\Users\themi\AppData\Local\Temp\383ac4b0678bf6b0edc3780467155495.mpf_cache
2020-10-06 15:46:37,007 : INFO : Machine : Mission Pinball Framework Core Engine v0.54.0-dev.72
2020-10-06 15:46:37,007 : INFO : Machine : Command line arguments: {'no_load_cache': False, 'create_config_cache': True, 'bcp': True, 'configfile': ['config.yaml'], 'force_assets_load': False, 'jsonlogging': False, 'logfile': 'logs\\2020-10-06-15-46-36-mpf-LAPTOP-C39PEUFD.log', 'pause': False, 'production': False, 'text_ui': True, 'loglevel': 15, 'consoleloglevel': 20, 'force_platform': 'smart_virtual', 'syslog_address': None, 'mc_file_name': None, 'no_sound': False}
2020-10-06 15:46:37,007 : INFO : Machine : MPF path: c:\users\themi\appdata\local\programs\python\python36\lib\site-packages\mpf
2020-10-06 15:46:37,007 : INFO : Machine : Machine path: c:\GitHub\Cuphead
2020-10-06 15:46:37,007 : INFO : Machine : Platform: win32
2020-10-06 15:46:37,007 : INFO : Machine : Python executable location: c:\users\themi\appdata\local\programs\python\python36\python.exe
2020-10-06 15:46:37,007 : INFO : Machine : Python version: 3.6.4 (64-bit)
2020-10-06 15:46:37,007 : INFO : Machine : Initialise MPF.
2020-10-06 15:46:37,554 : INFO : EventManager : Event: ======'machine_var_credits_string'====== Args={'value': 'FREE PLAY', 'prev_value': None, 'change': True}
2020-10-06 15:46:37,679 : INFO : EventManager : Event: ======'machine_var_player1_score'====== Args={'value': 52810, 'prev_value': None, 'change': True}
2020-10-06 15:46:37,679 : INFO : EventManager : Event: ======'machine_var_mpf_version'====== Args={'value': 'MPF v0.54.0-dev.72', 'prev_value': None, 'change': True}
2020-10-06 15:46:37,679 : INFO : EventManager : Event: ======'machine_var_mpf_extended_version'====== Args={'value': 'MPF v0.54.0-dev.72, Config version:5, Show version: 5, BCP version:1.1', 'prev_value': None, 'change': True}
2020-10-06 15:46:37,679 : INFO : EventManager : Event: ======'machine_var_python_version'====== Args={'value': '3.6.4', 'prev_value': None, 'change': True}
2020-10-06 15:46:37,679 : INFO : EventManager : Event: ======'machine_var_platform'====== Args={'value': 'Windows-10-10.0.18362-SP0', 'prev_value': None, 'change': True}
2020-10-06 15:46:37,679 : INFO : EventManager : Event: ======'machine_var_platform_system'====== Args={'value': 'Windows', 'prev_value': None, 'change': True}
2020-10-06 15:46:37,679 : INFO : EventManager : Event: ======'machine_var_platform_release'====== Args={'value': '10', 'prev_value': None, 'change': True}
2020-10-06 15:46:37,679 : INFO : EventManager : Event: ======'machine_var_platform_version'====== Args={'value': '10.0.18362', 'prev_value': None, 'change': True}
2020-10-06 15:46:37,679 : INFO : EventManager : Event: ======'machine_var_platform_machine'====== Args={'value': 'AMD64', 'prev_value': None, 'change': True}
2020-10-06 15:46:37,679 : INFO : EventManager : Event: ======'init_phase_1'====== Args={}
2020-10-06 15:46:37,883 : INFO : EventManager : Event: ======'drop_target_bank_cup_bank_up'====== Args={}
2020-10-06 15:46:37,883 : INFO : EventManager : Event: ======'drop_target_bank_mug_bank_up'====== Args={}
2020-10-06 15:46:37,883 : INFO : EventManager : Event: ======'init_phase_2'====== Args={}
2020-10-06 15:46:37,883 : INFO : SwitchController : Found active switch: ('2', <Platform.SmartVirtual>)
2020-10-06 15:46:37,883 : INFO : SwitchController : Found active switch: ('3', <Platform.SmartVirtual>)
2020-10-06 15:46:37,898 : INFO : EventManager : Event: ======'bcp_connection_attempt'====== Args={'name': 'local_display', 'host': 'localhost', 'port': 5050}
2020-10-06 15:46:37,898 : INFO : BCPClientSocket : Connecting BCP to 'local_display' at localhost:5050...
2020-10-06 15:46:50,162 : INFO : BCPClientSocket : Connected BCP to 'local_display' localhost:5050
2020-10-06 15:46:50,162 : INFO : EventManager : Event: ======'bcp_clients_connected'====== Args={}
2020-10-06 15:46:50,179 : INFO : EventManager : Event: ======'machine_var_mc_version'====== Args={'value': 'MPF-MC v0.54.0-dev.20', 'prev_value': None, 'change': True}
2020-10-06 15:46:50,179 : INFO : EventManager : Event: ======'machine_var_mc_extended_version'====== Args={'value': 'MPF-MC v0.54.0-dev.20 (config_version=5, BCP v1.1, Requires MPF v0.54.0-dev.68)', 'prev_value': None, 'change': True}
2020-10-06 15:46:50,182 : INFO : EventManager : Event: ======'machine_var_master_volume'====== Args={'value': 0.5, 'prev_value': None, 'change': True}
2020-10-06 15:46:50,212 : INFO : ball_device.bd_trough : State: idle
2020-10-06 15:46:50,213 : INFO : ball_device.bd_plunger : State: idle
2020-10-06 15:46:50,250 : INFO : EventManager : Event: ======'init_phase_3'====== Args={}
2020-10-06 15:46:50,268 : INFO : EventManager : Event: ======'init_phase_4'====== Args={}
2020-10-06 15:46:50,270 : INFO : EventManager : Event: ======'machine_var_audits_events_game_ended'====== Args={'value': 21, 'prev_value': None, 'change': True}
2020-10-06 15:46:50,271 : INFO : EventManager : Event: ======'machine_var_audits_events_game_started'====== Args={'value': 40, 'prev_value': None, 'change': True}
2020-10-06 15:46:50,271 : INFO : EventManager : Event: ======'machine_var_audits_player_score'====== Args={'value': {'average': 530.4761904761905, 'top': [2970, 1300, 1220, 980, 880, 780, 720, 710, 630, 590], 'total': 21}, 'prev_value': None, 'change': True}
2020-10-06 15:46:50,272 : INFO : EventManager : Event: ======'machine_var_audits_shots_soul_L'====== Args={'value': 363, 'prev_value': None, 'change': True}
2020-10-06 15:46:50,273 : INFO : EventManager : Event: ======'machine_var_audits_shots_soul_O'====== Args={'value': 369, 'prev_value': None, 'change': True}
2020-10-06 15:46:50,274 : INFO : EventManager : Event: ======'machine_var_audits_shots_soul_S'====== Args={'value': 404, 'prev_value': None, 'change': True}
2020-10-06 15:46:50,275 : INFO : EventManager : Event: ======'machine_var_audits_shots_soul_U'====== Args={'value': 366, 'prev_value': None, 'change': True}
2020-10-06 15:46:50,275 : INFO : EventManager : Event: ======'machine_var_audits_switches_s_coin'====== Args={'value': 21, 'prev_value': None, 'change': True}
2020-10-06 15:46:50,276 : INFO : EventManager : Event: ======'machine_var_audits_switches_s_dash_L'====== Args={'value': 0, 'prev_value': None, 'change': True}
2020-10-06 15:46:50,277 : INFO : EventManager : Event: ======'machine_var_audits_switches_s_dash_R'====== Args={'value': 0, 'prev_value': None, 'change': True}
2020-10-06 15:46:50,278 : INFO : EventManager : Event: ======'machine_var_audits_switches_s_dtSling_L'====== Args={'value': 0, 'prev_value': None, 'change': True}
2020-10-06 15:46:50,278 : INFO : EventManager : Event: ======'machine_var_audits_switches_s_dtSling_R'====== Args={'value': 0, 'prev_value': None, 'change': True}
2020-10-06 15:46:50,279 : INFO : EventManager : Event: ======'machine_var_audits_switches_s_dt_C'====== Args={'value': 263, 'prev_value': None, 'change': True}
2020-10-06 15:46:50,280 : INFO : EventManager : Event: ======'machine_var_audits_switches_s_dt_G'====== Args={'value': 68, 'prev_value': None, 'change': True}
2020-10-06 15:46:50,281 : INFO : EventManager : Event: ======'machine_var_audits_switches_s_dt_M'====== Args={'value': 69, 'prev_value': None, 'change': True}
2020-10-06 15:46:50,281 : INFO : EventManager : Event: ======'machine_var_audits_switches_s_dt_P'====== Args={'value': 238, 'prev_value': None, 'change': True}
2020-10-06 15:46:50,282 : INFO : EventManager : Event: ======'machine_var_audits_switches_s_dt_U'====== Args={'value': 253, 'prev_value': None, 'change': True}
2020-10-06 15:46:50,284 : INFO : EventManager : Event: ======'machine_var_audits_switches_s_dt_U2'====== Args={'value': 61, 'prev_value': None, 'change': True}
2020-10-06 15:46:50,284 : INFO : EventManager : Event: ======'machine_var_audits_switches_s_exit_shooter_lane'====== Args={'value': 426, 'prev_value': None, 'change': True}
2020-10-06 15:46:50,285 : INFO : EventManager : Event: ======'machine_var_audits_switches_s_inLane_L'====== Args={'value': 0, 'prev_value': None, 'change': True}
2020-10-06 15:46:50,286 : INFO : EventManager : Event: ======'machine_var_audits_switches_s_inLane_R'====== Args={'value': 0, 'prev_value': None, 'change': True}
2020-10-06 15:46:50,287 : INFO : EventManager : Event: ======'machine_var_audits_switches_s_kicker'====== Args={'value': 0, 'prev_value': None, 'change': True}
2020-10-06 15:46:50,288 : INFO : EventManager : Event: ======'machine_var_audits_switches_s_left_flipper'====== Args={'value': 151, 'prev_value': None, 'change': True}
2020-10-06 15:46:50,289 : INFO : EventManager : Event: ======'machine_var_audits_switches_s_midRight'====== Args={'value': 0, 'prev_value': None, 'change': True}
2020-10-06 15:46:50,290 : INFO : EventManager : Event: ======'machine_var_audits_switches_s_outLane_L'====== Args={'value': 0, 'prev_value': None, 'change': True}
2020-10-06 15:46:50,290 : INFO : EventManager : Event: ======'machine_var_audits_switches_s_outLane_R'====== Args={'value': 0, 'prev_value': None, 'change': True}
2020-10-06 15:46:50,291 : INFO : EventManager : Event: ======'machine_var_audits_switches_s_perdition'====== Args={'value': 0, 'prev_value': None, 'change': True}
2020-10-06 15:46:50,292 : INFO : EventManager : Event: ======'machine_var_audits_switches_s_playfield'====== Args={'value': 0, 'prev_value': None, 'change': True}
2020-10-06 15:46:50,293 : INFO : EventManager : Event: ======'machine_var_audits_switches_s_plunger'====== Args={'value': 699, 'prev_value': None, 'change': True}
2020-10-06 15:46:50,294 : INFO : EventManager : Event: ======'machine_var_audits_switches_s_popBumper_1'====== Args={'value': 566, 'prev_value': None, 'change': True}
2020-10-06 15:46:50,295 : INFO : EventManager : Event: ======'machine_var_audits_switches_s_popBumper_2'====== Args={'value': 492, 'prev_value': None, 'change': True}
2020-10-06 15:46:50,296 : INFO : EventManager : Event: ======'machine_var_audits_switches_s_popBumper_3'====== Args={'value': 216, 'prev_value': None, 'change': True}
2020-10-06 15:46:50,296 : INFO : EventManager : Event: ======'machine_var_audits_switches_s_pop_bumper1'====== Args={'value': 120, 'prev_value': None, 'change': True}
2020-10-06 15:46:50,297 : INFO : EventManager : Event: ======'machine_var_audits_switches_s_pop_bumper2'====== Args={'value': 153, 'prev_value': None, 'change': True}
2020-10-06 15:46:50,298 : INFO : EventManager : Event: ======'machine_var_audits_switches_s_pop_bumper3'====== Args={'value': 100, 'prev_value': None, 'change': True}
2020-10-06 15:46:50,298 : INFO : EventManager : Event: ======'machine_var_audits_switches_s_right_flipper'====== Args={'value': 221, 'prev_value': None, 'change': True}
2020-10-06 15:46:50,299 : INFO : EventManager : Event: ======'machine_var_audits_switches_s_sling_L'====== Args={'value': 0, 'prev_value': None, 'change': True}
2020-10-06 15:46:50,300 : INFO : EventManager : Event: ======'machine_var_audits_switches_s_sling_R'====== Args={'value': 0, 'prev_value': None, 'change': True}
2020-10-06 15:46:50,301 : INFO : EventManager : Event: ======'machine_var_audits_switches_s_soul_L'====== Args={'value': 364, 'prev_value': None, 'change': True}
2020-10-06 15:46:50,302 : INFO : EventManager : Event: ======'machine_var_audits_switches_s_soul_O'====== Args={'value': 374, 'prev_value': None, 'change': True}
2020-10-06 15:46:50,303 : INFO : EventManager : Event: ======'machine_var_audits_switches_s_soul_S'====== Args={'value': 404, 'prev_value': None, 'change': True}
2020-10-06 15:46:50,304 : INFO : EventManager : Event: ======'machine_var_audits_switches_s_soul_U'====== Args={'value': 366, 'prev_value': None, 'change': True}
2020-10-06 15:46:50,305 : INFO : EventManager : Event: ======'machine_var_audits_switches_s_standUp_1'====== Args={'value': 0, 'prev_value': None, 'change': True}
2020-10-06 15:46:50,306 : INFO : EventManager : Event: ======'machine_var_audits_switches_s_standUp_2'====== Args={'value': 0, 'prev_value': None, 'change': True}
2020-10-06 15:46:50,307 : INFO : EventManager : Event: ======'machine_var_audits_switches_s_standUp_3'====== Args={'value': 0, 'prev_value': None, 'change': True}
2020-10-06 15:46:50,308 : INFO : EventManager : Event: ======'machine_var_audits_switches_s_standUp_R'====== Args={'value': 0, 'prev_value': None, 'change': True}
2020-10-06 15:46:50,309 : INFO : EventManager : Event: ======'machine_var_audits_switches_s_star_1'====== Args={'value': 0, 'prev_value': None, 'change': True}
2020-10-06 15:46:50,310 : INFO : EventManager : Event: ======'machine_var_audits_switches_s_star_2'====== Args={'value': 0, 'prev_value': None, 'change': True}
2020-10-06 15:46:50,311 : INFO : EventManager : Event: ======'machine_var_audits_switches_s_star_3'====== Args={'value': 0, 'prev_value': None, 'change': True}
2020-10-06 15:46:50,312 : INFO : EventManager : Event: ======'machine_var_audits_switches_s_start'====== Args={'value': 69, 'prev_value': None, 'change': True}
2020-10-06 15:46:50,313 : INFO : EventManager : Event: ======'machine_var_audits_switches_s_tilt'====== Args={'value': 0, 'prev_value': None, 'change': True}
2020-10-06 15:46:50,314 : INFO : EventManager : Event: ======'machine_var_audits_switches_s_trough1'====== Args={'value': 611, 'prev_value': None, 'change': True}
2020-10-06 15:46:50,315 : INFO : EventManager : Event: ======'machine_var_audits_switches_s_trough2'====== Args={'value': 72, 'prev_value': None, 'change': True}
2020-10-06 15:46:50,316 : INFO : EventManager : Event: ======'machine_var_audits_switches_s_trough_jam'====== Args={'value': 13, 'prev_value': None, 'change': True}
2020-10-06 15:46:50,318 : INFO : EventManager : Event: ======'init_phase_5'====== Args={}
2020-10-06 15:46:50,347 : INFO : EventManager : Event: ======'init_done'====== Args={}
2020-10-06 15:46:50,348 : INFO : EventManager : Event: ======'machine_reset_phase_1'====== Args={}
2020-10-06 15:46:50,361 : INFO : EventManager : Event: ======'slide_welcome_slide_removed'====== Args={'_from_bcp': True}
2020-10-06 15:46:50,366 : INFO : EventManager : Event: ======'slide_welcome_slide_created'====== Args={'_from_bcp': True}
2020-10-06 15:46:50,368 : INFO : EventManager : Event: ======'machine_reset_phase_2'====== Args={}
2020-10-06 15:46:50,368 : INFO : EventManager : Event: ======'machine_reset_phase_3'====== Args={}
2020-10-06 15:46:50,369 : INFO : drop_target_bank.cup_bank : All targets are already up. Will not reset bank.
2020-10-06 15:46:50,369 : INFO : drop_target_bank.mug_bank : All targets are already up. Will not reset bank.
2020-10-06 15:46:50,370 : INFO : EventManager : Event: ======'reset_complete'====== Args={}
2020-10-06 15:46:50,370 : INFO : EventManager : Event: ======'mode_attract_will_start'====== Args={}
2020-10-06 15:46:50,372 : INFO : EventManager : Event: ======'mode_attract_starting'====== Args={}
2020-10-06 15:46:50,373 : INFO : Mode.attract : Started. Priority: 10
2020-10-06 15:46:50,373 : INFO : EventManager : Event: ======'modes_active_modes_changed'====== Args={}
2020-10-06 15:46:50,374 : INFO : EventManager : Event: ======'mode_attract_started'====== Args={}
2020-10-06 15:46:50,378 : INFO : EventManager : Event: ======'collecting_balls_complete'====== Args={}
2020-10-06 15:46:50,430 : INFO : EventManager : Event: ======'slide_welcome_slide_active'====== Args={'_from_bcp': True}
2020-10-06 15:46:50,431 : INFO : EventManager : Event: ======'slide_awesome_slide_created'====== Args={'_from_bcp': True}
2020-10-06 15:46:50,432 : INFO : EventManager : Event: ======'slide_awesome_slide_active'====== Args={'_from_bcp': True}
2020-10-06 15:46:50,434 : INFO : Machine : Starting the main run loop.
2020-10-06 15:46:50,662 : INFO : BcpServer : New client connected.
2020-10-06 15:46:53,387 : INFO : EventManager : Event: ======'slide_press_start_created'====== Args={'_from_bcp': True}
2020-10-06 15:46:53,394 : INFO : EventManager : Event: ======'slide_press_start_active'====== Args={'_from_bcp': True}
2020-10-06 15:46:53,977 : INFO : SwitchController : <<<<<<< 's_start' active >>>>>>>
2020-10-06 15:46:54,149 : INFO : SwitchController : <<<<<<< 's_start' inactive >>>>>>>
2020-10-06 15:46:54,149 : INFO : EventManager : Event: ======'request_to_start_game'====== Args={}
2020-10-06 15:46:54,151 : INFO : EventManager : Event: ======'game_start'====== Args={'buttons': [], 'hold_time': 0.17199999990407377}
2020-10-06 15:46:54,152 : INFO : EventManager : Event: ======'mode_game_will_start'====== Args={'buttons': [], 'hold_time': 0.17199999990407377}
2020-10-06 15:46:54,154 : INFO : EventManager : Event: ======'mode_game_starting'====== Args={'buttons': [], 'hold_time': 0.17199999990407377}
2020-10-06 15:46:54,154 : INFO : EventManager : Event: ======'mode_attract_will_stop'====== Args={}
2020-10-06 15:46:54,155 : INFO : EventManager : Event: ======'mode_attract_stopping'====== Args={}
2020-10-06 15:46:54,156 : INFO : Mode.attract : Stopped.
2020-10-06 15:46:54,156 : INFO : EventManager : Event: ======'modes_active_modes_changed'====== Args={}
2020-10-06 15:46:54,158 : INFO : EventManager : Event: ======'mode_attract_stopped'====== Args={}
2020-10-06 15:46:54,158 : INFO : EventManager : Event: ======'clear'====== Args={'key': 'attract'}
2020-10-06 15:46:54,159 : INFO : Mode.game : Started. Priority: 20
2020-10-06 15:46:54,160 : INFO : EventManager : Event: ======'modes_active_modes_changed'====== Args={}
2020-10-06 15:46:54,160 : INFO : EventManager : Event: ======'mode_game_started'====== Args={'buttons': [], 'hold_time': 0.17199999990407377}
2020-10-06 15:46:54,201 : INFO : EventManager : Event: ======'game_will_start'====== Args={}
2020-10-06 15:46:54,205 : INFO : EventManager : Event: ======'slide_awesome_slide_removed'====== Args={'_from_bcp': True}
2020-10-06 15:46:54,205 : INFO : EventManager : Event: ======'slide_press_start_removed'====== Args={'_from_bcp': True}
2020-10-06 15:46:54,206 : INFO : EventManager : Event: ======'slide_welcome_slide_active'====== Args={'_from_bcp': True}
2020-10-06 15:46:54,238 : INFO : EventManager : Event: ======'game_starting'====== Args={'game': <Mode.game>}
2020-10-06 15:46:54,241 : INFO : EventManager : Event: ======'player_add_request'====== Args={}
2020-10-06 15:46:54,241 : INFO : EventManager : Event: ======'player_will_add'====== Args={'number': 1}
2020-10-06 15:46:54,242 : INFO : EventManager : Event: ======'player_adding'====== Args={'player': <Player 1>, 'number': 1}
2020-10-06 15:46:54,243 : INFO : EventManager : Event: ======'player_added'====== Args={'player': <Player 1>, 'num': 1}
2020-10-06 15:46:54,244 : INFO : Mode.game : Player added successfully. Total players: 1
2020-10-06 15:46:54,245 : INFO : EventManager : Event: ======'player_index'====== Args={'value': 0, 'prev_value': 0, 'change': 0, 'player_num': 1}
2020-10-06 15:46:54,247 : INFO : EventManager : Event: ======'player_number'====== Args={'value': 1, 'prev_value': 1, 'change': 0, 'player_num': 1}
2020-10-06 15:46:54,247 : INFO : EventManager : Event: ======'player_bonus_multiplier'====== Args={'value': 1, 'prev_value': 1, 'change': 0, 'player_num': 1}
2020-10-06 15:46:54,247 : INFO : EventManager : Event: ======'player_contracts'====== Args={'value': 0, 'prev_value': 0, 'change': 0, 'player_num': 1}
2020-10-06 15:46:54,248 : INFO : EventManager : Event: ======'player_score'====== Args={'value': 0, 'prev_value': 0, 'change': 0, 'player_num': 1}
2020-10-06 15:46:54,249 : INFO : EventManager : Event: ======'game_started'====== Args={}
2020-10-06 15:46:54,293 : INFO : EventManager : Event: ======'player_turn_will_start'====== Args={'player': <Player 1>, 'number': 1}
2020-10-06 15:46:54,295 : INFO : EventManager : Event: ======'player_turn_starting'====== Args={'player': <Player 1>, 'number': 1}
2020-10-06 15:46:54,296 : INFO : EventManager : Event: ======'player_ball'====== Args={'value': 1, 'prev_value': 0, 'change': 1, 'player_num': 1}
2020-10-06 15:46:54,298 : INFO : EventManager : Event: ======'player_turn_started'====== Args={'player': <Player 1>, 'number': 1}
2020-10-06 15:46:54,299 : INFO : EventManager : Event: ======'ball_will_start'====== Args={'player': 1, 'ball': 1, 'balls_remaining': 4, 'is_extra_ball': False}
2020-10-06 15:46:54,321 : INFO : EventManager : Event: ======'ball_starting'====== Args={'player': 1, 'ball': 1, 'balls_remaining': 4, 'is_extra_ball': False}
2020-10-06 15:46:54,324 : INFO : EventManager : Event: ======'mode_base_will_start'====== Args={'queue': <QueuedEvent>, 'player': 1, 'ball': 1, 'balls_remaining': 4, 'is_extra_ball': False}
2020-10-06 15:46:54,330 : INFO : EventManager : Event: ======'mode_base_starting'====== Args={'queue': <QueuedEvent>, 'player': 1, 'ball': 1, 'balls_remaining': 4, 'is_extra_ball': False}
2020-10-06 15:46:54,330 : INFO : drop_target_bank.cup_bank : All targets are already up. Will not reset bank.
2020-10-06 15:46:54,331 : INFO : drop_target_bank.mug_bank : All targets are already up. Will not reset bank.
2020-10-06 15:46:54,331 : INFO : EventManager : Event: ======'balls_in_play'====== Args={'balls': 1}
2020-10-06 15:46:54,332 : INFO : EventManager : Event: ======'ball_started'====== Args={'player': 1, 'ball': 1, 'balls_remaining': 4, 'is_extra_ball': False}
2020-10-06 15:46:54,333 : INFO : EventManager : Event: ======'logicblock_bonus_updated'====== Args={'value': 0, 'enabled': True}
2020-10-06 15:46:54,334 : INFO : EventManager : Event: ======'logicblock_bonus_updated'====== Args={'value': 0, 'enabled': True}
2020-10-06 15:46:54,335 : INFO : Mode.base : Started. Priority: 100
2020-10-06 15:46:54,335 : INFO : EventManager : Event: ======'modes_active_modes_changed'====== Args={}
2020-10-06 15:46:54,336 : INFO : EventManager : Event: ======'mode_base_started'====== Args={'queue': <QueuedEvent>, 'player': 1, 'ball': 1, 'balls_remaining': 4, 'is_extra_ball': False}
2020-10-06 15:46:54,337 : INFO : EventManager : Event: ======'mode_soulLanes_will_start'====== Args={'player': 1, 'ball': 1, 'balls_remaining': 4, 'is_extra_ball': False}
2020-10-06 15:46:54,338 : INFO : EventManager : Event: ======'player_shot_soul_S_enabled'====== Args={'value': True, 'prev_value': 0, 'change': 1, 'player_num': 1}
2020-10-06 15:46:54,341 : INFO : EventManager : Event: ======'player_shot_soul_O_enabled'====== Args={'value': True, 'prev_value': 0, 'change': 1, 'player_num': 1}
2020-10-06 15:46:54,343 : INFO : EventManager : Event: ======'player_shot_soul_U_enabled'====== Args={'value': True, 'prev_value': 0, 'change': 1, 'player_num': 1}
2020-10-06 15:46:54,345 : INFO : EventManager : Event: ======'player_shot_soul_L_enabled'====== Args={'value': True, 'prev_value': 0, 'change': 1, 'player_num': 1}
2020-10-06 15:46:54,347 : INFO : EventManager : Event: ======'soul_lanes_complete'====== Args={'state': 'unlit'}
2020-10-06 15:46:54,347 : INFO : EventManager : Event: ======'soul_lanes_unlit_complete'====== Args={}
2020-10-06 15:46:54,355 : INFO : EventManager : Event: ======'mode_soulLanes_starting'====== Args={'player': 1, 'ball': 1, 'balls_remaining': 4, 'is_extra_ball': False}
2020-10-06 15:46:54,369 : INFO : EventManager : Event: ======'logicblock_contarct_counter_updated'====== Args={'value': 1, 'enabled': True}
2020-10-06 15:46:54,369 : INFO : EventManager : Event: ======'logicblock_contarct_counter_updated'====== Args={'value': 1, 'enabled': True}
2020-10-06 15:46:54,370 : INFO : Mode.soulLanes : Started. Priority: 110
2020-10-06 15:46:54,370 : INFO : EventManager : Event: ======'modes_active_modes_changed'====== Args={}
2020-10-06 15:46:54,370 : INFO : EventManager : Event: ======'mode_soulLanes_started'====== Args={'player': 1, 'ball': 1, 'balls_remaining': 4, 'is_extra_ball': False}
2020-10-06 15:46:54,371 : INFO : EventManager : Event: ======'single_player_ball_started'====== Args={}
2020-10-06 15:46:54,459 : INFO : EventManager : Event: ======'player_bonus_multiplier'====== Args={'value': 0, 'prev_value': 1, 'change': -1, 'player_num': 1}
2020-10-06 15:46:54,461 : INFO : ball_device.bd_plunger : Setting up player-controlled eject. Balls: 1, Target: <playfield.playfield>, player_controlled_eject_event: None
2020-10-06 15:46:54,462 : INFO : EventManager : Event: ======'balldevice_balls_available'====== Args={}
2020-10-06 15:46:54,519 : INFO : EventManager : Event: ======'slide_base.slide_player-mode_base_started_created'====== Args={'_from_bcp': True}
2020-10-06 15:46:54,520 : INFO : EventManager : Event: ======'slide_base.slide_player-mode_base_started_active'====== Args={'_from_bcp': True}
2020-10-06 15:46:54,522 : INFO : ball_device.bd_trough : State: waiting_for_target_ready
2020-10-06 15:46:54,523 : INFO : EventManager : Event: ======'balldevice_bd_trough_ball_eject_attempt'====== Args={'balls': 1, 'target': <ball_device.bd_plunger>, 'source': <ball_device.bd_trough>, 'mechanical_eject': True, 'num_attempts': 0}
2020-10-06 15:46:54,524 : INFO : ball_device.bd_plunger : State: waiting_for_ball
2020-10-06 15:46:54,525 : INFO : ball_device.bd_trough : State: ejecting
2020-10-06 15:46:54,526 : INFO : ball_device.bd_trough : Ejecting ball to <ball_device.bd_plunger>
2020-10-06 15:46:54,527 : INFO : EventManager : Event: ======'balldevice_bd_trough_ejecting_ball'====== Args={'balls': 1, 'target': <ball_device.bd_plunger>, 'source': <ball_device.bd_trough>, 'mechanical_eject': True, 'num_attempts': 0}
2020-10-06 15:46:54,529 : INFO : ball_device.bd_trough : Wait for ball to leave device
2020-10-06 15:46:54,529 : INFO : coil.c_trough_eject : Pulsing Driver for 20ms (1.0 pulse_power)
2020-10-06 15:46:54,530 : INFO : SwitchController : <<<<<<< 's_trough1' inactive >>>>>>>
2020-10-06 15:46:54,557 : INFO : ball_device.bd_trough : State: ball_left
2020-10-06 15:46:54,558 : INFO : ball_device.bd_trough : Ball left
2020-10-06 15:46:54,558 : INFO : ball_device.bd_trough : Wait for confirm with timeout 10.0
2020-10-06 15:46:54,622 : INFO : SwitchController : <<<<<<< 's_plunger' active >>>>>>>
2020-10-06 15:46:54,622 : INFO : EventManager : Event: ======'machine_var_audits_switches_s_plunger'====== Args={'value': 700, 'prev_value': 699, 'change': 1}
2020-10-06 15:46:55,114 : INFO : ball_device.bd_plunger : Received ball from <ball_device.bd_trough>
2020-10-06 15:46:55,115 : INFO : EventManager : Event: ======'balldevice_bd_plunger_ball_enter'====== Args={'new_balls': 1, 'unclaimed_balls': 0, 'new_available_balls': 0, 'device': <ball_device.bd_plunger>}
2020-10-06 15:46:55,116 : INFO : EventManager : Event: ======'balldevice_bd_plunger_ball_entered'====== Args={'new_balls': 0, 'device': <ball_device.bd_plunger>}
2020-10-06 15:46:55,116 : INFO : EventManager : Event: ======'balldevice_bd_plunger_ball_count_changed'====== Args={'balls': 1}
2020-10-06 15:46:55,117 : INFO : ball_device.bd_trough : Got eject confirm
2020-10-06 15:46:55,117 : INFO : ball_device.bd_trough : Eject successful
2020-10-06 15:46:55,117 : INFO : EventManager : Event: ======'balldevice_bd_trough_ball_eject_success'====== Args={'balls': 1, 'target': <ball_device.bd_plunger>}
2020-10-06 15:46:55,119 : INFO : EventManager : Event: ======'balldevice_bd_trough_ball_count_changed'====== Args={'balls': 1}
2020-10-06 15:46:55,119 : INFO : ball_device.bd_trough : State: idle
2020-10-06 15:46:55,120 : INFO : ball_device.bd_plunger : State: waiting_for_target_ready
2020-10-06 15:46:55,120 : INFO : EventManager : Event: ======'balldevice_bd_plunger_ball_eject_attempt'====== Args={'balls': 1, 'target': <playfield.playfield>, 'source': <ball_device.bd_plunger>, 'mechanical_eject': True, 'num_attempts': 0}
2020-10-06 15:46:55,121 : INFO : ball_device.bd_plunger : State: ejecting
2020-10-06 15:46:55,122 : INFO : ball_device.bd_plunger : Ejecting ball to <playfield.playfield>
2020-10-06 15:46:55,122 : INFO : EventManager : Event: ======'balldevice_bd_plunger_ejecting_ball'====== Args={'balls': 1, 'target': <playfield.playfield>, 'source': <ball_device.bd_plunger>, 'mechanical_eject': True, 'num_attempts': 0}
2020-10-06 15:46:55,124 : INFO : ball_device.bd_plunger : Wait for ball to leave device
2020-10-06 15:47:08,197 : INFO : Machine : Shutting down...
2020-10-06 15:47:08,197 : INFO : EventManager : Event: ======'shutdown'====== Args={}
2020-10-06 15:47:08,197 : INFO : root : MPF run loop ended.
