2020-10-05 09:48:34,522 : INFO : root : Loading config.
2020-10-05 09:48:34,522 : INFO : YamlMultifileConfigLoader : Machine config file #1: config.yaml
2020-10-05 09:48:34,522 : INFO : ConfigProcessor : Loading config from cache: C:\Users\themi\AppData\Local\Temp\2b6ef079982d662fef43bd5e7e2d4708.mpf_cache
2020-10-05 09:48:34,756 : INFO : ConfigProcessor : Loading config from cache: C:\Users\themi\AppData\Local\Temp\89b9c5cb952cce9fc74d723399719cc6.mpf_cache
2020-10-05 09:48:34,756 : INFO : ConfigProcessor : Loading config from cache: C:\Users\themi\AppData\Local\Temp\4fcecb70f81c3c2fefb8e65ae9a0af5f.mpf_cache
2020-10-05 09:48:34,756 : WARNING : ConfigProcessor : Config file in cache changed: c:\GitHub\Cuphead\modes\base\config\base.yaml
2020-10-05 09:48:34,756 : INFO : ConfigProcessor : Loading config from file c:\GitHub\Cuphead\modes\base\config\base.yaml.
2020-10-05 09:48:34,819 : INFO : ConfigProcessor : Loading config: c:\GitHub\Cuphead\modes\base\config\base.yaml
2020-10-05 09:48:34,835 : INFO : ConfigProcessor : Config file cache created: C:\Users\themi\AppData\Local\Temp\5820a65357aa32f3082a694bbd0b1b93.mpf_cache
2020-10-05 09:48:34,835 : WARNING : ConfigProcessor : Config file in cache changed: c:\GitHub\Cuphead\modes\soulLanes\config\soulLanes.yaml
2020-10-05 09:48:34,835 : INFO : ConfigProcessor : Loading config from file c:\GitHub\Cuphead\modes\soulLanes\config\soulLanes.yaml.
2020-10-05 09:48:34,866 : INFO : ConfigProcessor : Loading config: c:\GitHub\Cuphead\modes\soulLanes\config\soulLanes.yaml
2020-10-05 09:48:34,866 : INFO : ConfigProcessor : Config file cache created: C:\Users\themi\AppData\Local\Temp\2f1df67e0c6599f893aeb5468bc976f9.mpf_cache
2020-10-05 09:48:34,881 : WARNING : ConfigProcessor : Config file in cache changed: c:\GitHub\Cuphead\modes\bonusPayout\config\bonusPayout.yaml
2020-10-05 09:48:34,881 : INFO : ConfigProcessor : Loading config from file c:\GitHub\Cuphead\modes\bonusPayout\config\bonusPayout.yaml.
2020-10-05 09:48:34,881 : INFO : ConfigProcessor : Loading config: c:\GitHub\Cuphead\modes\bonusPayout\config\bonusPayout.yaml
2020-10-05 09:48:34,881 : INFO : ConfigProcessor : Config file cache created: C:\Users\themi\AppData\Local\Temp\e4f08e85af4a8c30a7d7240c7a9e2b7d.mpf_cache
2020-10-05 09:48:34,881 : INFO : ConfigProcessor : Loading config from cache: C:\Users\themi\AppData\Local\Temp\893c92602cb79b5461df4ae912d665e0.mpf_cache
2020-10-05 09:48:34,881 : INFO : ConfigProcessor : Loading config from cache: C:\Users\themi\AppData\Local\Temp\15cb35af48ef2b73a1399ecc64f542cf.mpf_cache
2020-10-05 09:48:34,881 : INFO : ConfigProcessor : Loading config from cache: C:\Users\themi\AppData\Local\Temp\8f78dc3447c1c9fe6775dbe5408c12e9.mpf_cache
2020-10-05 09:48:34,897 : INFO : ConfigProcessor : Loading config from cache: C:\Users\themi\AppData\Local\Temp\459e0fbd95aa261661d4ec522fde7178.mpf_cache
2020-10-05 09:48:34,897 : INFO : ConfigProcessor : Loading config from cache: C:\Users\themi\AppData\Local\Temp\bc011c11c9e34bbd89eedfa08565ed62.mpf_cache
2020-10-05 09:48:34,897 : INFO : ConfigProcessor : Loading config from cache: C:\Users\themi\AppData\Local\Temp\6f009ec52b9ccf4b89f291e4051b3241.mpf_cache
2020-10-05 09:48:34,897 : INFO : ConfigProcessor : Loading config from cache: C:\Users\themi\AppData\Local\Temp\c2ce7139d0aaca9aa552320269b3f50d.mpf_cache
2020-10-05 09:48:34,897 : INFO : ConfigProcessor : Loading config from cache: C:\Users\themi\AppData\Local\Temp\2b7bf9166be80f4b554569a332b23de4.mpf_cache
2020-10-05 09:48:34,897 : INFO : ConfigProcessor : Loading config from cache: C:\Users\themi\AppData\Local\Temp\c546e3aedc6779039624162d0203f540.mpf_cache
2020-10-05 09:48:34,897 : INFO : ConfigProcessor : Loading config from cache: C:\Users\themi\AppData\Local\Temp\abdfe7fa7b37a4a193490f565dc0597d.mpf_cache
2020-10-05 09:48:34,897 : INFO : ConfigProcessor : Loading config from cache: C:\Users\themi\AppData\Local\Temp\4342b421d288ce5a4483067739b72cdd.mpf_cache
2020-10-05 09:48:34,897 : INFO : ConfigProcessor : Loading config from cache: C:\Users\themi\AppData\Local\Temp\368aa16bb3be9e41d99a527245060f83.mpf_cache
2020-10-05 09:48:34,897 : INFO : ConfigProcessor : Loading config from cache: C:\Users\themi\AppData\Local\Temp\d0e012eb2507157abb0bb72425aaf5b2.mpf_cache
2020-10-05 09:48:34,897 : INFO : ConfigProcessor : Loading config from cache: C:\Users\themi\AppData\Local\Temp\0f1b51b912b71211c13fe22b9a37b50a.mpf_cache
2020-10-05 09:48:34,897 : INFO : ConfigProcessor : Loading config from cache: C:\Users\themi\AppData\Local\Temp\10ee2574e78165e598e7a995071a74cc.mpf_cache
2020-10-05 09:48:34,897 : INFO : ConfigProcessor : Loading config from cache: C:\Users\themi\AppData\Local\Temp\a266cad92e011305e896e67dddfd4a6c.mpf_cache
2020-10-05 09:48:34,897 : INFO : ConfigProcessor : Loading config from cache: C:\Users\themi\AppData\Local\Temp\7ee3e0eba3dedef43a01da4ffa491384.mpf_cache
2020-10-05 09:48:34,913 : INFO : ConfigProcessor : Loading config from cache: C:\Users\themi\AppData\Local\Temp\13fd6d25ddf06daef684ee2be33938b7.mpf_cache
2020-10-05 09:48:34,913 : INFO : Machine : Mission Pinball Framework Core Engine v0.54.0-dev.72
2020-10-05 09:48:34,913 : INFO : Machine : Command line arguments: {'no_load_cache': False, 'create_config_cache': True, 'bcp': True, 'configfile': ['config.yaml'], 'force_assets_load': False, 'jsonlogging': False, 'logfile': 'logs\\2020-10-05-09-48-34-mpf-LAPTOP-C39PEUFD.log', 'pause': False, 'production': False, 'text_ui': True, 'loglevel': 15, 'consoleloglevel': 20, 'force_platform': 'smart_virtual', 'syslog_address': None, 'mc_file_name': None, 'no_sound': False}
2020-10-05 09:48:34,913 : INFO : Machine : MPF path: c:\users\themi\appdata\local\programs\python\python36\lib\site-packages\mpf
2020-10-05 09:48:34,913 : INFO : Machine : Machine path: c:\GitHub\Cuphead
2020-10-05 09:48:34,913 : INFO : Machine : Platform: win32
2020-10-05 09:48:34,913 : INFO : Machine : Python executable location: c:\users\themi\appdata\local\programs\python\python36\python.exe
2020-10-05 09:48:34,913 : INFO : Machine : Python version: 3.6.4 (64-bit)
2020-10-05 09:48:34,913 : INFO : Machine : Initialise MPF.
2020-10-05 09:48:35,335 : INFO : EventManager : Event: ======'machine_var_credits_string'====== Args={'value': 'FREE PLAY', 'prev_value': None, 'change': True}
2020-10-05 09:48:35,460 : INFO : EventManager : Event: ======'machine_var_player1_score'====== Args={'value': 8110, 'prev_value': None, 'change': True}
2020-10-05 09:48:35,460 : INFO : EventManager : Event: ======'machine_var_mpf_version'====== Args={'value': 'MPF v0.54.0-dev.72', 'prev_value': None, 'change': True}
2020-10-05 09:48:35,460 : INFO : EventManager : Event: ======'machine_var_mpf_extended_version'====== Args={'value': 'MPF v0.54.0-dev.72, Config version:5, Show version: 5, BCP version:1.1', 'prev_value': None, 'change': True}
2020-10-05 09:48:35,460 : INFO : EventManager : Event: ======'machine_var_python_version'====== Args={'value': '3.6.4', 'prev_value': None, 'change': True}
2020-10-05 09:48:35,460 : INFO : EventManager : Event: ======'machine_var_platform'====== Args={'value': 'Windows-10-10.0.18362-SP0', 'prev_value': None, 'change': True}
2020-10-05 09:48:35,460 : INFO : EventManager : Event: ======'machine_var_platform_system'====== Args={'value': 'Windows', 'prev_value': None, 'change': True}
2020-10-05 09:48:35,460 : INFO : EventManager : Event: ======'machine_var_platform_release'====== Args={'value': '10', 'prev_value': None, 'change': True}
2020-10-05 09:48:35,460 : INFO : EventManager : Event: ======'machine_var_platform_version'====== Args={'value': '10.0.18362', 'prev_value': None, 'change': True}
2020-10-05 09:48:35,460 : INFO : EventManager : Event: ======'machine_var_platform_machine'====== Args={'value': 'AMD64', 'prev_value': None, 'change': True}
2020-10-05 09:48:35,460 : INFO : EventManager : Event: ======'init_phase_1'====== Args={}
2020-10-05 09:48:35,601 : INFO : EventManager : Event: ======'drop_target_bank_cup_bank_up'====== Args={}
2020-10-05 09:48:35,601 : INFO : EventManager : Event: ======'drop_target_bank_mug_bank_up'====== Args={}
2020-10-05 09:48:35,617 : INFO : EventManager : Event: ======'init_phase_2'====== Args={}
2020-10-05 09:48:35,617 : INFO : SwitchController : Found active switch: ('2', <Platform.SmartVirtual>)
2020-10-05 09:48:35,617 : INFO : SwitchController : Found active switch: ('3', <Platform.SmartVirtual>)
2020-10-05 09:48:35,632 : INFO : EventManager : Event: ======'bcp_connection_attempt'====== Args={'name': 'local_display', 'host': 'localhost', 'port': 5050}
2020-10-05 09:48:35,632 : INFO : BCPClientSocket : Connecting BCP to 'local_display' at localhost:5050...
2020-10-05 09:48:47,909 : INFO : BCPClientSocket : Connected BCP to 'local_display' localhost:5050
2020-10-05 09:48:47,910 : INFO : EventManager : Event: ======'bcp_clients_connected'====== Args={}
2020-10-05 09:48:47,945 : INFO : EventManager : Event: ======'machine_var_mc_version'====== Args={'value': 'MPF-MC v0.54.0-dev.20', 'prev_value': None, 'change': True}
2020-10-05 09:48:47,946 : INFO : EventManager : Event: ======'machine_var_mc_extended_version'====== Args={'value': 'MPF-MC v0.54.0-dev.20 (config_version=5, BCP v1.1, Requires MPF v0.54.0-dev.68)', 'prev_value': None, 'change': True}
2020-10-05 09:48:47,949 : INFO : EventManager : Event: ======'machine_var_master_volume'====== Args={'value': 0.5, 'prev_value': None, 'change': True}
2020-10-05 09:48:47,950 : INFO : ball_device.bd_trough : State: idle
2020-10-05 09:48:47,978 : INFO : ball_device.bd_plunger : State: idle
2020-10-05 09:48:48,016 : INFO : EventManager : Event: ======'init_phase_3'====== Args={}
2020-10-05 09:48:48,029 : INFO : EventManager : Event: ======'init_phase_4'====== Args={}
2020-10-05 09:48:48,031 : INFO : EventManager : Event: ======'machine_var_audits_events_game_ended'====== Args={'value': 21, 'prev_value': None, 'change': True}
2020-10-05 09:48:48,032 : INFO : EventManager : Event: ======'machine_var_audits_events_game_started'====== Args={'value': 40, 'prev_value': None, 'change': True}
2020-10-05 09:48:48,033 : INFO : EventManager : Event: ======'machine_var_audits_player_score'====== Args={'value': {'average': 530.4761904761905, 'top': [2970, 1300, 1220, 980, 880, 780, 720, 710, 630, 590], 'total': 21}, 'prev_value': None, 'change': True}
2020-10-05 09:48:48,034 : INFO : EventManager : Event: ======'machine_var_audits_shots_soul_L'====== Args={'value': 237, 'prev_value': None, 'change': True}
2020-10-05 09:48:48,035 : INFO : EventManager : Event: ======'machine_var_audits_shots_soul_O'====== Args={'value': 244, 'prev_value': None, 'change': True}
2020-10-05 09:48:48,035 : INFO : EventManager : Event: ======'machine_var_audits_shots_soul_S'====== Args={'value': 277, 'prev_value': None, 'change': True}
2020-10-05 09:48:48,036 : INFO : EventManager : Event: ======'machine_var_audits_shots_soul_U'====== Args={'value': 239, 'prev_value': None, 'change': True}
2020-10-05 09:48:48,037 : INFO : EventManager : Event: ======'machine_var_audits_switches_s_coin'====== Args={'value': 20, 'prev_value': None, 'change': True}
2020-10-05 09:48:48,037 : INFO : EventManager : Event: ======'machine_var_audits_switches_s_dash_L'====== Args={'value': 0, 'prev_value': None, 'change': True}
2020-10-05 09:48:48,038 : INFO : EventManager : Event: ======'machine_var_audits_switches_s_dash_R'====== Args={'value': 0, 'prev_value': None, 'change': True}
2020-10-05 09:48:48,039 : INFO : EventManager : Event: ======'machine_var_audits_switches_s_dtSling_L'====== Args={'value': 0, 'prev_value': None, 'change': True}
2020-10-05 09:48:48,039 : INFO : EventManager : Event: ======'machine_var_audits_switches_s_dtSling_R'====== Args={'value': 0, 'prev_value': None, 'change': True}
2020-10-05 09:48:48,040 : INFO : EventManager : Event: ======'machine_var_audits_switches_s_dt_C'====== Args={'value': 99, 'prev_value': None, 'change': True}
2020-10-05 09:48:48,041 : INFO : EventManager : Event: ======'machine_var_audits_switches_s_dt_G'====== Args={'value': 28, 'prev_value': None, 'change': True}
2020-10-05 09:48:48,042 : INFO : EventManager : Event: ======'machine_var_audits_switches_s_dt_M'====== Args={'value': 26, 'prev_value': None, 'change': True}
2020-10-05 09:48:48,042 : INFO : EventManager : Event: ======'machine_var_audits_switches_s_dt_P'====== Args={'value': 79, 'prev_value': None, 'change': True}
2020-10-05 09:48:48,043 : INFO : EventManager : Event: ======'machine_var_audits_switches_s_dt_U'====== Args={'value': 87, 'prev_value': None, 'change': True}
2020-10-05 09:48:48,044 : INFO : EventManager : Event: ======'machine_var_audits_switches_s_dt_U2'====== Args={'value': 26, 'prev_value': None, 'change': True}
2020-10-05 09:48:48,045 : INFO : EventManager : Event: ======'machine_var_audits_switches_s_exit_shooter_lane'====== Args={'value': 360, 'prev_value': None, 'change': True}
2020-10-05 09:48:48,046 : INFO : EventManager : Event: ======'machine_var_audits_switches_s_inLane_L'====== Args={'value': 0, 'prev_value': None, 'change': True}
2020-10-05 09:48:48,047 : INFO : EventManager : Event: ======'machine_var_audits_switches_s_inLane_R'====== Args={'value': 0, 'prev_value': None, 'change': True}
2020-10-05 09:48:48,047 : INFO : EventManager : Event: ======'machine_var_audits_switches_s_kicker'====== Args={'value': 0, 'prev_value': None, 'change': True}
2020-10-05 09:48:48,048 : INFO : EventManager : Event: ======'machine_var_audits_switches_s_left_flipper'====== Args={'value': 151, 'prev_value': None, 'change': True}
2020-10-05 09:48:48,049 : INFO : EventManager : Event: ======'machine_var_audits_switches_s_midRight'====== Args={'value': 0, 'prev_value': None, 'change': True}
2020-10-05 09:48:48,050 : INFO : EventManager : Event: ======'machine_var_audits_switches_s_outLane_L'====== Args={'value': 0, 'prev_value': None, 'change': True}
2020-10-05 09:48:48,051 : INFO : EventManager : Event: ======'machine_var_audits_switches_s_outLane_R'====== Args={'value': 0, 'prev_value': None, 'change': True}
2020-10-05 09:48:48,052 : INFO : EventManager : Event: ======'machine_var_audits_switches_s_perdition'====== Args={'value': 0, 'prev_value': None, 'change': True}
2020-10-05 09:48:48,053 : INFO : EventManager : Event: ======'machine_var_audits_switches_s_playfield'====== Args={'value': 0, 'prev_value': None, 'change': True}
2020-10-05 09:48:48,054 : INFO : EventManager : Event: ======'machine_var_audits_switches_s_plunger'====== Args={'value': 591, 'prev_value': None, 'change': True}
2020-10-05 09:48:48,055 : INFO : EventManager : Event: ======'machine_var_audits_switches_s_popBumper_1'====== Args={'value': 464, 'prev_value': None, 'change': True}
2020-10-05 09:48:48,055 : INFO : EventManager : Event: ======'machine_var_audits_switches_s_popBumper_2'====== Args={'value': 440, 'prev_value': None, 'change': True}
2020-10-05 09:48:48,056 : INFO : EventManager : Event: ======'machine_var_audits_switches_s_popBumper_3'====== Args={'value': 164, 'prev_value': None, 'change': True}
2020-10-05 09:48:48,057 : INFO : EventManager : Event: ======'machine_var_audits_switches_s_pop_bumper1'====== Args={'value': 120, 'prev_value': None, 'change': True}
2020-10-05 09:48:48,058 : INFO : EventManager : Event: ======'machine_var_audits_switches_s_pop_bumper2'====== Args={'value': 153, 'prev_value': None, 'change': True}
2020-10-05 09:48:48,059 : INFO : EventManager : Event: ======'machine_var_audits_switches_s_pop_bumper3'====== Args={'value': 100, 'prev_value': None, 'change': True}
2020-10-05 09:48:48,060 : INFO : EventManager : Event: ======'machine_var_audits_switches_s_right_flipper'====== Args={'value': 217, 'prev_value': None, 'change': True}
2020-10-05 09:48:48,060 : INFO : EventManager : Event: ======'machine_var_audits_switches_s_sling_L'====== Args={'value': 0, 'prev_value': None, 'change': True}
2020-10-05 09:48:48,061 : INFO : EventManager : Event: ======'machine_var_audits_switches_s_sling_R'====== Args={'value': 0, 'prev_value': None, 'change': True}
2020-10-05 09:48:48,063 : INFO : EventManager : Event: ======'machine_var_audits_switches_s_soul_L'====== Args={'value': 238, 'prev_value': None, 'change': True}
2020-10-05 09:48:48,063 : INFO : EventManager : Event: ======'machine_var_audits_switches_s_soul_O'====== Args={'value': 249, 'prev_value': None, 'change': True}
2020-10-05 09:48:48,065 : INFO : EventManager : Event: ======'machine_var_audits_switches_s_soul_S'====== Args={'value': 277, 'prev_value': None, 'change': True}
2020-10-05 09:48:48,066 : INFO : EventManager : Event: ======'machine_var_audits_switches_s_soul_U'====== Args={'value': 239, 'prev_value': None, 'change': True}
2020-10-05 09:48:48,067 : INFO : EventManager : Event: ======'machine_var_audits_switches_s_standUp_1'====== Args={'value': 0, 'prev_value': None, 'change': True}
2020-10-05 09:48:48,068 : INFO : EventManager : Event: ======'machine_var_audits_switches_s_standUp_2'====== Args={'value': 0, 'prev_value': None, 'change': True}
2020-10-05 09:48:48,069 : INFO : EventManager : Event: ======'machine_var_audits_switches_s_standUp_3'====== Args={'value': 0, 'prev_value': None, 'change': True}
2020-10-05 09:48:48,070 : INFO : EventManager : Event: ======'machine_var_audits_switches_s_standUp_R'====== Args={'value': 0, 'prev_value': None, 'change': True}
2020-10-05 09:48:48,071 : INFO : EventManager : Event: ======'machine_var_audits_switches_s_star_1'====== Args={'value': 0, 'prev_value': None, 'change': True}
2020-10-05 09:48:48,072 : INFO : EventManager : Event: ======'machine_var_audits_switches_s_star_2'====== Args={'value': 0, 'prev_value': None, 'change': True}
2020-10-05 09:48:48,073 : INFO : EventManager : Event: ======'machine_var_audits_switches_s_star_3'====== Args={'value': 0, 'prev_value': None, 'change': True}
2020-10-05 09:48:48,074 : INFO : EventManager : Event: ======'machine_var_audits_switches_s_start'====== Args={'value': 69, 'prev_value': None, 'change': True}
2020-10-05 09:48:48,075 : INFO : EventManager : Event: ======'machine_var_audits_switches_s_tilt'====== Args={'value': 0, 'prev_value': None, 'change': True}
2020-10-05 09:48:48,076 : INFO : EventManager : Event: ======'machine_var_audits_switches_s_trough1'====== Args={'value': 521, 'prev_value': None, 'change': True}
2020-10-05 09:48:48,077 : INFO : EventManager : Event: ======'machine_var_audits_switches_s_trough2'====== Args={'value': 72, 'prev_value': None, 'change': True}
2020-10-05 09:48:48,078 : INFO : EventManager : Event: ======'machine_var_audits_switches_s_trough_jam'====== Args={'value': 13, 'prev_value': None, 'change': True}
2020-10-05 09:48:48,080 : INFO : EventManager : Event: ======'init_phase_5'====== Args={}
2020-10-05 09:48:48,107 : INFO : EventManager : Event: ======'init_done'====== Args={}
2020-10-05 09:48:48,124 : INFO : EventManager : Event: ======'machine_reset_phase_1'====== Args={}
2020-10-05 09:48:48,135 : INFO : EventManager : Event: ======'slide_welcome_slide_removed'====== Args={'_from_bcp': True}
2020-10-05 09:48:48,139 : INFO : EventManager : Event: ======'slide_welcome_slide_created'====== Args={'_from_bcp': True}
2020-10-05 09:48:48,141 : INFO : EventManager : Event: ======'machine_reset_phase_2'====== Args={}
2020-10-05 09:48:48,141 : INFO : EventManager : Event: ======'machine_reset_phase_3'====== Args={}
2020-10-05 09:48:48,142 : INFO : drop_target_bank.cup_bank : All targets are already up. Will not reset bank.
2020-10-05 09:48:48,142 : INFO : drop_target_bank.mug_bank : All targets are already up. Will not reset bank.
2020-10-05 09:48:48,142 : INFO : EventManager : Event: ======'reset_complete'====== Args={}
2020-10-05 09:48:48,142 : INFO : EventManager : Event: ======'mode_attract_will_start'====== Args={}
2020-10-05 09:48:48,144 : INFO : EventManager : Event: ======'mode_attract_starting'====== Args={}
2020-10-05 09:48:48,144 : INFO : Mode.attract : Started. Priority: 10
2020-10-05 09:48:48,144 : INFO : EventManager : Event: ======'modes_active_modes_changed'====== Args={}
2020-10-05 09:48:48,145 : INFO : EventManager : Event: ======'mode_attract_started'====== Args={}
2020-10-05 09:48:48,149 : INFO : EventManager : Event: ======'collecting_balls_complete'====== Args={}
2020-10-05 09:48:48,205 : INFO : EventManager : Event: ======'slide_welcome_slide_active'====== Args={'_from_bcp': True}
2020-10-05 09:48:48,205 : INFO : EventManager : Event: ======'slide_awesome_slide_created'====== Args={'_from_bcp': True}
2020-10-05 09:48:48,205 : INFO : EventManager : Event: ======'slide_awesome_slide_active'====== Args={'_from_bcp': True}
2020-10-05 09:48:48,206 : INFO : Machine : Starting the main run loop.
2020-10-05 09:48:48,491 : INFO : BcpServer : New client connected.
2020-10-05 09:48:51,156 : INFO : EventManager : Event: ======'slide_press_start_created'====== Args={'_from_bcp': True}
2020-10-05 09:48:51,187 : INFO : EventManager : Event: ======'slide_press_start_active'====== Args={'_from_bcp': True}
2020-10-05 09:48:54,171 : INFO : EventManager : Event: ======'slide_mission_pinball_created'====== Args={'_from_bcp': True}
2020-10-05 09:48:54,173 : INFO : EventManager : Event: ======'slide_mission_pinball_active'====== Args={'_from_bcp': True}
2020-10-05 09:48:57,157 : INFO : EventManager : Event: ======'slide_last_game_score_slide_created'====== Args={'_from_bcp': True}
2020-10-05 09:48:57,165 : INFO : EventManager : Event: ======'slide_last_game_score_slide_active'====== Args={'_from_bcp': True}
2020-10-05 09:49:00,144 : INFO : EventManager : Event: ======'slide_awesome_slide_removed'====== Args={'_from_bcp': True}
2020-10-05 09:49:00,149 : INFO : EventManager : Event: ======'slide_awesome_slide_created'====== Args={'_from_bcp': True}
2020-10-05 09:49:00,152 : INFO : EventManager : Event: ======'slide_awesome_slide_active'====== Args={'_from_bcp': True}
2020-10-05 09:49:03,144 : INFO : EventManager : Event: ======'slide_press_start_removed'====== Args={'_from_bcp': True}
2020-10-05 09:49:03,154 : INFO : EventManager : Event: ======'slide_press_start_created'====== Args={'_from_bcp': True}
2020-10-05 09:49:03,158 : INFO : EventManager : Event: ======'slide_press_start_active'====== Args={'_from_bcp': True}
2020-10-05 09:49:06,154 : INFO : EventManager : Event: ======'slide_mission_pinball_removed'====== Args={'_from_bcp': True}
2020-10-05 09:49:06,158 : INFO : EventManager : Event: ======'slide_mission_pinball_created'====== Args={'_from_bcp': True}
2020-10-05 09:49:06,164 : INFO : EventManager : Event: ======'slide_mission_pinball_active'====== Args={'_from_bcp': True}
2020-10-05 09:49:08,086 : INFO : SwitchController : <<<<<<< 's_start' active >>>>>>>
2020-10-05 09:49:08,239 : INFO : SwitchController : <<<<<<< 's_start' inactive >>>>>>>
2020-10-05 09:49:08,239 : INFO : EventManager : Event: ======'request_to_start_game'====== Args={}
2020-10-05 09:49:08,241 : INFO : EventManager : Event: ======'game_start'====== Args={'buttons': [], 'hold_time': 0.15600000001722947}
2020-10-05 09:49:08,242 : INFO : EventManager : Event: ======'mode_game_will_start'====== Args={'buttons': [], 'hold_time': 0.15600000001722947}
2020-10-05 09:49:08,243 : INFO : EventManager : Event: ======'mode_game_starting'====== Args={'buttons': [], 'hold_time': 0.15600000001722947}
2020-10-05 09:49:08,244 : INFO : EventManager : Event: ======'mode_attract_will_stop'====== Args={}
2020-10-05 09:49:08,244 : INFO : EventManager : Event: ======'mode_attract_stopping'====== Args={}
2020-10-05 09:49:08,245 : INFO : Mode.attract : Stopped.
2020-10-05 09:49:08,246 : INFO : EventManager : Event: ======'modes_active_modes_changed'====== Args={}
2020-10-05 09:49:08,248 : INFO : EventManager : Event: ======'mode_attract_stopped'====== Args={}
2020-10-05 09:49:08,248 : INFO : EventManager : Event: ======'clear'====== Args={'key': 'attract'}
2020-10-05 09:49:08,249 : INFO : Mode.game : Started. Priority: 20
2020-10-05 09:49:08,249 : INFO : EventManager : Event: ======'modes_active_modes_changed'====== Args={}
2020-10-05 09:49:08,250 : INFO : EventManager : Event: ======'mode_game_started'====== Args={'buttons': [], 'hold_time': 0.15600000001722947}
2020-10-05 09:49:08,286 : INFO : EventManager : Event: ======'game_will_start'====== Args={}
2020-10-05 09:49:08,287 : INFO : EventManager : Event: ======'slide_last_game_score_slide_removed'====== Args={'_from_bcp': True}
2020-10-05 09:49:08,288 : INFO : EventManager : Event: ======'slide_awesome_slide_removed'====== Args={'_from_bcp': True}
2020-10-05 09:49:08,288 : INFO : EventManager : Event: ======'slide_press_start_removed'====== Args={'_from_bcp': True}
2020-10-05 09:49:08,289 : INFO : EventManager : Event: ======'slide_mission_pinball_removed'====== Args={'_from_bcp': True}
2020-10-05 09:49:08,289 : INFO : EventManager : Event: ======'slide_welcome_slide_active'====== Args={'_from_bcp': True}
2020-10-05 09:49:08,299 : INFO : EventManager : Event: ======'game_starting'====== Args={'game': <Mode.game>}
2020-10-05 09:49:08,300 : INFO : EventManager : Event: ======'player_add_request'====== Args={}
2020-10-05 09:49:08,301 : INFO : EventManager : Event: ======'player_will_add'====== Args={'number': 1}
2020-10-05 09:49:08,302 : INFO : EventManager : Event: ======'player_adding'====== Args={'player': <Player 1>, 'number': 1}
2020-10-05 09:49:08,303 : INFO : EventManager : Event: ======'player_added'====== Args={'player': <Player 1>, 'num': 1}
2020-10-05 09:49:08,303 : INFO : Mode.game : Player added successfully. Total players: 1
2020-10-05 09:49:08,304 : INFO : EventManager : Event: ======'player_index'====== Args={'value': 0, 'prev_value': 0, 'change': 0, 'player_num': 1}
2020-10-05 09:49:08,304 : INFO : EventManager : Event: ======'player_number'====== Args={'value': 1, 'prev_value': 1, 'change': 0, 'player_num': 1}
2020-10-05 09:49:08,305 : INFO : EventManager : Event: ======'player_bonus_multiplier'====== Args={'value': 1, 'prev_value': 1, 'change': 0, 'player_num': 1}
2020-10-05 09:49:08,305 : INFO : EventManager : Event: ======'player_contracts'====== Args={'value': 0, 'prev_value': 0, 'change': 0, 'player_num': 1}
2020-10-05 09:49:08,306 : INFO : EventManager : Event: ======'player_score'====== Args={'value': 0, 'prev_value': 0, 'change': 0, 'player_num': 1}
2020-10-05 09:49:08,309 : INFO : EventManager : Event: ======'game_started'====== Args={}
2020-10-05 09:49:08,337 : INFO : EventManager : Event: ======'player_turn_will_start'====== Args={'player': <Player 1>, 'number': 1}
2020-10-05 09:49:08,339 : INFO : EventManager : Event: ======'player_turn_starting'====== Args={'player': <Player 1>, 'number': 1}
2020-10-05 09:49:08,341 : INFO : EventManager : Event: ======'player_ball'====== Args={'value': 1, 'prev_value': 0, 'change': 1, 'player_num': 1}
2020-10-05 09:49:08,343 : INFO : EventManager : Event: ======'player_turn_started'====== Args={'player': <Player 1>, 'number': 1}
2020-10-05 09:49:08,345 : INFO : EventManager : Event: ======'ball_will_start'====== Args={'player': 1, 'ball': 1, 'balls_remaining': 4, 'is_extra_ball': False}
2020-10-05 09:49:08,363 : INFO : EventManager : Event: ======'ball_starting'====== Args={'player': 1, 'ball': 1, 'balls_remaining': 4, 'is_extra_ball': False}
2020-10-05 09:49:08,365 : INFO : EventManager : Event: ======'mode_base_will_start'====== Args={'queue': <QueuedEvent>, 'player': 1, 'ball': 1, 'balls_remaining': 4, 'is_extra_ball': False}
2020-10-05 09:49:08,371 : INFO : EventManager : Event: ======'mode_base_starting'====== Args={'queue': <QueuedEvent>, 'player': 1, 'ball': 1, 'balls_remaining': 4, 'is_extra_ball': False}
2020-10-05 09:49:08,371 : INFO : drop_target_bank.cup_bank : All targets are already up. Will not reset bank.
2020-10-05 09:49:08,372 : INFO : drop_target_bank.mug_bank : All targets are already up. Will not reset bank.
2020-10-05 09:49:08,373 : INFO : EventManager : Event: ======'balls_in_play'====== Args={'balls': 1}
2020-10-05 09:49:08,374 : INFO : EventManager : Event: ======'ball_started'====== Args={'player': 1, 'ball': 1, 'balls_remaining': 4, 'is_extra_ball': False}
2020-10-05 09:49:08,375 : INFO : EventManager : Event: ======'logicblock_bonus_updated'====== Args={'value': 0, 'enabled': True}
2020-10-05 09:49:08,376 : INFO : EventManager : Event: ======'logicblock_bonus_updated'====== Args={'value': 0, 'enabled': True}
2020-10-05 09:49:08,377 : INFO : Mode.base : Started. Priority: 100
2020-10-05 09:49:08,378 : INFO : EventManager : Event: ======'modes_active_modes_changed'====== Args={}
2020-10-05 09:49:08,378 : INFO : EventManager : Event: ======'mode_base_started'====== Args={'queue': <QueuedEvent>, 'player': 1, 'ball': 1, 'balls_remaining': 4, 'is_extra_ball': False}
2020-10-05 09:49:08,380 : INFO : EventManager : Event: ======'mode_soulLanes_will_start'====== Args={'player': 1, 'ball': 1, 'balls_remaining': 4, 'is_extra_ball': False}
2020-10-05 09:49:08,381 : INFO : EventManager : Event: ======'player_shot_soul_S_enabled'====== Args={'value': True, 'prev_value': 0, 'change': 1, 'player_num': 1}
2020-10-05 09:49:08,385 : INFO : EventManager : Event: ======'player_shot_soul_O_enabled'====== Args={'value': True, 'prev_value': 0, 'change': 1, 'player_num': 1}
2020-10-05 09:49:08,387 : INFO : EventManager : Event: ======'player_shot_soul_U_enabled'====== Args={'value': True, 'prev_value': 0, 'change': 1, 'player_num': 1}
2020-10-05 09:49:08,388 : INFO : EventManager : Event: ======'player_shot_soul_L_enabled'====== Args={'value': True, 'prev_value': 0, 'change': 1, 'player_num': 1}
2020-10-05 09:49:08,391 : INFO : EventManager : Event: ======'soul_lanes_complete'====== Args={'state': 'unlit'}
2020-10-05 09:49:08,391 : INFO : EventManager : Event: ======'soul_lanes_unlit_complete'====== Args={}
2020-10-05 09:49:08,396 : INFO : EventManager : Event: ======'mode_soulLanes_starting'====== Args={'player': 1, 'ball': 1, 'balls_remaining': 4, 'is_extra_ball': False}
2020-10-05 09:49:08,403 : INFO : EventManager : Event: ======'logicblock_contarct_counter_updated'====== Args={'value': 1, 'enabled': True}
2020-10-05 09:49:08,404 : INFO : EventManager : Event: ======'logicblock_contarct_counter_updated'====== Args={'value': 1, 'enabled': True}
2020-10-05 09:49:08,404 : INFO : Mode.soulLanes : Started. Priority: 110
2020-10-05 09:49:08,404 : INFO : EventManager : Event: ======'modes_active_modes_changed'====== Args={}
2020-10-05 09:49:08,405 : INFO : EventManager : Event: ======'mode_soulLanes_started'====== Args={'player': 1, 'ball': 1, 'balls_remaining': 4, 'is_extra_ball': False}
2020-10-05 09:49:08,406 : INFO : EventManager : Event: ======'single_player_ball_started'====== Args={}
2020-10-05 09:49:08,469 : INFO : EventManager : Event: ======'player_bonus_multiplier'====== Args={'value': 0, 'prev_value': 1, 'change': -1, 'player_num': 1}
2020-10-05 09:49:08,479 : INFO : ball_device.bd_plunger : Setting up player-controlled eject. Balls: 1, Target: <playfield.playfield>, player_controlled_eject_event: None
2020-10-05 09:49:08,480 : INFO : EventManager : Event: ======'balldevice_balls_available'====== Args={}
2020-10-05 09:49:08,535 : INFO : EventManager : Event: ======'slide_base.slide_player-mode_base_started_created'====== Args={'_from_bcp': True}
2020-10-05 09:49:08,535 : INFO : EventManager : Event: ======'slide_base.slide_player-mode_base_started_active'====== Args={'_from_bcp': True}
2020-10-05 09:49:08,537 : INFO : ball_device.bd_trough : State: waiting_for_target_ready
2020-10-05 09:49:08,538 : INFO : EventManager : Event: ======'balldevice_bd_trough_ball_eject_attempt'====== Args={'balls': 1, 'target': <ball_device.bd_plunger>, 'source': <ball_device.bd_trough>, 'mechanical_eject': True, 'num_attempts': 0}
2020-10-05 09:49:08,539 : INFO : ball_device.bd_plunger : State: waiting_for_ball
2020-10-05 09:49:08,542 : INFO : ball_device.bd_trough : State: ejecting
2020-10-05 09:49:08,542 : INFO : ball_device.bd_trough : Ejecting ball to <ball_device.bd_plunger>
2020-10-05 09:49:08,543 : INFO : EventManager : Event: ======'balldevice_bd_trough_ejecting_ball'====== Args={'balls': 1, 'target': <ball_device.bd_plunger>, 'source': <ball_device.bd_trough>, 'mechanical_eject': True, 'num_attempts': 0}
2020-10-05 09:49:08,545 : INFO : ball_device.bd_trough : Wait for ball to leave device
2020-10-05 09:49:08,545 : INFO : coil.c_trough_eject : Pulsing Driver for 20ms (1.0 pulse_power)
2020-10-05 09:49:08,546 : INFO : SwitchController : <<<<<<< 's_trough1' inactive >>>>>>>
2020-10-05 09:49:08,572 : INFO : ball_device.bd_trough : State: ball_left
2020-10-05 09:49:08,574 : INFO : ball_device.bd_trough : Ball left
2020-10-05 09:49:08,574 : INFO : ball_device.bd_trough : Wait for confirm with timeout 10.0
2020-10-05 09:49:08,636 : INFO : SwitchController : <<<<<<< 's_plunger' active >>>>>>>
2020-10-05 09:49:08,636 : INFO : EventManager : Event: ======'machine_var_audits_switches_s_plunger'====== Args={'value': 592, 'prev_value': 591, 'change': 1}
2020-10-05 09:49:09,127 : INFO : ball_device.bd_plunger : Received ball from <ball_device.bd_trough>
2020-10-05 09:49:09,128 : INFO : EventManager : Event: ======'balldevice_bd_plunger_ball_enter'====== Args={'new_balls': 1, 'unclaimed_balls': 0, 'new_available_balls': 0, 'device': <ball_device.bd_plunger>}
2020-10-05 09:49:09,129 : INFO : EventManager : Event: ======'balldevice_bd_plunger_ball_entered'====== Args={'new_balls': 0, 'device': <ball_device.bd_plunger>}
2020-10-05 09:49:09,130 : INFO : EventManager : Event: ======'balldevice_bd_plunger_ball_count_changed'====== Args={'balls': 1}
2020-10-05 09:49:09,131 : INFO : ball_device.bd_trough : Got eject confirm
2020-10-05 09:49:09,131 : INFO : ball_device.bd_trough : Eject successful
2020-10-05 09:49:09,131 : INFO : EventManager : Event: ======'balldevice_bd_trough_ball_eject_success'====== Args={'balls': 1, 'target': <ball_device.bd_plunger>}
2020-10-05 09:49:09,132 : INFO : EventManager : Event: ======'balldevice_bd_trough_ball_count_changed'====== Args={'balls': 1}
2020-10-05 09:49:09,133 : INFO : ball_device.bd_trough : State: idle
2020-10-05 09:49:09,134 : INFO : ball_device.bd_plunger : State: waiting_for_target_ready
2020-10-05 09:49:09,134 : INFO : EventManager : Event: ======'balldevice_bd_plunger_ball_eject_attempt'====== Args={'balls': 1, 'target': <playfield.playfield>, 'source': <ball_device.bd_plunger>, 'mechanical_eject': True, 'num_attempts': 0}
2020-10-05 09:49:09,135 : INFO : ball_device.bd_plunger : State: ejecting
2020-10-05 09:49:09,136 : INFO : ball_device.bd_plunger : Ejecting ball to <playfield.playfield>
2020-10-05 09:49:09,137 : INFO : EventManager : Event: ======'balldevice_bd_plunger_ejecting_ball'====== Args={'balls': 1, 'target': <playfield.playfield>, 'source': <ball_device.bd_plunger>, 'mechanical_eject': True, 'num_attempts': 0}
2020-10-05 09:49:09,139 : INFO : ball_device.bd_plunger : Wait for ball to leave device
2020-10-05 09:49:12,959 : INFO : SwitchController : <<<<<<< 's_soul_S' active >>>>>>>
2020-10-05 09:49:12,960 : INFO : EventManager : Event: ======'s_soul_S_active'====== Args={}
2020-10-05 09:49:12,960 : INFO : EventManager : Event: ======'machine_var_audits_switches_s_soul_S'====== Args={'value': 278, 'prev_value': 277, 'change': 1}
2020-10-05 09:49:12,962 : INFO : EventManager : Event: ======'playfield_active'====== Args={}
2020-10-05 09:49:12,973 : INFO : EventManager : Event: ======'player_shot_soul_S'====== Args={'value': 1, 'prev_value': 0, 'change': 1, 'player_num': 1}
2020-10-05 09:49:12,977 : INFO : EventManager : Event: ======'machine_var_audits_shots_soul_S'====== Args={'value': 278, 'prev_value': 277, 'change': 1}
2020-10-05 09:49:12,978 : INFO : EventManager : Event: ======'soul_S_hit'====== Args={'profile': 'default', 'state': 'unlit', 'advancing': True}
2020-10-05 09:49:12,979 : INFO : EventManager : Event: ======'soul_S_default_hit'====== Args={'profile': 'default', 'state': 'unlit', 'advancing': True}
2020-10-05 09:49:12,979 : INFO : EventManager : Event: ======'soul_S_default_unlit_hit'====== Args={'profile': 'default', 'state': 'unlit', 'advancing': True}
2020-10-05 09:49:12,980 : INFO : EventManager : Event: ======'soul_S_unlit_hit'====== Args={'profile': 'default', 'state': 'unlit', 'advancing': True}
2020-10-05 09:49:12,981 : INFO : EventManager : Event: ======'player_score'====== Args={'value': 10, 'prev_value': 0, 'change': 10, 'player_num': 1}
2020-10-05 09:49:12,981 : INFO : EventManager : Event: ======'soul_lanes_hit'====== Args={}
2020-10-05 09:49:12,982 : INFO : EventManager : Event: ======'soul_lanes_unlit_hit'====== Args={}
2020-10-05 09:49:13,177 : INFO : SwitchController : <<<<<<< 's_soul_S' inactive >>>>>>>
2020-10-05 09:49:13,492 : INFO : SwitchController : <<<<<<< 's_soul_O' active >>>>>>>
2020-10-05 09:49:13,493 : INFO : EventManager : Event: ======'s_soul_O_active'====== Args={}
2020-10-05 09:49:13,493 : INFO : EventManager : Event: ======'machine_var_audits_switches_s_soul_O'====== Args={'value': 250, 'prev_value': 249, 'change': 1}
2020-10-05 09:49:13,495 : INFO : EventManager : Event: ======'playfield_active'====== Args={}
2020-10-05 09:49:13,496 : INFO : EventManager : Event: ======'player_shot_soul_O'====== Args={'value': 1, 'prev_value': 0, 'change': 1, 'player_num': 1}
2020-10-05 09:49:13,497 : INFO : EventManager : Event: ======'machine_var_audits_shots_soul_O'====== Args={'value': 245, 'prev_value': 244, 'change': 1}
2020-10-05 09:49:13,498 : INFO : EventManager : Event: ======'soul_O_hit'====== Args={'profile': 'default', 'state': 'unlit', 'advancing': True}
2020-10-05 09:49:13,499 : INFO : EventManager : Event: ======'soul_O_default_hit'====== Args={'profile': 'default', 'state': 'unlit', 'advancing': True}
2020-10-05 09:49:13,500 : INFO : EventManager : Event: ======'soul_O_default_unlit_hit'====== Args={'profile': 'default', 'state': 'unlit', 'advancing': True}
2020-10-05 09:49:13,500 : INFO : EventManager : Event: ======'soul_O_unlit_hit'====== Args={'profile': 'default', 'state': 'unlit', 'advancing': True}
2020-10-05 09:49:13,501 : INFO : EventManager : Event: ======'player_score'====== Args={'value': 20, 'prev_value': 10, 'change': 10, 'player_num': 1}
2020-10-05 09:49:13,503 : INFO : EventManager : Event: ======'soul_lanes_hit'====== Args={}
2020-10-05 09:49:13,503 : INFO : EventManager : Event: ======'soul_lanes_unlit_hit'====== Args={}
2020-10-05 09:49:13,694 : INFO : SwitchController : <<<<<<< 's_soul_O' inactive >>>>>>>
2020-10-05 09:49:14,120 : INFO : SwitchController : <<<<<<< 's_soul_U' active >>>>>>>
2020-10-05 09:49:14,121 : INFO : EventManager : Event: ======'s_soul_U_active'====== Args={}
2020-10-05 09:49:14,122 : INFO : EventManager : Event: ======'machine_var_audits_switches_s_soul_U'====== Args={'value': 240, 'prev_value': 239, 'change': 1}
2020-10-05 09:49:14,124 : INFO : EventManager : Event: ======'playfield_active'====== Args={}
2020-10-05 09:49:14,125 : INFO : EventManager : Event: ======'player_shot_soul_U'====== Args={'value': 1, 'prev_value': 0, 'change': 1, 'player_num': 1}
2020-10-05 09:49:14,126 : INFO : EventManager : Event: ======'machine_var_audits_shots_soul_U'====== Args={'value': 240, 'prev_value': 239, 'change': 1}
2020-10-05 09:49:14,127 : INFO : EventManager : Event: ======'soul_U_hit'====== Args={'profile': 'default', 'state': 'unlit', 'advancing': True}
2020-10-05 09:49:14,128 : INFO : EventManager : Event: ======'soul_U_default_hit'====== Args={'profile': 'default', 'state': 'unlit', 'advancing': True}
2020-10-05 09:49:14,128 : INFO : EventManager : Event: ======'soul_U_default_unlit_hit'====== Args={'profile': 'default', 'state': 'unlit', 'advancing': True}
2020-10-05 09:49:14,129 : INFO : EventManager : Event: ======'soul_U_unlit_hit'====== Args={'profile': 'default', 'state': 'unlit', 'advancing': True}
2020-10-05 09:49:14,130 : INFO : EventManager : Event: ======'player_score'====== Args={'value': 30, 'prev_value': 20, 'change': 10, 'player_num': 1}
2020-10-05 09:49:14,130 : INFO : EventManager : Event: ======'soul_lanes_hit'====== Args={}
2020-10-05 09:49:14,131 : INFO : EventManager : Event: ======'soul_lanes_unlit_hit'====== Args={}
2020-10-05 09:49:14,272 : INFO : SwitchController : <<<<<<< 's_soul_U' inactive >>>>>>>
2020-10-05 09:49:14,741 : INFO : SwitchController : <<<<<<< 's_soul_L' active >>>>>>>
2020-10-05 09:49:14,741 : INFO : EventManager : Event: ======'s_soul_L_active'====== Args={}
2020-10-05 09:49:14,741 : INFO : EventManager : Event: ======'machine_var_audits_switches_s_soul_L'====== Args={'value': 239, 'prev_value': 238, 'change': 1}
2020-10-05 09:49:14,744 : INFO : EventManager : Event: ======'playfield_active'====== Args={}
2020-10-05 09:49:14,744 : INFO : EventManager : Event: ======'player_shot_soul_L'====== Args={'value': 1, 'prev_value': 0, 'change': 1, 'player_num': 1}
2020-10-05 09:49:14,746 : INFO : EventManager : Event: ======'machine_var_audits_shots_soul_L'====== Args={'value': 238, 'prev_value': 237, 'change': 1}
2020-10-05 09:49:14,747 : INFO : EventManager : Event: ======'soul_L_hit'====== Args={'profile': 'default', 'state': 'unlit', 'advancing': True}
2020-10-05 09:49:14,748 : INFO : EventManager : Event: ======'soul_L_default_hit'====== Args={'profile': 'default', 'state': 'unlit', 'advancing': True}
2020-10-05 09:49:14,749 : INFO : EventManager : Event: ======'soul_L_default_unlit_hit'====== Args={'profile': 'default', 'state': 'unlit', 'advancing': True}
2020-10-05 09:49:14,749 : INFO : EventManager : Event: ======'soul_L_unlit_hit'====== Args={'profile': 'default', 'state': 'unlit', 'advancing': True}
2020-10-05 09:49:14,750 : INFO : EventManager : Event: ======'player_score'====== Args={'value': 40, 'prev_value': 30, 'change': 10, 'player_num': 1}
2020-10-05 09:49:14,750 : INFO : EventManager : Event: ======'soul_lanes_complete'====== Args={'state': 'lit'}
2020-10-05 09:49:14,751 : INFO : EventManager : Event: ======'soul_lanes_lit_complete'====== Args={}
2020-10-05 09:49:14,753 : INFO : EventManager : Event: ======'soul_lanes_hit'====== Args={}
2020-10-05 09:49:14,754 : INFO : EventManager : Event: ======'soul_lanes_unlit_hit'====== Args={}
2020-10-05 09:49:14,754 : INFO : EventManager : Event: ======'logicblock_contarct_counter_updated'====== Args={'value': 2, 'enabled': True}
2020-10-05 09:49:14,755 : INFO : EventManager : Event: ======'soul_lanes_done'====== Args={'count': 2}
2020-10-05 09:49:14,757 : INFO : EventManager : Event: ======'player_bonus_multiplier'====== Args={'value': 1, 'prev_value': 0, 'change': 1, 'player_num': 1}
2020-10-05 09:49:14,927 : INFO : SwitchController : <<<<<<< 's_soul_L' inactive >>>>>>>
2020-10-05 09:49:15,754 : INFO : EventManager : Event: ======'player_shot_soul_S'====== Args={'value': 0, 'prev_value': 1, 'change': -1, 'player_num': 1}
2020-10-05 09:49:15,756 : INFO : EventManager : Event: ======'player_shot_soul_O'====== Args={'value': 0, 'prev_value': 1, 'change': -1, 'player_num': 1}
2020-10-05 09:49:15,757 : INFO : EventManager : Event: ======'player_shot_soul_U'====== Args={'value': 0, 'prev_value': 1, 'change': -1, 'player_num': 1}
2020-10-05 09:49:15,759 : INFO : EventManager : Event: ======'player_shot_soul_L'====== Args={'value': 0, 'prev_value': 1, 'change': -1, 'player_num': 1}
2020-10-05 09:49:17,407 : INFO : SwitchController : <<<<<<< 's_trough1' active >>>>>>>
2020-10-05 09:49:17,407 : INFO : EventManager : Event: ======'s_trough1_active'====== Args={}
2020-10-05 09:49:17,408 : INFO : EventManager : Event: ======'machine_var_audits_switches_s_trough1'====== Args={'value': 522, 'prev_value': 521, 'change': 1}
2020-10-05 09:49:17,409 : INFO : EventManager : Event: ======'mode_bonusPayout_will_start'====== Args={}
2020-10-05 09:49:17,423 : INFO : Timer.bonus_countdown : Starting Timer.
2020-10-05 09:49:17,423 : INFO : EventManager : Event: ======'timer_bonus_countdown_started'====== Args={'ticks': 0, 'ticks_remaining': 3}
2020-10-05 09:49:17,424 : INFO : EventManager : Event: ======'timer_bonus_countdown_tick'====== Args={'ticks': 0, 'ticks_remaining': 3}
2020-10-05 09:49:17,426 : INFO : EventManager : Event: ======'mode_bonusPayout_starting'====== Args={}
2020-10-05 09:49:17,426 : INFO : Mode.bonusPayout : Started. Priority: 140
2020-10-05 09:49:17,426 : INFO : EventManager : Event: ======'modes_active_modes_changed'====== Args={}
2020-10-05 09:49:17,427 : INFO : EventManager : Event: ======'mode_bonusPayout_started'====== Args={}
2020-10-05 09:49:17,896 : INFO : EventManager : Event: ======'balldevice_bd_trough_ball_count_changed'====== Args={'balls': 2}
2020-10-05 09:49:17,896 : INFO : ball_device.bd_trough : Received unexpected ball
2020-10-05 09:49:17,896 : INFO : EventManager : Event: ======'balldevice_captured_from_playfield'====== Args={'balls': 1}
2020-10-05 09:49:17,897 : INFO : EventManager : Event: ======'sw_playfield_active'====== Args={'balls': 1}
2020-10-05 09:49:17,898 : INFO : EventManager : Event: ======'playfield_active'====== Args={}
2020-10-05 09:49:17,899 : INFO : EventManager : Event: ======'playfield_ball_count_change'====== Args={'balls': -1, 'change': -1}
2020-10-05 09:49:17,900 : INFO : EventManager : Event: ======'balldevice_playfield_ball_enter'====== Args={'new_balls': 1, 'unclaimed_balls': 1, 'device': <playfield.playfield>}
2020-10-05 09:49:17,901 : INFO : EventManager : Event: ======'playfield_ball_count_change'====== Args={'balls': 0, 'change': 1}
2020-10-05 09:49:17,902 : INFO : BallController : Found a new ball which was captured from playfield. Known balls: 3
2020-10-05 09:49:17,902 : INFO : EventManager : Event: ======'found_new_ball'====== Args={}
2020-10-05 09:49:17,903 : INFO : EventManager : Event: ======'balldevice_bd_trough_ball_enter'====== Args={'new_balls': 1, 'unclaimed_balls': 1, 'new_available_balls': 1, 'device': <ball_device.bd_trough>}
2020-10-05 09:49:17,904 : INFO : EventManager : Event: ======'ball_drain'====== Args={'device': <ball_device.bd_trough>, 'balls': 1}
2020-10-05 09:49:17,905 : INFO : EventManager : Event: ======'ball_will_end'====== Args={}
2020-10-05 09:49:17,906 : INFO : EventManager : Event: ======'balldevice_balls_available'====== Args={}
2020-10-05 09:49:17,907 : INFO : EventManager : Event: ======'balldevice_bd_trough_ball_entered'====== Args={'new_balls': 1, 'device': <ball_device.bd_trough>}
2020-10-05 09:49:17,909 : INFO : EventManager : Event: ======'ball_ending'====== Args={}
2020-10-05 09:49:17,910 : INFO : EventManager : Event: ======'mode_bonusPayout_will_stop'====== Args={}
2020-10-05 09:49:17,911 : INFO : EventManager : Event: ======'mode_bonusPayout_stopping'====== Args={}
2020-10-05 09:49:17,911 : INFO : EventManager : Event: ======'mode_soulLanes_will_stop'====== Args={}
2020-10-05 09:49:17,912 : INFO : EventManager : Event: ======'mode_soulLanes_stopping'====== Args={}
2020-10-05 09:49:17,912 : INFO : EventManager : Event: ======'mode_base_will_stop'====== Args={}
2020-10-05 09:49:17,913 : INFO : EventManager : Event: ======'mode_base_stopping'====== Args={}
2020-10-05 09:49:17,913 : INFO : Mode.base : Stopped.
2020-10-05 09:49:17,913 : INFO : EventManager : Event: ======'modes_active_modes_changed'====== Args={}
2020-10-05 09:49:17,916 : INFO : EventManager : Event: ======'mode_base_stopped'====== Args={}
2020-10-05 09:49:17,917 : INFO : EventManager : Event: ======'clear'====== Args={'key': 'base'}
2020-10-05 09:49:17,918 : INFO : Mode.soulLanes : Stopped.
2020-10-05 09:49:17,918 : INFO : EventManager : Event: ======'modes_active_modes_changed'====== Args={}
2020-10-05 09:49:17,920 : INFO : EventManager : Event: ======'mode_soulLanes_stopped'====== Args={}
2020-10-05 09:49:17,920 : INFO : EventManager : Event: ======'clear'====== Args={'key': 'soulLanes'}
2020-10-05 09:49:17,923 : INFO : Mode.bonusPayout : Stopped.
2020-10-05 09:49:17,923 : INFO : EventManager : Event: ======'modes_active_modes_changed'====== Args={}
2020-10-05 09:49:17,924 : INFO : EventManager : Event: ======'mode_bonusPayout_stopped'====== Args={}
2020-10-05 09:49:17,924 : INFO : EventManager : Event: ======'clear'====== Args={'key': 'bonusPayout'}
2020-10-05 09:49:17,925 : INFO : Timer.bonus_countdown : Stopping Timer
2020-10-05 09:49:17,926 : INFO : EventManager : Event: ======'timer_bonus_countdown_stopped'====== Args={'ticks': 0, 'ticks_remaining': 3}
2020-10-05 09:49:17,984 : INFO : EventManager : Event: ======'ball_ended'====== Args={}
2020-10-05 09:49:17,993 : INFO : EventManager : Event: ======'slide_base.slide_player-mode_base_started_removed'====== Args={'_from_bcp': True}
2020-10-05 09:49:17,994 : INFO : EventManager : Event: ======'slide_welcome_slide_active'====== Args={'_from_bcp': True}
2020-10-05 09:49:17,995 : INFO : EventManager : Event: ======'player_turn_will_end'====== Args={'player': <Player 1>, 'number': 1}
2020-10-05 09:49:18,015 : INFO : EventManager : Event: ======'player_turn_ending'====== Args={'player': <Player 1>, 'number': 1}
2020-10-05 09:49:18,017 : INFO : EventManager : Event: ======'player_turn_ended'====== Args={'player': <Player 1>, 'number': 1}
2020-10-05 09:49:18,018 : INFO : EventManager : Event: ======'player_turn_will_start'====== Args={'player': <Player 1>, 'number': 1}
2020-10-05 09:49:18,018 : INFO : EventManager : Event: ======'player_turn_starting'====== Args={'player': <Player 1>, 'number': 1}
2020-10-05 09:49:18,020 : INFO : EventManager : Event: ======'player_ball'====== Args={'value': 2, 'prev_value': 1, 'change': 1, 'player_num': 1}
2020-10-05 09:49:18,023 : INFO : EventManager : Event: ======'player_turn_started'====== Args={'player': <Player 1>, 'number': 1}
2020-10-05 09:49:18,026 : INFO : EventManager : Event: ======'ball_will_start'====== Args={'player': 1, 'ball': 2, 'balls_remaining': 3, 'is_extra_ball': False}
2020-10-05 09:49:18,046 : INFO : EventManager : Event: ======'ball_starting'====== Args={'player': 1, 'ball': 2, 'balls_remaining': 3, 'is_extra_ball': False}
2020-10-05 09:49:18,047 : INFO : EventManager : Event: ======'mode_base_will_start'====== Args={'queue': <QueuedEvent>, 'player': 1, 'ball': 2, 'balls_remaining': 3, 'is_extra_ball': False}
2020-10-05 09:49:18,053 : INFO : EventManager : Event: ======'mode_base_starting'====== Args={'queue': <QueuedEvent>, 'player': 1, 'ball': 2, 'balls_remaining': 3, 'is_extra_ball': False}
2020-10-05 09:49:18,054 : INFO : drop_target_bank.cup_bank : All targets are already up. Will not reset bank.
2020-10-05 09:49:18,055 : INFO : drop_target_bank.mug_bank : All targets are already up. Will not reset bank.
2020-10-05 09:49:18,056 : INFO : EventManager : Event: ======'balls_in_play'====== Args={'balls': 1}
2020-10-05 09:49:18,056 : INFO : EventManager : Event: ======'ball_started'====== Args={'player': 1, 'ball': 2, 'balls_remaining': 3, 'is_extra_ball': False}
2020-10-05 09:49:18,059 : INFO : EventManager : Event: ======'logicblock_bonus_updated'====== Args={'value': 0, 'enabled': True}
2020-10-05 09:49:18,059 : INFO : EventManager : Event: ======'logicblock_bonus_updated'====== Args={'value': 0, 'enabled': True}
2020-10-05 09:49:18,060 : INFO : Mode.base : Started. Priority: 100
2020-10-05 09:49:18,060 : INFO : EventManager : Event: ======'modes_active_modes_changed'====== Args={}
2020-10-05 09:49:18,061 : INFO : EventManager : Event: ======'mode_base_started'====== Args={'queue': <QueuedEvent>, 'player': 1, 'ball': 2, 'balls_remaining': 3, 'is_extra_ball': False}
2020-10-05 09:49:18,063 : INFO : EventManager : Event: ======'mode_soulLanes_will_start'====== Args={'player': 1, 'ball': 2, 'balls_remaining': 3, 'is_extra_ball': False}
2020-10-05 09:49:18,065 : INFO : EventManager : Event: ======'soul_lanes_complete'====== Args={'state': 'unlit'}
2020-10-05 09:49:18,065 : INFO : EventManager : Event: ======'soul_lanes_unlit_complete'====== Args={}
2020-10-05 09:49:18,070 : INFO : EventManager : Event: ======'mode_soulLanes_starting'====== Args={'player': 1, 'ball': 2, 'balls_remaining': 3, 'is_extra_ball': False}
2020-10-05 09:49:18,165 : INFO : EventManager : Event: ======'logicblock_contarct_counter_updated'====== Args={'value': 1, 'enabled': True}
2020-10-05 09:49:18,166 : INFO : EventManager : Event: ======'logicblock_contarct_counter_updated'====== Args={'value': 1, 'enabled': True}
2020-10-05 09:49:18,166 : INFO : Mode.soulLanes : Started. Priority: 110
2020-10-05 09:49:18,166 : INFO : EventManager : Event: ======'modes_active_modes_changed'====== Args={}
2020-10-05 09:49:18,167 : INFO : EventManager : Event: ======'mode_soulLanes_started'====== Args={'player': 1, 'ball': 2, 'balls_remaining': 3, 'is_extra_ball': False}
2020-10-05 09:49:18,168 : INFO : EventManager : Event: ======'single_player_ball_started'====== Args={}
2020-10-05 09:49:18,169 : INFO : EventManager : Event: ======'player_bonus_multiplier'====== Args={'value': 0, 'prev_value': 1, 'change': -1, 'player_num': 1}
2020-10-05 09:49:18,171 : INFO : EventManager : Event: ======'slide_base.slide_player-mode_base_started_created'====== Args={'_from_bcp': True}
2020-10-05 09:49:18,173 : INFO : EventManager : Event: ======'slide_base.slide_player-mode_base_started_active'====== Args={'_from_bcp': True}
2020-10-05 09:49:18,174 : INFO : ball_device.bd_plunger : Setting up player-controlled eject. Balls: 1, Target: <playfield.playfield>, player_controlled_eject_event: None
2020-10-05 09:49:18,175 : INFO : EventManager : Event: ======'balldevice_balls_available'====== Args={}
2020-10-05 09:49:18,218 : INFO : ball_device.bd_trough : State: waiting_for_target_ready
2020-10-05 09:49:18,218 : INFO : EventManager : Event: ======'balldevice_bd_trough_ball_eject_attempt'====== Args={'balls': 1, 'target': <ball_device.bd_plunger>, 'source': <ball_device.bd_trough>, 'mechanical_eject': True, 'num_attempts': 0}
2020-10-05 09:49:29,084 : INFO : Machine : Shutting down...
2020-10-05 09:49:29,084 : INFO : EventManager : Event: ======'shutdown'====== Args={}
2020-10-05 09:49:29,084 : INFO : root : MPF run loop ended.
