2020-10-04 22:03:41,708 : kivy : Factory: 184 symbols loaded
2020-10-04 22:03:42,147 : kivy : ImageLoaderFFPy: Using ffpyplayer 4.3.1
2020-10-04 22:03:42,150 : kivy : Image: Providers: img_tex, img_dds, img_sdl2, img_pil, img_ffpyplayer, img_gif 
2020-10-04 22:03:42,248 : kivy : VideoGstplayer: Using Gstreamer 1.16.0.0
2020-10-04 22:03:42,249 : kivy : Video: Provider: gstplayer
2020-10-04 22:03:42,386 : kivy : Loading MPF-MC controller
2020-10-04 22:03:42,405 : YamlMultifileConfigLoader : Machine config file #1: config
2020-10-04 22:03:42,408 : ConfigProcessor : Config file in cache changed: c:\GitHub\Cuphead\config\config
2020-10-04 22:03:42,409 : ConfigProcessor : Loading config from file c:\users\themi\appdata\local\programs\python\python36\lib\site-packages\mpfmc\mcconfig.yaml.
2020-10-04 22:03:42,488 : ConfigProcessor : Loading config: c:\users\themi\appdata\local\programs\python\python36\lib\site-packages\mpfmc\mcconfig.yaml
2020-10-04 22:03:42,488 : ConfigProcessor : Loading config from file c:\GitHub\Cuphead\config\config.
2020-10-04 22:03:42,510 : ConfigProcessor : Loading config: c:\GitHub\Cuphead\config\config
2020-10-04 22:03:42,523 : ConfigProcessor : Loading config: c:\GitHub\Cuphead\config\keyboard.yaml
2020-10-04 22:03:42,588 : ConfigProcessor : Loading config: c:\GitHub\Cuphead\config\hwSwitches.yaml
2020-10-04 22:03:42,687 : ConfigProcessor : Loading config: c:\GitHub\Cuphead\config\hwLights.yaml
2020-10-04 22:03:42,715 : ConfigProcessor : Loading config: c:\GitHub\Cuphead\config\hwCoils.yaml
2020-10-04 22:03:42,720 : ConfigProcessor : Config file cache created: C:\Users\themi\AppData\Local\Temp\0cbdbb896bde7c562664fa91ae109528.mpf_cache
2020-10-04 22:03:42,722 : ConfigProcessor : Loading config from cache: C:\Users\themi\AppData\Local\Temp\89b9c5cb952cce9fc74d723399719cc6.mpf_cache
2020-10-04 22:03:42,723 : ConfigProcessor : Loading config from cache: C:\Users\themi\AppData\Local\Temp\4fcecb70f81c3c2fefb8e65ae9a0af5f.mpf_cache
2020-10-04 22:03:42,724 : ConfigProcessor : Loading config from cache: C:\Users\themi\AppData\Local\Temp\5820a65357aa32f3082a694bbd0b1b93.mpf_cache
2020-10-04 22:03:42,725 : ConfigProcessor : Loading config from cache: C:\Users\themi\AppData\Local\Temp\2f1df67e0c6599f893aeb5468bc976f9.mpf_cache
2020-10-04 22:03:42,726 : mpfmc : Mission Pinball Framework Media Controller v0.54.0-dev.20
2020-10-04 22:03:42,726 : mpfmc : Mission Pinball Framework Game Engine v0.54.0-dev.72
2020-10-04 22:03:42,727 : mpfmc : Machine path: c:\GitHub\Cuphead
2020-10-04 22:03:42,727 : mpfmc : Starting clock at 60.0Hz
2020-10-04 22:03:42,754 : kivy : Text: Provider: sdl2
2020-10-04 22:03:42,827 : kivy : Window: Provider: sdl2
2020-10-04 22:03:43,428 : kivy : GL: Using the "OpenGL" graphics system
2020-10-04 22:03:43,432 : kivy : GL: GLEW initialization succeeded
2020-10-04 22:03:43,432 : kivy : GL: Backend used <glew>
2020-10-04 22:03:43,434 : kivy : GL: OpenGL version <b'4.5.14568 Compatibility Profile Context 24.20.12050.0'>
2020-10-04 22:03:43,434 : kivy : GL: OpenGL vendor <b'ATI Technologies Inc.'>
2020-10-04 22:03:43,435 : kivy : GL: OpenGL renderer <b'AMD Radeon(TM) R4 Graphics'>
2020-10-04 22:03:43,438 : kivy : GL: OpenGL parsed version: 4, 5
2020-10-04 22:03:43,438 : kivy : GL: Shading version <b'4.50'>
2020-10-04 22:03:43,438 : kivy : GL: Texture max size <16384>
2020-10-04 22:03:43,439 : kivy : GL: Texture max units <32>
2020-10-04 22:03:43,474 : kivy : Window: auto add sdl2 input provider
2020-10-04 22:03:43,475 : kivy : Window: virtual keyboard not allowed, single mode, not docked
2020-10-04 22:03:43,491 : SoundSystem : SoundSystem: Using default 'sound_system' settings
2020-10-04 22:03:44,215 : AudioInterface : Initialized
2020-10-04 22:03:44,215 : SoundSystem : No audio tracks are specified in your machine config file. a track named 'default' has been created.
2020-10-04 22:03:44,222 : kivy : Base: Start application main loop
2020-10-04 22:03:44,224 : EventManager : Event: ======'display_window_initialized'====== Args={}
2020-10-04 22:03:44,269 : mpfmc : Display: Setting 'window' as default display
2020-10-04 22:03:44,282 : EventManager : Event: ======'displays_initialized'====== Args={}
2020-10-04 22:03:44,286 : EventManager : Event: ======'slide_window_blank_created'====== Args={}
2020-10-04 22:03:44,287 : EventManager : Event: ======'display_window_ready'====== Args={}
2020-10-04 22:03:44,305 : EventManager : Event: ======'init_phase_1'====== Args={}
2020-10-04 22:03:44,312 : EventManager : Event: ======'mc_ready'====== Args={}
2020-10-04 22:03:44,312 : EventManager : Event: ======'init_phase_2'====== Args={}
2020-10-04 22:03:44,318 : EventManager : Event: ======'init_phase_3'====== Args={}
2020-10-04 22:03:44,320 : AssetManager : Registering Asset: cupHighScore, File: cupHighScore.ogg, Default Group: default, Final Config: {'load': 'preload', 'file': 'c:\\GitHub\\Cuphead\\modes\\base\\sounds\\music\\cupHighScore.ogg'}
2020-10-04 22:03:44,320 : AssetManager : Registering Asset: cupMusic1, File: cupMusic1.ogg, Default Group: default, Final Config: {'load': 'preload', 'target': 'music', 'loop': -1, 'mode_end_action': 'stop', 'file': 'c:\\GitHub\\Cuphead\\modes\\base\\sounds\\music\\cupMusic1.ogg'}
2020-10-04 22:03:44,320 : AssetManager : Registering Asset: cupMusic2, File: cupMusic2.ogg, Default Group: default, Final Config: {'load': 'preload', 'target': 'music', 'loop': -1, 'mode_end_action': 'stop', 'file': 'c:\\GitHub\\Cuphead\\modes\\base\\sounds\\music\\cupMusic2.ogg'}
2020-10-04 22:03:44,321 : AssetManager : Registering Asset: cupMusic3, File: cupMusic3.ogg, Default Group: default, Final Config: {'load': 'preload', 'target': 'music', 'loop': -1, 'mode_end_action': 'stop', 'file': 'c:\\GitHub\\Cuphead\\modes\\base\\sounds\\music\\cupMusic3.ogg'}
2020-10-04 22:03:44,321 : AssetManager : Registering Asset: cupMusic4, File: cupMusic4.ogg, Default Group: default, Final Config: {'load': 'preload', 'target': 'music', 'loop': -1, 'mode_end_action': 'stop', 'file': 'c:\\GitHub\\Cuphead\\modes\\base\\sounds\\music\\cupMusic4.ogg'}
2020-10-04 22:03:44,321 : AssetManager : Registering Asset: cupMusic5, File: cupMusic5.ogg, Default Group: default, Final Config: {'load': 'preload', 'file': 'c:\\GitHub\\Cuphead\\modes\\base\\sounds\\music\\cupMusic5.ogg'}
2020-10-04 22:03:44,321 : AssetManager : Registering Asset: cupMusic6, File: cupMusic6.ogg, Default Group: default, Final Config: {'load': 'preload', 'file': 'c:\\GitHub\\Cuphead\\modes\\base\\sounds\\music\\cupMusic6.ogg'}
2020-10-04 22:03:44,321 : AssetManager : Registering Asset: cupMusic7, File: cupMusic7.ogg, Default Group: default, Final Config: {'load': 'preload', 'file': 'c:\\GitHub\\Cuphead\\modes\\base\\sounds\\music\\cupMusic7.ogg'}
2020-10-04 22:03:44,321 : AssetManager : Registering Asset: cupMusic8, File: cupMusic8.ogg, Default Group: default, Final Config: {'load': 'preload', 'file': 'c:\\GitHub\\Cuphead\\modes\\base\\sounds\\music\\cupMusic8.ogg'}
2020-10-04 22:03:44,321 : AssetManager : Registering Asset: cupMusic9, File: cupMusic9.ogg, Default Group: default, Final Config: {'load': 'preload', 'file': 'c:\\GitHub\\Cuphead\\modes\\base\\sounds\\music\\cupMusic9.ogg'}
2020-10-04 22:03:44,321 : AssetManager : Registering Asset: game_play_1, File: game_play_1.ogg, Default Group: default, Final Config: {'load': 'preload', 'file': 'c:\\GitHub\\Cuphead\\modes\\base\\sounds\\music\\game_play_1.ogg'}
2020-10-04 22:03:44,324 : AssetManager : Registering Asset: attract_music, File: attract_music.ogg, Default Group: default, Final Config: {'load': 'preload', 'file': 'c:\\GitHub\\Cuphead\\modes\\attract\\sounds\\music\\attract_music.ogg'}
2020-10-04 22:03:44,325 : EventManager : Event: ======'init_phase_4'====== Args={}
2020-10-04 22:03:44,325 : EventManager : Event: ======'init_phase_5'====== Args={}
2020-10-04 22:03:45,843 : EventManager : Event: ======'loading_assets'====== Args={'total': 12, 'loaded': 1, 'remaining': 11, 'percent': 8}
2020-10-04 22:03:45,844 : AssetManager : Loading assets: 1/12 (8%)
2020-10-04 22:03:47,487 : EventManager : Event: ======'loading_assets'====== Args={'total': 12, 'loaded': 3, 'remaining': 9, 'percent': 25}
2020-10-04 22:03:47,488 : AssetManager : Loading assets: 3/12 (25%)
2020-10-04 22:03:47,997 : EventManager : Event: ======'loading_assets'====== Args={'total': 12, 'loaded': 5, 'remaining': 7, 'percent': 42}
2020-10-04 22:03:48,754 : AssetManager : Loading assets: 5/12 (42%)
2020-10-04 22:03:50,385 : EventManager : Event: ======'loading_assets'====== Args={'total': 12, 'loaded': 7, 'remaining': 5, 'percent': 58}
2020-10-04 22:03:50,385 : AssetManager : Loading assets: 7/12 (58%)
2020-10-04 22:03:51,884 : EventManager : Event: ======'loading_assets'====== Args={'total': 12, 'loaded': 9, 'remaining': 3, 'percent': 75}
2020-10-04 22:03:51,885 : AssetManager : Loading assets: 9/12 (75%)
2020-10-04 22:03:52,786 : EventManager : Event: ======'loading_assets'====== Args={'total': 12, 'loaded': 11, 'remaining': 1, 'percent': 92}
2020-10-04 22:03:53,651 : AssetManager : Loading assets: 11/12 (92%)
2020-10-04 22:03:53,751 : EventManager : Event: ======'loading_assets'====== Args={'total': 12, 'loaded': 12, 'remaining': 0, 'percent': 100}
2020-10-04 22:03:53,751 : AssetManager : Asset loading took: 9.534430503845215
2020-10-04 22:03:53,752 : EventManager : Event: ======'asset_loading_complete'====== Args={}
2020-10-04 22:03:53,752 : AssetManager : Loading assets: 12/12 (100%)
2020-10-04 22:03:53,752 : EventManager : Event: ======'init_done'====== Args={}
2020-10-04 22:03:53,752 : MPF-MC BCP Server : Starting up on localhost port 5050
2020-10-04 22:03:53,763 : MPF-MC BCP Server : Waiting for a connection...
2020-10-04 22:03:53,763 : mpfmc : SlidePlayer: Play called with settings={'slides': {welcome_slide-None-None: {'priority': None, 'target': None, 'background_color': [0.0, 0.0, 0.0, 1.0], 'show': True, 'force': False, 'expire': None, 'slide': None, 'tokens': {}, 'action': 'play', 'transition': None, 'transition_out': None}}}
2020-10-04 22:03:53,772 : kivy : GL: NPOT texture support is available
2020-10-04 22:03:53,773 : EventManager : Event: ======'slide_welcome_slide_created'====== Args={}
2020-10-04 22:03:53,775 : EventManager : Event: ======'slide_welcome_slide_active'====== Args={}
2020-10-04 22:03:53,783 : EventManager : Event: ======'client_disconnected'====== Args={'host': '127.0.0.1', 'port': 5050}
2020-10-04 22:03:53,810 : MPF-MC BCP Server : Received connection from: 127.0.0.1:56392
2020-10-04 22:03:53,819 : EventManager : Event: ======'client_connected'====== Args={'host': '127.0.0.1', 'port': 56392}
2020-10-04 22:03:53,832 : EventManager : Event: ======'machine_var_credits_string'====== Args={'value': 'FREE PLAY', 'prev_value': None, 'change': True}
2020-10-04 22:03:53,832 : EventManager : Event: ======'machine_var_player1_score'====== Args={'value': 8110, 'prev_value': None, 'change': True}
2020-10-04 22:03:53,833 : EventManager : Event: ======'machine_var_mpf_version'====== Args={'value': 'MPF v0.54.0-dev.72', 'prev_value': None, 'change': True}
2020-10-04 22:03:53,833 : EventManager : Event: ======'machine_var_mpf_extended_version'====== Args={'value': 'MPF v0.54.0-dev.72, Config version:5, Show version: 5, BCP version:1.1', 'prev_value': None, 'change': True}
2020-10-04 22:03:53,833 : EventManager : Event: ======'machine_var_python_version'====== Args={'value': '3.6.4', 'prev_value': None, 'change': True}
2020-10-04 22:03:53,833 : EventManager : Event: ======'machine_var_platform'====== Args={'value': 'Windows-10-10.0.18362-SP0', 'prev_value': None, 'change': True}
2020-10-04 22:03:53,834 : EventManager : Event: ======'machine_var_platform_system'====== Args={'value': 'Windows', 'prev_value': None, 'change': True}
2020-10-04 22:03:53,834 : EventManager : Event: ======'machine_var_platform_release'====== Args={'value': '10', 'prev_value': None, 'change': True}
2020-10-04 22:03:53,834 : EventManager : Event: ======'machine_var_platform_version'====== Args={'value': '10.0.18362', 'prev_value': None, 'change': True}
2020-10-04 22:03:53,834 : EventManager : Event: ======'machine_var_platform_machine'====== Args={'value': 'AMD64', 'prev_value': None, 'change': True}
2020-10-04 22:03:53,835 : EventManager : Event: ======'machine_var_mc_version'====== Args={'value': 'MPF-MC v0.54.0-dev.20', 'prev_value': None, 'change': True}
2020-10-04 22:03:53,835 : EventManager : Event: ======'machine_var_mc_extended_version'====== Args={'value': 'MPF-MC v0.54.0-dev.20 (config_version=5, BCP v1.1, Requires MPF v0.54.0-dev.68)', 'prev_value': None, 'change': True}
2020-10-04 22:03:53,835 : EventManager : Event: ======'machine_var_master_volume'====== Args={'value': 0.5, 'prev_value': None, 'change': True}
2020-10-04 22:03:53,918 : EventManager : Event: ======'machine_var_audits_events_game_ended'====== Args={'value': 21, 'prev_value': None, 'change': True}
2020-10-04 22:03:53,918 : EventManager : Event: ======'machine_var_audits_events_game_started'====== Args={'value': 40, 'prev_value': None, 'change': True}
2020-10-04 22:03:53,920 : EventManager : Event: ======'machine_var_audits_player_score'====== Args={'value': {'average': 530.4761904761905, 'top': [2970, 1300, 1220, 980, 880, 780, 720, 710, 630, 590], 'total': 21}, 'prev_value': None, 'change': True}
2020-10-04 22:03:53,920 : EventManager : Event: ======'machine_var_audits_shots_soul_L'====== Args={'value': 212, 'prev_value': None, 'change': True}
2020-10-04 22:03:53,921 : EventManager : Event: ======'machine_var_audits_shots_soul_O'====== Args={'value': 218, 'prev_value': None, 'change': True}
2020-10-04 22:03:53,921 : EventManager : Event: ======'machine_var_audits_shots_soul_S'====== Args={'value': 248, 'prev_value': None, 'change': True}
2020-10-04 22:03:53,938 : EventManager : Event: ======'machine_var_audits_shots_soul_U'====== Args={'value': 214, 'prev_value': None, 'change': True}
2020-10-04 22:03:53,938 : EventManager : Event: ======'machine_var_audits_switches_s_coin'====== Args={'value': 20, 'prev_value': None, 'change': True}
2020-10-04 22:03:53,938 : EventManager : Event: ======'machine_var_audits_switches_s_dash_L'====== Args={'value': 0, 'prev_value': None, 'change': True}
2020-10-04 22:03:53,940 : EventManager : Event: ======'machine_var_audits_switches_s_dash_R'====== Args={'value': 0, 'prev_value': None, 'change': True}
2020-10-04 22:03:53,940 : EventManager : Event: ======'machine_var_audits_switches_s_dtSling_L'====== Args={'value': 0, 'prev_value': None, 'change': True}
2020-10-04 22:03:53,941 : EventManager : Event: ======'machine_var_audits_switches_s_dtSling_R'====== Args={'value': 0, 'prev_value': None, 'change': True}
2020-10-04 22:03:53,941 : EventManager : Event: ======'machine_var_audits_switches_s_dt_C'====== Args={'value': 74, 'prev_value': None, 'change': True}
2020-10-04 22:03:53,941 : EventManager : Event: ======'machine_var_audits_switches_s_dt_G'====== Args={'value': 21, 'prev_value': None, 'change': True}
2020-10-04 22:03:53,943 : EventManager : Event: ======'machine_var_audits_switches_s_dt_M'====== Args={'value': 19, 'prev_value': None, 'change': True}
2020-10-04 22:03:53,943 : EventManager : Event: ======'machine_var_audits_switches_s_dt_P'====== Args={'value': 57, 'prev_value': None, 'change': True}
2020-10-04 22:03:53,943 : EventManager : Event: ======'machine_var_audits_switches_s_dt_U'====== Args={'value': 65, 'prev_value': None, 'change': True}
2020-10-04 22:03:53,944 : EventManager : Event: ======'machine_var_audits_switches_s_dt_U2'====== Args={'value': 19, 'prev_value': None, 'change': True}
2020-10-04 22:03:53,944 : EventManager : Event: ======'machine_var_audits_switches_s_exit_shooter_lane'====== Args={'value': 357, 'prev_value': None, 'change': True}
2020-10-04 22:03:53,945 : EventManager : Event: ======'machine_var_audits_switches_s_inLane_L'====== Args={'value': 0, 'prev_value': None, 'change': True}
2020-10-04 22:03:53,945 : EventManager : Event: ======'machine_var_audits_switches_s_inLane_R'====== Args={'value': 0, 'prev_value': None, 'change': True}
2020-10-04 22:03:53,945 : EventManager : Event: ======'machine_var_audits_switches_s_kicker'====== Args={'value': 0, 'prev_value': None, 'change': True}
2020-10-04 22:03:53,946 : EventManager : Event: ======'machine_var_audits_switches_s_left_flipper'====== Args={'value': 151, 'prev_value': None, 'change': True}
2020-10-04 22:03:53,947 : EventManager : Event: ======'machine_var_audits_switches_s_midRight'====== Args={'value': 0, 'prev_value': None, 'change': True}
2020-10-04 22:03:53,948 : EventManager : Event: ======'machine_var_audits_switches_s_outLane_L'====== Args={'value': 0, 'prev_value': None, 'change': True}
2020-10-04 22:03:53,948 : EventManager : Event: ======'machine_var_audits_switches_s_outLane_R'====== Args={'value': 0, 'prev_value': None, 'change': True}
2020-10-04 22:03:53,950 : EventManager : Event: ======'machine_var_audits_switches_s_perdition'====== Args={'value': 0, 'prev_value': None, 'change': True}
2020-10-04 22:03:53,950 : EventManager : Event: ======'machine_var_audits_switches_s_playfield'====== Args={'value': 0, 'prev_value': None, 'change': True}
2020-10-04 22:03:53,951 : EventManager : Event: ======'machine_var_audits_switches_s_plunger'====== Args={'value': 569, 'prev_value': None, 'change': True}
2020-10-04 22:03:53,951 : EventManager : Event: ======'machine_var_audits_switches_s_popBumper_1'====== Args={'value': 464, 'prev_value': None, 'change': True}
2020-10-04 22:03:53,951 : EventManager : Event: ======'machine_var_audits_switches_s_popBumper_2'====== Args={'value': 440, 'prev_value': None, 'change': True}
2020-10-04 22:03:53,952 : EventManager : Event: ======'machine_var_audits_switches_s_popBumper_3'====== Args={'value': 164, 'prev_value': None, 'change': True}
2020-10-04 22:03:53,952 : EventManager : Event: ======'machine_var_audits_switches_s_pop_bumper1'====== Args={'value': 120, 'prev_value': None, 'change': True}
2020-10-04 22:03:53,953 : EventManager : Event: ======'machine_var_audits_switches_s_pop_bumper2'====== Args={'value': 153, 'prev_value': None, 'change': True}
2020-10-04 22:03:53,953 : EventManager : Event: ======'machine_var_audits_switches_s_pop_bumper3'====== Args={'value': 100, 'prev_value': None, 'change': True}
2020-10-04 22:03:53,954 : EventManager : Event: ======'machine_var_audits_switches_s_right_flipper'====== Args={'value': 216, 'prev_value': None, 'change': True}
2020-10-04 22:03:53,954 : EventManager : Event: ======'machine_var_audits_switches_s_sling_L'====== Args={'value': 0, 'prev_value': None, 'change': True}
2020-10-04 22:03:53,955 : EventManager : Event: ======'machine_var_audits_switches_s_sling_R'====== Args={'value': 0, 'prev_value': None, 'change': True}
2020-10-04 22:03:53,955 : EventManager : Event: ======'machine_var_audits_switches_s_soul_L'====== Args={'value': 213, 'prev_value': None, 'change': True}
2020-10-04 22:03:53,955 : EventManager : Event: ======'machine_var_audits_switches_s_soul_O'====== Args={'value': 223, 'prev_value': None, 'change': True}
2020-10-04 22:03:53,955 : EventManager : Event: ======'machine_var_audits_switches_s_soul_S'====== Args={'value': 248, 'prev_value': None, 'change': True}
2020-10-04 22:03:53,956 : EventManager : Event: ======'machine_var_audits_switches_s_soul_U'====== Args={'value': 214, 'prev_value': None, 'change': True}
2020-10-04 22:03:53,956 : EventManager : Event: ======'machine_var_audits_switches_s_standUp_1'====== Args={'value': 0, 'prev_value': None, 'change': True}
2020-10-04 22:03:53,956 : EventManager : Event: ======'machine_var_audits_switches_s_standUp_2'====== Args={'value': 0, 'prev_value': None, 'change': True}
2020-10-04 22:03:53,957 : EventManager : Event: ======'machine_var_audits_switches_s_standUp_3'====== Args={'value': 0, 'prev_value': None, 'change': True}
2020-10-04 22:03:53,957 : EventManager : Event: ======'machine_var_audits_switches_s_standUp_R'====== Args={'value': 0, 'prev_value': None, 'change': True}
2020-10-04 22:03:53,957 : EventManager : Event: ======'machine_var_audits_switches_s_star_1'====== Args={'value': 0, 'prev_value': None, 'change': True}
2020-10-04 22:03:53,958 : EventManager : Event: ======'machine_var_audits_switches_s_star_2'====== Args={'value': 0, 'prev_value': None, 'change': True}
2020-10-04 22:03:53,958 : EventManager : Event: ======'machine_var_audits_switches_s_star_3'====== Args={'value': 0, 'prev_value': None, 'change': True}
2020-10-04 22:03:53,958 : EventManager : Event: ======'machine_var_audits_switches_s_start'====== Args={'value': 68, 'prev_value': None, 'change': True}
2020-10-04 22:03:53,958 : EventManager : Event: ======'machine_var_audits_switches_s_tilt'====== Args={'value': 0, 'prev_value': None, 'change': True}
2020-10-04 22:03:53,958 : EventManager : Event: ======'machine_var_audits_switches_s_trough1'====== Args={'value': 511, 'prev_value': None, 'change': True}
2020-10-04 22:03:53,958 : EventManager : Event: ======'machine_var_audits_switches_s_trough2'====== Args={'value': 72, 'prev_value': None, 'change': True}
2020-10-04 22:03:53,960 : EventManager : Event: ======'machine_var_audits_switches_s_trough_jam'====== Args={'value': 13, 'prev_value': None, 'change': True}
2020-10-04 22:03:53,997 : EventManager : Event: ======'slides_play'====== Args={'settings': {'welcome_slide': {'target': None, 'background_color': [0.0, 0.0, 0.0, 1.0], 'priority': None, 'show': True, 'force': False, 'expire': None, 'slide': None, 'tokens': {}, 'action': 'play'}}, 'context': '_global', 'calling_context': 'init_done', 'priority': 0}
2020-10-04 22:03:53,998 : EventManager : Event: ======'mc_reset_phase_1'====== Args={}
2020-10-04 22:03:53,998 : mpfmc : SlidePlayer: Play called with settings={'welcome_slide': {'target': None, 'background_color': [0.0, 0.0, 0.0, 1.0], 'priority': None, 'show': True, 'force': False, 'expire': None, 'slide': None, 'tokens': {}, 'action': 'play'}}
2020-10-04 22:03:54,000 : EventManager : Event: ======'slide_welcome_slide_removed'====== Args={}
2020-10-04 22:03:54,004 : EventManager : Event: ======'slide_welcome_slide_created'====== Args={}
2020-10-04 22:03:54,005 : EventManager : Event: ======'mc_reset_phase_2'====== Args={}
2020-10-04 22:03:54,005 : EventManager : Event: ======'mc_reset_phase_3'====== Args={}
2020-10-04 22:03:54,005 : EventManager : Event: ======'mc_reset_complete'====== Args={}
2020-10-04 22:03:54,007 : EventManager : Event: ======'slide_welcome_slide_active'====== Args={}
2020-10-04 22:03:54,018 : EventManager : Event: ======'slides_play'====== Args={'settings': {'awesome_slide': {'widgets': [{'type': 'text', 'text': 'Cuphead Pinball', 'font_size': 50, '_default_settings': ['type', 'text', 'font_size'], 'x': None, 'y': None, 'anchor_x': 'center', 'anchor_y': 'center', 'round_anchor_x': None, 'round_anchor_y': None, 'opacity': 1.0, 'z': 0, 'reset_animations_events': {}, 'color': [1.0, 1.0, 1.0, 1.0], 'style': [], 'adjust_top': 0, 'adjust_bottom': 0, 'adjust_left': 0, 'adjust_right': 0, 'expire': None, 'key': None, 'widget': None, 'events_when_added': [], 'events_when_removed': [], 'bitmap_font': False, 'font_kerning': True, 'bold': False, 'italic': False, 'number_grouping': False, 'min_digits': 0, 'halign': 'center', 'valign': 'middle', 'rotation': 0, 'scale': 1.0, 'casing': None, 'animations': None}], 'transition': {'type': 'push', 'duration': 1.0, 'direction': 'left', 'easing': 'out_quad'}, 'target': None, 'background_color': [0.0, 0.0, 0.0, 1.0], 'priority': None, 'show': True, 'force': False, 'expire': None, 'slide': None, 'tokens': {}, 'action': 'play'}}, 'context': 'show_1', 'calling_context': 0, 'priority': 10, 'show_tokens': {}, 'start_time': 445077.281}
2020-10-04 22:03:54,020 : EventManager : Event: ======'sounds_play'====== Args={'settings': {'attract_music': {'loops': -1, 'mode_end_action': 'stop', 'priority': None, 'action': 'play', 'track': None, 'volume': None, 'pan': None, 'start_at': None, 'fade_in': None, 'fade_out': None, 'about_to_finish_time': -1.0, 'max_queue_time': -1.0, 'events_when_played': ['use_sound_setting'], 'events_when_stopped': ['use_sound_setting'], 'events_when_looping': ['use_sound_setting'], 'events_when_about_to_finish': ['use_sound_setting'], 'key': 'use_sound_setting'}}, 'context': 'attract', 'calling_context': 'mode_attract_started', 'priority': 10}
2020-10-04 22:03:54,020 : mpfmc : SlidePlayer: Play called with settings={'awesome_slide': {'widgets': [{'type': 'text', 'text': 'Cuphead Pinball', 'font_size': 50, '_default_settings': ['type', 'text', 'font_size'], 'x': None, 'y': None, 'anchor_x': 'center', 'anchor_y': 'center', 'round_anchor_x': None, 'round_anchor_y': None, 'opacity': 1.0, 'z': 0, 'reset_animations_events': {}, 'color': [1.0, 1.0, 1.0, 1.0], 'style': [], 'adjust_top': 0, 'adjust_bottom': 0, 'adjust_left': 0, 'adjust_right': 0, 'expire': None, 'key': None, 'widget': None, 'events_when_added': [], 'events_when_removed': [], 'bitmap_font': False, 'font_kerning': True, 'bold': False, 'italic': False, 'number_grouping': False, 'min_digits': 0, 'halign': 'center', 'valign': 'middle', 'rotation': 0, 'scale': 1.0, 'casing': None, 'animations': None}], 'transition': {'type': 'push', 'duration': 1.0, 'direction': 'left', 'easing': 'out_quad'}, 'target': None, 'background_color': [0.0, 0.0, 0.0, 1.0], 'priority': None, 'show': True, 'force': False, 'expire': None, 'slide': None, 'tokens': {}, 'action': 'play'}}
2020-10-04 22:03:54,028 : EventManager : Event: ======'slide_awesome_slide_created'====== Args={}
2020-10-04 22:03:54,036 : EventManager : Event: ======'slide_awesome_slide_active'====== Args={}
2020-10-04 22:03:56,266 : EventManager : Event: ======'game_started'====== Args={}
2020-10-04 22:03:56,267 : EventManager : Event: ======'slides_clear'====== Args={'context': 'show_1'}
2020-10-04 22:03:56,267 : EventManager : Event: ======'sounds_clear'====== Args={'context': 'attract'}
2020-10-04 22:03:56,271 : EventManager : Event: ======'slide_awesome_slide_removed'====== Args={}
2020-10-04 22:03:56,272 : EventManager : Event: ======'slide_welcome_slide_active'====== Args={}
2020-10-04 22:03:56,320 : EventManager : Event: ======'player_added'====== Args={'player': <Player 1>, 'num': 1}
2020-10-04 22:03:56,320 : EventManager : Event: ======'player_index'====== Args={'value': 0, 'prev_value': 0, 'change': 0, 'player_num': 1}
2020-10-04 22:03:56,321 : EventManager : Event: ======'player_number'====== Args={'value': 1, 'prev_value': 1, 'change': 0, 'player_num': 1}
2020-10-04 22:03:56,321 : EventManager : Event: ======'player_score'====== Args={'value': 0, 'prev_value': 0, 'change': 0, 'player_num': 1}
2020-10-04 22:03:56,321 : EventManager : Event: ======'player_bonus_multiplier'====== Args={'value': 1, 'prev_value': 0, 'change': 1, 'player_num': 1}
2020-10-04 22:03:56,321 : EventManager : Event: ======'player_contracts'====== Args={'value': 0, 'prev_value': 0, 'change': 0, 'player_num': 1}
2020-10-04 22:03:56,362 : EventManager : Event: ======'player_ball'====== Args={'value': 1, 'prev_value': 0, 'change': 1, 'player_num': 1}
2020-10-04 22:03:56,362 : EventManager : Event: ======'player_turn_start'====== Args={'number': 1, 'player': <Player 1>}
2020-10-04 22:03:56,399 : EventManager : Event: ======'player_shot_soul_S_enabled'====== Args={'value': True, 'prev_value': 0, 'change': 1, 'player_num': 1}
2020-10-04 22:03:56,412 : EventManager : Event: ======'player_shot_soul_O_enabled'====== Args={'value': True, 'prev_value': 0, 'change': 1, 'player_num': 1}
2020-10-04 22:03:56,412 : EventManager : Event: ======'player_shot_soul_U_enabled'====== Args={'value': True, 'prev_value': 0, 'change': 1, 'player_num': 1}
2020-10-04 22:03:56,412 : EventManager : Event: ======'player_shot_soul_L_enabled'====== Args={'value': True, 'prev_value': 0, 'change': 1, 'player_num': 1}
2020-10-04 22:03:56,424 : EventManager : Event: ======'sounds_play'====== Args={'settings': {'poolCupHeadBase': {'loops': -1, 'priority': None, 'action': 'play', 'track': None, 'volume': None, 'pan': None, 'start_at': None, 'fade_in': None, 'fade_out': None, 'about_to_finish_time': -1.0, 'max_queue_time': -1.0, 'events_when_played': ['use_sound_setting'], 'events_when_stopped': ['use_sound_setting'], 'events_when_looping': ['use_sound_setting'], 'events_when_about_to_finish': ['use_sound_setting'], 'mode_end_action': 'use_sound_setting', 'key': 'use_sound_setting'}}, 'context': 'base', 'calling_context': 'mode_base_started', 'priority': 100, 'queue': '<QueuedEvent>', 'player': 1, 'ball': 1, 'balls_remaining': 4, 'is_extra_ball': False}
2020-10-04 22:03:56,424 : EventManager : Event: ======'slides_play'====== Args={'settings': {'widgets': {'widgets': [{'type': 'text', 'text': '(score)', 'number_grouping': True, 'min_digits': 2, 'font_size': 100, '_default_settings': ['type', 'text', 'number_grouping', 'min_digits', 'font_size'], 'x': None, 'y': None, 'anchor_x': 'center', 'anchor_y': 'center', 'round_anchor_x': None, 'round_anchor_y': None, 'opacity': 1.0, 'z': 0, 'reset_animations_events': {}, 'color': [1.0, 1.0, 1.0, 1.0], 'style': [], 'adjust_top': 0, 'adjust_bottom': 0, 'adjust_left': 0, 'adjust_right': 0, 'expire': None, 'key': None, 'widget': None, 'events_when_added': [], 'events_when_removed': [], 'bitmap_font': False, 'font_kerning': True, 'bold': False, 'italic': False, 'halign': 'center', 'valign': 'middle', 'rotation': 0, 'scale': 1.0, 'casing': None, 'animations': None}, {'type': 'text', 'text': 'Player (player)', 'y': '10', 'x': '10', 'font_size': 30, 'anchor_x': 'left', 'anchor_y': 'bottom', '_default_settings': ['type', 'text', 'y', 'x', 'font_size', 'anchor_x', 'anchor_y'], 'round_anchor_x': None, 'round_anchor_y': None, 'opacity': 1.0, 'z': 0, 'reset_animations_events': {}, 'color': [1.0, 1.0, 1.0, 1.0], 'style': [], 'adjust_top': 0, 'adjust_bottom': 0, 'adjust_left': 0, 'adjust_right': 0, 'expire': None, 'key': None, 'widget': None, 'events_when_added': [], 'events_when_removed': [], 'bitmap_font': False, 'font_kerning': True, 'bold': False, 'italic': False, 'number_grouping': False, 'min_digits': 0, 'halign': 'center', 'valign': 'middle', 'rotation': 0, 'scale': 1.0, 'casing': None, 'animations': None}, {'type': 'text', 'text': 'BALL (ball) (bonus_multiplier)', 'y': '10', 'x': 'right-10', 'anchor_x': 'right', 'anchor_y': 'bottom', 'font_size': 50, '_default_settings': ['type', 'text', 'y', 'x', 'anchor_x', 'anchor_y', 'font_size'], 'round_anchor_x': None, 'round_anchor_y': None, 'opacity': 1.0, 'z': 0, 'reset_animations_events': {}, 'color': [1.0, 1.0, 1.0, 1.0], 'style': [], 'adjust_top': 0, 'adjust_bottom': 0, 'adjust_left': 0, 'adjust_right': 0, 'expire': None, 'key': None, 'widget': None, 'events_when_added': [], 'events_when_removed': [], 'bitmap_font': False, 'font_kerning': True, 'bold': False, 'italic': False, 'number_grouping': False, 'min_digits': 0, 'halign': 'center', 'valign': 'middle', 'rotation': 0, 'scale': 1.0, 'casing': None, 'animations': None}], 'target': None, 'background_color': [0.0, 0.0, 0.0, 1.0], 'priority': None, 'show': True, 'force': False, 'expire': None, 'slide': None, 'tokens': {}, 'action': 'play'}}, 'context': 'base', 'calling_context': 'mode_base_started', 'priority': 100, 'queue': '<QueuedEvent>', 'player': 1, 'ball': 1, 'balls_remaining': 4, 'is_extra_ball': False}
2020-10-04 22:03:56,425 : mpfmc : SlidePlayer: Play called with settings={'widgets': {'widgets': [{'type': 'text', 'text': '(score)', 'number_grouping': True, 'min_digits': 2, 'font_size': 100, '_default_settings': ['type', 'text', 'number_grouping', 'min_digits', 'font_size'], 'x': None, 'y': None, 'anchor_x': 'center', 'anchor_y': 'center', 'round_anchor_x': None, 'round_anchor_y': None, 'opacity': 1.0, 'z': 0, 'reset_animations_events': {}, 'color': [1.0, 1.0, 1.0, 1.0], 'style': [], 'adjust_top': 0, 'adjust_bottom': 0, 'adjust_left': 0, 'adjust_right': 0, 'expire': None, 'key': None, 'widget': None, 'events_when_added': [], 'events_when_removed': [], 'bitmap_font': False, 'font_kerning': True, 'bold': False, 'italic': False, 'halign': 'center', 'valign': 'middle', 'rotation': 0, 'scale': 1.0, 'casing': None, 'animations': None}, {'type': 'text', 'text': 'Player (player)', 'y': '10', 'x': '10', 'font_size': 30, 'anchor_x': 'left', 'anchor_y': 'bottom', '_default_settings': ['type', 'text', 'y', 'x', 'font_size', 'anchor_x', 'anchor_y'], 'round_anchor_x': None, 'round_anchor_y': None, 'opacity': 1.0, 'z': 0, 'reset_animations_events': {}, 'color': [1.0, 1.0, 1.0, 1.0], 'style': [], 'adjust_top': 0, 'adjust_bottom': 0, 'adjust_left': 0, 'adjust_right': 0, 'expire': None, 'key': None, 'widget': None, 'events_when_added': [], 'events_when_removed': [], 'bitmap_font': False, 'font_kerning': True, 'bold': False, 'italic': False, 'number_grouping': False, 'min_digits': 0, 'halign': 'center', 'valign': 'middle', 'rotation': 0, 'scale': 1.0, 'casing': None, 'animations': None}, {'type': 'text', 'text': 'BALL (ball) (bonus_multiplier)', 'y': '10', 'x': 'right-10', 'anchor_x': 'right', 'anchor_y': 'bottom', 'font_size': 50, '_default_settings': ['type', 'text', 'y', 'x', 'anchor_x', 'anchor_y', 'font_size'], 'round_anchor_x': None, 'round_anchor_y': None, 'opacity': 1.0, 'z': 0, 'reset_animations_events': {}, 'color': [1.0, 1.0, 1.0, 1.0], 'style': [], 'adjust_top': 0, 'adjust_bottom': 0, 'adjust_left': 0, 'adjust_right': 0, 'expire': None, 'key': None, 'widget': None, 'events_when_added': [], 'events_when_removed': [], 'bitmap_font': False, 'font_kerning': True, 'bold': False, 'italic': False, 'number_grouping': False, 'min_digits': 0, 'halign': 'center', 'valign': 'middle', 'rotation': 0, 'scale': 1.0, 'casing': None, 'animations': None}], 'target': None, 'background_color': [0.0, 0.0, 0.0, 1.0], 'priority': None, 'show': True, 'force': False, 'expire': None, 'slide': None, 'tokens': {}, 'action': 'play'}}
2020-10-04 22:03:56,458 : EventManager : Event: ======'slide_base.slide_player-mode_base_started_created'====== Args={}
2020-10-04 22:03:56,463 : EventManager : Event: ======'slide_base.slide_player-mode_base_started_active'====== Args={}
2020-10-04 22:03:56,511 : EventManager : Event: ======'widgets_play'====== Args={'settings': {'soul_lanes_banner': {'priority': 0, 'slide': None, 'action': 'add', 'key': None, 'target': None}}, 'context': 'soulLanes', 'calling_context': 'mode_soulLanes_started', 'priority': 110, 'player': 1, 'ball': 1, 'balls_remaining': 4, 'is_extra_ball': False}
2020-10-04 22:03:56,512 : EventManager : Event: ======'widgets_play'====== Args={'settings': {'contracts_banner': {'priority': 0, 'slide': None, 'action': 'add', 'key': None, 'target': None}}, 'context': 'base', 'calling_context': 'mode_soulLanes_started', 'priority': 100, 'player': 1, 'ball': 1, 'balls_remaining': 4, 'is_extra_ball': False}
2020-10-04 22:03:56,710 : EventManager : Event: ======'machine_var_audits_switches_s_plunger'====== Args={'value': 570, 'prev_value': 569, 'change': 1}
2020-10-04 22:05:10,804 : EventManager : Event: ======'machine_var_audits_switches_s_soul_S'====== Args={'value': 249, 'prev_value': 248, 'change': 1}
2020-10-04 22:05:10,822 : EventManager : Event: ======'player_shot_soul_S'====== Args={'value': 1, 'prev_value': 0, 'change': 1, 'player_num': 1}
2020-10-04 22:05:10,822 : EventManager : Event: ======'machine_var_audits_shots_soul_S'====== Args={'value': 249, 'prev_value': 248, 'change': 1}
2020-10-04 22:05:10,823 : EventManager : Event: ======'player_score'====== Args={'value': 10, 'prev_value': 0, 'change': 10, 'player_num': 1}
2020-10-04 22:05:11,931 : EventManager : Event: ======'machine_var_audits_switches_s_soul_O'====== Args={'value': 224, 'prev_value': 223, 'change': 1}
2020-10-04 22:05:11,932 : EventManager : Event: ======'player_shot_soul_O'====== Args={'value': 1, 'prev_value': 0, 'change': 1, 'player_num': 1}
2020-10-04 22:05:11,932 : EventManager : Event: ======'machine_var_audits_shots_soul_O'====== Args={'value': 219, 'prev_value': 218, 'change': 1}
2020-10-04 22:05:11,932 : EventManager : Event: ======'player_score'====== Args={'value': 20, 'prev_value': 10, 'change': 10, 'player_num': 1}
2020-10-04 22:05:12,233 : EventManager : Event: ======'machine_var_audits_switches_s_soul_U'====== Args={'value': 215, 'prev_value': 214, 'change': 1}
2020-10-04 22:05:12,233 : EventManager : Event: ======'player_shot_soul_U'====== Args={'value': 1, 'prev_value': 0, 'change': 1, 'player_num': 1}
2020-10-04 22:05:12,234 : EventManager : Event: ======'machine_var_audits_shots_soul_U'====== Args={'value': 215, 'prev_value': 214, 'change': 1}
2020-10-04 22:05:12,234 : EventManager : Event: ======'player_score'====== Args={'value': 30, 'prev_value': 20, 'change': 10, 'player_num': 1}
2020-10-04 22:05:12,843 : EventManager : Event: ======'machine_var_audits_switches_s_soul_L'====== Args={'value': 214, 'prev_value': 213, 'change': 1}
2020-10-04 22:05:12,844 : EventManager : Event: ======'player_shot_soul_L'====== Args={'value': 1, 'prev_value': 0, 'change': 1, 'player_num': 1}
2020-10-04 22:05:12,844 : EventManager : Event: ======'machine_var_audits_shots_soul_L'====== Args={'value': 213, 'prev_value': 212, 'change': 1}
2020-10-04 22:05:12,856 : EventManager : Event: ======'player_score'====== Args={'value': 40, 'prev_value': 30, 'change': 10, 'player_num': 1}
2020-10-04 22:05:12,880 : EventManager : Event: ======'player_score'====== Args={'value': 1040, 'prev_value': 40, 'change': 1000, 'player_num': 1}
2020-10-04 22:05:12,881 : EventManager : Event: ======'player_bonus_multiplier'====== Args={'value': 2, 'prev_value': 1, 'change': 1, 'player_num': 1}
2020-10-04 22:05:13,864 : EventManager : Event: ======'player_shot_soul_S'====== Args={'value': 0, 'prev_value': 1, 'change': -1, 'player_num': 1}
2020-10-04 22:05:13,864 : EventManager : Event: ======'player_shot_soul_O'====== Args={'value': 0, 'prev_value': 1, 'change': -1, 'player_num': 1}
2020-10-04 22:05:13,865 : EventManager : Event: ======'player_shot_soul_U'====== Args={'value': 0, 'prev_value': 1, 'change': -1, 'player_num': 1}
2020-10-04 22:05:13,866 : EventManager : Event: ======'player_shot_soul_L'====== Args={'value': 0, 'prev_value': 1, 'change': -1, 'player_num': 1}
2020-10-04 22:05:14,235 : EventManager : Event: ======'machine_var_audits_switches_s_soul_S'====== Args={'value': 250, 'prev_value': 249, 'change': 1}
2020-10-04 22:05:14,268 : EventManager : Event: ======'player_shot_soul_S'====== Args={'value': 1, 'prev_value': 0, 'change': 1, 'player_num': 1}
2020-10-04 22:05:14,269 : EventManager : Event: ======'machine_var_audits_shots_soul_S'====== Args={'value': 250, 'prev_value': 249, 'change': 1}
2020-10-04 22:05:14,269 : EventManager : Event: ======'player_score'====== Args={'value': 1050, 'prev_value': 1040, 'change': 10, 'player_num': 1}
2020-10-04 22:05:14,536 : EventManager : Event: ======'machine_var_audits_switches_s_soul_O'====== Args={'value': 225, 'prev_value': 224, 'change': 1}
2020-10-04 22:05:14,536 : EventManager : Event: ======'player_shot_soul_O'====== Args={'value': 1, 'prev_value': 0, 'change': 1, 'player_num': 1}
2020-10-04 22:05:14,536 : EventManager : Event: ======'machine_var_audits_shots_soul_O'====== Args={'value': 220, 'prev_value': 219, 'change': 1}
2020-10-04 22:05:14,549 : EventManager : Event: ======'player_score'====== Args={'value': 1060, 'prev_value': 1050, 'change': 10, 'player_num': 1}
2020-10-04 22:05:14,815 : EventManager : Event: ======'machine_var_audits_switches_s_soul_U'====== Args={'value': 216, 'prev_value': 215, 'change': 1}
2020-10-04 22:05:14,816 : EventManager : Event: ======'player_shot_soul_U'====== Args={'value': 1, 'prev_value': 0, 'change': 1, 'player_num': 1}
2020-10-04 22:05:14,816 : EventManager : Event: ======'machine_var_audits_shots_soul_U'====== Args={'value': 216, 'prev_value': 215, 'change': 1}
2020-10-04 22:05:14,817 : EventManager : Event: ======'player_score'====== Args={'value': 1070, 'prev_value': 1060, 'change': 10, 'player_num': 1}
2020-10-04 22:05:15,561 : EventManager : Event: ======'machine_var_audits_switches_s_soul_L'====== Args={'value': 215, 'prev_value': 214, 'change': 1}
2020-10-04 22:05:15,561 : EventManager : Event: ======'player_shot_soul_L'====== Args={'value': 1, 'prev_value': 0, 'change': 1, 'player_num': 1}
2020-10-04 22:05:15,562 : EventManager : Event: ======'machine_var_audits_shots_soul_L'====== Args={'value': 214, 'prev_value': 213, 'change': 1}
2020-10-04 22:05:15,562 : EventManager : Event: ======'player_score'====== Args={'value': 1080, 'prev_value': 1070, 'change': 10, 'player_num': 1}
2020-10-04 22:05:15,575 : EventManager : Event: ======'player_score'====== Args={'value': 3080, 'prev_value': 1080, 'change': 2000, 'player_num': 1}
2020-10-04 22:05:15,577 : EventManager : Event: ======'player_bonus_multiplier'====== Args={'value': 3, 'prev_value': 2, 'change': 1, 'player_num': 1}
2020-10-04 22:05:16,572 : EventManager : Event: ======'player_shot_soul_S'====== Args={'value': 0, 'prev_value': 1, 'change': -1, 'player_num': 1}
2020-10-04 22:05:16,573 : EventManager : Event: ======'player_shot_soul_O'====== Args={'value': 0, 'prev_value': 1, 'change': -1, 'player_num': 1}
2020-10-04 22:05:16,573 : EventManager : Event: ======'player_shot_soul_U'====== Args={'value': 0, 'prev_value': 1, 'change': -1, 'player_num': 1}
2020-10-04 22:05:16,573 : EventManager : Event: ======'player_shot_soul_L'====== Args={'value': 0, 'prev_value': 1, 'change': -1, 'player_num': 1}
2020-10-04 22:05:16,612 : EventManager : Event: ======'machine_var_audits_switches_s_soul_S'====== Args={'value': 251, 'prev_value': 250, 'change': 1}
2020-10-04 22:05:16,612 : EventManager : Event: ======'player_shot_soul_S'====== Args={'value': 1, 'prev_value': 0, 'change': 1, 'player_num': 1}
2020-10-04 22:05:16,612 : EventManager : Event: ======'machine_var_audits_shots_soul_S'====== Args={'value': 251, 'prev_value': 250, 'change': 1}
2020-10-04 22:05:16,612 : EventManager : Event: ======'player_score'====== Args={'value': 3090, 'prev_value': 3080, 'change': 10, 'player_num': 1}
2020-10-04 22:05:16,792 : EventManager : Event: ======'machine_var_audits_switches_s_soul_O'====== Args={'value': 226, 'prev_value': 225, 'change': 1}
2020-10-04 22:05:16,792 : EventManager : Event: ======'player_shot_soul_O'====== Args={'value': 1, 'prev_value': 0, 'change': 1, 'player_num': 1}
2020-10-04 22:05:16,792 : EventManager : Event: ======'machine_var_audits_shots_soul_O'====== Args={'value': 221, 'prev_value': 220, 'change': 1}
2020-10-04 22:05:16,792 : EventManager : Event: ======'player_score'====== Args={'value': 3100, 'prev_value': 3090, 'change': 10, 'player_num': 1}
2020-10-04 22:05:17,081 : EventManager : Event: ======'machine_var_audits_switches_s_soul_U'====== Args={'value': 217, 'prev_value': 216, 'change': 1}
2020-10-04 22:05:17,082 : EventManager : Event: ======'player_shot_soul_U'====== Args={'value': 1, 'prev_value': 0, 'change': 1, 'player_num': 1}
2020-10-04 22:05:17,082 : EventManager : Event: ======'machine_var_audits_shots_soul_U'====== Args={'value': 217, 'prev_value': 216, 'change': 1}
2020-10-04 22:05:17,082 : EventManager : Event: ======'player_score'====== Args={'value': 3110, 'prev_value': 3100, 'change': 10, 'player_num': 1}
2020-10-04 22:05:17,925 : EventManager : Event: ======'machine_var_audits_switches_s_soul_L'====== Args={'value': 216, 'prev_value': 215, 'change': 1}
2020-10-04 22:05:17,925 : EventManager : Event: ======'player_shot_soul_L'====== Args={'value': 1, 'prev_value': 0, 'change': 1, 'player_num': 1}
2020-10-04 22:05:17,925 : EventManager : Event: ======'machine_var_audits_shots_soul_L'====== Args={'value': 215, 'prev_value': 214, 'change': 1}
2020-10-04 22:05:17,926 : EventManager : Event: ======'player_score'====== Args={'value': 3120, 'prev_value': 3110, 'change': 10, 'player_num': 1}
2020-10-04 22:05:17,954 : EventManager : Event: ======'player_score'====== Args={'value': 6120, 'prev_value': 3120, 'change': 3000, 'player_num': 1}
2020-10-04 22:05:17,955 : EventManager : Event: ======'player_bonus_multiplier'====== Args={'value': 4, 'prev_value': 3, 'change': 1, 'player_num': 1}
2020-10-04 22:05:18,934 : EventManager : Event: ======'player_shot_soul_S'====== Args={'value': 0, 'prev_value': 1, 'change': -1, 'player_num': 1}
2020-10-04 22:05:18,934 : EventManager : Event: ======'player_shot_soul_O'====== Args={'value': 0, 'prev_value': 1, 'change': -1, 'player_num': 1}
2020-10-04 22:05:18,934 : EventManager : Event: ======'player_shot_soul_U'====== Args={'value': 0, 'prev_value': 1, 'change': -1, 'player_num': 1}
2020-10-04 22:05:18,934 : EventManager : Event: ======'player_shot_soul_L'====== Args={'value': 0, 'prev_value': 1, 'change': -1, 'player_num': 1}
2020-10-04 22:05:23,372 : EventManager : Event: ======'machine_var_audits_switches_s_soul_S'====== Args={'value': 252, 'prev_value': 251, 'change': 1}
2020-10-04 22:05:23,373 : EventManager : Event: ======'player_shot_soul_S'====== Args={'value': 1, 'prev_value': 0, 'change': 1, 'player_num': 1}
2020-10-04 22:05:23,373 : EventManager : Event: ======'machine_var_audits_shots_soul_S'====== Args={'value': 252, 'prev_value': 251, 'change': 1}
2020-10-04 22:05:23,374 : EventManager : Event: ======'player_score'====== Args={'value': 6130, 'prev_value': 6120, 'change': 10, 'player_num': 1}
2020-10-04 22:05:23,592 : EventManager : Event: ======'machine_var_audits_switches_s_soul_O'====== Args={'value': 227, 'prev_value': 226, 'change': 1}
2020-10-04 22:05:23,592 : EventManager : Event: ======'player_shot_soul_O'====== Args={'value': 1, 'prev_value': 0, 'change': 1, 'player_num': 1}
2020-10-04 22:05:23,592 : EventManager : Event: ======'machine_var_audits_shots_soul_O'====== Args={'value': 222, 'prev_value': 221, 'change': 1}
2020-10-04 22:05:23,592 : EventManager : Event: ======'player_score'====== Args={'value': 6140, 'prev_value': 6130, 'change': 10, 'player_num': 1}
2020-10-04 22:05:23,925 : EventManager : Event: ======'machine_var_audits_switches_s_soul_U'====== Args={'value': 218, 'prev_value': 217, 'change': 1}
2020-10-04 22:05:23,925 : EventManager : Event: ======'player_shot_soul_U'====== Args={'value': 1, 'prev_value': 0, 'change': 1, 'player_num': 1}
2020-10-04 22:05:23,925 : EventManager : Event: ======'machine_var_audits_shots_soul_U'====== Args={'value': 218, 'prev_value': 217, 'change': 1}
2020-10-04 22:05:23,925 : EventManager : Event: ======'player_score'====== Args={'value': 6150, 'prev_value': 6140, 'change': 10, 'player_num': 1}
2020-10-04 22:05:24,803 : EventManager : Event: ======'machine_var_audits_switches_s_soul_L'====== Args={'value': 217, 'prev_value': 216, 'change': 1}
2020-10-04 22:05:24,803 : EventManager : Event: ======'player_shot_soul_L'====== Args={'value': 1, 'prev_value': 0, 'change': 1, 'player_num': 1}
2020-10-04 22:05:24,803 : EventManager : Event: ======'machine_var_audits_shots_soul_L'====== Args={'value': 216, 'prev_value': 215, 'change': 1}
2020-10-04 22:05:24,804 : EventManager : Event: ======'player_score'====== Args={'value': 6160, 'prev_value': 6150, 'change': 10, 'player_num': 1}
2020-10-04 22:05:24,812 : EventManager : Event: ======'player_score'====== Args={'value': 10160, 'prev_value': 6160, 'change': 4000, 'player_num': 1}
2020-10-04 22:05:25,741 : EventManager : Event: ======'machine_var_audits_switches_s_soul_S'====== Args={'value': 253, 'prev_value': 252, 'change': 1}
2020-10-04 22:05:25,741 : EventManager : Event: ======'machine_var_audits_shots_soul_S'====== Args={'value': 253, 'prev_value': 252, 'change': 1}
2020-10-04 22:05:25,741 : EventManager : Event: ======'player_score'====== Args={'value': 10170, 'prev_value': 10160, 'change': 10, 'player_num': 1}
2020-10-04 22:05:25,822 : EventManager : Event: ======'player_shot_soul_S'====== Args={'value': 0, 'prev_value': 1, 'change': -1, 'player_num': 1}
2020-10-04 22:05:25,822 : EventManager : Event: ======'player_shot_soul_O'====== Args={'value': 0, 'prev_value': 1, 'change': -1, 'player_num': 1}
2020-10-04 22:05:25,823 : EventManager : Event: ======'player_shot_soul_U'====== Args={'value': 0, 'prev_value': 1, 'change': -1, 'player_num': 1}
2020-10-04 22:05:25,823 : EventManager : Event: ======'player_shot_soul_L'====== Args={'value': 0, 'prev_value': 1, 'change': -1, 'player_num': 1}
2020-10-04 22:05:25,934 : EventManager : Event: ======'machine_var_audits_switches_s_soul_O'====== Args={'value': 228, 'prev_value': 227, 'change': 1}
2020-10-04 22:05:25,935 : EventManager : Event: ======'player_shot_soul_O'====== Args={'value': 1, 'prev_value': 0, 'change': 1, 'player_num': 1}
2020-10-04 22:05:25,935 : EventManager : Event: ======'machine_var_audits_shots_soul_O'====== Args={'value': 223, 'prev_value': 222, 'change': 1}
2020-10-04 22:05:25,935 : EventManager : Event: ======'player_score'====== Args={'value': 10180, 'prev_value': 10170, 'change': 10, 'player_num': 1}
2020-10-04 22:05:26,115 : EventManager : Event: ======'machine_var_audits_switches_s_soul_U'====== Args={'value': 219, 'prev_value': 218, 'change': 1}
2020-10-04 22:05:26,115 : EventManager : Event: ======'player_shot_soul_U'====== Args={'value': 1, 'prev_value': 0, 'change': 1, 'player_num': 1}
2020-10-04 22:05:26,115 : EventManager : Event: ======'machine_var_audits_shots_soul_U'====== Args={'value': 219, 'prev_value': 218, 'change': 1}
2020-10-04 22:05:26,115 : EventManager : Event: ======'player_score'====== Args={'value': 10190, 'prev_value': 10180, 'change': 10, 'player_num': 1}
2020-10-04 22:05:27,103 : EventManager : Event: ======'machine_var_audits_switches_s_soul_L'====== Args={'value': 218, 'prev_value': 217, 'change': 1}
2020-10-04 22:05:27,104 : EventManager : Event: ======'player_shot_soul_L'====== Args={'value': 1, 'prev_value': 0, 'change': 1, 'player_num': 1}
2020-10-04 22:05:27,104 : EventManager : Event: ======'machine_var_audits_shots_soul_L'====== Args={'value': 217, 'prev_value': 216, 'change': 1}
2020-10-04 22:05:27,104 : EventManager : Event: ======'player_score'====== Args={'value': 10200, 'prev_value': 10190, 'change': 10, 'player_num': 1}
2020-10-04 22:05:27,978 : EventManager : Event: ======'machine_var_audits_switches_s_soul_S'====== Args={'value': 254, 'prev_value': 253, 'change': 1}
2020-10-04 22:05:27,978 : EventManager : Event: ======'player_shot_soul_S'====== Args={'value': 1, 'prev_value': 0, 'change': 1, 'player_num': 1}
2020-10-04 22:05:27,978 : EventManager : Event: ======'machine_var_audits_shots_soul_S'====== Args={'value': 254, 'prev_value': 253, 'change': 1}
2020-10-04 22:05:27,979 : EventManager : Event: ======'player_score'====== Args={'value': 10210, 'prev_value': 10200, 'change': 10, 'player_num': 1}
2020-10-04 22:05:27,986 : EventManager : Event: ======'player_score'====== Args={'value': 14210, 'prev_value': 10210, 'change': 4000, 'player_num': 1}
2020-10-04 22:05:28,977 : EventManager : Event: ======'player_shot_soul_S'====== Args={'value': 0, 'prev_value': 1, 'change': -1, 'player_num': 1}
2020-10-04 22:05:28,978 : EventManager : Event: ======'player_shot_soul_O'====== Args={'value': 0, 'prev_value': 1, 'change': -1, 'player_num': 1}
2020-10-04 22:05:28,989 : EventManager : Event: ======'player_shot_soul_U'====== Args={'value': 0, 'prev_value': 1, 'change': -1, 'player_num': 1}
2020-10-04 22:05:28,990 : EventManager : Event: ======'player_shot_soul_L'====== Args={'value': 0, 'prev_value': 1, 'change': -1, 'player_num': 1}
2020-10-04 22:05:30,684 : kivy : Base: Leaving application in progress...
2020-10-04 22:05:30,958 : kivy : WindowSDL: exiting mainloop and closing.
2020-10-04 22:05:30,984 : mpfmc : Stopping...
2020-10-04 22:05:30,984 : EventManager : Event: ======'shutdown'====== Args={}
2020-10-04 22:05:30,984 : mpfmc : Loop rate 72.84 Hz
2020-10-04 22:05:30,984 : kivy : MC run loop ended.
2020-10-04 22:05:30,999 : kivy : Stopping child threads... (3 remaining)
2020-10-04 22:05:31,515 : mpfmc : Stopping...
2020-10-04 22:05:31,515 : EventManager : Event: ======'shutdown'====== Args={}
2020-10-04 22:05:31,515 : mpfmc : Loop rate 72.48 Hz
2020-10-04 22:05:31,530 : MPF-MC BCP Server : Stopping BCP sending thread
2020-10-04 22:05:31,979 : kivy : All child threads stopped.
