2020-10-05 09:28:38,497 : INFO : root : Loading config.
2020-10-05 09:28:38,513 : INFO : YamlMultifileConfigLoader : Machine config file #1: config.yaml
2020-10-05 09:28:38,513 : INFO : ConfigProcessor : Loading config from cache: C:\Users\themi\AppData\Local\Temp\2b6ef079982d662fef43bd5e7e2d4708.mpf_cache
2020-10-05 09:28:38,716 : INFO : ConfigProcessor : Loading config from cache: C:\Users\themi\AppData\Local\Temp\89b9c5cb952cce9fc74d723399719cc6.mpf_cache
2020-10-05 09:28:38,716 : INFO : ConfigProcessor : Loading config from cache: C:\Users\themi\AppData\Local\Temp\4fcecb70f81c3c2fefb8e65ae9a0af5f.mpf_cache
2020-10-05 09:28:38,716 : INFO : ConfigProcessor : Loading config from cache: C:\Users\themi\AppData\Local\Temp\5820a65357aa32f3082a694bbd0b1b93.mpf_cache
2020-10-05 09:28:38,716 : WARNING : ConfigProcessor : Config file in cache changed: c:\GitHub\Cuphead\modes\soulLanes\config\soulLanes.yaml
2020-10-05 09:28:38,716 : INFO : ConfigProcessor : Loading config from file c:\GitHub\Cuphead\modes\soulLanes\config\soulLanes.yaml.
2020-10-05 09:28:38,763 : INFO : ConfigProcessor : Loading config: c:\GitHub\Cuphead\modes\soulLanes\config\soulLanes.yaml
2020-10-05 09:28:38,763 : INFO : ConfigProcessor : Config file cache created: C:\Users\themi\AppData\Local\Temp\2f1df67e0c6599f893aeb5468bc976f9.mpf_cache
2020-10-05 09:28:38,763 : INFO : ConfigProcessor : Loading config from cache: C:\Users\themi\AppData\Local\Temp\e4f08e85af4a8c30a7d7240c7a9e2b7d.mpf_cache
2020-10-05 09:28:38,763 : INFO : ConfigProcessor : Loading config from cache: C:\Users\themi\AppData\Local\Temp\893c92602cb79b5461df4ae912d665e0.mpf_cache
2020-10-05 09:28:38,763 : INFO : ConfigProcessor : Loading config from cache: C:\Users\themi\AppData\Local\Temp\15cb35af48ef2b73a1399ecc64f542cf.mpf_cache
2020-10-05 09:28:38,763 : INFO : ConfigProcessor : Loading config from cache: C:\Users\themi\AppData\Local\Temp\8f78dc3447c1c9fe6775dbe5408c12e9.mpf_cache
2020-10-05 09:28:38,763 : INFO : ConfigProcessor : Loading config from cache: C:\Users\themi\AppData\Local\Temp\459e0fbd95aa261661d4ec522fde7178.mpf_cache
2020-10-05 09:28:38,763 : INFO : ConfigProcessor : Loading config from cache: C:\Users\themi\AppData\Local\Temp\bc011c11c9e34bbd89eedfa08565ed62.mpf_cache
2020-10-05 09:28:38,763 : INFO : ConfigProcessor : Loading config from cache: C:\Users\themi\AppData\Local\Temp\6f009ec52b9ccf4b89f291e4051b3241.mpf_cache
2020-10-05 09:28:38,763 : INFO : ConfigProcessor : Loading config from cache: C:\Users\themi\AppData\Local\Temp\c2ce7139d0aaca9aa552320269b3f50d.mpf_cache
2020-10-05 09:28:38,763 : INFO : ConfigProcessor : Loading config from cache: C:\Users\themi\AppData\Local\Temp\2b7bf9166be80f4b554569a332b23de4.mpf_cache
2020-10-05 09:28:38,779 : INFO : ConfigProcessor : Loading config from cache: C:\Users\themi\AppData\Local\Temp\c546e3aedc6779039624162d0203f540.mpf_cache
2020-10-05 09:28:38,779 : INFO : ConfigProcessor : Loading config from cache: C:\Users\themi\AppData\Local\Temp\abdfe7fa7b37a4a193490f565dc0597d.mpf_cache
2020-10-05 09:28:38,779 : INFO : ConfigProcessor : Loading config from cache: C:\Users\themi\AppData\Local\Temp\4342b421d288ce5a4483067739b72cdd.mpf_cache
2020-10-05 09:28:38,779 : INFO : ConfigProcessor : Loading config from cache: C:\Users\themi\AppData\Local\Temp\368aa16bb3be9e41d99a527245060f83.mpf_cache
2020-10-05 09:28:38,779 : INFO : ConfigProcessor : Loading config from cache: C:\Users\themi\AppData\Local\Temp\d0e012eb2507157abb0bb72425aaf5b2.mpf_cache
2020-10-05 09:28:38,779 : INFO : ConfigProcessor : Loading config from cache: C:\Users\themi\AppData\Local\Temp\0f1b51b912b71211c13fe22b9a37b50a.mpf_cache
2020-10-05 09:28:38,779 : INFO : ConfigProcessor : Loading config from cache: C:\Users\themi\AppData\Local\Temp\10ee2574e78165e598e7a995071a74cc.mpf_cache
2020-10-05 09:28:38,779 : INFO : ConfigProcessor : Loading config from cache: C:\Users\themi\AppData\Local\Temp\a266cad92e011305e896e67dddfd4a6c.mpf_cache
2020-10-05 09:28:38,779 : INFO : ConfigProcessor : Loading config from cache: C:\Users\themi\AppData\Local\Temp\7ee3e0eba3dedef43a01da4ffa491384.mpf_cache
2020-10-05 09:28:38,779 : INFO : ConfigProcessor : Loading config from cache: C:\Users\themi\AppData\Local\Temp\13fd6d25ddf06daef684ee2be33938b7.mpf_cache
2020-10-05 09:28:38,779 : INFO : Machine : Mission Pinball Framework Core Engine v0.54.0-dev.72
2020-10-05 09:28:38,779 : INFO : Machine : Command line arguments: {'no_load_cache': False, 'create_config_cache': True, 'bcp': True, 'configfile': ['config.yaml'], 'force_assets_load': False, 'jsonlogging': False, 'logfile': 'logs\\2020-10-05-09-28-38-mpf-LAPTOP-C39PEUFD.log', 'pause': False, 'production': False, 'text_ui': True, 'loglevel': 15, 'consoleloglevel': 20, 'force_platform': 'smart_virtual', 'syslog_address': None, 'mc_file_name': None, 'no_sound': False}
2020-10-05 09:28:38,779 : INFO : Machine : MPF path: c:\users\themi\appdata\local\programs\python\python36\lib\site-packages\mpf
2020-10-05 09:28:38,779 : INFO : Machine : Machine path: c:\GitHub\Cuphead
2020-10-05 09:28:38,779 : INFO : Machine : Platform: win32
2020-10-05 09:28:38,779 : INFO : Machine : Python executable location: c:\users\themi\appdata\local\programs\python\python36\python.exe
2020-10-05 09:28:38,779 : INFO : Machine : Python version: 3.6.4 (64-bit)
2020-10-05 09:28:38,794 : INFO : Machine : Initialise MPF.
2020-10-05 09:28:39,218 : INFO : EventManager : Event: ======'machine_var_credits_string'====== Args={'value': 'FREE PLAY', 'prev_value': None, 'change': True}
2020-10-05 09:28:39,358 : INFO : EventManager : Event: ======'machine_var_player1_score'====== Args={'value': 8110, 'prev_value': None, 'change': True}
2020-10-05 09:28:39,358 : INFO : EventManager : Event: ======'machine_var_mpf_version'====== Args={'value': 'MPF v0.54.0-dev.72', 'prev_value': None, 'change': True}
2020-10-05 09:28:39,358 : INFO : EventManager : Event: ======'machine_var_mpf_extended_version'====== Args={'value': 'MPF v0.54.0-dev.72, Config version:5, Show version: 5, BCP version:1.1', 'prev_value': None, 'change': True}
2020-10-05 09:28:39,358 : INFO : EventManager : Event: ======'machine_var_python_version'====== Args={'value': '3.6.4', 'prev_value': None, 'change': True}
2020-10-05 09:28:39,358 : INFO : EventManager : Event: ======'machine_var_platform'====== Args={'value': 'Windows-10-10.0.18362-SP0', 'prev_value': None, 'change': True}
2020-10-05 09:28:39,358 : INFO : EventManager : Event: ======'machine_var_platform_system'====== Args={'value': 'Windows', 'prev_value': None, 'change': True}
2020-10-05 09:28:39,358 : INFO : EventManager : Event: ======'machine_var_platform_release'====== Args={'value': '10', 'prev_value': None, 'change': True}
2020-10-05 09:28:39,358 : INFO : EventManager : Event: ======'machine_var_platform_version'====== Args={'value': '10.0.18362', 'prev_value': None, 'change': True}
2020-10-05 09:28:39,358 : INFO : EventManager : Event: ======'machine_var_platform_machine'====== Args={'value': 'AMD64', 'prev_value': None, 'change': True}
2020-10-05 09:28:39,358 : INFO : EventManager : Event: ======'init_phase_1'====== Args={}
2020-10-05 09:28:39,499 : INFO : EventManager : Event: ======'drop_target_bank_cup_bank_up'====== Args={}
2020-10-05 09:28:39,499 : INFO : EventManager : Event: ======'drop_target_bank_mug_bank_up'====== Args={}
2020-10-05 09:28:39,515 : INFO : EventManager : Event: ======'init_phase_2'====== Args={}
2020-10-05 09:28:39,515 : INFO : SwitchController : Found active switch: ('2', <Platform.SmartVirtual>)
2020-10-05 09:28:39,515 : INFO : SwitchController : Found active switch: ('3', <Platform.SmartVirtual>)
2020-10-05 09:28:39,530 : INFO : EventManager : Event: ======'bcp_connection_attempt'====== Args={'name': 'local_display', 'host': 'localhost', 'port': 5050}
2020-10-05 09:28:39,530 : INFO : BCPClientSocket : Connecting BCP to 'local_display' at localhost:5050...
2020-10-05 09:28:51,792 : INFO : BCPClientSocket : Connected BCP to 'local_display' localhost:5050
2020-10-05 09:28:51,793 : INFO : EventManager : Event: ======'bcp_clients_connected'====== Args={}
2020-10-05 09:28:51,808 : INFO : EventManager : Event: ======'machine_var_mc_version'====== Args={'value': 'MPF-MC v0.54.0-dev.20', 'prev_value': None, 'change': True}
2020-10-05 09:28:51,808 : INFO : EventManager : Event: ======'machine_var_mc_extended_version'====== Args={'value': 'MPF-MC v0.54.0-dev.20 (config_version=5, BCP v1.1, Requires MPF v0.54.0-dev.68)', 'prev_value': None, 'change': True}
2020-10-05 09:28:51,811 : INFO : EventManager : Event: ======'machine_var_master_volume'====== Args={'value': 0.5, 'prev_value': None, 'change': True}
2020-10-05 09:28:51,813 : INFO : ball_device.bd_trough : State: idle
2020-10-05 09:28:51,840 : INFO : ball_device.bd_plunger : State: idle
2020-10-05 09:28:51,875 : INFO : EventManager : Event: ======'init_phase_3'====== Args={}
2020-10-05 09:28:51,888 : INFO : EventManager : Event: ======'init_phase_4'====== Args={}
2020-10-05 09:28:51,890 : INFO : EventManager : Event: ======'machine_var_audits_events_game_ended'====== Args={'value': 21, 'prev_value': None, 'change': True}
2020-10-05 09:28:51,891 : INFO : EventManager : Event: ======'machine_var_audits_events_game_started'====== Args={'value': 40, 'prev_value': None, 'change': True}
2020-10-05 09:28:51,892 : INFO : EventManager : Event: ======'machine_var_audits_player_score'====== Args={'value': {'average': 530.4761904761905, 'top': [2970, 1300, 1220, 980, 880, 780, 720, 710, 630, 590], 'total': 21}, 'prev_value': None, 'change': True}
2020-10-05 09:28:51,892 : INFO : EventManager : Event: ======'machine_var_audits_shots_soul_L'====== Args={'value': 237, 'prev_value': None, 'change': True}
2020-10-05 09:28:51,893 : INFO : EventManager : Event: ======'machine_var_audits_shots_soul_O'====== Args={'value': 244, 'prev_value': None, 'change': True}
2020-10-05 09:28:51,893 : INFO : EventManager : Event: ======'machine_var_audits_shots_soul_S'====== Args={'value': 277, 'prev_value': None, 'change': True}
2020-10-05 09:28:51,894 : INFO : EventManager : Event: ======'machine_var_audits_shots_soul_U'====== Args={'value': 239, 'prev_value': None, 'change': True}
2020-10-05 09:28:51,895 : INFO : EventManager : Event: ======'machine_var_audits_switches_s_coin'====== Args={'value': 20, 'prev_value': None, 'change': True}
2020-10-05 09:28:51,896 : INFO : EventManager : Event: ======'machine_var_audits_switches_s_dash_L'====== Args={'value': 0, 'prev_value': None, 'change': True}
2020-10-05 09:28:51,897 : INFO : EventManager : Event: ======'machine_var_audits_switches_s_dash_R'====== Args={'value': 0, 'prev_value': None, 'change': True}
2020-10-05 09:28:51,898 : INFO : EventManager : Event: ======'machine_var_audits_switches_s_dtSling_L'====== Args={'value': 0, 'prev_value': None, 'change': True}
2020-10-05 09:28:51,898 : INFO : EventManager : Event: ======'machine_var_audits_switches_s_dtSling_R'====== Args={'value': 0, 'prev_value': None, 'change': True}
2020-10-05 09:28:51,899 : INFO : EventManager : Event: ======'machine_var_audits_switches_s_dt_C'====== Args={'value': 93, 'prev_value': None, 'change': True}
2020-10-05 09:28:51,900 : INFO : EventManager : Event: ======'machine_var_audits_switches_s_dt_G'====== Args={'value': 28, 'prev_value': None, 'change': True}
2020-10-05 09:28:51,901 : INFO : EventManager : Event: ======'machine_var_audits_switches_s_dt_M'====== Args={'value': 26, 'prev_value': None, 'change': True}
2020-10-05 09:28:51,902 : INFO : EventManager : Event: ======'machine_var_audits_switches_s_dt_P'====== Args={'value': 73, 'prev_value': None, 'change': True}
2020-10-05 09:28:51,902 : INFO : EventManager : Event: ======'machine_var_audits_switches_s_dt_U'====== Args={'value': 81, 'prev_value': None, 'change': True}
2020-10-05 09:28:51,903 : INFO : EventManager : Event: ======'machine_var_audits_switches_s_dt_U2'====== Args={'value': 26, 'prev_value': None, 'change': True}
2020-10-05 09:28:51,904 : INFO : EventManager : Event: ======'machine_var_audits_switches_s_exit_shooter_lane'====== Args={'value': 359, 'prev_value': None, 'change': True}
2020-10-05 09:28:51,905 : INFO : EventManager : Event: ======'machine_var_audits_switches_s_inLane_L'====== Args={'value': 0, 'prev_value': None, 'change': True}
2020-10-05 09:28:51,906 : INFO : EventManager : Event: ======'machine_var_audits_switches_s_inLane_R'====== Args={'value': 0, 'prev_value': None, 'change': True}
2020-10-05 09:28:51,907 : INFO : EventManager : Event: ======'machine_var_audits_switches_s_kicker'====== Args={'value': 0, 'prev_value': None, 'change': True}
2020-10-05 09:28:51,908 : INFO : EventManager : Event: ======'machine_var_audits_switches_s_left_flipper'====== Args={'value': 151, 'prev_value': None, 'change': True}
2020-10-05 09:28:51,910 : INFO : EventManager : Event: ======'machine_var_audits_switches_s_midRight'====== Args={'value': 0, 'prev_value': None, 'change': True}
2020-10-05 09:28:51,911 : INFO : EventManager : Event: ======'machine_var_audits_switches_s_outLane_L'====== Args={'value': 0, 'prev_value': None, 'change': True}
2020-10-05 09:28:51,911 : INFO : EventManager : Event: ======'machine_var_audits_switches_s_outLane_R'====== Args={'value': 0, 'prev_value': None, 'change': True}
2020-10-05 09:28:51,912 : INFO : EventManager : Event: ======'machine_var_audits_switches_s_perdition'====== Args={'value': 0, 'prev_value': None, 'change': True}
2020-10-05 09:28:51,913 : INFO : EventManager : Event: ======'machine_var_audits_switches_s_playfield'====== Args={'value': 0, 'prev_value': None, 'change': True}
2020-10-05 09:28:51,913 : INFO : EventManager : Event: ======'machine_var_audits_switches_s_plunger'====== Args={'value': 584, 'prev_value': None, 'change': True}
2020-10-05 09:28:51,914 : INFO : EventManager : Event: ======'machine_var_audits_switches_s_popBumper_1'====== Args={'value': 464, 'prev_value': None, 'change': True}
2020-10-05 09:28:51,915 : INFO : EventManager : Event: ======'machine_var_audits_switches_s_popBumper_2'====== Args={'value': 440, 'prev_value': None, 'change': True}
2020-10-05 09:28:51,916 : INFO : EventManager : Event: ======'machine_var_audits_switches_s_popBumper_3'====== Args={'value': 164, 'prev_value': None, 'change': True}
2020-10-05 09:28:51,917 : INFO : EventManager : Event: ======'machine_var_audits_switches_s_pop_bumper1'====== Args={'value': 120, 'prev_value': None, 'change': True}
2020-10-05 09:28:51,918 : INFO : EventManager : Event: ======'machine_var_audits_switches_s_pop_bumper2'====== Args={'value': 153, 'prev_value': None, 'change': True}
2020-10-05 09:28:51,919 : INFO : EventManager : Event: ======'machine_var_audits_switches_s_pop_bumper3'====== Args={'value': 100, 'prev_value': None, 'change': True}
2020-10-05 09:28:51,920 : INFO : EventManager : Event: ======'machine_var_audits_switches_s_right_flipper'====== Args={'value': 217, 'prev_value': None, 'change': True}
2020-10-05 09:28:51,920 : INFO : EventManager : Event: ======'machine_var_audits_switches_s_sling_L'====== Args={'value': 0, 'prev_value': None, 'change': True}
2020-10-05 09:28:51,921 : INFO : EventManager : Event: ======'machine_var_audits_switches_s_sling_R'====== Args={'value': 0, 'prev_value': None, 'change': True}
2020-10-05 09:28:51,922 : INFO : EventManager : Event: ======'machine_var_audits_switches_s_soul_L'====== Args={'value': 238, 'prev_value': None, 'change': True}
2020-10-05 09:28:51,923 : INFO : EventManager : Event: ======'machine_var_audits_switches_s_soul_O'====== Args={'value': 249, 'prev_value': None, 'change': True}
2020-10-05 09:28:51,923 : INFO : EventManager : Event: ======'machine_var_audits_switches_s_soul_S'====== Args={'value': 277, 'prev_value': None, 'change': True}
2020-10-05 09:28:51,924 : INFO : EventManager : Event: ======'machine_var_audits_switches_s_soul_U'====== Args={'value': 239, 'prev_value': None, 'change': True}
2020-10-05 09:28:51,925 : INFO : EventManager : Event: ======'machine_var_audits_switches_s_standUp_1'====== Args={'value': 0, 'prev_value': None, 'change': True}
2020-10-05 09:28:51,927 : INFO : EventManager : Event: ======'machine_var_audits_switches_s_standUp_2'====== Args={'value': 0, 'prev_value': None, 'change': True}
2020-10-05 09:28:51,928 : INFO : EventManager : Event: ======'machine_var_audits_switches_s_standUp_3'====== Args={'value': 0, 'prev_value': None, 'change': True}
2020-10-05 09:28:51,928 : INFO : EventManager : Event: ======'machine_var_audits_switches_s_standUp_R'====== Args={'value': 0, 'prev_value': None, 'change': True}
2020-10-05 09:28:51,929 : INFO : EventManager : Event: ======'machine_var_audits_switches_s_star_1'====== Args={'value': 0, 'prev_value': None, 'change': True}
2020-10-05 09:28:51,930 : INFO : EventManager : Event: ======'machine_var_audits_switches_s_star_2'====== Args={'value': 0, 'prev_value': None, 'change': True}
2020-10-05 09:28:51,931 : INFO : EventManager : Event: ======'machine_var_audits_switches_s_star_3'====== Args={'value': 0, 'prev_value': None, 'change': True}
2020-10-05 09:28:51,932 : INFO : EventManager : Event: ======'machine_var_audits_switches_s_start'====== Args={'value': 68, 'prev_value': None, 'change': True}
2020-10-05 09:28:51,934 : INFO : EventManager : Event: ======'machine_var_audits_switches_s_tilt'====== Args={'value': 0, 'prev_value': None, 'change': True}
2020-10-05 09:28:51,934 : INFO : EventManager : Event: ======'machine_var_audits_switches_s_trough1'====== Args={'value': 519, 'prev_value': None, 'change': True}
2020-10-05 09:28:51,936 : INFO : EventManager : Event: ======'machine_var_audits_switches_s_trough2'====== Args={'value': 72, 'prev_value': None, 'change': True}
2020-10-05 09:28:51,937 : INFO : EventManager : Event: ======'machine_var_audits_switches_s_trough_jam'====== Args={'value': 13, 'prev_value': None, 'change': True}
2020-10-05 09:28:51,938 : INFO : EventManager : Event: ======'init_phase_5'====== Args={}
2020-10-05 09:28:51,967 : INFO : EventManager : Event: ======'init_done'====== Args={}
2020-10-05 09:28:51,982 : INFO : EventManager : Event: ======'machine_reset_phase_1'====== Args={}
2020-10-05 09:28:51,992 : INFO : EventManager : Event: ======'slide_welcome_slide_removed'====== Args={'_from_bcp': True}
2020-10-05 09:28:51,997 : INFO : EventManager : Event: ======'slide_welcome_slide_created'====== Args={'_from_bcp': True}
2020-10-05 09:28:52,000 : INFO : EventManager : Event: ======'machine_reset_phase_2'====== Args={}
2020-10-05 09:28:52,001 : INFO : EventManager : Event: ======'machine_reset_phase_3'====== Args={}
2020-10-05 09:28:52,001 : INFO : drop_target_bank.cup_bank : All targets are already up. Will not reset bank.
2020-10-05 09:28:52,005 : INFO : drop_target_bank.mug_bank : All targets are already up. Will not reset bank.
2020-10-05 09:28:52,006 : INFO : EventManager : Event: ======'reset_complete'====== Args={}
2020-10-05 09:28:52,007 : INFO : EventManager : Event: ======'mode_attract_will_start'====== Args={}
2020-10-05 09:28:52,008 : INFO : EventManager : Event: ======'mode_attract_starting'====== Args={}
2020-10-05 09:28:52,008 : INFO : Mode.attract : Started. Priority: 10
2020-10-05 09:28:52,009 : INFO : EventManager : Event: ======'modes_active_modes_changed'====== Args={}
2020-10-05 09:28:52,009 : INFO : EventManager : Event: ======'mode_attract_started'====== Args={}
2020-10-05 09:28:52,013 : INFO : EventManager : Event: ======'collecting_balls_complete'====== Args={}
2020-10-05 09:28:52,013 : INFO : EventManager : Event: ======'slide_welcome_slide_active'====== Args={'_from_bcp': True}
2020-10-05 09:28:52,067 : INFO : EventManager : Event: ======'slide_awesome_slide_created'====== Args={'_from_bcp': True}
2020-10-05 09:28:52,068 : INFO : EventManager : Event: ======'slide_awesome_slide_active'====== Args={'_from_bcp': True}
2020-10-05 09:28:52,068 : INFO : Machine : Starting the main run loop.
2020-10-05 09:28:52,114 : INFO : BcpServer : New client connected.
2020-10-05 09:28:52,969 : INFO : SwitchController : <<<<<<< 's_start' active >>>>>>>
2020-10-05 09:28:53,174 : INFO : SwitchController : <<<<<<< 's_start' inactive >>>>>>>
2020-10-05 09:28:53,174 : INFO : EventManager : Event: ======'request_to_start_game'====== Args={}
2020-10-05 09:28:53,175 : INFO : EventManager : Event: ======'game_start'====== Args={'buttons': [], 'hold_time': 0.21899999998277053}
2020-10-05 09:28:53,176 : INFO : EventManager : Event: ======'mode_game_will_start'====== Args={'buttons': [], 'hold_time': 0.21899999998277053}
2020-10-05 09:28:53,177 : INFO : EventManager : Event: ======'mode_game_starting'====== Args={'buttons': [], 'hold_time': 0.21899999998277053}
2020-10-05 09:28:53,178 : INFO : EventManager : Event: ======'mode_attract_will_stop'====== Args={}
2020-10-05 09:28:53,178 : INFO : EventManager : Event: ======'mode_attract_stopping'====== Args={}
2020-10-05 09:28:53,179 : INFO : Mode.attract : Stopped.
2020-10-05 09:28:53,179 : INFO : EventManager : Event: ======'modes_active_modes_changed'====== Args={}
2020-10-05 09:28:53,180 : INFO : EventManager : Event: ======'mode_attract_stopped'====== Args={}
2020-10-05 09:28:53,181 : INFO : EventManager : Event: ======'clear'====== Args={'key': 'attract'}
2020-10-05 09:28:53,181 : INFO : Mode.game : Started. Priority: 20
2020-10-05 09:28:53,182 : INFO : EventManager : Event: ======'modes_active_modes_changed'====== Args={}
2020-10-05 09:28:53,182 : INFO : EventManager : Event: ======'mode_game_started'====== Args={'buttons': [], 'hold_time': 0.21899999998277053}
2020-10-05 09:28:53,218 : INFO : EventManager : Event: ======'game_will_start'====== Args={}
2020-10-05 09:28:53,223 : INFO : EventManager : Event: ======'slide_awesome_slide_removed'====== Args={'_from_bcp': True}
2020-10-05 09:28:53,227 : INFO : EventManager : Event: ======'slide_welcome_slide_active'====== Args={'_from_bcp': True}
2020-10-05 09:28:53,227 : INFO : EventManager : Event: ======'game_starting'====== Args={'game': <Mode.game>}
2020-10-05 09:28:53,228 : INFO : EventManager : Event: ======'player_add_request'====== Args={}
2020-10-05 09:28:53,229 : INFO : EventManager : Event: ======'player_will_add'====== Args={'number': 1}
2020-10-05 09:28:53,229 : INFO : EventManager : Event: ======'player_adding'====== Args={'player': <Player 1>, 'number': 1}
2020-10-05 09:28:53,230 : INFO : EventManager : Event: ======'player_added'====== Args={'player': <Player 1>, 'num': 1}
2020-10-05 09:28:53,230 : INFO : Mode.game : Player added successfully. Total players: 1
2020-10-05 09:28:53,231 : INFO : EventManager : Event: ======'player_index'====== Args={'value': 0, 'prev_value': 0, 'change': 0, 'player_num': 1}
2020-10-05 09:28:53,231 : INFO : EventManager : Event: ======'player_number'====== Args={'value': 1, 'prev_value': 1, 'change': 0, 'player_num': 1}
2020-10-05 09:28:53,232 : INFO : EventManager : Event: ======'player_bonus_multiplier'====== Args={'value': 1, 'prev_value': 1, 'change': 0, 'player_num': 1}
2020-10-05 09:28:53,234 : INFO : EventManager : Event: ======'player_contracts'====== Args={'value': 0, 'prev_value': 0, 'change': 0, 'player_num': 1}
2020-10-05 09:28:53,236 : INFO : EventManager : Event: ======'player_score'====== Args={'value': 0, 'prev_value': 0, 'change': 0, 'player_num': 1}
2020-10-05 09:28:53,238 : INFO : EventManager : Event: ======'game_started'====== Args={}
2020-10-05 09:28:53,269 : INFO : EventManager : Event: ======'player_turn_will_start'====== Args={'player': <Player 1>, 'number': 1}
2020-10-05 09:28:53,271 : INFO : EventManager : Event: ======'player_turn_starting'====== Args={'player': <Player 1>, 'number': 1}
2020-10-05 09:28:53,273 : INFO : EventManager : Event: ======'player_ball'====== Args={'value': 1, 'prev_value': 0, 'change': 1, 'player_num': 1}
2020-10-05 09:28:53,274 : INFO : EventManager : Event: ======'player_turn_started'====== Args={'player': <Player 1>, 'number': 1}
2020-10-05 09:28:53,277 : INFO : EventManager : Event: ======'ball_will_start'====== Args={'player': 1, 'ball': 1, 'balls_remaining': 4, 'is_extra_ball': False}
2020-10-05 09:28:53,295 : INFO : EventManager : Event: ======'ball_starting'====== Args={'player': 1, 'ball': 1, 'balls_remaining': 4, 'is_extra_ball': False}
2020-10-05 09:28:53,297 : INFO : EventManager : Event: ======'mode_base_will_start'====== Args={'queue': <QueuedEvent>, 'player': 1, 'ball': 1, 'balls_remaining': 4, 'is_extra_ball': False}
2020-10-05 09:28:53,304 : INFO : EventManager : Event: ======'mode_base_starting'====== Args={'queue': <QueuedEvent>, 'player': 1, 'ball': 1, 'balls_remaining': 4, 'is_extra_ball': False}
2020-10-05 09:28:53,305 : INFO : drop_target_bank.cup_bank : All targets are already up. Will not reset bank.
2020-10-05 09:28:53,305 : INFO : drop_target_bank.mug_bank : All targets are already up. Will not reset bank.
2020-10-05 09:28:53,306 : INFO : EventManager : Event: ======'balls_in_play'====== Args={'balls': 1}
2020-10-05 09:28:53,306 : INFO : EventManager : Event: ======'ball_started'====== Args={'player': 1, 'ball': 1, 'balls_remaining': 4, 'is_extra_ball': False}
2020-10-05 09:28:53,308 : INFO : EventManager : Event: ======'logicblock_bonus_updated'====== Args={'value': 0, 'enabled': True}
2020-10-05 09:28:53,308 : INFO : EventManager : Event: ======'logicblock_bonus_updated'====== Args={'value': 0, 'enabled': True}
2020-10-05 09:28:53,309 : INFO : Mode.base : Started. Priority: 100
2020-10-05 09:28:53,309 : INFO : EventManager : Event: ======'modes_active_modes_changed'====== Args={}
2020-10-05 09:28:53,310 : INFO : EventManager : Event: ======'mode_base_started'====== Args={'queue': <QueuedEvent>, 'player': 1, 'ball': 1, 'balls_remaining': 4, 'is_extra_ball': False}
2020-10-05 09:28:53,311 : INFO : EventManager : Event: ======'mode_soulLanes_will_start'====== Args={'player': 1, 'ball': 1, 'balls_remaining': 4, 'is_extra_ball': False}
2020-10-05 09:28:53,312 : INFO : EventManager : Event: ======'player_shot_soul_S_enabled'====== Args={'value': True, 'prev_value': 0, 'change': 1, 'player_num': 1}
2020-10-05 09:28:53,314 : INFO : EventManager : Event: ======'player_shot_soul_O_enabled'====== Args={'value': True, 'prev_value': 0, 'change': 1, 'player_num': 1}
2020-10-05 09:28:53,315 : INFO : EventManager : Event: ======'player_shot_soul_U_enabled'====== Args={'value': True, 'prev_value': 0, 'change': 1, 'player_num': 1}
2020-10-05 09:28:53,318 : INFO : EventManager : Event: ======'player_shot_soul_L_enabled'====== Args={'value': True, 'prev_value': 0, 'change': 1, 'player_num': 1}
2020-10-05 09:28:53,320 : INFO : EventManager : Event: ======'soul_lanes_complete'====== Args={'state': 'unlit'}
2020-10-05 09:28:53,320 : INFO : EventManager : Event: ======'soul_lanes_unlit_complete'====== Args={}
2020-10-05 09:28:53,326 : INFO : EventManager : Event: ======'mode_soulLanes_starting'====== Args={'player': 1, 'ball': 1, 'balls_remaining': 4, 'is_extra_ball': False}
2020-10-05 09:28:53,338 : INFO : EventManager : Event: ======'logicblock_soul_complete_count_updated'====== Args={'value': 1, 'enabled': True}
2020-10-05 09:28:53,338 : INFO : EventManager : Event: ======'logicblock_soul_complete_count_updated'====== Args={'value': 1, 'enabled': True}
2020-10-05 09:28:53,339 : INFO : Mode.soulLanes : Started. Priority: 110
2020-10-05 09:28:53,339 : INFO : EventManager : Event: ======'modes_active_modes_changed'====== Args={}
2020-10-05 09:28:53,339 : INFO : EventManager : Event: ======'mode_soulLanes_started'====== Args={'player': 1, 'ball': 1, 'balls_remaining': 4, 'is_extra_ball': False}
2020-10-05 09:28:53,340 : INFO : EventManager : Event: ======'single_player_ball_started'====== Args={}
2020-10-05 09:28:53,414 : INFO : EventManager : Event: ======'player_bonus_multiplier'====== Args={'value': 0, 'prev_value': 1, 'change': -1, 'player_num': 1}
2020-10-05 09:28:53,419 : INFO : ball_device.bd_plunger : Setting up player-controlled eject. Balls: 1, Target: <playfield.playfield>, player_controlled_eject_event: None
2020-10-05 09:28:53,438 : INFO : EventManager : Event: ======'balldevice_balls_available'====== Args={}
2020-10-05 09:28:53,493 : INFO : EventManager : Event: ======'slide_base.slide_player-mode_base_started_created'====== Args={'_from_bcp': True}
2020-10-05 09:28:53,494 : INFO : EventManager : Event: ======'slide_base.slide_player-mode_base_started_active'====== Args={'_from_bcp': True}
2020-10-05 09:28:53,496 : INFO : ball_device.bd_trough : State: waiting_for_target_ready
2020-10-05 09:28:53,497 : INFO : EventManager : Event: ======'balldevice_bd_trough_ball_eject_attempt'====== Args={'balls': 1, 'target': <ball_device.bd_plunger>, 'source': <ball_device.bd_trough>, 'mechanical_eject': True, 'num_attempts': 0}
2020-10-05 09:28:53,498 : INFO : ball_device.bd_plunger : State: waiting_for_ball
2020-10-05 09:28:53,499 : INFO : ball_device.bd_trough : State: ejecting
2020-10-05 09:28:53,500 : INFO : ball_device.bd_trough : Ejecting ball to <ball_device.bd_plunger>
2020-10-05 09:28:53,501 : INFO : EventManager : Event: ======'balldevice_bd_trough_ejecting_ball'====== Args={'balls': 1, 'target': <ball_device.bd_plunger>, 'source': <ball_device.bd_trough>, 'mechanical_eject': True, 'num_attempts': 0}
2020-10-05 09:28:53,503 : INFO : ball_device.bd_trough : Wait for ball to leave device
2020-10-05 09:28:53,504 : INFO : coil.c_trough_eject : Pulsing Driver for 20ms (1.0 pulse_power)
2020-10-05 09:28:53,504 : INFO : SwitchController : <<<<<<< 's_trough1' inactive >>>>>>>
2020-10-05 09:28:53,524 : INFO : ball_device.bd_trough : State: ball_left
2020-10-05 09:28:53,524 : INFO : ball_device.bd_trough : Ball left
2020-10-05 09:28:53,525 : INFO : ball_device.bd_trough : Wait for confirm with timeout 10.0
2020-10-05 09:28:53,605 : INFO : SwitchController : <<<<<<< 's_plunger' active >>>>>>>
2020-10-05 09:28:53,605 : INFO : EventManager : Event: ======'machine_var_audits_switches_s_plunger'====== Args={'value': 585, 'prev_value': 584, 'change': 1}
2020-10-05 09:28:54,109 : INFO : ball_device.bd_plunger : Received ball from <ball_device.bd_trough>
2020-10-05 09:28:54,110 : INFO : EventManager : Event: ======'balldevice_bd_plunger_ball_enter'====== Args={'new_balls': 1, 'unclaimed_balls': 0, 'new_available_balls': 0, 'device': <ball_device.bd_plunger>}
2020-10-05 09:28:54,111 : INFO : EventManager : Event: ======'balldevice_bd_plunger_ball_entered'====== Args={'new_balls': 0, 'device': <ball_device.bd_plunger>}
2020-10-05 09:28:54,112 : INFO : EventManager : Event: ======'balldevice_bd_plunger_ball_count_changed'====== Args={'balls': 1}
2020-10-05 09:28:54,112 : INFO : ball_device.bd_trough : Got eject confirm
2020-10-05 09:28:54,113 : INFO : ball_device.bd_trough : Eject successful
2020-10-05 09:28:54,113 : INFO : EventManager : Event: ======'balldevice_bd_trough_ball_eject_success'====== Args={'balls': 1, 'target': <ball_device.bd_plunger>}
2020-10-05 09:28:54,114 : INFO : EventManager : Event: ======'balldevice_bd_trough_ball_count_changed'====== Args={'balls': 1}
2020-10-05 09:28:54,115 : INFO : ball_device.bd_trough : State: idle
2020-10-05 09:28:54,116 : INFO : ball_device.bd_plunger : State: waiting_for_target_ready
2020-10-05 09:28:54,117 : INFO : EventManager : Event: ======'balldevice_bd_plunger_ball_eject_attempt'====== Args={'balls': 1, 'target': <playfield.playfield>, 'source': <ball_device.bd_plunger>, 'mechanical_eject': True, 'num_attempts': 0}
2020-10-05 09:28:54,118 : INFO : ball_device.bd_plunger : State: ejecting
2020-10-05 09:28:54,118 : INFO : ball_device.bd_plunger : Ejecting ball to <playfield.playfield>
2020-10-05 09:28:54,119 : INFO : EventManager : Event: ======'balldevice_bd_plunger_ejecting_ball'====== Args={'balls': 1, 'target': <playfield.playfield>, 'source': <ball_device.bd_plunger>, 'mechanical_eject': True, 'num_attempts': 0}
2020-10-05 09:28:54,121 : INFO : ball_device.bd_plunger : Wait for ball to leave device
2020-10-05 09:29:53,942 : INFO : Machine : Shutting down...
2020-10-05 09:29:53,942 : INFO : EventManager : Event: ======'shutdown'====== Args={}
2020-10-05 09:29:54,020 : INFO : root : MPF run loop ended.
