2020-10-05 09:55:04,645 : kivy : Factory: 184 symbols loaded
2020-10-05 09:55:09,854 : kivy : ImageLoaderFFPy: Using ffpyplayer 4.3.1
2020-10-05 09:55:09,856 : kivy : Image: Providers: img_tex, img_dds, img_sdl2, img_pil, img_ffpyplayer, img_gif 
2020-10-05 09:55:11,965 : kivy : VideoGstplayer: Using Gstreamer 1.16.0.0
2020-10-05 09:55:11,966 : kivy : Video: Provider: gstplayer
2020-10-05 09:55:14,233 : kivy : Loading MPF-MC controller
2020-10-05 09:55:14,243 : YamlMultifileConfigLoader : Machine config file #1: config
2020-10-05 09:55:14,244 : ConfigProcessor : Config file in cache changed: c:\GitHub\Cuphead\config\config
2020-10-05 09:55:14,283 : ConfigProcessor : Loading config from file c:\users\themi\appdata\local\programs\python\python36\lib\site-packages\mpfmc\mcconfig.yaml.
2020-10-05 09:55:14,362 : ConfigProcessor : Loading config: c:\users\themi\appdata\local\programs\python\python36\lib\site-packages\mpfmc\mcconfig.yaml
2020-10-05 09:55:14,363 : ConfigProcessor : Loading config from file c:\GitHub\Cuphead\config\config.
2020-10-05 09:55:14,386 : ConfigProcessor : Loading config: c:\GitHub\Cuphead\config\config
2020-10-05 09:55:14,400 : ConfigProcessor : Loading config: c:\GitHub\Cuphead\config\keyboard.yaml
2020-10-05 09:55:14,443 : ConfigProcessor : Loading config: c:\GitHub\Cuphead\config\hwSwitches.yaml
2020-10-05 09:55:14,557 : ConfigProcessor : Loading config: c:\GitHub\Cuphead\config\hwLights.yaml
2020-10-05 09:55:14,584 : ConfigProcessor : Loading config: c:\GitHub\Cuphead\config\hwCoils.yaml
2020-10-05 09:55:14,590 : ConfigProcessor : Config file cache created: C:\Users\themi\AppData\Local\Temp\0cbdbb896bde7c562664fa91ae109528.mpf_cache
2020-10-05 09:55:14,591 : ConfigProcessor : Loading config from cache: C:\Users\themi\AppData\Local\Temp\89b9c5cb952cce9fc74d723399719cc6.mpf_cache
2020-10-05 09:55:14,592 : ConfigProcessor : Loading config from cache: C:\Users\themi\AppData\Local\Temp\4fcecb70f81c3c2fefb8e65ae9a0af5f.mpf_cache
2020-10-05 09:55:14,593 : ConfigProcessor : Loading config from cache: C:\Users\themi\AppData\Local\Temp\5820a65357aa32f3082a694bbd0b1b93.mpf_cache
2020-10-05 09:55:14,594 : ConfigProcessor : Loading config from cache: C:\Users\themi\AppData\Local\Temp\2f1df67e0c6599f893aeb5468bc976f9.mpf_cache
2020-10-05 09:55:14,596 : ConfigProcessor : Loading config from cache: C:\Users\themi\AppData\Local\Temp\e4f08e85af4a8c30a7d7240c7a9e2b7d.mpf_cache
2020-10-05 09:55:14,597 : mpfmc : Mission Pinball Framework Media Controller v0.54.0-dev.20
2020-10-05 09:55:14,597 : mpfmc : Mission Pinball Framework Game Engine v0.54.0-dev.72
2020-10-05 09:55:14,598 : mpfmc : Machine path: c:\GitHub\Cuphead
2020-10-05 09:55:14,598 : mpfmc : Starting clock at 60.0Hz
2020-10-05 09:55:14,859 : kivy : Text: Provider: sdl2
2020-10-05 09:55:15,159 : kivy : Window: Provider: sdl2
2020-10-05 09:55:16,188 : kivy : GL: Using the "OpenGL" graphics system
2020-10-05 09:55:16,194 : kivy : GL: GLEW initialization succeeded
2020-10-05 09:55:16,195 : kivy : GL: Backend used <glew>
2020-10-05 09:55:16,199 : kivy : GL: OpenGL version <b'4.5.14568 Compatibility Profile Context 24.20.12050.0'>
2020-10-05 09:55:16,200 : kivy : GL: OpenGL vendor <b'ATI Technologies Inc.'>
2020-10-05 09:55:16,200 : kivy : GL: OpenGL renderer <b'AMD Radeon(TM) R4 Graphics'>
2020-10-05 09:55:16,201 : kivy : GL: OpenGL parsed version: 4, 5
2020-10-05 09:55:16,201 : kivy : GL: Shading version <b'4.50'>
2020-10-05 09:55:16,201 : kivy : GL: Texture max size <16384>
2020-10-05 09:55:16,201 : kivy : GL: Texture max units <32>
2020-10-05 09:55:16,247 : kivy : Window: auto add sdl2 input provider
2020-10-05 09:55:16,247 : kivy : Window: virtual keyboard not allowed, single mode, not docked
2020-10-05 09:55:16,265 : SoundSystem : SoundSystem: Using default 'sound_system' settings
2020-10-05 09:55:17,020 : AudioInterface : Initialized
2020-10-05 09:55:17,020 : SoundSystem : No audio tracks are specified in your machine config file. a track named 'default' has been created.
2020-10-05 09:55:17,029 : kivy : Base: Start application main loop
2020-10-05 09:55:17,031 : EventManager : Event: ======'display_window_initialized'====== Args={}
2020-10-05 09:55:17,085 : mpfmc : Display: Setting 'window' as default display
2020-10-05 09:55:17,102 : EventManager : Event: ======'displays_initialized'====== Args={}
2020-10-05 09:55:17,104 : EventManager : Event: ======'slide_window_blank_created'====== Args={}
2020-10-05 09:55:17,104 : EventManager : Event: ======'display_window_ready'====== Args={}
2020-10-05 09:55:17,130 : EventManager : Event: ======'init_phase_1'====== Args={}
2020-10-05 09:55:17,142 : EventManager : Event: ======'mc_ready'====== Args={}
2020-10-05 09:55:17,143 : EventManager : Event: ======'init_phase_2'====== Args={}
2020-10-05 09:55:17,151 : EventManager : Event: ======'init_phase_3'====== Args={}
2020-10-05 09:55:17,153 : AssetManager : Registering Asset: attract_music, File: attract_music.ogg, Default Group: default, Final Config: {'load': 'preload', 'file': 'c:\\GitHub\\Cuphead\\modes\\attract\\sounds\\music\\attract_music.ogg'}
2020-10-05 09:55:17,155 : AssetManager : Registering Asset: cupHighScore, File: cupHighScore.ogg, Default Group: default, Final Config: {'load': 'preload', 'file': 'c:\\GitHub\\Cuphead\\modes\\base\\sounds\\music\\cupHighScore.ogg'}
2020-10-05 09:55:17,155 : AssetManager : Registering Asset: cupMusic1, File: cupMusic1.ogg, Default Group: default, Final Config: {'load': 'preload', 'target': 'music', 'loop': -1, 'mode_end_action': 'stop', 'file': 'c:\\GitHub\\Cuphead\\modes\\base\\sounds\\music\\cupMusic1.ogg'}
2020-10-05 09:55:17,156 : AssetManager : Registering Asset: cupMusic2, File: cupMusic2.ogg, Default Group: default, Final Config: {'load': 'preload', 'target': 'music', 'loop': -1, 'mode_end_action': 'stop', 'file': 'c:\\GitHub\\Cuphead\\modes\\base\\sounds\\music\\cupMusic2.ogg'}
2020-10-05 09:55:17,156 : AssetManager : Registering Asset: cupMusic3, File: cupMusic3.ogg, Default Group: default, Final Config: {'load': 'preload', 'target': 'music', 'loop': -1, 'mode_end_action': 'stop', 'file': 'c:\\GitHub\\Cuphead\\modes\\base\\sounds\\music\\cupMusic3.ogg'}
2020-10-05 09:55:17,156 : AssetManager : Registering Asset: cupMusic4, File: cupMusic4.ogg, Default Group: default, Final Config: {'load': 'preload', 'target': 'music', 'loop': -1, 'mode_end_action': 'stop', 'file': 'c:\\GitHub\\Cuphead\\modes\\base\\sounds\\music\\cupMusic4.ogg'}
2020-10-05 09:55:17,156 : AssetManager : Registering Asset: cupMusic5, File: cupMusic5.ogg, Default Group: default, Final Config: {'load': 'preload', 'file': 'c:\\GitHub\\Cuphead\\modes\\base\\sounds\\music\\cupMusic5.ogg'}
2020-10-05 09:55:17,157 : AssetManager : Registering Asset: cupMusic6, File: cupMusic6.ogg, Default Group: default, Final Config: {'load': 'preload', 'file': 'c:\\GitHub\\Cuphead\\modes\\base\\sounds\\music\\cupMusic6.ogg'}
2020-10-05 09:55:17,157 : AssetManager : Registering Asset: cupMusic7, File: cupMusic7.ogg, Default Group: default, Final Config: {'load': 'preload', 'file': 'c:\\GitHub\\Cuphead\\modes\\base\\sounds\\music\\cupMusic7.ogg'}
2020-10-05 09:55:17,157 : AssetManager : Registering Asset: cupMusic8, File: cupMusic8.ogg, Default Group: default, Final Config: {'load': 'preload', 'file': 'c:\\GitHub\\Cuphead\\modes\\base\\sounds\\music\\cupMusic8.ogg'}
2020-10-05 09:55:17,157 : AssetManager : Registering Asset: cupMusic9, File: cupMusic9.ogg, Default Group: default, Final Config: {'load': 'preload', 'file': 'c:\\GitHub\\Cuphead\\modes\\base\\sounds\\music\\cupMusic9.ogg'}
2020-10-05 09:55:17,157 : AssetManager : Registering Asset: game_play_1, File: game_play_1.ogg, Default Group: default, Final Config: {'load': 'preload', 'file': 'c:\\GitHub\\Cuphead\\modes\\base\\sounds\\music\\game_play_1.ogg'}
2020-10-05 09:55:17,162 : EventManager : Event: ======'init_phase_4'====== Args={}
2020-10-05 09:55:17,162 : EventManager : Event: ======'init_phase_5'====== Args={}
2020-10-05 09:55:20,344 : EventManager : Event: ======'loading_assets'====== Args={'total': 12, 'loaded': 1, 'remaining': 11, 'percent': 8}
2020-10-05 09:55:21,127 : AssetManager : Loading assets: 1/12 (8%)
2020-10-05 09:55:22,836 : EventManager : Event: ======'loading_assets'====== Args={'total': 12, 'loaded': 6, 'remaining': 6, 'percent': 50}
2020-10-05 09:55:23,725 : AssetManager : Loading assets: 6/12 (50%)
2020-10-05 09:55:24,710 : EventManager : Event: ======'loading_assets'====== Args={'total': 12, 'loaded': 8, 'remaining': 4, 'percent': 67}
2020-10-05 09:55:24,711 : AssetManager : Loading assets: 8/12 (67%)
2020-10-05 09:55:25,667 : EventManager : Event: ======'loading_assets'====== Args={'total': 12, 'loaded': 10, 'remaining': 2, 'percent': 83}
2020-10-05 09:55:25,667 : AssetManager : Loading assets: 10/12 (83%)
2020-10-05 09:55:27,056 : EventManager : Event: ======'loading_assets'====== Args={'total': 12, 'loaded': 11, 'remaining': 1, 'percent': 92}
2020-10-05 09:55:27,056 : AssetManager : Loading assets: 11/12 (92%)
2020-10-05 09:55:27,056 : EventManager : Event: ======'loading_assets'====== Args={'total': 12, 'loaded': 12, 'remaining': 0, 'percent': 100}
2020-10-05 09:55:27,056 : AssetManager : Asset loading took: 10.034526824951172
2020-10-05 09:55:27,056 : EventManager : Event: ======'asset_loading_complete'====== Args={}
2020-10-05 09:55:27,056 : AssetManager : Loading assets: 12/12 (100%)
2020-10-05 09:55:27,056 : EventManager : Event: ======'init_done'====== Args={}
2020-10-05 09:55:27,057 : MPF-MC BCP Server : Starting up on localhost port 5050
2020-10-05 09:55:27,066 : MPF-MC BCP Server : Waiting for a connection...
2020-10-05 09:55:27,066 : mpfmc : SlidePlayer: Play called with settings={'slides': {welcome_slide-None-None: {'priority': None, 'target': None, 'background_color': [0.0, 0.0, 0.0, 1.0], 'show': True, 'force': False, 'expire': None, 'slide': None, 'tokens': {}, 'action': 'play', 'transition': None, 'transition_out': None}}}
2020-10-05 09:55:27,075 : kivy : GL: NPOT texture support is available
2020-10-05 09:55:27,077 : EventManager : Event: ======'slide_welcome_slide_created'====== Args={}
2020-10-05 09:55:27,079 : EventManager : Event: ======'slide_welcome_slide_active'====== Args={}
2020-10-05 09:55:27,087 : EventManager : Event: ======'client_disconnected'====== Args={'host': '127.0.0.1', 'port': 5050}
2020-10-05 09:55:27,129 : MPF-MC BCP Server : Received connection from: 127.0.0.1:59743
2020-10-05 09:55:27,136 : EventManager : Event: ======'client_connected'====== Args={'host': '127.0.0.1', 'port': 59743}
2020-10-05 09:55:27,161 : EventManager : Event: ======'machine_var_credits_string'====== Args={'value': 'FREE PLAY', 'prev_value': None, 'change': True}
2020-10-05 09:55:27,161 : EventManager : Event: ======'machine_var_player1_score'====== Args={'value': 8110, 'prev_value': None, 'change': True}
2020-10-05 09:55:27,161 : EventManager : Event: ======'machine_var_mpf_version'====== Args={'value': 'MPF v0.54.0-dev.72', 'prev_value': None, 'change': True}
2020-10-05 09:55:27,161 : EventManager : Event: ======'machine_var_mpf_extended_version'====== Args={'value': 'MPF v0.54.0-dev.72, Config version:5, Show version: 5, BCP version:1.1', 'prev_value': None, 'change': True}
2020-10-05 09:55:27,161 : EventManager : Event: ======'machine_var_python_version'====== Args={'value': '3.6.4', 'prev_value': None, 'change': True}
2020-10-05 09:55:27,161 : EventManager : Event: ======'machine_var_platform'====== Args={'value': 'Windows-10-10.0.18362-SP0', 'prev_value': None, 'change': True}
2020-10-05 09:55:27,162 : EventManager : Event: ======'machine_var_platform_system'====== Args={'value': 'Windows', 'prev_value': None, 'change': True}
2020-10-05 09:55:27,162 : EventManager : Event: ======'machine_var_platform_release'====== Args={'value': '10', 'prev_value': None, 'change': True}
2020-10-05 09:55:27,162 : EventManager : Event: ======'machine_var_platform_version'====== Args={'value': '10.0.18362', 'prev_value': None, 'change': True}
2020-10-05 09:55:27,162 : EventManager : Event: ======'machine_var_platform_machine'====== Args={'value': 'AMD64', 'prev_value': None, 'change': True}
2020-10-05 09:55:27,162 : EventManager : Event: ======'machine_var_mc_version'====== Args={'value': 'MPF-MC v0.54.0-dev.20', 'prev_value': None, 'change': True}
2020-10-05 09:55:27,162 : EventManager : Event: ======'machine_var_mc_extended_version'====== Args={'value': 'MPF-MC v0.54.0-dev.20 (config_version=5, BCP v1.1, Requires MPF v0.54.0-dev.68)', 'prev_value': None, 'change': True}
2020-10-05 09:55:27,163 : EventManager : Event: ======'machine_var_master_volume'====== Args={'value': 0.5, 'prev_value': None, 'change': True}
2020-10-05 09:55:27,245 : EventManager : Event: ======'machine_var_audits_events_game_ended'====== Args={'value': 21, 'prev_value': None, 'change': True}
2020-10-05 09:55:27,245 : EventManager : Event: ======'machine_var_audits_events_game_started'====== Args={'value': 40, 'prev_value': None, 'change': True}
2020-10-05 09:55:27,246 : EventManager : Event: ======'machine_var_audits_player_score'====== Args={'value': {'average': 530.4761904761905, 'top': [2970, 1300, 1220, 980, 880, 780, 720, 710, 630, 590], 'total': 21}, 'prev_value': None, 'change': True}
2020-10-05 09:55:27,246 : EventManager : Event: ======'machine_var_audits_shots_soul_L'====== Args={'value': 238, 'prev_value': None, 'change': True}
2020-10-05 09:55:27,246 : EventManager : Event: ======'machine_var_audits_shots_soul_O'====== Args={'value': 245, 'prev_value': None, 'change': True}
2020-10-05 09:55:27,247 : EventManager : Event: ======'machine_var_audits_shots_soul_S'====== Args={'value': 278, 'prev_value': None, 'change': True}
2020-10-05 09:55:27,247 : EventManager : Event: ======'machine_var_audits_shots_soul_U'====== Args={'value': 240, 'prev_value': None, 'change': True}
2020-10-05 09:55:27,248 : EventManager : Event: ======'machine_var_audits_switches_s_coin'====== Args={'value': 20, 'prev_value': None, 'change': True}
2020-10-05 09:55:27,248 : EventManager : Event: ======'machine_var_audits_switches_s_dash_L'====== Args={'value': 0, 'prev_value': None, 'change': True}
2020-10-05 09:55:27,249 : EventManager : Event: ======'machine_var_audits_switches_s_dash_R'====== Args={'value': 0, 'prev_value': None, 'change': True}
2020-10-05 09:55:27,250 : EventManager : Event: ======'machine_var_audits_switches_s_dtSling_L'====== Args={'value': 0, 'prev_value': None, 'change': True}
2020-10-05 09:55:27,251 : EventManager : Event: ======'machine_var_audits_switches_s_dtSling_R'====== Args={'value': 0, 'prev_value': None, 'change': True}
2020-10-05 09:55:27,251 : EventManager : Event: ======'machine_var_audits_switches_s_dt_C'====== Args={'value': 99, 'prev_value': None, 'change': True}
2020-10-05 09:55:27,251 : EventManager : Event: ======'machine_var_audits_switches_s_dt_G'====== Args={'value': 28, 'prev_value': None, 'change': True}
2020-10-05 09:55:27,252 : EventManager : Event: ======'machine_var_audits_switches_s_dt_M'====== Args={'value': 26, 'prev_value': None, 'change': True}
2020-10-05 09:55:27,252 : EventManager : Event: ======'machine_var_audits_switches_s_dt_P'====== Args={'value': 79, 'prev_value': None, 'change': True}
2020-10-05 09:55:27,252 : EventManager : Event: ======'machine_var_audits_switches_s_dt_U'====== Args={'value': 87, 'prev_value': None, 'change': True}
2020-10-05 09:55:27,253 : EventManager : Event: ======'machine_var_audits_switches_s_dt_U2'====== Args={'value': 26, 'prev_value': None, 'change': True}
2020-10-05 09:55:27,255 : EventManager : Event: ======'machine_var_audits_switches_s_exit_shooter_lane'====== Args={'value': 360, 'prev_value': None, 'change': True}
2020-10-05 09:55:27,255 : EventManager : Event: ======'machine_var_audits_switches_s_inLane_L'====== Args={'value': 0, 'prev_value': None, 'change': True}
2020-10-05 09:55:27,256 : EventManager : Event: ======'machine_var_audits_switches_s_inLane_R'====== Args={'value': 0, 'prev_value': None, 'change': True}
2020-10-05 09:55:27,256 : EventManager : Event: ======'machine_var_audits_switches_s_kicker'====== Args={'value': 0, 'prev_value': None, 'change': True}
2020-10-05 09:55:27,257 : EventManager : Event: ======'machine_var_audits_switches_s_left_flipper'====== Args={'value': 151, 'prev_value': None, 'change': True}
2020-10-05 09:55:27,257 : EventManager : Event: ======'machine_var_audits_switches_s_midRight'====== Args={'value': 0, 'prev_value': None, 'change': True}
2020-10-05 09:55:27,258 : EventManager : Event: ======'machine_var_audits_switches_s_outLane_L'====== Args={'value': 0, 'prev_value': None, 'change': True}
2020-10-05 09:55:27,260 : EventManager : Event: ======'machine_var_audits_switches_s_outLane_R'====== Args={'value': 0, 'prev_value': None, 'change': True}
2020-10-05 09:55:27,260 : EventManager : Event: ======'machine_var_audits_switches_s_perdition'====== Args={'value': 0, 'prev_value': None, 'change': True}
2020-10-05 09:55:27,260 : EventManager : Event: ======'machine_var_audits_switches_s_playfield'====== Args={'value': 0, 'prev_value': None, 'change': True}
2020-10-05 09:55:27,262 : EventManager : Event: ======'machine_var_audits_switches_s_plunger'====== Args={'value': 592, 'prev_value': None, 'change': True}
2020-10-05 09:55:27,262 : EventManager : Event: ======'machine_var_audits_switches_s_popBumper_1'====== Args={'value': 464, 'prev_value': None, 'change': True}
2020-10-05 09:55:27,274 : EventManager : Event: ======'machine_var_audits_switches_s_popBumper_2'====== Args={'value': 440, 'prev_value': None, 'change': True}
2020-10-05 09:55:27,274 : EventManager : Event: ======'machine_var_audits_switches_s_popBumper_3'====== Args={'value': 164, 'prev_value': None, 'change': True}
2020-10-05 09:55:27,275 : EventManager : Event: ======'machine_var_audits_switches_s_pop_bumper1'====== Args={'value': 120, 'prev_value': None, 'change': True}
2020-10-05 09:55:27,275 : EventManager : Event: ======'machine_var_audits_switches_s_pop_bumper2'====== Args={'value': 153, 'prev_value': None, 'change': True}
2020-10-05 09:55:27,275 : EventManager : Event: ======'machine_var_audits_switches_s_pop_bumper3'====== Args={'value': 100, 'prev_value': None, 'change': True}
2020-10-05 09:55:27,276 : EventManager : Event: ======'machine_var_audits_switches_s_right_flipper'====== Args={'value': 217, 'prev_value': None, 'change': True}
2020-10-05 09:55:27,276 : EventManager : Event: ======'machine_var_audits_switches_s_sling_L'====== Args={'value': 0, 'prev_value': None, 'change': True}
2020-10-05 09:55:27,276 : EventManager : Event: ======'machine_var_audits_switches_s_sling_R'====== Args={'value': 0, 'prev_value': None, 'change': True}
2020-10-05 09:55:27,277 : EventManager : Event: ======'machine_var_audits_switches_s_soul_L'====== Args={'value': 239, 'prev_value': None, 'change': True}
2020-10-05 09:55:27,277 : EventManager : Event: ======'machine_var_audits_switches_s_soul_O'====== Args={'value': 250, 'prev_value': None, 'change': True}
2020-10-05 09:55:27,277 : EventManager : Event: ======'machine_var_audits_switches_s_soul_S'====== Args={'value': 278, 'prev_value': None, 'change': True}
2020-10-05 09:55:27,278 : EventManager : Event: ======'machine_var_audits_switches_s_soul_U'====== Args={'value': 240, 'prev_value': None, 'change': True}
2020-10-05 09:55:27,278 : EventManager : Event: ======'machine_var_audits_switches_s_standUp_1'====== Args={'value': 0, 'prev_value': None, 'change': True}
2020-10-05 09:55:27,279 : EventManager : Event: ======'machine_var_audits_switches_s_standUp_2'====== Args={'value': 0, 'prev_value': None, 'change': True}
2020-10-05 09:55:27,280 : EventManager : Event: ======'machine_var_audits_switches_s_standUp_3'====== Args={'value': 0, 'prev_value': None, 'change': True}
2020-10-05 09:55:27,280 : EventManager : Event: ======'machine_var_audits_switches_s_standUp_R'====== Args={'value': 0, 'prev_value': None, 'change': True}
2020-10-05 09:55:27,280 : EventManager : Event: ======'machine_var_audits_switches_s_star_1'====== Args={'value': 0, 'prev_value': None, 'change': True}
2020-10-05 09:55:27,281 : EventManager : Event: ======'machine_var_audits_switches_s_star_2'====== Args={'value': 0, 'prev_value': None, 'change': True}
2020-10-05 09:55:27,281 : EventManager : Event: ======'machine_var_audits_switches_s_star_3'====== Args={'value': 0, 'prev_value': None, 'change': True}
2020-10-05 09:55:27,281 : EventManager : Event: ======'machine_var_audits_switches_s_start'====== Args={'value': 69, 'prev_value': None, 'change': True}
2020-10-05 09:55:27,282 : EventManager : Event: ======'machine_var_audits_switches_s_tilt'====== Args={'value': 0, 'prev_value': None, 'change': True}
2020-10-05 09:55:27,284 : EventManager : Event: ======'machine_var_audits_switches_s_trough1'====== Args={'value': 522, 'prev_value': None, 'change': True}
2020-10-05 09:55:27,285 : EventManager : Event: ======'machine_var_audits_switches_s_trough2'====== Args={'value': 72, 'prev_value': None, 'change': True}
2020-10-05 09:55:27,285 : EventManager : Event: ======'machine_var_audits_switches_s_trough_jam'====== Args={'value': 13, 'prev_value': None, 'change': True}
2020-10-05 09:55:27,322 : EventManager : Event: ======'slides_play'====== Args={'settings': {'welcome_slide': {'target': None, 'background_color': [0.0, 0.0, 0.0, 1.0], 'priority': None, 'show': True, 'force': False, 'expire': None, 'slide': None, 'tokens': {}, 'action': 'play'}}, 'context': '_global', 'calling_context': 'init_done', 'priority': 0}
2020-10-05 09:55:27,323 : EventManager : Event: ======'mc_reset_phase_1'====== Args={}
2020-10-05 09:55:27,323 : mpfmc : SlidePlayer: Play called with settings={'welcome_slide': {'target': None, 'background_color': [0.0, 0.0, 0.0, 1.0], 'priority': None, 'show': True, 'force': False, 'expire': None, 'slide': None, 'tokens': {}, 'action': 'play'}}
2020-10-05 09:55:27,325 : EventManager : Event: ======'slide_welcome_slide_removed'====== Args={}
2020-10-05 09:55:27,329 : EventManager : Event: ======'slide_welcome_slide_created'====== Args={}
2020-10-05 09:55:27,330 : EventManager : Event: ======'mc_reset_phase_2'====== Args={}
2020-10-05 09:55:27,330 : EventManager : Event: ======'mc_reset_phase_3'====== Args={}
2020-10-05 09:55:27,330 : EventManager : Event: ======'mc_reset_complete'====== Args={}
2020-10-05 09:55:27,331 : EventManager : Event: ======'slide_welcome_slide_active'====== Args={}
2020-10-05 09:55:27,342 : EventManager : Event: ======'slides_play'====== Args={'settings': {'awesome_slide': {'widgets': [{'type': 'text', 'text': 'Cuphead Pinball', 'font_size': 50, '_default_settings': ['type', 'text', 'font_size'], 'x': None, 'y': None, 'anchor_x': 'center', 'anchor_y': 'center', 'round_anchor_x': None, 'round_anchor_y': None, 'opacity': 1.0, 'z': 0, 'reset_animations_events': {}, 'color': [1.0, 1.0, 1.0, 1.0], 'style': [], 'adjust_top': 0, 'adjust_bottom': 0, 'adjust_left': 0, 'adjust_right': 0, 'expire': None, 'key': None, 'widget': None, 'events_when_added': [], 'events_when_removed': [], 'bitmap_font': False, 'font_kerning': True, 'bold': False, 'italic': False, 'number_grouping': False, 'min_digits': 0, 'halign': 'center', 'valign': 'middle', 'rotation': 0, 'scale': 1.0, 'casing': None, 'animations': None}], 'transition': {'type': 'push', 'duration': 1.0, 'direction': 'left', 'easing': 'out_quad'}, 'target': None, 'background_color': [0.0, 0.0, 0.0, 1.0], 'priority': None, 'show': True, 'force': False, 'expire': None, 'slide': None, 'tokens': {}, 'action': 'play'}}, 'context': 'show_1', 'calling_context': 0, 'priority': 10, 'show_tokens': {}, 'start_time': 487770.609}
2020-10-05 09:55:27,343 : EventManager : Event: ======'sounds_play'====== Args={'settings': {'attract_music': {'loops': -1, 'mode_end_action': 'stop', 'priority': None, 'action': 'play', 'track': None, 'volume': None, 'pan': None, 'start_at': None, 'fade_in': None, 'fade_out': None, 'about_to_finish_time': -1.0, 'max_queue_time': -1.0, 'events_when_played': ['use_sound_setting'], 'events_when_stopped': ['use_sound_setting'], 'events_when_looping': ['use_sound_setting'], 'events_when_about_to_finish': ['use_sound_setting'], 'key': 'use_sound_setting'}}, 'context': 'attract', 'calling_context': 'mode_attract_started', 'priority': 10}
2020-10-05 09:55:27,343 : mpfmc : SlidePlayer: Play called with settings={'awesome_slide': {'widgets': [{'type': 'text', 'text': 'Cuphead Pinball', 'font_size': 50, '_default_settings': ['type', 'text', 'font_size'], 'x': None, 'y': None, 'anchor_x': 'center', 'anchor_y': 'center', 'round_anchor_x': None, 'round_anchor_y': None, 'opacity': 1.0, 'z': 0, 'reset_animations_events': {}, 'color': [1.0, 1.0, 1.0, 1.0], 'style': [], 'adjust_top': 0, 'adjust_bottom': 0, 'adjust_left': 0, 'adjust_right': 0, 'expire': None, 'key': None, 'widget': None, 'events_when_added': [], 'events_when_removed': [], 'bitmap_font': False, 'font_kerning': True, 'bold': False, 'italic': False, 'number_grouping': False, 'min_digits': 0, 'halign': 'center', 'valign': 'middle', 'rotation': 0, 'scale': 1.0, 'casing': None, 'animations': None}], 'transition': {'type': 'push', 'duration': 1.0, 'direction': 'left', 'easing': 'out_quad'}, 'target': None, 'background_color': [0.0, 0.0, 0.0, 1.0], 'priority': None, 'show': True, 'force': False, 'expire': None, 'slide': None, 'tokens': {}, 'action': 'play'}}
2020-10-05 09:55:27,354 : EventManager : Event: ======'slide_awesome_slide_created'====== Args={}
2020-10-05 09:55:27,361 : EventManager : Event: ======'slide_awesome_slide_active'====== Args={}
2020-10-05 09:55:29,230 : EventManager : Event: ======'game_started'====== Args={}
2020-10-05 09:55:29,298 : EventManager : Event: ======'slides_clear'====== Args={'context': 'show_1'}
2020-10-05 09:55:29,299 : EventManager : Event: ======'sounds_clear'====== Args={'context': 'attract'}
2020-10-05 09:55:29,300 : EventManager : Event: ======'player_added'====== Args={'player': <Player 1>, 'num': 1}
2020-10-05 09:55:29,300 : EventManager : Event: ======'player_index'====== Args={'value': 0, 'prev_value': 0, 'change': 0, 'player_num': 1}
2020-10-05 09:55:29,300 : EventManager : Event: ======'player_number'====== Args={'value': 1, 'prev_value': 1, 'change': 0, 'player_num': 1}
2020-10-05 09:55:29,300 : EventManager : Event: ======'player_score'====== Args={'value': 0, 'prev_value': 0, 'change': 0, 'player_num': 1}
2020-10-05 09:55:29,300 : EventManager : Event: ======'player_bonus_multiplier'====== Args={'value': 1, 'prev_value': 0, 'change': 1, 'player_num': 1}
2020-10-05 09:55:29,301 : EventManager : Event: ======'player_contracts'====== Args={'value': 0, 'prev_value': 0, 'change': 0, 'player_num': 1}
2020-10-05 09:55:29,302 : EventManager : Event: ======'slide_awesome_slide_removed'====== Args={}
2020-10-05 09:55:29,305 : EventManager : Event: ======'slide_welcome_slide_active'====== Args={}
2020-10-05 09:55:29,365 : EventManager : Event: ======'player_ball'====== Args={'value': 1, 'prev_value': 0, 'change': 1, 'player_num': 1}
2020-10-05 09:55:29,365 : EventManager : Event: ======'player_turn_start'====== Args={'number': 1, 'player': <Player 1>}
2020-10-05 09:55:29,410 : EventManager : Event: ======'player_shot_soul_S_enabled'====== Args={'value': True, 'prev_value': 0, 'change': 1, 'player_num': 1}
2020-10-05 09:55:29,410 : EventManager : Event: ======'player_shot_soul_O_enabled'====== Args={'value': True, 'prev_value': 0, 'change': 1, 'player_num': 1}
2020-10-05 09:55:29,410 : EventManager : Event: ======'player_shot_soul_U_enabled'====== Args={'value': True, 'prev_value': 0, 'change': 1, 'player_num': 1}
2020-10-05 09:55:29,411 : EventManager : Event: ======'player_shot_soul_L_enabled'====== Args={'value': True, 'prev_value': 0, 'change': 1, 'player_num': 1}
2020-10-05 09:55:29,433 : EventManager : Event: ======'sounds_play'====== Args={'settings': {'poolCupHeadBase': {'loops': -1, 'priority': None, 'action': 'play', 'track': None, 'volume': None, 'pan': None, 'start_at': None, 'fade_in': None, 'fade_out': None, 'about_to_finish_time': -1.0, 'max_queue_time': -1.0, 'events_when_played': ['use_sound_setting'], 'events_when_stopped': ['use_sound_setting'], 'events_when_looping': ['use_sound_setting'], 'events_when_about_to_finish': ['use_sound_setting'], 'mode_end_action': 'use_sound_setting', 'key': 'use_sound_setting'}}, 'context': 'base', 'calling_context': 'mode_base_started', 'priority': 100, 'queue': '<QueuedEvent>', 'player': 1, 'ball': 1, 'balls_remaining': 4, 'is_extra_ball': False}
2020-10-05 09:55:29,433 : EventManager : Event: ======'slides_play'====== Args={'settings': {'widgets': {'widgets': [{'type': 'text', 'text': '(score)', 'number_grouping': True, 'min_digits': 2, 'font_size': 100, '_default_settings': ['type', 'text', 'number_grouping', 'min_digits', 'font_size'], 'x': None, 'y': None, 'anchor_x': 'center', 'anchor_y': 'center', 'round_anchor_x': None, 'round_anchor_y': None, 'opacity': 1.0, 'z': 0, 'reset_animations_events': {}, 'color': [1.0, 1.0, 1.0, 1.0], 'style': [], 'adjust_top': 0, 'adjust_bottom': 0, 'adjust_left': 0, 'adjust_right': 0, 'expire': None, 'key': None, 'widget': None, 'events_when_added': [], 'events_when_removed': [], 'bitmap_font': False, 'font_kerning': True, 'bold': False, 'italic': False, 'halign': 'center', 'valign': 'middle', 'rotation': 0, 'scale': 1.0, 'casing': None, 'animations': None}, {'type': 'text', 'text': 'Player (player)', 'y': '10', 'x': '10', 'font_size': 30, 'anchor_x': 'left', 'anchor_y': 'bottom', '_default_settings': ['type', 'text', 'y', 'x', 'font_size', 'anchor_x', 'anchor_y'], 'round_anchor_x': None, 'round_anchor_y': None, 'opacity': 1.0, 'z': 0, 'reset_animations_events': {}, 'color': [1.0, 1.0, 1.0, 1.0], 'style': [], 'adjust_top': 0, 'adjust_bottom': 0, 'adjust_left': 0, 'adjust_right': 0, 'expire': None, 'key': None, 'widget': None, 'events_when_added': [], 'events_when_removed': [], 'bitmap_font': False, 'font_kerning': True, 'bold': False, 'italic': False, 'number_grouping': False, 'min_digits': 0, 'halign': 'center', 'valign': 'middle', 'rotation': 0, 'scale': 1.0, 'casing': None, 'animations': None}, {'type': 'text', 'text': 'BALL (ball)', 'y': '10', 'x': 'right-10', 'anchor_x': 'right', 'anchor_y': 'bottom', 'font_size': 50, '_default_settings': ['type', 'text', 'y', 'x', 'anchor_x', 'anchor_y', 'font_size'], 'round_anchor_x': None, 'round_anchor_y': None, 'opacity': 1.0, 'z': 0, 'reset_animations_events': {}, 'color': [1.0, 1.0, 1.0, 1.0], 'style': [], 'adjust_top': 0, 'adjust_bottom': 0, 'adjust_left': 0, 'adjust_right': 0, 'expire': None, 'key': None, 'widget': None, 'events_when_added': [], 'events_when_removed': [], 'bitmap_font': False, 'font_kerning': True, 'bold': False, 'italic': False, 'number_grouping': False, 'min_digits': 0, 'halign': 'center', 'valign': 'middle', 'rotation': 0, 'scale': 1.0, 'casing': None, 'animations': None}], 'target': None, 'background_color': [0.0, 0.0, 0.0, 1.0], 'priority': None, 'show': True, 'force': False, 'expire': None, 'slide': None, 'tokens': {}, 'action': 'play'}}, 'context': 'base', 'calling_context': 'mode_base_started', 'priority': 100, 'queue': '<QueuedEvent>', 'player': 1, 'ball': 1, 'balls_remaining': 4, 'is_extra_ball': False}
2020-10-05 09:55:29,434 : mpfmc : SlidePlayer: Play called with settings={'widgets': {'widgets': [{'type': 'text', 'text': '(score)', 'number_grouping': True, 'min_digits': 2, 'font_size': 100, '_default_settings': ['type', 'text', 'number_grouping', 'min_digits', 'font_size'], 'x': None, 'y': None, 'anchor_x': 'center', 'anchor_y': 'center', 'round_anchor_x': None, 'round_anchor_y': None, 'opacity': 1.0, 'z': 0, 'reset_animations_events': {}, 'color': [1.0, 1.0, 1.0, 1.0], 'style': [], 'adjust_top': 0, 'adjust_bottom': 0, 'adjust_left': 0, 'adjust_right': 0, 'expire': None, 'key': None, 'widget': None, 'events_when_added': [], 'events_when_removed': [], 'bitmap_font': False, 'font_kerning': True, 'bold': False, 'italic': False, 'halign': 'center', 'valign': 'middle', 'rotation': 0, 'scale': 1.0, 'casing': None, 'animations': None}, {'type': 'text', 'text': 'Player (player)', 'y': '10', 'x': '10', 'font_size': 30, 'anchor_x': 'left', 'anchor_y': 'bottom', '_default_settings': ['type', 'text', 'y', 'x', 'font_size', 'anchor_x', 'anchor_y'], 'round_anchor_x': None, 'round_anchor_y': None, 'opacity': 1.0, 'z': 0, 'reset_animations_events': {}, 'color': [1.0, 1.0, 1.0, 1.0], 'style': [], 'adjust_top': 0, 'adjust_bottom': 0, 'adjust_left': 0, 'adjust_right': 0, 'expire': None, 'key': None, 'widget': None, 'events_when_added': [], 'events_when_removed': [], 'bitmap_font': False, 'font_kerning': True, 'bold': False, 'italic': False, 'number_grouping': False, 'min_digits': 0, 'halign': 'center', 'valign': 'middle', 'rotation': 0, 'scale': 1.0, 'casing': None, 'animations': None}, {'type': 'text', 'text': 'BALL (ball)', 'y': '10', 'x': 'right-10', 'anchor_x': 'right', 'anchor_y': 'bottom', 'font_size': 50, '_default_settings': ['type', 'text', 'y', 'x', 'anchor_x', 'anchor_y', 'font_size'], 'round_anchor_x': None, 'round_anchor_y': None, 'opacity': 1.0, 'z': 0, 'reset_animations_events': {}, 'color': [1.0, 1.0, 1.0, 1.0], 'style': [], 'adjust_top': 0, 'adjust_bottom': 0, 'adjust_left': 0, 'adjust_right': 0, 'expire': None, 'key': None, 'widget': None, 'events_when_added': [], 'events_when_removed': [], 'bitmap_font': False, 'font_kerning': True, 'bold': False, 'italic': False, 'number_grouping': False, 'min_digits': 0, 'halign': 'center', 'valign': 'middle', 'rotation': 0, 'scale': 1.0, 'casing': None, 'animations': None}], 'target': None, 'background_color': [0.0, 0.0, 0.0, 1.0], 'priority': None, 'show': True, 'force': False, 'expire': None, 'slide': None, 'tokens': {}, 'action': 'play'}}
2020-10-05 09:55:29,452 : EventManager : Event: ======'slide_base.slide_player-mode_base_started_created'====== Args={}
2020-10-05 09:55:29,462 : EventManager : Event: ======'slide_base.slide_player-mode_base_started_active'====== Args={}
2020-10-05 09:55:29,548 : EventManager : Event: ======'player_bonus_multiplier'====== Args={'value': 0, 'prev_value': 1, 'change': -1, 'player_num': 1}
2020-10-05 09:55:29,549 : EventManager : Event: ======'widgets_play'====== Args={'settings': {'soul_lanes_banner': {'priority': 0, 'slide': None, 'action': 'add', 'key': None, 'target': None}}, 'context': 'soulLanes', 'calling_context': 'mode_soulLanes_started', 'priority': 110, 'player': 1, 'ball': 1, 'balls_remaining': 4, 'is_extra_ball': False}
2020-10-05 09:55:29,550 : EventManager : Event: ======'widgets_play'====== Args={'settings': {'contracts_banner': {'priority': 0, 'slide': None, 'action': 'add', 'key': None, 'target': None}}, 'context': 'base', 'calling_context': 'mode_soulLanes_started', 'priority': 100, 'player': 1, 'ball': 1, 'balls_remaining': 4, 'is_extra_ball': False}
2020-10-05 09:55:29,762 : EventManager : Event: ======'machine_var_audits_switches_s_plunger'====== Args={'value': 593, 'prev_value': 592, 'change': 1}
2020-10-05 09:55:31,552 : EventManager : Event: ======'machine_var_audits_switches_s_soul_S'====== Args={'value': 279, 'prev_value': 278, 'change': 1}
2020-10-05 09:55:31,553 : EventManager : Event: ======'player_shot_soul_S'====== Args={'value': 1, 'prev_value': 0, 'change': 1, 'player_num': 1}
2020-10-05 09:55:31,574 : EventManager : Event: ======'machine_var_audits_shots_soul_S'====== Args={'value': 279, 'prev_value': 278, 'change': 1}
2020-10-05 09:55:31,574 : EventManager : Event: ======'player_score'====== Args={'value': 10, 'prev_value': 0, 'change': 10, 'player_num': 1}
2020-10-05 09:55:32,450 : EventManager : Event: ======'machine_var_audits_switches_s_soul_O'====== Args={'value': 251, 'prev_value': 250, 'change': 1}
2020-10-05 09:55:32,450 : EventManager : Event: ======'player_shot_soul_O'====== Args={'value': 1, 'prev_value': 0, 'change': 1, 'player_num': 1}
2020-10-05 09:55:32,451 : EventManager : Event: ======'machine_var_audits_shots_soul_O'====== Args={'value': 246, 'prev_value': 245, 'change': 1}
2020-10-05 09:55:32,451 : EventManager : Event: ======'player_score'====== Args={'value': 20, 'prev_value': 10, 'change': 10, 'player_num': 1}
2020-10-05 09:55:32,980 : EventManager : Event: ======'machine_var_audits_switches_s_soul_U'====== Args={'value': 241, 'prev_value': 240, 'change': 1}
2020-10-05 09:55:32,980 : EventManager : Event: ======'player_shot_soul_U'====== Args={'value': 1, 'prev_value': 0, 'change': 1, 'player_num': 1}
2020-10-05 09:55:32,980 : EventManager : Event: ======'machine_var_audits_shots_soul_U'====== Args={'value': 241, 'prev_value': 240, 'change': 1}
2020-10-05 09:55:32,980 : EventManager : Event: ======'player_score'====== Args={'value': 30, 'prev_value': 20, 'change': 10, 'player_num': 1}
2020-10-05 09:55:33,972 : EventManager : Event: ======'machine_var_audits_switches_s_soul_L'====== Args={'value': 240, 'prev_value': 239, 'change': 1}
2020-10-05 09:55:33,972 : EventManager : Event: ======'player_shot_soul_L'====== Args={'value': 1, 'prev_value': 0, 'change': 1, 'player_num': 1}
2020-10-05 09:55:33,972 : EventManager : Event: ======'machine_var_audits_shots_soul_L'====== Args={'value': 239, 'prev_value': 238, 'change': 1}
2020-10-05 09:55:33,973 : EventManager : Event: ======'player_score'====== Args={'value': 40, 'prev_value': 30, 'change': 10, 'player_num': 1}
2020-10-05 09:55:33,973 : EventManager : Event: ======'player_bonus_multiplier'====== Args={'value': 1, 'prev_value': 0, 'change': 1, 'player_num': 1}
2020-10-05 09:55:35,137 : EventManager : Event: ======'player_shot_soul_S'====== Args={'value': 0, 'prev_value': 1, 'change': -1, 'player_num': 1}
2020-10-05 09:55:35,137 : EventManager : Event: ======'player_shot_soul_O'====== Args={'value': 0, 'prev_value': 1, 'change': -1, 'player_num': 1}
2020-10-05 09:55:35,137 : EventManager : Event: ======'player_shot_soul_U'====== Args={'value': 0, 'prev_value': 1, 'change': -1, 'player_num': 1}
2020-10-05 09:55:35,137 : EventManager : Event: ======'player_shot_soul_L'====== Args={'value': 0, 'prev_value': 1, 'change': -1, 'player_num': 1}
2020-10-05 09:55:35,802 : EventManager : Event: ======'machine_var_audits_switches_s_trough1'====== Args={'value': 523, 'prev_value': 522, 'change': 1}
2020-10-05 09:55:35,803 : EventManager : Event: ======'widgets_play'====== Args={'settings': {'bonusPayout_banner': {'priority': 0, 'slide': None, 'action': 'add', 'key': None, 'target': None}}, 'context': 'bonusPayout', 'calling_context': 'mode_bonusPayout_started', 'priority': 140}
2020-10-05 09:55:36,323 : EventManager : Event: ======'sounds_clear'====== Args={'context': 'base'}
2020-10-05 09:55:36,324 : EventManager : Event: ======'widgets_clear'====== Args={'context': 'base'}
2020-10-05 09:55:36,324 : EventManager : Event: ======'slides_clear'====== Args={'context': 'base'}
2020-10-05 09:55:36,328 : EventManager : Event: ======'slide_base.slide_player-mode_base_started_removed'====== Args={}
2020-10-05 09:55:36,329 : EventManager : Event: ======'widgets_clear'====== Args={'context': 'soulLanes'}
2020-10-05 09:55:36,331 : EventManager : Event: ======'widgets_clear'====== Args={'context': 'bonusPayout'}
2020-10-05 09:55:36,332 : EventManager : Event: ======'slide_welcome_slide_active'====== Args={}
2020-10-05 09:55:39,706 : EventManager : Event: ======'player_ball'====== Args={'value': 2, 'prev_value': 1, 'change': 1, 'player_num': 1}
2020-10-05 09:55:39,743 : EventManager : Event: ======'sounds_play'====== Args={'settings': {'poolCupHeadBase': {'loops': -1, 'priority': None, 'action': 'play', 'track': None, 'volume': None, 'pan': None, 'start_at': None, 'fade_in': None, 'fade_out': None, 'about_to_finish_time': -1.0, 'max_queue_time': -1.0, 'events_when_played': ['use_sound_setting'], 'events_when_stopped': ['use_sound_setting'], 'events_when_looping': ['use_sound_setting'], 'events_when_about_to_finish': ['use_sound_setting'], 'mode_end_action': 'use_sound_setting', 'key': 'use_sound_setting'}}, 'context': 'base', 'calling_context': 'mode_base_started', 'priority': 100, 'queue': '<QueuedEvent>', 'player': 1, 'ball': 2, 'balls_remaining': 3, 'is_extra_ball': False}
2020-10-05 09:55:39,744 : EventManager : Event: ======'slides_play'====== Args={'settings': {'widgets': {'widgets': [{'type': 'text', 'text': '(score)', 'number_grouping': True, 'min_digits': 2, 'font_size': 100, '_default_settings': ['type', 'text', 'number_grouping', 'min_digits', 'font_size'], 'x': None, 'y': None, 'anchor_x': 'center', 'anchor_y': 'center', 'round_anchor_x': None, 'round_anchor_y': None, 'opacity': 1.0, 'z': 0, 'reset_animations_events': {}, 'color': [1.0, 1.0, 1.0, 1.0], 'style': [], 'adjust_top': 0, 'adjust_bottom': 0, 'adjust_left': 0, 'adjust_right': 0, 'expire': None, 'key': None, 'widget': None, 'events_when_added': [], 'events_when_removed': [], 'bitmap_font': False, 'font_kerning': True, 'bold': False, 'italic': False, 'halign': 'center', 'valign': 'middle', 'rotation': 0, 'scale': 1.0, 'casing': None, 'animations': None}, {'type': 'text', 'text': 'Player (player)', 'y': '10', 'x': '10', 'font_size': 30, 'anchor_x': 'left', 'anchor_y': 'bottom', '_default_settings': ['type', 'text', 'y', 'x', 'font_size', 'anchor_x', 'anchor_y'], 'round_anchor_x': None, 'round_anchor_y': None, 'opacity': 1.0, 'z': 0, 'reset_animations_events': {}, 'color': [1.0, 1.0, 1.0, 1.0], 'style': [], 'adjust_top': 0, 'adjust_bottom': 0, 'adjust_left': 0, 'adjust_right': 0, 'expire': None, 'key': None, 'widget': None, 'events_when_added': [], 'events_when_removed': [], 'bitmap_font': False, 'font_kerning': True, 'bold': False, 'italic': False, 'number_grouping': False, 'min_digits': 0, 'halign': 'center', 'valign': 'middle', 'rotation': 0, 'scale': 1.0, 'casing': None, 'animations': None}, {'type': 'text', 'text': 'BALL (ball)', 'y': '10', 'x': 'right-10', 'anchor_x': 'right', 'anchor_y': 'bottom', 'font_size': 50, '_default_settings': ['type', 'text', 'y', 'x', 'anchor_x', 'anchor_y', 'font_size'], 'round_anchor_x': None, 'round_anchor_y': None, 'opacity': 1.0, 'z': 0, 'reset_animations_events': {}, 'color': [1.0, 1.0, 1.0, 1.0], 'style': [], 'adjust_top': 0, 'adjust_bottom': 0, 'adjust_left': 0, 'adjust_right': 0, 'expire': None, 'key': None, 'widget': None, 'events_when_added': [], 'events_when_removed': [], 'bitmap_font': False, 'font_kerning': True, 'bold': False, 'italic': False, 'number_grouping': False, 'min_digits': 0, 'halign': 'center', 'valign': 'middle', 'rotation': 0, 'scale': 1.0, 'casing': None, 'animations': None}], 'target': None, 'background_color': [0.0, 0.0, 0.0, 1.0], 'priority': None, 'show': True, 'force': False, 'expire': None, 'slide': None, 'tokens': {}, 'action': 'play'}}, 'context': 'base', 'calling_context': 'mode_base_started', 'priority': 100, 'queue': '<QueuedEvent>', 'player': 1, 'ball': 2, 'balls_remaining': 3, 'is_extra_ball': False}
2020-10-05 09:55:39,745 : mpfmc : SlidePlayer: Play called with settings={'widgets': {'widgets': [{'type': 'text', 'text': '(score)', 'number_grouping': True, 'min_digits': 2, 'font_size': 100, '_default_settings': ['type', 'text', 'number_grouping', 'min_digits', 'font_size'], 'x': None, 'y': None, 'anchor_x': 'center', 'anchor_y': 'center', 'round_anchor_x': None, 'round_anchor_y': None, 'opacity': 1.0, 'z': 0, 'reset_animations_events': {}, 'color': [1.0, 1.0, 1.0, 1.0], 'style': [], 'adjust_top': 0, 'adjust_bottom': 0, 'adjust_left': 0, 'adjust_right': 0, 'expire': None, 'key': None, 'widget': None, 'events_when_added': [], 'events_when_removed': [], 'bitmap_font': False, 'font_kerning': True, 'bold': False, 'italic': False, 'halign': 'center', 'valign': 'middle', 'rotation': 0, 'scale': 1.0, 'casing': None, 'animations': None}, {'type': 'text', 'text': 'Player (player)', 'y': '10', 'x': '10', 'font_size': 30, 'anchor_x': 'left', 'anchor_y': 'bottom', '_default_settings': ['type', 'text', 'y', 'x', 'font_size', 'anchor_x', 'anchor_y'], 'round_anchor_x': None, 'round_anchor_y': None, 'opacity': 1.0, 'z': 0, 'reset_animations_events': {}, 'color': [1.0, 1.0, 1.0, 1.0], 'style': [], 'adjust_top': 0, 'adjust_bottom': 0, 'adjust_left': 0, 'adjust_right': 0, 'expire': None, 'key': None, 'widget': None, 'events_when_added': [], 'events_when_removed': [], 'bitmap_font': False, 'font_kerning': True, 'bold': False, 'italic': False, 'number_grouping': False, 'min_digits': 0, 'halign': 'center', 'valign': 'middle', 'rotation': 0, 'scale': 1.0, 'casing': None, 'animations': None}, {'type': 'text', 'text': 'BALL (ball)', 'y': '10', 'x': 'right-10', 'anchor_x': 'right', 'anchor_y': 'bottom', 'font_size': 50, '_default_settings': ['type', 'text', 'y', 'x', 'anchor_x', 'anchor_y', 'font_size'], 'round_anchor_x': None, 'round_anchor_y': None, 'opacity': 1.0, 'z': 0, 'reset_animations_events': {}, 'color': [1.0, 1.0, 1.0, 1.0], 'style': [], 'adjust_top': 0, 'adjust_bottom': 0, 'adjust_left': 0, 'adjust_right': 0, 'expire': None, 'key': None, 'widget': None, 'events_when_added': [], 'events_when_removed': [], 'bitmap_font': False, 'font_kerning': True, 'bold': False, 'italic': False, 'number_grouping': False, 'min_digits': 0, 'halign': 'center', 'valign': 'middle', 'rotation': 0, 'scale': 1.0, 'casing': None, 'animations': None}], 'target': None, 'background_color': [0.0, 0.0, 0.0, 1.0], 'priority': None, 'show': True, 'force': False, 'expire': None, 'slide': None, 'tokens': {}, 'action': 'play'}}
2020-10-05 09:55:39,763 : EventManager : Event: ======'slide_base.slide_player-mode_base_started_created'====== Args={}
2020-10-05 09:55:39,769 : EventManager : Event: ======'slide_base.slide_player-mode_base_started_active'====== Args={}
2020-10-05 09:55:39,843 : EventManager : Event: ======'player_bonus_multiplier'====== Args={'value': 0, 'prev_value': 1, 'change': -1, 'player_num': 1}
2020-10-05 09:55:39,843 : EventManager : Event: ======'widgets_play'====== Args={'settings': {'soul_lanes_banner': {'priority': 0, 'slide': None, 'action': 'add', 'key': None, 'target': None}}, 'context': 'soulLanes', 'calling_context': 'mode_soulLanes_started', 'priority': 110, 'player': 1, 'ball': 2, 'balls_remaining': 3, 'is_extra_ball': False}
2020-10-05 09:55:39,843 : EventManager : Event: ======'widgets_play'====== Args={'settings': {'contracts_banner': {'priority': 0, 'slide': None, 'action': 'add', 'key': None, 'target': None}}, 'context': 'base', 'calling_context': 'mode_soulLanes_started', 'priority': 100, 'player': 1, 'ball': 2, 'balls_remaining': 3, 'is_extra_ball': False}
2020-10-05 09:55:48,028 : EventManager : Event: ======'machine_var_audits_switches_s_soul_S'====== Args={'value': 280, 'prev_value': 279, 'change': 1}
2020-10-05 09:55:48,028 : EventManager : Event: ======'player_shot_soul_S'====== Args={'value': 1, 'prev_value': 0, 'change': 1, 'player_num': 1}
2020-10-05 09:55:48,028 : EventManager : Event: ======'machine_var_audits_shots_soul_S'====== Args={'value': 280, 'prev_value': 279, 'change': 1}
2020-10-05 09:55:48,029 : EventManager : Event: ======'player_score'====== Args={'value': 50, 'prev_value': 40, 'change': 10, 'player_num': 1}
2020-10-05 09:55:48,735 : EventManager : Event: ======'machine_var_audits_switches_s_soul_O'====== Args={'value': 252, 'prev_value': 251, 'change': 1}
2020-10-05 09:55:48,736 : EventManager : Event: ======'player_shot_soul_O'====== Args={'value': 1, 'prev_value': 0, 'change': 1, 'player_num': 1}
2020-10-05 09:55:48,736 : EventManager : Event: ======'machine_var_audits_shots_soul_O'====== Args={'value': 247, 'prev_value': 246, 'change': 1}
2020-10-05 09:55:48,736 : EventManager : Event: ======'player_score'====== Args={'value': 60, 'prev_value': 50, 'change': 10, 'player_num': 1}
2020-10-05 09:55:48,968 : EventManager : Event: ======'machine_var_audits_switches_s_soul_U'====== Args={'value': 242, 'prev_value': 241, 'change': 1}
2020-10-05 09:55:48,969 : EventManager : Event: ======'player_shot_soul_U'====== Args={'value': 1, 'prev_value': 0, 'change': 1, 'player_num': 1}
2020-10-05 09:55:48,969 : EventManager : Event: ======'machine_var_audits_shots_soul_U'====== Args={'value': 242, 'prev_value': 241, 'change': 1}
2020-10-05 09:55:48,969 : EventManager : Event: ======'player_score'====== Args={'value': 70, 'prev_value': 60, 'change': 10, 'player_num': 1}
2020-10-05 09:55:49,798 : EventManager : Event: ======'machine_var_audits_switches_s_soul_L'====== Args={'value': 241, 'prev_value': 240, 'change': 1}
2020-10-05 09:55:49,798 : EventManager : Event: ======'player_shot_soul_L'====== Args={'value': 1, 'prev_value': 0, 'change': 1, 'player_num': 1}
2020-10-05 09:55:49,798 : EventManager : Event: ======'machine_var_audits_shots_soul_L'====== Args={'value': 240, 'prev_value': 239, 'change': 1}
2020-10-05 09:55:49,798 : EventManager : Event: ======'player_score'====== Args={'value': 80, 'prev_value': 70, 'change': 10, 'player_num': 1}
2020-10-05 09:55:49,798 : EventManager : Event: ======'player_bonus_multiplier'====== Args={'value': 1, 'prev_value': 0, 'change': 1, 'player_num': 1}
2020-10-05 09:55:50,792 : EventManager : Event: ======'player_shot_soul_S'====== Args={'value': 0, 'prev_value': 1, 'change': -1, 'player_num': 1}
2020-10-05 09:55:50,792 : EventManager : Event: ======'player_shot_soul_O'====== Args={'value': 0, 'prev_value': 1, 'change': -1, 'player_num': 1}
2020-10-05 09:55:50,792 : EventManager : Event: ======'player_shot_soul_U'====== Args={'value': 0, 'prev_value': 1, 'change': -1, 'player_num': 1}
2020-10-05 09:55:50,793 : EventManager : Event: ======'player_shot_soul_L'====== Args={'value': 0, 'prev_value': 1, 'change': -1, 'player_num': 1}
2020-10-05 09:55:51,498 : EventManager : Event: ======'machine_var_audits_switches_s_soul_S'====== Args={'value': 281, 'prev_value': 280, 'change': 1}
2020-10-05 09:55:51,500 : EventManager : Event: ======'player_shot_soul_S'====== Args={'value': 1, 'prev_value': 0, 'change': 1, 'player_num': 1}
2020-10-05 09:55:51,510 : EventManager : Event: ======'machine_var_audits_shots_soul_S'====== Args={'value': 281, 'prev_value': 280, 'change': 1}
2020-10-05 09:55:51,511 : EventManager : Event: ======'player_score'====== Args={'value': 90, 'prev_value': 80, 'change': 10, 'player_num': 1}
2020-10-05 09:55:52,062 : EventManager : Event: ======'machine_var_audits_switches_s_soul_O'====== Args={'value': 253, 'prev_value': 252, 'change': 1}
2020-10-05 09:55:52,062 : EventManager : Event: ======'player_shot_soul_O'====== Args={'value': 1, 'prev_value': 0, 'change': 1, 'player_num': 1}
2020-10-05 09:55:52,063 : EventManager : Event: ======'machine_var_audits_shots_soul_O'====== Args={'value': 248, 'prev_value': 247, 'change': 1}
2020-10-05 09:55:52,063 : EventManager : Event: ======'player_score'====== Args={'value': 100, 'prev_value': 90, 'change': 10, 'player_num': 1}
2020-10-05 09:55:52,551 : EventManager : Event: ======'machine_var_audits_switches_s_soul_U'====== Args={'value': 243, 'prev_value': 242, 'change': 1}
2020-10-05 09:55:52,552 : EventManager : Event: ======'player_shot_soul_U'====== Args={'value': 1, 'prev_value': 0, 'change': 1, 'player_num': 1}
2020-10-05 09:55:52,552 : EventManager : Event: ======'machine_var_audits_shots_soul_U'====== Args={'value': 243, 'prev_value': 242, 'change': 1}
2020-10-05 09:55:52,552 : EventManager : Event: ======'player_score'====== Args={'value': 110, 'prev_value': 100, 'change': 10, 'player_num': 1}
2020-10-05 09:55:53,026 : EventManager : Event: ======'machine_var_audits_switches_s_soul_L'====== Args={'value': 242, 'prev_value': 241, 'change': 1}
2020-10-05 09:55:53,026 : EventManager : Event: ======'player_shot_soul_L'====== Args={'value': 1, 'prev_value': 0, 'change': 1, 'player_num': 1}
2020-10-05 09:55:53,026 : EventManager : Event: ======'machine_var_audits_shots_soul_L'====== Args={'value': 241, 'prev_value': 240, 'change': 1}
2020-10-05 09:55:53,027 : EventManager : Event: ======'player_score'====== Args={'value': 120, 'prev_value': 110, 'change': 10, 'player_num': 1}
2020-10-05 09:55:53,036 : EventManager : Event: ======'player_score'====== Args={'value': 1120, 'prev_value': 120, 'change': 1000, 'player_num': 1}
2020-10-05 09:55:53,037 : EventManager : Event: ======'player_bonus_multiplier'====== Args={'value': 2, 'prev_value': 1, 'change': 1, 'player_num': 1}
2020-10-05 09:55:54,048 : EventManager : Event: ======'player_shot_soul_S'====== Args={'value': 0, 'prev_value': 1, 'change': -1, 'player_num': 1}
2020-10-05 09:55:54,054 : EventManager : Event: ======'player_shot_soul_O'====== Args={'value': 0, 'prev_value': 1, 'change': -1, 'player_num': 1}
2020-10-05 09:55:54,055 : EventManager : Event: ======'player_shot_soul_U'====== Args={'value': 0, 'prev_value': 1, 'change': -1, 'player_num': 1}
2020-10-05 09:55:54,055 : EventManager : Event: ======'player_shot_soul_L'====== Args={'value': 0, 'prev_value': 1, 'change': -1, 'player_num': 1}
2020-10-05 09:55:57,783 : EventManager : Event: ======'machine_var_audits_switches_s_trough1'====== Args={'value': 524, 'prev_value': 523, 'change': 1}
2020-10-05 09:55:57,796 : EventManager : Event: ======'player_bonusPayout_bonus_countdown_tick'====== Args={'value': 0, 'prev_value': 0, 'change': 0, 'player_num': 1}
2020-10-05 09:55:57,797 : EventManager : Event: ======'widgets_play'====== Args={'settings': {'bonusPayout_banner': {'priority': 0, 'slide': None, 'action': 'add', 'key': None, 'target': None}}, 'context': 'bonusPayout', 'calling_context': 'mode_bonusPayout_started', 'priority': 140}
2020-10-05 09:55:58,810 : EventManager : Event: ======'player_bonusPayout_bonus_countdown_tick'====== Args={'value': 1, 'prev_value': 0, 'change': 1, 'player_num': 1}
2020-10-05 09:55:59,794 : EventManager : Event: ======'player_bonusPayout_bonus_countdown_tick'====== Args={'value': 2, 'prev_value': 1, 'change': 1, 'player_num': 1}
2020-10-05 09:56:00,786 : EventManager : Event: ======'player_bonusPayout_bonus_countdown_tick'====== Args={'value': 3, 'prev_value': 2, 'change': 1, 'player_num': 1}
2020-10-05 09:56:08,240 : EventManager : Event: ======'machine_var_audits_switches_s_soul_S'====== Args={'value': 282, 'prev_value': 281, 'change': 1}
2020-10-05 09:56:08,257 : EventManager : Event: ======'player_shot_soul_S'====== Args={'value': 1, 'prev_value': 0, 'change': 1, 'player_num': 1}
2020-10-05 09:56:08,257 : EventManager : Event: ======'machine_var_audits_shots_soul_S'====== Args={'value': 282, 'prev_value': 281, 'change': 1}
2020-10-05 09:56:08,257 : EventManager : Event: ======'player_score'====== Args={'value': 1130, 'prev_value': 1120, 'change': 10, 'player_num': 1}
2020-10-05 09:56:09,887 : EventManager : Event: ======'machine_var_audits_switches_s_soul_O'====== Args={'value': 254, 'prev_value': 253, 'change': 1}
2020-10-05 09:56:09,887 : EventManager : Event: ======'player_shot_soul_O'====== Args={'value': 1, 'prev_value': 0, 'change': 1, 'player_num': 1}
2020-10-05 09:56:09,887 : EventManager : Event: ======'machine_var_audits_shots_soul_O'====== Args={'value': 249, 'prev_value': 248, 'change': 1}
2020-10-05 09:56:09,888 : EventManager : Event: ======'player_score'====== Args={'value': 1140, 'prev_value': 1130, 'change': 10, 'player_num': 1}
2020-10-05 09:56:10,235 : EventManager : Event: ======'machine_var_audits_switches_s_soul_U'====== Args={'value': 244, 'prev_value': 243, 'change': 1}
2020-10-05 09:56:10,235 : EventManager : Event: ======'player_shot_soul_U'====== Args={'value': 1, 'prev_value': 0, 'change': 1, 'player_num': 1}
2020-10-05 09:56:10,235 : EventManager : Event: ======'machine_var_audits_shots_soul_U'====== Args={'value': 244, 'prev_value': 243, 'change': 1}
2020-10-05 09:56:10,235 : EventManager : Event: ======'player_score'====== Args={'value': 1150, 'prev_value': 1140, 'change': 10, 'player_num': 1}
2020-10-05 09:56:10,655 : EventManager : Event: ======'machine_var_audits_switches_s_soul_L'====== Args={'value': 243, 'prev_value': 242, 'change': 1}
2020-10-05 09:56:10,656 : EventManager : Event: ======'player_shot_soul_L'====== Args={'value': 1, 'prev_value': 0, 'change': 1, 'player_num': 1}
2020-10-05 09:56:10,656 : EventManager : Event: ======'machine_var_audits_shots_soul_L'====== Args={'value': 242, 'prev_value': 241, 'change': 1}
2020-10-05 09:56:10,656 : EventManager : Event: ======'player_score'====== Args={'value': 1160, 'prev_value': 1150, 'change': 10, 'player_num': 1}
2020-10-05 09:56:10,657 : EventManager : Event: ======'player_score'====== Args={'value': 3160, 'prev_value': 1160, 'change': 2000, 'player_num': 1}
2020-10-05 09:56:10,666 : EventManager : Event: ======'player_bonus_multiplier'====== Args={'value': 3, 'prev_value': 2, 'change': 1, 'player_num': 1}
2020-10-05 09:56:11,677 : EventManager : Event: ======'player_shot_soul_S'====== Args={'value': 0, 'prev_value': 1, 'change': -1, 'player_num': 1}
2020-10-05 09:56:11,677 : EventManager : Event: ======'player_shot_soul_O'====== Args={'value': 0, 'prev_value': 1, 'change': -1, 'player_num': 1}
2020-10-05 09:56:11,677 : EventManager : Event: ======'player_shot_soul_U'====== Args={'value': 0, 'prev_value': 1, 'change': -1, 'player_num': 1}
2020-10-05 09:56:11,678 : EventManager : Event: ======'player_shot_soul_L'====== Args={'value': 0, 'prev_value': 1, 'change': -1, 'player_num': 1}
2020-10-05 09:56:18,786 : EventManager : Event: ======'machine_var_audits_switches_s_trough1'====== Args={'value': 525, 'prev_value': 524, 'change': 1}
2020-10-05 09:56:23,006 : kivy : Base: Leaving application in progress...
2020-10-05 09:56:23,283 : kivy : WindowSDL: exiting mainloop and closing.
2020-10-05 09:56:23,299 : mpfmc : Stopping...
2020-10-05 09:56:23,299 : EventManager : Event: ======'shutdown'====== Args={}
2020-10-05 09:56:23,299 : mpfmc : Loop rate 56.1 Hz
2020-10-05 09:56:23,299 : kivy : MC run loop ended.
2020-10-05 09:56:23,299 : kivy : Stopping child threads... (3 remaining)
2020-10-05 09:56:23,682 : mpfmc : Stopping...
2020-10-05 09:56:23,682 : EventManager : Event: ======'shutdown'====== Args={}
2020-10-05 09:56:23,682 : mpfmc : Loop rate 55.78 Hz
2020-10-05 09:56:23,697 : MPF-MC BCP Server : Stopping BCP sending thread
2020-10-05 09:56:24,265 : kivy : All child threads stopped.
