2020-10-05 08:06:29,122 : kivy : Factory: 184 symbols loaded
2020-10-05 08:06:29,591 : kivy : ImageLoaderFFPy: Using ffpyplayer 4.3.1
2020-10-05 08:06:29,593 : kivy : Image: Providers: img_tex, img_dds, img_sdl2, img_pil, img_ffpyplayer, img_gif 
2020-10-05 08:06:29,823 : kivy : VideoGstplayer: Using Gstreamer 1.16.0.0
2020-10-05 08:06:29,823 : kivy : Video: Provider: gstplayer
2020-10-05 08:06:29,979 : kivy : Loading MPF-MC controller
2020-10-05 08:06:29,989 : YamlMultifileConfigLoader : Machine config file #1: config
2020-10-05 08:06:29,990 : ConfigProcessor : Config file in cache changed: c:\GitHub\Cuphead\config\config
2020-10-05 08:06:29,992 : ConfigProcessor : Loading config from file c:\users\themi\appdata\local\programs\python\python36\lib\site-packages\mpfmc\mcconfig.yaml.
2020-10-05 08:06:30,085 : ConfigProcessor : Loading config: c:\users\themi\appdata\local\programs\python\python36\lib\site-packages\mpfmc\mcconfig.yaml
2020-10-05 08:06:30,086 : ConfigProcessor : Loading config from file c:\GitHub\Cuphead\config\config.
2020-10-05 08:06:30,108 : ConfigProcessor : Loading config: c:\GitHub\Cuphead\config\config
2020-10-05 08:06:30,120 : ConfigProcessor : Loading config: c:\GitHub\Cuphead\config\keyboard.yaml
2020-10-05 08:06:30,163 : ConfigProcessor : Loading config: c:\GitHub\Cuphead\config\hwSwitches.yaml
2020-10-05 08:06:30,262 : ConfigProcessor : Loading config: c:\GitHub\Cuphead\config\hwLights.yaml
2020-10-05 08:06:30,292 : ConfigProcessor : Loading config: c:\GitHub\Cuphead\config\hwCoils.yaml
2020-10-05 08:06:30,298 : ConfigProcessor : Config file cache created: C:\Users\themi\AppData\Local\Temp\0cbdbb896bde7c562664fa91ae109528.mpf_cache
2020-10-05 08:06:30,299 : ConfigProcessor : Loading config from cache: C:\Users\themi\AppData\Local\Temp\89b9c5cb952cce9fc74d723399719cc6.mpf_cache
2020-10-05 08:06:30,300 : ConfigProcessor : Loading config from cache: C:\Users\themi\AppData\Local\Temp\4fcecb70f81c3c2fefb8e65ae9a0af5f.mpf_cache
2020-10-05 08:06:30,301 : ConfigProcessor : Loading config from cache: C:\Users\themi\AppData\Local\Temp\5820a65357aa32f3082a694bbd0b1b93.mpf_cache
2020-10-05 08:06:30,303 : ConfigProcessor : Loading config from cache: C:\Users\themi\AppData\Local\Temp\2f1df67e0c6599f893aeb5468bc976f9.mpf_cache
2020-10-05 08:06:30,304 : mpfmc : Mission Pinball Framework Media Controller v0.54.0-dev.20
2020-10-05 08:06:30,304 : mpfmc : Mission Pinball Framework Game Engine v0.54.0-dev.72
2020-10-05 08:06:30,304 : mpfmc : Machine path: c:\GitHub\Cuphead
2020-10-05 08:06:30,304 : mpfmc : Starting clock at 60.0Hz
2020-10-05 08:06:30,330 : kivy : Text: Provider: sdl2
2020-10-05 08:06:30,402 : kivy : Window: Provider: sdl2
2020-10-05 08:06:31,084 : kivy : GL: Using the "OpenGL" graphics system
2020-10-05 08:06:31,087 : kivy : GL: GLEW initialization succeeded
2020-10-05 08:06:31,088 : kivy : GL: Backend used <glew>
2020-10-05 08:06:31,090 : kivy : GL: OpenGL version <b'4.5.14568 Compatibility Profile Context 24.20.12050.0'>
2020-10-05 08:06:31,090 : kivy : GL: OpenGL vendor <b'ATI Technologies Inc.'>
2020-10-05 08:06:31,090 : kivy : GL: OpenGL renderer <b'AMD Radeon(TM) R4 Graphics'>
2020-10-05 08:06:31,090 : kivy : GL: OpenGL parsed version: 4, 5
2020-10-05 08:06:31,090 : kivy : GL: Shading version <b'4.50'>
2020-10-05 08:06:31,090 : kivy : GL: Texture max size <16384>
2020-10-05 08:06:31,091 : kivy : GL: Texture max units <32>
2020-10-05 08:06:31,126 : kivy : Window: auto add sdl2 input provider
2020-10-05 08:06:31,128 : kivy : Window: virtual keyboard not allowed, single mode, not docked
2020-10-05 08:06:31,141 : SoundSystem : SoundSystem: Using default 'sound_system' settings
2020-10-05 08:06:31,780 : AudioInterface : Initialized
2020-10-05 08:06:31,780 : SoundSystem : No audio tracks are specified in your machine config file. a track named 'default' has been created.
2020-10-05 08:06:31,785 : kivy : Base: Start application main loop
2020-10-05 08:06:31,787 : EventManager : Event: ======'display_window_initialized'====== Args={}
2020-10-05 08:06:31,836 : mpfmc : Display: Setting 'window' as default display
2020-10-05 08:06:31,852 : EventManager : Event: ======'displays_initialized'====== Args={}
2020-10-05 08:06:31,855 : EventManager : Event: ======'slide_window_blank_created'====== Args={}
2020-10-05 08:06:31,855 : EventManager : Event: ======'display_window_ready'====== Args={}
2020-10-05 08:06:31,878 : EventManager : Event: ======'init_phase_1'====== Args={}
2020-10-05 08:06:31,886 : EventManager : Event: ======'mc_ready'====== Args={}
2020-10-05 08:06:31,887 : EventManager : Event: ======'init_phase_2'====== Args={}
2020-10-05 08:06:31,893 : EventManager : Event: ======'init_phase_3'====== Args={}
2020-10-05 08:06:31,896 : AssetManager : Registering Asset: attract_music, File: attract_music.ogg, Default Group: default, Final Config: {'load': 'preload', 'file': 'c:\\GitHub\\Cuphead\\modes\\attract\\sounds\\music\\attract_music.ogg'}
2020-10-05 08:06:31,898 : AssetManager : Registering Asset: cupHighScore, File: cupHighScore.ogg, Default Group: default, Final Config: {'load': 'preload', 'file': 'c:\\GitHub\\Cuphead\\modes\\base\\sounds\\music\\cupHighScore.ogg'}
2020-10-05 08:06:31,899 : AssetManager : Registering Asset: cupMusic1, File: cupMusic1.ogg, Default Group: default, Final Config: {'load': 'preload', 'target': 'music', 'loop': -1, 'mode_end_action': 'stop', 'file': 'c:\\GitHub\\Cuphead\\modes\\base\\sounds\\music\\cupMusic1.ogg'}
2020-10-05 08:06:31,899 : AssetManager : Registering Asset: cupMusic2, File: cupMusic2.ogg, Default Group: default, Final Config: {'load': 'preload', 'target': 'music', 'loop': -1, 'mode_end_action': 'stop', 'file': 'c:\\GitHub\\Cuphead\\modes\\base\\sounds\\music\\cupMusic2.ogg'}
2020-10-05 08:06:31,899 : AssetManager : Registering Asset: cupMusic3, File: cupMusic3.ogg, Default Group: default, Final Config: {'load': 'preload', 'target': 'music', 'loop': -1, 'mode_end_action': 'stop', 'file': 'c:\\GitHub\\Cuphead\\modes\\base\\sounds\\music\\cupMusic3.ogg'}
2020-10-05 08:06:31,899 : AssetManager : Registering Asset: cupMusic4, File: cupMusic4.ogg, Default Group: default, Final Config: {'load': 'preload', 'target': 'music', 'loop': -1, 'mode_end_action': 'stop', 'file': 'c:\\GitHub\\Cuphead\\modes\\base\\sounds\\music\\cupMusic4.ogg'}
2020-10-05 08:06:31,899 : AssetManager : Registering Asset: cupMusic5, File: cupMusic5.ogg, Default Group: default, Final Config: {'load': 'preload', 'file': 'c:\\GitHub\\Cuphead\\modes\\base\\sounds\\music\\cupMusic5.ogg'}
2020-10-05 08:06:31,899 : AssetManager : Registering Asset: cupMusic6, File: cupMusic6.ogg, Default Group: default, Final Config: {'load': 'preload', 'file': 'c:\\GitHub\\Cuphead\\modes\\base\\sounds\\music\\cupMusic6.ogg'}
2020-10-05 08:06:31,899 : AssetManager : Registering Asset: cupMusic7, File: cupMusic7.ogg, Default Group: default, Final Config: {'load': 'preload', 'file': 'c:\\GitHub\\Cuphead\\modes\\base\\sounds\\music\\cupMusic7.ogg'}
2020-10-05 08:06:31,900 : AssetManager : Registering Asset: cupMusic8, File: cupMusic8.ogg, Default Group: default, Final Config: {'load': 'preload', 'file': 'c:\\GitHub\\Cuphead\\modes\\base\\sounds\\music\\cupMusic8.ogg'}
2020-10-05 08:06:31,900 : AssetManager : Registering Asset: cupMusic9, File: cupMusic9.ogg, Default Group: default, Final Config: {'load': 'preload', 'file': 'c:\\GitHub\\Cuphead\\modes\\base\\sounds\\music\\cupMusic9.ogg'}
2020-10-05 08:06:31,900 : AssetManager : Registering Asset: game_play_1, File: game_play_1.ogg, Default Group: default, Final Config: {'load': 'preload', 'file': 'c:\\GitHub\\Cuphead\\modes\\base\\sounds\\music\\game_play_1.ogg'}
2020-10-05 08:06:31,902 : EventManager : Event: ======'init_phase_4'====== Args={}
2020-10-05 08:06:31,902 : EventManager : Event: ======'init_phase_5'====== Args={}
2020-10-05 08:06:34,429 : EventManager : Event: ======'loading_assets'====== Args={'total': 12, 'loaded': 1, 'remaining': 11, 'percent': 8}
2020-10-05 08:06:34,948 : AssetManager : Loading assets: 1/12 (8%)
2020-10-05 08:06:36,755 : EventManager : Event: ======'loading_assets'====== Args={'total': 12, 'loaded': 5, 'remaining': 7, 'percent': 42}
2020-10-05 08:06:36,755 : AssetManager : Loading assets: 5/12 (42%)
2020-10-05 08:06:38,369 : EventManager : Event: ======'loading_assets'====== Args={'total': 12, 'loaded': 7, 'remaining': 5, 'percent': 58}
2020-10-05 08:06:38,370 : AssetManager : Loading assets: 7/12 (58%)
2020-10-05 08:06:40,161 : EventManager : Event: ======'loading_assets'====== Args={'total': 12, 'loaded': 9, 'remaining': 3, 'percent': 75}
2020-10-05 08:06:40,162 : AssetManager : Loading assets: 9/12 (75%)
2020-10-05 08:06:41,480 : EventManager : Event: ======'loading_assets'====== Args={'total': 12, 'loaded': 11, 'remaining': 1, 'percent': 92}
2020-10-05 08:06:41,480 : AssetManager : Loading assets: 11/12 (92%)
2020-10-05 08:06:41,491 : EventManager : Event: ======'loading_assets'====== Args={'total': 12, 'loaded': 12, 'remaining': 0, 'percent': 100}
2020-10-05 08:06:41,491 : AssetManager : Asset loading took: 9.70997953414917
2020-10-05 08:06:41,492 : EventManager : Event: ======'asset_loading_complete'====== Args={}
2020-10-05 08:06:41,492 : AssetManager : Loading assets: 12/12 (100%)
2020-10-05 08:06:41,492 : EventManager : Event: ======'init_done'====== Args={}
2020-10-05 08:06:41,492 : MPF-MC BCP Server : Starting up on localhost port 5050
2020-10-05 08:06:41,502 : MPF-MC BCP Server : Waiting for a connection...
2020-10-05 08:06:41,502 : mpfmc : SlidePlayer: Play called with settings={'slides': {welcome_slide-None-None: {'priority': None, 'target': None, 'background_color': [0.0, 0.0, 0.0, 1.0], 'show': True, 'force': False, 'expire': None, 'slide': None, 'tokens': {}, 'action': 'play', 'transition': None, 'transition_out': None}}}
2020-10-05 08:06:41,512 : kivy : GL: NPOT texture support is available
2020-10-05 08:06:41,513 : EventManager : Event: ======'slide_welcome_slide_created'====== Args={}
2020-10-05 08:06:41,515 : EventManager : Event: ======'slide_welcome_slide_active'====== Args={}
2020-10-05 08:06:41,524 : EventManager : Event: ======'client_disconnected'====== Args={'host': '127.0.0.1', 'port': 5050}
2020-10-05 08:06:41,560 : MPF-MC BCP Server : Received connection from: 127.0.0.1:57196
2020-10-05 08:06:41,561 : EventManager : Event: ======'client_connected'====== Args={'host': '127.0.0.1', 'port': 57196}
2020-10-05 08:06:41,585 : EventManager : Event: ======'machine_var_credits_string'====== Args={'value': 'FREE PLAY', 'prev_value': None, 'change': True}
2020-10-05 08:06:41,585 : EventManager : Event: ======'machine_var_player1_score'====== Args={'value': 8110, 'prev_value': None, 'change': True}
2020-10-05 08:06:41,585 : EventManager : Event: ======'machine_var_mpf_version'====== Args={'value': 'MPF v0.54.0-dev.72', 'prev_value': None, 'change': True}
2020-10-05 08:06:41,586 : EventManager : Event: ======'machine_var_mpf_extended_version'====== Args={'value': 'MPF v0.54.0-dev.72, Config version:5, Show version: 5, BCP version:1.1', 'prev_value': None, 'change': True}
2020-10-05 08:06:41,586 : EventManager : Event: ======'machine_var_python_version'====== Args={'value': '3.6.4', 'prev_value': None, 'change': True}
2020-10-05 08:06:41,586 : EventManager : Event: ======'machine_var_platform'====== Args={'value': 'Windows-10-10.0.18362-SP0', 'prev_value': None, 'change': True}
2020-10-05 08:06:41,586 : EventManager : Event: ======'machine_var_platform_system'====== Args={'value': 'Windows', 'prev_value': None, 'change': True}
2020-10-05 08:06:41,586 : EventManager : Event: ======'machine_var_platform_release'====== Args={'value': '10', 'prev_value': None, 'change': True}
2020-10-05 08:06:41,586 : EventManager : Event: ======'machine_var_platform_version'====== Args={'value': '10.0.18362', 'prev_value': None, 'change': True}
2020-10-05 08:06:41,586 : EventManager : Event: ======'machine_var_platform_machine'====== Args={'value': 'AMD64', 'prev_value': None, 'change': True}
2020-10-05 08:06:41,587 : EventManager : Event: ======'machine_var_mc_version'====== Args={'value': 'MPF-MC v0.54.0-dev.20', 'prev_value': None, 'change': True}
2020-10-05 08:06:41,587 : EventManager : Event: ======'machine_var_mc_extended_version'====== Args={'value': 'MPF-MC v0.54.0-dev.20 (config_version=5, BCP v1.1, Requires MPF v0.54.0-dev.68)', 'prev_value': None, 'change': True}
2020-10-05 08:06:41,587 : EventManager : Event: ======'machine_var_master_volume'====== Args={'value': 0.5, 'prev_value': None, 'change': True}
2020-10-05 08:06:41,694 : EventManager : Event: ======'machine_var_audits_events_game_ended'====== Args={'value': 21, 'prev_value': None, 'change': True}
2020-10-05 08:06:41,694 : EventManager : Event: ======'machine_var_audits_events_game_started'====== Args={'value': 40, 'prev_value': None, 'change': True}
2020-10-05 08:06:41,695 : EventManager : Event: ======'machine_var_audits_player_score'====== Args={'value': {'average': 530.4761904761905, 'top': [2970, 1300, 1220, 980, 880, 780, 720, 710, 630, 590], 'total': 21}, 'prev_value': None, 'change': True}
2020-10-05 08:06:41,695 : EventManager : Event: ======'machine_var_audits_shots_soul_L'====== Args={'value': 217, 'prev_value': None, 'change': True}
2020-10-05 08:06:41,695 : EventManager : Event: ======'machine_var_audits_shots_soul_O'====== Args={'value': 224, 'prev_value': None, 'change': True}
2020-10-05 08:06:41,695 : EventManager : Event: ======'machine_var_audits_shots_soul_S'====== Args={'value': 256, 'prev_value': None, 'change': True}
2020-10-05 08:06:41,696 : EventManager : Event: ======'machine_var_audits_shots_soul_U'====== Args={'value': 220, 'prev_value': None, 'change': True}
2020-10-05 08:06:41,696 : EventManager : Event: ======'machine_var_audits_switches_s_coin'====== Args={'value': 20, 'prev_value': None, 'change': True}
2020-10-05 08:06:41,711 : EventManager : Event: ======'machine_var_audits_switches_s_dash_L'====== Args={'value': 0, 'prev_value': None, 'change': True}
2020-10-05 08:06:41,711 : EventManager : Event: ======'machine_var_audits_switches_s_dash_R'====== Args={'value': 0, 'prev_value': None, 'change': True}
2020-10-05 08:06:41,711 : EventManager : Event: ======'machine_var_audits_switches_s_dtSling_L'====== Args={'value': 0, 'prev_value': None, 'change': True}
2020-10-05 08:06:41,712 : EventManager : Event: ======'machine_var_audits_switches_s_dtSling_R'====== Args={'value': 0, 'prev_value': None, 'change': True}
2020-10-05 08:06:41,712 : EventManager : Event: ======'machine_var_audits_switches_s_dt_C'====== Args={'value': 76, 'prev_value': None, 'change': True}
2020-10-05 08:06:41,714 : EventManager : Event: ======'machine_var_audits_switches_s_dt_G'====== Args={'value': 25, 'prev_value': None, 'change': True}
2020-10-05 08:06:41,714 : EventManager : Event: ======'machine_var_audits_switches_s_dt_M'====== Args={'value': 23, 'prev_value': None, 'change': True}
2020-10-05 08:06:41,714 : EventManager : Event: ======'machine_var_audits_switches_s_dt_P'====== Args={'value': 59, 'prev_value': None, 'change': True}
2020-10-05 08:06:41,715 : EventManager : Event: ======'machine_var_audits_switches_s_dt_U'====== Args={'value': 67, 'prev_value': None, 'change': True}
2020-10-05 08:06:41,715 : EventManager : Event: ======'machine_var_audits_switches_s_dt_U2'====== Args={'value': 23, 'prev_value': None, 'change': True}
2020-10-05 08:06:41,716 : EventManager : Event: ======'machine_var_audits_switches_s_exit_shooter_lane'====== Args={'value': 357, 'prev_value': None, 'change': True}
2020-10-05 08:06:41,716 : EventManager : Event: ======'machine_var_audits_switches_s_inLane_L'====== Args={'value': 0, 'prev_value': None, 'change': True}
2020-10-05 08:06:41,717 : EventManager : Event: ======'machine_var_audits_switches_s_inLane_R'====== Args={'value': 0, 'prev_value': None, 'change': True}
2020-10-05 08:06:41,717 : EventManager : Event: ======'machine_var_audits_switches_s_kicker'====== Args={'value': 0, 'prev_value': None, 'change': True}
2020-10-05 08:06:41,717 : EventManager : Event: ======'machine_var_audits_switches_s_left_flipper'====== Args={'value': 151, 'prev_value': None, 'change': True}
2020-10-05 08:06:41,717 : EventManager : Event: ======'machine_var_audits_switches_s_midRight'====== Args={'value': 0, 'prev_value': None, 'change': True}
2020-10-05 08:06:41,718 : EventManager : Event: ======'machine_var_audits_switches_s_outLane_L'====== Args={'value': 0, 'prev_value': None, 'change': True}
2020-10-05 08:06:41,719 : EventManager : Event: ======'machine_var_audits_switches_s_outLane_R'====== Args={'value': 0, 'prev_value': None, 'change': True}
2020-10-05 08:06:41,719 : EventManager : Event: ======'machine_var_audits_switches_s_perdition'====== Args={'value': 0, 'prev_value': None, 'change': True}
2020-10-05 08:06:41,719 : EventManager : Event: ======'machine_var_audits_switches_s_playfield'====== Args={'value': 0, 'prev_value': None, 'change': True}
2020-10-05 08:06:41,719 : EventManager : Event: ======'machine_var_audits_switches_s_plunger'====== Args={'value': 574, 'prev_value': None, 'change': True}
2020-10-05 08:06:41,720 : EventManager : Event: ======'machine_var_audits_switches_s_popBumper_1'====== Args={'value': 464, 'prev_value': None, 'change': True}
2020-10-05 08:06:41,720 : EventManager : Event: ======'machine_var_audits_switches_s_popBumper_2'====== Args={'value': 440, 'prev_value': None, 'change': True}
2020-10-05 08:06:41,721 : EventManager : Event: ======'machine_var_audits_switches_s_popBumper_3'====== Args={'value': 164, 'prev_value': None, 'change': True}
2020-10-05 08:06:41,721 : EventManager : Event: ======'machine_var_audits_switches_s_pop_bumper1'====== Args={'value': 120, 'prev_value': None, 'change': True}
2020-10-05 08:06:41,721 : EventManager : Event: ======'machine_var_audits_switches_s_pop_bumper2'====== Args={'value': 153, 'prev_value': None, 'change': True}
2020-10-05 08:06:41,722 : EventManager : Event: ======'machine_var_audits_switches_s_pop_bumper3'====== Args={'value': 100, 'prev_value': None, 'change': True}
2020-10-05 08:06:41,724 : EventManager : Event: ======'machine_var_audits_switches_s_right_flipper'====== Args={'value': 217, 'prev_value': None, 'change': True}
2020-10-05 08:06:41,724 : EventManager : Event: ======'machine_var_audits_switches_s_sling_L'====== Args={'value': 0, 'prev_value': None, 'change': True}
2020-10-05 08:06:41,724 : EventManager : Event: ======'machine_var_audits_switches_s_sling_R'====== Args={'value': 0, 'prev_value': None, 'change': True}
2020-10-05 08:06:41,725 : EventManager : Event: ======'machine_var_audits_switches_s_soul_L'====== Args={'value': 218, 'prev_value': None, 'change': True}
2020-10-05 08:06:41,725 : EventManager : Event: ======'machine_var_audits_switches_s_soul_O'====== Args={'value': 229, 'prev_value': None, 'change': True}
2020-10-05 08:06:41,726 : EventManager : Event: ======'machine_var_audits_switches_s_soul_S'====== Args={'value': 256, 'prev_value': None, 'change': True}
2020-10-05 08:06:41,726 : EventManager : Event: ======'machine_var_audits_switches_s_soul_U'====== Args={'value': 220, 'prev_value': None, 'change': True}
2020-10-05 08:06:41,726 : EventManager : Event: ======'machine_var_audits_switches_s_standUp_1'====== Args={'value': 0, 'prev_value': None, 'change': True}
2020-10-05 08:06:41,727 : EventManager : Event: ======'machine_var_audits_switches_s_standUp_2'====== Args={'value': 0, 'prev_value': None, 'change': True}
2020-10-05 08:06:41,727 : EventManager : Event: ======'machine_var_audits_switches_s_standUp_3'====== Args={'value': 0, 'prev_value': None, 'change': True}
2020-10-05 08:06:41,727 : EventManager : Event: ======'machine_var_audits_switches_s_standUp_R'====== Args={'value': 0, 'prev_value': None, 'change': True}
2020-10-05 08:06:41,728 : EventManager : Event: ======'machine_var_audits_switches_s_star_1'====== Args={'value': 0, 'prev_value': None, 'change': True}
2020-10-05 08:06:41,729 : EventManager : Event: ======'machine_var_audits_switches_s_star_2'====== Args={'value': 0, 'prev_value': None, 'change': True}
2020-10-05 08:06:41,742 : EventManager : Event: ======'machine_var_audits_switches_s_star_3'====== Args={'value': 0, 'prev_value': None, 'change': True}
2020-10-05 08:06:41,742 : EventManager : Event: ======'machine_var_audits_switches_s_start'====== Args={'value': 68, 'prev_value': None, 'change': True}
2020-10-05 08:06:41,743 : EventManager : Event: ======'machine_var_audits_switches_s_tilt'====== Args={'value': 0, 'prev_value': None, 'change': True}
2020-10-05 08:06:41,744 : EventManager : Event: ======'machine_var_audits_switches_s_trough1'====== Args={'value': 513, 'prev_value': None, 'change': True}
2020-10-05 08:06:41,744 : EventManager : Event: ======'machine_var_audits_switches_s_trough2'====== Args={'value': 72, 'prev_value': None, 'change': True}
2020-10-05 08:06:41,744 : EventManager : Event: ======'machine_var_audits_switches_s_trough_jam'====== Args={'value': 13, 'prev_value': None, 'change': True}
2020-10-05 08:06:41,779 : EventManager : Event: ======'slides_play'====== Args={'settings': {'welcome_slide': {'target': None, 'background_color': [0.0, 0.0, 0.0, 1.0], 'priority': None, 'show': True, 'force': False, 'expire': None, 'slide': None, 'tokens': {}, 'action': 'play'}}, 'context': '_global', 'calling_context': 'init_done', 'priority': 0}
2020-10-05 08:06:41,779 : EventManager : Event: ======'mc_reset_phase_1'====== Args={}
2020-10-05 08:06:41,779 : mpfmc : SlidePlayer: Play called with settings={'welcome_slide': {'target': None, 'background_color': [0.0, 0.0, 0.0, 1.0], 'priority': None, 'show': True, 'force': False, 'expire': None, 'slide': None, 'tokens': {}, 'action': 'play'}}
2020-10-05 08:06:41,780 : EventManager : Event: ======'slide_welcome_slide_removed'====== Args={}
2020-10-05 08:06:41,785 : EventManager : Event: ======'slide_welcome_slide_created'====== Args={}
2020-10-05 08:06:41,786 : EventManager : Event: ======'mc_reset_phase_2'====== Args={}
2020-10-05 08:06:41,786 : EventManager : Event: ======'mc_reset_phase_3'====== Args={}
2020-10-05 08:06:41,787 : EventManager : Event: ======'mc_reset_complete'====== Args={}
2020-10-05 08:06:41,788 : EventManager : Event: ======'slide_welcome_slide_active'====== Args={}
2020-10-05 08:06:41,800 : EventManager : Event: ======'slides_play'====== Args={'settings': {'awesome_slide': {'widgets': [{'type': 'text', 'text': 'Cuphead Pinball', 'font_size': 50, '_default_settings': ['type', 'text', 'font_size'], 'x': None, 'y': None, 'anchor_x': 'center', 'anchor_y': 'center', 'round_anchor_x': None, 'round_anchor_y': None, 'opacity': 1.0, 'z': 0, 'reset_animations_events': {}, 'color': [1.0, 1.0, 1.0, 1.0], 'style': [], 'adjust_top': 0, 'adjust_bottom': 0, 'adjust_left': 0, 'adjust_right': 0, 'expire': None, 'key': None, 'widget': None, 'events_when_added': [], 'events_when_removed': [], 'bitmap_font': False, 'font_kerning': True, 'bold': False, 'italic': False, 'number_grouping': False, 'min_digits': 0, 'halign': 'center', 'valign': 'middle', 'rotation': 0, 'scale': 1.0, 'casing': None, 'animations': None}], 'transition': {'type': 'push', 'duration': 1.0, 'direction': 'left', 'easing': 'out_quad'}, 'target': None, 'background_color': [0.0, 0.0, 0.0, 1.0], 'priority': None, 'show': True, 'force': False, 'expire': None, 'slide': None, 'tokens': {}, 'action': 'play'}}, 'context': 'show_1', 'calling_context': 0, 'priority': 10, 'show_tokens': {}, 'start_time': 481245.062}
2020-10-05 08:06:41,800 : EventManager : Event: ======'sounds_play'====== Args={'settings': {'attract_music': {'loops': -1, 'mode_end_action': 'stop', 'priority': None, 'action': 'play', 'track': None, 'volume': None, 'pan': None, 'start_at': None, 'fade_in': None, 'fade_out': None, 'about_to_finish_time': -1.0, 'max_queue_time': -1.0, 'events_when_played': ['use_sound_setting'], 'events_when_stopped': ['use_sound_setting'], 'events_when_looping': ['use_sound_setting'], 'events_when_about_to_finish': ['use_sound_setting'], 'key': 'use_sound_setting'}}, 'context': 'attract', 'calling_context': 'mode_attract_started', 'priority': 10}
2020-10-05 08:06:41,803 : mpfmc : SlidePlayer: Play called with settings={'awesome_slide': {'widgets': [{'type': 'text', 'text': 'Cuphead Pinball', 'font_size': 50, '_default_settings': ['type', 'text', 'font_size'], 'x': None, 'y': None, 'anchor_x': 'center', 'anchor_y': 'center', 'round_anchor_x': None, 'round_anchor_y': None, 'opacity': 1.0, 'z': 0, 'reset_animations_events': {}, 'color': [1.0, 1.0, 1.0, 1.0], 'style': [], 'adjust_top': 0, 'adjust_bottom': 0, 'adjust_left': 0, 'adjust_right': 0, 'expire': None, 'key': None, 'widget': None, 'events_when_added': [], 'events_when_removed': [], 'bitmap_font': False, 'font_kerning': True, 'bold': False, 'italic': False, 'number_grouping': False, 'min_digits': 0, 'halign': 'center', 'valign': 'middle', 'rotation': 0, 'scale': 1.0, 'casing': None, 'animations': None}], 'transition': {'type': 'push', 'duration': 1.0, 'direction': 'left', 'easing': 'out_quad'}, 'target': None, 'background_color': [0.0, 0.0, 0.0, 1.0], 'priority': None, 'show': True, 'force': False, 'expire': None, 'slide': None, 'tokens': {}, 'action': 'play'}}
2020-10-05 08:06:41,814 : EventManager : Event: ======'slide_awesome_slide_created'====== Args={}
2020-10-05 08:06:41,818 : EventManager : Event: ======'slide_awesome_slide_active'====== Args={}
2020-10-05 08:06:44,105 : EventManager : Event: ======'game_started'====== Args={}
2020-10-05 08:06:44,106 : EventManager : Event: ======'slides_clear'====== Args={'context': 'show_1'}
2020-10-05 08:06:44,107 : EventManager : Event: ======'sounds_clear'====== Args={'context': 'attract'}
2020-10-05 08:06:44,110 : EventManager : Event: ======'slide_awesome_slide_removed'====== Args={}
2020-10-05 08:06:44,112 : EventManager : Event: ======'slide_welcome_slide_active'====== Args={}
2020-10-05 08:06:44,185 : EventManager : Event: ======'player_added'====== Args={'player': <Player 1>, 'num': 1}
2020-10-05 08:06:44,185 : EventManager : Event: ======'player_index'====== Args={'value': 0, 'prev_value': 0, 'change': 0, 'player_num': 1}
2020-10-05 08:06:44,186 : EventManager : Event: ======'player_number'====== Args={'value': 1, 'prev_value': 1, 'change': 0, 'player_num': 1}
2020-10-05 08:06:44,186 : EventManager : Event: ======'player_score'====== Args={'value': 0, 'prev_value': 0, 'change': 0, 'player_num': 1}
2020-10-05 08:06:44,186 : EventManager : Event: ======'player_bonus_multiplier'====== Args={'value': 1, 'prev_value': 0, 'change': 1, 'player_num': 1}
2020-10-05 08:06:44,186 : EventManager : Event: ======'player_contracts'====== Args={'value': 0, 'prev_value': 0, 'change': 0, 'player_num': 1}
2020-10-05 08:06:44,200 : EventManager : Event: ======'player_ball'====== Args={'value': 1, 'prev_value': 0, 'change': 1, 'player_num': 1}
2020-10-05 08:06:44,201 : EventManager : Event: ======'player_turn_start'====== Args={'number': 1, 'player': <Player 1>}
2020-10-05 08:06:44,268 : EventManager : Event: ======'player_shot_soul_S_enabled'====== Args={'value': True, 'prev_value': 0, 'change': 1, 'player_num': 1}
2020-10-05 08:06:44,268 : EventManager : Event: ======'player_shot_soul_O_enabled'====== Args={'value': True, 'prev_value': 0, 'change': 1, 'player_num': 1}
2020-10-05 08:06:44,268 : EventManager : Event: ======'player_shot_soul_U_enabled'====== Args={'value': True, 'prev_value': 0, 'change': 1, 'player_num': 1}
2020-10-05 08:06:44,268 : EventManager : Event: ======'player_shot_soul_L_enabled'====== Args={'value': True, 'prev_value': 0, 'change': 1, 'player_num': 1}
2020-10-05 08:06:44,269 : EventManager : Event: ======'player_contracts'====== Args={'value': 1, 'prev_value': 0, 'change': 1, 'player_num': 1}
2020-10-05 08:06:44,269 : EventManager : Event: ======'sounds_play'====== Args={'settings': {'poolCupHeadBase': {'loops': -1, 'priority': None, 'action': 'play', 'track': None, 'volume': None, 'pan': None, 'start_at': None, 'fade_in': None, 'fade_out': None, 'about_to_finish_time': -1.0, 'max_queue_time': -1.0, 'events_when_played': ['use_sound_setting'], 'events_when_stopped': ['use_sound_setting'], 'events_when_looping': ['use_sound_setting'], 'events_when_about_to_finish': ['use_sound_setting'], 'mode_end_action': 'use_sound_setting', 'key': 'use_sound_setting'}}, 'context': 'base', 'calling_context': 'mode_base_started', 'priority': 100, 'queue': '<QueuedEvent>', 'player': 1, 'ball': 1, 'balls_remaining': 4, 'is_extra_ball': False}
2020-10-05 08:06:44,270 : EventManager : Event: ======'slides_play'====== Args={'settings': {'widgets': {'widgets': [{'type': 'text', 'text': '(score)', 'number_grouping': True, 'min_digits': 2, 'font_size': 100, '_default_settings': ['type', 'text', 'number_grouping', 'min_digits', 'font_size'], 'x': None, 'y': None, 'anchor_x': 'center', 'anchor_y': 'center', 'round_anchor_x': None, 'round_anchor_y': None, 'opacity': 1.0, 'z': 0, 'reset_animations_events': {}, 'color': [1.0, 1.0, 1.0, 1.0], 'style': [], 'adjust_top': 0, 'adjust_bottom': 0, 'adjust_left': 0, 'adjust_right': 0, 'expire': None, 'key': None, 'widget': None, 'events_when_added': [], 'events_when_removed': [], 'bitmap_font': False, 'font_kerning': True, 'bold': False, 'italic': False, 'halign': 'center', 'valign': 'middle', 'rotation': 0, 'scale': 1.0, 'casing': None, 'animations': None}, {'type': 'text', 'text': 'Player (player)', 'y': '10', 'x': '10', 'font_size': 30, 'anchor_x': 'left', 'anchor_y': 'bottom', '_default_settings': ['type', 'text', 'y', 'x', 'font_size', 'anchor_x', 'anchor_y'], 'round_anchor_x': None, 'round_anchor_y': None, 'opacity': 1.0, 'z': 0, 'reset_animations_events': {}, 'color': [1.0, 1.0, 1.0, 1.0], 'style': [], 'adjust_top': 0, 'adjust_bottom': 0, 'adjust_left': 0, 'adjust_right': 0, 'expire': None, 'key': None, 'widget': None, 'events_when_added': [], 'events_when_removed': [], 'bitmap_font': False, 'font_kerning': True, 'bold': False, 'italic': False, 'number_grouping': False, 'min_digits': 0, 'halign': 'center', 'valign': 'middle', 'rotation': 0, 'scale': 1.0, 'casing': None, 'animations': None}, {'type': 'text', 'text': 'BALL (ball) (bonus_multiplier)', 'y': '10', 'x': 'right-10', 'anchor_x': 'right', 'anchor_y': 'bottom', 'font_size': 50, '_default_settings': ['type', 'text', 'y', 'x', 'anchor_x', 'anchor_y', 'font_size'], 'round_anchor_x': None, 'round_anchor_y': None, 'opacity': 1.0, 'z': 0, 'reset_animations_events': {}, 'color': [1.0, 1.0, 1.0, 1.0], 'style': [], 'adjust_top': 0, 'adjust_bottom': 0, 'adjust_left': 0, 'adjust_right': 0, 'expire': None, 'key': None, 'widget': None, 'events_when_added': [], 'events_when_removed': [], 'bitmap_font': False, 'font_kerning': True, 'bold': False, 'italic': False, 'number_grouping': False, 'min_digits': 0, 'halign': 'center', 'valign': 'middle', 'rotation': 0, 'scale': 1.0, 'casing': None, 'animations': None}], 'target': None, 'background_color': [0.0, 0.0, 0.0, 1.0], 'priority': None, 'show': True, 'force': False, 'expire': None, 'slide': None, 'tokens': {}, 'action': 'play'}}, 'context': 'base', 'calling_context': 'mode_base_started', 'priority': 100, 'queue': '<QueuedEvent>', 'player': 1, 'ball': 1, 'balls_remaining': 4, 'is_extra_ball': False}
2020-10-05 08:06:44,270 : EventManager : Event: ======'widgets_play'====== Args={'settings': {'soul_lanes_banner': {'priority': 0, 'slide': None, 'action': 'add', 'key': None, 'target': None}}, 'context': 'soulLanes', 'calling_context': 'mode_soulLanes_started', 'priority': 110, 'player': 1, 'ball': 1, 'balls_remaining': 4, 'is_extra_ball': False}
2020-10-05 08:06:44,271 : EventManager : Event: ======'widgets_play'====== Args={'settings': {'contracts_banner': {'priority': 0, 'slide': None, 'action': 'add', 'key': None, 'target': None}}, 'context': 'base', 'calling_context': 'mode_soulLanes_started', 'priority': 100, 'player': 1, 'ball': 1, 'balls_remaining': 4, 'is_extra_ball': False}
2020-10-05 08:06:44,272 : mpfmc : SlidePlayer: Play called with settings={'widgets': {'widgets': [{'type': 'text', 'text': '(score)', 'number_grouping': True, 'min_digits': 2, 'font_size': 100, '_default_settings': ['type', 'text', 'number_grouping', 'min_digits', 'font_size'], 'x': None, 'y': None, 'anchor_x': 'center', 'anchor_y': 'center', 'round_anchor_x': None, 'round_anchor_y': None, 'opacity': 1.0, 'z': 0, 'reset_animations_events': {}, 'color': [1.0, 1.0, 1.0, 1.0], 'style': [], 'adjust_top': 0, 'adjust_bottom': 0, 'adjust_left': 0, 'adjust_right': 0, 'expire': None, 'key': None, 'widget': None, 'events_when_added': [], 'events_when_removed': [], 'bitmap_font': False, 'font_kerning': True, 'bold': False, 'italic': False, 'halign': 'center', 'valign': 'middle', 'rotation': 0, 'scale': 1.0, 'casing': None, 'animations': None}, {'type': 'text', 'text': 'Player (player)', 'y': '10', 'x': '10', 'font_size': 30, 'anchor_x': 'left', 'anchor_y': 'bottom', '_default_settings': ['type', 'text', 'y', 'x', 'font_size', 'anchor_x', 'anchor_y'], 'round_anchor_x': None, 'round_anchor_y': None, 'opacity': 1.0, 'z': 0, 'reset_animations_events': {}, 'color': [1.0, 1.0, 1.0, 1.0], 'style': [], 'adjust_top': 0, 'adjust_bottom': 0, 'adjust_left': 0, 'adjust_right': 0, 'expire': None, 'key': None, 'widget': None, 'events_when_added': [], 'events_when_removed': [], 'bitmap_font': False, 'font_kerning': True, 'bold': False, 'italic': False, 'number_grouping': False, 'min_digits': 0, 'halign': 'center', 'valign': 'middle', 'rotation': 0, 'scale': 1.0, 'casing': None, 'animations': None}, {'type': 'text', 'text': 'BALL (ball) (bonus_multiplier)', 'y': '10', 'x': 'right-10', 'anchor_x': 'right', 'anchor_y': 'bottom', 'font_size': 50, '_default_settings': ['type', 'text', 'y', 'x', 'anchor_x', 'anchor_y', 'font_size'], 'round_anchor_x': None, 'round_anchor_y': None, 'opacity': 1.0, 'z': 0, 'reset_animations_events': {}, 'color': [1.0, 1.0, 1.0, 1.0], 'style': [], 'adjust_top': 0, 'adjust_bottom': 0, 'adjust_left': 0, 'adjust_right': 0, 'expire': None, 'key': None, 'widget': None, 'events_when_added': [], 'events_when_removed': [], 'bitmap_font': False, 'font_kerning': True, 'bold': False, 'italic': False, 'number_grouping': False, 'min_digits': 0, 'halign': 'center', 'valign': 'middle', 'rotation': 0, 'scale': 1.0, 'casing': None, 'animations': None}], 'target': None, 'background_color': [0.0, 0.0, 0.0, 1.0], 'priority': None, 'show': True, 'force': False, 'expire': None, 'slide': None, 'tokens': {}, 'action': 'play'}}
2020-10-05 08:06:44,287 : EventManager : Event: ======'slide_base.slide_player-mode_base_started_created'====== Args={}
2020-10-05 08:06:44,301 : EventManager : Event: ======'slide_base.slide_player-mode_base_started_active'====== Args={}
2020-10-05 08:06:44,498 : EventManager : Event: ======'machine_var_audits_switches_s_plunger'====== Args={'value': 575, 'prev_value': 574, 'change': 1}
2020-10-05 08:06:55,279 : EventManager : Event: ======'machine_var_audits_switches_s_soul_S'====== Args={'value': 257, 'prev_value': 256, 'change': 1}
2020-10-05 08:06:55,279 : EventManager : Event: ======'player_shot_soul_S'====== Args={'value': 1, 'prev_value': 0, 'change': 1, 'player_num': 1}
2020-10-05 08:06:55,279 : EventManager : Event: ======'machine_var_audits_shots_soul_S'====== Args={'value': 257, 'prev_value': 256, 'change': 1}
2020-10-05 08:06:55,334 : EventManager : Event: ======'player_score'====== Args={'value': 10, 'prev_value': 0, 'change': 10, 'player_num': 1}
2020-10-05 08:06:58,665 : EventManager : Event: ======'machine_var_audits_switches_s_soul_O'====== Args={'value': 230, 'prev_value': 229, 'change': 1}
2020-10-05 08:06:58,666 : EventManager : Event: ======'player_shot_soul_O'====== Args={'value': 1, 'prev_value': 0, 'change': 1, 'player_num': 1}
2020-10-05 08:06:58,744 : EventManager : Event: ======'machine_var_audits_shots_soul_O'====== Args={'value': 225, 'prev_value': 224, 'change': 1}
2020-10-05 08:06:58,745 : EventManager : Event: ======'player_score'====== Args={'value': 20, 'prev_value': 10, 'change': 10, 'player_num': 1}
2020-10-05 08:07:01,379 : EventManager : Event: ======'machine_var_audits_switches_s_soul_U'====== Args={'value': 221, 'prev_value': 220, 'change': 1}
2020-10-05 08:07:01,379 : EventManager : Event: ======'player_shot_soul_U'====== Args={'value': 1, 'prev_value': 0, 'change': 1, 'player_num': 1}
2020-10-05 08:07:01,379 : EventManager : Event: ======'machine_var_audits_shots_soul_U'====== Args={'value': 221, 'prev_value': 220, 'change': 1}
2020-10-05 08:07:01,379 : EventManager : Event: ======'player_score'====== Args={'value': 30, 'prev_value': 20, 'change': 10, 'player_num': 1}
2020-10-05 08:07:06,241 : EventManager : Event: ======'machine_var_audits_switches_s_soul_L'====== Args={'value': 219, 'prev_value': 218, 'change': 1}
2020-10-05 08:07:06,242 : EventManager : Event: ======'player_shot_soul_L'====== Args={'value': 1, 'prev_value': 0, 'change': 1, 'player_num': 1}
2020-10-05 08:07:06,243 : EventManager : Event: ======'machine_var_audits_shots_soul_L'====== Args={'value': 218, 'prev_value': 217, 'change': 1}
2020-10-05 08:07:06,243 : EventManager : Event: ======'player_score'====== Args={'value': 40, 'prev_value': 30, 'change': 10, 'player_num': 1}
2020-10-05 08:07:06,288 : EventManager : Event: ======'player_score'====== Args={'value': 1040, 'prev_value': 40, 'change': 1000, 'player_num': 1}
2020-10-05 08:07:06,288 : EventManager : Event: ======'player_bonus_multiplier'====== Args={'value': 2, 'prev_value': 1, 'change': 1, 'player_num': 1}
2020-10-05 08:07:07,119 : EventManager : Event: ======'player_shot_soul_S'====== Args={'value': 0, 'prev_value': 1, 'change': -1, 'player_num': 1}
2020-10-05 08:07:07,119 : EventManager : Event: ======'player_shot_soul_O'====== Args={'value': 0, 'prev_value': 1, 'change': -1, 'player_num': 1}
2020-10-05 08:07:07,119 : EventManager : Event: ======'player_shot_soul_U'====== Args={'value': 0, 'prev_value': 1, 'change': -1, 'player_num': 1}
2020-10-05 08:07:07,119 : EventManager : Event: ======'player_shot_soul_L'====== Args={'value': 0, 'prev_value': 1, 'change': -1, 'player_num': 1}
2020-10-05 08:07:09,819 : EventManager : Event: ======'machine_var_audits_switches_s_soul_S'====== Args={'value': 258, 'prev_value': 257, 'change': 1}
2020-10-05 08:07:09,879 : EventManager : Event: ======'player_shot_soul_S'====== Args={'value': 1, 'prev_value': 0, 'change': 1, 'player_num': 1}
2020-10-05 08:07:09,880 : EventManager : Event: ======'machine_var_audits_shots_soul_S'====== Args={'value': 258, 'prev_value': 257, 'change': 1}
2020-10-05 08:07:09,880 : EventManager : Event: ======'player_score'====== Args={'value': 1050, 'prev_value': 1040, 'change': 10, 'player_num': 1}
2020-10-05 08:07:11,558 : EventManager : Event: ======'machine_var_audits_switches_s_soul_O'====== Args={'value': 231, 'prev_value': 230, 'change': 1}
2020-10-05 08:07:11,559 : EventManager : Event: ======'player_shot_soul_O'====== Args={'value': 1, 'prev_value': 0, 'change': 1, 'player_num': 1}
2020-10-05 08:07:11,571 : EventManager : Event: ======'machine_var_audits_shots_soul_O'====== Args={'value': 226, 'prev_value': 225, 'change': 1}
2020-10-05 08:07:11,571 : EventManager : Event: ======'player_score'====== Args={'value': 1060, 'prev_value': 1050, 'change': 10, 'player_num': 1}
2020-10-05 08:07:13,545 : EventManager : Event: ======'machine_var_audits_switches_s_soul_U'====== Args={'value': 222, 'prev_value': 221, 'change': 1}
2020-10-05 08:07:13,604 : EventManager : Event: ======'player_shot_soul_U'====== Args={'value': 1, 'prev_value': 0, 'change': 1, 'player_num': 1}
2020-10-05 08:07:13,604 : EventManager : Event: ======'machine_var_audits_shots_soul_U'====== Args={'value': 222, 'prev_value': 221, 'change': 1}
2020-10-05 08:07:13,604 : EventManager : Event: ======'player_score'====== Args={'value': 1070, 'prev_value': 1060, 'change': 10, 'player_num': 1}
2020-10-05 08:07:15,760 : EventManager : Event: ======'machine_var_audits_switches_s_soul_L'====== Args={'value': 220, 'prev_value': 219, 'change': 1}
2020-10-05 08:07:15,760 : EventManager : Event: ======'player_shot_soul_L'====== Args={'value': 1, 'prev_value': 0, 'change': 1, 'player_num': 1}
2020-10-05 08:07:15,760 : EventManager : Event: ======'machine_var_audits_shots_soul_L'====== Args={'value': 219, 'prev_value': 218, 'change': 1}
2020-10-05 08:07:15,761 : EventManager : Event: ======'player_score'====== Args={'value': 1080, 'prev_value': 1070, 'change': 10, 'player_num': 1}
2020-10-05 08:07:15,761 : EventManager : Event: ======'player_score'====== Args={'value': 3080, 'prev_value': 1080, 'change': 2000, 'player_num': 1}
2020-10-05 08:07:15,761 : EventManager : Event: ======'player_bonus_multiplier'====== Args={'value': 3, 'prev_value': 2, 'change': 1, 'player_num': 1}
2020-10-05 08:07:16,735 : EventManager : Event: ======'player_shot_soul_S'====== Args={'value': 0, 'prev_value': 1, 'change': -1, 'player_num': 1}
2020-10-05 08:07:16,736 : EventManager : Event: ======'player_shot_soul_O'====== Args={'value': 0, 'prev_value': 1, 'change': -1, 'player_num': 1}
2020-10-05 08:07:16,736 : EventManager : Event: ======'player_shot_soul_U'====== Args={'value': 0, 'prev_value': 1, 'change': -1, 'player_num': 1}
2020-10-05 08:07:16,736 : EventManager : Event: ======'player_shot_soul_L'====== Args={'value': 0, 'prev_value': 1, 'change': -1, 'player_num': 1}
2020-10-05 08:07:20,225 : EventManager : Event: ======'machine_var_audits_switches_s_dt_C'====== Args={'value': 77, 'prev_value': 76, 'change': 1}
2020-10-05 08:07:20,226 : EventManager : Event: ======'player_score'====== Args={'value': 3180, 'prev_value': 3080, 'change': 100, 'player_num': 1}
2020-10-05 08:07:23,271 : EventManager : Event: ======'machine_var_audits_switches_s_dt_U'====== Args={'value': 68, 'prev_value': 67, 'change': 1}
2020-10-05 08:07:23,271 : EventManager : Event: ======'player_score'====== Args={'value': 3280, 'prev_value': 3180, 'change': 100, 'player_num': 1}
2020-10-05 08:07:26,126 : EventManager : Event: ======'machine_var_audits_switches_s_dt_P'====== Args={'value': 60, 'prev_value': 59, 'change': 1}
2020-10-05 08:07:26,140 : EventManager : Event: ======'player_score'====== Args={'value': 3380, 'prev_value': 3280, 'change': 100, 'player_num': 1}
2020-10-05 08:07:26,140 : EventManager : Event: ======'player_score'====== Args={'value': 3713, 'prev_value': 3380, 'change': 333, 'player_num': 1}
2020-10-05 08:07:26,140 : EventManager : Event: ======'player_contracts'====== Args={'value': 2, 'prev_value': 1, 'change': 1, 'player_num': 1}
2020-10-05 08:07:30,876 : EventManager : Event: ======'machine_var_audits_switches_s_dt_C'====== Args={'value': 78, 'prev_value': 77, 'change': 1}
2020-10-05 08:07:30,888 : EventManager : Event: ======'player_score'====== Args={'value': 3813, 'prev_value': 3713, 'change': 100, 'player_num': 1}
2020-10-05 08:07:32,598 : EventManager : Event: ======'machine_var_audits_switches_s_dt_U'====== Args={'value': 69, 'prev_value': 68, 'change': 1}
2020-10-05 08:07:32,610 : EventManager : Event: ======'player_score'====== Args={'value': 3913, 'prev_value': 3813, 'change': 100, 'player_num': 1}
2020-10-05 08:07:34,103 : EventManager : Event: ======'machine_var_audits_switches_s_dt_P'====== Args={'value': 61, 'prev_value': 60, 'change': 1}
2020-10-05 08:07:34,153 : EventManager : Event: ======'player_score'====== Args={'value': 4013, 'prev_value': 3913, 'change': 100, 'player_num': 1}
2020-10-05 08:07:34,154 : EventManager : Event: ======'player_score'====== Args={'value': 4346, 'prev_value': 4013, 'change': 333, 'player_num': 1}
2020-10-05 08:07:34,154 : EventManager : Event: ======'player_contracts'====== Args={'value': 3, 'prev_value': 2, 'change': 1, 'player_num': 1}
2020-10-05 08:07:37,196 : EventManager : Event: ======'machine_var_audits_switches_s_dt_C'====== Args={'value': 79, 'prev_value': 78, 'change': 1}
2020-10-05 08:07:37,251 : EventManager : Event: ======'player_score'====== Args={'value': 4446, 'prev_value': 4346, 'change': 100, 'player_num': 1}
2020-10-05 08:07:38,471 : EventManager : Event: ======'machine_var_audits_switches_s_dt_U'====== Args={'value': 70, 'prev_value': 69, 'change': 1}
2020-10-05 08:07:38,483 : EventManager : Event: ======'player_score'====== Args={'value': 4546, 'prev_value': 4446, 'change': 100, 'player_num': 1}
2020-10-05 08:07:41,597 : EventManager : Event: ======'machine_var_audits_switches_s_dt_P'====== Args={'value': 62, 'prev_value': 61, 'change': 1}
2020-10-05 08:07:41,654 : EventManager : Event: ======'player_score'====== Args={'value': 4646, 'prev_value': 4546, 'change': 100, 'player_num': 1}
2020-10-05 08:07:41,654 : EventManager : Event: ======'player_score'====== Args={'value': 4979, 'prev_value': 4646, 'change': 333, 'player_num': 1}
2020-10-05 08:07:41,654 : EventManager : Event: ======'player_contracts'====== Args={'value': 4, 'prev_value': 3, 'change': 1, 'player_num': 1}
2020-10-05 08:07:44,387 : EventManager : Event: ======'machine_var_audits_switches_s_dt_C'====== Args={'value': 80, 'prev_value': 79, 'change': 1}
2020-10-05 08:07:44,387 : EventManager : Event: ======'player_score'====== Args={'value': 5079, 'prev_value': 4979, 'change': 100, 'player_num': 1}
2020-10-05 08:07:46,200 : EventManager : Event: ======'machine_var_audits_switches_s_dt_U'====== Args={'value': 71, 'prev_value': 70, 'change': 1}
2020-10-05 08:07:46,311 : EventManager : Event: ======'player_score'====== Args={'value': 5179, 'prev_value': 5079, 'change': 100, 'player_num': 1}
2020-10-05 08:07:48,873 : EventManager : Event: ======'machine_var_audits_switches_s_dt_P'====== Args={'value': 63, 'prev_value': 62, 'change': 1}
2020-10-05 08:07:48,889 : EventManager : Event: ======'player_score'====== Args={'value': 5279, 'prev_value': 5179, 'change': 100, 'player_num': 1}
2020-10-05 08:07:48,890 : EventManager : Event: ======'player_score'====== Args={'value': 5612, 'prev_value': 5279, 'change': 333, 'player_num': 1}
2020-10-05 08:07:48,890 : EventManager : Event: ======'player_contracts'====== Args={'value': 5, 'prev_value': 4, 'change': 1, 'player_num': 1}
2020-10-05 08:07:53,005 : EventManager : Event: ======'machine_var_audits_switches_s_dt_C'====== Args={'value': 81, 'prev_value': 80, 'change': 1}
2020-10-05 08:07:53,042 : EventManager : Event: ======'player_score'====== Args={'value': 5712, 'prev_value': 5612, 'change': 100, 'player_num': 1}
2020-10-05 08:07:55,112 : EventManager : Event: ======'machine_var_audits_switches_s_dt_U'====== Args={'value': 72, 'prev_value': 71, 'change': 1}
2020-10-05 08:07:55,112 : EventManager : Event: ======'player_score'====== Args={'value': 5812, 'prev_value': 5712, 'change': 100, 'player_num': 1}
2020-10-05 08:07:56,971 : EventManager : Event: ======'machine_var_audits_switches_s_dt_P'====== Args={'value': 64, 'prev_value': 63, 'change': 1}
2020-10-05 08:07:56,984 : EventManager : Event: ======'player_score'====== Args={'value': 5912, 'prev_value': 5812, 'change': 100, 'player_num': 1}
2020-10-05 08:07:57,031 : EventManager : Event: ======'player_score'====== Args={'value': 6245, 'prev_value': 5912, 'change': 333, 'player_num': 1}
2020-10-05 08:07:57,032 : EventManager : Event: ======'player_contracts'====== Args={'value': 6, 'prev_value': 5, 'change': 1, 'player_num': 1}
2020-10-05 08:08:00,605 : EventManager : Event: ======'machine_var_audits_switches_s_soul_S'====== Args={'value': 259, 'prev_value': 258, 'change': 1}
2020-10-05 08:08:00,648 : EventManager : Event: ======'player_shot_soul_S'====== Args={'value': 1, 'prev_value': 0, 'change': 1, 'player_num': 1}
2020-10-05 08:08:00,648 : EventManager : Event: ======'machine_var_audits_shots_soul_S'====== Args={'value': 259, 'prev_value': 258, 'change': 1}
2020-10-05 08:08:00,648 : EventManager : Event: ======'player_score'====== Args={'value': 6255, 'prev_value': 6245, 'change': 10, 'player_num': 1}
2020-10-05 08:08:05,814 : EventManager : Event: ======'machine_var_audits_switches_s_soul_O'====== Args={'value': 232, 'prev_value': 231, 'change': 1}
2020-10-05 08:08:05,817 : EventManager : Event: ======'player_shot_soul_O'====== Args={'value': 1, 'prev_value': 0, 'change': 1, 'player_num': 1}
2020-10-05 08:08:05,818 : EventManager : Event: ======'machine_var_audits_shots_soul_O'====== Args={'value': 227, 'prev_value': 226, 'change': 1}
2020-10-05 08:08:05,818 : EventManager : Event: ======'player_score'====== Args={'value': 6265, 'prev_value': 6255, 'change': 10, 'player_num': 1}
2020-10-05 08:08:07,300 : EventManager : Event: ======'machine_var_audits_switches_s_soul_U'====== Args={'value': 223, 'prev_value': 222, 'change': 1}
2020-10-05 08:08:07,301 : EventManager : Event: ======'player_shot_soul_U'====== Args={'value': 1, 'prev_value': 0, 'change': 1, 'player_num': 1}
2020-10-05 08:08:07,347 : EventManager : Event: ======'machine_var_audits_shots_soul_U'====== Args={'value': 223, 'prev_value': 222, 'change': 1}
2020-10-05 08:08:07,347 : EventManager : Event: ======'player_score'====== Args={'value': 6275, 'prev_value': 6265, 'change': 10, 'player_num': 1}
2020-10-05 08:08:13,591 : EventManager : Event: ======'machine_var_audits_switches_s_soul_L'====== Args={'value': 221, 'prev_value': 220, 'change': 1}
2020-10-05 08:08:13,591 : EventManager : Event: ======'player_shot_soul_L'====== Args={'value': 1, 'prev_value': 0, 'change': 1, 'player_num': 1}
2020-10-05 08:08:13,592 : EventManager : Event: ======'machine_var_audits_shots_soul_L'====== Args={'value': 220, 'prev_value': 219, 'change': 1}
2020-10-05 08:08:13,592 : EventManager : Event: ======'player_score'====== Args={'value': 6285, 'prev_value': 6275, 'change': 10, 'player_num': 1}
2020-10-05 08:08:13,594 : EventManager : Event: ======'player_score'====== Args={'value': 9285, 'prev_value': 6285, 'change': 3000, 'player_num': 1}
2020-10-05 08:08:13,594 : EventManager : Event: ======'player_bonus_multiplier'====== Args={'value': 4, 'prev_value': 3, 'change': 1, 'player_num': 1}
2020-10-05 08:08:14,541 : EventManager : Event: ======'player_shot_soul_S'====== Args={'value': 0, 'prev_value': 1, 'change': -1, 'player_num': 1}
2020-10-05 08:08:14,541 : EventManager : Event: ======'player_shot_soul_O'====== Args={'value': 0, 'prev_value': 1, 'change': -1, 'player_num': 1}
2020-10-05 08:08:14,541 : EventManager : Event: ======'player_shot_soul_U'====== Args={'value': 0, 'prev_value': 1, 'change': -1, 'player_num': 1}
2020-10-05 08:08:14,541 : EventManager : Event: ======'player_shot_soul_L'====== Args={'value': 0, 'prev_value': 1, 'change': -1, 'player_num': 1}
2020-10-05 08:08:20,728 : EventManager : Event: ======'machine_var_audits_switches_s_soul_S'====== Args={'value': 260, 'prev_value': 259, 'change': 1}
2020-10-05 08:08:20,787 : EventManager : Event: ======'player_shot_soul_S'====== Args={'value': 1, 'prev_value': 0, 'change': 1, 'player_num': 1}
2020-10-05 08:08:20,788 : EventManager : Event: ======'machine_var_audits_shots_soul_S'====== Args={'value': 260, 'prev_value': 259, 'change': 1}
2020-10-05 08:08:20,788 : EventManager : Event: ======'player_score'====== Args={'value': 9295, 'prev_value': 9285, 'change': 10, 'player_num': 1}
2020-10-05 08:08:22,371 : EventManager : Event: ======'machine_var_audits_switches_s_soul_O'====== Args={'value': 233, 'prev_value': 232, 'change': 1}
2020-10-05 08:08:22,383 : EventManager : Event: ======'player_shot_soul_O'====== Args={'value': 1, 'prev_value': 0, 'change': 1, 'player_num': 1}
2020-10-05 08:08:22,384 : EventManager : Event: ======'machine_var_audits_shots_soul_O'====== Args={'value': 228, 'prev_value': 227, 'change': 1}
2020-10-05 08:08:22,384 : EventManager : Event: ======'player_score'====== Args={'value': 9305, 'prev_value': 9295, 'change': 10, 'player_num': 1}
2020-10-05 08:08:24,670 : EventManager : Event: ======'machine_var_audits_switches_s_soul_U'====== Args={'value': 224, 'prev_value': 223, 'change': 1}
2020-10-05 08:08:24,671 : EventManager : Event: ======'player_shot_soul_U'====== Args={'value': 1, 'prev_value': 0, 'change': 1, 'player_num': 1}
2020-10-05 08:08:24,732 : EventManager : Event: ======'machine_var_audits_shots_soul_U'====== Args={'value': 224, 'prev_value': 223, 'change': 1}
2020-10-05 08:08:24,733 : EventManager : Event: ======'player_score'====== Args={'value': 9315, 'prev_value': 9305, 'change': 10, 'player_num': 1}
2020-10-05 08:08:27,273 : EventManager : Event: ======'machine_var_audits_switches_s_soul_L'====== Args={'value': 222, 'prev_value': 221, 'change': 1}
2020-10-05 08:08:27,273 : EventManager : Event: ======'player_shot_soul_L'====== Args={'value': 1, 'prev_value': 0, 'change': 1, 'player_num': 1}
2020-10-05 08:08:27,274 : EventManager : Event: ======'machine_var_audits_shots_soul_L'====== Args={'value': 221, 'prev_value': 220, 'change': 1}
2020-10-05 08:08:27,274 : EventManager : Event: ======'player_score'====== Args={'value': 9325, 'prev_value': 9315, 'change': 10, 'player_num': 1}
2020-10-05 08:08:27,274 : EventManager : Event: ======'player_score'====== Args={'value': 13325, 'prev_value': 9325, 'change': 4000, 'player_num': 1}
2020-10-05 08:08:28,242 : EventManager : Event: ======'player_shot_soul_S'====== Args={'value': 0, 'prev_value': 1, 'change': -1, 'player_num': 1}
2020-10-05 08:08:28,242 : EventManager : Event: ======'player_shot_soul_O'====== Args={'value': 0, 'prev_value': 1, 'change': -1, 'player_num': 1}
2020-10-05 08:08:28,243 : EventManager : Event: ======'player_shot_soul_U'====== Args={'value': 0, 'prev_value': 1, 'change': -1, 'player_num': 1}
2020-10-05 08:08:28,244 : EventManager : Event: ======'player_shot_soul_L'====== Args={'value': 0, 'prev_value': 1, 'change': -1, 'player_num': 1}
2020-10-05 08:08:31,769 : EventManager : Event: ======'machine_var_audits_switches_s_soul_S'====== Args={'value': 261, 'prev_value': 260, 'change': 1}
2020-10-05 08:08:31,818 : EventManager : Event: ======'player_shot_soul_S'====== Args={'value': 1, 'prev_value': 0, 'change': 1, 'player_num': 1}
2020-10-05 08:08:31,818 : EventManager : Event: ======'machine_var_audits_shots_soul_S'====== Args={'value': 261, 'prev_value': 260, 'change': 1}
2020-10-05 08:08:31,818 : EventManager : Event: ======'player_score'====== Args={'value': 13335, 'prev_value': 13325, 'change': 10, 'player_num': 1}
2020-10-05 08:08:33,394 : EventManager : Event: ======'machine_var_audits_switches_s_soul_O'====== Args={'value': 234, 'prev_value': 233, 'change': 1}
2020-10-05 08:08:33,425 : EventManager : Event: ======'player_shot_soul_O'====== Args={'value': 1, 'prev_value': 0, 'change': 1, 'player_num': 1}
2020-10-05 08:08:33,425 : EventManager : Event: ======'machine_var_audits_shots_soul_O'====== Args={'value': 229, 'prev_value': 228, 'change': 1}
2020-10-05 08:08:33,426 : EventManager : Event: ======'player_score'====== Args={'value': 13345, 'prev_value': 13335, 'change': 10, 'player_num': 1}
2020-10-05 08:08:35,703 : EventManager : Event: ======'machine_var_audits_switches_s_soul_U'====== Args={'value': 225, 'prev_value': 224, 'change': 1}
2020-10-05 08:08:35,704 : EventManager : Event: ======'player_shot_soul_U'====== Args={'value': 1, 'prev_value': 0, 'change': 1, 'player_num': 1}
2020-10-05 08:08:35,761 : EventManager : Event: ======'machine_var_audits_shots_soul_U'====== Args={'value': 225, 'prev_value': 224, 'change': 1}
2020-10-05 08:08:35,762 : EventManager : Event: ======'player_score'====== Args={'value': 13355, 'prev_value': 13345, 'change': 10, 'player_num': 1}
2020-10-05 08:08:37,395 : EventManager : Event: ======'machine_var_audits_switches_s_soul_L'====== Args={'value': 223, 'prev_value': 222, 'change': 1}
2020-10-05 08:08:37,395 : EventManager : Event: ======'player_shot_soul_L'====== Args={'value': 1, 'prev_value': 0, 'change': 1, 'player_num': 1}
2020-10-05 08:08:37,395 : EventManager : Event: ======'machine_var_audits_shots_soul_L'====== Args={'value': 222, 'prev_value': 221, 'change': 1}
2020-10-05 08:08:37,396 : EventManager : Event: ======'player_score'====== Args={'value': 13365, 'prev_value': 13355, 'change': 10, 'player_num': 1}
2020-10-05 08:08:37,396 : EventManager : Event: ======'player_score'====== Args={'value': 17365, 'prev_value': 13365, 'change': 4000, 'player_num': 1}
2020-10-05 08:08:38,363 : EventManager : Event: ======'player_shot_soul_S'====== Args={'value': 0, 'prev_value': 1, 'change': -1, 'player_num': 1}
2020-10-05 08:08:38,364 : EventManager : Event: ======'player_shot_soul_O'====== Args={'value': 0, 'prev_value': 1, 'change': -1, 'player_num': 1}
2020-10-05 08:08:38,364 : EventManager : Event: ======'player_shot_soul_U'====== Args={'value': 0, 'prev_value': 1, 'change': -1, 'player_num': 1}
2020-10-05 08:08:38,364 : EventManager : Event: ======'player_shot_soul_L'====== Args={'value': 0, 'prev_value': 1, 'change': -1, 'player_num': 1}
2020-10-05 08:08:42,291 : EventManager : Event: ======'machine_var_audits_switches_s_soul_S'====== Args={'value': 262, 'prev_value': 261, 'change': 1}
2020-10-05 08:08:42,341 : EventManager : Event: ======'player_shot_soul_S'====== Args={'value': 1, 'prev_value': 0, 'change': 1, 'player_num': 1}
2020-10-05 08:08:42,341 : EventManager : Event: ======'machine_var_audits_shots_soul_S'====== Args={'value': 262, 'prev_value': 261, 'change': 1}
2020-10-05 08:08:42,342 : EventManager : Event: ======'player_score'====== Args={'value': 17375, 'prev_value': 17365, 'change': 10, 'player_num': 1}
2020-10-05 08:08:44,375 : EventManager : Event: ======'machine_var_audits_switches_s_soul_O'====== Args={'value': 235, 'prev_value': 234, 'change': 1}
2020-10-05 08:08:44,389 : EventManager : Event: ======'player_shot_soul_O'====== Args={'value': 1, 'prev_value': 0, 'change': 1, 'player_num': 1}
2020-10-05 08:08:44,391 : EventManager : Event: ======'machine_var_audits_shots_soul_O'====== Args={'value': 230, 'prev_value': 229, 'change': 1}
2020-10-05 08:08:44,426 : EventManager : Event: ======'player_score'====== Args={'value': 17385, 'prev_value': 17375, 'change': 10, 'player_num': 1}
2020-10-05 08:08:51,843 : EventManager : Event: ======'machine_var_audits_switches_s_soul_L'====== Args={'value': 224, 'prev_value': 223, 'change': 1}
2020-10-05 08:08:51,844 : EventManager : Event: ======'player_shot_soul_L'====== Args={'value': 1, 'prev_value': 0, 'change': 1, 'player_num': 1}
2020-10-05 08:08:51,896 : EventManager : Event: ======'machine_var_audits_shots_soul_L'====== Args={'value': 223, 'prev_value': 222, 'change': 1}
2020-10-05 08:08:51,897 : EventManager : Event: ======'player_score'====== Args={'value': 17395, 'prev_value': 17385, 'change': 10, 'player_num': 1}
2020-10-05 08:08:53,975 : EventManager : Event: ======'machine_var_audits_switches_s_soul_U'====== Args={'value': 226, 'prev_value': 225, 'change': 1}
2020-10-05 08:08:54,035 : EventManager : Event: ======'player_shot_soul_U'====== Args={'value': 1, 'prev_value': 0, 'change': 1, 'player_num': 1}
2020-10-05 08:08:54,036 : EventManager : Event: ======'machine_var_audits_shots_soul_U'====== Args={'value': 226, 'prev_value': 225, 'change': 1}
2020-10-05 08:08:54,037 : EventManager : Event: ======'player_score'====== Args={'value': 17405, 'prev_value': 17395, 'change': 10, 'player_num': 1}
2020-10-05 08:08:54,037 : EventManager : Event: ======'player_score'====== Args={'value': 21405, 'prev_value': 17405, 'change': 4000, 'player_num': 1}
2020-10-05 08:08:55,012 : EventManager : Event: ======'player_shot_soul_S'====== Args={'value': 0, 'prev_value': 1, 'change': -1, 'player_num': 1}
2020-10-05 08:08:55,013 : EventManager : Event: ======'player_shot_soul_O'====== Args={'value': 0, 'prev_value': 1, 'change': -1, 'player_num': 1}
2020-10-05 08:08:55,014 : EventManager : Event: ======'player_shot_soul_U'====== Args={'value': 0, 'prev_value': 1, 'change': -1, 'player_num': 1}
2020-10-05 08:08:55,014 : EventManager : Event: ======'player_shot_soul_L'====== Args={'value': 0, 'prev_value': 1, 'change': -1, 'player_num': 1}
2020-10-05 08:08:59,944 : EventManager : Event: ======'machine_var_audits_switches_s_trough1'====== Args={'value': 514, 'prev_value': 513, 'change': 1}
2020-10-05 08:09:00,775 : EventManager : Event: ======'sounds_clear'====== Args={'context': 'base'}
2020-10-05 08:09:00,776 : EventManager : Event: ======'widgets_clear'====== Args={'context': 'base'}
2020-10-05 08:09:00,776 : EventManager : Event: ======'slides_clear'====== Args={'context': 'base'}
2020-10-05 08:09:00,781 : EventManager : Event: ======'slide_base.slide_player-mode_base_started_removed'====== Args={}
2020-10-05 08:09:00,782 : EventManager : Event: ======'widgets_clear'====== Args={'context': 'soulLanes'}
2020-10-05 08:09:00,782 : EventManager : Event: ======'player_ball'====== Args={'value': 2, 'prev_value': 1, 'change': 1, 'player_num': 1}
2020-10-05 08:09:00,789 : EventManager : Event: ======'player_contracts'====== Args={'value': 1, 'prev_value': 6, 'change': -5, 'player_num': 1}
2020-10-05 08:09:00,789 : EventManager : Event: ======'sounds_play'====== Args={'settings': {'poolCupHeadBase': {'loops': -1, 'priority': None, 'action': 'play', 'track': None, 'volume': None, 'pan': None, 'start_at': None, 'fade_in': None, 'fade_out': None, 'about_to_finish_time': -1.0, 'max_queue_time': -1.0, 'events_when_played': ['use_sound_setting'], 'events_when_stopped': ['use_sound_setting'], 'events_when_looping': ['use_sound_setting'], 'events_when_about_to_finish': ['use_sound_setting'], 'mode_end_action': 'use_sound_setting', 'key': 'use_sound_setting'}}, 'context': 'base', 'calling_context': 'mode_base_started', 'priority': 100, 'queue': '<QueuedEvent>', 'player': 1, 'ball': 2, 'balls_remaining': 3, 'is_extra_ball': False}
2020-10-05 08:09:00,789 : EventManager : Event: ======'slides_play'====== Args={'settings': {'widgets': {'widgets': [{'type': 'text', 'text': '(score)', 'number_grouping': True, 'min_digits': 2, 'font_size': 100, '_default_settings': ['type', 'text', 'number_grouping', 'min_digits', 'font_size'], 'x': None, 'y': None, 'anchor_x': 'center', 'anchor_y': 'center', 'round_anchor_x': None, 'round_anchor_y': None, 'opacity': 1.0, 'z': 0, 'reset_animations_events': {}, 'color': [1.0, 1.0, 1.0, 1.0], 'style': [], 'adjust_top': 0, 'adjust_bottom': 0, 'adjust_left': 0, 'adjust_right': 0, 'expire': None, 'key': None, 'widget': None, 'events_when_added': [], 'events_when_removed': [], 'bitmap_font': False, 'font_kerning': True, 'bold': False, 'italic': False, 'halign': 'center', 'valign': 'middle', 'rotation': 0, 'scale': 1.0, 'casing': None, 'animations': None}, {'type': 'text', 'text': 'Player (player)', 'y': '10', 'x': '10', 'font_size': 30, 'anchor_x': 'left', 'anchor_y': 'bottom', '_default_settings': ['type', 'text', 'y', 'x', 'font_size', 'anchor_x', 'anchor_y'], 'round_anchor_x': None, 'round_anchor_y': None, 'opacity': 1.0, 'z': 0, 'reset_animations_events': {}, 'color': [1.0, 1.0, 1.0, 1.0], 'style': [], 'adjust_top': 0, 'adjust_bottom': 0, 'adjust_left': 0, 'adjust_right': 0, 'expire': None, 'key': None, 'widget': None, 'events_when_added': [], 'events_when_removed': [], 'bitmap_font': False, 'font_kerning': True, 'bold': False, 'italic': False, 'number_grouping': False, 'min_digits': 0, 'halign': 'center', 'valign': 'middle', 'rotation': 0, 'scale': 1.0, 'casing': None, 'animations': None}, {'type': 'text', 'text': 'BALL (ball) (bonus_multiplier)', 'y': '10', 'x': 'right-10', 'anchor_x': 'right', 'anchor_y': 'bottom', 'font_size': 50, '_default_settings': ['type', 'text', 'y', 'x', 'anchor_x', 'anchor_y', 'font_size'], 'round_anchor_x': None, 'round_anchor_y': None, 'opacity': 1.0, 'z': 0, 'reset_animations_events': {}, 'color': [1.0, 1.0, 1.0, 1.0], 'style': [], 'adjust_top': 0, 'adjust_bottom': 0, 'adjust_left': 0, 'adjust_right': 0, 'expire': None, 'key': None, 'widget': None, 'events_when_added': [], 'events_when_removed': [], 'bitmap_font': False, 'font_kerning': True, 'bold': False, 'italic': False, 'number_grouping': False, 'min_digits': 0, 'halign': 'center', 'valign': 'middle', 'rotation': 0, 'scale': 1.0, 'casing': None, 'animations': None}], 'target': None, 'background_color': [0.0, 0.0, 0.0, 1.0], 'priority': None, 'show': True, 'force': False, 'expire': None, 'slide': None, 'tokens': {}, 'action': 'play'}}, 'context': 'base', 'calling_context': 'mode_base_started', 'priority': 100, 'queue': '<QueuedEvent>', 'player': 1, 'ball': 2, 'balls_remaining': 3, 'is_extra_ball': False}
2020-10-05 08:09:00,790 : EventManager : Event: ======'widgets_play'====== Args={'settings': {'soul_lanes_banner': {'priority': 0, 'slide': None, 'action': 'add', 'key': None, 'target': None}}, 'context': 'soulLanes', 'calling_context': 'mode_soulLanes_started', 'priority': 110, 'player': 1, 'ball': 2, 'balls_remaining': 3, 'is_extra_ball': False}
2020-10-05 08:09:00,790 : EventManager : Event: ======'widgets_play'====== Args={'settings': {'contracts_banner': {'priority': 0, 'slide': None, 'action': 'add', 'key': None, 'target': None}}, 'context': 'base', 'calling_context': 'mode_soulLanes_started', 'priority': 100, 'player': 1, 'ball': 2, 'balls_remaining': 3, 'is_extra_ball': False}
2020-10-05 08:09:00,792 : mpfmc : SlidePlayer: Play called with settings={'widgets': {'widgets': [{'type': 'text', 'text': '(score)', 'number_grouping': True, 'min_digits': 2, 'font_size': 100, '_default_settings': ['type', 'text', 'number_grouping', 'min_digits', 'font_size'], 'x': None, 'y': None, 'anchor_x': 'center', 'anchor_y': 'center', 'round_anchor_x': None, 'round_anchor_y': None, 'opacity': 1.0, 'z': 0, 'reset_animations_events': {}, 'color': [1.0, 1.0, 1.0, 1.0], 'style': [], 'adjust_top': 0, 'adjust_bottom': 0, 'adjust_left': 0, 'adjust_right': 0, 'expire': None, 'key': None, 'widget': None, 'events_when_added': [], 'events_when_removed': [], 'bitmap_font': False, 'font_kerning': True, 'bold': False, 'italic': False, 'halign': 'center', 'valign': 'middle', 'rotation': 0, 'scale': 1.0, 'casing': None, 'animations': None}, {'type': 'text', 'text': 'Player (player)', 'y': '10', 'x': '10', 'font_size': 30, 'anchor_x': 'left', 'anchor_y': 'bottom', '_default_settings': ['type', 'text', 'y', 'x', 'font_size', 'anchor_x', 'anchor_y'], 'round_anchor_x': None, 'round_anchor_y': None, 'opacity': 1.0, 'z': 0, 'reset_animations_events': {}, 'color': [1.0, 1.0, 1.0, 1.0], 'style': [], 'adjust_top': 0, 'adjust_bottom': 0, 'adjust_left': 0, 'adjust_right': 0, 'expire': None, 'key': None, 'widget': None, 'events_when_added': [], 'events_when_removed': [], 'bitmap_font': False, 'font_kerning': True, 'bold': False, 'italic': False, 'number_grouping': False, 'min_digits': 0, 'halign': 'center', 'valign': 'middle', 'rotation': 0, 'scale': 1.0, 'casing': None, 'animations': None}, {'type': 'text', 'text': 'BALL (ball) (bonus_multiplier)', 'y': '10', 'x': 'right-10', 'anchor_x': 'right', 'anchor_y': 'bottom', 'font_size': 50, '_default_settings': ['type', 'text', 'y', 'x', 'anchor_x', 'anchor_y', 'font_size'], 'round_anchor_x': None, 'round_anchor_y': None, 'opacity': 1.0, 'z': 0, 'reset_animations_events': {}, 'color': [1.0, 1.0, 1.0, 1.0], 'style': [], 'adjust_top': 0, 'adjust_bottom': 0, 'adjust_left': 0, 'adjust_right': 0, 'expire': None, 'key': None, 'widget': None, 'events_when_added': [], 'events_when_removed': [], 'bitmap_font': False, 'font_kerning': True, 'bold': False, 'italic': False, 'number_grouping': False, 'min_digits': 0, 'halign': 'center', 'valign': 'middle', 'rotation': 0, 'scale': 1.0, 'casing': None, 'animations': None}], 'target': None, 'background_color': [0.0, 0.0, 0.0, 1.0], 'priority': None, 'show': True, 'force': False, 'expire': None, 'slide': None, 'tokens': {}, 'action': 'play'}}
2020-10-05 08:09:00,812 : EventManager : Event: ======'slide_base.slide_player-mode_base_started_created'====== Args={}
2020-10-05 08:09:00,839 : EventManager : Event: ======'slide_base.slide_player-mode_base_started_active'====== Args={}
2020-10-05 08:09:16,636 : EventManager : Event: ======'machine_var_audits_switches_s_dt_C'====== Args={'value': 82, 'prev_value': 81, 'change': 1}
2020-10-05 08:09:16,675 : EventManager : Event: ======'player_score'====== Args={'value': 21505, 'prev_value': 21405, 'change': 100, 'player_num': 1}
2020-10-05 08:09:18,655 : EventManager : Event: ======'machine_var_audits_switches_s_dt_U'====== Args={'value': 73, 'prev_value': 72, 'change': 1}
2020-10-05 08:09:18,667 : EventManager : Event: ======'player_score'====== Args={'value': 21605, 'prev_value': 21505, 'change': 100, 'player_num': 1}
2020-10-05 08:09:19,943 : EventManager : Event: ======'machine_var_audits_switches_s_dt_P'====== Args={'value': 65, 'prev_value': 64, 'change': 1}
2020-10-05 08:09:19,996 : EventManager : Event: ======'player_score'====== Args={'value': 21705, 'prev_value': 21605, 'change': 100, 'player_num': 1}
2020-10-05 08:09:19,997 : EventManager : Event: ======'player_score'====== Args={'value': 22038, 'prev_value': 21705, 'change': 333, 'player_num': 1}
2020-10-05 08:09:19,997 : EventManager : Event: ======'player_contracts'====== Args={'value': 2, 'prev_value': 1, 'change': 1, 'player_num': 1}
2020-10-05 08:09:22,576 : EventManager : Event: ======'machine_var_audits_switches_s_soul_S'====== Args={'value': 263, 'prev_value': 262, 'change': 1}
2020-10-05 08:09:22,576 : EventManager : Event: ======'player_shot_soul_S'====== Args={'value': 1, 'prev_value': 0, 'change': 1, 'player_num': 1}
2020-10-05 08:09:22,577 : EventManager : Event: ======'machine_var_audits_shots_soul_S'====== Args={'value': 263, 'prev_value': 262, 'change': 1}
2020-10-05 08:09:22,577 : EventManager : Event: ======'player_score'====== Args={'value': 22048, 'prev_value': 22038, 'change': 10, 'player_num': 1}
2020-10-05 08:09:24,234 : EventManager : Event: ======'machine_var_audits_switches_s_soul_O'====== Args={'value': 236, 'prev_value': 235, 'change': 1}
2020-10-05 08:09:24,235 : EventManager : Event: ======'player_shot_soul_O'====== Args={'value': 1, 'prev_value': 0, 'change': 1, 'player_num': 1}
2020-10-05 08:09:24,235 : EventManager : Event: ======'machine_var_audits_shots_soul_O'====== Args={'value': 231, 'prev_value': 230, 'change': 1}
2020-10-05 08:09:24,236 : EventManager : Event: ======'player_score'====== Args={'value': 22058, 'prev_value': 22048, 'change': 10, 'player_num': 1}
2020-10-05 08:09:26,441 : EventManager : Event: ======'machine_var_audits_switches_s_soul_U'====== Args={'value': 227, 'prev_value': 226, 'change': 1}
2020-10-05 08:09:26,497 : EventManager : Event: ======'player_shot_soul_U'====== Args={'value': 1, 'prev_value': 0, 'change': 1, 'player_num': 1}
2020-10-05 08:09:26,497 : EventManager : Event: ======'machine_var_audits_shots_soul_U'====== Args={'value': 227, 'prev_value': 226, 'change': 1}
2020-10-05 08:09:26,497 : EventManager : Event: ======'player_score'====== Args={'value': 22068, 'prev_value': 22058, 'change': 10, 'player_num': 1}
2020-10-05 08:09:31,905 : EventManager : Event: ======'machine_var_audits_switches_s_soul_L'====== Args={'value': 225, 'prev_value': 224, 'change': 1}
2020-10-05 08:09:31,905 : EventManager : Event: ======'player_shot_soul_L'====== Args={'value': 1, 'prev_value': 0, 'change': 1, 'player_num': 1}
2020-10-05 08:09:31,905 : EventManager : Event: ======'machine_var_audits_shots_soul_L'====== Args={'value': 224, 'prev_value': 223, 'change': 1}
2020-10-05 08:09:31,906 : EventManager : Event: ======'player_score'====== Args={'value': 22078, 'prev_value': 22068, 'change': 10, 'player_num': 1}
2020-10-05 08:09:31,906 : EventManager : Event: ======'player_score'====== Args={'value': 26078, 'prev_value': 22078, 'change': 4000, 'player_num': 1}
2020-10-05 08:09:31,906 : EventManager : Event: ======'player_bonus_multiplier'====== Args={'value': 5, 'prev_value': 4, 'change': 1, 'player_num': 1}
2020-10-05 08:09:32,869 : EventManager : Event: ======'player_shot_soul_S'====== Args={'value': 0, 'prev_value': 1, 'change': -1, 'player_num': 1}
2020-10-05 08:09:32,870 : EventManager : Event: ======'player_shot_soul_O'====== Args={'value': 0, 'prev_value': 1, 'change': -1, 'player_num': 1}
2020-10-05 08:09:32,870 : EventManager : Event: ======'player_shot_soul_U'====== Args={'value': 0, 'prev_value': 1, 'change': -1, 'player_num': 1}
2020-10-05 08:09:32,870 : EventManager : Event: ======'player_shot_soul_L'====== Args={'value': 0, 'prev_value': 1, 'change': -1, 'player_num': 1}
2020-10-05 08:09:36,387 : kivy : Base: Leaving application in progress...
2020-10-05 08:09:36,663 : kivy : WindowSDL: exiting mainloop and closing.
2020-10-05 08:09:36,694 : mpfmc : Stopping...
2020-10-05 08:09:36,694 : EventManager : Event: ======'shutdown'====== Args={}
2020-10-05 08:09:36,694 : mpfmc : Loop rate 74.27 Hz
2020-10-05 08:09:36,694 : kivy : MC run loop ended.
2020-10-05 08:09:36,694 : kivy : Stopping child threads... (3 remaining)
2020-10-05 08:09:37,662 : mpfmc : Stopping...
2020-10-05 08:09:37,662 : EventManager : Event: ======'shutdown'====== Args={}
2020-10-05 08:09:37,662 : mpfmc : Loop rate 73.88 Hz
2020-10-05 08:09:37,725 : MPF-MC BCP Server : Stopping BCP sending thread
2020-10-05 08:09:37,865 : kivy : All child threads stopped.
