2020-10-04 08:42:58,827 : kivy : Factory: 184 symbols loaded
2020-10-04 08:42:59,271 : kivy : ImageLoaderFFPy: Using ffpyplayer 4.3.1
2020-10-04 08:42:59,273 : kivy : Image: Providers: img_tex, img_dds, img_sdl2, img_pil, img_ffpyplayer, img_gif 
2020-10-04 08:42:59,493 : kivy : VideoGstplayer: Using Gstreamer 1.16.0.0
2020-10-04 08:42:59,493 : kivy : Video: Provider: gstplayer
2020-10-04 08:42:59,643 : kivy : Loading MPF-MC controller
2020-10-04 08:42:59,653 : YamlMultifileConfigLoader : Machine config file #1: config
2020-10-04 08:42:59,654 : ConfigProcessor : Config file in cache changed: c:\Pinball\Cuphead\config\config
2020-10-04 08:42:59,656 : ConfigProcessor : Loading config from file c:\users\themi\appdata\local\programs\python\python36\lib\site-packages\mpfmc\mcconfig.yaml.
2020-10-04 08:42:59,735 : ConfigProcessor : Loading config: c:\users\themi\appdata\local\programs\python\python36\lib\site-packages\mpfmc\mcconfig.yaml
2020-10-04 08:42:59,736 : ConfigProcessor : Loading config from file c:\Pinball\Cuphead\config\config.
2020-10-04 08:42:59,756 : ConfigProcessor : Loading config: c:\Pinball\Cuphead\config\config
2020-10-04 08:42:59,768 : ConfigProcessor : Loading config: c:\Pinball\Cuphead\config\keyboard.yaml
2020-10-04 08:42:59,809 : ConfigProcessor : Loading config: c:\Pinball\Cuphead\config\hwSwitches.yaml
2020-10-04 08:42:59,899 : ConfigProcessor : Loading config: c:\Pinball\Cuphead\config\hwLights.yaml
2020-10-04 08:42:59,924 : ConfigProcessor : Loading config: c:\Pinball\Cuphead\config\hwCoils.yaml
2020-10-04 08:42:59,929 : ConfigProcessor : Config file cache created: C:\Users\themi\AppData\Local\Temp\1bf5539849bfae2fda5beb863cde560d.mpf_cache
2020-10-04 08:42:59,931 : ConfigProcessor : Loading config from cache: C:\Users\themi\AppData\Local\Temp\7964e52b22911e9b68a8022172b185f3.mpf_cache
2020-10-04 08:42:59,932 : ConfigProcessor : Loading config from cache: C:\Users\themi\AppData\Local\Temp\4fcecb70f81c3c2fefb8e65ae9a0af5f.mpf_cache
2020-10-04 08:42:59,932 : ConfigProcessor : Loading config from cache: C:\Users\themi\AppData\Local\Temp\b2a05f27b99f0404929b6678617f21a2.mpf_cache
2020-10-04 08:42:59,934 : ConfigProcessor : Loading config from cache: C:\Users\themi\AppData\Local\Temp\ee661b7bde9ac1aee26ef2e16bd36711.mpf_cache
2020-10-04 08:42:59,934 : mpfmc : Mission Pinball Framework Media Controller v0.54.0-dev.20
2020-10-04 08:42:59,934 : mpfmc : Mission Pinball Framework Game Engine v0.54.0-dev.72
2020-10-04 08:42:59,935 : mpfmc : Machine path: c:\Pinball\Cuphead
2020-10-04 08:42:59,935 : mpfmc : Starting clock at 60.0Hz
2020-10-04 08:42:59,961 : kivy : Text: Provider: sdl2
2020-10-04 08:43:00,060 : kivy : Window: Provider: sdl2
2020-10-04 08:43:00,648 : kivy : GL: Using the "OpenGL" graphics system
2020-10-04 08:43:00,652 : kivy : GL: GLEW initialization succeeded
2020-10-04 08:43:00,652 : kivy : GL: Backend used <glew>
2020-10-04 08:43:00,654 : kivy : GL: OpenGL version <b'4.5.14568 Compatibility Profile Context 24.20.12050.0'>
2020-10-04 08:43:00,654 : kivy : GL: OpenGL vendor <b'ATI Technologies Inc.'>
2020-10-04 08:43:00,654 : kivy : GL: OpenGL renderer <b'AMD Radeon(TM) R4 Graphics'>
2020-10-04 08:43:00,655 : kivy : GL: OpenGL parsed version: 4, 5
2020-10-04 08:43:00,655 : kivy : GL: Shading version <b'4.50'>
2020-10-04 08:43:00,655 : kivy : GL: Texture max size <16384>
2020-10-04 08:43:00,655 : kivy : GL: Texture max units <32>
2020-10-04 08:43:00,693 : kivy : Window: auto add sdl2 input provider
2020-10-04 08:43:00,696 : kivy : Window: virtual keyboard not allowed, single mode, not docked
2020-10-04 08:43:00,712 : SoundSystem : SoundSystem: Using default 'sound_system' settings
2020-10-04 08:43:01,421 : AudioInterface : Initialized
2020-10-04 08:43:01,422 : SoundSystem : No audio tracks are specified in your machine config file. a track named 'default' has been created.
2020-10-04 08:43:01,428 : kivy : Base: Start application main loop
2020-10-04 08:43:01,430 : EventManager : Event: ======'display_window_initialized'====== Args={}
2020-10-04 08:43:01,475 : mpfmc : Display: Setting 'window' as default display
2020-10-04 08:43:01,489 : EventManager : Event: ======'displays_initialized'====== Args={}
2020-10-04 08:43:01,492 : EventManager : Event: ======'slide_window_blank_created'====== Args={}
2020-10-04 08:43:01,492 : EventManager : Event: ======'display_window_ready'====== Args={}
2020-10-04 08:43:01,516 : EventManager : Event: ======'init_phase_1'====== Args={}
2020-10-04 08:43:01,524 : EventManager : Event: ======'mc_ready'====== Args={}
2020-10-04 08:43:01,524 : EventManager : Event: ======'init_phase_2'====== Args={}
2020-10-04 08:43:01,533 : EventManager : Event: ======'init_phase_3'====== Args={}
2020-10-04 08:43:01,534 : AssetManager : Registering Asset: cupHighScore, File: cupHighScore.ogg, Default Group: default, Final Config: {'load': 'preload', 'file': 'c:\\Pinball\\Cuphead\\modes\\base\\sounds\\music\\cupHighScore.ogg'}
2020-10-04 08:43:01,535 : AssetManager : Registering Asset: cupMusic1, File: cupMusic1.ogg, Default Group: default, Final Config: {'load': 'preload', 'target': 'music', 'loop': -1, 'mode_end_action': 'stop', 'file': 'c:\\Pinball\\Cuphead\\modes\\base\\sounds\\music\\cupMusic1.ogg'}
2020-10-04 08:43:01,535 : AssetManager : Registering Asset: cupMusic2, File: cupMusic2.ogg, Default Group: default, Final Config: {'load': 'preload', 'target': 'music', 'loop': -1, 'mode_end_action': 'stop', 'file': 'c:\\Pinball\\Cuphead\\modes\\base\\sounds\\music\\cupMusic2.ogg'}
2020-10-04 08:43:01,535 : AssetManager : Registering Asset: cupMusic3, File: cupMusic3.ogg, Default Group: default, Final Config: {'load': 'preload', 'target': 'music', 'loop': -1, 'mode_end_action': 'stop', 'file': 'c:\\Pinball\\Cuphead\\modes\\base\\sounds\\music\\cupMusic3.ogg'}
2020-10-04 08:43:01,535 : AssetManager : Registering Asset: cupMusic4, File: cupMusic4.ogg, Default Group: default, Final Config: {'load': 'preload', 'target': 'music', 'loop': -1, 'mode_end_action': 'stop', 'file': 'c:\\Pinball\\Cuphead\\modes\\base\\sounds\\music\\cupMusic4.ogg'}
2020-10-04 08:43:01,535 : AssetManager : Registering Asset: cupMusic5, File: cupMusic5.ogg, Default Group: default, Final Config: {'load': 'preload', 'file': 'c:\\Pinball\\Cuphead\\modes\\base\\sounds\\music\\cupMusic5.ogg'}
2020-10-04 08:43:01,535 : AssetManager : Registering Asset: cupMusic6, File: cupMusic6.ogg, Default Group: default, Final Config: {'load': 'preload', 'file': 'c:\\Pinball\\Cuphead\\modes\\base\\sounds\\music\\cupMusic6.ogg'}
2020-10-04 08:43:01,536 : AssetManager : Registering Asset: cupMusic7, File: cupMusic7.ogg, Default Group: default, Final Config: {'load': 'preload', 'file': 'c:\\Pinball\\Cuphead\\modes\\base\\sounds\\music\\cupMusic7.ogg'}
2020-10-04 08:43:01,536 : AssetManager : Registering Asset: cupMusic8, File: cupMusic8.ogg, Default Group: default, Final Config: {'load': 'preload', 'file': 'c:\\Pinball\\Cuphead\\modes\\base\\sounds\\music\\cupMusic8.ogg'}
2020-10-04 08:43:01,536 : AssetManager : Registering Asset: cupMusic9, File: cupMusic9.ogg, Default Group: default, Final Config: {'load': 'preload', 'file': 'c:\\Pinball\\Cuphead\\modes\\base\\sounds\\music\\cupMusic9.ogg'}
2020-10-04 08:43:01,536 : AssetManager : Registering Asset: game_play_1, File: game_play_1.ogg, Default Group: default, Final Config: {'load': 'preload', 'file': 'c:\\Pinball\\Cuphead\\modes\\base\\sounds\\music\\game_play_1.ogg'}
2020-10-04 08:43:01,539 : AssetManager : Registering Asset: attract_music, File: attract_music.ogg, Default Group: default, Final Config: {'load': 'preload', 'file': 'c:\\Pinball\\Cuphead\\modes\\attract\\sounds\\music\\attract_music.ogg'}
2020-10-04 08:43:01,540 : EventManager : Event: ======'init_phase_4'====== Args={}
2020-10-04 08:43:01,541 : EventManager : Event: ======'init_phase_5'====== Args={}
2020-10-04 08:43:03,849 : EventManager : Event: ======'loading_assets'====== Args={'total': 12, 'loaded': 1, 'remaining': 11, 'percent': 8}
2020-10-04 08:43:03,849 : AssetManager : Loading assets: 1/12 (8%)
2020-10-04 08:43:05,194 : EventManager : Event: ======'loading_assets'====== Args={'total': 12, 'loaded': 4, 'remaining': 8, 'percent': 33}
2020-10-04 08:43:05,195 : AssetManager : Loading assets: 4/12 (33%)
2020-10-04 08:43:05,956 : EventManager : Event: ======'loading_assets'====== Args={'total': 12, 'loaded': 6, 'remaining': 6, 'percent': 50}
2020-10-04 08:43:06,817 : AssetManager : Loading assets: 6/12 (50%)
2020-10-04 08:43:06,819 : EventManager : Event: ======'loading_assets'====== Args={'total': 12, 'loaded': 7, 'remaining': 5, 'percent': 58}
2020-10-04 08:43:07,596 : AssetManager : Loading assets: 7/12 (58%)
2020-10-04 08:43:08,143 : EventManager : Event: ======'loading_assets'====== Args={'total': 12, 'loaded': 8, 'remaining': 4, 'percent': 67}
2020-10-04 08:43:08,143 : AssetManager : Loading assets: 8/12 (67%)
2020-10-04 08:43:09,924 : EventManager : Event: ======'loading_assets'====== Args={'total': 12, 'loaded': 10, 'remaining': 2, 'percent': 83}
2020-10-04 08:43:09,924 : AssetManager : Loading assets: 10/12 (83%)
2020-10-04 08:43:10,755 : EventManager : Event: ======'loading_assets'====== Args={'total': 12, 'loaded': 12, 'remaining': 0, 'percent': 100}
2020-10-04 08:43:10,755 : AssetManager : Asset loading took: 9.331486463546753
2020-10-04 08:43:10,756 : EventManager : Event: ======'asset_loading_complete'====== Args={}
2020-10-04 08:43:10,756 : AssetManager : Loading assets: 12/12 (100%)
2020-10-04 08:43:10,756 : EventManager : Event: ======'init_done'====== Args={}
2020-10-04 08:43:10,756 : MPF-MC BCP Server : Starting up on localhost port 5050
2020-10-04 08:43:10,765 : MPF-MC BCP Server : Waiting for a connection...
2020-10-04 08:43:10,766 : mpfmc : SlidePlayer: Play called with settings={'slides': {welcome_slide-None-None: {'priority': None, 'target': None, 'background_color': [0.0, 0.0, 0.0, 1.0], 'show': True, 'force': False, 'expire': None, 'slide': None, 'tokens': {}, 'action': 'play', 'transition': None, 'transition_out': None}}}
2020-10-04 08:43:10,774 : kivy : GL: NPOT texture support is available
2020-10-04 08:43:10,775 : EventManager : Event: ======'slide_welcome_slide_created'====== Args={}
2020-10-04 08:43:10,777 : EventManager : Event: ======'slide_welcome_slide_active'====== Args={}
2020-10-04 08:43:10,785 : EventManager : Event: ======'client_disconnected'====== Args={'host': '127.0.0.1', 'port': 5050}
2020-10-04 08:43:10,788 : MPF-MC BCP Server : Received connection from: 127.0.0.1:51679
2020-10-04 08:43:10,795 : EventManager : Event: ======'client_connected'====== Args={'host': '127.0.0.1', 'port': 51679}
2020-10-04 08:43:10,819 : EventManager : Event: ======'machine_var_credits_string'====== Args={'value': 'FREE PLAY', 'prev_value': None, 'change': True}
2020-10-04 08:43:10,819 : EventManager : Event: ======'machine_var_player1_score'====== Args={'value': 8110, 'prev_value': None, 'change': True}
2020-10-04 08:43:10,819 : EventManager : Event: ======'machine_var_mpf_version'====== Args={'value': 'MPF v0.54.0-dev.72', 'prev_value': None, 'change': True}
2020-10-04 08:43:10,819 : EventManager : Event: ======'machine_var_mpf_extended_version'====== Args={'value': 'MPF v0.54.0-dev.72, Config version:5, Show version: 5, BCP version:1.1', 'prev_value': None, 'change': True}
2020-10-04 08:43:10,819 : EventManager : Event: ======'machine_var_python_version'====== Args={'value': '3.6.4', 'prev_value': None, 'change': True}
2020-10-04 08:43:10,820 : EventManager : Event: ======'machine_var_platform'====== Args={'value': 'Windows-10-10.0.18362-SP0', 'prev_value': None, 'change': True}
2020-10-04 08:43:10,820 : EventManager : Event: ======'machine_var_platform_system'====== Args={'value': 'Windows', 'prev_value': None, 'change': True}
2020-10-04 08:43:10,820 : EventManager : Event: ======'machine_var_platform_release'====== Args={'value': '10', 'prev_value': None, 'change': True}
2020-10-04 08:43:10,820 : EventManager : Event: ======'machine_var_platform_version'====== Args={'value': '10.0.18362', 'prev_value': None, 'change': True}
2020-10-04 08:43:10,820 : EventManager : Event: ======'machine_var_platform_machine'====== Args={'value': 'AMD64', 'prev_value': None, 'change': True}
2020-10-04 08:43:10,820 : EventManager : Event: ======'machine_var_mc_version'====== Args={'value': 'MPF-MC v0.54.0-dev.20', 'prev_value': None, 'change': True}
2020-10-04 08:43:10,820 : EventManager : Event: ======'machine_var_mc_extended_version'====== Args={'value': 'MPF-MC v0.54.0-dev.20 (config_version=5, BCP v1.1, Requires MPF v0.54.0-dev.68)', 'prev_value': None, 'change': True}
2020-10-04 08:43:10,821 : EventManager : Event: ======'machine_var_master_volume'====== Args={'value': 0.5, 'prev_value': None, 'change': True}
2020-10-04 08:43:10,903 : EventManager : Event: ======'machine_var_audits_events_game_ended'====== Args={'value': 21, 'prev_value': None, 'change': True}
2020-10-04 08:43:10,903 : EventManager : Event: ======'machine_var_audits_events_game_started'====== Args={'value': 40, 'prev_value': None, 'change': True}
2020-10-04 08:43:10,904 : EventManager : Event: ======'machine_var_audits_player_score'====== Args={'value': {'average': 530.4761904761905, 'top': [2970, 1300, 1220, 980, 880, 780, 720, 710, 630, 590], 'total': 21}, 'prev_value': None, 'change': True}
2020-10-04 08:43:10,905 : EventManager : Event: ======'machine_var_audits_shots_soul_L'====== Args={'value': 121, 'prev_value': None, 'change': True}
2020-10-04 08:43:10,905 : EventManager : Event: ======'machine_var_audits_shots_soul_O'====== Args={'value': 127, 'prev_value': None, 'change': True}
2020-10-04 08:43:10,906 : EventManager : Event: ======'machine_var_audits_shots_soul_S'====== Args={'value': 148, 'prev_value': None, 'change': True}
2020-10-04 08:43:10,906 : EventManager : Event: ======'machine_var_audits_shots_soul_U'====== Args={'value': 124, 'prev_value': None, 'change': True}
2020-10-04 08:43:10,908 : EventManager : Event: ======'machine_var_audits_switches_s_coin'====== Args={'value': 20, 'prev_value': None, 'change': True}
2020-10-04 08:43:10,909 : EventManager : Event: ======'machine_var_audits_switches_s_dash_L'====== Args={'value': 0, 'prev_value': None, 'change': True}
2020-10-04 08:43:10,909 : EventManager : Event: ======'machine_var_audits_switches_s_dash_R'====== Args={'value': 0, 'prev_value': None, 'change': True}
2020-10-04 08:43:10,909 : EventManager : Event: ======'machine_var_audits_switches_s_dtSling_L'====== Args={'value': 0, 'prev_value': None, 'change': True}
2020-10-04 08:43:10,910 : EventManager : Event: ======'machine_var_audits_switches_s_dtSling_R'====== Args={'value': 0, 'prev_value': None, 'change': True}
2020-10-04 08:43:10,910 : EventManager : Event: ======'machine_var_audits_switches_s_dt_C'====== Args={'value': 72, 'prev_value': None, 'change': True}
2020-10-04 08:43:10,911 : EventManager : Event: ======'machine_var_audits_switches_s_dt_G'====== Args={'value': 21, 'prev_value': None, 'change': True}
2020-10-04 08:43:10,911 : EventManager : Event: ======'machine_var_audits_switches_s_dt_M'====== Args={'value': 19, 'prev_value': None, 'change': True}
2020-10-04 08:43:10,912 : EventManager : Event: ======'machine_var_audits_switches_s_dt_P'====== Args={'value': 55, 'prev_value': None, 'change': True}
2020-10-04 08:43:10,912 : EventManager : Event: ======'machine_var_audits_switches_s_dt_U'====== Args={'value': 63, 'prev_value': None, 'change': True}
2020-10-04 08:43:10,912 : EventManager : Event: ======'machine_var_audits_switches_s_dt_U2'====== Args={'value': 19, 'prev_value': None, 'change': True}
2020-10-04 08:43:10,913 : EventManager : Event: ======'machine_var_audits_switches_s_exit_shooter_lane'====== Args={'value': 356, 'prev_value': None, 'change': True}
2020-10-04 08:43:10,913 : EventManager : Event: ======'machine_var_audits_switches_s_inLane_L'====== Args={'value': 0, 'prev_value': None, 'change': True}
2020-10-04 08:43:10,913 : EventManager : Event: ======'machine_var_audits_switches_s_inLane_R'====== Args={'value': 0, 'prev_value': None, 'change': True}
2020-10-04 08:43:10,914 : EventManager : Event: ======'machine_var_audits_switches_s_kicker'====== Args={'value': 0, 'prev_value': None, 'change': True}
2020-10-04 08:43:10,915 : EventManager : Event: ======'machine_var_audits_switches_s_left_flipper'====== Args={'value': 151, 'prev_value': None, 'change': True}
2020-10-04 08:43:10,928 : EventManager : Event: ======'machine_var_audits_switches_s_midRight'====== Args={'value': 0, 'prev_value': None, 'change': True}
2020-10-04 08:43:10,928 : EventManager : Event: ======'machine_var_audits_switches_s_outLane_L'====== Args={'value': 0, 'prev_value': None, 'change': True}
2020-10-04 08:43:10,929 : EventManager : Event: ======'machine_var_audits_switches_s_outLane_R'====== Args={'value': 0, 'prev_value': None, 'change': True}
2020-10-04 08:43:10,929 : EventManager : Event: ======'machine_var_audits_switches_s_perdition'====== Args={'value': 0, 'prev_value': None, 'change': True}
2020-10-04 08:43:10,930 : EventManager : Event: ======'machine_var_audits_switches_s_playfield'====== Args={'value': 0, 'prev_value': None, 'change': True}
2020-10-04 08:43:10,931 : EventManager : Event: ======'machine_var_audits_switches_s_plunger'====== Args={'value': 546, 'prev_value': None, 'change': True}
2020-10-04 08:43:10,932 : EventManager : Event: ======'machine_var_audits_switches_s_popBumper_1'====== Args={'value': 464, 'prev_value': None, 'change': True}
2020-10-04 08:43:10,932 : EventManager : Event: ======'machine_var_audits_switches_s_popBumper_2'====== Args={'value': 439, 'prev_value': None, 'change': True}
2020-10-04 08:43:10,932 : EventManager : Event: ======'machine_var_audits_switches_s_popBumper_3'====== Args={'value': 163, 'prev_value': None, 'change': True}
2020-10-04 08:43:10,932 : EventManager : Event: ======'machine_var_audits_switches_s_pop_bumper1'====== Args={'value': 120, 'prev_value': None, 'change': True}
2020-10-04 08:43:10,933 : EventManager : Event: ======'machine_var_audits_switches_s_pop_bumper2'====== Args={'value': 153, 'prev_value': None, 'change': True}
2020-10-04 08:43:10,933 : EventManager : Event: ======'machine_var_audits_switches_s_pop_bumper3'====== Args={'value': 100, 'prev_value': None, 'change': True}
2020-10-04 08:43:10,934 : EventManager : Event: ======'machine_var_audits_switches_s_right_flipper'====== Args={'value': 216, 'prev_value': None, 'change': True}
2020-10-04 08:43:10,934 : EventManager : Event: ======'machine_var_audits_switches_s_sling_L'====== Args={'value': 0, 'prev_value': None, 'change': True}
2020-10-04 08:43:10,934 : EventManager : Event: ======'machine_var_audits_switches_s_sling_R'====== Args={'value': 0, 'prev_value': None, 'change': True}
2020-10-04 08:43:10,935 : EventManager : Event: ======'machine_var_audits_switches_s_soul_L'====== Args={'value': 122, 'prev_value': None, 'change': True}
2020-10-04 08:43:10,935 : EventManager : Event: ======'machine_var_audits_switches_s_soul_O'====== Args={'value': 132, 'prev_value': None, 'change': True}
2020-10-04 08:43:10,936 : EventManager : Event: ======'machine_var_audits_switches_s_soul_S'====== Args={'value': 148, 'prev_value': None, 'change': True}
2020-10-04 08:43:10,936 : EventManager : Event: ======'machine_var_audits_switches_s_soul_U'====== Args={'value': 124, 'prev_value': None, 'change': True}
2020-10-04 08:43:10,936 : EventManager : Event: ======'machine_var_audits_switches_s_standUp_1'====== Args={'value': 0, 'prev_value': None, 'change': True}
2020-10-04 08:43:10,938 : EventManager : Event: ======'machine_var_audits_switches_s_standUp_2'====== Args={'value': 0, 'prev_value': None, 'change': True}
2020-10-04 08:43:10,938 : EventManager : Event: ======'machine_var_audits_switches_s_standUp_3'====== Args={'value': 0, 'prev_value': None, 'change': True}
2020-10-04 08:43:10,939 : EventManager : Event: ======'machine_var_audits_switches_s_standUp_R'====== Args={'value': 0, 'prev_value': None, 'change': True}
2020-10-04 08:43:10,940 : EventManager : Event: ======'machine_var_audits_switches_s_star_1'====== Args={'value': 0, 'prev_value': None, 'change': True}
2020-10-04 08:43:10,941 : EventManager : Event: ======'machine_var_audits_switches_s_star_2'====== Args={'value': 0, 'prev_value': None, 'change': True}
2020-10-04 08:43:10,953 : EventManager : Event: ======'machine_var_audits_switches_s_star_3'====== Args={'value': 0, 'prev_value': None, 'change': True}
2020-10-04 08:43:10,953 : EventManager : Event: ======'machine_var_audits_switches_s_start'====== Args={'value': 68, 'prev_value': None, 'change': True}
2020-10-04 08:43:10,953 : EventManager : Event: ======'machine_var_audits_switches_s_tilt'====== Args={'value': 0, 'prev_value': None, 'change': True}
2020-10-04 08:43:10,953 : EventManager : Event: ======'machine_var_audits_switches_s_trough1'====== Args={'value': 508, 'prev_value': None, 'change': True}
2020-10-04 08:43:10,953 : EventManager : Event: ======'machine_var_audits_switches_s_trough2'====== Args={'value': 72, 'prev_value': None, 'change': True}
2020-10-04 08:43:10,954 : EventManager : Event: ======'machine_var_audits_switches_s_trough_jam'====== Args={'value': 13, 'prev_value': None, 'change': True}
2020-10-04 08:43:10,989 : EventManager : Event: ======'slides_play'====== Args={'settings': {'welcome_slide': {'target': None, 'background_color': [0.0, 0.0, 0.0, 1.0], 'priority': None, 'show': True, 'force': False, 'expire': None, 'slide': None, 'tokens': {}, 'action': 'play'}}, 'context': '_global', 'calling_context': 'init_done', 'priority': 0}
2020-10-04 08:43:10,990 : mpfmc : SlidePlayer: Play called with settings={'welcome_slide': {'target': None, 'background_color': [0.0, 0.0, 0.0, 1.0], 'priority': None, 'show': True, 'force': False, 'expire': None, 'slide': None, 'tokens': {}, 'action': 'play'}}
2020-10-04 08:43:10,993 : EventManager : Event: ======'slide_welcome_slide_removed'====== Args={}
2020-10-04 08:43:11,000 : EventManager : Event: ======'slide_welcome_slide_created'====== Args={}
2020-10-04 08:43:11,009 : EventManager : Event: ======'slide_welcome_slide_active'====== Args={}
2020-10-04 08:43:11,025 : EventManager : Event: ======'mc_reset_phase_1'====== Args={}
2020-10-04 08:43:11,026 : EventManager : Event: ======'mc_reset_phase_2'====== Args={}
2020-10-04 08:43:11,026 : EventManager : Event: ======'mc_reset_phase_3'====== Args={}
2020-10-04 08:43:11,026 : EventManager : Event: ======'mc_reset_complete'====== Args={}
2020-10-04 08:43:11,065 : EventManager : Event: ======'slides_play'====== Args={'settings': {'awesome_slide': {'widgets': [{'type': 'text', 'text': 'Cuphead Pinball', 'font_size': 50, '_default_settings': ['type', 'text', 'font_size'], 'x': None, 'y': None, 'anchor_x': 'center', 'anchor_y': 'center', 'round_anchor_x': None, 'round_anchor_y': None, 'opacity': 1.0, 'z': 0, 'reset_animations_events': {}, 'color': [1.0, 1.0, 1.0, 1.0], 'style': [], 'adjust_top': 0, 'adjust_bottom': 0, 'adjust_left': 0, 'adjust_right': 0, 'expire': None, 'key': None, 'widget': None, 'events_when_added': [], 'events_when_removed': [], 'bitmap_font': False, 'font_kerning': True, 'bold': False, 'italic': False, 'number_grouping': False, 'min_digits': 0, 'halign': 'center', 'valign': 'middle', 'rotation': 0, 'scale': 1.0, 'casing': None, 'animations': None}], 'transition': {'type': 'push', 'duration': 1.0, 'direction': 'left', 'easing': 'out_quad'}, 'target': None, 'background_color': [0.0, 0.0, 0.0, 1.0], 'priority': None, 'show': True, 'force': False, 'expire': None, 'slide': None, 'tokens': {}, 'action': 'play'}}, 'context': 'show_1', 'calling_context': 0, 'priority': 10, 'show_tokens': {}, 'start_time': 397032.64}
2020-10-04 08:43:11,066 : EventManager : Event: ======'sounds_play'====== Args={'settings': {'attract_music': {'loops': -1, 'mode_end_action': 'stop', 'priority': None, 'action': 'play', 'track': None, 'volume': None, 'pan': None, 'start_at': None, 'fade_in': None, 'fade_out': None, 'about_to_finish_time': -1.0, 'max_queue_time': -1.0, 'events_when_played': ['use_sound_setting'], 'events_when_stopped': ['use_sound_setting'], 'events_when_looping': ['use_sound_setting'], 'events_when_about_to_finish': ['use_sound_setting'], 'key': 'use_sound_setting'}}, 'context': 'attract', 'calling_context': 'mode_attract_started', 'priority': 10}
2020-10-04 08:43:11,066 : mpfmc : SlidePlayer: Play called with settings={'awesome_slide': {'widgets': [{'type': 'text', 'text': 'Cuphead Pinball', 'font_size': 50, '_default_settings': ['type', 'text', 'font_size'], 'x': None, 'y': None, 'anchor_x': 'center', 'anchor_y': 'center', 'round_anchor_x': None, 'round_anchor_y': None, 'opacity': 1.0, 'z': 0, 'reset_animations_events': {}, 'color': [1.0, 1.0, 1.0, 1.0], 'style': [], 'adjust_top': 0, 'adjust_bottom': 0, 'adjust_left': 0, 'adjust_right': 0, 'expire': None, 'key': None, 'widget': None, 'events_when_added': [], 'events_when_removed': [], 'bitmap_font': False, 'font_kerning': True, 'bold': False, 'italic': False, 'number_grouping': False, 'min_digits': 0, 'halign': 'center', 'valign': 'middle', 'rotation': 0, 'scale': 1.0, 'casing': None, 'animations': None}], 'transition': {'type': 'push', 'duration': 1.0, 'direction': 'left', 'easing': 'out_quad'}, 'target': None, 'background_color': [0.0, 0.0, 0.0, 1.0], 'priority': None, 'show': True, 'force': False, 'expire': None, 'slide': None, 'tokens': {}, 'action': 'play'}}
2020-10-04 08:43:11,072 : EventManager : Event: ======'slide_awesome_slide_created'====== Args={}
2020-10-04 08:43:11,085 : EventManager : Event: ======'slide_awesome_slide_active'====== Args={}
2020-10-04 08:43:12,570 : EventManager : Event: ======'game_started'====== Args={}
2020-10-04 08:43:12,571 : EventManager : Event: ======'slides_clear'====== Args={'context': 'show_1'}
2020-10-04 08:43:12,571 : EventManager : Event: ======'sounds_clear'====== Args={'context': 'attract'}
2020-10-04 08:43:12,573 : EventManager : Event: ======'slide_awesome_slide_removed'====== Args={}
2020-10-04 08:43:12,588 : EventManager : Event: ======'slide_welcome_slide_active'====== Args={}
2020-10-04 08:43:12,635 : EventManager : Event: ======'player_added'====== Args={'player': <Player 1>, 'num': 1}
2020-10-04 08:43:12,635 : EventManager : Event: ======'player_index'====== Args={'value': 0, 'prev_value': 0, 'change': 0, 'player_num': 1}
2020-10-04 08:43:12,635 : EventManager : Event: ======'player_number'====== Args={'value': 1, 'prev_value': 1, 'change': 0, 'player_num': 1}
2020-10-04 08:43:12,635 : EventManager : Event: ======'player_score'====== Args={'value': 0, 'prev_value': 0, 'change': 0, 'player_num': 1}
2020-10-04 08:43:12,635 : EventManager : Event: ======'player_bonus_multiplier'====== Args={'value': 1, 'prev_value': 0, 'change': 1, 'player_num': 1}
2020-10-04 08:43:12,674 : EventManager : Event: ======'player_ball'====== Args={'value': 1, 'prev_value': 0, 'change': 1, 'player_num': 1}
2020-10-04 08:43:12,674 : EventManager : Event: ======'player_turn_start'====== Args={'number': 1, 'player': <Player 1>}
2020-10-04 08:43:12,710 : EventManager : Event: ======'player_shot_soul_S_enabled'====== Args={'value': True, 'prev_value': 0, 'change': 1, 'player_num': 1}
2020-10-04 08:43:12,722 : EventManager : Event: ======'player_shot_soul_O_enabled'====== Args={'value': True, 'prev_value': 0, 'change': 1, 'player_num': 1}
2020-10-04 08:43:12,722 : EventManager : Event: ======'player_shot_soul_U_enabled'====== Args={'value': True, 'prev_value': 0, 'change': 1, 'player_num': 1}
2020-10-04 08:43:12,722 : EventManager : Event: ======'player_shot_soul_L_enabled'====== Args={'value': True, 'prev_value': 0, 'change': 1, 'player_num': 1}
2020-10-04 08:43:12,746 : EventManager : Event: ======'sounds_play'====== Args={'settings': {'poolCupHeadBase': {'loops': -1, 'priority': None, 'action': 'play', 'track': None, 'volume': None, 'pan': None, 'start_at': None, 'fade_in': None, 'fade_out': None, 'about_to_finish_time': -1.0, 'max_queue_time': -1.0, 'events_when_played': ['use_sound_setting'], 'events_when_stopped': ['use_sound_setting'], 'events_when_looping': ['use_sound_setting'], 'events_when_about_to_finish': ['use_sound_setting'], 'mode_end_action': 'use_sound_setting', 'key': 'use_sound_setting'}}, 'context': 'base', 'calling_context': 'mode_base_started', 'priority': 100, 'queue': '<QueuedEvent>', 'player': 1, 'ball': 1, 'balls_remaining': 4, 'is_extra_ball': False}
2020-10-04 08:43:12,746 : EventManager : Event: ======'slides_play'====== Args={'settings': {'widgets': {'widgets': [{'type': 'text', 'text': '(score)', 'number_grouping': True, 'min_digits': 2, 'font_size': 100, '_default_settings': ['type', 'text', 'number_grouping', 'min_digits', 'font_size'], 'x': None, 'y': None, 'anchor_x': 'center', 'anchor_y': 'center', 'round_anchor_x': None, 'round_anchor_y': None, 'opacity': 1.0, 'z': 0, 'reset_animations_events': {}, 'color': [1.0, 1.0, 1.0, 1.0], 'style': [], 'adjust_top': 0, 'adjust_bottom': 0, 'adjust_left': 0, 'adjust_right': 0, 'expire': None, 'key': None, 'widget': None, 'events_when_added': [], 'events_when_removed': [], 'bitmap_font': False, 'font_kerning': True, 'bold': False, 'italic': False, 'halign': 'center', 'valign': 'middle', 'rotation': 0, 'scale': 1.0, 'casing': None, 'animations': None}, {'type': 'text', 'text': 'Player (player)', 'y': '10', 'x': '10', 'font_size': 30, 'anchor_x': 'left', 'anchor_y': 'bottom', '_default_settings': ['type', 'text', 'y', 'x', 'font_size', 'anchor_x', 'anchor_y'], 'round_anchor_x': None, 'round_anchor_y': None, 'opacity': 1.0, 'z': 0, 'reset_animations_events': {}, 'color': [1.0, 1.0, 1.0, 1.0], 'style': [], 'adjust_top': 0, 'adjust_bottom': 0, 'adjust_left': 0, 'adjust_right': 0, 'expire': None, 'key': None, 'widget': None, 'events_when_added': [], 'events_when_removed': [], 'bitmap_font': False, 'font_kerning': True, 'bold': False, 'italic': False, 'number_grouping': False, 'min_digits': 0, 'halign': 'center', 'valign': 'middle', 'rotation': 0, 'scale': 1.0, 'casing': None, 'animations': None}, {'type': 'text', 'text': 'BALL (ball) (bonus_multiplier)', 'y': '10', 'x': 'right-10', 'anchor_x': 'right', 'anchor_y': 'bottom', 'font_size': 50, '_default_settings': ['type', 'text', 'y', 'x', 'anchor_x', 'anchor_y', 'font_size'], 'round_anchor_x': None, 'round_anchor_y': None, 'opacity': 1.0, 'z': 0, 'reset_animations_events': {}, 'color': [1.0, 1.0, 1.0, 1.0], 'style': [], 'adjust_top': 0, 'adjust_bottom': 0, 'adjust_left': 0, 'adjust_right': 0, 'expire': None, 'key': None, 'widget': None, 'events_when_added': [], 'events_when_removed': [], 'bitmap_font': False, 'font_kerning': True, 'bold': False, 'italic': False, 'number_grouping': False, 'min_digits': 0, 'halign': 'center', 'valign': 'middle', 'rotation': 0, 'scale': 1.0, 'casing': None, 'animations': None}], 'target': None, 'background_color': [0.0, 0.0, 0.0, 1.0], 'priority': None, 'show': True, 'force': False, 'expire': None, 'slide': None, 'tokens': {}, 'action': 'play'}}, 'context': 'base', 'calling_context': 'mode_base_started', 'priority': 100, 'queue': '<QueuedEvent>', 'player': 1, 'ball': 1, 'balls_remaining': 4, 'is_extra_ball': False}
2020-10-04 08:43:12,748 : mpfmc : SlidePlayer: Play called with settings={'widgets': {'widgets': [{'type': 'text', 'text': '(score)', 'number_grouping': True, 'min_digits': 2, 'font_size': 100, '_default_settings': ['type', 'text', 'number_grouping', 'min_digits', 'font_size'], 'x': None, 'y': None, 'anchor_x': 'center', 'anchor_y': 'center', 'round_anchor_x': None, 'round_anchor_y': None, 'opacity': 1.0, 'z': 0, 'reset_animations_events': {}, 'color': [1.0, 1.0, 1.0, 1.0], 'style': [], 'adjust_top': 0, 'adjust_bottom': 0, 'adjust_left': 0, 'adjust_right': 0, 'expire': None, 'key': None, 'widget': None, 'events_when_added': [], 'events_when_removed': [], 'bitmap_font': False, 'font_kerning': True, 'bold': False, 'italic': False, 'halign': 'center', 'valign': 'middle', 'rotation': 0, 'scale': 1.0, 'casing': None, 'animations': None}, {'type': 'text', 'text': 'Player (player)', 'y': '10', 'x': '10', 'font_size': 30, 'anchor_x': 'left', 'anchor_y': 'bottom', '_default_settings': ['type', 'text', 'y', 'x', 'font_size', 'anchor_x', 'anchor_y'], 'round_anchor_x': None, 'round_anchor_y': None, 'opacity': 1.0, 'z': 0, 'reset_animations_events': {}, 'color': [1.0, 1.0, 1.0, 1.0], 'style': [], 'adjust_top': 0, 'adjust_bottom': 0, 'adjust_left': 0, 'adjust_right': 0, 'expire': None, 'key': None, 'widget': None, 'events_when_added': [], 'events_when_removed': [], 'bitmap_font': False, 'font_kerning': True, 'bold': False, 'italic': False, 'number_grouping': False, 'min_digits': 0, 'halign': 'center', 'valign': 'middle', 'rotation': 0, 'scale': 1.0, 'casing': None, 'animations': None}, {'type': 'text', 'text': 'BALL (ball) (bonus_multiplier)', 'y': '10', 'x': 'right-10', 'anchor_x': 'right', 'anchor_y': 'bottom', 'font_size': 50, '_default_settings': ['type', 'text', 'y', 'x', 'anchor_x', 'anchor_y', 'font_size'], 'round_anchor_x': None, 'round_anchor_y': None, 'opacity': 1.0, 'z': 0, 'reset_animations_events': {}, 'color': [1.0, 1.0, 1.0, 1.0], 'style': [], 'adjust_top': 0, 'adjust_bottom': 0, 'adjust_left': 0, 'adjust_right': 0, 'expire': None, 'key': None, 'widget': None, 'events_when_added': [], 'events_when_removed': [], 'bitmap_font': False, 'font_kerning': True, 'bold': False, 'italic': False, 'number_grouping': False, 'min_digits': 0, 'halign': 'center', 'valign': 'middle', 'rotation': 0, 'scale': 1.0, 'casing': None, 'animations': None}], 'target': None, 'background_color': [0.0, 0.0, 0.0, 1.0], 'priority': None, 'show': True, 'force': False, 'expire': None, 'slide': None, 'tokens': {}, 'action': 'play'}}
2020-10-04 08:43:12,781 : EventManager : Event: ======'slide_base.slide_player-mode_base_started_created'====== Args={}
2020-10-04 08:43:12,786 : EventManager : Event: ======'slide_base.slide_player-mode_base_started_active'====== Args={}
2020-10-04 08:43:12,846 : EventManager : Event: ======'widgets_play'====== Args={'settings': {'soul_lanes_banner': {'priority': 0, 'slide': None, 'action': 'add', 'key': None, 'target': None}}, 'context': 'soulLanes', 'calling_context': 'mode_soulLanes_started', 'priority': 110, 'player': 1, 'ball': 1, 'balls_remaining': 4, 'is_extra_ball': False}
2020-10-04 08:43:13,036 : EventManager : Event: ======'machine_var_audits_switches_s_plunger'====== Args={'value': 547, 'prev_value': 546, 'change': 1}
2020-10-04 08:43:17,719 : EventManager : Event: ======'machine_var_audits_switches_s_soul_S'====== Args={'value': 149, 'prev_value': 148, 'change': 1}
2020-10-04 08:43:17,720 : EventManager : Event: ======'player_shot_soul_S'====== Args={'value': 1, 'prev_value': 0, 'change': 1, 'player_num': 1}
2020-10-04 08:43:17,730 : EventManager : Event: ======'machine_var_audits_shots_soul_S'====== Args={'value': 149, 'prev_value': 148, 'change': 1}
2020-10-04 08:43:17,743 : EventManager : Event: ======'player_score'====== Args={'value': 10, 'prev_value': 0, 'change': 10, 'player_num': 1}
2020-10-04 08:43:18,931 : EventManager : Event: ======'machine_var_audits_switches_s_soul_O'====== Args={'value': 133, 'prev_value': 132, 'change': 1}
2020-10-04 08:43:18,931 : EventManager : Event: ======'player_shot_soul_O'====== Args={'value': 1, 'prev_value': 0, 'change': 1, 'player_num': 1}
2020-10-04 08:43:18,931 : EventManager : Event: ======'machine_var_audits_shots_soul_O'====== Args={'value': 128, 'prev_value': 127, 'change': 1}
2020-10-04 08:43:18,931 : EventManager : Event: ======'player_score'====== Args={'value': 20, 'prev_value': 10, 'change': 10, 'player_num': 1}
2020-10-04 08:43:19,365 : EventManager : Event: ======'machine_var_audits_switches_s_soul_U'====== Args={'value': 125, 'prev_value': 124, 'change': 1}
2020-10-04 08:43:19,366 : EventManager : Event: ======'player_shot_soul_U'====== Args={'value': 1, 'prev_value': 0, 'change': 1, 'player_num': 1}
2020-10-04 08:43:19,366 : EventManager : Event: ======'machine_var_audits_shots_soul_U'====== Args={'value': 125, 'prev_value': 124, 'change': 1}
2020-10-04 08:43:19,366 : EventManager : Event: ======'player_score'====== Args={'value': 30, 'prev_value': 20, 'change': 10, 'player_num': 1}
2020-10-04 08:43:19,999 : EventManager : Event: ======'machine_var_audits_switches_s_soul_L'====== Args={'value': 123, 'prev_value': 122, 'change': 1}
2020-10-04 08:43:19,999 : EventManager : Event: ======'player_shot_soul_L'====== Args={'value': 1, 'prev_value': 0, 'change': 1, 'player_num': 1}
2020-10-04 08:43:19,999 : EventManager : Event: ======'machine_var_audits_shots_soul_L'====== Args={'value': 122, 'prev_value': 121, 'change': 1}
2020-10-04 08:43:20,000 : EventManager : Event: ======'player_score'====== Args={'value': 40, 'prev_value': 30, 'change': 10, 'player_num': 1}
2020-10-04 08:43:20,000 : EventManager : Event: ======'player_score'====== Args={'value': 1040, 'prev_value': 40, 'change': 1000, 'player_num': 1}
2020-10-04 08:43:21,000 : EventManager : Event: ======'player_shot_soul_S'====== Args={'value': 0, 'prev_value': 1, 'change': -1, 'player_num': 1}
2020-10-04 08:43:21,000 : EventManager : Event: ======'player_shot_soul_O'====== Args={'value': 0, 'prev_value': 1, 'change': -1, 'player_num': 1}
2020-10-04 08:43:21,001 : EventManager : Event: ======'player_shot_soul_U'====== Args={'value': 0, 'prev_value': 1, 'change': -1, 'player_num': 1}
2020-10-04 08:43:21,013 : EventManager : Event: ======'player_shot_soul_L'====== Args={'value': 0, 'prev_value': 1, 'change': -1, 'player_num': 1}
2020-10-04 08:43:21,606 : EventManager : Event: ======'machine_var_audits_switches_s_soul_S'====== Args={'value': 150, 'prev_value': 149, 'change': 1}
2020-10-04 08:43:21,621 : EventManager : Event: ======'player_shot_soul_S'====== Args={'value': 1, 'prev_value': 0, 'change': 1, 'player_num': 1}
2020-10-04 08:43:21,621 : EventManager : Event: ======'machine_var_audits_shots_soul_S'====== Args={'value': 150, 'prev_value': 149, 'change': 1}
2020-10-04 08:43:21,621 : EventManager : Event: ======'player_score'====== Args={'value': 1050, 'prev_value': 1040, 'change': 10, 'player_num': 1}
2020-10-04 08:43:22,261 : EventManager : Event: ======'machine_var_audits_switches_s_soul_O'====== Args={'value': 134, 'prev_value': 133, 'change': 1}
2020-10-04 08:43:22,262 : EventManager : Event: ======'player_shot_soul_O'====== Args={'value': 1, 'prev_value': 0, 'change': 1, 'player_num': 1}
2020-10-04 08:43:22,263 : EventManager : Event: ======'machine_var_audits_shots_soul_O'====== Args={'value': 129, 'prev_value': 128, 'change': 1}
2020-10-04 08:43:22,263 : EventManager : Event: ======'player_score'====== Args={'value': 1060, 'prev_value': 1050, 'change': 10, 'player_num': 1}
2020-10-04 08:43:22,600 : EventManager : Event: ======'machine_var_audits_switches_s_soul_U'====== Args={'value': 126, 'prev_value': 125, 'change': 1}
2020-10-04 08:43:22,601 : EventManager : Event: ======'player_shot_soul_U'====== Args={'value': 1, 'prev_value': 0, 'change': 1, 'player_num': 1}
2020-10-04 08:43:22,601 : EventManager : Event: ======'machine_var_audits_shots_soul_U'====== Args={'value': 126, 'prev_value': 125, 'change': 1}
2020-10-04 08:43:22,601 : EventManager : Event: ======'player_score'====== Args={'value': 1070, 'prev_value': 1060, 'change': 10, 'player_num': 1}
2020-10-04 08:43:23,031 : EventManager : Event: ======'machine_var_audits_switches_s_soul_L'====== Args={'value': 124, 'prev_value': 123, 'change': 1}
2020-10-04 08:43:23,032 : EventManager : Event: ======'player_shot_soul_L'====== Args={'value': 1, 'prev_value': 0, 'change': 1, 'player_num': 1}
2020-10-04 08:43:23,033 : EventManager : Event: ======'machine_var_audits_shots_soul_L'====== Args={'value': 123, 'prev_value': 122, 'change': 1}
2020-10-04 08:43:23,034 : EventManager : Event: ======'player_score'====== Args={'value': 1080, 'prev_value': 1070, 'change': 10, 'player_num': 1}
2020-10-04 08:43:23,035 : EventManager : Event: ======'player_score'====== Args={'value': 2080, 'prev_value': 1080, 'change': 1000, 'player_num': 1}
2020-10-04 08:43:23,061 : EventManager : Event: ======'player_bonus_multiplier'====== Args={'value': 2, 'prev_value': 1, 'change': 1, 'player_num': 1}
2020-10-04 08:43:24,033 : EventManager : Event: ======'player_shot_soul_S'====== Args={'value': 0, 'prev_value': 1, 'change': -1, 'player_num': 1}
2020-10-04 08:43:24,033 : EventManager : Event: ======'player_shot_soul_O'====== Args={'value': 0, 'prev_value': 1, 'change': -1, 'player_num': 1}
2020-10-04 08:43:24,061 : EventManager : Event: ======'player_shot_soul_U'====== Args={'value': 0, 'prev_value': 1, 'change': -1, 'player_num': 1}
2020-10-04 08:43:24,061 : EventManager : Event: ======'player_shot_soul_L'====== Args={'value': 0, 'prev_value': 1, 'change': -1, 'player_num': 1}
2020-10-04 08:43:25,025 : EventManager : Event: ======'machine_var_audits_switches_s_soul_S'====== Args={'value': 151, 'prev_value': 150, 'change': 1}
2020-10-04 08:43:25,025 : EventManager : Event: ======'player_shot_soul_S'====== Args={'value': 1, 'prev_value': 0, 'change': 1, 'player_num': 1}
2020-10-04 08:43:25,025 : EventManager : Event: ======'machine_var_audits_shots_soul_S'====== Args={'value': 151, 'prev_value': 150, 'change': 1}
2020-10-04 08:43:25,026 : EventManager : Event: ======'player_score'====== Args={'value': 2090, 'prev_value': 2080, 'change': 10, 'player_num': 1}
2020-10-04 08:43:25,629 : EventManager : Event: ======'machine_var_audits_switches_s_soul_O'====== Args={'value': 135, 'prev_value': 134, 'change': 1}
2020-10-04 08:43:25,630 : EventManager : Event: ======'player_shot_soul_O'====== Args={'value': 1, 'prev_value': 0, 'change': 1, 'player_num': 1}
2020-10-04 08:43:25,630 : EventManager : Event: ======'machine_var_audits_shots_soul_O'====== Args={'value': 130, 'prev_value': 129, 'change': 1}
2020-10-04 08:43:25,630 : EventManager : Event: ======'player_score'====== Args={'value': 2100, 'prev_value': 2090, 'change': 10, 'player_num': 1}
2020-10-04 08:43:26,162 : EventManager : Event: ======'machine_var_audits_switches_s_soul_U'====== Args={'value': 127, 'prev_value': 126, 'change': 1}
2020-10-04 08:43:26,180 : EventManager : Event: ======'player_shot_soul_U'====== Args={'value': 1, 'prev_value': 0, 'change': 1, 'player_num': 1}
2020-10-04 08:43:26,180 : EventManager : Event: ======'machine_var_audits_shots_soul_U'====== Args={'value': 127, 'prev_value': 126, 'change': 1}
2020-10-04 08:43:26,180 : EventManager : Event: ======'player_score'====== Args={'value': 2110, 'prev_value': 2100, 'change': 10, 'player_num': 1}
2020-10-04 08:43:28,369 : EventManager : Event: ======'machine_var_audits_switches_s_soul_L'====== Args={'value': 125, 'prev_value': 124, 'change': 1}
2020-10-04 08:43:28,381 : EventManager : Event: ======'player_shot_soul_L'====== Args={'value': 1, 'prev_value': 0, 'change': 1, 'player_num': 1}
2020-10-04 08:43:28,382 : EventManager : Event: ======'machine_var_audits_shots_soul_L'====== Args={'value': 124, 'prev_value': 123, 'change': 1}
2020-10-04 08:43:28,382 : EventManager : Event: ======'player_score'====== Args={'value': 2120, 'prev_value': 2110, 'change': 10, 'player_num': 1}
2020-10-04 08:43:28,384 : EventManager : Event: ======'player_score'====== Args={'value': 3120, 'prev_value': 2120, 'change': 1000, 'player_num': 1}
2020-10-04 08:43:28,408 : EventManager : Event: ======'player_bonus_multiplier'====== Args={'value': 3, 'prev_value': 2, 'change': 1, 'player_num': 1}
2020-10-04 08:43:29,414 : EventManager : Event: ======'player_shot_soul_S'====== Args={'value': 0, 'prev_value': 1, 'change': -1, 'player_num': 1}
2020-10-04 08:43:29,415 : EventManager : Event: ======'player_shot_soul_O'====== Args={'value': 0, 'prev_value': 1, 'change': -1, 'player_num': 1}
2020-10-04 08:43:29,416 : EventManager : Event: ======'player_shot_soul_U'====== Args={'value': 0, 'prev_value': 1, 'change': -1, 'player_num': 1}
2020-10-04 08:43:29,416 : EventManager : Event: ======'player_shot_soul_L'====== Args={'value': 0, 'prev_value': 1, 'change': -1, 'player_num': 1}
2020-10-04 08:43:29,616 : EventManager : Event: ======'machine_var_audits_switches_s_soul_S'====== Args={'value': 152, 'prev_value': 151, 'change': 1}
2020-10-04 08:43:29,616 : EventManager : Event: ======'player_shot_soul_S'====== Args={'value': 1, 'prev_value': 0, 'change': 1, 'player_num': 1}
2020-10-04 08:43:29,616 : EventManager : Event: ======'machine_var_audits_shots_soul_S'====== Args={'value': 152, 'prev_value': 151, 'change': 1}
2020-10-04 08:43:29,616 : EventManager : Event: ======'player_score'====== Args={'value': 3130, 'prev_value': 3120, 'change': 10, 'player_num': 1}
2020-10-04 08:43:30,101 : EventManager : Event: ======'machine_var_audits_switches_s_soul_O'====== Args={'value': 136, 'prev_value': 135, 'change': 1}
2020-10-04 08:43:30,101 : EventManager : Event: ======'player_shot_soul_O'====== Args={'value': 1, 'prev_value': 0, 'change': 1, 'player_num': 1}
2020-10-04 08:43:30,102 : EventManager : Event: ======'machine_var_audits_shots_soul_O'====== Args={'value': 131, 'prev_value': 130, 'change': 1}
2020-10-04 08:43:30,114 : EventManager : Event: ======'player_score'====== Args={'value': 3140, 'prev_value': 3130, 'change': 10, 'player_num': 1}
2020-10-04 08:43:30,519 : EventManager : Event: ======'machine_var_audits_switches_s_soul_U'====== Args={'value': 128, 'prev_value': 127, 'change': 1}
2020-10-04 08:43:30,519 : EventManager : Event: ======'player_shot_soul_U'====== Args={'value': 1, 'prev_value': 0, 'change': 1, 'player_num': 1}
2020-10-04 08:43:30,519 : EventManager : Event: ======'machine_var_audits_shots_soul_U'====== Args={'value': 128, 'prev_value': 127, 'change': 1}
2020-10-04 08:43:30,520 : EventManager : Event: ======'player_score'====== Args={'value': 3150, 'prev_value': 3140, 'change': 10, 'player_num': 1}
2020-10-04 08:43:31,428 : EventManager : Event: ======'machine_var_audits_switches_s_soul_L'====== Args={'value': 126, 'prev_value': 125, 'change': 1}
2020-10-04 08:43:31,429 : EventManager : Event: ======'player_shot_soul_L'====== Args={'value': 1, 'prev_value': 0, 'change': 1, 'player_num': 1}
2020-10-04 08:43:31,430 : EventManager : Event: ======'machine_var_audits_shots_soul_L'====== Args={'value': 125, 'prev_value': 124, 'change': 1}
2020-10-04 08:43:31,431 : EventManager : Event: ======'player_score'====== Args={'value': 3160, 'prev_value': 3150, 'change': 10, 'player_num': 1}
2020-10-04 08:43:31,431 : EventManager : Event: ======'player_score'====== Args={'value': 4160, 'prev_value': 3160, 'change': 1000, 'player_num': 1}
2020-10-04 08:43:32,429 : EventManager : Event: ======'player_shot_soul_S'====== Args={'value': 0, 'prev_value': 1, 'change': -1, 'player_num': 1}
2020-10-04 08:43:32,431 : EventManager : Event: ======'player_shot_soul_O'====== Args={'value': 0, 'prev_value': 1, 'change': -1, 'player_num': 1}
2020-10-04 08:43:32,431 : EventManager : Event: ======'player_shot_soul_U'====== Args={'value': 0, 'prev_value': 1, 'change': -1, 'player_num': 1}
2020-10-04 08:43:32,442 : EventManager : Event: ======'player_shot_soul_L'====== Args={'value': 0, 'prev_value': 1, 'change': -1, 'player_num': 1}
2020-10-04 08:43:32,676 : EventManager : Event: ======'machine_var_audits_switches_s_soul_S'====== Args={'value': 153, 'prev_value': 152, 'change': 1}
2020-10-04 08:43:32,676 : EventManager : Event: ======'player_shot_soul_S'====== Args={'value': 1, 'prev_value': 0, 'change': 1, 'player_num': 1}
2020-10-04 08:43:32,678 : EventManager : Event: ======'machine_var_audits_shots_soul_S'====== Args={'value': 153, 'prev_value': 152, 'change': 1}
2020-10-04 08:43:32,678 : EventManager : Event: ======'player_score'====== Args={'value': 4170, 'prev_value': 4160, 'change': 10, 'player_num': 1}
2020-10-04 08:43:33,509 : EventManager : Event: ======'machine_var_audits_switches_s_soul_L'====== Args={'value': 127, 'prev_value': 126, 'change': 1}
2020-10-04 08:43:33,510 : EventManager : Event: ======'player_shot_soul_L'====== Args={'value': 1, 'prev_value': 0, 'change': 1, 'player_num': 1}
2020-10-04 08:43:33,511 : EventManager : Event: ======'machine_var_audits_shots_soul_L'====== Args={'value': 126, 'prev_value': 125, 'change': 1}
2020-10-04 08:43:33,522 : EventManager : Event: ======'player_score'====== Args={'value': 4180, 'prev_value': 4170, 'change': 10, 'player_num': 1}
2020-10-04 08:43:34,121 : EventManager : Event: ======'machine_var_audits_switches_s_soul_O'====== Args={'value': 137, 'prev_value': 136, 'change': 1}
2020-10-04 08:43:34,122 : EventManager : Event: ======'player_shot_soul_O'====== Args={'value': 1, 'prev_value': 0, 'change': 1, 'player_num': 1}
2020-10-04 08:43:34,122 : EventManager : Event: ======'machine_var_audits_shots_soul_O'====== Args={'value': 132, 'prev_value': 131, 'change': 1}
2020-10-04 08:43:34,124 : EventManager : Event: ======'player_score'====== Args={'value': 4190, 'prev_value': 4180, 'change': 10, 'player_num': 1}
2020-10-04 08:43:36,658 : EventManager : Event: ======'machine_var_audits_switches_s_soul_U'====== Args={'value': 129, 'prev_value': 128, 'change': 1}
2020-10-04 08:43:36,659 : EventManager : Event: ======'player_shot_soul_U'====== Args={'value': 1, 'prev_value': 0, 'change': 1, 'player_num': 1}
2020-10-04 08:43:36,659 : EventManager : Event: ======'machine_var_audits_shots_soul_U'====== Args={'value': 129, 'prev_value': 128, 'change': 1}
2020-10-04 08:43:36,659 : EventManager : Event: ======'player_score'====== Args={'value': 4200, 'prev_value': 4190, 'change': 10, 'player_num': 1}
2020-10-04 08:43:36,659 : EventManager : Event: ======'player_score'====== Args={'value': 5200, 'prev_value': 4200, 'change': 1000, 'player_num': 1}
2020-10-04 08:43:37,660 : EventManager : Event: ======'player_shot_soul_S'====== Args={'value': 0, 'prev_value': 1, 'change': -1, 'player_num': 1}
2020-10-04 08:43:37,662 : EventManager : Event: ======'player_shot_soul_O'====== Args={'value': 0, 'prev_value': 1, 'change': -1, 'player_num': 1}
2020-10-04 08:43:37,662 : EventManager : Event: ======'player_shot_soul_U'====== Args={'value': 0, 'prev_value': 1, 'change': -1, 'player_num': 1}
2020-10-04 08:43:37,673 : EventManager : Event: ======'player_shot_soul_L'====== Args={'value': 0, 'prev_value': 1, 'change': -1, 'player_num': 1}
2020-10-04 08:43:37,981 : EventManager : Event: ======'machine_var_audits_switches_s_soul_S'====== Args={'value': 154, 'prev_value': 153, 'change': 1}
2020-10-04 08:43:37,981 : EventManager : Event: ======'player_shot_soul_S'====== Args={'value': 1, 'prev_value': 0, 'change': 1, 'player_num': 1}
2020-10-04 08:43:37,993 : EventManager : Event: ======'machine_var_audits_shots_soul_S'====== Args={'value': 154, 'prev_value': 153, 'change': 1}
2020-10-04 08:43:37,993 : EventManager : Event: ======'player_score'====== Args={'value': 5210, 'prev_value': 5200, 'change': 10, 'player_num': 1}
2020-10-04 08:43:38,836 : EventManager : Event: ======'machine_var_audits_switches_s_soul_O'====== Args={'value': 138, 'prev_value': 137, 'change': 1}
2020-10-04 08:43:38,838 : EventManager : Event: ======'player_shot_soul_O'====== Args={'value': 1, 'prev_value': 0, 'change': 1, 'player_num': 1}
2020-10-04 08:43:38,839 : EventManager : Event: ======'machine_var_audits_shots_soul_O'====== Args={'value': 133, 'prev_value': 132, 'change': 1}
2020-10-04 08:43:38,839 : EventManager : Event: ======'player_score'====== Args={'value': 5220, 'prev_value': 5210, 'change': 10, 'player_num': 1}
2020-10-04 08:43:39,184 : EventManager : Event: ======'machine_var_audits_switches_s_soul_U'====== Args={'value': 130, 'prev_value': 129, 'change': 1}
2020-10-04 08:43:39,184 : EventManager : Event: ======'player_shot_soul_U'====== Args={'value': 1, 'prev_value': 0, 'change': 1, 'player_num': 1}
2020-10-04 08:43:39,185 : EventManager : Event: ======'machine_var_audits_shots_soul_U'====== Args={'value': 130, 'prev_value': 129, 'change': 1}
2020-10-04 08:43:39,185 : EventManager : Event: ======'player_score'====== Args={'value': 5230, 'prev_value': 5220, 'change': 10, 'player_num': 1}
2020-10-04 08:43:39,911 : EventManager : Event: ======'machine_var_audits_switches_s_soul_L'====== Args={'value': 128, 'prev_value': 127, 'change': 1}
2020-10-04 08:43:39,912 : EventManager : Event: ======'player_shot_soul_L'====== Args={'value': 1, 'prev_value': 0, 'change': 1, 'player_num': 1}
2020-10-04 08:43:39,912 : EventManager : Event: ======'machine_var_audits_shots_soul_L'====== Args={'value': 127, 'prev_value': 126, 'change': 1}
2020-10-04 08:43:39,913 : EventManager : Event: ======'player_score'====== Args={'value': 5240, 'prev_value': 5230, 'change': 10, 'player_num': 1}
2020-10-04 08:43:39,939 : EventManager : Event: ======'player_score'====== Args={'value': 6240, 'prev_value': 5240, 'change': 1000, 'player_num': 1}
2020-10-04 08:43:40,935 : EventManager : Event: ======'player_shot_soul_S'====== Args={'value': 0, 'prev_value': 1, 'change': -1, 'player_num': 1}
2020-10-04 08:43:40,935 : EventManager : Event: ======'player_shot_soul_O'====== Args={'value': 0, 'prev_value': 1, 'change': -1, 'player_num': 1}
2020-10-04 08:43:40,936 : EventManager : Event: ======'player_shot_soul_U'====== Args={'value': 0, 'prev_value': 1, 'change': -1, 'player_num': 1}
2020-10-04 08:43:40,937 : EventManager : Event: ======'player_shot_soul_L'====== Args={'value': 0, 'prev_value': 1, 'change': -1, 'player_num': 1}
2020-10-04 08:43:41,059 : EventManager : Event: ======'machine_var_audits_switches_s_soul_S'====== Args={'value': 155, 'prev_value': 154, 'change': 1}
2020-10-04 08:43:41,059 : EventManager : Event: ======'player_shot_soul_S'====== Args={'value': 1, 'prev_value': 0, 'change': 1, 'player_num': 1}
2020-10-04 08:43:41,059 : EventManager : Event: ======'machine_var_audits_shots_soul_S'====== Args={'value': 155, 'prev_value': 154, 'change': 1}
2020-10-04 08:43:41,060 : EventManager : Event: ======'player_score'====== Args={'value': 6250, 'prev_value': 6240, 'change': 10, 'player_num': 1}
2020-10-04 08:43:41,310 : EventManager : Event: ======'machine_var_audits_switches_s_soul_O'====== Args={'value': 139, 'prev_value': 138, 'change': 1}
2020-10-04 08:43:41,310 : EventManager : Event: ======'player_shot_soul_O'====== Args={'value': 1, 'prev_value': 0, 'change': 1, 'player_num': 1}
2020-10-04 08:43:41,310 : EventManager : Event: ======'machine_var_audits_shots_soul_O'====== Args={'value': 134, 'prev_value': 133, 'change': 1}
2020-10-04 08:43:41,310 : EventManager : Event: ======'player_score'====== Args={'value': 6260, 'prev_value': 6250, 'change': 10, 'player_num': 1}
2020-10-04 08:43:41,554 : EventManager : Event: ======'machine_var_audits_switches_s_soul_U'====== Args={'value': 131, 'prev_value': 130, 'change': 1}
2020-10-04 08:43:41,554 : EventManager : Event: ======'player_shot_soul_U'====== Args={'value': 1, 'prev_value': 0, 'change': 1, 'player_num': 1}
2020-10-04 08:43:41,554 : EventManager : Event: ======'machine_var_audits_shots_soul_U'====== Args={'value': 131, 'prev_value': 130, 'change': 1}
2020-10-04 08:43:41,555 : EventManager : Event: ======'player_score'====== Args={'value': 6270, 'prev_value': 6260, 'change': 10, 'player_num': 1}
2020-10-04 08:43:41,858 : EventManager : Event: ======'machine_var_audits_switches_s_soul_L'====== Args={'value': 129, 'prev_value': 128, 'change': 1}
2020-10-04 08:43:41,859 : EventManager : Event: ======'player_shot_soul_L'====== Args={'value': 1, 'prev_value': 0, 'change': 1, 'player_num': 1}
2020-10-04 08:43:41,859 : EventManager : Event: ======'machine_var_audits_shots_soul_L'====== Args={'value': 128, 'prev_value': 127, 'change': 1}
2020-10-04 08:43:41,859 : EventManager : Event: ======'player_score'====== Args={'value': 6280, 'prev_value': 6270, 'change': 10, 'player_num': 1}
2020-10-04 08:43:41,868 : EventManager : Event: ======'player_score'====== Args={'value': 7280, 'prev_value': 6280, 'change': 1000, 'player_num': 1}
2020-10-04 08:43:42,856 : EventManager : Event: ======'player_shot_soul_S'====== Args={'value': 0, 'prev_value': 1, 'change': -1, 'player_num': 1}
2020-10-04 08:43:42,857 : EventManager : Event: ======'player_shot_soul_O'====== Args={'value': 0, 'prev_value': 1, 'change': -1, 'player_num': 1}
2020-10-04 08:43:42,868 : EventManager : Event: ======'player_shot_soul_U'====== Args={'value': 0, 'prev_value': 1, 'change': -1, 'player_num': 1}
2020-10-04 08:43:42,868 : EventManager : Event: ======'player_shot_soul_L'====== Args={'value': 0, 'prev_value': 1, 'change': -1, 'player_num': 1}
2020-10-04 08:43:50,444 : kivy : Base: Leaving application in progress...
2020-10-04 08:43:50,843 : kivy : WindowSDL: exiting mainloop and closing.
2020-10-04 08:43:50,875 : mpfmc : Stopping...
2020-10-04 08:43:50,875 : EventManager : Event: ======'shutdown'====== Args={}
2020-10-04 08:43:50,875 : mpfmc : Loop rate 63.54 Hz
2020-10-04 08:43:50,875 : kivy : MC run loop ended.
2020-10-04 08:43:50,890 : kivy : Stopping child threads... (3 remaining)
2020-10-04 08:43:51,265 : mpfmc : Stopping...
2020-10-04 08:43:51,265 : EventManager : Event: ======'shutdown'====== Args={}
2020-10-04 08:43:51,265 : mpfmc : Loop rate 63.04 Hz
2020-10-04 08:43:51,312 : MPF-MC BCP Server : Stopping BCP sending thread
2020-10-04 08:43:51,911 : kivy : All child threads stopped.
