2020-10-05 17:31:25,221 : INFO : root : Loading config.
2020-10-05 17:31:25,236 : INFO : YamlMultifileConfigLoader : Machine config file #1: config.yaml
2020-10-05 17:31:25,236 : INFO : ConfigProcessor : Loading config from cache: C:\Users\themi\AppData\Local\Temp\2b6ef079982d662fef43bd5e7e2d4708.mpf_cache
2020-10-05 17:31:25,440 : INFO : ConfigProcessor : Loading config from cache: C:\Users\themi\AppData\Local\Temp\89b9c5cb952cce9fc74d723399719cc6.mpf_cache
2020-10-05 17:31:25,440 : INFO : ConfigProcessor : Loading config from cache: C:\Users\themi\AppData\Local\Temp\4fcecb70f81c3c2fefb8e65ae9a0af5f.mpf_cache
2020-10-05 17:31:25,440 : INFO : ConfigProcessor : Loading config from cache: C:\Users\themi\AppData\Local\Temp\5820a65357aa32f3082a694bbd0b1b93.mpf_cache
2020-10-05 17:31:25,440 : WARNING : ConfigProcessor : Config file in cache changed: c:\GitHub\Cuphead\modes\soulLanes\config\soulLanes.yaml
2020-10-05 17:31:25,440 : INFO : ConfigProcessor : Loading config from file c:\GitHub\Cuphead\modes\soulLanes\config\soulLanes.yaml.
2020-10-05 17:31:25,486 : INFO : ConfigProcessor : Loading config: c:\GitHub\Cuphead\modes\soulLanes\config\soulLanes.yaml
2020-10-05 17:31:25,486 : INFO : ConfigProcessor : Config file cache created: C:\Users\themi\AppData\Local\Temp\2f1df67e0c6599f893aeb5468bc976f9.mpf_cache
2020-10-05 17:31:25,486 : WARNING : ConfigProcessor : Config file in cache changed: c:\GitHub\Cuphead\modes\bonus\config\bonus.yaml
2020-10-05 17:31:25,486 : INFO : ConfigProcessor : Loading config from file c:\users\themi\appdata\local\programs\python\python36\lib\site-packages\mpf\modes\bonus\config\bonus.yaml.
2020-10-05 17:31:25,502 : INFO : ConfigProcessor : Loading config: c:\users\themi\appdata\local\programs\python\python36\lib\site-packages\mpf\modes\bonus\config\bonus.yaml
2020-10-05 17:31:25,502 : INFO : ConfigProcessor : Loading config from file c:\GitHub\Cuphead\modes\bonus\config\bonus.yaml.
2020-10-05 17:31:25,502 : INFO : ConfigProcessor : Loading config: c:\GitHub\Cuphead\modes\bonus\config\bonus.yaml
2020-10-05 17:31:25,502 : INFO : ConfigProcessor : Config file cache created: C:\Users\themi\AppData\Local\Temp\3e28196fea866bd961d93515ab5c664b.mpf_cache
2020-10-05 17:31:25,502 : INFO : ConfigProcessor : Loading config from cache: C:\Users\themi\AppData\Local\Temp\893c92602cb79b5461df4ae912d665e0.mpf_cache
2020-10-05 17:31:25,502 : INFO : ConfigProcessor : Loading config from cache: C:\Users\themi\AppData\Local\Temp\15cb35af48ef2b73a1399ecc64f542cf.mpf_cache
2020-10-05 17:31:25,502 : INFO : ConfigProcessor : Loading config from cache: C:\Users\themi\AppData\Local\Temp\8f78dc3447c1c9fe6775dbe5408c12e9.mpf_cache
2020-10-05 17:31:25,518 : INFO : ConfigProcessor : Loading config from cache: C:\Users\themi\AppData\Local\Temp\459e0fbd95aa261661d4ec522fde7178.mpf_cache
2020-10-05 17:31:25,518 : INFO : ConfigProcessor : Loading config from cache: C:\Users\themi\AppData\Local\Temp\bc011c11c9e34bbd89eedfa08565ed62.mpf_cache
2020-10-05 17:31:25,518 : INFO : ConfigProcessor : Loading config from cache: C:\Users\themi\AppData\Local\Temp\6f009ec52b9ccf4b89f291e4051b3241.mpf_cache
2020-10-05 17:31:25,518 : INFO : ConfigProcessor : Loading config from cache: C:\Users\themi\AppData\Local\Temp\c2ce7139d0aaca9aa552320269b3f50d.mpf_cache
2020-10-05 17:31:25,518 : INFO : ConfigProcessor : Loading config from cache: C:\Users\themi\AppData\Local\Temp\2b7bf9166be80f4b554569a332b23de4.mpf_cache
2020-10-05 17:31:25,518 : INFO : ConfigProcessor : Loading config from cache: C:\Users\themi\AppData\Local\Temp\c546e3aedc6779039624162d0203f540.mpf_cache
2020-10-05 17:31:25,518 : INFO : ConfigProcessor : Loading config from cache: C:\Users\themi\AppData\Local\Temp\abdfe7fa7b37a4a193490f565dc0597d.mpf_cache
2020-10-05 17:31:25,518 : INFO : ConfigProcessor : Loading config from cache: C:\Users\themi\AppData\Local\Temp\4342b421d288ce5a4483067739b72cdd.mpf_cache
2020-10-05 17:31:25,518 : INFO : ConfigProcessor : Loading config from cache: C:\Users\themi\AppData\Local\Temp\368aa16bb3be9e41d99a527245060f83.mpf_cache
2020-10-05 17:31:25,518 : INFO : ConfigProcessor : Loading config from cache: C:\Users\themi\AppData\Local\Temp\d0e012eb2507157abb0bb72425aaf5b2.mpf_cache
2020-10-05 17:31:25,518 : INFO : ConfigProcessor : Loading config from cache: C:\Users\themi\AppData\Local\Temp\0f1b51b912b71211c13fe22b9a37b50a.mpf_cache
2020-10-05 17:31:25,518 : INFO : ConfigProcessor : Loading config from cache: C:\Users\themi\AppData\Local\Temp\10ee2574e78165e598e7a995071a74cc.mpf_cache
2020-10-05 17:31:25,518 : INFO : ConfigProcessor : Loading config from cache: C:\Users\themi\AppData\Local\Temp\a266cad92e011305e896e67dddfd4a6c.mpf_cache
2020-10-05 17:31:25,518 : INFO : ConfigProcessor : Loading config from cache: C:\Users\themi\AppData\Local\Temp\7ee3e0eba3dedef43a01da4ffa491384.mpf_cache
2020-10-05 17:31:25,533 : INFO : ConfigProcessor : Loading config from cache: C:\Users\themi\AppData\Local\Temp\13fd6d25ddf06daef684ee2be33938b7.mpf_cache
2020-10-05 17:31:25,533 : INFO : Machine : Mission Pinball Framework Core Engine v0.54.0-dev.72
2020-10-05 17:31:25,533 : INFO : Machine : Command line arguments: {'no_load_cache': False, 'create_config_cache': True, 'bcp': True, 'configfile': ['config.yaml'], 'force_assets_load': False, 'jsonlogging': False, 'logfile': 'logs\\2020-10-05-17-31-25-mpf-LAPTOP-C39PEUFD.log', 'pause': False, 'production': False, 'text_ui': True, 'loglevel': 15, 'consoleloglevel': 20, 'force_platform': 'smart_virtual', 'syslog_address': None, 'mc_file_name': None, 'no_sound': False}
2020-10-05 17:31:25,533 : INFO : Machine : MPF path: c:\users\themi\appdata\local\programs\python\python36\lib\site-packages\mpf
2020-10-05 17:31:25,533 : INFO : Machine : Machine path: c:\GitHub\Cuphead
2020-10-05 17:31:25,533 : INFO : Machine : Platform: win32
2020-10-05 17:31:25,533 : INFO : Machine : Python executable location: c:\users\themi\appdata\local\programs\python\python36\python.exe
2020-10-05 17:31:25,533 : INFO : Machine : Python version: 3.6.4 (64-bit)
2020-10-05 17:31:25,533 : INFO : Machine : Initialise MPF.
2020-10-05 17:31:26,003 : INFO : EventManager : Event: ======'machine_var_credits_string'====== Args={'value': 'FREE PLAY', 'prev_value': None, 'change': True}
2020-10-05 17:31:26,144 : INFO : EventManager : Event: ======'machine_var_player1_score'====== Args={'value': 16340, 'prev_value': None, 'change': True}
2020-10-05 17:31:26,159 : INFO : EventManager : Event: ======'machine_var_mpf_version'====== Args={'value': 'MPF v0.54.0-dev.72', 'prev_value': None, 'change': True}
2020-10-05 17:31:26,159 : INFO : EventManager : Event: ======'machine_var_mpf_extended_version'====== Args={'value': 'MPF v0.54.0-dev.72, Config version:5, Show version: 5, BCP version:1.1', 'prev_value': None, 'change': True}
2020-10-05 17:31:26,159 : INFO : EventManager : Event: ======'machine_var_python_version'====== Args={'value': '3.6.4', 'prev_value': None, 'change': True}
2020-10-05 17:31:26,159 : INFO : EventManager : Event: ======'machine_var_platform'====== Args={'value': 'Windows-10-10.0.18362-SP0', 'prev_value': None, 'change': True}
2020-10-05 17:31:26,159 : INFO : EventManager : Event: ======'machine_var_platform_system'====== Args={'value': 'Windows', 'prev_value': None, 'change': True}
2020-10-05 17:31:26,159 : INFO : EventManager : Event: ======'machine_var_platform_release'====== Args={'value': '10', 'prev_value': None, 'change': True}
2020-10-05 17:31:26,159 : INFO : EventManager : Event: ======'machine_var_platform_version'====== Args={'value': '10.0.18362', 'prev_value': None, 'change': True}
2020-10-05 17:31:26,159 : INFO : EventManager : Event: ======'machine_var_platform_machine'====== Args={'value': 'AMD64', 'prev_value': None, 'change': True}
2020-10-05 17:31:26,159 : INFO : EventManager : Event: ======'init_phase_1'====== Args={}
2020-10-05 17:31:26,300 : INFO : EventManager : Event: ======'drop_target_bank_cup_bank_up'====== Args={}
2020-10-05 17:31:26,300 : INFO : EventManager : Event: ======'drop_target_bank_mug_bank_up'====== Args={}
2020-10-05 17:31:26,315 : INFO : EventManager : Event: ======'init_phase_2'====== Args={}
2020-10-05 17:31:26,315 : INFO : SwitchController : Found active switch: ('2', <Platform.SmartVirtual>)
2020-10-05 17:31:26,315 : INFO : SwitchController : Found active switch: ('3', <Platform.SmartVirtual>)
2020-10-05 17:31:26,331 : INFO : EventManager : Event: ======'bcp_connection_attempt'====== Args={'name': 'local_display', 'host': 'localhost', 'port': 5050}
2020-10-05 17:31:26,331 : INFO : BCPClientSocket : Connecting BCP to 'local_display' at localhost:5050...
2020-10-05 17:31:38,595 : INFO : BCPClientSocket : Connected BCP to 'local_display' localhost:5050
2020-10-05 17:31:38,596 : INFO : EventManager : Event: ======'bcp_clients_connected'====== Args={}
2020-10-05 17:31:38,613 : INFO : EventManager : Event: ======'machine_var_mc_version'====== Args={'value': 'MPF-MC v0.54.0-dev.20', 'prev_value': None, 'change': True}
2020-10-05 17:31:38,613 : INFO : EventManager : Event: ======'machine_var_mc_extended_version'====== Args={'value': 'MPF-MC v0.54.0-dev.20 (config_version=5, BCP v1.1, Requires MPF v0.54.0-dev.68)', 'prev_value': None, 'change': True}
2020-10-05 17:31:38,617 : INFO : EventManager : Event: ======'machine_var_master_volume'====== Args={'value': 0.5, 'prev_value': None, 'change': True}
2020-10-05 17:31:38,618 : INFO : ball_device.bd_trough : State: idle
2020-10-05 17:31:38,644 : INFO : ball_device.bd_plunger : State: idle
2020-10-05 17:31:38,680 : INFO : EventManager : Event: ======'init_phase_3'====== Args={}
2020-10-05 17:31:38,705 : INFO : EventManager : Event: ======'init_phase_4'====== Args={}
2020-10-05 17:31:38,708 : INFO : EventManager : Event: ======'machine_var_audits_events_game_ended'====== Args={'value': 21, 'prev_value': None, 'change': True}
2020-10-05 17:31:38,709 : INFO : EventManager : Event: ======'machine_var_audits_events_game_started'====== Args={'value': 40, 'prev_value': None, 'change': True}
2020-10-05 17:31:38,710 : INFO : EventManager : Event: ======'machine_var_audits_player_score'====== Args={'value': {'average': 530.4761904761905, 'top': [2970, 1300, 1220, 980, 880, 780, 720, 710, 630, 590], 'total': 21}, 'prev_value': None, 'change': True}
2020-10-05 17:31:38,710 : INFO : EventManager : Event: ======'machine_var_audits_shots_soul_L'====== Args={'value': 264, 'prev_value': None, 'change': True}
2020-10-05 17:31:38,712 : INFO : EventManager : Event: ======'machine_var_audits_shots_soul_O'====== Args={'value': 271, 'prev_value': None, 'change': True}
2020-10-05 17:31:38,715 : INFO : EventManager : Event: ======'machine_var_audits_shots_soul_S'====== Args={'value': 304, 'prev_value': None, 'change': True}
2020-10-05 17:31:38,715 : INFO : EventManager : Event: ======'machine_var_audits_shots_soul_U'====== Args={'value': 266, 'prev_value': None, 'change': True}
2020-10-05 17:31:38,716 : INFO : EventManager : Event: ======'machine_var_audits_switches_s_coin'====== Args={'value': 20, 'prev_value': None, 'change': True}
2020-10-05 17:31:38,717 : INFO : EventManager : Event: ======'machine_var_audits_switches_s_dash_L'====== Args={'value': 0, 'prev_value': None, 'change': True}
2020-10-05 17:31:38,717 : INFO : EventManager : Event: ======'machine_var_audits_switches_s_dash_R'====== Args={'value': 0, 'prev_value': None, 'change': True}
2020-10-05 17:31:38,718 : INFO : EventManager : Event: ======'machine_var_audits_switches_s_dtSling_L'====== Args={'value': 0, 'prev_value': None, 'change': True}
2020-10-05 17:31:38,719 : INFO : EventManager : Event: ======'machine_var_audits_switches_s_dtSling_R'====== Args={'value': 0, 'prev_value': None, 'change': True}
2020-10-05 17:31:38,719 : INFO : EventManager : Event: ======'machine_var_audits_switches_s_dt_C'====== Args={'value': 116, 'prev_value': None, 'change': True}
2020-10-05 17:31:38,720 : INFO : EventManager : Event: ======'machine_var_audits_switches_s_dt_G'====== Args={'value': 39, 'prev_value': None, 'change': True}
2020-10-05 17:31:38,721 : INFO : EventManager : Event: ======'machine_var_audits_switches_s_dt_M'====== Args={'value': 38, 'prev_value': None, 'change': True}
2020-10-05 17:31:38,722 : INFO : EventManager : Event: ======'machine_var_audits_switches_s_dt_P'====== Args={'value': 96, 'prev_value': None, 'change': True}
2020-10-05 17:31:38,722 : INFO : EventManager : Event: ======'machine_var_audits_switches_s_dt_U'====== Args={'value': 104, 'prev_value': None, 'change': True}
2020-10-05 17:31:38,723 : INFO : EventManager : Event: ======'machine_var_audits_switches_s_dt_U2'====== Args={'value': 38, 'prev_value': None, 'change': True}
2020-10-05 17:31:38,724 : INFO : EventManager : Event: ======'machine_var_audits_switches_s_exit_shooter_lane'====== Args={'value': 382, 'prev_value': None, 'change': True}
2020-10-05 17:31:38,725 : INFO : EventManager : Event: ======'machine_var_audits_switches_s_inLane_L'====== Args={'value': 0, 'prev_value': None, 'change': True}
2020-10-05 17:31:38,726 : INFO : EventManager : Event: ======'machine_var_audits_switches_s_inLane_R'====== Args={'value': 0, 'prev_value': None, 'change': True}
2020-10-05 17:31:38,727 : INFO : EventManager : Event: ======'machine_var_audits_switches_s_kicker'====== Args={'value': 0, 'prev_value': None, 'change': True}
2020-10-05 17:31:38,728 : INFO : EventManager : Event: ======'machine_var_audits_switches_s_left_flipper'====== Args={'value': 151, 'prev_value': None, 'change': True}
2020-10-05 17:31:38,729 : INFO : EventManager : Event: ======'machine_var_audits_switches_s_midRight'====== Args={'value': 0, 'prev_value': None, 'change': True}
2020-10-05 17:31:38,730 : INFO : EventManager : Event: ======'machine_var_audits_switches_s_outLane_L'====== Args={'value': 0, 'prev_value': None, 'change': True}
2020-10-05 17:31:38,731 : INFO : EventManager : Event: ======'machine_var_audits_switches_s_outLane_R'====== Args={'value': 0, 'prev_value': None, 'change': True}
2020-10-05 17:31:38,732 : INFO : EventManager : Event: ======'machine_var_audits_switches_s_perdition'====== Args={'value': 0, 'prev_value': None, 'change': True}
2020-10-05 17:31:38,733 : INFO : EventManager : Event: ======'machine_var_audits_switches_s_playfield'====== Args={'value': 0, 'prev_value': None, 'change': True}
2020-10-05 17:31:38,734 : INFO : EventManager : Event: ======'machine_var_audits_switches_s_plunger'====== Args={'value': 623, 'prev_value': None, 'change': True}
2020-10-05 17:31:38,735 : INFO : EventManager : Event: ======'machine_var_audits_switches_s_popBumper_1'====== Args={'value': 464, 'prev_value': None, 'change': True}
2020-10-05 17:31:38,735 : INFO : EventManager : Event: ======'machine_var_audits_switches_s_popBumper_2'====== Args={'value': 442, 'prev_value': None, 'change': True}
2020-10-05 17:31:38,736 : INFO : EventManager : Event: ======'machine_var_audits_switches_s_popBumper_3'====== Args={'value': 164, 'prev_value': None, 'change': True}
2020-10-05 17:31:38,737 : INFO : EventManager : Event: ======'machine_var_audits_switches_s_pop_bumper1'====== Args={'value': 120, 'prev_value': None, 'change': True}
2020-10-05 17:31:38,738 : INFO : EventManager : Event: ======'machine_var_audits_switches_s_pop_bumper2'====== Args={'value': 153, 'prev_value': None, 'change': True}
2020-10-05 17:31:38,739 : INFO : EventManager : Event: ======'machine_var_audits_switches_s_pop_bumper3'====== Args={'value': 100, 'prev_value': None, 'change': True}
2020-10-05 17:31:38,740 : INFO : EventManager : Event: ======'machine_var_audits_switches_s_right_flipper'====== Args={'value': 217, 'prev_value': None, 'change': True}
2020-10-05 17:31:38,741 : INFO : EventManager : Event: ======'machine_var_audits_switches_s_sling_L'====== Args={'value': 0, 'prev_value': None, 'change': True}
2020-10-05 17:31:38,742 : INFO : EventManager : Event: ======'machine_var_audits_switches_s_sling_R'====== Args={'value': 0, 'prev_value': None, 'change': True}
2020-10-05 17:31:38,744 : INFO : EventManager : Event: ======'machine_var_audits_switches_s_soul_L'====== Args={'value': 265, 'prev_value': None, 'change': True}
2020-10-05 17:31:38,747 : INFO : EventManager : Event: ======'machine_var_audits_switches_s_soul_O'====== Args={'value': 276, 'prev_value': None, 'change': True}
2020-10-05 17:31:38,748 : INFO : EventManager : Event: ======'machine_var_audits_switches_s_soul_S'====== Args={'value': 304, 'prev_value': None, 'change': True}
2020-10-05 17:31:38,749 : INFO : EventManager : Event: ======'machine_var_audits_switches_s_soul_U'====== Args={'value': 266, 'prev_value': None, 'change': True}
2020-10-05 17:31:38,750 : INFO : EventManager : Event: ======'machine_var_audits_switches_s_standUp_1'====== Args={'value': 0, 'prev_value': None, 'change': True}
2020-10-05 17:31:38,751 : INFO : EventManager : Event: ======'machine_var_audits_switches_s_standUp_2'====== Args={'value': 0, 'prev_value': None, 'change': True}
2020-10-05 17:31:38,752 : INFO : EventManager : Event: ======'machine_var_audits_switches_s_standUp_3'====== Args={'value': 0, 'prev_value': None, 'change': True}
2020-10-05 17:31:38,753 : INFO : EventManager : Event: ======'machine_var_audits_switches_s_standUp_R'====== Args={'value': 0, 'prev_value': None, 'change': True}
2020-10-05 17:31:38,754 : INFO : EventManager : Event: ======'machine_var_audits_switches_s_star_1'====== Args={'value': 0, 'prev_value': None, 'change': True}
2020-10-05 17:31:38,755 : INFO : EventManager : Event: ======'machine_var_audits_switches_s_star_2'====== Args={'value': 0, 'prev_value': None, 'change': True}
2020-10-05 17:31:38,756 : INFO : EventManager : Event: ======'machine_var_audits_switches_s_star_3'====== Args={'value': 0, 'prev_value': None, 'change': True}
2020-10-05 17:31:38,757 : INFO : EventManager : Event: ======'machine_var_audits_switches_s_start'====== Args={'value': 69, 'prev_value': None, 'change': True}
2020-10-05 17:31:38,757 : INFO : EventManager : Event: ======'machine_var_audits_switches_s_tilt'====== Args={'value': 0, 'prev_value': None, 'change': True}
2020-10-05 17:31:38,758 : INFO : EventManager : Event: ======'machine_var_audits_switches_s_trough1'====== Args={'value': 552, 'prev_value': None, 'change': True}
2020-10-05 17:31:38,759 : INFO : EventManager : Event: ======'machine_var_audits_switches_s_trough2'====== Args={'value': 72, 'prev_value': None, 'change': True}
2020-10-05 17:31:38,761 : INFO : EventManager : Event: ======'machine_var_audits_switches_s_trough_jam'====== Args={'value': 13, 'prev_value': None, 'change': True}
2020-10-05 17:31:38,764 : INFO : EventManager : Event: ======'init_phase_5'====== Args={}
2020-10-05 17:31:38,792 : INFO : EventManager : Event: ======'init_done'====== Args={}
2020-10-05 17:31:38,793 : INFO : BcpServer : New client connected.
2020-10-05 17:31:38,794 : INFO : EventManager : Event: ======'machine_reset_phase_1'====== Args={}
2020-10-05 17:31:38,842 : INFO : EventManager : Event: ======'slide_welcome_slide_removed'====== Args={'_from_bcp': True}
2020-10-05 17:31:38,844 : INFO : EventManager : Event: ======'slide_welcome_slide_created'====== Args={'_from_bcp': True}
2020-10-05 17:31:38,846 : INFO : EventManager : Event: ======'slide_welcome_slide_active'====== Args={'_from_bcp': True}
2020-10-05 17:31:38,849 : INFO : EventManager : Event: ======'machine_reset_phase_2'====== Args={}
2020-10-05 17:31:38,850 : INFO : EventManager : Event: ======'machine_reset_phase_3'====== Args={}
2020-10-05 17:31:38,851 : INFO : drop_target_bank.cup_bank : All targets are already up. Will not reset bank.
2020-10-05 17:31:38,851 : INFO : drop_target_bank.mug_bank : All targets are already up. Will not reset bank.
2020-10-05 17:31:38,852 : INFO : EventManager : Event: ======'reset_complete'====== Args={}
2020-10-05 17:31:38,853 : INFO : EventManager : Event: ======'mode_attract_will_start'====== Args={}
2020-10-05 17:31:38,855 : INFO : EventManager : Event: ======'mode_attract_starting'====== Args={}
2020-10-05 17:31:38,856 : INFO : Mode.attract : Started. Priority: 10
2020-10-05 17:31:38,856 : INFO : EventManager : Event: ======'modes_active_modes_changed'====== Args={}
2020-10-05 17:31:38,857 : INFO : EventManager : Event: ======'mode_attract_started'====== Args={}
2020-10-05 17:31:38,861 : INFO : EventManager : Event: ======'collecting_balls_complete'====== Args={}
2020-10-05 17:31:38,940 : INFO : EventManager : Event: ======'slide_awesome_slide_created'====== Args={'_from_bcp': True}
2020-10-05 17:31:38,941 : INFO : EventManager : Event: ======'slide_awesome_slide_active'====== Args={'_from_bcp': True}
2020-10-05 17:31:38,942 : INFO : Machine : Starting the main run loop.
2020-10-05 17:31:41,881 : INFO : EventManager : Event: ======'slide_press_start_created'====== Args={'_from_bcp': True}
2020-10-05 17:31:41,886 : INFO : EventManager : Event: ======'slide_press_start_active'====== Args={'_from_bcp': True}
2020-10-05 17:31:41,999 : INFO : SwitchController : <<<<<<< 's_start' active >>>>>>>
2020-10-05 17:31:42,119 : INFO : SwitchController : <<<<<<< 's_start' inactive >>>>>>>
2020-10-05 17:31:42,120 : INFO : EventManager : Event: ======'request_to_start_game'====== Args={}
2020-10-05 17:31:42,121 : INFO : EventManager : Event: ======'game_start'====== Args={'buttons': [], 'hold_time': 0.125}
2020-10-05 17:31:42,122 : INFO : EventManager : Event: ======'mode_game_will_start'====== Args={'buttons': [], 'hold_time': 0.125}
2020-10-05 17:31:42,124 : INFO : EventManager : Event: ======'mode_game_starting'====== Args={'buttons': [], 'hold_time': 0.125}
2020-10-05 17:31:42,125 : INFO : EventManager : Event: ======'mode_attract_will_stop'====== Args={}
2020-10-05 17:31:42,126 : INFO : EventManager : Event: ======'mode_attract_stopping'====== Args={}
2020-10-05 17:31:42,126 : INFO : Mode.attract : Stopped.
2020-10-05 17:31:42,126 : INFO : EventManager : Event: ======'modes_active_modes_changed'====== Args={}
2020-10-05 17:31:42,129 : INFO : EventManager : Event: ======'mode_attract_stopped'====== Args={}
2020-10-05 17:31:42,130 : INFO : EventManager : Event: ======'clear'====== Args={'key': 'attract'}
2020-10-05 17:31:42,131 : INFO : Mode.game : Started. Priority: 20
2020-10-05 17:31:42,131 : INFO : EventManager : Event: ======'modes_active_modes_changed'====== Args={}
2020-10-05 17:31:42,131 : INFO : EventManager : Event: ======'mode_game_started'====== Args={'buttons': [], 'hold_time': 0.125}
2020-10-05 17:31:42,171 : INFO : EventManager : Event: ======'game_will_start'====== Args={}
2020-10-05 17:31:42,172 : INFO : EventManager : Event: ======'slide_awesome_slide_removed'====== Args={'_from_bcp': True}
2020-10-05 17:31:42,172 : INFO : EventManager : Event: ======'slide_press_start_removed'====== Args={'_from_bcp': True}
2020-10-05 17:31:42,173 : INFO : EventManager : Event: ======'slide_welcome_slide_active'====== Args={'_from_bcp': True}
2020-10-05 17:31:42,182 : INFO : EventManager : Event: ======'game_starting'====== Args={'game': <Mode.game>}
2020-10-05 17:31:42,184 : INFO : EventManager : Event: ======'player_add_request'====== Args={}
2020-10-05 17:31:42,185 : INFO : EventManager : Event: ======'player_will_add'====== Args={'number': 1}
2020-10-05 17:31:42,186 : INFO : EventManager : Event: ======'player_adding'====== Args={'player': <Player 1>, 'number': 1}
2020-10-05 17:31:42,187 : INFO : EventManager : Event: ======'player_added'====== Args={'player': <Player 1>, 'num': 1}
2020-10-05 17:31:42,188 : INFO : Mode.game : Player added successfully. Total players: 1
2020-10-05 17:31:42,188 : INFO : EventManager : Event: ======'player_index'====== Args={'value': 0, 'prev_value': 0, 'change': 0, 'player_num': 1}
2020-10-05 17:31:42,189 : INFO : EventManager : Event: ======'player_number'====== Args={'value': 1, 'prev_value': 1, 'change': 0, 'player_num': 1}
2020-10-05 17:31:42,190 : INFO : EventManager : Event: ======'player_bonus_multiplier'====== Args={'value': 1, 'prev_value': 1, 'change': 0, 'player_num': 1}
2020-10-05 17:31:42,191 : INFO : EventManager : Event: ======'player_contracts'====== Args={'value': 0, 'prev_value': 0, 'change': 0, 'player_num': 1}
2020-10-05 17:31:42,192 : INFO : EventManager : Event: ======'player_score'====== Args={'value': 0, 'prev_value': 0, 'change': 0, 'player_num': 1}
2020-10-05 17:31:42,193 : INFO : EventManager : Event: ======'game_started'====== Args={}
2020-10-05 17:31:42,222 : INFO : EventManager : Event: ======'player_turn_will_start'====== Args={'player': <Player 1>, 'number': 1}
2020-10-05 17:31:42,226 : INFO : EventManager : Event: ======'player_turn_starting'====== Args={'player': <Player 1>, 'number': 1}
2020-10-05 17:31:42,228 : INFO : EventManager : Event: ======'player_ball'====== Args={'value': 1, 'prev_value': 0, 'change': 1, 'player_num': 1}
2020-10-05 17:31:42,230 : INFO : EventManager : Event: ======'player_turn_started'====== Args={'player': <Player 1>, 'number': 1}
2020-10-05 17:31:42,232 : INFO : EventManager : Event: ======'ball_will_start'====== Args={'player': 1, 'ball': 1, 'balls_remaining': 4, 'is_extra_ball': False}
2020-10-05 17:31:42,255 : INFO : EventManager : Event: ======'ball_starting'====== Args={'player': 1, 'ball': 1, 'balls_remaining': 4, 'is_extra_ball': False}
2020-10-05 17:31:42,257 : INFO : EventManager : Event: ======'mode_base_will_start'====== Args={'queue': <QueuedEvent>, 'player': 1, 'ball': 1, 'balls_remaining': 4, 'is_extra_ball': False}
2020-10-05 17:31:42,266 : INFO : EventManager : Event: ======'mode_base_starting'====== Args={'queue': <QueuedEvent>, 'player': 1, 'ball': 1, 'balls_remaining': 4, 'is_extra_ball': False}
2020-10-05 17:31:42,267 : INFO : drop_target_bank.cup_bank : All targets are already up. Will not reset bank.
2020-10-05 17:31:42,267 : INFO : drop_target_bank.mug_bank : All targets are already up. Will not reset bank.
2020-10-05 17:31:42,269 : INFO : EventManager : Event: ======'balls_in_play'====== Args={'balls': 1}
2020-10-05 17:31:42,270 : INFO : EventManager : Event: ======'ball_started'====== Args={'player': 1, 'ball': 1, 'balls_remaining': 4, 'is_extra_ball': False}
2020-10-05 17:31:42,272 : INFO : EventManager : Event: ======'logicblock_bonus_updated'====== Args={'value': 0, 'enabled': True}
2020-10-05 17:31:42,273 : INFO : EventManager : Event: ======'logicblock_bonus_updated'====== Args={'value': 0, 'enabled': True}
2020-10-05 17:31:42,274 : INFO : Mode.base : Started. Priority: 100
2020-10-05 17:31:42,274 : INFO : EventManager : Event: ======'modes_active_modes_changed'====== Args={}
2020-10-05 17:31:42,275 : INFO : EventManager : Event: ======'mode_base_started'====== Args={'queue': <QueuedEvent>, 'player': 1, 'ball': 1, 'balls_remaining': 4, 'is_extra_ball': False}
2020-10-05 17:31:42,276 : INFO : EventManager : Event: ======'mode_soulLanes_will_start'====== Args={'player': 1, 'ball': 1, 'balls_remaining': 4, 'is_extra_ball': False}
2020-10-05 17:31:42,278 : INFO : EventManager : Event: ======'player_shot_soul_S_enabled'====== Args={'value': True, 'prev_value': 0, 'change': 1, 'player_num': 1}
2020-10-05 17:31:42,280 : INFO : EventManager : Event: ======'player_shot_soul_O_enabled'====== Args={'value': True, 'prev_value': 0, 'change': 1, 'player_num': 1}
2020-10-05 17:31:42,281 : INFO : EventManager : Event: ======'player_shot_soul_U_enabled'====== Args={'value': True, 'prev_value': 0, 'change': 1, 'player_num': 1}
2020-10-05 17:31:42,283 : INFO : EventManager : Event: ======'player_shot_soul_L_enabled'====== Args={'value': True, 'prev_value': 0, 'change': 1, 'player_num': 1}
2020-10-05 17:31:42,285 : INFO : EventManager : Event: ======'soul_lanes_complete'====== Args={'state': 'unlit'}
2020-10-05 17:31:42,285 : INFO : EventManager : Event: ======'soul_lanes_unlit_complete'====== Args={}
2020-10-05 17:31:42,289 : INFO : EventManager : Event: ======'mode_soulLanes_starting'====== Args={'player': 1, 'ball': 1, 'balls_remaining': 4, 'is_extra_ball': False}
2020-10-05 17:31:42,305 : INFO : EventManager : Event: ======'logicblock_contarct_counter_updated'====== Args={'value': 1, 'enabled': True}
2020-10-05 17:31:42,306 : INFO : EventManager : Event: ======'logicblock_contarct_counter_updated'====== Args={'value': 1, 'enabled': True}
2020-10-05 17:31:42,306 : INFO : Mode.soulLanes : Started. Priority: 110
2020-10-05 17:31:42,306 : INFO : EventManager : Event: ======'modes_active_modes_changed'====== Args={}
2020-10-05 17:31:42,307 : INFO : EventManager : Event: ======'mode_soulLanes_started'====== Args={'player': 1, 'ball': 1, 'balls_remaining': 4, 'is_extra_ball': False}
2020-10-05 17:31:42,308 : INFO : EventManager : Event: ======'single_player_ball_started'====== Args={}
2020-10-05 17:31:42,392 : INFO : EventManager : Event: ======'player_bonus_multiplier'====== Args={'value': 0, 'prev_value': 1, 'change': -1, 'player_num': 1}
2020-10-05 17:31:42,396 : INFO : ball_device.bd_plunger : Setting up player-controlled eject. Balls: 1, Target: <playfield.playfield>, player_controlled_eject_event: None
2020-10-05 17:31:42,397 : INFO : EventManager : Event: ======'balldevice_balls_available'====== Args={}
2020-10-05 17:31:42,464 : INFO : EventManager : Event: ======'slide_base.slide_player-mode_base_started_created'====== Args={'_from_bcp': True}
2020-10-05 17:31:42,465 : INFO : EventManager : Event: ======'slide_base.slide_player-mode_base_started_active'====== Args={'_from_bcp': True}
2020-10-05 17:31:42,467 : INFO : ball_device.bd_trough : State: waiting_for_target_ready
2020-10-05 17:31:42,468 : INFO : EventManager : Event: ======'balldevice_bd_trough_ball_eject_attempt'====== Args={'balls': 1, 'target': <ball_device.bd_plunger>, 'source': <ball_device.bd_trough>, 'mechanical_eject': True, 'num_attempts': 0}
2020-10-05 17:31:42,469 : INFO : ball_device.bd_plunger : State: waiting_for_ball
2020-10-05 17:31:42,470 : INFO : ball_device.bd_trough : State: ejecting
2020-10-05 17:31:42,470 : INFO : ball_device.bd_trough : Ejecting ball to <ball_device.bd_plunger>
2020-10-05 17:31:42,471 : INFO : EventManager : Event: ======'balldevice_bd_trough_ejecting_ball'====== Args={'balls': 1, 'target': <ball_device.bd_plunger>, 'source': <ball_device.bd_trough>, 'mechanical_eject': True, 'num_attempts': 0}
2020-10-05 17:31:42,473 : INFO : ball_device.bd_trough : Wait for ball to leave device
2020-10-05 17:31:42,474 : INFO : coil.c_trough_eject : Pulsing Driver for 20ms (1.0 pulse_power)
2020-10-05 17:31:42,474 : INFO : SwitchController : <<<<<<< 's_trough1' inactive >>>>>>>
2020-10-05 17:31:42,496 : INFO : ball_device.bd_trough : State: ball_left
2020-10-05 17:31:42,497 : INFO : ball_device.bd_trough : Ball left
2020-10-05 17:31:42,497 : INFO : ball_device.bd_trough : Wait for confirm with timeout 10.0
2020-10-05 17:31:42,578 : INFO : SwitchController : <<<<<<< 's_plunger' active >>>>>>>
2020-10-05 17:31:42,578 : INFO : EventManager : Event: ======'machine_var_audits_switches_s_plunger'====== Args={'value': 624, 'prev_value': 623, 'change': 1}
2020-10-05 17:31:43,067 : INFO : ball_device.bd_plunger : Received ball from <ball_device.bd_trough>
2020-10-05 17:31:43,068 : INFO : EventManager : Event: ======'balldevice_bd_plunger_ball_enter'====== Args={'new_balls': 1, 'unclaimed_balls': 0, 'new_available_balls': 0, 'device': <ball_device.bd_plunger>}
2020-10-05 17:31:43,070 : INFO : EventManager : Event: ======'balldevice_bd_plunger_ball_entered'====== Args={'new_balls': 0, 'device': <ball_device.bd_plunger>}
2020-10-05 17:31:43,072 : INFO : EventManager : Event: ======'balldevice_bd_plunger_ball_count_changed'====== Args={'balls': 1}
2020-10-05 17:31:43,073 : INFO : ball_device.bd_trough : Got eject confirm
2020-10-05 17:31:43,073 : INFO : ball_device.bd_trough : Eject successful
2020-10-05 17:31:43,074 : INFO : EventManager : Event: ======'balldevice_bd_trough_ball_eject_success'====== Args={'balls': 1, 'target': <ball_device.bd_plunger>}
2020-10-05 17:31:43,076 : INFO : EventManager : Event: ======'balldevice_bd_trough_ball_count_changed'====== Args={'balls': 1}
2020-10-05 17:31:43,077 : INFO : ball_device.bd_trough : State: idle
2020-10-05 17:31:43,079 : INFO : ball_device.bd_plunger : State: waiting_for_target_ready
2020-10-05 17:31:43,080 : INFO : EventManager : Event: ======'balldevice_bd_plunger_ball_eject_attempt'====== Args={'balls': 1, 'target': <playfield.playfield>, 'source': <ball_device.bd_plunger>, 'mechanical_eject': True, 'num_attempts': 0}
2020-10-05 17:31:43,082 : INFO : ball_device.bd_plunger : State: ejecting
2020-10-05 17:31:43,083 : INFO : ball_device.bd_plunger : Ejecting ball to <playfield.playfield>
2020-10-05 17:31:43,085 : INFO : EventManager : Event: ======'balldevice_bd_plunger_ejecting_ball'====== Args={'balls': 1, 'target': <playfield.playfield>, 'source': <ball_device.bd_plunger>, 'mechanical_eject': True, 'num_attempts': 0}
2020-10-05 17:31:43,088 : INFO : ball_device.bd_plunger : Wait for ball to leave device
2020-10-05 17:32:02,944 : INFO : SwitchController : <<<<<<< 's_soul_S' active >>>>>>>
2020-10-05 17:32:02,944 : INFO : EventManager : Event: ======'s_soul_S_active'====== Args={}
2020-10-05 17:32:02,945 : INFO : EventManager : Event: ======'machine_var_audits_switches_s_soul_S'====== Args={'value': 305, 'prev_value': 304, 'change': 1}
2020-10-05 17:32:02,955 : INFO : EventManager : Event: ======'playfield_active'====== Args={}
2020-10-05 17:32:02,956 : INFO : EventManager : Event: ======'player_shot_soul_S'====== Args={'value': 1, 'prev_value': 0, 'change': 1, 'player_num': 1}
2020-10-05 17:32:02,958 : INFO : EventManager : Event: ======'machine_var_audits_shots_soul_S'====== Args={'value': 305, 'prev_value': 304, 'change': 1}
2020-10-05 17:32:02,960 : INFO : EventManager : Event: ======'soul_S_hit'====== Args={'profile': 'default', 'state': 'unlit', 'advancing': True}
2020-10-05 17:32:02,961 : INFO : EventManager : Event: ======'soul_S_default_hit'====== Args={'profile': 'default', 'state': 'unlit', 'advancing': True}
2020-10-05 17:32:02,962 : INFO : EventManager : Event: ======'soul_S_default_unlit_hit'====== Args={'profile': 'default', 'state': 'unlit', 'advancing': True}
2020-10-05 17:32:02,962 : INFO : EventManager : Event: ======'soul_S_unlit_hit'====== Args={'profile': 'default', 'state': 'unlit', 'advancing': True}
2020-10-05 17:32:02,963 : INFO : EventManager : Event: ======'player_score'====== Args={'value': 10, 'prev_value': 0, 'change': 10, 'player_num': 1}
2020-10-05 17:32:02,964 : INFO : EventManager : Event: ======'soul_lanes_hit'====== Args={}
2020-10-05 17:32:02,965 : INFO : EventManager : Event: ======'soul_lanes_unlit_hit'====== Args={}
2020-10-05 17:32:03,162 : INFO : SwitchController : <<<<<<< 's_soul_S' inactive >>>>>>>
2020-10-05 17:32:04,398 : INFO : SwitchController : <<<<<<< 's_soul_O' active >>>>>>>
2020-10-05 17:32:04,399 : INFO : EventManager : Event: ======'s_soul_O_active'====== Args={}
2020-10-05 17:32:04,400 : INFO : EventManager : Event: ======'machine_var_audits_switches_s_soul_O'====== Args={'value': 277, 'prev_value': 276, 'change': 1}
2020-10-05 17:32:04,404 : INFO : EventManager : Event: ======'playfield_active'====== Args={}
2020-10-05 17:32:04,405 : INFO : EventManager : Event: ======'player_shot_soul_O'====== Args={'value': 1, 'prev_value': 0, 'change': 1, 'player_num': 1}
2020-10-05 17:32:04,408 : INFO : EventManager : Event: ======'machine_var_audits_shots_soul_O'====== Args={'value': 272, 'prev_value': 271, 'change': 1}
2020-10-05 17:32:04,411 : INFO : EventManager : Event: ======'soul_O_hit'====== Args={'profile': 'default', 'state': 'unlit', 'advancing': True}
2020-10-05 17:32:04,412 : INFO : EventManager : Event: ======'soul_O_default_hit'====== Args={'profile': 'default', 'state': 'unlit', 'advancing': True}
2020-10-05 17:32:04,413 : INFO : EventManager : Event: ======'soul_O_default_unlit_hit'====== Args={'profile': 'default', 'state': 'unlit', 'advancing': True}
2020-10-05 17:32:04,414 : INFO : EventManager : Event: ======'soul_O_unlit_hit'====== Args={'profile': 'default', 'state': 'unlit', 'advancing': True}
2020-10-05 17:32:04,415 : INFO : EventManager : Event: ======'player_score'====== Args={'value': 20, 'prev_value': 10, 'change': 10, 'player_num': 1}
2020-10-05 17:32:04,416 : INFO : EventManager : Event: ======'soul_lanes_hit'====== Args={}
2020-10-05 17:32:04,417 : INFO : EventManager : Event: ======'soul_lanes_unlit_hit'====== Args={}
2020-10-05 17:32:04,546 : INFO : SwitchController : <<<<<<< 's_soul_O' inactive >>>>>>>
2020-10-05 17:32:04,877 : INFO : SwitchController : <<<<<<< 's_soul_U' active >>>>>>>
2020-10-05 17:32:04,877 : INFO : EventManager : Event: ======'s_soul_U_active'====== Args={}
2020-10-05 17:32:04,878 : INFO : EventManager : Event: ======'machine_var_audits_switches_s_soul_U'====== Args={'value': 267, 'prev_value': 266, 'change': 1}
2020-10-05 17:32:04,881 : INFO : EventManager : Event: ======'playfield_active'====== Args={}
2020-10-05 17:32:04,882 : INFO : EventManager : Event: ======'player_shot_soul_U'====== Args={'value': 1, 'prev_value': 0, 'change': 1, 'player_num': 1}
2020-10-05 17:32:04,885 : INFO : EventManager : Event: ======'machine_var_audits_shots_soul_U'====== Args={'value': 267, 'prev_value': 266, 'change': 1}
2020-10-05 17:32:04,887 : INFO : EventManager : Event: ======'soul_U_hit'====== Args={'profile': 'default', 'state': 'unlit', 'advancing': True}
2020-10-05 17:32:04,888 : INFO : EventManager : Event: ======'soul_U_default_hit'====== Args={'profile': 'default', 'state': 'unlit', 'advancing': True}
2020-10-05 17:32:04,889 : INFO : EventManager : Event: ======'soul_U_default_unlit_hit'====== Args={'profile': 'default', 'state': 'unlit', 'advancing': True}
2020-10-05 17:32:04,889 : INFO : EventManager : Event: ======'soul_U_unlit_hit'====== Args={'profile': 'default', 'state': 'unlit', 'advancing': True}
2020-10-05 17:32:04,891 : INFO : EventManager : Event: ======'player_score'====== Args={'value': 30, 'prev_value': 20, 'change': 10, 'player_num': 1}
2020-10-05 17:32:04,893 : INFO : EventManager : Event: ======'soul_lanes_hit'====== Args={}
2020-10-05 17:32:04,894 : INFO : EventManager : Event: ======'soul_lanes_unlit_hit'====== Args={}
2020-10-05 17:32:05,010 : INFO : SwitchController : <<<<<<< 's_soul_U' inactive >>>>>>>
2020-10-05 17:32:05,564 : INFO : SwitchController : <<<<<<< 's_soul_L' active >>>>>>>
2020-10-05 17:32:05,564 : INFO : EventManager : Event: ======'s_soul_L_active'====== Args={}
2020-10-05 17:32:05,566 : INFO : EventManager : Event: ======'machine_var_audits_switches_s_soul_L'====== Args={'value': 266, 'prev_value': 265, 'change': 1}
2020-10-05 17:32:05,568 : INFO : EventManager : Event: ======'playfield_active'====== Args={}
2020-10-05 17:32:05,569 : INFO : EventManager : Event: ======'player_shot_soul_L'====== Args={'value': 1, 'prev_value': 0, 'change': 1, 'player_num': 1}
2020-10-05 17:32:05,572 : INFO : EventManager : Event: ======'machine_var_audits_shots_soul_L'====== Args={'value': 265, 'prev_value': 264, 'change': 1}
2020-10-05 17:32:05,575 : INFO : EventManager : Event: ======'soul_L_hit'====== Args={'profile': 'default', 'state': 'unlit', 'advancing': True}
2020-10-05 17:32:05,576 : INFO : EventManager : Event: ======'soul_L_default_hit'====== Args={'profile': 'default', 'state': 'unlit', 'advancing': True}
2020-10-05 17:32:05,577 : INFO : EventManager : Event: ======'soul_L_default_unlit_hit'====== Args={'profile': 'default', 'state': 'unlit', 'advancing': True}
2020-10-05 17:32:05,577 : INFO : EventManager : Event: ======'soul_L_unlit_hit'====== Args={'profile': 'default', 'state': 'unlit', 'advancing': True}
2020-10-05 17:32:05,578 : INFO : EventManager : Event: ======'player_score'====== Args={'value': 40, 'prev_value': 30, 'change': 10, 'player_num': 1}
2020-10-05 17:32:05,580 : INFO : EventManager : Event: ======'soul_lanes_complete'====== Args={'state': 'lit'}
2020-10-05 17:32:05,581 : INFO : EventManager : Event: ======'soul_lanes_lit_complete'====== Args={}
2020-10-05 17:32:05,582 : INFO : EventManager : Event: ======'soul_lanes_hit'====== Args={}
2020-10-05 17:32:05,583 : INFO : EventManager : Event: ======'soul_lanes_unlit_hit'====== Args={}
2020-10-05 17:32:05,584 : INFO : EventManager : Event: ======'player_score'====== Args={'value': 1040, 'prev_value': 40, 'change': 1000, 'player_num': 1}
2020-10-05 17:32:05,585 : INFO : EventManager : Event: ======'logicblock_contarct_counter_updated'====== Args={'value': 2, 'enabled': True}
2020-10-05 17:32:05,586 : INFO : EventManager : Event: ======'soul_lanes_done'====== Args={'count': 2}
2020-10-05 17:32:05,588 : INFO : EventManager : Event: ======'player_bonus_multiplier'====== Args={'value': 1, 'prev_value': 0, 'change': 1, 'player_num': 1}
2020-10-05 17:32:05,702 : INFO : SwitchController : <<<<<<< 's_soul_L' inactive >>>>>>>
2020-10-05 17:32:06,595 : INFO : EventManager : Event: ======'player_shot_soul_S'====== Args={'value': 0, 'prev_value': 1, 'change': -1, 'player_num': 1}
2020-10-05 17:32:06,599 : INFO : EventManager : Event: ======'player_shot_soul_O'====== Args={'value': 0, 'prev_value': 1, 'change': -1, 'player_num': 1}
2020-10-05 17:32:06,601 : INFO : EventManager : Event: ======'player_shot_soul_U'====== Args={'value': 0, 'prev_value': 1, 'change': -1, 'player_num': 1}
2020-10-05 17:32:06,607 : INFO : EventManager : Event: ======'player_shot_soul_L'====== Args={'value': 0, 'prev_value': 1, 'change': -1, 'player_num': 1}
2020-10-05 17:32:20,128 : INFO : SwitchController : <<<<<<< 's_dt_C' active >>>>>>>
2020-10-05 17:32:20,128 : INFO : EventManager : Event: ======'s_dt_C_active'====== Args={}
2020-10-05 17:32:20,128 : INFO : EventManager : Event: ======'playfield_active'====== Args={}
2020-10-05 17:32:20,129 : INFO : EventManager : Event: ======'drop_target_cup_C_down'====== Args={'device': <drop_target.cup_C>}
2020-10-05 17:32:20,130 : INFO : EventManager : Event: ======'drop_target_bank_cup_bank_mixed'====== Args={'down': 1}
2020-10-05 17:32:20,131 : INFO : EventManager : Event: ======'machine_var_audits_switches_s_dt_C'====== Args={'value': 117, 'prev_value': 116, 'change': 1}
2020-10-05 17:32:20,133 : INFO : EventManager : Event: ======'player_score'====== Args={'value': 1140, 'prev_value': 1040, 'change': 100, 'player_num': 1}
2020-10-05 17:32:21,528 : INFO : SwitchController : <<<<<<< 's_dt_U' active >>>>>>>
2020-10-05 17:32:21,528 : INFO : EventManager : Event: ======'s_dt_U_active'====== Args={}
2020-10-05 17:32:21,529 : INFO : EventManager : Event: ======'playfield_active'====== Args={}
2020-10-05 17:32:21,530 : INFO : EventManager : Event: ======'drop_target_cup_U_down'====== Args={'device': <drop_target.cup_U>}
2020-10-05 17:32:21,532 : INFO : EventManager : Event: ======'drop_target_bank_cup_bank_mixed'====== Args={'down': 2}
2020-10-05 17:32:21,532 : INFO : EventManager : Event: ======'machine_var_audits_switches_s_dt_U'====== Args={'value': 105, 'prev_value': 104, 'change': 1}
2020-10-05 17:32:21,540 : INFO : EventManager : Event: ======'player_score'====== Args={'value': 1240, 'prev_value': 1140, 'change': 100, 'player_num': 1}
2020-10-05 17:32:22,851 : INFO : SwitchController : <<<<<<< 's_dt_P' active >>>>>>>
2020-10-05 17:32:22,852 : INFO : EventManager : Event: ======'s_dt_P_active'====== Args={}
2020-10-05 17:32:22,852 : INFO : EventManager : Event: ======'playfield_active'====== Args={}
2020-10-05 17:32:22,854 : INFO : EventManager : Event: ======'drop_target_cup_P_down'====== Args={'device': <drop_target.cup_P>}
2020-10-05 17:32:22,856 : INFO : EventManager : Event: ======'drop_target_bank_cup_bank_down'====== Args={}
2020-10-05 17:32:22,857 : INFO : EventManager : Event: ======'machine_var_audits_switches_s_dt_P'====== Args={'value': 97, 'prev_value': 96, 'change': 1}
2020-10-05 17:32:22,864 : INFO : EventManager : Event: ======'player_score'====== Args={'value': 1340, 'prev_value': 1240, 'change': 100, 'player_num': 1}
2020-10-05 17:32:22,865 : INFO : EventManager : Event: ======'player_contracts'====== Args={'value': 1, 'prev_value': 0, 'change': 1, 'player_num': 1}
2020-10-05 17:32:22,866 : INFO : EventManager : Event: ======'logicblock_bonus_updated'====== Args={'value': 1, 'enabled': True}
2020-10-05 17:32:22,867 : INFO : EventManager : Event: ======'bank_done'====== Args={'count': 1, 'remaining': 9}
2020-10-05 17:32:22,869 : INFO : drop_target_bank.cup_bank : 3 targets are down. Will reset those.
2020-10-05 17:32:22,869 : INFO : coil.c_dt_reset_CUP : Pulsing Driver for 10ms (1.0 pulse_power)
2020-10-05 17:32:22,917 : INFO : SwitchController : <<<<<<< 's_dt_C' inactive >>>>>>>
2020-10-05 17:32:22,918 : INFO : SwitchController : <<<<<<< 's_dt_U' inactive >>>>>>>
2020-10-05 17:32:22,918 : INFO : SwitchController : <<<<<<< 's_dt_P' inactive >>>>>>>
2020-10-05 17:32:23,349 : INFO : drop_target_bank.cup_bank : 3 targets are down. Will reset those.
2020-10-05 17:32:23,350 : INFO : coil.c_dt_reset_CUP : Pulsing Driver for 10ms (1.0 pulse_power)
2020-10-05 17:32:23,351 : INFO : EventManager : Event: ======'drop_target_cup_U_up'====== Args={'device': <drop_target.cup_U>}
2020-10-05 17:32:23,353 : INFO : EventManager : Event: ======'drop_target_cup_P_up'====== Args={'device': <drop_target.cup_P>}
2020-10-05 17:32:23,355 : INFO : EventManager : Event: ======'drop_target_cup_C_up'====== Args={'device': <drop_target.cup_C>}
2020-10-05 17:32:23,396 : WARNING : SwitchController : Received duplicate switch state 0 for switch s_dt_C from the platform interface. Log Code: Log-SwitchController-1 (https://docs.missionpinball.org/en/dev/logs/Log-SwitchController-1.html)
2020-10-05 17:32:23,396 : WARNING : SwitchController : Received duplicate switch state 0 for switch s_dt_U from the platform interface. Log Code: Log-SwitchController-1 (https://docs.missionpinball.org/en/dev/logs/Log-SwitchController-1.html)
2020-10-05 17:32:23,396 : WARNING : SwitchController : Received duplicate switch state 0 for switch s_dt_P from the platform interface. Log Code: Log-SwitchController-1 (https://docs.missionpinball.org/en/dev/logs/Log-SwitchController-1.html)
2020-10-05 17:32:23,855 : INFO : EventManager : Event: ======'restore'====== Args={}
2020-10-05 17:32:23,857 : INFO : EventManager : Event: ======'drop_target_bank_cup_bank_up'====== Args={}
2020-10-05 17:32:28,662 : INFO : SwitchController : <<<<<<< 's_dt_C' active >>>>>>>
2020-10-05 17:32:28,663 : INFO : EventManager : Event: ======'s_dt_C_active'====== Args={}
2020-10-05 17:32:28,664 : INFO : EventManager : Event: ======'playfield_active'====== Args={}
2020-10-05 17:32:28,669 : INFO : EventManager : Event: ======'drop_target_cup_C_down'====== Args={'device': <drop_target.cup_C>}
2020-10-05 17:32:28,672 : INFO : EventManager : Event: ======'drop_target_bank_cup_bank_mixed'====== Args={'down': 1}
2020-10-05 17:32:28,673 : INFO : EventManager : Event: ======'machine_var_audits_switches_s_dt_C'====== Args={'value': 118, 'prev_value': 117, 'change': 1}
2020-10-05 17:32:28,686 : INFO : EventManager : Event: ======'player_score'====== Args={'value': 1440, 'prev_value': 1340, 'change': 100, 'player_num': 1}
2020-10-05 17:32:30,983 : INFO : SwitchController : <<<<<<< 's_dt_U' active >>>>>>>
2020-10-05 17:32:30,983 : INFO : EventManager : Event: ======'s_dt_U_active'====== Args={}
2020-10-05 17:32:30,984 : INFO : EventManager : Event: ======'playfield_active'====== Args={}
2020-10-05 17:32:30,985 : INFO : EventManager : Event: ======'drop_target_cup_U_down'====== Args={'device': <drop_target.cup_U>}
2020-10-05 17:32:30,987 : INFO : EventManager : Event: ======'drop_target_bank_cup_bank_mixed'====== Args={'down': 2}
2020-10-05 17:32:30,988 : INFO : EventManager : Event: ======'machine_var_audits_switches_s_dt_U'====== Args={'value': 106, 'prev_value': 105, 'change': 1}
2020-10-05 17:32:30,994 : INFO : EventManager : Event: ======'player_score'====== Args={'value': 1540, 'prev_value': 1440, 'change': 100, 'player_num': 1}
2020-10-05 17:32:33,042 : INFO : SwitchController : <<<<<<< 's_dt_P' active >>>>>>>
2020-10-05 17:32:33,043 : INFO : EventManager : Event: ======'s_dt_P_active'====== Args={}
2020-10-05 17:32:33,043 : INFO : EventManager : Event: ======'playfield_active'====== Args={}
2020-10-05 17:32:33,044 : INFO : EventManager : Event: ======'drop_target_cup_P_down'====== Args={'device': <drop_target.cup_P>}
2020-10-05 17:32:33,047 : INFO : EventManager : Event: ======'drop_target_bank_cup_bank_down'====== Args={}
2020-10-05 17:32:33,048 : INFO : EventManager : Event: ======'machine_var_audits_switches_s_dt_P'====== Args={'value': 98, 'prev_value': 97, 'change': 1}
2020-10-05 17:32:33,051 : INFO : EventManager : Event: ======'player_score'====== Args={'value': 1640, 'prev_value': 1540, 'change': 100, 'player_num': 1}
2020-10-05 17:32:33,052 : INFO : EventManager : Event: ======'player_contracts'====== Args={'value': 2, 'prev_value': 1, 'change': 1, 'player_num': 1}
2020-10-05 17:32:33,054 : INFO : EventManager : Event: ======'logicblock_bonus_updated'====== Args={'value': 2, 'enabled': True}
2020-10-05 17:32:33,055 : INFO : EventManager : Event: ======'bank_done'====== Args={'count': 2, 'remaining': 8}
2020-10-05 17:32:33,056 : INFO : drop_target_bank.cup_bank : 3 targets are down. Will reset those.
2020-10-05 17:32:33,057 : INFO : coil.c_dt_reset_CUP : Pulsing Driver for 10ms (1.0 pulse_power)
2020-10-05 17:32:33,106 : INFO : SwitchController : <<<<<<< 's_dt_C' inactive >>>>>>>
2020-10-05 17:32:33,107 : INFO : SwitchController : <<<<<<< 's_dt_U' inactive >>>>>>>
2020-10-05 17:32:33,107 : INFO : SwitchController : <<<<<<< 's_dt_P' inactive >>>>>>>
2020-10-05 17:32:33,538 : INFO : drop_target_bank.cup_bank : 3 targets are down. Will reset those.
2020-10-05 17:32:33,538 : INFO : coil.c_dt_reset_CUP : Pulsing Driver for 10ms (1.0 pulse_power)
2020-10-05 17:32:33,555 : INFO : EventManager : Event: ======'drop_target_cup_U_up'====== Args={'device': <drop_target.cup_U>}
2020-10-05 17:32:33,556 : INFO : EventManager : Event: ======'drop_target_cup_C_up'====== Args={'device': <drop_target.cup_C>}
2020-10-05 17:32:33,558 : INFO : EventManager : Event: ======'drop_target_cup_P_up'====== Args={'device': <drop_target.cup_P>}
2020-10-05 17:32:33,596 : WARNING : SwitchController : Received duplicate switch state 0 for switch s_dt_C from the platform interface. Log Code: Log-SwitchController-1 (https://docs.missionpinball.org/en/dev/logs/Log-SwitchController-1.html)
2020-10-05 17:32:33,596 : WARNING : SwitchController : Received duplicate switch state 0 for switch s_dt_U from the platform interface. Log Code: Log-SwitchController-1 (https://docs.missionpinball.org/en/dev/logs/Log-SwitchController-1.html)
2020-10-05 17:32:33,596 : WARNING : SwitchController : Received duplicate switch state 0 for switch s_dt_P from the platform interface. Log Code: Log-SwitchController-1 (https://docs.missionpinball.org/en/dev/logs/Log-SwitchController-1.html)
2020-10-05 17:32:34,048 : INFO : EventManager : Event: ======'restore'====== Args={}
2020-10-05 17:32:34,051 : INFO : EventManager : Event: ======'drop_target_bank_cup_bank_up'====== Args={}
2020-10-05 17:32:38,434 : INFO : SwitchController : <<<<<<< 's_trough1' active >>>>>>>
2020-10-05 17:32:38,435 : INFO : EventManager : Event: ======'machine_var_audits_switches_s_trough1'====== Args={'value': 553, 'prev_value': 552, 'change': 1}
2020-10-05 17:32:38,941 : INFO : EventManager : Event: ======'balldevice_bd_trough_ball_count_changed'====== Args={'balls': 2}
2020-10-05 17:32:38,942 : INFO : ball_device.bd_trough : Received unexpected ball
2020-10-05 17:32:38,942 : INFO : EventManager : Event: ======'balldevice_captured_from_playfield'====== Args={'balls': 1}
2020-10-05 17:32:38,944 : INFO : EventManager : Event: ======'sw_playfield_active'====== Args={'balls': 1}
2020-10-05 17:32:38,946 : INFO : EventManager : Event: ======'playfield_active'====== Args={}
2020-10-05 17:32:38,948 : INFO : EventManager : Event: ======'playfield_ball_count_change'====== Args={'balls': -1, 'change': -1}
2020-10-05 17:32:38,950 : INFO : EventManager : Event: ======'balldevice_playfield_ball_enter'====== Args={'new_balls': 1, 'unclaimed_balls': 1, 'device': <playfield.playfield>}
2020-10-05 17:32:38,951 : INFO : EventManager : Event: ======'playfield_ball_count_change'====== Args={'balls': 0, 'change': 1}
2020-10-05 17:32:38,953 : INFO : BallController : Found a new ball which was captured from playfield. Known balls: 3
2020-10-05 17:32:38,953 : INFO : EventManager : Event: ======'found_new_ball'====== Args={}
2020-10-05 17:32:38,954 : INFO : EventManager : Event: ======'balldevice_bd_trough_ball_enter'====== Args={'new_balls': 1, 'unclaimed_balls': 1, 'new_available_balls': 1, 'device': <ball_device.bd_trough>}
2020-10-05 17:32:38,956 : INFO : EventManager : Event: ======'ball_drain'====== Args={'device': <ball_device.bd_trough>, 'balls': 1}
2020-10-05 17:32:38,957 : INFO : EventManager : Event: ======'ball_will_end'====== Args={}
2020-10-05 17:32:38,959 : INFO : EventManager : Event: ======'balldevice_balls_available'====== Args={}
2020-10-05 17:32:38,960 : INFO : EventManager : Event: ======'balldevice_bd_trough_ball_entered'====== Args={'new_balls': 1, 'device': <ball_device.bd_trough>}
2020-10-05 17:32:38,967 : INFO : EventManager : Event: ======'ball_ending'====== Args={}
2020-10-05 17:32:38,968 : INFO : EventManager : Event: ======'mode_bonus_will_start'====== Args={'queue': <QueuedEvent>}
2020-10-05 17:32:38,970 : INFO : EventManager : Event: ======'mode_bonus_starting'====== Args={'queue': <QueuedEvent>}
2020-10-05 17:32:38,971 : INFO : Mode.bonus : Started. Priority: 500
2020-10-05 17:32:38,972 : INFO : EventManager : Event: ======'modes_active_modes_changed'====== Args={}
2020-10-05 17:32:38,972 : INFO : EventManager : Event: ======'mode_bonus_started'====== Args={'queue': <QueuedEvent>}
2020-10-05 17:32:38,975 : INFO : EventManager : Event: ======'bonus_start'====== Args={}
2020-10-05 17:32:40,970 : INFO : EventManager : Event: ======'bonusPayout'====== Args={'score': 2000, 'bonus_score': 2000, 'hits': 1}
2020-10-05 17:32:42,985 : INFO : EventManager : Event: ======'player_score'====== Args={'value': 3640, 'prev_value': 1640, 'change': 2000, 'player_num': 1}
2020-10-05 17:32:42,985 : INFO : EventManager : Event: ======'bonus_total'====== Args={'score': 2000}
2020-10-05 17:32:44,984 : INFO : EventManager : Event: ======'mode_bonus_will_stop'====== Args={}
2020-10-05 17:32:44,985 : INFO : EventManager : Event: ======'mode_bonus_stopping'====== Args={}
2020-10-05 17:32:44,987 : INFO : Mode.bonus : Stopped.
2020-10-05 17:32:44,987 : INFO : EventManager : Event: ======'modes_active_modes_changed'====== Args={}
2020-10-05 17:32:44,989 : INFO : EventManager : Event: ======'mode_bonus_stopped'====== Args={}
2020-10-05 17:32:44,990 : INFO : EventManager : Event: ======'clear'====== Args={'key': 'bonus'}
2020-10-05 17:32:44,992 : INFO : EventManager : Event: ======'mode_soulLanes_will_stop'====== Args={}
2020-10-05 17:32:44,995 : INFO : EventManager : Event: ======'mode_soulLanes_stopping'====== Args={}
2020-10-05 17:32:44,996 : INFO : EventManager : Event: ======'mode_base_will_stop'====== Args={}
2020-10-05 17:32:44,997 : INFO : EventManager : Event: ======'mode_base_stopping'====== Args={}
2020-10-05 17:32:45,046 : INFO : Mode.base : Stopped.
2020-10-05 17:32:45,046 : INFO : EventManager : Event: ======'modes_active_modes_changed'====== Args={}
2020-10-05 17:32:45,048 : INFO : EventManager : Event: ======'mode_base_stopped'====== Args={}
2020-10-05 17:32:45,048 : INFO : EventManager : Event: ======'clear'====== Args={'key': 'base'}
2020-10-05 17:32:45,049 : INFO : Mode.soulLanes : Stopped.
2020-10-05 17:32:45,049 : INFO : EventManager : Event: ======'modes_active_modes_changed'====== Args={}
2020-10-05 17:32:45,050 : INFO : EventManager : Event: ======'mode_soulLanes_stopped'====== Args={}
2020-10-05 17:32:45,051 : INFO : EventManager : Event: ======'clear'====== Args={'key': 'soulLanes'}
2020-10-05 17:32:45,104 : INFO : EventManager : Event: ======'ball_ended'====== Args={}
2020-10-05 17:32:45,115 : INFO : EventManager : Event: ======'slide_base.slide_player-mode_base_started_removed'====== Args={'_from_bcp': True}
2020-10-05 17:32:45,116 : INFO : EventManager : Event: ======'slide_welcome_slide_active'====== Args={'_from_bcp': True}
2020-10-05 17:32:45,117 : INFO : EventManager : Event: ======'player_turn_will_end'====== Args={'player': <Player 1>, 'number': 1}
2020-10-05 17:32:45,139 : INFO : EventManager : Event: ======'player_turn_ending'====== Args={'player': <Player 1>, 'number': 1}
2020-10-05 17:32:45,140 : INFO : EventManager : Event: ======'player_turn_ended'====== Args={'player': <Player 1>, 'number': 1}
2020-10-05 17:32:45,141 : INFO : EventManager : Event: ======'player_turn_will_start'====== Args={'player': <Player 1>, 'number': 1}
2020-10-05 17:32:45,155 : INFO : EventManager : Event: ======'player_turn_starting'====== Args={'player': <Player 1>, 'number': 1}
2020-10-05 17:32:45,156 : INFO : EventManager : Event: ======'player_ball'====== Args={'value': 2, 'prev_value': 1, 'change': 1, 'player_num': 1}
2020-10-05 17:32:45,157 : INFO : EventManager : Event: ======'player_turn_started'====== Args={'player': <Player 1>, 'number': 1}
2020-10-05 17:32:45,160 : INFO : EventManager : Event: ======'ball_will_start'====== Args={'player': 1, 'ball': 2, 'balls_remaining': 3, 'is_extra_ball': False}
2020-10-05 17:32:45,180 : INFO : EventManager : Event: ======'ball_starting'====== Args={'player': 1, 'ball': 2, 'balls_remaining': 3, 'is_extra_ball': False}
2020-10-05 17:32:45,182 : INFO : EventManager : Event: ======'mode_base_will_start'====== Args={'queue': <QueuedEvent>, 'player': 1, 'ball': 2, 'balls_remaining': 3, 'is_extra_ball': False}
2020-10-05 17:32:45,188 : INFO : EventManager : Event: ======'mode_base_starting'====== Args={'queue': <QueuedEvent>, 'player': 1, 'ball': 2, 'balls_remaining': 3, 'is_extra_ball': False}
2020-10-05 17:32:45,190 : INFO : drop_target_bank.cup_bank : All targets are already up. Will not reset bank.
2020-10-05 17:32:45,190 : INFO : drop_target_bank.mug_bank : All targets are already up. Will not reset bank.
2020-10-05 17:32:45,192 : INFO : EventManager : Event: ======'balls_in_play'====== Args={'balls': 1}
2020-10-05 17:32:45,193 : INFO : EventManager : Event: ======'ball_started'====== Args={'player': 1, 'ball': 2, 'balls_remaining': 3, 'is_extra_ball': False}
2020-10-05 17:32:45,195 : INFO : EventManager : Event: ======'logicblock_bonus_updated'====== Args={'value': 0, 'enabled': True}
2020-10-05 17:32:45,196 : INFO : EventManager : Event: ======'logicblock_bonus_updated'====== Args={'value': 0, 'enabled': True}
2020-10-05 17:32:45,197 : INFO : Mode.base : Started. Priority: 100
2020-10-05 17:32:45,197 : INFO : EventManager : Event: ======'modes_active_modes_changed'====== Args={}
2020-10-05 17:32:45,198 : INFO : EventManager : Event: ======'mode_base_started'====== Args={'queue': <QueuedEvent>, 'player': 1, 'ball': 2, 'balls_remaining': 3, 'is_extra_ball': False}
2020-10-05 17:32:45,199 : INFO : EventManager : Event: ======'mode_soulLanes_will_start'====== Args={'player': 1, 'ball': 2, 'balls_remaining': 3, 'is_extra_ball': False}
2020-10-05 17:32:45,202 : INFO : EventManager : Event: ======'soul_lanes_complete'====== Args={'state': 'unlit'}
2020-10-05 17:32:45,203 : INFO : EventManager : Event: ======'soul_lanes_unlit_complete'====== Args={}
2020-10-05 17:32:45,208 : INFO : EventManager : Event: ======'mode_soulLanes_starting'====== Args={'player': 1, 'ball': 2, 'balls_remaining': 3, 'is_extra_ball': False}
2020-10-05 17:32:45,215 : INFO : EventManager : Event: ======'player_contracts'====== Args={'value': 0, 'prev_value': 2, 'change': -2, 'player_num': 1}
2020-10-05 17:32:45,222 : INFO : EventManager : Event: ======'logicblock_contarct_counter_updated'====== Args={'value': 1, 'enabled': True}
2020-10-05 17:32:45,224 : INFO : EventManager : Event: ======'logicblock_contarct_counter_updated'====== Args={'value': 1, 'enabled': True}
2020-10-05 17:32:45,225 : INFO : Mode.soulLanes : Started. Priority: 110
2020-10-05 17:32:45,225 : INFO : EventManager : Event: ======'modes_active_modes_changed'====== Args={}
2020-10-05 17:32:45,226 : INFO : EventManager : Event: ======'mode_soulLanes_started'====== Args={'player': 1, 'ball': 2, 'balls_remaining': 3, 'is_extra_ball': False}
2020-10-05 17:32:45,228 : INFO : EventManager : Event: ======'player_bonus_multiplier'====== Args={'value': 0, 'prev_value': 1, 'change': -1, 'player_num': 1}
2020-10-05 17:32:45,229 : INFO : EventManager : Event: ======'single_player_ball_started'====== Args={}
2020-10-05 17:32:45,273 : INFO : ball_device.bd_plunger : Setting up player-controlled eject. Balls: 1, Target: <playfield.playfield>, player_controlled_eject_event: None
2020-10-05 17:32:45,275 : INFO : EventManager : Event: ======'balldevice_balls_available'====== Args={}
2020-10-05 17:32:45,280 : INFO : ball_device.bd_trough : State: waiting_for_target_ready
2020-10-05 17:32:45,281 : INFO : EventManager : Event: ======'balldevice_bd_trough_ball_eject_attempt'====== Args={'balls': 1, 'target': <ball_device.bd_plunger>, 'source': <ball_device.bd_trough>, 'mechanical_eject': True, 'num_attempts': 0}
2020-10-05 17:32:45,323 : INFO : EventManager : Event: ======'slide_base.slide_player-mode_base_started_created'====== Args={'_from_bcp': True}
2020-10-05 17:32:45,339 : INFO : EventManager : Event: ======'slide_base.slide_player-mode_base_started_active'====== Args={'_from_bcp': True}
2020-10-05 17:32:56,702 : INFO : Machine : Shutting down...
2020-10-05 17:32:56,702 : INFO : EventManager : Event: ======'shutdown'====== Args={}
2020-10-05 17:32:56,718 : INFO : root : MPF run loop ended.
