2020-10-03 19:57:09,075 : kivy : Factory: 184 symbols loaded
2020-10-03 19:57:09,383 : kivy : ImageLoaderFFPy: Using ffpyplayer 4.3.1
2020-10-03 19:57:09,385 : kivy : Image: Providers: img_tex, img_dds, img_sdl2, img_pil, img_ffpyplayer, img_gif 
2020-10-03 19:57:09,575 : kivy : VideoGstplayer: Using Gstreamer 1.16.0.0
2020-10-03 19:57:09,575 : kivy : Video: Provider: gstplayer
2020-10-03 19:57:09,727 : kivy : Loading MPF-MC controller
2020-10-03 19:57:09,736 : YamlMultifileConfigLoader : Machine config file #1: config
2020-10-03 19:57:09,737 : ConfigProcessor : Config file in cache changed: c:\Pinball\Cuphead\config\config
2020-10-03 19:57:09,738 : ConfigProcessor : Loading config from file c:\users\themi\appdata\local\programs\python\python36\lib\site-packages\mpfmc\mcconfig.yaml.
2020-10-03 19:57:09,814 : ConfigProcessor : Loading config: c:\users\themi\appdata\local\programs\python\python36\lib\site-packages\mpfmc\mcconfig.yaml
2020-10-03 19:57:09,815 : ConfigProcessor : Loading config from file c:\Pinball\Cuphead\config\config.
2020-10-03 19:57:09,834 : ConfigProcessor : Loading config: c:\Pinball\Cuphead\config\config
2020-10-03 19:57:09,846 : ConfigProcessor : Loading config: c:\Pinball\Cuphead\config\keyboard.yaml
2020-10-03 19:57:09,889 : ConfigProcessor : Loading config: c:\Pinball\Cuphead\config\hwSwitches.yaml
2020-10-03 19:57:09,980 : ConfigProcessor : Loading config: c:\Pinball\Cuphead\config\hwLights.yaml
2020-10-03 19:57:10,005 : ConfigProcessor : Loading config: c:\Pinball\Cuphead\config\hwCoils.yaml
2020-10-03 19:57:10,011 : ConfigProcessor : Config file cache created: C:\Users\themi\AppData\Local\Temp\1bf5539849bfae2fda5beb863cde560d.mpf_cache
2020-10-03 19:57:10,015 : ConfigProcessor : Loading config from cache: C:\Users\themi\AppData\Local\Temp\7964e52b22911e9b68a8022172b185f3.mpf_cache
2020-10-03 19:57:10,017 : ConfigProcessor : Loading config from cache: C:\Users\themi\AppData\Local\Temp\4fcecb70f81c3c2fefb8e65ae9a0af5f.mpf_cache
2020-10-03 19:57:10,018 : ConfigProcessor : Loading config from cache: C:\Users\themi\AppData\Local\Temp\b2a05f27b99f0404929b6678617f21a2.mpf_cache
2020-10-03 19:57:10,020 : ConfigProcessor : Loading config from cache: C:\Users\themi\AppData\Local\Temp\ee661b7bde9ac1aee26ef2e16bd36711.mpf_cache
2020-10-03 19:57:10,021 : mpfmc : Mission Pinball Framework Media Controller v0.54.0-dev.20
2020-10-03 19:57:10,021 : mpfmc : Mission Pinball Framework Game Engine v0.54.0-dev.72
2020-10-03 19:57:10,021 : mpfmc : Machine path: c:\Pinball\Cuphead
2020-10-03 19:57:10,021 : mpfmc : Starting clock at 60.0Hz
2020-10-03 19:57:10,047 : kivy : Text: Provider: sdl2
2020-10-03 19:57:10,114 : kivy : Window: Provider: sdl2
2020-10-03 19:57:10,656 : kivy : GL: Using the "OpenGL" graphics system
2020-10-03 19:57:10,660 : kivy : GL: GLEW initialization succeeded
2020-10-03 19:57:10,660 : kivy : GL: Backend used <glew>
2020-10-03 19:57:10,662 : kivy : GL: OpenGL version <b'4.5.14568 Compatibility Profile Context 24.20.12050.0'>
2020-10-03 19:57:10,662 : kivy : GL: OpenGL vendor <b'ATI Technologies Inc.'>
2020-10-03 19:57:10,662 : kivy : GL: OpenGL renderer <b'AMD Radeon(TM) R4 Graphics'>
2020-10-03 19:57:10,663 : kivy : GL: OpenGL parsed version: 4, 5
2020-10-03 19:57:10,663 : kivy : GL: Shading version <b'4.50'>
2020-10-03 19:57:10,663 : kivy : GL: Texture max size <16384>
2020-10-03 19:57:10,663 : kivy : GL: Texture max units <32>
2020-10-03 19:57:10,706 : kivy : Window: auto add sdl2 input provider
2020-10-03 19:57:10,706 : kivy : Window: virtual keyboard not allowed, single mode, not docked
2020-10-03 19:57:10,724 : SoundSystem : SoundSystem: Using default 'sound_system' settings
2020-10-03 19:57:11,437 : AudioInterface : Initialized
2020-10-03 19:57:11,437 : SoundSystem : No audio tracks are specified in your machine config file. a track named 'default' has been created.
2020-10-03 19:57:11,444 : kivy : Base: Start application main loop
2020-10-03 19:57:11,446 : EventManager : Event: ======'display_window_initialized'====== Args={}
2020-10-03 19:57:11,492 : mpfmc : Display: Setting 'window' as default display
2020-10-03 19:57:11,509 : EventManager : Event: ======'displays_initialized'====== Args={}
2020-10-03 19:57:11,511 : EventManager : Event: ======'slide_window_blank_created'====== Args={}
2020-10-03 19:57:11,511 : EventManager : Event: ======'display_window_ready'====== Args={}
2020-10-03 19:57:11,532 : EventManager : Event: ======'init_phase_1'====== Args={}
2020-10-03 19:57:11,545 : EventManager : Event: ======'mc_ready'====== Args={}
2020-10-03 19:57:11,545 : EventManager : Event: ======'init_phase_2'====== Args={}
2020-10-03 19:57:11,550 : EventManager : Event: ======'init_phase_3'====== Args={}
2020-10-03 19:57:11,553 : AssetManager : Registering Asset: attract_music, File: attract_music.ogg, Default Group: default, Final Config: {'load': 'preload', 'file': 'c:\\Pinball\\Cuphead\\modes\\attract\\sounds\\music\\attract_music.ogg'}
2020-10-03 19:57:11,555 : AssetManager : Registering Asset: cupHighScore, File: cupHighScore.ogg, Default Group: default, Final Config: {'load': 'preload', 'file': 'c:\\Pinball\\Cuphead\\modes\\base\\sounds\\music\\cupHighScore.ogg'}
2020-10-03 19:57:11,555 : AssetManager : Registering Asset: cupMusic1, File: cupMusic1.ogg, Default Group: default, Final Config: {'load': 'preload', 'target': 'music', 'loop': -1, 'mode_end_action': 'stop', 'file': 'c:\\Pinball\\Cuphead\\modes\\base\\sounds\\music\\cupMusic1.ogg'}
2020-10-03 19:57:11,555 : AssetManager : Registering Asset: cupMusic2, File: cupMusic2.ogg, Default Group: default, Final Config: {'load': 'preload', 'target': 'music', 'loop': -1, 'mode_end_action': 'stop', 'file': 'c:\\Pinball\\Cuphead\\modes\\base\\sounds\\music\\cupMusic2.ogg'}
2020-10-03 19:57:11,556 : AssetManager : Registering Asset: cupMusic3, File: cupMusic3.ogg, Default Group: default, Final Config: {'load': 'preload', 'target': 'music', 'loop': -1, 'mode_end_action': 'stop', 'file': 'c:\\Pinball\\Cuphead\\modes\\base\\sounds\\music\\cupMusic3.ogg'}
2020-10-03 19:57:11,556 : AssetManager : Registering Asset: cupMusic4, File: cupMusic4.ogg, Default Group: default, Final Config: {'load': 'preload', 'target': 'music', 'loop': -1, 'mode_end_action': 'stop', 'file': 'c:\\Pinball\\Cuphead\\modes\\base\\sounds\\music\\cupMusic4.ogg'}
2020-10-03 19:57:11,556 : AssetManager : Registering Asset: cupMusic5, File: cupMusic5.ogg, Default Group: default, Final Config: {'load': 'preload', 'file': 'c:\\Pinball\\Cuphead\\modes\\base\\sounds\\music\\cupMusic5.ogg'}
2020-10-03 19:57:11,556 : AssetManager : Registering Asset: cupMusic6, File: cupMusic6.ogg, Default Group: default, Final Config: {'load': 'preload', 'file': 'c:\\Pinball\\Cuphead\\modes\\base\\sounds\\music\\cupMusic6.ogg'}
2020-10-03 19:57:11,556 : AssetManager : Registering Asset: cupMusic7, File: cupMusic7.ogg, Default Group: default, Final Config: {'load': 'preload', 'file': 'c:\\Pinball\\Cuphead\\modes\\base\\sounds\\music\\cupMusic7.ogg'}
2020-10-03 19:57:11,556 : AssetManager : Registering Asset: cupMusic8, File: cupMusic8.ogg, Default Group: default, Final Config: {'load': 'preload', 'file': 'c:\\Pinball\\Cuphead\\modes\\base\\sounds\\music\\cupMusic8.ogg'}
2020-10-03 19:57:11,556 : AssetManager : Registering Asset: cupMusic9, File: cupMusic9.ogg, Default Group: default, Final Config: {'load': 'preload', 'file': 'c:\\Pinball\\Cuphead\\modes\\base\\sounds\\music\\cupMusic9.ogg'}
2020-10-03 19:57:11,557 : AssetManager : Registering Asset: game_play_1, File: game_play_1.ogg, Default Group: default, Final Config: {'load': 'preload', 'file': 'c:\\Pinball\\Cuphead\\modes\\base\\sounds\\music\\game_play_1.ogg'}
2020-10-03 19:57:11,558 : EventManager : Event: ======'init_phase_4'====== Args={}
2020-10-03 19:57:11,558 : EventManager : Event: ======'init_phase_5'====== Args={}
2020-10-03 19:57:14,527 : EventManager : Event: ======'loading_assets'====== Args={'total': 12, 'loaded': 1, 'remaining': 11, 'percent': 8}
2020-10-03 19:57:15,272 : AssetManager : Loading assets: 1/12 (8%)
2020-10-03 19:57:16,904 : EventManager : Event: ======'loading_assets'====== Args={'total': 12, 'loaded': 6, 'remaining': 6, 'percent': 50}
2020-10-03 19:57:16,905 : AssetManager : Loading assets: 6/12 (50%)
2020-10-03 19:57:17,711 : EventManager : Event: ======'loading_assets'====== Args={'total': 12, 'loaded': 8, 'remaining': 4, 'percent': 67}
2020-10-03 19:57:18,593 : AssetManager : Loading assets: 8/12 (67%)
2020-10-03 19:57:20,157 : EventManager : Event: ======'loading_assets'====== Args={'total': 12, 'loaded': 10, 'remaining': 2, 'percent': 83}
2020-10-03 19:57:20,157 : AssetManager : Loading assets: 10/12 (83%)
2020-10-03 19:57:20,708 : EventManager : Event: ======'loading_assets'====== Args={'total': 12, 'loaded': 12, 'remaining': 0, 'percent': 100}
2020-10-03 19:57:20,709 : AssetManager : Asset loading took: 9.271328449249268
2020-10-03 19:57:20,709 : EventManager : Event: ======'asset_loading_complete'====== Args={}
2020-10-03 19:57:20,709 : AssetManager : Loading assets: 12/12 (100%)
2020-10-03 19:57:20,709 : EventManager : Event: ======'init_done'====== Args={}
2020-10-03 19:57:20,709 : MPF-MC BCP Server : Starting up on localhost port 5050
2020-10-03 19:57:20,718 : MPF-MC BCP Server : Waiting for a connection...
2020-10-03 19:57:20,719 : mpfmc : SlidePlayer: Play called with settings={'slides': {welcome_slide-None-None: {'priority': None, 'target': None, 'background_color': [0.0, 0.0, 0.0, 1.0], 'show': True, 'force': False, 'expire': None, 'slide': None, 'tokens': {}, 'action': 'play', 'transition': None, 'transition_out': None}}}
2020-10-03 19:57:20,727 : kivy : GL: NPOT texture support is available
2020-10-03 19:57:20,728 : EventManager : Event: ======'slide_welcome_slide_created'====== Args={}
2020-10-03 19:57:20,730 : EventManager : Event: ======'slide_welcome_slide_active'====== Args={}
2020-10-03 19:57:20,737 : EventManager : Event: ======'client_disconnected'====== Args={'host': '127.0.0.1', 'port': 5050}
2020-10-03 19:57:21,012 : MPF-MC BCP Server : Received connection from: 127.0.0.1:55503
2020-10-03 19:57:21,016 : EventManager : Event: ======'client_connected'====== Args={'host': '127.0.0.1', 'port': 55503}
2020-10-03 19:57:21,055 : EventManager : Event: ======'machine_var_credits_string'====== Args={'value': 'FREE PLAY', 'prev_value': None, 'change': True}
2020-10-03 19:57:21,055 : EventManager : Event: ======'machine_var_player1_score'====== Args={'value': 8110, 'prev_value': None, 'change': True}
2020-10-03 19:57:21,056 : EventManager : Event: ======'machine_var_mpf_version'====== Args={'value': 'MPF v0.54.0-dev.72', 'prev_value': None, 'change': True}
2020-10-03 19:57:21,056 : EventManager : Event: ======'machine_var_mpf_extended_version'====== Args={'value': 'MPF v0.54.0-dev.72, Config version:5, Show version: 5, BCP version:1.1', 'prev_value': None, 'change': True}
2020-10-03 19:57:21,057 : EventManager : Event: ======'machine_var_python_version'====== Args={'value': '3.6.4', 'prev_value': None, 'change': True}
2020-10-03 19:57:21,057 : EventManager : Event: ======'machine_var_platform'====== Args={'value': 'Windows-10-10.0.18362-SP0', 'prev_value': None, 'change': True}
2020-10-03 19:57:21,057 : EventManager : Event: ======'machine_var_platform_system'====== Args={'value': 'Windows', 'prev_value': None, 'change': True}
2020-10-03 19:57:21,057 : EventManager : Event: ======'machine_var_platform_release'====== Args={'value': '10', 'prev_value': None, 'change': True}
2020-10-03 19:57:21,058 : EventManager : Event: ======'machine_var_platform_version'====== Args={'value': '10.0.18362', 'prev_value': None, 'change': True}
2020-10-03 19:57:21,058 : EventManager : Event: ======'machine_var_platform_machine'====== Args={'value': 'AMD64', 'prev_value': None, 'change': True}
2020-10-03 19:57:21,058 : EventManager : Event: ======'machine_var_mc_version'====== Args={'value': 'MPF-MC v0.54.0-dev.20', 'prev_value': None, 'change': True}
2020-10-03 19:57:21,058 : EventManager : Event: ======'machine_var_mc_extended_version'====== Args={'value': 'MPF-MC v0.54.0-dev.20 (config_version=5, BCP v1.1, Requires MPF v0.54.0-dev.68)', 'prev_value': None, 'change': True}
2020-10-03 19:57:21,058 : EventManager : Event: ======'machine_var_master_volume'====== Args={'value': 0.5, 'prev_value': None, 'change': True}
2020-10-03 19:57:21,141 : EventManager : Event: ======'machine_var_audits_events_game_ended'====== Args={'value': 21, 'prev_value': None, 'change': True}
2020-10-03 19:57:21,141 : EventManager : Event: ======'machine_var_audits_events_game_started'====== Args={'value': 40, 'prev_value': None, 'change': True}
2020-10-03 19:57:21,142 : EventManager : Event: ======'machine_var_audits_player_score'====== Args={'value': {'average': 530.4761904761905, 'top': [2970, 1300, 1220, 980, 880, 780, 720, 710, 630, 590], 'total': 21}, 'prev_value': None, 'change': True}
2020-10-03 19:57:21,142 : EventManager : Event: ======'machine_var_audits_shots_soul_L'====== Args={'value': 55, 'prev_value': None, 'change': True}
2020-10-03 19:57:21,143 : EventManager : Event: ======'machine_var_audits_shots_soul_O'====== Args={'value': 60, 'prev_value': None, 'change': True}
2020-10-03 19:57:21,143 : EventManager : Event: ======'machine_var_audits_shots_soul_S'====== Args={'value': 69, 'prev_value': None, 'change': True}
2020-10-03 19:57:21,144 : EventManager : Event: ======'machine_var_audits_shots_soul_U'====== Args={'value': 60, 'prev_value': None, 'change': True}
2020-10-03 19:57:21,144 : EventManager : Event: ======'machine_var_audits_switches_s_coin'====== Args={'value': 20, 'prev_value': None, 'change': True}
2020-10-03 19:57:21,144 : EventManager : Event: ======'machine_var_audits_switches_s_dash_L'====== Args={'value': 0, 'prev_value': None, 'change': True}
2020-10-03 19:57:21,145 : EventManager : Event: ======'machine_var_audits_switches_s_dash_R'====== Args={'value': 0, 'prev_value': None, 'change': True}
2020-10-03 19:57:21,145 : EventManager : Event: ======'machine_var_audits_switches_s_dtSling_L'====== Args={'value': 0, 'prev_value': None, 'change': True}
2020-10-03 19:57:21,145 : EventManager : Event: ======'machine_var_audits_switches_s_dtSling_R'====== Args={'value': 0, 'prev_value': None, 'change': True}
2020-10-03 19:57:21,154 : EventManager : Event: ======'machine_var_audits_switches_s_dt_C'====== Args={'value': 72, 'prev_value': None, 'change': True}
2020-10-03 19:57:21,154 : EventManager : Event: ======'machine_var_audits_switches_s_dt_G'====== Args={'value': 21, 'prev_value': None, 'change': True}
2020-10-03 19:57:21,154 : EventManager : Event: ======'machine_var_audits_switches_s_dt_M'====== Args={'value': 19, 'prev_value': None, 'change': True}
2020-10-03 19:57:21,155 : EventManager : Event: ======'machine_var_audits_switches_s_dt_P'====== Args={'value': 55, 'prev_value': None, 'change': True}
2020-10-03 19:57:21,155 : EventManager : Event: ======'machine_var_audits_switches_s_dt_U'====== Args={'value': 63, 'prev_value': None, 'change': True}
2020-10-03 19:57:21,156 : EventManager : Event: ======'machine_var_audits_switches_s_dt_U2'====== Args={'value': 19, 'prev_value': None, 'change': True}
2020-10-03 19:57:21,156 : EventManager : Event: ======'machine_var_audits_switches_s_exit_shooter_lane'====== Args={'value': 343, 'prev_value': None, 'change': True}
2020-10-03 19:57:21,156 : EventManager : Event: ======'machine_var_audits_switches_s_inLane_L'====== Args={'value': 0, 'prev_value': None, 'change': True}
2020-10-03 19:57:21,156 : EventManager : Event: ======'machine_var_audits_switches_s_inLane_R'====== Args={'value': 0, 'prev_value': None, 'change': True}
2020-10-03 19:57:21,157 : EventManager : Event: ======'machine_var_audits_switches_s_kicker'====== Args={'value': 0, 'prev_value': None, 'change': True}
2020-10-03 19:57:21,157 : EventManager : Event: ======'machine_var_audits_switches_s_left_flipper'====== Args={'value': 150, 'prev_value': None, 'change': True}
2020-10-03 19:57:21,157 : EventManager : Event: ======'machine_var_audits_switches_s_midRight'====== Args={'value': 0, 'prev_value': None, 'change': True}
2020-10-03 19:57:21,158 : EventManager : Event: ======'machine_var_audits_switches_s_outLane_L'====== Args={'value': 0, 'prev_value': None, 'change': True}
2020-10-03 19:57:21,158 : EventManager : Event: ======'machine_var_audits_switches_s_outLane_R'====== Args={'value': 0, 'prev_value': None, 'change': True}
2020-10-03 19:57:21,159 : EventManager : Event: ======'machine_var_audits_switches_s_perdition'====== Args={'value': 0, 'prev_value': None, 'change': True}
2020-10-03 19:57:21,159 : EventManager : Event: ======'machine_var_audits_switches_s_playfield'====== Args={'value': 0, 'prev_value': None, 'change': True}
2020-10-03 19:57:21,159 : EventManager : Event: ======'machine_var_audits_switches_s_plunger'====== Args={'value': 533, 'prev_value': None, 'change': True}
2020-10-03 19:57:21,160 : EventManager : Event: ======'machine_var_audits_switches_s_popBumper_1'====== Args={'value': 452, 'prev_value': None, 'change': True}
2020-10-03 19:57:21,161 : EventManager : Event: ======'machine_var_audits_switches_s_popBumper_2'====== Args={'value': 421, 'prev_value': None, 'change': True}
2020-10-03 19:57:21,162 : EventManager : Event: ======'machine_var_audits_switches_s_popBumper_3'====== Args={'value': 152, 'prev_value': None, 'change': True}
2020-10-03 19:57:21,162 : EventManager : Event: ======'machine_var_audits_switches_s_pop_bumper1'====== Args={'value': 120, 'prev_value': None, 'change': True}
2020-10-03 19:57:21,163 : EventManager : Event: ======'machine_var_audits_switches_s_pop_bumper2'====== Args={'value': 153, 'prev_value': None, 'change': True}
2020-10-03 19:57:21,163 : EventManager : Event: ======'machine_var_audits_switches_s_pop_bumper3'====== Args={'value': 100, 'prev_value': None, 'change': True}
2020-10-03 19:57:21,175 : EventManager : Event: ======'machine_var_audits_switches_s_right_flipper'====== Args={'value': 215, 'prev_value': None, 'change': True}
2020-10-03 19:57:21,175 : EventManager : Event: ======'machine_var_audits_switches_s_sling_L'====== Args={'value': 0, 'prev_value': None, 'change': True}
2020-10-03 19:57:21,175 : EventManager : Event: ======'machine_var_audits_switches_s_sling_R'====== Args={'value': 0, 'prev_value': None, 'change': True}
2020-10-03 19:57:21,175 : EventManager : Event: ======'machine_var_audits_switches_s_soul_L'====== Args={'value': 56, 'prev_value': None, 'change': True}
2020-10-03 19:57:21,176 : EventManager : Event: ======'machine_var_audits_switches_s_soul_O'====== Args={'value': 65, 'prev_value': None, 'change': True}
2020-10-03 19:57:21,176 : EventManager : Event: ======'machine_var_audits_switches_s_soul_S'====== Args={'value': 69, 'prev_value': None, 'change': True}
2020-10-03 19:57:21,176 : EventManager : Event: ======'machine_var_audits_switches_s_soul_U'====== Args={'value': 60, 'prev_value': None, 'change': True}
2020-10-03 19:57:21,176 : EventManager : Event: ======'machine_var_audits_switches_s_standUp_1'====== Args={'value': 0, 'prev_value': None, 'change': True}
2020-10-03 19:57:21,177 : EventManager : Event: ======'machine_var_audits_switches_s_standUp_2'====== Args={'value': 0, 'prev_value': None, 'change': True}
2020-10-03 19:57:21,177 : EventManager : Event: ======'machine_var_audits_switches_s_standUp_3'====== Args={'value': 0, 'prev_value': None, 'change': True}
2020-10-03 19:57:21,177 : EventManager : Event: ======'machine_var_audits_switches_s_standUp_R'====== Args={'value': 0, 'prev_value': None, 'change': True}
2020-10-03 19:57:21,178 : EventManager : Event: ======'machine_var_audits_switches_s_star_1'====== Args={'value': 0, 'prev_value': None, 'change': True}
2020-10-03 19:57:21,178 : EventManager : Event: ======'machine_var_audits_switches_s_star_2'====== Args={'value': 0, 'prev_value': None, 'change': True}
2020-10-03 19:57:21,178 : EventManager : Event: ======'machine_var_audits_switches_s_star_3'====== Args={'value': 0, 'prev_value': None, 'change': True}
2020-10-03 19:57:21,178 : EventManager : Event: ======'machine_var_audits_switches_s_start'====== Args={'value': 68, 'prev_value': None, 'change': True}
2020-10-03 19:57:21,179 : EventManager : Event: ======'machine_var_audits_switches_s_tilt'====== Args={'value': 0, 'prev_value': None, 'change': True}
2020-10-03 19:57:21,187 : EventManager : Event: ======'machine_var_audits_switches_s_trough1'====== Args={'value': 508, 'prev_value': None, 'change': True}
2020-10-03 19:57:21,187 : EventManager : Event: ======'machine_var_audits_switches_s_trough2'====== Args={'value': 72, 'prev_value': None, 'change': True}
2020-10-03 19:57:21,187 : EventManager : Event: ======'machine_var_audits_switches_s_trough_jam'====== Args={'value': 13, 'prev_value': None, 'change': True}
2020-10-03 19:57:21,212 : EventManager : Event: ======'slides_play'====== Args={'settings': {'welcome_slide': {'target': None, 'background_color': [0.0, 0.0, 0.0, 1.0], 'priority': None, 'show': True, 'force': False, 'expire': None, 'slide': None, 'tokens': {}, 'action': 'play'}}, 'context': '_global', 'calling_context': 'init_done', 'priority': 0}
2020-10-03 19:57:21,212 : EventManager : Event: ======'mc_reset_phase_1'====== Args={}
2020-10-03 19:57:21,212 : mpfmc : SlidePlayer: Play called with settings={'welcome_slide': {'target': None, 'background_color': [0.0, 0.0, 0.0, 1.0], 'priority': None, 'show': True, 'force': False, 'expire': None, 'slide': None, 'tokens': {}, 'action': 'play'}}
2020-10-03 19:57:21,214 : EventManager : Event: ======'slide_welcome_slide_removed'====== Args={}
2020-10-03 19:57:21,219 : EventManager : Event: ======'slide_welcome_slide_created'====== Args={}
2020-10-03 19:57:21,220 : EventManager : Event: ======'mc_reset_phase_2'====== Args={}
2020-10-03 19:57:21,220 : EventManager : Event: ======'mc_reset_phase_3'====== Args={}
2020-10-03 19:57:21,220 : EventManager : Event: ======'mc_reset_complete'====== Args={}
2020-10-03 19:57:21,221 : EventManager : Event: ======'slide_welcome_slide_active'====== Args={}
2020-10-03 19:57:21,236 : EventManager : Event: ======'slides_play'====== Args={'settings': {'awesome_slide': {'widgets': [{'type': 'text', 'text': 'Cuphead Pinball', 'font_size': 50, '_default_settings': ['type', 'text', 'font_size'], 'x': None, 'y': None, 'anchor_x': 'center', 'anchor_y': 'center', 'round_anchor_x': None, 'round_anchor_y': None, 'opacity': 1.0, 'z': 0, 'reset_animations_events': {}, 'color': [1.0, 1.0, 1.0, 1.0], 'style': [], 'adjust_top': 0, 'adjust_bottom': 0, 'adjust_left': 0, 'adjust_right': 0, 'expire': None, 'key': None, 'widget': None, 'events_when_added': [], 'events_when_removed': [], 'bitmap_font': False, 'font_kerning': True, 'bold': False, 'italic': False, 'number_grouping': False, 'min_digits': 0, 'halign': 'center', 'valign': 'middle', 'rotation': 0, 'scale': 1.0, 'casing': None, 'animations': None}], 'transition': {'type': 'push', 'duration': 1.0, 'direction': 'left', 'easing': 'out_quad'}, 'target': None, 'background_color': [0.0, 0.0, 0.0, 1.0], 'priority': None, 'show': True, 'force': False, 'expire': None, 'slide': None, 'tokens': {}, 'action': 'play'}}, 'context': 'show_1', 'calling_context': 0, 'priority': 10, 'show_tokens': {}, 'start_time': 351082.828}
2020-10-03 19:57:21,237 : EventManager : Event: ======'sounds_play'====== Args={'settings': {'attract_music': {'loops': -1, 'mode_end_action': 'stop', 'priority': None, 'action': 'play', 'track': None, 'volume': None, 'pan': None, 'start_at': None, 'fade_in': None, 'fade_out': None, 'about_to_finish_time': -1.0, 'max_queue_time': -1.0, 'events_when_played': ['use_sound_setting'], 'events_when_stopped': ['use_sound_setting'], 'events_when_looping': ['use_sound_setting'], 'events_when_about_to_finish': ['use_sound_setting'], 'key': 'use_sound_setting'}}, 'context': 'attract', 'calling_context': 'mode_attract_started', 'priority': 10}
2020-10-03 19:57:21,237 : mpfmc : SlidePlayer: Play called with settings={'awesome_slide': {'widgets': [{'type': 'text', 'text': 'Cuphead Pinball', 'font_size': 50, '_default_settings': ['type', 'text', 'font_size'], 'x': None, 'y': None, 'anchor_x': 'center', 'anchor_y': 'center', 'round_anchor_x': None, 'round_anchor_y': None, 'opacity': 1.0, 'z': 0, 'reset_animations_events': {}, 'color': [1.0, 1.0, 1.0, 1.0], 'style': [], 'adjust_top': 0, 'adjust_bottom': 0, 'adjust_left': 0, 'adjust_right': 0, 'expire': None, 'key': None, 'widget': None, 'events_when_added': [], 'events_when_removed': [], 'bitmap_font': False, 'font_kerning': True, 'bold': False, 'italic': False, 'number_grouping': False, 'min_digits': 0, 'halign': 'center', 'valign': 'middle', 'rotation': 0, 'scale': 1.0, 'casing': None, 'animations': None}], 'transition': {'type': 'push', 'duration': 1.0, 'direction': 'left', 'easing': 'out_quad'}, 'target': None, 'background_color': [0.0, 0.0, 0.0, 1.0], 'priority': None, 'show': True, 'force': False, 'expire': None, 'slide': None, 'tokens': {}, 'action': 'play'}}
2020-10-03 19:57:21,255 : EventManager : Event: ======'slide_awesome_slide_created'====== Args={}
2020-10-03 19:57:21,260 : EventManager : Event: ======'slide_awesome_slide_active'====== Args={}
2020-10-03 19:57:22,353 : EventManager : Event: ======'game_started'====== Args={}
2020-10-03 19:57:22,354 : EventManager : Event: ======'slides_clear'====== Args={'context': 'show_1'}
2020-10-03 19:57:22,355 : EventManager : Event: ======'sounds_clear'====== Args={'context': 'attract'}
2020-10-03 19:57:22,357 : EventManager : Event: ======'slide_awesome_slide_removed'====== Args={}
2020-10-03 19:57:22,358 : EventManager : Event: ======'slide_welcome_slide_active'====== Args={}
2020-10-03 19:57:22,408 : EventManager : Event: ======'player_added'====== Args={'player': <Player 1>, 'num': 1}
2020-10-03 19:57:22,408 : EventManager : Event: ======'player_index'====== Args={'value': 0, 'prev_value': 0, 'change': 0, 'player_num': 1}
2020-10-03 19:57:22,408 : EventManager : Event: ======'player_number'====== Args={'value': 1, 'prev_value': 1, 'change': 0, 'player_num': 1}
2020-10-03 19:57:22,409 : EventManager : Event: ======'player_score'====== Args={'value': 0, 'prev_value': 0, 'change': 0, 'player_num': 1}
2020-10-03 19:57:22,435 : EventManager : Event: ======'player_ball'====== Args={'value': 1, 'prev_value': 0, 'change': 1, 'player_num': 1}
2020-10-03 19:57:22,435 : EventManager : Event: ======'player_turn_start'====== Args={'number': 1, 'player': <Player 1>}
2020-10-03 19:57:22,484 : EventManager : Event: ======'player_shot_soul_S_enabled'====== Args={'value': True, 'prev_value': 0, 'change': 1, 'player_num': 1}
2020-10-03 19:57:22,484 : EventManager : Event: ======'player_shot_soul_O_enabled'====== Args={'value': True, 'prev_value': 0, 'change': 1, 'player_num': 1}
2020-10-03 19:57:22,484 : EventManager : Event: ======'player_shot_soul_U_enabled'====== Args={'value': True, 'prev_value': 0, 'change': 1, 'player_num': 1}
2020-10-03 19:57:22,485 : EventManager : Event: ======'player_shot_soul_L_enabled'====== Args={'value': True, 'prev_value': 0, 'change': 1, 'player_num': 1}
2020-10-03 19:57:22,496 : EventManager : Event: ======'sounds_play'====== Args={'settings': {'poolCupHeadBase': {'loops': -1, 'priority': None, 'action': 'play', 'track': None, 'volume': None, 'pan': None, 'start_at': None, 'fade_in': None, 'fade_out': None, 'about_to_finish_time': -1.0, 'max_queue_time': -1.0, 'events_when_played': ['use_sound_setting'], 'events_when_stopped': ['use_sound_setting'], 'events_when_looping': ['use_sound_setting'], 'events_when_about_to_finish': ['use_sound_setting'], 'mode_end_action': 'use_sound_setting', 'key': 'use_sound_setting'}}, 'context': 'base', 'calling_context': 'mode_base_started', 'priority': 100, 'queue': '<QueuedEvent>', 'player': 1, 'ball': 1, 'balls_remaining': 4, 'is_extra_ball': False}
2020-10-03 19:57:22,496 : EventManager : Event: ======'slides_play'====== Args={'settings': {'widgets': {'widgets': [{'type': 'text', 'text': '(score)', 'number_grouping': True, 'min_digits': 2, 'font_size': 100, '_default_settings': ['type', 'text', 'number_grouping', 'min_digits', 'font_size'], 'x': None, 'y': None, 'anchor_x': 'center', 'anchor_y': 'center', 'round_anchor_x': None, 'round_anchor_y': None, 'opacity': 1.0, 'z': 0, 'reset_animations_events': {}, 'color': [1.0, 1.0, 1.0, 1.0], 'style': [], 'adjust_top': 0, 'adjust_bottom': 0, 'adjust_left': 0, 'adjust_right': 0, 'expire': None, 'key': None, 'widget': None, 'events_when_added': [], 'events_when_removed': [], 'bitmap_font': False, 'font_kerning': True, 'bold': False, 'italic': False, 'halign': 'center', 'valign': 'middle', 'rotation': 0, 'scale': 1.0, 'casing': None, 'animations': None}, {'type': 'text', 'text': 'Player (player)', 'y': '10', 'x': '10', 'font_size': 30, 'anchor_x': 'left', 'anchor_y': 'bottom', '_default_settings': ['type', 'text', 'y', 'x', 'font_size', 'anchor_x', 'anchor_y'], 'round_anchor_x': None, 'round_anchor_y': None, 'opacity': 1.0, 'z': 0, 'reset_animations_events': {}, 'color': [1.0, 1.0, 1.0, 1.0], 'style': [], 'adjust_top': 0, 'adjust_bottom': 0, 'adjust_left': 0, 'adjust_right': 0, 'expire': None, 'key': None, 'widget': None, 'events_when_added': [], 'events_when_removed': [], 'bitmap_font': False, 'font_kerning': True, 'bold': False, 'italic': False, 'number_grouping': False, 'min_digits': 0, 'halign': 'center', 'valign': 'middle', 'rotation': 0, 'scale': 1.0, 'casing': None, 'animations': None}, {'type': 'text', 'text': 'BALL (ball)', 'y': '10', 'x': 'right-10', 'anchor_x': 'right', 'anchor_y': 'bottom', 'font_size': 50, '_default_settings': ['type', 'text', 'y', 'x', 'anchor_x', 'anchor_y', 'font_size'], 'round_anchor_x': None, 'round_anchor_y': None, 'opacity': 1.0, 'z': 0, 'reset_animations_events': {}, 'color': [1.0, 1.0, 1.0, 1.0], 'style': [], 'adjust_top': 0, 'adjust_bottom': 0, 'adjust_left': 0, 'adjust_right': 0, 'expire': None, 'key': None, 'widget': None, 'events_when_added': [], 'events_when_removed': [], 'bitmap_font': False, 'font_kerning': True, 'bold': False, 'italic': False, 'number_grouping': False, 'min_digits': 0, 'halign': 'center', 'valign': 'middle', 'rotation': 0, 'scale': 1.0, 'casing': None, 'animations': None}], 'target': None, 'background_color': [0.0, 0.0, 0.0, 1.0], 'priority': None, 'show': True, 'force': False, 'expire': None, 'slide': None, 'tokens': {}, 'action': 'play'}}, 'context': 'base', 'calling_context': 'mode_base_started', 'priority': 100, 'queue': '<QueuedEvent>', 'player': 1, 'ball': 1, 'balls_remaining': 4, 'is_extra_ball': False}
2020-10-03 19:57:22,498 : mpfmc : SlidePlayer: Play called with settings={'widgets': {'widgets': [{'type': 'text', 'text': '(score)', 'number_grouping': True, 'min_digits': 2, 'font_size': 100, '_default_settings': ['type', 'text', 'number_grouping', 'min_digits', 'font_size'], 'x': None, 'y': None, 'anchor_x': 'center', 'anchor_y': 'center', 'round_anchor_x': None, 'round_anchor_y': None, 'opacity': 1.0, 'z': 0, 'reset_animations_events': {}, 'color': [1.0, 1.0, 1.0, 1.0], 'style': [], 'adjust_top': 0, 'adjust_bottom': 0, 'adjust_left': 0, 'adjust_right': 0, 'expire': None, 'key': None, 'widget': None, 'events_when_added': [], 'events_when_removed': [], 'bitmap_font': False, 'font_kerning': True, 'bold': False, 'italic': False, 'halign': 'center', 'valign': 'middle', 'rotation': 0, 'scale': 1.0, 'casing': None, 'animations': None}, {'type': 'text', 'text': 'Player (player)', 'y': '10', 'x': '10', 'font_size': 30, 'anchor_x': 'left', 'anchor_y': 'bottom', '_default_settings': ['type', 'text', 'y', 'x', 'font_size', 'anchor_x', 'anchor_y'], 'round_anchor_x': None, 'round_anchor_y': None, 'opacity': 1.0, 'z': 0, 'reset_animations_events': {}, 'color': [1.0, 1.0, 1.0, 1.0], 'style': [], 'adjust_top': 0, 'adjust_bottom': 0, 'adjust_left': 0, 'adjust_right': 0, 'expire': None, 'key': None, 'widget': None, 'events_when_added': [], 'events_when_removed': [], 'bitmap_font': False, 'font_kerning': True, 'bold': False, 'italic': False, 'number_grouping': False, 'min_digits': 0, 'halign': 'center', 'valign': 'middle', 'rotation': 0, 'scale': 1.0, 'casing': None, 'animations': None}, {'type': 'text', 'text': 'BALL (ball)', 'y': '10', 'x': 'right-10', 'anchor_x': 'right', 'anchor_y': 'bottom', 'font_size': 50, '_default_settings': ['type', 'text', 'y', 'x', 'anchor_x', 'anchor_y', 'font_size'], 'round_anchor_x': None, 'round_anchor_y': None, 'opacity': 1.0, 'z': 0, 'reset_animations_events': {}, 'color': [1.0, 1.0, 1.0, 1.0], 'style': [], 'adjust_top': 0, 'adjust_bottom': 0, 'adjust_left': 0, 'adjust_right': 0, 'expire': None, 'key': None, 'widget': None, 'events_when_added': [], 'events_when_removed': [], 'bitmap_font': False, 'font_kerning': True, 'bold': False, 'italic': False, 'number_grouping': False, 'min_digits': 0, 'halign': 'center', 'valign': 'middle', 'rotation': 0, 'scale': 1.0, 'casing': None, 'animations': None}], 'target': None, 'background_color': [0.0, 0.0, 0.0, 1.0], 'priority': None, 'show': True, 'force': False, 'expire': None, 'slide': None, 'tokens': {}, 'action': 'play'}}
2020-10-03 19:57:22,512 : EventManager : Event: ======'slide_base.slide_player-mode_base_started_created'====== Args={}
2020-10-03 19:57:22,516 : EventManager : Event: ======'slide_base.slide_player-mode_base_started_active'====== Args={}
2020-10-03 19:57:22,752 : EventManager : Event: ======'machine_var_audits_switches_s_plunger'====== Args={'value': 534, 'prev_value': 533, 'change': 1}
2020-10-03 19:57:24,081 : EventManager : Event: ======'machine_var_audits_switches_s_soul_S'====== Args={'value': 70, 'prev_value': 69, 'change': 1}
2020-10-03 19:57:24,093 : EventManager : Event: ======'player_shot_soul_S'====== Args={'value': 1, 'prev_value': 0, 'change': 1, 'player_num': 1}
2020-10-03 19:57:24,093 : EventManager : Event: ======'machine_var_audits_shots_soul_S'====== Args={'value': 70, 'prev_value': 69, 'change': 1}
2020-10-03 19:57:26,666 : EventManager : Event: ======'machine_var_audits_switches_s_exit_shooter_lane'====== Args={'value': 344, 'prev_value': 343, 'change': 1}
2020-10-03 19:57:27,618 : EventManager : Event: ======'machine_var_audits_switches_s_popBumper_1'====== Args={'value': 453, 'prev_value': 452, 'change': 1}
2020-10-03 19:57:28,330 : EventManager : Event: ======'machine_var_audits_switches_s_popBumper_2'====== Args={'value': 422, 'prev_value': 421, 'change': 1}
2020-10-03 19:57:28,331 : EventManager : Event: ======'player_score'====== Args={'value': 10, 'prev_value': 0, 'change': 10, 'player_num': 1}
2020-10-03 19:57:28,756 : EventManager : Event: ======'machine_var_audits_switches_s_popBumper_3'====== Args={'value': 153, 'prev_value': 152, 'change': 1}
2020-10-03 19:57:28,756 : EventManager : Event: ======'player_score'====== Args={'value': 20, 'prev_value': 10, 'change': 10, 'player_num': 1}
2020-10-03 19:57:28,984 : EventManager : Event: ======'machine_var_audits_switches_s_popBumper_2'====== Args={'value': 423, 'prev_value': 422, 'change': 1}
2020-10-03 19:57:28,984 : EventManager : Event: ======'player_score'====== Args={'value': 30, 'prev_value': 20, 'change': 10, 'player_num': 1}
2020-10-03 19:57:29,212 : EventManager : Event: ======'machine_var_audits_switches_s_popBumper_1'====== Args={'value': 454, 'prev_value': 453, 'change': 1}
2020-10-03 19:57:29,465 : EventManager : Event: ======'machine_var_audits_switches_s_popBumper_2'====== Args={'value': 424, 'prev_value': 423, 'change': 1}
2020-10-03 19:57:29,466 : EventManager : Event: ======'player_score'====== Args={'value': 40, 'prev_value': 30, 'change': 10, 'player_num': 1}
2020-10-03 19:57:29,700 : EventManager : Event: ======'machine_var_audits_switches_s_popBumper_3'====== Args={'value': 154, 'prev_value': 153, 'change': 1}
2020-10-03 19:57:29,701 : EventManager : Event: ======'player_score'====== Args={'value': 50, 'prev_value': 40, 'change': 10, 'player_num': 1}
2020-10-03 19:57:29,910 : EventManager : Event: ======'machine_var_audits_switches_s_popBumper_2'====== Args={'value': 425, 'prev_value': 424, 'change': 1}
2020-10-03 19:57:29,910 : EventManager : Event: ======'player_score'====== Args={'value': 60, 'prev_value': 50, 'change': 10, 'player_num': 1}
2020-10-03 19:57:30,139 : EventManager : Event: ======'machine_var_audits_switches_s_popBumper_1'====== Args={'value': 455, 'prev_value': 454, 'change': 1}
2020-10-03 19:57:30,359 : EventManager : Event: ======'machine_var_audits_switches_s_popBumper_2'====== Args={'value': 426, 'prev_value': 425, 'change': 1}
2020-10-03 19:57:30,360 : EventManager : Event: ======'player_score'====== Args={'value': 70, 'prev_value': 60, 'change': 10, 'player_num': 1}
2020-10-03 19:57:30,594 : EventManager : Event: ======'machine_var_audits_switches_s_popBumper_3'====== Args={'value': 155, 'prev_value': 154, 'change': 1}
2020-10-03 19:57:30,594 : EventManager : Event: ======'player_score'====== Args={'value': 80, 'prev_value': 70, 'change': 10, 'player_num': 1}
2020-10-03 19:57:30,797 : EventManager : Event: ======'machine_var_audits_switches_s_popBumper_2'====== Args={'value': 427, 'prev_value': 426, 'change': 1}
2020-10-03 19:57:30,797 : EventManager : Event: ======'player_score'====== Args={'value': 90, 'prev_value': 80, 'change': 10, 'player_num': 1}
2020-10-03 19:57:31,007 : EventManager : Event: ======'machine_var_audits_switches_s_popBumper_1'====== Args={'value': 456, 'prev_value': 455, 'change': 1}
2020-10-03 19:57:31,213 : EventManager : Event: ======'machine_var_audits_switches_s_popBumper_2'====== Args={'value': 428, 'prev_value': 427, 'change': 1}
2020-10-03 19:57:31,213 : EventManager : Event: ======'player_score'====== Args={'value': 100, 'prev_value': 90, 'change': 10, 'player_num': 1}
2020-10-03 19:57:31,434 : EventManager : Event: ======'machine_var_audits_switches_s_popBumper_3'====== Args={'value': 156, 'prev_value': 155, 'change': 1}
2020-10-03 19:57:31,434 : EventManager : Event: ======'player_score'====== Args={'value': 110, 'prev_value': 100, 'change': 10, 'player_num': 1}
2020-10-03 19:57:31,641 : EventManager : Event: ======'machine_var_audits_switches_s_popBumper_2'====== Args={'value': 429, 'prev_value': 428, 'change': 1}
2020-10-03 19:57:31,641 : EventManager : Event: ======'player_score'====== Args={'value': 120, 'prev_value': 110, 'change': 10, 'player_num': 1}
2020-10-03 19:57:31,847 : EventManager : Event: ======'machine_var_audits_switches_s_popBumper_1'====== Args={'value': 457, 'prev_value': 456, 'change': 1}
2020-10-03 19:57:32,068 : EventManager : Event: ======'machine_var_audits_switches_s_popBumper_2'====== Args={'value': 430, 'prev_value': 429, 'change': 1}
2020-10-03 19:57:32,068 : EventManager : Event: ======'player_score'====== Args={'value': 130, 'prev_value': 120, 'change': 10, 'player_num': 1}
2020-10-03 19:57:32,283 : EventManager : Event: ======'machine_var_audits_switches_s_popBumper_3'====== Args={'value': 157, 'prev_value': 156, 'change': 1}
2020-10-03 19:57:32,283 : EventManager : Event: ======'player_score'====== Args={'value': 140, 'prev_value': 130, 'change': 10, 'player_num': 1}
2020-10-03 19:57:32,478 : EventManager : Event: ======'machine_var_audits_switches_s_popBumper_2'====== Args={'value': 431, 'prev_value': 430, 'change': 1}
2020-10-03 19:57:32,478 : EventManager : Event: ======'player_score'====== Args={'value': 150, 'prev_value': 140, 'change': 10, 'player_num': 1}
2020-10-03 19:57:32,707 : EventManager : Event: ======'machine_var_audits_switches_s_popBumper_1'====== Args={'value': 458, 'prev_value': 457, 'change': 1}
2020-10-03 19:57:32,914 : EventManager : Event: ======'machine_var_audits_switches_s_popBumper_2'====== Args={'value': 432, 'prev_value': 431, 'change': 1}
2020-10-03 19:57:32,914 : EventManager : Event: ======'player_score'====== Args={'value': 160, 'prev_value': 150, 'change': 10, 'player_num': 1}
2020-10-03 19:57:33,129 : EventManager : Event: ======'machine_var_audits_switches_s_popBumper_3'====== Args={'value': 158, 'prev_value': 157, 'change': 1}
2020-10-03 19:57:33,129 : EventManager : Event: ======'player_score'====== Args={'value': 170, 'prev_value': 160, 'change': 10, 'player_num': 1}
2020-10-03 19:57:33,331 : EventManager : Event: ======'machine_var_audits_switches_s_popBumper_2'====== Args={'value': 433, 'prev_value': 432, 'change': 1}
2020-10-03 19:57:33,331 : EventManager : Event: ======'player_score'====== Args={'value': 180, 'prev_value': 170, 'change': 10, 'player_num': 1}
2020-10-03 19:57:33,552 : EventManager : Event: ======'machine_var_audits_switches_s_popBumper_1'====== Args={'value': 459, 'prev_value': 458, 'change': 1}
2020-10-03 19:57:33,752 : EventManager : Event: ======'machine_var_audits_switches_s_popBumper_2'====== Args={'value': 434, 'prev_value': 433, 'change': 1}
2020-10-03 19:57:33,752 : EventManager : Event: ======'player_score'====== Args={'value': 190, 'prev_value': 180, 'change': 10, 'player_num': 1}
2020-10-03 19:57:33,970 : EventManager : Event: ======'machine_var_audits_switches_s_popBumper_3'====== Args={'value': 159, 'prev_value': 158, 'change': 1}
2020-10-03 19:57:33,971 : EventManager : Event: ======'player_score'====== Args={'value': 200, 'prev_value': 190, 'change': 10, 'player_num': 1}
2020-10-03 19:57:34,156 : EventManager : Event: ======'machine_var_audits_switches_s_popBumper_2'====== Args={'value': 435, 'prev_value': 434, 'change': 1}
2020-10-03 19:57:34,156 : EventManager : Event: ======'player_score'====== Args={'value': 210, 'prev_value': 200, 'change': 10, 'player_num': 1}
2020-10-03 19:57:34,366 : EventManager : Event: ======'machine_var_audits_switches_s_popBumper_1'====== Args={'value': 460, 'prev_value': 459, 'change': 1}
2020-10-03 19:57:35,969 : kivy : Base: Leaving application in progress...
2020-10-03 19:57:36,340 : kivy : WindowSDL: exiting mainloop and closing.
2020-10-03 19:57:36,387 : mpfmc : Stopping...
2020-10-03 19:57:36,387 : EventManager : Event: ======'shutdown'====== Args={}
2020-10-03 19:57:36,387 : mpfmc : Loop rate 48.35 Hz
2020-10-03 19:57:36,387 : kivy : MC run loop ended.
2020-10-03 19:57:36,387 : kivy : Stopping child threads... (3 remaining)
2020-10-03 19:57:36,590 : mpfmc : Stopping...
2020-10-03 19:57:36,590 : EventManager : Event: ======'shutdown'====== Args={}
2020-10-03 19:57:36,590 : mpfmc : Loop rate 47.96 Hz
2020-10-03 19:57:36,637 : MPF-MC BCP Server : Stopping BCP sending thread
2020-10-03 19:57:36,747 : kivy : All child threads stopped.
