2020-10-04 11:14:33,172 : kivy : Factory: 184 symbols loaded
2020-10-04 11:14:33,653 : kivy : ImageLoaderFFPy: Using ffpyplayer 4.3.1
2020-10-04 11:14:33,655 : kivy : Image: Providers: img_tex, img_dds, img_sdl2, img_pil, img_ffpyplayer, img_gif 
2020-10-04 11:14:33,927 : kivy : VideoGstplayer: Using Gstreamer 1.16.0.0
2020-10-04 11:14:33,927 : kivy : Video: Provider: gstplayer
2020-10-04 11:14:34,101 : kivy : Loading MPF-MC controller
2020-10-04 11:14:34,110 : YamlMultifileConfigLoader : Machine config file #1: config
2020-10-04 11:14:34,111 : ConfigProcessor : Config file in cache changed: c:\Pinball\Cuphead\config\config
2020-10-04 11:14:34,126 : ConfigProcessor : Loading config from file c:\users\themi\appdata\local\programs\python\python36\lib\site-packages\mpfmc\mcconfig.yaml.
2020-10-04 11:14:34,214 : ConfigProcessor : Loading config: c:\users\themi\appdata\local\programs\python\python36\lib\site-packages\mpfmc\mcconfig.yaml
2020-10-04 11:14:34,216 : ConfigProcessor : Loading config from file c:\Pinball\Cuphead\config\config.
2020-10-04 11:14:34,237 : ConfigProcessor : Loading config: c:\Pinball\Cuphead\config\config
2020-10-04 11:14:34,251 : ConfigProcessor : Loading config: c:\Pinball\Cuphead\config\keyboard.yaml
2020-10-04 11:14:34,321 : ConfigProcessor : Loading config: c:\Pinball\Cuphead\config\hwSwitches.yaml
2020-10-04 11:14:34,431 : ConfigProcessor : Loading config: c:\Pinball\Cuphead\config\hwLights.yaml
2020-10-04 11:14:34,472 : ConfigProcessor : Loading config: c:\Pinball\Cuphead\config\hwCoils.yaml
2020-10-04 11:14:34,477 : ConfigProcessor : Config file cache created: C:\Users\themi\AppData\Local\Temp\1bf5539849bfae2fda5beb863cde560d.mpf_cache
2020-10-04 11:14:34,478 : ConfigProcessor : Loading config from cache: C:\Users\themi\AppData\Local\Temp\7964e52b22911e9b68a8022172b185f3.mpf_cache
2020-10-04 11:14:34,479 : ConfigProcessor : Loading config from cache: C:\Users\themi\AppData\Local\Temp\4fcecb70f81c3c2fefb8e65ae9a0af5f.mpf_cache
2020-10-04 11:14:34,481 : ConfigProcessor : Loading config from cache: C:\Users\themi\AppData\Local\Temp\b2a05f27b99f0404929b6678617f21a2.mpf_cache
2020-10-04 11:14:34,482 : ConfigProcessor : Loading config from cache: C:\Users\themi\AppData\Local\Temp\ee661b7bde9ac1aee26ef2e16bd36711.mpf_cache
2020-10-04 11:14:34,483 : mpfmc : Mission Pinball Framework Media Controller v0.54.0-dev.20
2020-10-04 11:14:34,483 : mpfmc : Mission Pinball Framework Game Engine v0.54.0-dev.72
2020-10-04 11:14:34,483 : mpfmc : Machine path: c:\Pinball\Cuphead
2020-10-04 11:14:34,483 : mpfmc : Starting clock at 60.0Hz
2020-10-04 11:14:34,520 : kivy : Text: Provider: sdl2
2020-10-04 11:14:34,650 : kivy : Window: Provider: sdl2
2020-10-04 11:14:35,642 : kivy : GL: Using the "OpenGL" graphics system
2020-10-04 11:14:35,653 : kivy : GL: GLEW initialization succeeded
2020-10-04 11:14:35,653 : kivy : GL: Backend used <glew>
2020-10-04 11:14:35,656 : kivy : GL: OpenGL version <b'4.5.14568 Compatibility Profile Context 24.20.12050.0'>
2020-10-04 11:14:35,656 : kivy : GL: OpenGL vendor <b'ATI Technologies Inc.'>
2020-10-04 11:14:35,657 : kivy : GL: OpenGL renderer <b'AMD Radeon(TM) R4 Graphics'>
2020-10-04 11:14:35,658 : kivy : GL: OpenGL parsed version: 4, 5
2020-10-04 11:14:35,659 : kivy : GL: Shading version <b'4.50'>
2020-10-04 11:14:35,659 : kivy : GL: Texture max size <16384>
2020-10-04 11:14:35,659 : kivy : GL: Texture max units <32>
2020-10-04 11:14:35,772 : kivy : Window: auto add sdl2 input provider
2020-10-04 11:14:35,773 : kivy : Window: virtual keyboard not allowed, single mode, not docked
2020-10-04 11:14:35,788 : SoundSystem : SoundSystem: Using default 'sound_system' settings
2020-10-04 11:14:36,681 : AudioInterface : Initialized
2020-10-04 11:14:36,682 : SoundSystem : No audio tracks are specified in your machine config file. a track named 'default' has been created.
2020-10-04 11:14:36,687 : kivy : Base: Start application main loop
2020-10-04 11:14:36,689 : EventManager : Event: ======'display_window_initialized'====== Args={}
2020-10-04 11:14:36,753 : mpfmc : Display: Setting 'window' as default display
2020-10-04 11:14:36,776 : EventManager : Event: ======'displays_initialized'====== Args={}
2020-10-04 11:14:36,779 : EventManager : Event: ======'slide_window_blank_created'====== Args={}
2020-10-04 11:14:36,780 : EventManager : Event: ======'display_window_ready'====== Args={}
2020-10-04 11:14:36,817 : EventManager : Event: ======'init_phase_1'====== Args={}
2020-10-04 11:14:36,826 : EventManager : Event: ======'mc_ready'====== Args={}
2020-10-04 11:14:36,827 : EventManager : Event: ======'init_phase_2'====== Args={}
2020-10-04 11:14:36,847 : EventManager : Event: ======'init_phase_3'====== Args={}
2020-10-04 11:14:36,850 : AssetManager : Registering Asset: cupHighScore, File: cupHighScore.ogg, Default Group: default, Final Config: {'load': 'preload', 'file': 'c:\\Pinball\\Cuphead\\modes\\base\\sounds\\music\\cupHighScore.ogg'}
2020-10-04 11:14:36,850 : AssetManager : Registering Asset: cupMusic1, File: cupMusic1.ogg, Default Group: default, Final Config: {'load': 'preload', 'target': 'music', 'loop': -1, 'mode_end_action': 'stop', 'file': 'c:\\Pinball\\Cuphead\\modes\\base\\sounds\\music\\cupMusic1.ogg'}
2020-10-04 11:14:36,851 : AssetManager : Registering Asset: cupMusic2, File: cupMusic2.ogg, Default Group: default, Final Config: {'load': 'preload', 'target': 'music', 'loop': -1, 'mode_end_action': 'stop', 'file': 'c:\\Pinball\\Cuphead\\modes\\base\\sounds\\music\\cupMusic2.ogg'}
2020-10-04 11:14:36,851 : AssetManager : Registering Asset: cupMusic3, File: cupMusic3.ogg, Default Group: default, Final Config: {'load': 'preload', 'target': 'music', 'loop': -1, 'mode_end_action': 'stop', 'file': 'c:\\Pinball\\Cuphead\\modes\\base\\sounds\\music\\cupMusic3.ogg'}
2020-10-04 11:14:36,851 : AssetManager : Registering Asset: cupMusic4, File: cupMusic4.ogg, Default Group: default, Final Config: {'load': 'preload', 'target': 'music', 'loop': -1, 'mode_end_action': 'stop', 'file': 'c:\\Pinball\\Cuphead\\modes\\base\\sounds\\music\\cupMusic4.ogg'}
2020-10-04 11:14:36,851 : AssetManager : Registering Asset: cupMusic5, File: cupMusic5.ogg, Default Group: default, Final Config: {'load': 'preload', 'file': 'c:\\Pinball\\Cuphead\\modes\\base\\sounds\\music\\cupMusic5.ogg'}
2020-10-04 11:14:36,852 : AssetManager : Registering Asset: cupMusic6, File: cupMusic6.ogg, Default Group: default, Final Config: {'load': 'preload', 'file': 'c:\\Pinball\\Cuphead\\modes\\base\\sounds\\music\\cupMusic6.ogg'}
2020-10-04 11:14:36,852 : AssetManager : Registering Asset: cupMusic7, File: cupMusic7.ogg, Default Group: default, Final Config: {'load': 'preload', 'file': 'c:\\Pinball\\Cuphead\\modes\\base\\sounds\\music\\cupMusic7.ogg'}
2020-10-04 11:14:36,852 : AssetManager : Registering Asset: cupMusic8, File: cupMusic8.ogg, Default Group: default, Final Config: {'load': 'preload', 'file': 'c:\\Pinball\\Cuphead\\modes\\base\\sounds\\music\\cupMusic8.ogg'}
2020-10-04 11:14:36,852 : AssetManager : Registering Asset: cupMusic9, File: cupMusic9.ogg, Default Group: default, Final Config: {'load': 'preload', 'file': 'c:\\Pinball\\Cuphead\\modes\\base\\sounds\\music\\cupMusic9.ogg'}
2020-10-04 11:14:36,852 : AssetManager : Registering Asset: game_play_1, File: game_play_1.ogg, Default Group: default, Final Config: {'load': 'preload', 'file': 'c:\\Pinball\\Cuphead\\modes\\base\\sounds\\music\\game_play_1.ogg'}
2020-10-04 11:14:36,855 : AssetManager : Registering Asset: attract_music, File: attract_music.ogg, Default Group: default, Final Config: {'load': 'preload', 'file': 'c:\\Pinball\\Cuphead\\modes\\attract\\sounds\\music\\attract_music.ogg'}
2020-10-04 11:14:36,856 : EventManager : Event: ======'init_phase_4'====== Args={}
2020-10-04 11:14:36,856 : EventManager : Event: ======'init_phase_5'====== Args={}
2020-10-04 11:14:40,397 : EventManager : Event: ======'loading_assets'====== Args={'total': 12, 'loaded': 1, 'remaining': 11, 'percent': 8}
2020-10-04 11:14:40,398 : AssetManager : Loading assets: 1/12 (8%)
2020-10-04 11:14:41,860 : EventManager : Event: ======'loading_assets'====== Args={'total': 12, 'loaded': 5, 'remaining': 7, 'percent': 42}
2020-10-04 11:14:41,860 : AssetManager : Loading assets: 5/12 (42%)
2020-10-04 11:14:42,745 : EventManager : Event: ======'loading_assets'====== Args={'total': 12, 'loaded': 7, 'remaining': 5, 'percent': 58}
2020-10-04 11:14:42,746 : AssetManager : Loading assets: 7/12 (58%)
2020-10-04 11:14:43,528 : EventManager : Event: ======'loading_assets'====== Args={'total': 12, 'loaded': 8, 'remaining': 4, 'percent': 67}
2020-10-04 11:14:44,073 : AssetManager : Loading assets: 8/12 (67%)
2020-10-04 11:14:44,995 : EventManager : Event: ======'loading_assets'====== Args={'total': 12, 'loaded': 9, 'remaining': 3, 'percent': 75}
2020-10-04 11:14:44,995 : AssetManager : Loading assets: 9/12 (75%)
2020-10-04 11:14:45,919 : EventManager : Event: ======'loading_assets'====== Args={'total': 12, 'loaded': 10, 'remaining': 2, 'percent': 83}
2020-10-04 11:14:45,919 : AssetManager : Loading assets: 10/12 (83%)
2020-10-04 11:14:46,765 : EventManager : Event: ======'loading_assets'====== Args={'total': 12, 'loaded': 12, 'remaining': 0, 'percent': 100}
2020-10-04 11:14:46,765 : AssetManager : Asset loading took: 10.082548141479492
2020-10-04 11:14:46,765 : EventManager : Event: ======'asset_loading_complete'====== Args={}
2020-10-04 11:14:46,765 : AssetManager : Loading assets: 12/12 (100%)
2020-10-04 11:14:46,765 : EventManager : Event: ======'init_done'====== Args={}
2020-10-04 11:14:46,766 : MPF-MC BCP Server : Starting up on localhost port 5050
2020-10-04 11:14:46,774 : MPF-MC BCP Server : Waiting for a connection...
2020-10-04 11:14:46,774 : mpfmc : SlidePlayer: Play called with settings={'slides': {welcome_slide-None-None: {'priority': None, 'target': None, 'background_color': [0.0, 0.0, 0.0, 1.0], 'show': True, 'force': False, 'expire': None, 'slide': None, 'tokens': {}, 'action': 'play', 'transition': None, 'transition_out': None}}}
2020-10-04 11:14:46,783 : kivy : GL: NPOT texture support is available
2020-10-04 11:14:46,784 : EventManager : Event: ======'slide_welcome_slide_created'====== Args={}
2020-10-04 11:14:46,787 : EventManager : Event: ======'slide_welcome_slide_active'====== Args={}
2020-10-04 11:14:46,794 : EventManager : Event: ======'client_disconnected'====== Args={'host': '127.0.0.1', 'port': 5050}
2020-10-04 11:14:48,188 : MPF-MC BCP Server : Received connection from: 127.0.0.1:52794
2020-10-04 11:14:48,196 : EventManager : Event: ======'client_connected'====== Args={'host': '127.0.0.1', 'port': 52794}
2020-10-04 11:14:48,250 : EventManager : Event: ======'machine_var_credits_string'====== Args={'value': 'FREE PLAY', 'prev_value': None, 'change': True}
2020-10-04 11:14:48,250 : EventManager : Event: ======'machine_var_player1_score'====== Args={'value': 8110, 'prev_value': None, 'change': True}
2020-10-04 11:14:48,250 : EventManager : Event: ======'machine_var_mpf_version'====== Args={'value': 'MPF v0.54.0-dev.72', 'prev_value': None, 'change': True}
2020-10-04 11:14:48,251 : EventManager : Event: ======'machine_var_mpf_extended_version'====== Args={'value': 'MPF v0.54.0-dev.72, Config version:5, Show version: 5, BCP version:1.1', 'prev_value': None, 'change': True}
2020-10-04 11:14:48,251 : EventManager : Event: ======'machine_var_python_version'====== Args={'value': '3.6.4', 'prev_value': None, 'change': True}
2020-10-04 11:14:48,252 : EventManager : Event: ======'machine_var_platform'====== Args={'value': 'Windows-10-10.0.18362-SP0', 'prev_value': None, 'change': True}
2020-10-04 11:14:48,252 : EventManager : Event: ======'machine_var_platform_system'====== Args={'value': 'Windows', 'prev_value': None, 'change': True}
2020-10-04 11:14:48,253 : EventManager : Event: ======'machine_var_platform_release'====== Args={'value': '10', 'prev_value': None, 'change': True}
2020-10-04 11:14:48,254 : EventManager : Event: ======'machine_var_platform_version'====== Args={'value': '10.0.18362', 'prev_value': None, 'change': True}
2020-10-04 11:14:48,254 : EventManager : Event: ======'machine_var_platform_machine'====== Args={'value': 'AMD64', 'prev_value': None, 'change': True}
2020-10-04 11:14:48,257 : EventManager : Event: ======'machine_var_mc_version'====== Args={'value': 'MPF-MC v0.54.0-dev.20', 'prev_value': None, 'change': True}
2020-10-04 11:14:48,260 : EventManager : Event: ======'machine_var_mc_extended_version'====== Args={'value': 'MPF-MC v0.54.0-dev.20 (config_version=5, BCP v1.1, Requires MPF v0.54.0-dev.68)', 'prev_value': None, 'change': True}
2020-10-04 11:14:48,262 : EventManager : Event: ======'machine_var_master_volume'====== Args={'value': 0.5, 'prev_value': None, 'change': True}
2020-10-04 11:14:48,372 : EventManager : Event: ======'machine_var_audits_events_game_ended'====== Args={'value': 21, 'prev_value': None, 'change': True}
2020-10-04 11:14:48,372 : EventManager : Event: ======'machine_var_audits_events_game_started'====== Args={'value': 40, 'prev_value': None, 'change': True}
2020-10-04 11:14:48,373 : EventManager : Event: ======'machine_var_audits_player_score'====== Args={'value': {'average': 530.4761904761905, 'top': [2970, 1300, 1220, 980, 880, 780, 720, 710, 630, 590], 'total': 21}, 'prev_value': None, 'change': True}
2020-10-04 11:14:48,373 : EventManager : Event: ======'machine_var_audits_shots_soul_L'====== Args={'value': 193, 'prev_value': None, 'change': True}
2020-10-04 11:14:48,374 : EventManager : Event: ======'machine_var_audits_shots_soul_O'====== Args={'value': 199, 'prev_value': None, 'change': True}
2020-10-04 11:14:48,374 : EventManager : Event: ======'machine_var_audits_shots_soul_S'====== Args={'value': 228, 'prev_value': None, 'change': True}
2020-10-04 11:14:48,374 : EventManager : Event: ======'machine_var_audits_shots_soul_U'====== Args={'value': 195, 'prev_value': None, 'change': True}
2020-10-04 11:14:48,376 : EventManager : Event: ======'machine_var_audits_switches_s_coin'====== Args={'value': 20, 'prev_value': None, 'change': True}
2020-10-04 11:14:48,377 : EventManager : Event: ======'machine_var_audits_switches_s_dash_L'====== Args={'value': 0, 'prev_value': None, 'change': True}
2020-10-04 11:14:48,377 : EventManager : Event: ======'machine_var_audits_switches_s_dash_R'====== Args={'value': 0, 'prev_value': None, 'change': True}
2020-10-04 11:14:48,378 : EventManager : Event: ======'machine_var_audits_switches_s_dtSling_L'====== Args={'value': 0, 'prev_value': None, 'change': True}
2020-10-04 11:14:48,378 : EventManager : Event: ======'machine_var_audits_switches_s_dtSling_R'====== Args={'value': 0, 'prev_value': None, 'change': True}
2020-10-04 11:14:48,379 : EventManager : Event: ======'machine_var_audits_switches_s_dt_C'====== Args={'value': 72, 'prev_value': None, 'change': True}
2020-10-04 11:14:48,379 : EventManager : Event: ======'machine_var_audits_switches_s_dt_G'====== Args={'value': 21, 'prev_value': None, 'change': True}
2020-10-04 11:14:48,379 : EventManager : Event: ======'machine_var_audits_switches_s_dt_M'====== Args={'value': 19, 'prev_value': None, 'change': True}
2020-10-04 11:14:48,381 : EventManager : Event: ======'machine_var_audits_switches_s_dt_P'====== Args={'value': 55, 'prev_value': None, 'change': True}
2020-10-04 11:14:48,381 : EventManager : Event: ======'machine_var_audits_switches_s_dt_U'====== Args={'value': 63, 'prev_value': None, 'change': True}
2020-10-04 11:14:48,381 : EventManager : Event: ======'machine_var_audits_switches_s_dt_U2'====== Args={'value': 19, 'prev_value': None, 'change': True}
2020-10-04 11:14:48,381 : EventManager : Event: ======'machine_var_audits_switches_s_exit_shooter_lane'====== Args={'value': 357, 'prev_value': None, 'change': True}
2020-10-04 11:14:48,382 : EventManager : Event: ======'machine_var_audits_switches_s_inLane_L'====== Args={'value': 0, 'prev_value': None, 'change': True}
2020-10-04 11:14:48,382 : EventManager : Event: ======'machine_var_audits_switches_s_inLane_R'====== Args={'value': 0, 'prev_value': None, 'change': True}
2020-10-04 11:14:48,383 : EventManager : Event: ======'machine_var_audits_switches_s_kicker'====== Args={'value': 0, 'prev_value': None, 'change': True}
2020-10-04 11:14:48,383 : EventManager : Event: ======'machine_var_audits_switches_s_left_flipper'====== Args={'value': 151, 'prev_value': None, 'change': True}
2020-10-04 11:14:48,383 : EventManager : Event: ======'machine_var_audits_switches_s_midRight'====== Args={'value': 0, 'prev_value': None, 'change': True}
2020-10-04 11:14:48,396 : EventManager : Event: ======'machine_var_audits_switches_s_outLane_L'====== Args={'value': 0, 'prev_value': None, 'change': True}
2020-10-04 11:14:48,396 : EventManager : Event: ======'machine_var_audits_switches_s_outLane_R'====== Args={'value': 0, 'prev_value': None, 'change': True}
2020-10-04 11:14:48,396 : EventManager : Event: ======'machine_var_audits_switches_s_perdition'====== Args={'value': 0, 'prev_value': None, 'change': True}
2020-10-04 11:14:48,397 : EventManager : Event: ======'machine_var_audits_switches_s_playfield'====== Args={'value': 0, 'prev_value': None, 'change': True}
2020-10-04 11:14:48,397 : EventManager : Event: ======'machine_var_audits_switches_s_plunger'====== Args={'value': 558, 'prev_value': None, 'change': True}
2020-10-04 11:14:48,398 : EventManager : Event: ======'machine_var_audits_switches_s_popBumper_1'====== Args={'value': 464, 'prev_value': None, 'change': True}
2020-10-04 11:14:48,398 : EventManager : Event: ======'machine_var_audits_switches_s_popBumper_2'====== Args={'value': 440, 'prev_value': None, 'change': True}
2020-10-04 11:14:48,398 : EventManager : Event: ======'machine_var_audits_switches_s_popBumper_3'====== Args={'value': 164, 'prev_value': None, 'change': True}
2020-10-04 11:14:48,398 : EventManager : Event: ======'machine_var_audits_switches_s_pop_bumper1'====== Args={'value': 120, 'prev_value': None, 'change': True}
2020-10-04 11:14:48,398 : EventManager : Event: ======'machine_var_audits_switches_s_pop_bumper2'====== Args={'value': 153, 'prev_value': None, 'change': True}
2020-10-04 11:14:48,399 : EventManager : Event: ======'machine_var_audits_switches_s_pop_bumper3'====== Args={'value': 100, 'prev_value': None, 'change': True}
2020-10-04 11:14:48,399 : EventManager : Event: ======'machine_var_audits_switches_s_right_flipper'====== Args={'value': 216, 'prev_value': None, 'change': True}
2020-10-04 11:14:48,399 : EventManager : Event: ======'machine_var_audits_switches_s_sling_L'====== Args={'value': 0, 'prev_value': None, 'change': True}
2020-10-04 11:14:48,399 : EventManager : Event: ======'machine_var_audits_switches_s_sling_R'====== Args={'value': 0, 'prev_value': None, 'change': True}
2020-10-04 11:14:48,400 : EventManager : Event: ======'machine_var_audits_switches_s_soul_L'====== Args={'value': 194, 'prev_value': None, 'change': True}
2020-10-04 11:14:48,400 : EventManager : Event: ======'machine_var_audits_switches_s_soul_O'====== Args={'value': 204, 'prev_value': None, 'change': True}
2020-10-04 11:14:48,400 : EventManager : Event: ======'machine_var_audits_switches_s_soul_S'====== Args={'value': 228, 'prev_value': None, 'change': True}
2020-10-04 11:14:48,408 : EventManager : Event: ======'machine_var_audits_switches_s_soul_U'====== Args={'value': 195, 'prev_value': None, 'change': True}
2020-10-04 11:14:48,408 : EventManager : Event: ======'machine_var_audits_switches_s_standUp_1'====== Args={'value': 0, 'prev_value': None, 'change': True}
2020-10-04 11:14:48,409 : EventManager : Event: ======'machine_var_audits_switches_s_standUp_2'====== Args={'value': 0, 'prev_value': None, 'change': True}
2020-10-04 11:14:48,409 : EventManager : Event: ======'machine_var_audits_switches_s_standUp_3'====== Args={'value': 0, 'prev_value': None, 'change': True}
2020-10-04 11:14:48,409 : EventManager : Event: ======'machine_var_audits_switches_s_standUp_R'====== Args={'value': 0, 'prev_value': None, 'change': True}
2020-10-04 11:14:48,410 : EventManager : Event: ======'machine_var_audits_switches_s_star_1'====== Args={'value': 0, 'prev_value': None, 'change': True}
2020-10-04 11:14:48,410 : EventManager : Event: ======'machine_var_audits_switches_s_star_2'====== Args={'value': 0, 'prev_value': None, 'change': True}
2020-10-04 11:14:48,411 : EventManager : Event: ======'machine_var_audits_switches_s_star_3'====== Args={'value': 0, 'prev_value': None, 'change': True}
2020-10-04 11:14:48,411 : EventManager : Event: ======'machine_var_audits_switches_s_start'====== Args={'value': 68, 'prev_value': None, 'change': True}
2020-10-04 11:14:48,412 : EventManager : Event: ======'machine_var_audits_switches_s_tilt'====== Args={'value': 0, 'prev_value': None, 'change': True}
2020-10-04 11:14:48,412 : EventManager : Event: ======'machine_var_audits_switches_s_trough1'====== Args={'value': 510, 'prev_value': None, 'change': True}
2020-10-04 11:14:48,412 : EventManager : Event: ======'machine_var_audits_switches_s_trough2'====== Args={'value': 72, 'prev_value': None, 'change': True}
2020-10-04 11:14:48,420 : EventManager : Event: ======'machine_var_audits_switches_s_trough_jam'====== Args={'value': 13, 'prev_value': None, 'change': True}
2020-10-04 11:14:48,457 : EventManager : Event: ======'slides_play'====== Args={'settings': {'welcome_slide': {'target': None, 'background_color': [0.0, 0.0, 0.0, 1.0], 'priority': None, 'show': True, 'force': False, 'expire': None, 'slide': None, 'tokens': {}, 'action': 'play'}}, 'context': '_global', 'calling_context': 'init_done', 'priority': 0}
2020-10-04 11:14:48,457 : EventManager : Event: ======'mc_reset_phase_1'====== Args={}
2020-10-04 11:14:48,457 : mpfmc : SlidePlayer: Play called with settings={'welcome_slide': {'target': None, 'background_color': [0.0, 0.0, 0.0, 1.0], 'priority': None, 'show': True, 'force': False, 'expire': None, 'slide': None, 'tokens': {}, 'action': 'play'}}
2020-10-04 11:14:48,459 : EventManager : Event: ======'slide_welcome_slide_removed'====== Args={}
2020-10-04 11:14:48,464 : EventManager : Event: ======'slide_welcome_slide_created'====== Args={}
2020-10-04 11:14:48,465 : EventManager : Event: ======'mc_reset_phase_2'====== Args={}
2020-10-04 11:14:48,465 : EventManager : Event: ======'mc_reset_phase_3'====== Args={}
2020-10-04 11:14:48,466 : EventManager : Event: ======'mc_reset_complete'====== Args={}
2020-10-04 11:14:48,468 : EventManager : Event: ======'slide_welcome_slide_active'====== Args={}
2020-10-04 11:14:48,487 : EventManager : Event: ======'slides_play'====== Args={'settings': {'awesome_slide': {'widgets': [{'type': 'text', 'text': 'Cuphead Pinball', 'font_size': 50, '_default_settings': ['type', 'text', 'font_size'], 'x': None, 'y': None, 'anchor_x': 'center', 'anchor_y': 'center', 'round_anchor_x': None, 'round_anchor_y': None, 'opacity': 1.0, 'z': 0, 'reset_animations_events': {}, 'color': [1.0, 1.0, 1.0, 1.0], 'style': [], 'adjust_top': 0, 'adjust_bottom': 0, 'adjust_left': 0, 'adjust_right': 0, 'expire': None, 'key': None, 'widget': None, 'events_when_added': [], 'events_when_removed': [], 'bitmap_font': False, 'font_kerning': True, 'bold': False, 'italic': False, 'number_grouping': False, 'min_digits': 0, 'halign': 'center', 'valign': 'middle', 'rotation': 0, 'scale': 1.0, 'casing': None, 'animations': None}], 'transition': {'type': 'push', 'duration': 1.0, 'direction': 'left', 'easing': 'out_quad'}, 'target': None, 'background_color': [0.0, 0.0, 0.0, 1.0], 'priority': None, 'show': True, 'force': False, 'expire': None, 'slide': None, 'tokens': {}, 'action': 'play'}}, 'context': 'show_1', 'calling_context': 0, 'priority': 10, 'show_tokens': {}, 'start_time': 406130.078}
2020-10-04 11:14:48,487 : EventManager : Event: ======'sounds_play'====== Args={'settings': {'attract_music': {'loops': -1, 'mode_end_action': 'stop', 'priority': None, 'action': 'play', 'track': None, 'volume': None, 'pan': None, 'start_at': None, 'fade_in': None, 'fade_out': None, 'about_to_finish_time': -1.0, 'max_queue_time': -1.0, 'events_when_played': ['use_sound_setting'], 'events_when_stopped': ['use_sound_setting'], 'events_when_looping': ['use_sound_setting'], 'events_when_about_to_finish': ['use_sound_setting'], 'key': 'use_sound_setting'}}, 'context': 'attract', 'calling_context': 'mode_attract_started', 'priority': 10}
2020-10-04 11:14:48,488 : mpfmc : SlidePlayer: Play called with settings={'awesome_slide': {'widgets': [{'type': 'text', 'text': 'Cuphead Pinball', 'font_size': 50, '_default_settings': ['type', 'text', 'font_size'], 'x': None, 'y': None, 'anchor_x': 'center', 'anchor_y': 'center', 'round_anchor_x': None, 'round_anchor_y': None, 'opacity': 1.0, 'z': 0, 'reset_animations_events': {}, 'color': [1.0, 1.0, 1.0, 1.0], 'style': [], 'adjust_top': 0, 'adjust_bottom': 0, 'adjust_left': 0, 'adjust_right': 0, 'expire': None, 'key': None, 'widget': None, 'events_when_added': [], 'events_when_removed': [], 'bitmap_font': False, 'font_kerning': True, 'bold': False, 'italic': False, 'number_grouping': False, 'min_digits': 0, 'halign': 'center', 'valign': 'middle', 'rotation': 0, 'scale': 1.0, 'casing': None, 'animations': None}], 'transition': {'type': 'push', 'duration': 1.0, 'direction': 'left', 'easing': 'out_quad'}, 'target': None, 'background_color': [0.0, 0.0, 0.0, 1.0], 'priority': None, 'show': True, 'force': False, 'expire': None, 'slide': None, 'tokens': {}, 'action': 'play'}}
2020-10-04 11:14:48,499 : EventManager : Event: ======'slide_awesome_slide_created'====== Args={}
2020-10-04 11:14:48,502 : EventManager : Event: ======'slide_awesome_slide_active'====== Args={}
2020-10-04 11:14:48,664 : EventManager : Event: ======'game_started'====== Args={}
2020-10-04 11:14:48,664 : EventManager : Event: ======'slides_clear'====== Args={'context': 'show_1'}
2020-10-04 11:14:48,665 : EventManager : Event: ======'sounds_clear'====== Args={'context': 'attract'}
2020-10-04 11:14:48,669 : EventManager : Event: ======'slide_awesome_slide_removed'====== Args={}
2020-10-04 11:14:48,670 : EventManager : Event: ======'slide_welcome_slide_active'====== Args={}
2020-10-04 11:14:48,707 : EventManager : Event: ======'player_added'====== Args={'player': <Player 1>, 'num': 1}
2020-10-04 11:14:48,707 : EventManager : Event: ======'player_index'====== Args={'value': 0, 'prev_value': 0, 'change': 0, 'player_num': 1}
2020-10-04 11:14:48,707 : EventManager : Event: ======'player_number'====== Args={'value': 1, 'prev_value': 1, 'change': 0, 'player_num': 1}
2020-10-04 11:14:48,707 : EventManager : Event: ======'player_score'====== Args={'value': 0, 'prev_value': 0, 'change': 0, 'player_num': 1}
2020-10-04 11:14:48,708 : EventManager : Event: ======'player_bonus_multiplier'====== Args={'value': 1, 'prev_value': 0, 'change': 1, 'player_num': 1}
2020-10-04 11:14:48,744 : EventManager : Event: ======'player_ball'====== Args={'value': 1, 'prev_value': 0, 'change': 1, 'player_num': 1}
2020-10-04 11:14:48,744 : EventManager : Event: ======'player_turn_start'====== Args={'number': 1, 'player': <Player 1>}
2020-10-04 11:14:48,782 : EventManager : Event: ======'player_shot_soul_S_enabled'====== Args={'value': True, 'prev_value': 0, 'change': 1, 'player_num': 1}
2020-10-04 11:14:48,784 : EventManager : Event: ======'player_shot_soul_O_enabled'====== Args={'value': True, 'prev_value': 0, 'change': 1, 'player_num': 1}
2020-10-04 11:14:48,784 : EventManager : Event: ======'player_shot_soul_U_enabled'====== Args={'value': True, 'prev_value': 0, 'change': 1, 'player_num': 1}
2020-10-04 11:14:48,784 : EventManager : Event: ======'player_shot_soul_L_enabled'====== Args={'value': True, 'prev_value': 0, 'change': 1, 'player_num': 1}
2020-10-04 11:14:48,795 : EventManager : Event: ======'sounds_play'====== Args={'settings': {'poolCupHeadBase': {'loops': -1, 'priority': None, 'action': 'play', 'track': None, 'volume': None, 'pan': None, 'start_at': None, 'fade_in': None, 'fade_out': None, 'about_to_finish_time': -1.0, 'max_queue_time': -1.0, 'events_when_played': ['use_sound_setting'], 'events_when_stopped': ['use_sound_setting'], 'events_when_looping': ['use_sound_setting'], 'events_when_about_to_finish': ['use_sound_setting'], 'mode_end_action': 'use_sound_setting', 'key': 'use_sound_setting'}}, 'context': 'base', 'calling_context': 'mode_base_started', 'priority': 100, 'queue': '<QueuedEvent>', 'player': 1, 'ball': 1, 'balls_remaining': 4, 'is_extra_ball': False}
2020-10-04 11:14:48,795 : EventManager : Event: ======'slides_play'====== Args={'settings': {'widgets': {'widgets': [{'type': 'text', 'text': '(score)', 'number_grouping': True, 'min_digits': 2, 'font_size': 100, '_default_settings': ['type', 'text', 'number_grouping', 'min_digits', 'font_size'], 'x': None, 'y': None, 'anchor_x': 'center', 'anchor_y': 'center', 'round_anchor_x': None, 'round_anchor_y': None, 'opacity': 1.0, 'z': 0, 'reset_animations_events': {}, 'color': [1.0, 1.0, 1.0, 1.0], 'style': [], 'adjust_top': 0, 'adjust_bottom': 0, 'adjust_left': 0, 'adjust_right': 0, 'expire': None, 'key': None, 'widget': None, 'events_when_added': [], 'events_when_removed': [], 'bitmap_font': False, 'font_kerning': True, 'bold': False, 'italic': False, 'halign': 'center', 'valign': 'middle', 'rotation': 0, 'scale': 1.0, 'casing': None, 'animations': None}, {'type': 'text', 'text': 'Player (player)', 'y': '10', 'x': '10', 'font_size': 30, 'anchor_x': 'left', 'anchor_y': 'bottom', '_default_settings': ['type', 'text', 'y', 'x', 'font_size', 'anchor_x', 'anchor_y'], 'round_anchor_x': None, 'round_anchor_y': None, 'opacity': 1.0, 'z': 0, 'reset_animations_events': {}, 'color': [1.0, 1.0, 1.0, 1.0], 'style': [], 'adjust_top': 0, 'adjust_bottom': 0, 'adjust_left': 0, 'adjust_right': 0, 'expire': None, 'key': None, 'widget': None, 'events_when_added': [], 'events_when_removed': [], 'bitmap_font': False, 'font_kerning': True, 'bold': False, 'italic': False, 'number_grouping': False, 'min_digits': 0, 'halign': 'center', 'valign': 'middle', 'rotation': 0, 'scale': 1.0, 'casing': None, 'animations': None}, {'type': 'text', 'text': 'BALL (ball) (bonus_multiplier)', 'y': '10', 'x': 'right-10', 'anchor_x': 'right', 'anchor_y': 'bottom', 'font_size': 50, '_default_settings': ['type', 'text', 'y', 'x', 'anchor_x', 'anchor_y', 'font_size'], 'round_anchor_x': None, 'round_anchor_y': None, 'opacity': 1.0, 'z': 0, 'reset_animations_events': {}, 'color': [1.0, 1.0, 1.0, 1.0], 'style': [], 'adjust_top': 0, 'adjust_bottom': 0, 'adjust_left': 0, 'adjust_right': 0, 'expire': None, 'key': None, 'widget': None, 'events_when_added': [], 'events_when_removed': [], 'bitmap_font': False, 'font_kerning': True, 'bold': False, 'italic': False, 'number_grouping': False, 'min_digits': 0, 'halign': 'center', 'valign': 'middle', 'rotation': 0, 'scale': 1.0, 'casing': None, 'animations': None}], 'target': None, 'background_color': [0.0, 0.0, 0.0, 1.0], 'priority': None, 'show': True, 'force': False, 'expire': None, 'slide': None, 'tokens': {}, 'action': 'play'}}, 'context': 'base', 'calling_context': 'mode_base_started', 'priority': 100, 'queue': '<QueuedEvent>', 'player': 1, 'ball': 1, 'balls_remaining': 4, 'is_extra_ball': False}
2020-10-04 11:14:48,797 : mpfmc : SlidePlayer: Play called with settings={'widgets': {'widgets': [{'type': 'text', 'text': '(score)', 'number_grouping': True, 'min_digits': 2, 'font_size': 100, '_default_settings': ['type', 'text', 'number_grouping', 'min_digits', 'font_size'], 'x': None, 'y': None, 'anchor_x': 'center', 'anchor_y': 'center', 'round_anchor_x': None, 'round_anchor_y': None, 'opacity': 1.0, 'z': 0, 'reset_animations_events': {}, 'color': [1.0, 1.0, 1.0, 1.0], 'style': [], 'adjust_top': 0, 'adjust_bottom': 0, 'adjust_left': 0, 'adjust_right': 0, 'expire': None, 'key': None, 'widget': None, 'events_when_added': [], 'events_when_removed': [], 'bitmap_font': False, 'font_kerning': True, 'bold': False, 'italic': False, 'halign': 'center', 'valign': 'middle', 'rotation': 0, 'scale': 1.0, 'casing': None, 'animations': None}, {'type': 'text', 'text': 'Player (player)', 'y': '10', 'x': '10', 'font_size': 30, 'anchor_x': 'left', 'anchor_y': 'bottom', '_default_settings': ['type', 'text', 'y', 'x', 'font_size', 'anchor_x', 'anchor_y'], 'round_anchor_x': None, 'round_anchor_y': None, 'opacity': 1.0, 'z': 0, 'reset_animations_events': {}, 'color': [1.0, 1.0, 1.0, 1.0], 'style': [], 'adjust_top': 0, 'adjust_bottom': 0, 'adjust_left': 0, 'adjust_right': 0, 'expire': None, 'key': None, 'widget': None, 'events_when_added': [], 'events_when_removed': [], 'bitmap_font': False, 'font_kerning': True, 'bold': False, 'italic': False, 'number_grouping': False, 'min_digits': 0, 'halign': 'center', 'valign': 'middle', 'rotation': 0, 'scale': 1.0, 'casing': None, 'animations': None}, {'type': 'text', 'text': 'BALL (ball) (bonus_multiplier)', 'y': '10', 'x': 'right-10', 'anchor_x': 'right', 'anchor_y': 'bottom', 'font_size': 50, '_default_settings': ['type', 'text', 'y', 'x', 'anchor_x', 'anchor_y', 'font_size'], 'round_anchor_x': None, 'round_anchor_y': None, 'opacity': 1.0, 'z': 0, 'reset_animations_events': {}, 'color': [1.0, 1.0, 1.0, 1.0], 'style': [], 'adjust_top': 0, 'adjust_bottom': 0, 'adjust_left': 0, 'adjust_right': 0, 'expire': None, 'key': None, 'widget': None, 'events_when_added': [], 'events_when_removed': [], 'bitmap_font': False, 'font_kerning': True, 'bold': False, 'italic': False, 'number_grouping': False, 'min_digits': 0, 'halign': 'center', 'valign': 'middle', 'rotation': 0, 'scale': 1.0, 'casing': None, 'animations': None}], 'target': None, 'background_color': [0.0, 0.0, 0.0, 1.0], 'priority': None, 'show': True, 'force': False, 'expire': None, 'slide': None, 'tokens': {}, 'action': 'play'}}
2020-10-04 11:14:48,827 : EventManager : Event: ======'slide_base.slide_player-mode_base_started_created'====== Args={}
2020-10-04 11:14:48,833 : EventManager : Event: ======'slide_base.slide_player-mode_base_started_active'====== Args={}
2020-10-04 11:14:48,870 : EventManager : Event: ======'widgets_play'====== Args={'settings': {'soul_lanes_banner': {'priority': 0, 'slide': None, 'action': 'add', 'key': None, 'target': None}}, 'context': 'soulLanes', 'calling_context': 'mode_soulLanes_started', 'priority': 110, 'player': 1, 'ball': 1, 'balls_remaining': 4, 'is_extra_ball': False}
2020-10-04 11:14:49,043 : EventManager : Event: ======'machine_var_audits_switches_s_plunger'====== Args={'value': 559, 'prev_value': 558, 'change': 1}
2020-10-04 11:14:50,446 : EventManager : Event: ======'machine_var_audits_switches_s_soul_S'====== Args={'value': 229, 'prev_value': 228, 'change': 1}
2020-10-04 11:14:50,446 : EventManager : Event: ======'player_shot_soul_S'====== Args={'value': 1, 'prev_value': 0, 'change': 1, 'player_num': 1}
2020-10-04 11:14:50,447 : EventManager : Event: ======'machine_var_audits_shots_soul_S'====== Args={'value': 229, 'prev_value': 228, 'change': 1}
2020-10-04 11:14:50,449 : EventManager : Event: ======'player_score'====== Args={'value': 10, 'prev_value': 0, 'change': 10, 'player_num': 1}
2020-10-04 11:14:51,752 : EventManager : Event: ======'machine_var_audits_switches_s_soul_O'====== Args={'value': 205, 'prev_value': 204, 'change': 1}
2020-10-04 11:14:51,752 : EventManager : Event: ======'player_shot_soul_O'====== Args={'value': 1, 'prev_value': 0, 'change': 1, 'player_num': 1}
2020-10-04 11:14:51,752 : EventManager : Event: ======'machine_var_audits_shots_soul_O'====== Args={'value': 200, 'prev_value': 199, 'change': 1}
2020-10-04 11:14:51,753 : EventManager : Event: ======'player_score'====== Args={'value': 20, 'prev_value': 10, 'change': 10, 'player_num': 1}
2020-10-04 11:14:52,367 : EventManager : Event: ======'machine_var_audits_switches_s_soul_U'====== Args={'value': 196, 'prev_value': 195, 'change': 1}
2020-10-04 11:14:52,367 : EventManager : Event: ======'player_shot_soul_U'====== Args={'value': 1, 'prev_value': 0, 'change': 1, 'player_num': 1}
2020-10-04 11:14:52,368 : EventManager : Event: ======'machine_var_audits_shots_soul_U'====== Args={'value': 196, 'prev_value': 195, 'change': 1}
2020-10-04 11:14:52,368 : EventManager : Event: ======'player_score'====== Args={'value': 30, 'prev_value': 20, 'change': 10, 'player_num': 1}
2020-10-04 11:14:53,944 : EventManager : Event: ======'machine_var_audits_switches_s_soul_L'====== Args={'value': 195, 'prev_value': 194, 'change': 1}
2020-10-04 11:14:53,944 : EventManager : Event: ======'player_shot_soul_L'====== Args={'value': 1, 'prev_value': 0, 'change': 1, 'player_num': 1}
2020-10-04 11:14:53,947 : EventManager : Event: ======'machine_var_audits_shots_soul_L'====== Args={'value': 194, 'prev_value': 193, 'change': 1}
2020-10-04 11:14:53,947 : EventManager : Event: ======'player_score'====== Args={'value': 40, 'prev_value': 30, 'change': 10, 'player_num': 1}
2020-10-04 11:14:53,947 : EventManager : Event: ======'player_bonus_multiplier'====== Args={'value': 2, 'prev_value': 1, 'change': 1, 'player_num': 1}
2020-10-04 11:14:54,934 : EventManager : Event: ======'player_shot_soul_S'====== Args={'value': 0, 'prev_value': 1, 'change': -1, 'player_num': 1}
2020-10-04 11:14:54,934 : EventManager : Event: ======'player_shot_soul_O'====== Args={'value': 0, 'prev_value': 1, 'change': -1, 'player_num': 1}
2020-10-04 11:14:54,934 : EventManager : Event: ======'player_shot_soul_U'====== Args={'value': 0, 'prev_value': 1, 'change': -1, 'player_num': 1}
2020-10-04 11:14:54,935 : EventManager : Event: ======'player_shot_soul_L'====== Args={'value': 0, 'prev_value': 1, 'change': -1, 'player_num': 1}
2020-10-04 11:14:55,967 : EventManager : Event: ======'machine_var_audits_switches_s_soul_L'====== Args={'value': 196, 'prev_value': 195, 'change': 1}
2020-10-04 11:14:55,968 : EventManager : Event: ======'player_shot_soul_L'====== Args={'value': 1, 'prev_value': 0, 'change': 1, 'player_num': 1}
2020-10-04 11:14:55,982 : EventManager : Event: ======'machine_var_audits_shots_soul_L'====== Args={'value': 195, 'prev_value': 194, 'change': 1}
2020-10-04 11:14:55,982 : EventManager : Event: ======'player_score'====== Args={'value': 50, 'prev_value': 40, 'change': 10, 'player_num': 1}
2020-10-04 11:14:57,350 : EventManager : Event: ======'machine_var_audits_switches_s_soul_O'====== Args={'value': 206, 'prev_value': 205, 'change': 1}
2020-10-04 11:14:57,350 : EventManager : Event: ======'player_shot_soul_O'====== Args={'value': 1, 'prev_value': 0, 'change': 1, 'player_num': 1}
2020-10-04 11:14:57,350 : EventManager : Event: ======'machine_var_audits_shots_soul_O'====== Args={'value': 201, 'prev_value': 200, 'change': 1}
2020-10-04 11:14:57,351 : EventManager : Event: ======'player_score'====== Args={'value': 60, 'prev_value': 50, 'change': 10, 'player_num': 1}
2020-10-04 11:14:59,114 : EventManager : Event: ======'machine_var_audits_switches_s_soul_U'====== Args={'value': 197, 'prev_value': 196, 'change': 1}
2020-10-04 11:14:59,114 : EventManager : Event: ======'player_shot_soul_U'====== Args={'value': 1, 'prev_value': 0, 'change': 1, 'player_num': 1}
2020-10-04 11:14:59,116 : EventManager : Event: ======'machine_var_audits_shots_soul_U'====== Args={'value': 197, 'prev_value': 196, 'change': 1}
2020-10-04 11:14:59,116 : EventManager : Event: ======'player_score'====== Args={'value': 70, 'prev_value': 60, 'change': 10, 'player_num': 1}
2020-10-04 11:15:00,409 : EventManager : Event: ======'machine_var_audits_switches_s_soul_S'====== Args={'value': 230, 'prev_value': 229, 'change': 1}
2020-10-04 11:15:00,409 : EventManager : Event: ======'player_shot_soul_S'====== Args={'value': 1, 'prev_value': 0, 'change': 1, 'player_num': 1}
2020-10-04 11:15:00,422 : EventManager : Event: ======'machine_var_audits_shots_soul_S'====== Args={'value': 230, 'prev_value': 229, 'change': 1}
2020-10-04 11:15:00,422 : EventManager : Event: ======'player_score'====== Args={'value': 80, 'prev_value': 70, 'change': 10, 'player_num': 1}
2020-10-04 11:15:00,431 : EventManager : Event: ======'player_bonus_multiplier'====== Args={'value': 3, 'prev_value': 2, 'change': 1, 'player_num': 1}
2020-10-04 11:15:01,456 : EventManager : Event: ======'player_shot_soul_S'====== Args={'value': 0, 'prev_value': 1, 'change': -1, 'player_num': 1}
2020-10-04 11:15:01,457 : EventManager : Event: ======'player_shot_soul_O'====== Args={'value': 0, 'prev_value': 1, 'change': -1, 'player_num': 1}
2020-10-04 11:15:01,457 : EventManager : Event: ======'player_shot_soul_U'====== Args={'value': 0, 'prev_value': 1, 'change': -1, 'player_num': 1}
2020-10-04 11:15:01,458 : EventManager : Event: ======'player_shot_soul_L'====== Args={'value': 0, 'prev_value': 1, 'change': -1, 'player_num': 1}
2020-10-04 11:15:04,947 : EventManager : Event: ======'machine_var_audits_switches_s_soul_S'====== Args={'value': 231, 'prev_value': 230, 'change': 1}
2020-10-04 11:15:04,947 : EventManager : Event: ======'player_shot_soul_S'====== Args={'value': 1, 'prev_value': 0, 'change': 1, 'player_num': 1}
2020-10-04 11:15:04,980 : EventManager : Event: ======'machine_var_audits_shots_soul_S'====== Args={'value': 231, 'prev_value': 230, 'change': 1}
2020-10-04 11:15:04,980 : EventManager : Event: ======'player_score'====== Args={'value': 90, 'prev_value': 80, 'change': 10, 'player_num': 1}
2020-10-04 11:15:06,093 : EventManager : Event: ======'machine_var_audits_switches_s_soul_O'====== Args={'value': 207, 'prev_value': 206, 'change': 1}
2020-10-04 11:15:06,093 : EventManager : Event: ======'player_shot_soul_O'====== Args={'value': 1, 'prev_value': 0, 'change': 1, 'player_num': 1}
2020-10-04 11:15:06,094 : EventManager : Event: ======'machine_var_audits_shots_soul_O'====== Args={'value': 202, 'prev_value': 201, 'change': 1}
2020-10-04 11:15:06,094 : EventManager : Event: ======'player_score'====== Args={'value': 100, 'prev_value': 90, 'change': 10, 'player_num': 1}
2020-10-04 11:15:06,610 : EventManager : Event: ======'machine_var_audits_switches_s_soul_U'====== Args={'value': 198, 'prev_value': 197, 'change': 1}
2020-10-04 11:15:06,610 : EventManager : Event: ======'player_shot_soul_U'====== Args={'value': 1, 'prev_value': 0, 'change': 1, 'player_num': 1}
2020-10-04 11:15:06,610 : EventManager : Event: ======'machine_var_audits_shots_soul_U'====== Args={'value': 198, 'prev_value': 197, 'change': 1}
2020-10-04 11:15:06,610 : EventManager : Event: ======'player_score'====== Args={'value': 110, 'prev_value': 100, 'change': 10, 'player_num': 1}
2020-10-04 11:15:07,578 : EventManager : Event: ======'machine_var_audits_switches_s_soul_L'====== Args={'value': 197, 'prev_value': 196, 'change': 1}
2020-10-04 11:15:07,579 : EventManager : Event: ======'player_shot_soul_L'====== Args={'value': 1, 'prev_value': 0, 'change': 1, 'player_num': 1}
2020-10-04 11:15:07,579 : EventManager : Event: ======'machine_var_audits_shots_soul_L'====== Args={'value': 196, 'prev_value': 195, 'change': 1}
2020-10-04 11:15:07,579 : EventManager : Event: ======'player_score'====== Args={'value': 120, 'prev_value': 110, 'change': 10, 'player_num': 1}
2020-10-04 11:15:07,586 : EventManager : Event: ======'player_bonus_multiplier'====== Args={'value': 4, 'prev_value': 3, 'change': 1, 'player_num': 1}
2020-10-04 11:15:08,596 : EventManager : Event: ======'player_shot_soul_S'====== Args={'value': 0, 'prev_value': 1, 'change': -1, 'player_num': 1}
2020-10-04 11:15:08,596 : EventManager : Event: ======'player_shot_soul_O'====== Args={'value': 0, 'prev_value': 1, 'change': -1, 'player_num': 1}
2020-10-04 11:15:08,596 : EventManager : Event: ======'player_shot_soul_U'====== Args={'value': 0, 'prev_value': 1, 'change': -1, 'player_num': 1}
2020-10-04 11:15:08,597 : EventManager : Event: ======'player_shot_soul_L'====== Args={'value': 0, 'prev_value': 1, 'change': -1, 'player_num': 1}
2020-10-04 11:15:11,060 : kivy : Base: Leaving application in progress...
2020-10-04 11:15:11,334 : kivy : WindowSDL: exiting mainloop and closing.
2020-10-04 11:15:11,360 : mpfmc : Stopping...
2020-10-04 11:15:11,360 : EventManager : Event: ======'shutdown'====== Args={}
2020-10-04 11:15:11,360 : mpfmc : Loop rate 52.89 Hz
2020-10-04 11:15:11,360 : kivy : MC run loop ended.
2020-10-04 11:15:11,360 : kivy : Stopping child threads... (3 remaining)
2020-10-04 11:15:12,292 : mpfmc : Stopping...
2020-10-04 11:15:12,292 : EventManager : Event: ======'shutdown'====== Args={}
2020-10-04 11:15:12,292 : mpfmc : Loop rate 51.51 Hz
2020-10-04 11:15:12,464 : MPF-MC BCP Server : Stopping BCP sending thread
2020-10-04 11:15:12,479 : kivy : All child threads stopped.
