2020-10-06 10:53:05,467 : kivy : Factory: 184 symbols loaded
2020-10-06 10:53:05,935 : kivy : ImageLoaderFFPy: Using ffpyplayer 4.3.1
2020-10-06 10:53:05,943 : kivy : Image: Providers: img_tex, img_dds, img_sdl2, img_pil, img_ffpyplayer, img_gif 
2020-10-06 10:53:06,139 : kivy : VideoGstplayer: Using Gstreamer 1.16.0.0
2020-10-06 10:53:06,139 : kivy : Video: Provider: gstplayer
2020-10-06 10:53:06,356 : kivy : Loading MPF-MC controller
2020-10-06 10:53:06,366 : YamlMultifileConfigLoader : Machine config file #1: config
2020-10-06 10:53:06,367 : ConfigProcessor : Config file in cache changed: c:\GitHub\Cuphead\config\config
2020-10-06 10:53:06,368 : ConfigProcessor : Loading config from file c:\users\themi\appdata\local\programs\python\python36\lib\site-packages\mpfmc\mcconfig.yaml.
2020-10-06 10:53:06,453 : ConfigProcessor : Loading config: c:\users\themi\appdata\local\programs\python\python36\lib\site-packages\mpfmc\mcconfig.yaml
2020-10-06 10:53:06,454 : ConfigProcessor : Loading config from file c:\GitHub\Cuphead\config\config.
2020-10-06 10:53:06,477 : ConfigProcessor : Loading config: c:\GitHub\Cuphead\config\config
2020-10-06 10:53:06,489 : ConfigProcessor : Loading config: c:\GitHub\Cuphead\config\keyboard.yaml
2020-10-06 10:53:06,529 : ConfigProcessor : Loading config: c:\GitHub\Cuphead\config\hwSwitches.yaml
2020-10-06 10:53:06,623 : ConfigProcessor : Loading config: c:\GitHub\Cuphead\config\hwLights.yaml
2020-10-06 10:53:06,649 : ConfigProcessor : Loading config: c:\GitHub\Cuphead\config\hwCoils.yaml
2020-10-06 10:53:06,655 : ConfigProcessor : Config file cache created: C:\Users\themi\AppData\Local\Temp\0cbdbb896bde7c562664fa91ae109528.mpf_cache
2020-10-06 10:53:06,658 : ConfigProcessor : Loading config from cache: C:\Users\themi\AppData\Local\Temp\89b9c5cb952cce9fc74d723399719cc6.mpf_cache
2020-10-06 10:53:06,660 : ConfigProcessor : Loading config from cache: C:\Users\themi\AppData\Local\Temp\4fcecb70f81c3c2fefb8e65ae9a0af5f.mpf_cache
2020-10-06 10:53:06,661 : ConfigProcessor : Loading config from cache: C:\Users\themi\AppData\Local\Temp\5820a65357aa32f3082a694bbd0b1b93.mpf_cache
2020-10-06 10:53:06,663 : ConfigProcessor : Loading config from cache: C:\Users\themi\AppData\Local\Temp\2f1df67e0c6599f893aeb5468bc976f9.mpf_cache
2020-10-06 10:53:06,665 : ConfigProcessor : Loading config from cache: C:\Users\themi\AppData\Local\Temp\3e28196fea866bd961d93515ab5c664b.mpf_cache
2020-10-06 10:53:06,666 : mpfmc : Mission Pinball Framework Media Controller v0.54.0-dev.20
2020-10-06 10:53:06,666 : mpfmc : Mission Pinball Framework Game Engine v0.54.0-dev.72
2020-10-06 10:53:06,666 : mpfmc : Machine path: c:\GitHub\Cuphead
2020-10-06 10:53:06,667 : mpfmc : Starting clock at 60.0Hz
2020-10-06 10:53:06,825 : kivy : Text: Provider: sdl2
2020-10-06 10:53:06,906 : kivy : Window: Provider: sdl2
2020-10-06 10:53:07,588 : kivy : GL: Using the "OpenGL" graphics system
2020-10-06 10:53:07,591 : kivy : GL: GLEW initialization succeeded
2020-10-06 10:53:07,591 : kivy : GL: Backend used <glew>
2020-10-06 10:53:07,593 : kivy : GL: OpenGL version <b'4.5.14568 Compatibility Profile Context 24.20.12050.0'>
2020-10-06 10:53:07,593 : kivy : GL: OpenGL vendor <b'ATI Technologies Inc.'>
2020-10-06 10:53:07,593 : kivy : GL: OpenGL renderer <b'AMD Radeon(TM) R4 Graphics'>
2020-10-06 10:53:07,594 : kivy : GL: OpenGL parsed version: 4, 5
2020-10-06 10:53:07,594 : kivy : GL: Shading version <b'4.50'>
2020-10-06 10:53:07,594 : kivy : GL: Texture max size <16384>
2020-10-06 10:53:07,594 : kivy : GL: Texture max units <32>
2020-10-06 10:53:07,630 : kivy : Window: auto add sdl2 input provider
2020-10-06 10:53:07,631 : kivy : Window: virtual keyboard not allowed, single mode, not docked
2020-10-06 10:53:07,645 : SoundSystem : SoundSystem: Using default 'sound_system' settings
2020-10-06 10:53:08,301 : AudioInterface : Initialized
2020-10-06 10:53:08,301 : SoundSystem : No audio tracks are specified in your machine config file. a track named 'default' has been created.
2020-10-06 10:53:08,307 : kivy : Base: Start application main loop
2020-10-06 10:53:08,308 : EventManager : Event: ======'display_window_initialized'====== Args={}
2020-10-06 10:53:08,359 : mpfmc : Display: Setting 'window' as default display
2020-10-06 10:53:08,374 : EventManager : Event: ======'displays_initialized'====== Args={}
2020-10-06 10:53:08,377 : EventManager : Event: ======'slide_window_blank_created'====== Args={}
2020-10-06 10:53:08,377 : EventManager : Event: ======'display_window_ready'====== Args={}
2020-10-06 10:53:08,400 : EventManager : Event: ======'init_phase_1'====== Args={}
2020-10-06 10:53:08,408 : EventManager : Event: ======'mc_ready'====== Args={}
2020-10-06 10:53:08,408 : EventManager : Event: ======'init_phase_2'====== Args={}
2020-10-06 10:53:08,416 : EventManager : Event: ======'init_phase_3'====== Args={}
2020-10-06 10:53:08,418 : AssetManager : Registering Asset: cupHighScore, File: cupHighScore.ogg, Default Group: default, Final Config: {'load': 'preload', 'file': 'c:\\GitHub\\Cuphead\\modes\\base\\sounds\\music\\cupHighScore.ogg'}
2020-10-06 10:53:08,419 : AssetManager : Registering Asset: cupMusic1, File: cupMusic1.ogg, Default Group: default, Final Config: {'load': 'preload', 'target': 'music', 'loop': -1, 'mode_end_action': 'stop', 'file': 'c:\\GitHub\\Cuphead\\modes\\base\\sounds\\music\\cupMusic1.ogg'}
2020-10-06 10:53:08,419 : AssetManager : Registering Asset: cupMusic2, File: cupMusic2.ogg, Default Group: default, Final Config: {'load': 'preload', 'target': 'music', 'loop': -1, 'mode_end_action': 'stop', 'file': 'c:\\GitHub\\Cuphead\\modes\\base\\sounds\\music\\cupMusic2.ogg'}
2020-10-06 10:53:08,419 : AssetManager : Registering Asset: cupMusic3, File: cupMusic3.ogg, Default Group: default, Final Config: {'load': 'preload', 'target': 'music', 'loop': -1, 'mode_end_action': 'stop', 'file': 'c:\\GitHub\\Cuphead\\modes\\base\\sounds\\music\\cupMusic3.ogg'}
2020-10-06 10:53:08,419 : AssetManager : Registering Asset: cupMusic4, File: cupMusic4.ogg, Default Group: default, Final Config: {'load': 'preload', 'target': 'music', 'loop': -1, 'mode_end_action': 'stop', 'file': 'c:\\GitHub\\Cuphead\\modes\\base\\sounds\\music\\cupMusic4.ogg'}
2020-10-06 10:53:08,420 : AssetManager : Registering Asset: cupMusic5, File: cupMusic5.ogg, Default Group: default, Final Config: {'load': 'preload', 'file': 'c:\\GitHub\\Cuphead\\modes\\base\\sounds\\music\\cupMusic5.ogg'}
2020-10-06 10:53:08,420 : AssetManager : Registering Asset: cupMusic6, File: cupMusic6.ogg, Default Group: default, Final Config: {'load': 'preload', 'file': 'c:\\GitHub\\Cuphead\\modes\\base\\sounds\\music\\cupMusic6.ogg'}
2020-10-06 10:53:08,420 : AssetManager : Registering Asset: cupMusic7, File: cupMusic7.ogg, Default Group: default, Final Config: {'load': 'preload', 'file': 'c:\\GitHub\\Cuphead\\modes\\base\\sounds\\music\\cupMusic7.ogg'}
2020-10-06 10:53:08,420 : AssetManager : Registering Asset: cupMusic8, File: cupMusic8.ogg, Default Group: default, Final Config: {'load': 'preload', 'file': 'c:\\GitHub\\Cuphead\\modes\\base\\sounds\\music\\cupMusic8.ogg'}
2020-10-06 10:53:08,420 : AssetManager : Registering Asset: cupMusic9, File: cupMusic9.ogg, Default Group: default, Final Config: {'load': 'preload', 'file': 'c:\\GitHub\\Cuphead\\modes\\base\\sounds\\music\\cupMusic9.ogg'}
2020-10-06 10:53:08,420 : AssetManager : Registering Asset: game_play_1, File: game_play_1.ogg, Default Group: default, Final Config: {'load': 'preload', 'file': 'c:\\GitHub\\Cuphead\\modes\\base\\sounds\\music\\game_play_1.ogg'}
2020-10-06 10:53:08,423 : AssetManager : Registering Asset: attract_music, File: attract_music.ogg, Default Group: default, Final Config: {'load': 'preload', 'file': 'c:\\GitHub\\Cuphead\\modes\\attract\\sounds\\music\\attract_music.ogg'}
2020-10-06 10:53:08,424 : EventManager : Event: ======'init_phase_4'====== Args={}
2020-10-06 10:53:08,425 : EventManager : Event: ======'init_phase_5'====== Args={}
2020-10-06 10:53:10,940 : EventManager : Event: ======'loading_assets'====== Args={'total': 12, 'loaded': 1, 'remaining': 11, 'percent': 8}
2020-10-06 10:53:10,940 : AssetManager : Loading assets: 1/12 (8%)
2020-10-06 10:53:12,360 : EventManager : Event: ======'loading_assets'====== Args={'total': 12, 'loaded': 4, 'remaining': 8, 'percent': 33}
2020-10-06 10:53:13,149 : AssetManager : Loading assets: 4/12 (33%)
2020-10-06 10:53:14,027 : kivy : Base: Leaving application in progress...
2020-10-06 10:53:15,205 : kivy : WindowSDL: exiting mainloop and closing.
2020-10-06 10:53:15,236 : mpfmc : Stopping...
2020-10-06 10:53:15,802 : EventManager : Event: ======'shutdown'====== Args={}
2020-10-06 10:53:15,802 : mpfmc : Loop rate 0.8 Hz
2020-10-06 10:53:15,802 : kivy : MC run loop ended.
2020-10-06 10:53:15,802 : kivy : Stopping child threads... (0 remaining)
2020-10-06 10:53:15,802 : kivy : All child threads stopped.
