2020-10-05 07:59:49,425 : INFO : root : Loading config.
2020-10-05 07:59:49,441 : INFO : YamlMultifileConfigLoader : Machine config file #1: config.yaml
2020-10-05 07:59:49,441 : INFO : ConfigProcessor : Loading config from cache: C:\Users\themi\AppData\Local\Temp\2b6ef079982d662fef43bd5e7e2d4708.mpf_cache
2020-10-05 07:59:50,427 : INFO : ConfigProcessor : Loading config from cache: C:\Users\themi\AppData\Local\Temp\89b9c5cb952cce9fc74d723399719cc6.mpf_cache
2020-10-05 07:59:50,443 : INFO : ConfigProcessor : Loading config from cache: C:\Users\themi\AppData\Local\Temp\4fcecb70f81c3c2fefb8e65ae9a0af5f.mpf_cache
2020-10-05 07:59:50,443 : INFO : ConfigProcessor : Loading config from cache: C:\Users\themi\AppData\Local\Temp\5820a65357aa32f3082a694bbd0b1b93.mpf_cache
2020-10-05 07:59:50,443 : INFO : ConfigProcessor : Loading config from cache: C:\Users\themi\AppData\Local\Temp\2f1df67e0c6599f893aeb5468bc976f9.mpf_cache
2020-10-05 07:59:50,443 : INFO : ConfigProcessor : Loading config from cache: C:\Users\themi\AppData\Local\Temp\893c92602cb79b5461df4ae912d665e0.mpf_cache
2020-10-05 07:59:50,458 : INFO : ConfigProcessor : Loading config from cache: C:\Users\themi\AppData\Local\Temp\15cb35af48ef2b73a1399ecc64f542cf.mpf_cache
2020-10-05 07:59:50,458 : INFO : ConfigProcessor : Loading config from cache: C:\Users\themi\AppData\Local\Temp\8f78dc3447c1c9fe6775dbe5408c12e9.mpf_cache
2020-10-05 07:59:50,474 : INFO : ConfigProcessor : Loading config from cache: C:\Users\themi\AppData\Local\Temp\459e0fbd95aa261661d4ec522fde7178.mpf_cache
2020-10-05 07:59:50,474 : INFO : ConfigProcessor : Loading config from cache: C:\Users\themi\AppData\Local\Temp\bc011c11c9e34bbd89eedfa08565ed62.mpf_cache
2020-10-05 07:59:50,474 : INFO : ConfigProcessor : Loading config from cache: C:\Users\themi\AppData\Local\Temp\6f009ec52b9ccf4b89f291e4051b3241.mpf_cache
2020-10-05 07:59:50,474 : INFO : ConfigProcessor : Loading config from cache: C:\Users\themi\AppData\Local\Temp\c2ce7139d0aaca9aa552320269b3f50d.mpf_cache
2020-10-05 07:59:50,474 : INFO : ConfigProcessor : Loading config from cache: C:\Users\themi\AppData\Local\Temp\2b7bf9166be80f4b554569a332b23de4.mpf_cache
2020-10-05 07:59:50,474 : INFO : ConfigProcessor : Loading config from cache: C:\Users\themi\AppData\Local\Temp\c546e3aedc6779039624162d0203f540.mpf_cache
2020-10-05 07:59:50,474 : INFO : ConfigProcessor : Loading config from cache: C:\Users\themi\AppData\Local\Temp\abdfe7fa7b37a4a193490f565dc0597d.mpf_cache
2020-10-05 07:59:50,474 : INFO : ConfigProcessor : Loading config from cache: C:\Users\themi\AppData\Local\Temp\4342b421d288ce5a4483067739b72cdd.mpf_cache
2020-10-05 07:59:50,490 : INFO : ConfigProcessor : Loading config from cache: C:\Users\themi\AppData\Local\Temp\368aa16bb3be9e41d99a527245060f83.mpf_cache
2020-10-05 07:59:50,490 : INFO : ConfigProcessor : Loading config from cache: C:\Users\themi\AppData\Local\Temp\d0e012eb2507157abb0bb72425aaf5b2.mpf_cache
2020-10-05 07:59:50,490 : INFO : ConfigProcessor : Loading config from cache: C:\Users\themi\AppData\Local\Temp\0f1b51b912b71211c13fe22b9a37b50a.mpf_cache
2020-10-05 07:59:50,490 : INFO : ConfigProcessor : Loading config from cache: C:\Users\themi\AppData\Local\Temp\10ee2574e78165e598e7a995071a74cc.mpf_cache
2020-10-05 07:59:50,490 : INFO : ConfigProcessor : Loading config from cache: C:\Users\themi\AppData\Local\Temp\a266cad92e011305e896e67dddfd4a6c.mpf_cache
2020-10-05 07:59:50,490 : INFO : ConfigProcessor : Loading config from cache: C:\Users\themi\AppData\Local\Temp\7ee3e0eba3dedef43a01da4ffa491384.mpf_cache
2020-10-05 07:59:50,490 : INFO : ConfigProcessor : Loading config from cache: C:\Users\themi\AppData\Local\Temp\13fd6d25ddf06daef684ee2be33938b7.mpf_cache
2020-10-05 07:59:50,490 : INFO : Machine : Mission Pinball Framework Core Engine v0.54.0-dev.72
2020-10-05 07:59:50,490 : INFO : Machine : Command line arguments: {'no_load_cache': False, 'create_config_cache': True, 'bcp': True, 'configfile': ['config.yaml'], 'force_assets_load': False, 'jsonlogging': False, 'logfile': 'logs\\2020-10-05-07-59-49-mpf-LAPTOP-C39PEUFD.log', 'pause': False, 'production': False, 'text_ui': True, 'loglevel': 15, 'consoleloglevel': 20, 'force_platform': 'smart_virtual', 'syslog_address': None, 'mc_file_name': None, 'no_sound': False}
2020-10-05 07:59:50,490 : INFO : Machine : MPF path: c:\users\themi\appdata\local\programs\python\python36\lib\site-packages\mpf
2020-10-05 07:59:50,490 : INFO : Machine : Machine path: c:\GitHub\Cuphead
2020-10-05 07:59:50,490 : INFO : Machine : Platform: win32
2020-10-05 07:59:50,490 : INFO : Machine : Python executable location: c:\users\themi\appdata\local\programs\python\python36\python.exe
2020-10-05 07:59:50,490 : INFO : Machine : Python version: 3.6.4 (64-bit)
2020-10-05 07:59:50,490 : INFO : Machine : Initialise MPF.
2020-10-05 07:59:51,792 : INFO : EventManager : Event: ======'machine_var_credits_string'====== Args={'value': 'FREE PLAY', 'prev_value': None, 'change': True}
2020-10-05 07:59:52,090 : INFO : EventManager : Event: ======'machine_var_player1_score'====== Args={'value': 8110, 'prev_value': None, 'change': True}
2020-10-05 07:59:52,090 : INFO : EventManager : Event: ======'machine_var_mpf_version'====== Args={'value': 'MPF v0.54.0-dev.72', 'prev_value': None, 'change': True}
2020-10-05 07:59:52,090 : INFO : EventManager : Event: ======'machine_var_mpf_extended_version'====== Args={'value': 'MPF v0.54.0-dev.72, Config version:5, Show version: 5, BCP version:1.1', 'prev_value': None, 'change': True}
2020-10-05 07:59:52,091 : INFO : EventManager : Event: ======'machine_var_python_version'====== Args={'value': '3.6.4', 'prev_value': None, 'change': True}
2020-10-05 07:59:52,091 : INFO : EventManager : Event: ======'machine_var_platform'====== Args={'value': 'Windows-10-10.0.18362-SP0', 'prev_value': None, 'change': True}
2020-10-05 07:59:52,092 : INFO : EventManager : Event: ======'machine_var_platform_system'====== Args={'value': 'Windows', 'prev_value': None, 'change': True}
2020-10-05 07:59:52,092 : INFO : EventManager : Event: ======'machine_var_platform_release'====== Args={'value': '10', 'prev_value': None, 'change': True}
2020-10-05 07:59:52,092 : INFO : EventManager : Event: ======'machine_var_platform_version'====== Args={'value': '10.0.18362', 'prev_value': None, 'change': True}
2020-10-05 07:59:52,092 : INFO : EventManager : Event: ======'machine_var_platform_machine'====== Args={'value': 'AMD64', 'prev_value': None, 'change': True}
2020-10-05 07:59:52,092 : INFO : EventManager : Event: ======'init_phase_1'====== Args={}
2020-10-05 07:59:52,207 : INFO : EventManager : Event: ======'drop_target_bank_cup_bank_up'====== Args={}
2020-10-05 07:59:52,208 : INFO : EventManager : Event: ======'drop_target_bank_mug_bank_up'====== Args={}
2020-10-05 07:59:52,214 : INFO : EventManager : Event: ======'init_phase_2'====== Args={}
2020-10-05 07:59:52,215 : INFO : SwitchController : Found active switch: ('2', <Platform.SmartVirtual>)
2020-10-05 07:59:52,216 : INFO : SwitchController : Found active switch: ('3', <Platform.SmartVirtual>)
2020-10-05 07:59:52,233 : INFO : EventManager : Event: ======'bcp_connection_attempt'====== Args={'name': 'local_display', 'host': 'localhost', 'port': 5050}
2020-10-05 07:59:52,238 : INFO : BCPClientSocket : Connecting BCP to 'local_display' at localhost:5050...
2020-10-05 08:00:03,546 : INFO : BCPClientSocket : Connected BCP to 'local_display' localhost:5050
2020-10-05 08:00:03,547 : INFO : EventManager : Event: ======'bcp_clients_connected'====== Args={}
2020-10-05 08:00:03,564 : INFO : EventManager : Event: ======'machine_var_mc_version'====== Args={'value': 'MPF-MC v0.54.0-dev.20', 'prev_value': None, 'change': True}
2020-10-05 08:00:03,564 : INFO : EventManager : Event: ======'machine_var_mc_extended_version'====== Args={'value': 'MPF-MC v0.54.0-dev.20 (config_version=5, BCP v1.1, Requires MPF v0.54.0-dev.68)', 'prev_value': None, 'change': True}
2020-10-05 08:00:03,569 : INFO : EventManager : Event: ======'machine_var_master_volume'====== Args={'value': 0.5, 'prev_value': None, 'change': True}
2020-10-05 08:00:03,569 : INFO : ball_device.bd_trough : State: idle
2020-10-05 08:00:03,599 : INFO : ball_device.bd_plunger : State: idle
2020-10-05 08:00:03,636 : INFO : EventManager : Event: ======'init_phase_3'====== Args={}
2020-10-05 08:00:03,650 : INFO : EventManager : Event: ======'init_phase_4'====== Args={}
2020-10-05 08:00:03,653 : INFO : EventManager : Event: ======'machine_var_audits_events_game_ended'====== Args={'value': 21, 'prev_value': None, 'change': True}
2020-10-05 08:00:03,653 : INFO : EventManager : Event: ======'machine_var_audits_events_game_started'====== Args={'value': 40, 'prev_value': None, 'change': True}
2020-10-05 08:00:03,654 : INFO : EventManager : Event: ======'machine_var_audits_player_score'====== Args={'value': {'average': 530.4761904761905, 'top': [2970, 1300, 1220, 980, 880, 780, 720, 710, 630, 590], 'total': 21}, 'prev_value': None, 'change': True}
2020-10-05 08:00:03,655 : INFO : EventManager : Event: ======'machine_var_audits_shots_soul_L'====== Args={'value': 217, 'prev_value': None, 'change': True}
2020-10-05 08:00:03,656 : INFO : EventManager : Event: ======'machine_var_audits_shots_soul_O'====== Args={'value': 224, 'prev_value': None, 'change': True}
2020-10-05 08:00:03,657 : INFO : EventManager : Event: ======'machine_var_audits_shots_soul_S'====== Args={'value': 256, 'prev_value': None, 'change': True}
2020-10-05 08:00:03,658 : INFO : EventManager : Event: ======'machine_var_audits_shots_soul_U'====== Args={'value': 220, 'prev_value': None, 'change': True}
2020-10-05 08:00:03,658 : INFO : EventManager : Event: ======'machine_var_audits_switches_s_coin'====== Args={'value': 20, 'prev_value': None, 'change': True}
2020-10-05 08:00:03,659 : INFO : EventManager : Event: ======'machine_var_audits_switches_s_dash_L'====== Args={'value': 0, 'prev_value': None, 'change': True}
2020-10-05 08:00:03,660 : INFO : EventManager : Event: ======'machine_var_audits_switches_s_dash_R'====== Args={'value': 0, 'prev_value': None, 'change': True}
2020-10-05 08:00:03,661 : INFO : EventManager : Event: ======'machine_var_audits_switches_s_dtSling_L'====== Args={'value': 0, 'prev_value': None, 'change': True}
2020-10-05 08:00:03,662 : INFO : EventManager : Event: ======'machine_var_audits_switches_s_dtSling_R'====== Args={'value': 0, 'prev_value': None, 'change': True}
2020-10-05 08:00:03,662 : INFO : EventManager : Event: ======'machine_var_audits_switches_s_dt_C'====== Args={'value': 76, 'prev_value': None, 'change': True}
2020-10-05 08:00:03,663 : INFO : EventManager : Event: ======'machine_var_audits_switches_s_dt_G'====== Args={'value': 25, 'prev_value': None, 'change': True}
2020-10-05 08:00:03,664 : INFO : EventManager : Event: ======'machine_var_audits_switches_s_dt_M'====== Args={'value': 23, 'prev_value': None, 'change': True}
2020-10-05 08:00:03,665 : INFO : EventManager : Event: ======'machine_var_audits_switches_s_dt_P'====== Args={'value': 59, 'prev_value': None, 'change': True}
2020-10-05 08:00:03,665 : INFO : EventManager : Event: ======'machine_var_audits_switches_s_dt_U'====== Args={'value': 67, 'prev_value': None, 'change': True}
2020-10-05 08:00:03,666 : INFO : EventManager : Event: ======'machine_var_audits_switches_s_dt_U2'====== Args={'value': 23, 'prev_value': None, 'change': True}
2020-10-05 08:00:03,667 : INFO : EventManager : Event: ======'machine_var_audits_switches_s_exit_shooter_lane'====== Args={'value': 357, 'prev_value': None, 'change': True}
2020-10-05 08:00:03,668 : INFO : EventManager : Event: ======'machine_var_audits_switches_s_inLane_L'====== Args={'value': 0, 'prev_value': None, 'change': True}
2020-10-05 08:00:03,669 : INFO : EventManager : Event: ======'machine_var_audits_switches_s_inLane_R'====== Args={'value': 0, 'prev_value': None, 'change': True}
2020-10-05 08:00:03,670 : INFO : EventManager : Event: ======'machine_var_audits_switches_s_kicker'====== Args={'value': 0, 'prev_value': None, 'change': True}
2020-10-05 08:00:03,671 : INFO : EventManager : Event: ======'machine_var_audits_switches_s_left_flipper'====== Args={'value': 151, 'prev_value': None, 'change': True}
2020-10-05 08:00:03,671 : INFO : EventManager : Event: ======'machine_var_audits_switches_s_midRight'====== Args={'value': 0, 'prev_value': None, 'change': True}
2020-10-05 08:00:03,672 : INFO : EventManager : Event: ======'machine_var_audits_switches_s_outLane_L'====== Args={'value': 0, 'prev_value': None, 'change': True}
2020-10-05 08:00:03,673 : INFO : EventManager : Event: ======'machine_var_audits_switches_s_outLane_R'====== Args={'value': 0, 'prev_value': None, 'change': True}
2020-10-05 08:00:03,674 : INFO : EventManager : Event: ======'machine_var_audits_switches_s_perdition'====== Args={'value': 0, 'prev_value': None, 'change': True}
2020-10-05 08:00:03,675 : INFO : EventManager : Event: ======'machine_var_audits_switches_s_playfield'====== Args={'value': 0, 'prev_value': None, 'change': True}
2020-10-05 08:00:03,676 : INFO : EventManager : Event: ======'machine_var_audits_switches_s_plunger'====== Args={'value': 573, 'prev_value': None, 'change': True}
2020-10-05 08:00:03,676 : INFO : EventManager : Event: ======'machine_var_audits_switches_s_popBumper_1'====== Args={'value': 464, 'prev_value': None, 'change': True}
2020-10-05 08:00:03,678 : INFO : EventManager : Event: ======'machine_var_audits_switches_s_popBumper_2'====== Args={'value': 440, 'prev_value': None, 'change': True}
2020-10-05 08:00:03,679 : INFO : EventManager : Event: ======'machine_var_audits_switches_s_popBumper_3'====== Args={'value': 164, 'prev_value': None, 'change': True}
2020-10-05 08:00:03,680 : INFO : EventManager : Event: ======'machine_var_audits_switches_s_pop_bumper1'====== Args={'value': 120, 'prev_value': None, 'change': True}
2020-10-05 08:00:03,681 : INFO : EventManager : Event: ======'machine_var_audits_switches_s_pop_bumper2'====== Args={'value': 153, 'prev_value': None, 'change': True}
2020-10-05 08:00:03,681 : INFO : EventManager : Event: ======'machine_var_audits_switches_s_pop_bumper3'====== Args={'value': 100, 'prev_value': None, 'change': True}
2020-10-05 08:00:03,682 : INFO : EventManager : Event: ======'machine_var_audits_switches_s_right_flipper'====== Args={'value': 217, 'prev_value': None, 'change': True}
2020-10-05 08:00:03,683 : INFO : EventManager : Event: ======'machine_var_audits_switches_s_sling_L'====== Args={'value': 0, 'prev_value': None, 'change': True}
2020-10-05 08:00:03,684 : INFO : EventManager : Event: ======'machine_var_audits_switches_s_sling_R'====== Args={'value': 0, 'prev_value': None, 'change': True}
2020-10-05 08:00:03,685 : INFO : EventManager : Event: ======'machine_var_audits_switches_s_soul_L'====== Args={'value': 218, 'prev_value': None, 'change': True}
2020-10-05 08:00:03,686 : INFO : EventManager : Event: ======'machine_var_audits_switches_s_soul_O'====== Args={'value': 229, 'prev_value': None, 'change': True}
2020-10-05 08:00:03,688 : INFO : EventManager : Event: ======'machine_var_audits_switches_s_soul_S'====== Args={'value': 256, 'prev_value': None, 'change': True}
2020-10-05 08:00:03,689 : INFO : EventManager : Event: ======'machine_var_audits_switches_s_soul_U'====== Args={'value': 220, 'prev_value': None, 'change': True}
2020-10-05 08:00:03,690 : INFO : EventManager : Event: ======'machine_var_audits_switches_s_standUp_1'====== Args={'value': 0, 'prev_value': None, 'change': True}
2020-10-05 08:00:03,691 : INFO : EventManager : Event: ======'machine_var_audits_switches_s_standUp_2'====== Args={'value': 0, 'prev_value': None, 'change': True}
2020-10-05 08:00:03,692 : INFO : EventManager : Event: ======'machine_var_audits_switches_s_standUp_3'====== Args={'value': 0, 'prev_value': None, 'change': True}
2020-10-05 08:00:03,693 : INFO : EventManager : Event: ======'machine_var_audits_switches_s_standUp_R'====== Args={'value': 0, 'prev_value': None, 'change': True}
2020-10-05 08:00:03,694 : INFO : EventManager : Event: ======'machine_var_audits_switches_s_star_1'====== Args={'value': 0, 'prev_value': None, 'change': True}
2020-10-05 08:00:03,695 : INFO : EventManager : Event: ======'machine_var_audits_switches_s_star_2'====== Args={'value': 0, 'prev_value': None, 'change': True}
2020-10-05 08:00:03,696 : INFO : EventManager : Event: ======'machine_var_audits_switches_s_star_3'====== Args={'value': 0, 'prev_value': None, 'change': True}
2020-10-05 08:00:03,698 : INFO : EventManager : Event: ======'machine_var_audits_switches_s_start'====== Args={'value': 68, 'prev_value': None, 'change': True}
2020-10-05 08:00:03,699 : INFO : EventManager : Event: ======'machine_var_audits_switches_s_tilt'====== Args={'value': 0, 'prev_value': None, 'change': True}
2020-10-05 08:00:03,700 : INFO : EventManager : Event: ======'machine_var_audits_switches_s_trough1'====== Args={'value': 513, 'prev_value': None, 'change': True}
2020-10-05 08:00:03,701 : INFO : EventManager : Event: ======'machine_var_audits_switches_s_trough2'====== Args={'value': 72, 'prev_value': None, 'change': True}
2020-10-05 08:00:03,702 : INFO : EventManager : Event: ======'machine_var_audits_switches_s_trough_jam'====== Args={'value': 13, 'prev_value': None, 'change': True}
2020-10-05 08:00:03,704 : INFO : EventManager : Event: ======'init_phase_5'====== Args={}
2020-10-05 08:00:03,738 : INFO : EventManager : Event: ======'init_done'====== Args={}
2020-10-05 08:00:03,739 : INFO : EventManager : Event: ======'machine_reset_phase_1'====== Args={}
2020-10-05 08:00:03,742 : INFO : BcpServer : New client connected.
2020-10-05 08:00:03,744 : INFO : EventManager : Event: ======'slide_welcome_slide_removed'====== Args={'_from_bcp': True}
2020-10-05 08:00:03,750 : INFO : EventManager : Event: ======'slide_welcome_slide_created'====== Args={'_from_bcp': True}
2020-10-05 08:00:03,781 : INFO : EventManager : Event: ======'slide_welcome_slide_active'====== Args={'_from_bcp': True}
2020-10-05 08:00:03,781 : INFO : EventManager : Event: ======'machine_reset_phase_2'====== Args={}
2020-10-05 08:00:03,782 : INFO : EventManager : Event: ======'machine_reset_phase_3'====== Args={}
2020-10-05 08:00:03,784 : INFO : drop_target_bank.cup_bank : All targets are already up. Will not reset bank.
2020-10-05 08:00:03,784 : INFO : drop_target_bank.mug_bank : All targets are already up. Will not reset bank.
2020-10-05 08:00:03,784 : INFO : EventManager : Event: ======'reset_complete'====== Args={}
2020-10-05 08:00:03,786 : INFO : EventManager : Event: ======'mode_attract_will_start'====== Args={}
2020-10-05 08:00:03,788 : INFO : EventManager : Event: ======'mode_attract_starting'====== Args={}
2020-10-05 08:00:03,789 : INFO : Mode.attract : Started. Priority: 10
2020-10-05 08:00:03,789 : INFO : EventManager : Event: ======'modes_active_modes_changed'====== Args={}
2020-10-05 08:00:03,791 : INFO : EventManager : Event: ======'mode_attract_started'====== Args={}
2020-10-05 08:00:03,798 : INFO : EventManager : Event: ======'collecting_balls_complete'====== Args={}
2020-10-05 08:00:03,908 : INFO : EventManager : Event: ======'slide_awesome_slide_created'====== Args={'_from_bcp': True}
2020-10-05 08:00:03,909 : INFO : EventManager : Event: ======'slide_awesome_slide_active'====== Args={'_from_bcp': True}
2020-10-05 08:00:03,910 : INFO : Machine : Starting the main run loop.
2020-10-05 08:00:06,815 : INFO : EventManager : Event: ======'slide_press_start_created'====== Args={'_from_bcp': True}
2020-10-05 08:00:06,817 : INFO : EventManager : Event: ======'slide_press_start_active'====== Args={'_from_bcp': True}
2020-10-05 08:00:09,813 : INFO : EventManager : Event: ======'slide_mission_pinball_created'====== Args={'_from_bcp': True}
2020-10-05 08:00:09,815 : INFO : EventManager : Event: ======'slide_mission_pinball_active'====== Args={'_from_bcp': True}
2020-10-05 08:00:10,982 : INFO : SwitchController : <<<<<<< 's_start' active >>>>>>>
2020-10-05 08:00:11,121 : INFO : SwitchController : <<<<<<< 's_start' inactive >>>>>>>
2020-10-05 08:00:11,121 : INFO : EventManager : Event: ======'request_to_start_game'====== Args={}
2020-10-05 08:00:11,122 : INFO : EventManager : Event: ======'game_start'====== Args={'buttons': [], 'hold_time': 0.14000000001396984}
2020-10-05 08:00:11,123 : INFO : EventManager : Event: ======'mode_game_will_start'====== Args={'buttons': [], 'hold_time': 0.14000000001396984}
2020-10-05 08:00:11,124 : INFO : EventManager : Event: ======'mode_game_starting'====== Args={'buttons': [], 'hold_time': 0.14000000001396984}
2020-10-05 08:00:11,125 : INFO : EventManager : Event: ======'mode_attract_will_stop'====== Args={}
2020-10-05 08:00:11,126 : INFO : EventManager : Event: ======'mode_attract_stopping'====== Args={}
2020-10-05 08:00:11,126 : INFO : Mode.attract : Stopped.
2020-10-05 08:00:11,127 : INFO : EventManager : Event: ======'modes_active_modes_changed'====== Args={}
2020-10-05 08:00:11,130 : INFO : EventManager : Event: ======'mode_attract_stopped'====== Args={}
2020-10-05 08:00:11,131 : INFO : EventManager : Event: ======'clear'====== Args={'key': 'attract'}
2020-10-05 08:00:11,132 : INFO : Mode.game : Started. Priority: 20
2020-10-05 08:00:11,132 : INFO : EventManager : Event: ======'modes_active_modes_changed'====== Args={}
2020-10-05 08:00:11,133 : INFO : EventManager : Event: ======'mode_game_started'====== Args={'buttons': [], 'hold_time': 0.14000000001396984}
2020-10-05 08:00:11,155 : INFO : EventManager : Event: ======'game_will_start'====== Args={}
2020-10-05 08:00:11,157 : INFO : EventManager : Event: ======'slide_awesome_slide_removed'====== Args={'_from_bcp': True}
2020-10-05 08:00:11,157 : INFO : EventManager : Event: ======'slide_press_start_removed'====== Args={'_from_bcp': True}
2020-10-05 08:00:11,167 : INFO : EventManager : Event: ======'game_starting'====== Args={'game': <Mode.game>}
2020-10-05 08:00:11,168 : INFO : EventManager : Event: ======'player_add_request'====== Args={}
2020-10-05 08:00:11,169 : INFO : EventManager : Event: ======'player_will_add'====== Args={'number': 1}
2020-10-05 08:00:11,169 : INFO : EventManager : Event: ======'player_adding'====== Args={'player': <Player 1>, 'number': 1}
2020-10-05 08:00:11,170 : INFO : EventManager : Event: ======'player_added'====== Args={'player': <Player 1>, 'num': 1}
2020-10-05 08:00:11,171 : INFO : Mode.game : Player added successfully. Total players: 1
2020-10-05 08:00:11,172 : INFO : EventManager : Event: ======'player_index'====== Args={'value': 0, 'prev_value': 0, 'change': 0, 'player_num': 1}
2020-10-05 08:00:11,172 : INFO : EventManager : Event: ======'player_number'====== Args={'value': 1, 'prev_value': 1, 'change': 0, 'player_num': 1}
2020-10-05 08:00:11,173 : INFO : EventManager : Event: ======'player_bonus_multiplier'====== Args={'value': 1, 'prev_value': 1, 'change': 0, 'player_num': 1}
2020-10-05 08:00:11,173 : INFO : EventManager : Event: ======'player_contracts'====== Args={'value': 0, 'prev_value': 0, 'change': 0, 'player_num': 1}
2020-10-05 08:00:11,174 : INFO : EventManager : Event: ======'player_score'====== Args={'value': 0, 'prev_value': 0, 'change': 0, 'player_num': 1}
2020-10-05 08:00:11,179 : INFO : EventManager : Event: ======'game_started'====== Args={}
2020-10-05 08:00:11,215 : INFO : EventManager : Event: ======'player_turn_will_start'====== Args={'player': <Player 1>, 'number': 1}
2020-10-05 08:00:11,219 : INFO : EventManager : Event: ======'slide_mission_pinball_removed'====== Args={'_from_bcp': True}
2020-10-05 08:00:11,220 : INFO : EventManager : Event: ======'slide_welcome_slide_active'====== Args={'_from_bcp': True}
2020-10-05 08:00:11,221 : INFO : EventManager : Event: ======'player_turn_starting'====== Args={'player': <Player 1>, 'number': 1}
2020-10-05 08:00:11,222 : INFO : EventManager : Event: ======'player_ball'====== Args={'value': 1, 'prev_value': 0, 'change': 1, 'player_num': 1}
2020-10-05 08:00:11,224 : INFO : EventManager : Event: ======'player_turn_started'====== Args={'player': <Player 1>, 'number': 1}
2020-10-05 08:00:11,229 : INFO : EventManager : Event: ======'ball_will_start'====== Args={'player': 1, 'ball': 1, 'balls_remaining': 4, 'is_extra_ball': False}
2020-10-05 08:00:11,255 : INFO : EventManager : Event: ======'ball_starting'====== Args={'player': 1, 'ball': 1, 'balls_remaining': 4, 'is_extra_ball': False}
2020-10-05 08:00:11,258 : INFO : EventManager : Event: ======'mode_base_will_start'====== Args={'queue': <QueuedEvent>, 'player': 1, 'ball': 1, 'balls_remaining': 4, 'is_extra_ball': False}
2020-10-05 08:00:11,273 : ERROR : Machine : base mode's variable_player: section contains a "ball_starting:" event which is also in the start_events: for the base mode. Change the variable_player: ball_starting: event name to "mode_base_started:"
2020-10-05 08:00:11,274 : ERROR : asyncio : Exception in callback EventManager._queue_task_done(<Task finishe..._started:"',)>)
handle: <Handle EventManager._queue_task_done(<Task finishe..._started:"',)>)>
Traceback (most recent call last):
  File "c:\users\themi\appdata\local\programs\python\python36\lib\asyncio\events.py", line 145, in _run
    self._callback(*self._args)
  File "c:\users\themi\appdata\local\programs\python\python36\lib\site-packages\mpf\core\events.py", line 716, in _queue_task_done
    future.result()
  File "c:\users\themi\appdata\local\programs\python\python36\lib\site-packages\mpf\core\events.py", line 633, in _run_handlers_sequential
    handler.callback(queue=queue, **merged_kwargs)
  File "c:\users\themi\appdata\local\programs\python\python36\lib\site-packages\mpf\core\mode.py", line 215, in start
    **item.kwargs)
  File "c:\users\themi\appdata\local\programs\python\python36\lib\site-packages\mpf\core\config_player.py", line 203, in mode_start
    event_keys = self.register_player_events(config, mode, priority)
  File "c:\users\themi\appdata\local\programs\python\python36\lib\site-packages\mpf\core\config_player.py", line 286, in register_player_events
    mode.name, self.config_file_section, event))
ValueError: base mode's variable_player: section contains a "ball_starting:" event which is also in the start_events: for the base mode. Change the variable_player: ball_starting: event name to "mode_base_started:"
2020-10-05 08:00:11,497 : INFO : Machine : Shutting down...
2020-10-05 08:00:11,499 : INFO : EventManager : Event: ======'shutdown'====== Args={}
2020-10-05 08:00:11,515 : ERROR : Machine : Runtime Exception
Traceback (most recent call last):
  File "c:\users\themi\appdata\local\programs\python\python36\lib\site-packages\mpf\core\machine.py", line 745, in _run_loop
    raise self._exception['exception']
  File "c:\users\themi\appdata\local\programs\python\python36\lib\asyncio\events.py", line 145, in _run
    self._callback(*self._args)
  File "c:\users\themi\appdata\local\programs\python\python36\lib\site-packages\mpf\core\events.py", line 716, in _queue_task_done
    future.result()
  File "c:\users\themi\appdata\local\programs\python\python36\lib\site-packages\mpf\core\events.py", line 633, in _run_handlers_sequential
    handler.callback(queue=queue, **merged_kwargs)
  File "c:\users\themi\appdata\local\programs\python\python36\lib\site-packages\mpf\core\mode.py", line 215, in start
    **item.kwargs)
  File "c:\users\themi\appdata\local\programs\python\python36\lib\site-packages\mpf\core\config_player.py", line 203, in mode_start
    event_keys = self.register_player_events(config, mode, priority)
  File "c:\users\themi\appdata\local\programs\python\python36\lib\site-packages\mpf\core\config_player.py", line 286, in register_player_events
    mode.name, self.config_file_section, event))
ValueError: base mode's variable_player: section contains a "ball_starting:" event which is also in the start_events: for the base mode. Change the variable_player: ball_starting: event name to "mode_base_started:"
2020-10-05 08:00:11,569 : INFO : root : MPF run loop ended.
