2020-10-04 08:48:03,973 : INFO : root : Loading config.
2020-10-04 08:48:03,973 : INFO : YamlMultifileConfigLoader : Machine config file #1: config.yaml
2020-10-04 08:48:03,973 : INFO : ConfigProcessor : Loading config from cache: C:\Users\themi\AppData\Local\Temp\1a0afbd38efada64622f7c1a19dba099.mpf_cache
2020-10-04 08:48:04,176 : INFO : ConfigProcessor : Loading config from cache: C:\Users\themi\AppData\Local\Temp\7964e52b22911e9b68a8022172b185f3.mpf_cache
2020-10-04 08:48:04,191 : INFO : ConfigProcessor : Loading config from cache: C:\Users\themi\AppData\Local\Temp\4fcecb70f81c3c2fefb8e65ae9a0af5f.mpf_cache
2020-10-04 08:48:04,191 : INFO : ConfigProcessor : Loading config from cache: C:\Users\themi\AppData\Local\Temp\b2a05f27b99f0404929b6678617f21a2.mpf_cache
2020-10-04 08:48:04,191 : WARNING : ConfigProcessor : Config file in cache changed: c:\Pinball\Cuphead\modes\soulLanes\config\soulLanes.yaml
2020-10-04 08:48:04,191 : INFO : ConfigProcessor : Loading config from file c:\Pinball\Cuphead\modes\soulLanes\config\soulLanes.yaml.
2020-10-04 08:48:04,222 : INFO : ConfigProcessor : Loading config: c:\Pinball\Cuphead\modes\soulLanes\config\soulLanes.yaml
2020-10-04 08:48:04,222 : INFO : ConfigProcessor : Config file cache created: C:\Users\themi\AppData\Local\Temp\ee661b7bde9ac1aee26ef2e16bd36711.mpf_cache
2020-10-04 08:48:04,238 : INFO : ConfigProcessor : Loading config from cache: C:\Users\themi\AppData\Local\Temp\8b23b77e47e0aafb5c2cd6855492fe09.mpf_cache
2020-10-04 08:48:04,238 : INFO : ConfigProcessor : Loading config from cache: C:\Users\themi\AppData\Local\Temp\8d4786f117f290f34c6b54fd8b6fe8fe.mpf_cache
2020-10-04 08:48:04,238 : INFO : ConfigProcessor : Loading config from cache: C:\Users\themi\AppData\Local\Temp\d1f28e307667fe64a15b0a7332832e8a.mpf_cache
2020-10-04 08:48:04,238 : INFO : ConfigProcessor : Loading config from cache: C:\Users\themi\AppData\Local\Temp\4b1cd1ab6685d1ad48e4e22b92633748.mpf_cache
2020-10-04 08:48:04,238 : INFO : ConfigProcessor : Loading config from cache: C:\Users\themi\AppData\Local\Temp\0e5b9342958db12ded482c5bdee94a50.mpf_cache
2020-10-04 08:48:04,238 : INFO : ConfigProcessor : Loading config from cache: C:\Users\themi\AppData\Local\Temp\fa3b9c24e757a86afd7ebd54e8356a2f.mpf_cache
2020-10-04 08:48:04,238 : INFO : ConfigProcessor : Loading config from cache: C:\Users\themi\AppData\Local\Temp\4f17c1b7053da1ee6acf2b568ebeb609.mpf_cache
2020-10-04 08:48:04,238 : INFO : ConfigProcessor : Loading config from cache: C:\Users\themi\AppData\Local\Temp\ccd4282a3141e0878d86657c78349f12.mpf_cache
2020-10-04 08:48:04,238 : INFO : ConfigProcessor : Loading config from cache: C:\Users\themi\AppData\Local\Temp\17729cd0303cfaced1d4181f3ca2421f.mpf_cache
2020-10-04 08:48:04,238 : INFO : ConfigProcessor : Loading config from cache: C:\Users\themi\AppData\Local\Temp\47ffaea90c47406003f6ea8ebe74989d.mpf_cache
2020-10-04 08:48:04,238 : INFO : ConfigProcessor : Loading config from cache: C:\Users\themi\AppData\Local\Temp\6f6af101da615a72df8eebfca5188fca.mpf_cache
2020-10-04 08:48:04,238 : INFO : ConfigProcessor : Loading config from cache: C:\Users\themi\AppData\Local\Temp\3889d554abdf669f0bcb59dfdb43163f.mpf_cache
2020-10-04 08:48:04,238 : INFO : ConfigProcessor : Loading config from cache: C:\Users\themi\AppData\Local\Temp\dca7679fbf96e787efc0ee793457f019.mpf_cache
2020-10-04 08:48:04,254 : INFO : ConfigProcessor : Loading config from cache: C:\Users\themi\AppData\Local\Temp\773981adc2a393ce4661c342531a13c1.mpf_cache
2020-10-04 08:48:04,254 : INFO : ConfigProcessor : Loading config from cache: C:\Users\themi\AppData\Local\Temp\0e7ad57880df273f086bfe63563440af.mpf_cache
2020-10-04 08:48:04,254 : INFO : ConfigProcessor : Loading config from cache: C:\Users\themi\AppData\Local\Temp\14255cf3b2f3681937087b07de526758.mpf_cache
2020-10-04 08:48:04,254 : INFO : ConfigProcessor : Loading config from cache: C:\Users\themi\AppData\Local\Temp\01c6bf43074c3a497e337500f6bac20b.mpf_cache
2020-10-04 08:48:04,254 : INFO : ConfigProcessor : Loading config from cache: C:\Users\themi\AppData\Local\Temp\7eeffc9c6f8d1e96b5a9cad923ac520c.mpf_cache
2020-10-04 08:48:04,254 : INFO : Machine : Mission Pinball Framework Core Engine v0.54.0-dev.72
2020-10-04 08:48:04,254 : INFO : Machine : Command line arguments: {'no_load_cache': False, 'create_config_cache': True, 'bcp': True, 'configfile': ['config.yaml'], 'force_assets_load': False, 'jsonlogging': False, 'logfile': 'logs\\2020-10-04-08-48-03-mpf-LAPTOP-C39PEUFD.log', 'pause': False, 'production': False, 'text_ui': True, 'loglevel': 15, 'consoleloglevel': 20, 'force_platform': 'smart_virtual', 'syslog_address': None, 'mc_file_name': None, 'no_sound': False}
2020-10-04 08:48:04,254 : INFO : Machine : MPF path: c:\users\themi\appdata\local\programs\python\python36\lib\site-packages\mpf
2020-10-04 08:48:04,254 : INFO : Machine : Machine path: c:\Pinball\Cuphead
2020-10-04 08:48:04,254 : INFO : Machine : Platform: win32
2020-10-04 08:48:04,254 : INFO : Machine : Python executable location: c:\users\themi\appdata\local\programs\python\python36\python.exe
2020-10-04 08:48:04,254 : INFO : Machine : Python version: 3.6.4 (64-bit)
2020-10-04 08:48:04,254 : INFO : Machine : Initialise MPF.
2020-10-04 08:48:04,754 : INFO : EventManager : Event: ======'machine_var_credits_string'====== Args={'value': 'FREE PLAY', 'prev_value': None, 'change': True}
2020-10-04 08:48:04,879 : INFO : EventManager : Event: ======'machine_var_player1_score'====== Args={'value': 8110, 'prev_value': None, 'change': True}
2020-10-04 08:48:04,879 : INFO : EventManager : Event: ======'machine_var_mpf_version'====== Args={'value': 'MPF v0.54.0-dev.72', 'prev_value': None, 'change': True}
2020-10-04 08:48:04,879 : INFO : EventManager : Event: ======'machine_var_mpf_extended_version'====== Args={'value': 'MPF v0.54.0-dev.72, Config version:5, Show version: 5, BCP version:1.1', 'prev_value': None, 'change': True}
2020-10-04 08:48:04,879 : INFO : EventManager : Event: ======'machine_var_python_version'====== Args={'value': '3.6.4', 'prev_value': None, 'change': True}
2020-10-04 08:48:04,879 : INFO : EventManager : Event: ======'machine_var_platform'====== Args={'value': 'Windows-10-10.0.18362-SP0', 'prev_value': None, 'change': True}
2020-10-04 08:48:04,879 : INFO : EventManager : Event: ======'machine_var_platform_system'====== Args={'value': 'Windows', 'prev_value': None, 'change': True}
2020-10-04 08:48:04,879 : INFO : EventManager : Event: ======'machine_var_platform_release'====== Args={'value': '10', 'prev_value': None, 'change': True}
2020-10-04 08:48:04,879 : INFO : EventManager : Event: ======'machine_var_platform_version'====== Args={'value': '10.0.18362', 'prev_value': None, 'change': True}
2020-10-04 08:48:04,879 : INFO : EventManager : Event: ======'machine_var_platform_machine'====== Args={'value': 'AMD64', 'prev_value': None, 'change': True}
2020-10-04 08:48:04,879 : INFO : EventManager : Event: ======'init_phase_1'====== Args={}
2020-10-04 08:48:05,019 : INFO : EventManager : Event: ======'drop_target_bank_cup_bank_up'====== Args={}
2020-10-04 08:48:05,035 : INFO : EventManager : Event: ======'drop_target_bank_mug_bank_up'====== Args={}
2020-10-04 08:48:05,051 : INFO : EventManager : Event: ======'init_phase_2'====== Args={}
2020-10-04 08:48:05,051 : INFO : SwitchController : Found active switch: ('2', <Platform.SmartVirtual>)
2020-10-04 08:48:05,051 : INFO : SwitchController : Found active switch: ('3', <Platform.SmartVirtual>)
2020-10-04 08:48:05,066 : INFO : EventManager : Event: ======'bcp_connection_attempt'====== Args={'name': 'local_display', 'host': 'localhost', 'port': 5050}
2020-10-04 08:48:05,066 : INFO : BCPClientSocket : Connecting BCP to 'local_display' at localhost:5050...
2020-10-04 08:48:16,875 : INFO : BCPClientSocket : Connected BCP to 'local_display' localhost:5050
2020-10-04 08:48:16,876 : INFO : EventManager : Event: ======'bcp_clients_connected'====== Args={}
2020-10-04 08:48:16,895 : INFO : EventManager : Event: ======'machine_var_mc_version'====== Args={'value': 'MPF-MC v0.54.0-dev.20', 'prev_value': None, 'change': True}
2020-10-04 08:48:16,896 : INFO : EventManager : Event: ======'machine_var_mc_extended_version'====== Args={'value': 'MPF-MC v0.54.0-dev.20 (config_version=5, BCP v1.1, Requires MPF v0.54.0-dev.68)', 'prev_value': None, 'change': True}
2020-10-04 08:48:16,900 : INFO : EventManager : Event: ======'machine_var_master_volume'====== Args={'value': 0.5, 'prev_value': None, 'change': True}
2020-10-04 08:48:16,901 : INFO : ball_device.bd_trough : State: idle
2020-10-04 08:48:16,934 : INFO : ball_device.bd_plunger : State: idle
2020-10-04 08:48:16,973 : INFO : EventManager : Event: ======'init_phase_3'====== Args={}
2020-10-04 08:48:16,986 : INFO : EventManager : Event: ======'init_phase_4'====== Args={}
2020-10-04 08:48:16,988 : INFO : EventManager : Event: ======'machine_var_audits_events_game_ended'====== Args={'value': 21, 'prev_value': None, 'change': True}
2020-10-04 08:48:16,989 : INFO : EventManager : Event: ======'machine_var_audits_events_game_started'====== Args={'value': 40, 'prev_value': None, 'change': True}
2020-10-04 08:48:16,990 : INFO : EventManager : Event: ======'machine_var_audits_player_score'====== Args={'value': {'average': 530.4761904761905, 'top': [2970, 1300, 1220, 980, 880, 780, 720, 710, 630, 590], 'total': 21}, 'prev_value': None, 'change': True}
2020-10-04 08:48:16,990 : INFO : EventManager : Event: ======'machine_var_audits_shots_soul_L'====== Args={'value': 143, 'prev_value': None, 'change': True}
2020-10-04 08:48:16,991 : INFO : EventManager : Event: ======'machine_var_audits_shots_soul_O'====== Args={'value': 149, 'prev_value': None, 'change': True}
2020-10-04 08:48:16,992 : INFO : EventManager : Event: ======'machine_var_audits_shots_soul_S'====== Args={'value': 172, 'prev_value': None, 'change': True}
2020-10-04 08:48:16,993 : INFO : EventManager : Event: ======'machine_var_audits_shots_soul_U'====== Args={'value': 146, 'prev_value': None, 'change': True}
2020-10-04 08:48:16,994 : INFO : EventManager : Event: ======'machine_var_audits_switches_s_coin'====== Args={'value': 20, 'prev_value': None, 'change': True}
2020-10-04 08:48:16,995 : INFO : EventManager : Event: ======'machine_var_audits_switches_s_dash_L'====== Args={'value': 0, 'prev_value': None, 'change': True}
2020-10-04 08:48:16,995 : INFO : EventManager : Event: ======'machine_var_audits_switches_s_dash_R'====== Args={'value': 0, 'prev_value': None, 'change': True}
2020-10-04 08:48:16,996 : INFO : EventManager : Event: ======'machine_var_audits_switches_s_dtSling_L'====== Args={'value': 0, 'prev_value': None, 'change': True}
2020-10-04 08:48:16,997 : INFO : EventManager : Event: ======'machine_var_audits_switches_s_dtSling_R'====== Args={'value': 0, 'prev_value': None, 'change': True}
2020-10-04 08:48:16,998 : INFO : EventManager : Event: ======'machine_var_audits_switches_s_dt_C'====== Args={'value': 72, 'prev_value': None, 'change': True}
2020-10-04 08:48:16,998 : INFO : EventManager : Event: ======'machine_var_audits_switches_s_dt_G'====== Args={'value': 21, 'prev_value': None, 'change': True}
2020-10-04 08:48:16,999 : INFO : EventManager : Event: ======'machine_var_audits_switches_s_dt_M'====== Args={'value': 19, 'prev_value': None, 'change': True}
2020-10-04 08:48:17,000 : INFO : EventManager : Event: ======'machine_var_audits_switches_s_dt_P'====== Args={'value': 55, 'prev_value': None, 'change': True}
2020-10-04 08:48:17,001 : INFO : EventManager : Event: ======'machine_var_audits_switches_s_dt_U'====== Args={'value': 63, 'prev_value': None, 'change': True}
2020-10-04 08:48:17,001 : INFO : EventManager : Event: ======'machine_var_audits_switches_s_dt_U2'====== Args={'value': 19, 'prev_value': None, 'change': True}
2020-10-04 08:48:17,002 : INFO : EventManager : Event: ======'machine_var_audits_switches_s_exit_shooter_lane'====== Args={'value': 356, 'prev_value': None, 'change': True}
2020-10-04 08:48:17,003 : INFO : EventManager : Event: ======'machine_var_audits_switches_s_inLane_L'====== Args={'value': 0, 'prev_value': None, 'change': True}
2020-10-04 08:48:17,004 : INFO : EventManager : Event: ======'machine_var_audits_switches_s_inLane_R'====== Args={'value': 0, 'prev_value': None, 'change': True}
2020-10-04 08:48:17,005 : INFO : EventManager : Event: ======'machine_var_audits_switches_s_kicker'====== Args={'value': 0, 'prev_value': None, 'change': True}
2020-10-04 08:48:17,005 : INFO : EventManager : Event: ======'machine_var_audits_switches_s_left_flipper'====== Args={'value': 151, 'prev_value': None, 'change': True}
2020-10-04 08:48:17,006 : INFO : EventManager : Event: ======'machine_var_audits_switches_s_midRight'====== Args={'value': 0, 'prev_value': None, 'change': True}
2020-10-04 08:48:17,007 : INFO : EventManager : Event: ======'machine_var_audits_switches_s_outLane_L'====== Args={'value': 0, 'prev_value': None, 'change': True}
2020-10-04 08:48:17,008 : INFO : EventManager : Event: ======'machine_var_audits_switches_s_outLane_R'====== Args={'value': 0, 'prev_value': None, 'change': True}
2020-10-04 08:48:17,008 : INFO : EventManager : Event: ======'machine_var_audits_switches_s_perdition'====== Args={'value': 0, 'prev_value': None, 'change': True}
2020-10-04 08:48:17,009 : INFO : EventManager : Event: ======'machine_var_audits_switches_s_playfield'====== Args={'value': 0, 'prev_value': None, 'change': True}
2020-10-04 08:48:17,010 : INFO : EventManager : Event: ======'machine_var_audits_switches_s_plunger'====== Args={'value': 549, 'prev_value': None, 'change': True}
2020-10-04 08:48:17,011 : INFO : EventManager : Event: ======'machine_var_audits_switches_s_popBumper_1'====== Args={'value': 464, 'prev_value': None, 'change': True}
2020-10-04 08:48:17,012 : INFO : EventManager : Event: ======'machine_var_audits_switches_s_popBumper_2'====== Args={'value': 439, 'prev_value': None, 'change': True}
2020-10-04 08:48:17,013 : INFO : EventManager : Event: ======'machine_var_audits_switches_s_popBumper_3'====== Args={'value': 163, 'prev_value': None, 'change': True}
2020-10-04 08:48:17,013 : INFO : EventManager : Event: ======'machine_var_audits_switches_s_pop_bumper1'====== Args={'value': 120, 'prev_value': None, 'change': True}
2020-10-04 08:48:17,014 : INFO : EventManager : Event: ======'machine_var_audits_switches_s_pop_bumper2'====== Args={'value': 153, 'prev_value': None, 'change': True}
2020-10-04 08:48:17,015 : INFO : EventManager : Event: ======'machine_var_audits_switches_s_pop_bumper3'====== Args={'value': 100, 'prev_value': None, 'change': True}
2020-10-04 08:48:17,016 : INFO : EventManager : Event: ======'machine_var_audits_switches_s_right_flipper'====== Args={'value': 216, 'prev_value': None, 'change': True}
2020-10-04 08:48:17,017 : INFO : EventManager : Event: ======'machine_var_audits_switches_s_sling_L'====== Args={'value': 0, 'prev_value': None, 'change': True}
2020-10-04 08:48:17,018 : INFO : EventManager : Event: ======'machine_var_audits_switches_s_sling_R'====== Args={'value': 0, 'prev_value': None, 'change': True}
2020-10-04 08:48:17,019 : INFO : EventManager : Event: ======'machine_var_audits_switches_s_soul_L'====== Args={'value': 144, 'prev_value': None, 'change': True}
2020-10-04 08:48:17,019 : INFO : EventManager : Event: ======'machine_var_audits_switches_s_soul_O'====== Args={'value': 154, 'prev_value': None, 'change': True}
2020-10-04 08:48:17,020 : INFO : EventManager : Event: ======'machine_var_audits_switches_s_soul_S'====== Args={'value': 172, 'prev_value': None, 'change': True}
2020-10-04 08:48:17,021 : INFO : EventManager : Event: ======'machine_var_audits_switches_s_soul_U'====== Args={'value': 146, 'prev_value': None, 'change': True}
2020-10-04 08:48:17,022 : INFO : EventManager : Event: ======'machine_var_audits_switches_s_standUp_1'====== Args={'value': 0, 'prev_value': None, 'change': True}
2020-10-04 08:48:17,023 : INFO : EventManager : Event: ======'machine_var_audits_switches_s_standUp_2'====== Args={'value': 0, 'prev_value': None, 'change': True}
2020-10-04 08:48:17,024 : INFO : EventManager : Event: ======'machine_var_audits_switches_s_standUp_3'====== Args={'value': 0, 'prev_value': None, 'change': True}
2020-10-04 08:48:17,025 : INFO : EventManager : Event: ======'machine_var_audits_switches_s_standUp_R'====== Args={'value': 0, 'prev_value': None, 'change': True}
2020-10-04 08:48:17,026 : INFO : EventManager : Event: ======'machine_var_audits_switches_s_star_1'====== Args={'value': 0, 'prev_value': None, 'change': True}
2020-10-04 08:48:17,027 : INFO : EventManager : Event: ======'machine_var_audits_switches_s_star_2'====== Args={'value': 0, 'prev_value': None, 'change': True}
2020-10-04 08:48:17,029 : INFO : EventManager : Event: ======'machine_var_audits_switches_s_star_3'====== Args={'value': 0, 'prev_value': None, 'change': True}
2020-10-04 08:48:17,029 : INFO : EventManager : Event: ======'machine_var_audits_switches_s_start'====== Args={'value': 68, 'prev_value': None, 'change': True}
2020-10-04 08:48:17,030 : INFO : EventManager : Event: ======'machine_var_audits_switches_s_tilt'====== Args={'value': 0, 'prev_value': None, 'change': True}
2020-10-04 08:48:17,032 : INFO : EventManager : Event: ======'machine_var_audits_switches_s_trough1'====== Args={'value': 508, 'prev_value': None, 'change': True}
2020-10-04 08:48:17,033 : INFO : EventManager : Event: ======'machine_var_audits_switches_s_trough2'====== Args={'value': 72, 'prev_value': None, 'change': True}
2020-10-04 08:48:17,034 : INFO : EventManager : Event: ======'machine_var_audits_switches_s_trough_jam'====== Args={'value': 13, 'prev_value': None, 'change': True}
2020-10-04 08:48:17,035 : INFO : EventManager : Event: ======'init_phase_5'====== Args={}
2020-10-04 08:48:17,066 : INFO : EventManager : Event: ======'init_done'====== Args={}
2020-10-04 08:48:17,066 : INFO : EventManager : Event: ======'machine_reset_phase_1'====== Args={}
2020-10-04 08:48:17,079 : INFO : EventManager : Event: ======'slide_welcome_slide_removed'====== Args={'_from_bcp': True}
2020-10-04 08:48:17,084 : INFO : EventManager : Event: ======'slide_welcome_slide_created'====== Args={'_from_bcp': True}
2020-10-04 08:48:17,087 : INFO : EventManager : Event: ======'machine_reset_phase_2'====== Args={}
2020-10-04 08:48:17,088 : INFO : EventManager : Event: ======'machine_reset_phase_3'====== Args={}
2020-10-04 08:48:17,088 : INFO : drop_target_bank.cup_bank : All targets are already up. Will not reset bank.
2020-10-04 08:48:17,088 : INFO : drop_target_bank.mug_bank : All targets are already up. Will not reset bank.
2020-10-04 08:48:17,089 : INFO : EventManager : Event: ======'reset_complete'====== Args={}
2020-10-04 08:48:17,090 : INFO : EventManager : Event: ======'mode_attract_will_start'====== Args={}
2020-10-04 08:48:17,092 : INFO : EventManager : Event: ======'mode_attract_starting'====== Args={}
2020-10-04 08:48:17,092 : INFO : Mode.attract : Started. Priority: 10
2020-10-04 08:48:17,092 : INFO : EventManager : Event: ======'modes_active_modes_changed'====== Args={}
2020-10-04 08:48:17,093 : INFO : EventManager : Event: ======'mode_attract_started'====== Args={}
2020-10-04 08:48:17,097 : INFO : EventManager : Event: ======'collecting_balls_complete'====== Args={}
2020-10-04 08:48:17,098 : INFO : EventManager : Event: ======'slide_welcome_slide_active'====== Args={'_from_bcp': True}
2020-10-04 08:48:17,153 : INFO : EventManager : Event: ======'slide_awesome_slide_created'====== Args={'_from_bcp': True}
2020-10-04 08:48:17,153 : INFO : EventManager : Event: ======'slide_awesome_slide_active'====== Args={'_from_bcp': True}
2020-10-04 08:48:17,153 : INFO : Machine : Starting the main run loop.
2020-10-04 08:48:17,470 : INFO : BcpServer : New client connected.
2020-10-04 08:48:17,992 : INFO : SwitchController : <<<<<<< 's_start' active >>>>>>>
2020-10-04 08:48:18,208 : INFO : SwitchController : <<<<<<< 's_start' inactive >>>>>>>
2020-10-04 08:48:18,208 : INFO : EventManager : Event: ======'request_to_start_game'====== Args={}
2020-10-04 08:48:18,209 : INFO : EventManager : Event: ======'game_start'====== Args={'buttons': [], 'hold_time': 0.21899999998277053}
2020-10-04 08:48:18,210 : INFO : EventManager : Event: ======'mode_game_will_start'====== Args={'buttons': [], 'hold_time': 0.21899999998277053}
2020-10-04 08:48:18,211 : INFO : EventManager : Event: ======'mode_game_starting'====== Args={'buttons': [], 'hold_time': 0.21899999998277053}
2020-10-04 08:48:18,212 : INFO : EventManager : Event: ======'mode_attract_will_stop'====== Args={}
2020-10-04 08:48:18,213 : INFO : EventManager : Event: ======'mode_attract_stopping'====== Args={}
2020-10-04 08:48:18,213 : INFO : Mode.attract : Stopped.
2020-10-04 08:48:18,213 : INFO : EventManager : Event: ======'modes_active_modes_changed'====== Args={}
2020-10-04 08:48:18,216 : INFO : EventManager : Event: ======'mode_attract_stopped'====== Args={}
2020-10-04 08:48:18,217 : INFO : EventManager : Event: ======'clear'====== Args={'key': 'attract'}
2020-10-04 08:48:18,217 : INFO : Mode.game : Started. Priority: 20
2020-10-04 08:48:18,218 : INFO : EventManager : Event: ======'modes_active_modes_changed'====== Args={}
2020-10-04 08:48:18,218 : INFO : EventManager : Event: ======'mode_game_started'====== Args={'buttons': [], 'hold_time': 0.21899999998277053}
2020-10-04 08:48:18,260 : INFO : EventManager : Event: ======'game_will_start'====== Args={}
2020-10-04 08:48:18,262 : INFO : EventManager : Event: ======'slide_awesome_slide_removed'====== Args={'_from_bcp': True}
2020-10-04 08:48:18,262 : INFO : EventManager : Event: ======'slide_welcome_slide_active'====== Args={'_from_bcp': True}
2020-10-04 08:48:18,272 : INFO : EventManager : Event: ======'game_starting'====== Args={'game': <Mode.game>}
2020-10-04 08:48:18,273 : INFO : EventManager : Event: ======'player_add_request'====== Args={}
2020-10-04 08:48:18,273 : INFO : EventManager : Event: ======'player_will_add'====== Args={'number': 1}
2020-10-04 08:48:18,274 : INFO : EventManager : Event: ======'player_adding'====== Args={'player': <Player 1>, 'number': 1}
2020-10-04 08:48:18,276 : INFO : EventManager : Event: ======'player_added'====== Args={'player': <Player 1>, 'num': 1}
2020-10-04 08:48:18,278 : INFO : Mode.game : Player added successfully. Total players: 1
2020-10-04 08:48:18,278 : INFO : EventManager : Event: ======'player_index'====== Args={'value': 0, 'prev_value': 0, 'change': 0, 'player_num': 1}
2020-10-04 08:48:18,279 : INFO : EventManager : Event: ======'player_number'====== Args={'value': 1, 'prev_value': 1, 'change': 0, 'player_num': 1}
2020-10-04 08:48:18,280 : INFO : EventManager : Event: ======'player_bonus_multiplier'====== Args={'value': 1, 'prev_value': 1, 'change': 0, 'player_num': 1}
2020-10-04 08:48:18,281 : INFO : EventManager : Event: ======'player_score'====== Args={'value': 0, 'prev_value': 0, 'change': 0, 'player_num': 1}
2020-10-04 08:48:18,282 : INFO : EventManager : Event: ======'game_started'====== Args={}
2020-10-04 08:48:18,315 : INFO : EventManager : Event: ======'player_turn_will_start'====== Args={'player': <Player 1>, 'number': 1}
2020-10-04 08:48:18,317 : INFO : EventManager : Event: ======'player_turn_starting'====== Args={'player': <Player 1>, 'number': 1}
2020-10-04 08:48:18,318 : INFO : EventManager : Event: ======'player_ball'====== Args={'value': 1, 'prev_value': 0, 'change': 1, 'player_num': 1}
2020-10-04 08:48:18,320 : INFO : EventManager : Event: ======'player_turn_started'====== Args={'player': <Player 1>, 'number': 1}
2020-10-04 08:48:18,321 : INFO : EventManager : Event: ======'ball_will_start'====== Args={'player': 1, 'ball': 1, 'balls_remaining': 4, 'is_extra_ball': False}
2020-10-04 08:48:18,340 : INFO : EventManager : Event: ======'ball_starting'====== Args={'player': 1, 'ball': 1, 'balls_remaining': 4, 'is_extra_ball': False}
2020-10-04 08:48:18,342 : INFO : EventManager : Event: ======'mode_base_will_start'====== Args={'queue': <QueuedEvent>, 'player': 1, 'ball': 1, 'balls_remaining': 4, 'is_extra_ball': False}
2020-10-04 08:48:18,349 : INFO : EventManager : Event: ======'mode_base_starting'====== Args={'queue': <QueuedEvent>, 'player': 1, 'ball': 1, 'balls_remaining': 4, 'is_extra_ball': False}
2020-10-04 08:48:18,350 : INFO : drop_target_bank.cup_bank : All targets are already up. Will not reset bank.
2020-10-04 08:48:18,350 : INFO : drop_target_bank.mug_bank : All targets are already up. Will not reset bank.
2020-10-04 08:48:18,351 : INFO : EventManager : Event: ======'balls_in_play'====== Args={'balls': 1}
2020-10-04 08:48:18,351 : INFO : EventManager : Event: ======'ball_started'====== Args={'player': 1, 'ball': 1, 'balls_remaining': 4, 'is_extra_ball': False}
2020-10-04 08:48:18,353 : INFO : EventManager : Event: ======'logicblock_bonus_updated'====== Args={'value': 0, 'enabled': True}
2020-10-04 08:48:18,353 : INFO : EventManager : Event: ======'logicblock_bonus_updated'====== Args={'value': 0, 'enabled': True}
2020-10-04 08:48:18,354 : INFO : Mode.base : Started. Priority: 100
2020-10-04 08:48:18,354 : INFO : EventManager : Event: ======'modes_active_modes_changed'====== Args={}
2020-10-04 08:48:18,355 : INFO : EventManager : Event: ======'mode_base_started'====== Args={'queue': <QueuedEvent>, 'player': 1, 'ball': 1, 'balls_remaining': 4, 'is_extra_ball': False}
2020-10-04 08:48:18,356 : INFO : EventManager : Event: ======'mode_soulLanes_will_start'====== Args={'player': 1, 'ball': 1, 'balls_remaining': 4, 'is_extra_ball': False}
2020-10-04 08:48:18,357 : INFO : EventManager : Event: ======'player_shot_soul_S_enabled'====== Args={'value': True, 'prev_value': 0, 'change': 1, 'player_num': 1}
2020-10-04 08:48:18,360 : INFO : EventManager : Event: ======'player_shot_soul_O_enabled'====== Args={'value': True, 'prev_value': 0, 'change': 1, 'player_num': 1}
2020-10-04 08:48:18,362 : INFO : EventManager : Event: ======'player_shot_soul_U_enabled'====== Args={'value': True, 'prev_value': 0, 'change': 1, 'player_num': 1}
2020-10-04 08:48:18,364 : INFO : EventManager : Event: ======'player_shot_soul_L_enabled'====== Args={'value': True, 'prev_value': 0, 'change': 1, 'player_num': 1}
2020-10-04 08:48:18,366 : INFO : EventManager : Event: ======'soul_lanes_complete'====== Args={'state': 'unlit'}
2020-10-04 08:48:18,366 : INFO : EventManager : Event: ======'soul_lanes_unlit_complete'====== Args={}
2020-10-04 08:48:18,371 : INFO : EventManager : Event: ======'mode_soulLanes_starting'====== Args={'player': 1, 'ball': 1, 'balls_remaining': 4, 'is_extra_ball': False}
2020-10-04 08:48:18,379 : INFO : EventManager : Event: ======'logicblock_soul_complete_count_updated'====== Args={'value': 1, 'enabled': True}
2020-10-04 08:48:18,379 : INFO : EventManager : Event: ======'logicblock_soul_complete_count_updated'====== Args={'value': 1, 'enabled': True}
2020-10-04 08:48:18,380 : INFO : Mode.soulLanes : Started. Priority: 110
2020-10-04 08:48:18,380 : INFO : EventManager : Event: ======'modes_active_modes_changed'====== Args={}
2020-10-04 08:48:18,381 : INFO : EventManager : Event: ======'mode_soulLanes_started'====== Args={'player': 1, 'ball': 1, 'balls_remaining': 4, 'is_extra_ball': False}
2020-10-04 08:48:18,381 : INFO : EventManager : Event: ======'single_player_ball_started'====== Args={}
2020-10-04 08:48:18,468 : INFO : ball_device.bd_plunger : Setting up player-controlled eject. Balls: 1, Target: <playfield.playfield>, player_controlled_eject_event: None
2020-10-04 08:48:18,469 : INFO : EventManager : Event: ======'balldevice_balls_available'====== Args={}
2020-10-04 08:48:18,537 : INFO : EventManager : Event: ======'slide_base.slide_player-mode_base_started_created'====== Args={'_from_bcp': True}
2020-10-04 08:48:18,539 : INFO : EventManager : Event: ======'slide_base.slide_player-mode_base_started_active'====== Args={'_from_bcp': True}
2020-10-04 08:48:18,542 : INFO : ball_device.bd_trough : State: waiting_for_target_ready
2020-10-04 08:48:18,546 : INFO : EventManager : Event: ======'balldevice_bd_trough_ball_eject_attempt'====== Args={'balls': 1, 'target': <ball_device.bd_plunger>, 'source': <ball_device.bd_trough>, 'mechanical_eject': True, 'num_attempts': 0}
2020-10-04 08:48:18,547 : INFO : ball_device.bd_plunger : State: waiting_for_ball
2020-10-04 08:48:18,548 : INFO : ball_device.bd_trough : State: ejecting
2020-10-04 08:48:18,549 : INFO : ball_device.bd_trough : Ejecting ball to <ball_device.bd_plunger>
2020-10-04 08:48:18,549 : INFO : EventManager : Event: ======'balldevice_bd_trough_ejecting_ball'====== Args={'balls': 1, 'target': <ball_device.bd_plunger>, 'source': <ball_device.bd_trough>, 'mechanical_eject': True, 'num_attempts': 0}
2020-10-04 08:48:18,551 : INFO : ball_device.bd_trough : Wait for ball to leave device
2020-10-04 08:48:18,552 : INFO : coil.c_trough_eject : Pulsing Driver for 20ms (1.0 pulse_power)
2020-10-04 08:48:18,553 : INFO : SwitchController : <<<<<<< 's_trough1' inactive >>>>>>>
2020-10-04 08:48:18,576 : INFO : ball_device.bd_trough : State: ball_left
2020-10-04 08:48:18,577 : INFO : ball_device.bd_trough : Ball left
2020-10-04 08:48:18,577 : INFO : ball_device.bd_trough : Wait for confirm with timeout 10.0
2020-10-04 08:48:18,638 : INFO : SwitchController : <<<<<<< 's_plunger' active >>>>>>>
2020-10-04 08:48:18,638 : INFO : EventManager : Event: ======'machine_var_audits_switches_s_plunger'====== Args={'value': 550, 'prev_value': 549, 'change': 1}
2020-10-04 08:48:19,149 : INFO : ball_device.bd_plunger : Received ball from <ball_device.bd_trough>
2020-10-04 08:48:19,150 : INFO : EventManager : Event: ======'balldevice_bd_plunger_ball_enter'====== Args={'new_balls': 1, 'unclaimed_balls': 0, 'new_available_balls': 0, 'device': <ball_device.bd_plunger>}
2020-10-04 08:48:19,151 : INFO : EventManager : Event: ======'balldevice_bd_plunger_ball_entered'====== Args={'new_balls': 0, 'device': <ball_device.bd_plunger>}
2020-10-04 08:48:19,152 : INFO : EventManager : Event: ======'balldevice_bd_plunger_ball_count_changed'====== Args={'balls': 1}
2020-10-04 08:48:19,152 : INFO : ball_device.bd_trough : Got eject confirm
2020-10-04 08:48:19,152 : INFO : ball_device.bd_trough : Eject successful
2020-10-04 08:48:19,153 : INFO : EventManager : Event: ======'balldevice_bd_trough_ball_eject_success'====== Args={'balls': 1, 'target': <ball_device.bd_plunger>}
2020-10-04 08:48:19,154 : INFO : EventManager : Event: ======'balldevice_bd_trough_ball_count_changed'====== Args={'balls': 1}
2020-10-04 08:48:19,155 : INFO : ball_device.bd_trough : State: idle
2020-10-04 08:48:19,156 : INFO : ball_device.bd_plunger : State: waiting_for_target_ready
2020-10-04 08:48:19,157 : INFO : EventManager : Event: ======'balldevice_bd_plunger_ball_eject_attempt'====== Args={'balls': 1, 'target': <playfield.playfield>, 'source': <ball_device.bd_plunger>, 'mechanical_eject': True, 'num_attempts': 0}
2020-10-04 08:48:19,158 : INFO : ball_device.bd_plunger : State: ejecting
2020-10-04 08:48:19,159 : INFO : ball_device.bd_plunger : Ejecting ball to <playfield.playfield>
2020-10-04 08:48:19,160 : INFO : EventManager : Event: ======'balldevice_bd_plunger_ejecting_ball'====== Args={'balls': 1, 'target': <playfield.playfield>, 'source': <ball_device.bd_plunger>, 'mechanical_eject': True, 'num_attempts': 0}
2020-10-04 08:48:19,162 : INFO : ball_device.bd_plunger : Wait for ball to leave device
2020-10-04 08:48:19,836 : INFO : SwitchController : <<<<<<< 's_soul_S' active >>>>>>>
2020-10-04 08:48:19,836 : INFO : EventManager : Event: ======'s_soul_S_active'====== Args={}
2020-10-04 08:48:19,837 : INFO : EventManager : Event: ======'machine_var_audits_switches_s_soul_S'====== Args={'value': 173, 'prev_value': 172, 'change': 1}
2020-10-04 08:48:19,850 : INFO : EventManager : Event: ======'playfield_active'====== Args={}
2020-10-04 08:48:19,855 : INFO : EventManager : Event: ======'player_shot_soul_S'====== Args={'value': 1, 'prev_value': 0, 'change': 1, 'player_num': 1}
2020-10-04 08:48:19,857 : INFO : EventManager : Event: ======'machine_var_audits_shots_soul_S'====== Args={'value': 173, 'prev_value': 172, 'change': 1}
2020-10-04 08:48:19,858 : INFO : EventManager : Event: ======'soul_S_hit'====== Args={'profile': 'default', 'state': 'unlit', 'advancing': True}
2020-10-04 08:48:19,858 : INFO : EventManager : Event: ======'soul_S_default_hit'====== Args={'profile': 'default', 'state': 'unlit', 'advancing': True}
2020-10-04 08:48:19,859 : INFO : EventManager : Event: ======'soul_S_default_unlit_hit'====== Args={'profile': 'default', 'state': 'unlit', 'advancing': True}
2020-10-04 08:48:19,860 : INFO : EventManager : Event: ======'soul_S_unlit_hit'====== Args={'profile': 'default', 'state': 'unlit', 'advancing': True}
2020-10-04 08:48:19,860 : INFO : EventManager : Event: ======'player_score'====== Args={'value': 10, 'prev_value': 0, 'change': 10, 'player_num': 1}
2020-10-04 08:48:19,861 : INFO : EventManager : Event: ======'soul_lanes_hit'====== Args={}
2020-10-04 08:48:19,861 : INFO : EventManager : Event: ======'soul_lanes_unlit_hit'====== Args={}
2020-10-04 08:48:20,037 : INFO : SwitchController : <<<<<<< 's_soul_S' inactive >>>>>>>
2020-10-04 08:48:21,118 : INFO : SwitchController : <<<<<<< 's_soul_O' active >>>>>>>
2020-10-04 08:48:21,119 : INFO : EventManager : Event: ======'s_soul_O_active'====== Args={}
2020-10-04 08:48:21,119 : INFO : EventManager : Event: ======'machine_var_audits_switches_s_soul_O'====== Args={'value': 155, 'prev_value': 154, 'change': 1}
2020-10-04 08:48:21,122 : INFO : EventManager : Event: ======'playfield_active'====== Args={}
2020-10-04 08:48:21,123 : INFO : EventManager : Event: ======'player_shot_soul_O'====== Args={'value': 1, 'prev_value': 0, 'change': 1, 'player_num': 1}
2020-10-04 08:48:21,124 : INFO : EventManager : Event: ======'machine_var_audits_shots_soul_O'====== Args={'value': 150, 'prev_value': 149, 'change': 1}
2020-10-04 08:48:21,126 : INFO : EventManager : Event: ======'soul_O_hit'====== Args={'profile': 'default', 'state': 'unlit', 'advancing': True}
2020-10-04 08:48:21,127 : INFO : EventManager : Event: ======'soul_O_default_hit'====== Args={'profile': 'default', 'state': 'unlit', 'advancing': True}
2020-10-04 08:48:21,127 : INFO : EventManager : Event: ======'soul_O_default_unlit_hit'====== Args={'profile': 'default', 'state': 'unlit', 'advancing': True}
2020-10-04 08:48:21,128 : INFO : EventManager : Event: ======'soul_O_unlit_hit'====== Args={'profile': 'default', 'state': 'unlit', 'advancing': True}
2020-10-04 08:48:21,128 : INFO : EventManager : Event: ======'player_score'====== Args={'value': 20, 'prev_value': 10, 'change': 10, 'player_num': 1}
2020-10-04 08:48:21,129 : INFO : EventManager : Event: ======'soul_lanes_hit'====== Args={}
2020-10-04 08:48:21,130 : INFO : EventManager : Event: ======'soul_lanes_unlit_hit'====== Args={}
2020-10-04 08:48:21,295 : INFO : SwitchController : <<<<<<< 's_soul_O' inactive >>>>>>>
2020-10-04 08:48:21,846 : INFO : SwitchController : <<<<<<< 's_soul_U' active >>>>>>>
2020-10-04 08:48:21,847 : INFO : EventManager : Event: ======'s_soul_U_active'====== Args={}
2020-10-04 08:48:21,847 : INFO : EventManager : Event: ======'machine_var_audits_switches_s_soul_U'====== Args={'value': 147, 'prev_value': 146, 'change': 1}
2020-10-04 08:48:21,849 : INFO : EventManager : Event: ======'playfield_active'====== Args={}
2020-10-04 08:48:21,850 : INFO : EventManager : Event: ======'player_shot_soul_U'====== Args={'value': 1, 'prev_value': 0, 'change': 1, 'player_num': 1}
2020-10-04 08:48:21,851 : INFO : EventManager : Event: ======'machine_var_audits_shots_soul_U'====== Args={'value': 147, 'prev_value': 146, 'change': 1}
2020-10-04 08:48:21,853 : INFO : EventManager : Event: ======'soul_U_hit'====== Args={'profile': 'default', 'state': 'unlit', 'advancing': True}
2020-10-04 08:48:21,853 : INFO : EventManager : Event: ======'soul_U_default_hit'====== Args={'profile': 'default', 'state': 'unlit', 'advancing': True}
2020-10-04 08:48:21,854 : INFO : EventManager : Event: ======'soul_U_default_unlit_hit'====== Args={'profile': 'default', 'state': 'unlit', 'advancing': True}
2020-10-04 08:48:21,854 : INFO : EventManager : Event: ======'soul_U_unlit_hit'====== Args={'profile': 'default', 'state': 'unlit', 'advancing': True}
2020-10-04 08:48:21,855 : INFO : EventManager : Event: ======'player_score'====== Args={'value': 30, 'prev_value': 20, 'change': 10, 'player_num': 1}
2020-10-04 08:48:21,856 : INFO : EventManager : Event: ======'soul_lanes_hit'====== Args={}
2020-10-04 08:48:21,856 : INFO : EventManager : Event: ======'soul_lanes_unlit_hit'====== Args={}
2020-10-04 08:48:22,010 : INFO : SwitchController : <<<<<<< 's_soul_U' inactive >>>>>>>
2020-10-04 08:48:22,899 : INFO : SwitchController : <<<<<<< 's_soul_L' active >>>>>>>
2020-10-04 08:48:22,899 : INFO : EventManager : Event: ======'s_soul_L_active'====== Args={}
2020-10-04 08:48:22,900 : INFO : EventManager : Event: ======'machine_var_audits_switches_s_soul_L'====== Args={'value': 145, 'prev_value': 144, 'change': 1}
2020-10-04 08:48:22,901 : INFO : EventManager : Event: ======'playfield_active'====== Args={}
2020-10-04 08:48:22,902 : INFO : EventManager : Event: ======'player_shot_soul_L'====== Args={'value': 1, 'prev_value': 0, 'change': 1, 'player_num': 1}
2020-10-04 08:48:22,904 : INFO : EventManager : Event: ======'machine_var_audits_shots_soul_L'====== Args={'value': 144, 'prev_value': 143, 'change': 1}
2020-10-04 08:48:22,905 : INFO : EventManager : Event: ======'soul_L_hit'====== Args={'profile': 'default', 'state': 'unlit', 'advancing': True}
2020-10-04 08:48:22,906 : INFO : EventManager : Event: ======'soul_L_default_hit'====== Args={'profile': 'default', 'state': 'unlit', 'advancing': True}
2020-10-04 08:48:22,907 : INFO : EventManager : Event: ======'soul_L_default_unlit_hit'====== Args={'profile': 'default', 'state': 'unlit', 'advancing': True}
2020-10-04 08:48:22,907 : INFO : EventManager : Event: ======'soul_L_unlit_hit'====== Args={'profile': 'default', 'state': 'unlit', 'advancing': True}
2020-10-04 08:48:22,908 : INFO : EventManager : Event: ======'player_score'====== Args={'value': 40, 'prev_value': 30, 'change': 10, 'player_num': 1}
2020-10-04 08:48:22,909 : INFO : EventManager : Event: ======'soul_lanes_complete'====== Args={'state': 'lit'}
2020-10-04 08:48:22,910 : INFO : EventManager : Event: ======'soul_lanes_lit_complete'====== Args={}
2020-10-04 08:48:22,911 : INFO : EventManager : Event: ======'soul_lanes_hit'====== Args={}
2020-10-04 08:48:22,911 : INFO : EventManager : Event: ======'soul_lanes_unlit_hit'====== Args={}
2020-10-04 08:48:22,912 : INFO : EventManager : Event: ======'player_score'====== Args={'value': 1040, 'prev_value': 40, 'change': 1000, 'player_num': 1}
2020-10-04 08:48:22,913 : INFO : EventManager : Event: ======'logicblock_soul_complete_count_updated'====== Args={'value': 2, 'enabled': True}
2020-10-04 08:48:22,913 : INFO : EventManager : Event: ======'soul_lanes_done'====== Args={'count': 2}
2020-10-04 08:48:22,915 : INFO : EventManager : Event: ======'player_bonus_multiplier'====== Args={'value': 2, 'prev_value': 1, 'change': 1, 'player_num': 1}
2020-10-04 08:48:23,101 : INFO : SwitchController : <<<<<<< 's_soul_L' inactive >>>>>>>
2020-10-04 08:48:23,896 : INFO : EventManager : Event: ======'player_shot_soul_S'====== Args={'value': 0, 'prev_value': 1, 'change': -1, 'player_num': 1}
2020-10-04 08:48:23,898 : INFO : EventManager : Event: ======'player_shot_soul_O'====== Args={'value': 0, 'prev_value': 1, 'change': -1, 'player_num': 1}
2020-10-04 08:48:23,899 : INFO : EventManager : Event: ======'player_shot_soul_U'====== Args={'value': 0, 'prev_value': 1, 'change': -1, 'player_num': 1}
2020-10-04 08:48:23,901 : INFO : EventManager : Event: ======'player_shot_soul_L'====== Args={'value': 0, 'prev_value': 1, 'change': -1, 'player_num': 1}
2020-10-04 08:48:26,251 : INFO : SwitchController : <<<<<<< 's_soul_S' active >>>>>>>
2020-10-04 08:48:26,252 : INFO : EventManager : Event: ======'s_soul_S_active'====== Args={}
2020-10-04 08:48:26,252 : INFO : EventManager : Event: ======'machine_var_audits_switches_s_soul_S'====== Args={'value': 174, 'prev_value': 173, 'change': 1}
2020-10-04 08:48:26,254 : INFO : EventManager : Event: ======'playfield_active'====== Args={}
2020-10-04 08:48:26,255 : INFO : EventManager : Event: ======'player_shot_soul_S'====== Args={'value': 1, 'prev_value': 0, 'change': 1, 'player_num': 1}
2020-10-04 08:48:26,269 : INFO : EventManager : Event: ======'machine_var_audits_shots_soul_S'====== Args={'value': 174, 'prev_value': 173, 'change': 1}
2020-10-04 08:48:26,271 : INFO : EventManager : Event: ======'soul_S_hit'====== Args={'profile': 'default', 'state': 'unlit', 'advancing': True}
2020-10-04 08:48:26,271 : INFO : EventManager : Event: ======'soul_S_default_hit'====== Args={'profile': 'default', 'state': 'unlit', 'advancing': True}
2020-10-04 08:48:26,272 : INFO : EventManager : Event: ======'soul_S_default_unlit_hit'====== Args={'profile': 'default', 'state': 'unlit', 'advancing': True}
2020-10-04 08:48:26,272 : INFO : EventManager : Event: ======'soul_S_unlit_hit'====== Args={'profile': 'default', 'state': 'unlit', 'advancing': True}
2020-10-04 08:48:26,273 : INFO : EventManager : Event: ======'player_score'====== Args={'value': 1050, 'prev_value': 1040, 'change': 10, 'player_num': 1}
2020-10-04 08:48:26,274 : INFO : EventManager : Event: ======'soul_lanes_hit'====== Args={}
2020-10-04 08:48:26,274 : INFO : EventManager : Event: ======'soul_lanes_unlit_hit'====== Args={}
2020-10-04 08:48:26,471 : INFO : SwitchController : <<<<<<< 's_soul_S' inactive >>>>>>>
2020-10-04 08:48:27,012 : INFO : SwitchController : <<<<<<< 's_soul_O' active >>>>>>>
2020-10-04 08:48:27,012 : INFO : EventManager : Event: ======'s_soul_O_active'====== Args={}
2020-10-04 08:48:27,013 : INFO : EventManager : Event: ======'machine_var_audits_switches_s_soul_O'====== Args={'value': 156, 'prev_value': 155, 'change': 1}
2020-10-04 08:48:27,015 : INFO : EventManager : Event: ======'playfield_active'====== Args={}
2020-10-04 08:48:27,016 : INFO : EventManager : Event: ======'player_shot_soul_O'====== Args={'value': 1, 'prev_value': 0, 'change': 1, 'player_num': 1}
2020-10-04 08:48:27,018 : INFO : EventManager : Event: ======'machine_var_audits_shots_soul_O'====== Args={'value': 151, 'prev_value': 150, 'change': 1}
2020-10-04 08:48:27,019 : INFO : EventManager : Event: ======'soul_O_hit'====== Args={'profile': 'default', 'state': 'unlit', 'advancing': True}
2020-10-04 08:48:27,019 : INFO : EventManager : Event: ======'soul_O_default_hit'====== Args={'profile': 'default', 'state': 'unlit', 'advancing': True}
2020-10-04 08:48:27,020 : INFO : EventManager : Event: ======'soul_O_default_unlit_hit'====== Args={'profile': 'default', 'state': 'unlit', 'advancing': True}
2020-10-04 08:48:27,020 : INFO : EventManager : Event: ======'soul_O_unlit_hit'====== Args={'profile': 'default', 'state': 'unlit', 'advancing': True}
2020-10-04 08:48:27,021 : INFO : EventManager : Event: ======'player_score'====== Args={'value': 1060, 'prev_value': 1050, 'change': 10, 'player_num': 1}
2020-10-04 08:48:27,022 : INFO : EventManager : Event: ======'soul_lanes_hit'====== Args={}
2020-10-04 08:48:27,023 : INFO : EventManager : Event: ======'soul_lanes_unlit_hit'====== Args={}
2020-10-04 08:48:27,201 : INFO : SwitchController : <<<<<<< 's_soul_O' inactive >>>>>>>
2020-10-04 08:48:27,639 : INFO : SwitchController : <<<<<<< 's_soul_U' active >>>>>>>
2020-10-04 08:48:27,640 : INFO : EventManager : Event: ======'s_soul_U_active'====== Args={}
2020-10-04 08:48:27,641 : INFO : EventManager : Event: ======'machine_var_audits_switches_s_soul_U'====== Args={'value': 148, 'prev_value': 147, 'change': 1}
2020-10-04 08:48:27,643 : INFO : EventManager : Event: ======'playfield_active'====== Args={}
2020-10-04 08:48:27,643 : INFO : EventManager : Event: ======'player_shot_soul_U'====== Args={'value': 1, 'prev_value': 0, 'change': 1, 'player_num': 1}
2020-10-04 08:48:27,646 : INFO : EventManager : Event: ======'machine_var_audits_shots_soul_U'====== Args={'value': 148, 'prev_value': 147, 'change': 1}
2020-10-04 08:48:27,647 : INFO : EventManager : Event: ======'soul_U_hit'====== Args={'profile': 'default', 'state': 'unlit', 'advancing': True}
2020-10-04 08:48:27,648 : INFO : EventManager : Event: ======'soul_U_default_hit'====== Args={'profile': 'default', 'state': 'unlit', 'advancing': True}
2020-10-04 08:48:27,648 : INFO : EventManager : Event: ======'soul_U_default_unlit_hit'====== Args={'profile': 'default', 'state': 'unlit', 'advancing': True}
2020-10-04 08:48:27,649 : INFO : EventManager : Event: ======'soul_U_unlit_hit'====== Args={'profile': 'default', 'state': 'unlit', 'advancing': True}
2020-10-04 08:48:27,649 : INFO : EventManager : Event: ======'player_score'====== Args={'value': 1070, 'prev_value': 1060, 'change': 10, 'player_num': 1}
2020-10-04 08:48:27,650 : INFO : EventManager : Event: ======'soul_lanes_hit'====== Args={}
2020-10-04 08:48:27,651 : INFO : EventManager : Event: ======'soul_lanes_unlit_hit'====== Args={}
2020-10-04 08:48:27,847 : INFO : SwitchController : <<<<<<< 's_soul_U' inactive >>>>>>>
2020-10-04 08:48:28,900 : INFO : SwitchController : <<<<<<< 's_soul_L' active >>>>>>>
2020-10-04 08:48:28,901 : INFO : EventManager : Event: ======'s_soul_L_active'====== Args={}
2020-10-04 08:48:28,901 : INFO : EventManager : Event: ======'machine_var_audits_switches_s_soul_L'====== Args={'value': 146, 'prev_value': 145, 'change': 1}
2020-10-04 08:48:28,903 : INFO : EventManager : Event: ======'playfield_active'====== Args={}
2020-10-04 08:48:28,904 : INFO : EventManager : Event: ======'player_shot_soul_L'====== Args={'value': 1, 'prev_value': 0, 'change': 1, 'player_num': 1}
2020-10-04 08:48:28,905 : INFO : EventManager : Event: ======'machine_var_audits_shots_soul_L'====== Args={'value': 145, 'prev_value': 144, 'change': 1}
2020-10-04 08:48:28,907 : INFO : EventManager : Event: ======'soul_L_hit'====== Args={'profile': 'default', 'state': 'unlit', 'advancing': True}
2020-10-04 08:48:28,908 : INFO : EventManager : Event: ======'soul_L_default_hit'====== Args={'profile': 'default', 'state': 'unlit', 'advancing': True}
2020-10-04 08:48:28,909 : INFO : EventManager : Event: ======'soul_L_default_unlit_hit'====== Args={'profile': 'default', 'state': 'unlit', 'advancing': True}
2020-10-04 08:48:28,909 : INFO : EventManager : Event: ======'soul_L_unlit_hit'====== Args={'profile': 'default', 'state': 'unlit', 'advancing': True}
2020-10-04 08:48:28,910 : INFO : EventManager : Event: ======'player_score'====== Args={'value': 1080, 'prev_value': 1070, 'change': 10, 'player_num': 1}
2020-10-04 08:48:28,911 : INFO : EventManager : Event: ======'soul_lanes_complete'====== Args={'state': 'lit'}
2020-10-04 08:48:28,911 : INFO : EventManager : Event: ======'soul_lanes_lit_complete'====== Args={}
2020-10-04 08:48:28,912 : INFO : EventManager : Event: ======'soul_lanes_hit'====== Args={}
2020-10-04 08:48:28,912 : INFO : EventManager : Event: ======'soul_lanes_unlit_hit'====== Args={}
2020-10-04 08:48:28,913 : INFO : EventManager : Event: ======'player_score'====== Args={'value': 2080, 'prev_value': 1080, 'change': 1000, 'player_num': 1}
2020-10-04 08:48:28,914 : INFO : EventManager : Event: ======'logicblock_soul_complete_count_updated'====== Args={'value': 3, 'enabled': True}
2020-10-04 08:48:28,914 : INFO : EventManager : Event: ======'soul_lanes_done'====== Args={'count': 3}
2020-10-04 08:48:28,916 : INFO : EventManager : Event: ======'player_bonus_multiplier'====== Args={'value': 3, 'prev_value': 2, 'change': 1, 'player_num': 1}
2020-10-04 08:48:29,102 : INFO : SwitchController : <<<<<<< 's_soul_L' inactive >>>>>>>
2020-10-04 08:48:29,929 : INFO : EventManager : Event: ======'player_shot_soul_S'====== Args={'value': 0, 'prev_value': 1, 'change': -1, 'player_num': 1}
2020-10-04 08:48:29,930 : INFO : EventManager : Event: ======'player_shot_soul_O'====== Args={'value': 0, 'prev_value': 1, 'change': -1, 'player_num': 1}
2020-10-04 08:48:29,932 : INFO : EventManager : Event: ======'player_shot_soul_U'====== Args={'value': 0, 'prev_value': 1, 'change': -1, 'player_num': 1}
2020-10-04 08:48:29,933 : INFO : EventManager : Event: ======'player_shot_soul_L'====== Args={'value': 0, 'prev_value': 1, 'change': -1, 'player_num': 1}
2020-10-04 08:48:30,562 : INFO : SwitchController : <<<<<<< 's_soul_S' active >>>>>>>
2020-10-04 08:48:30,562 : INFO : EventManager : Event: ======'s_soul_S_active'====== Args={}
2020-10-04 08:48:30,563 : INFO : EventManager : Event: ======'machine_var_audits_switches_s_soul_S'====== Args={'value': 175, 'prev_value': 174, 'change': 1}
2020-10-04 08:48:30,565 : INFO : EventManager : Event: ======'playfield_active'====== Args={}
2020-10-04 08:48:30,571 : INFO : EventManager : Event: ======'player_shot_soul_S'====== Args={'value': 1, 'prev_value': 0, 'change': 1, 'player_num': 1}
2020-10-04 08:48:30,580 : INFO : EventManager : Event: ======'machine_var_audits_shots_soul_S'====== Args={'value': 175, 'prev_value': 174, 'change': 1}
2020-10-04 08:48:30,581 : INFO : EventManager : Event: ======'soul_S_hit'====== Args={'profile': 'default', 'state': 'unlit', 'advancing': True}
2020-10-04 08:48:30,582 : INFO : EventManager : Event: ======'soul_S_default_hit'====== Args={'profile': 'default', 'state': 'unlit', 'advancing': True}
2020-10-04 08:48:30,583 : INFO : EventManager : Event: ======'soul_S_default_unlit_hit'====== Args={'profile': 'default', 'state': 'unlit', 'advancing': True}
2020-10-04 08:48:30,583 : INFO : EventManager : Event: ======'soul_S_unlit_hit'====== Args={'profile': 'default', 'state': 'unlit', 'advancing': True}
2020-10-04 08:48:30,584 : INFO : EventManager : Event: ======'player_score'====== Args={'value': 2090, 'prev_value': 2080, 'change': 10, 'player_num': 1}
2020-10-04 08:48:30,584 : INFO : EventManager : Event: ======'soul_lanes_hit'====== Args={}
2020-10-04 08:48:30,585 : INFO : EventManager : Event: ======'soul_lanes_unlit_hit'====== Args={}
2020-10-04 08:48:30,755 : INFO : SwitchController : <<<<<<< 's_soul_S' inactive >>>>>>>
2020-10-04 08:48:31,194 : INFO : SwitchController : <<<<<<< 's_soul_O' active >>>>>>>
2020-10-04 08:48:31,195 : INFO : EventManager : Event: ======'s_soul_O_active'====== Args={}
2020-10-04 08:48:31,195 : INFO : EventManager : Event: ======'machine_var_audits_switches_s_soul_O'====== Args={'value': 157, 'prev_value': 156, 'change': 1}
2020-10-04 08:48:31,197 : INFO : EventManager : Event: ======'playfield_active'====== Args={}
2020-10-04 08:48:31,198 : INFO : EventManager : Event: ======'player_shot_soul_O'====== Args={'value': 1, 'prev_value': 0, 'change': 1, 'player_num': 1}
2020-10-04 08:48:31,199 : INFO : EventManager : Event: ======'machine_var_audits_shots_soul_O'====== Args={'value': 152, 'prev_value': 151, 'change': 1}
2020-10-04 08:48:31,200 : INFO : EventManager : Event: ======'soul_O_hit'====== Args={'profile': 'default', 'state': 'unlit', 'advancing': True}
2020-10-04 08:48:31,201 : INFO : EventManager : Event: ======'soul_O_default_hit'====== Args={'profile': 'default', 'state': 'unlit', 'advancing': True}
2020-10-04 08:48:31,202 : INFO : EventManager : Event: ======'soul_O_default_unlit_hit'====== Args={'profile': 'default', 'state': 'unlit', 'advancing': True}
2020-10-04 08:48:31,202 : INFO : EventManager : Event: ======'soul_O_unlit_hit'====== Args={'profile': 'default', 'state': 'unlit', 'advancing': True}
2020-10-04 08:48:31,203 : INFO : EventManager : Event: ======'player_score'====== Args={'value': 2100, 'prev_value': 2090, 'change': 10, 'player_num': 1}
2020-10-04 08:48:31,204 : INFO : EventManager : Event: ======'soul_lanes_hit'====== Args={}
2020-10-04 08:48:31,204 : INFO : EventManager : Event: ======'soul_lanes_unlit_hit'====== Args={}
2020-10-04 08:48:31,383 : INFO : SwitchController : <<<<<<< 's_soul_O' inactive >>>>>>>
2020-10-04 08:48:31,789 : INFO : SwitchController : <<<<<<< 's_soul_U' active >>>>>>>
2020-10-04 08:48:31,790 : INFO : EventManager : Event: ======'s_soul_U_active'====== Args={}
2020-10-04 08:48:31,790 : INFO : EventManager : Event: ======'machine_var_audits_switches_s_soul_U'====== Args={'value': 149, 'prev_value': 148, 'change': 1}
2020-10-04 08:48:31,792 : INFO : EventManager : Event: ======'playfield_active'====== Args={}
2020-10-04 08:48:31,793 : INFO : EventManager : Event: ======'player_shot_soul_U'====== Args={'value': 1, 'prev_value': 0, 'change': 1, 'player_num': 1}
2020-10-04 08:48:31,795 : INFO : EventManager : Event: ======'machine_var_audits_shots_soul_U'====== Args={'value': 149, 'prev_value': 148, 'change': 1}
2020-10-04 08:48:31,796 : INFO : EventManager : Event: ======'soul_U_hit'====== Args={'profile': 'default', 'state': 'unlit', 'advancing': True}
2020-10-04 08:48:31,797 : INFO : EventManager : Event: ======'soul_U_default_hit'====== Args={'profile': 'default', 'state': 'unlit', 'advancing': True}
2020-10-04 08:48:31,798 : INFO : EventManager : Event: ======'soul_U_default_unlit_hit'====== Args={'profile': 'default', 'state': 'unlit', 'advancing': True}
2020-10-04 08:48:31,798 : INFO : EventManager : Event: ======'soul_U_unlit_hit'====== Args={'profile': 'default', 'state': 'unlit', 'advancing': True}
2020-10-04 08:48:31,799 : INFO : EventManager : Event: ======'player_score'====== Args={'value': 2110, 'prev_value': 2100, 'change': 10, 'player_num': 1}
2020-10-04 08:48:31,800 : INFO : EventManager : Event: ======'soul_lanes_hit'====== Args={}
2020-10-04 08:48:31,800 : INFO : EventManager : Event: ======'soul_lanes_unlit_hit'====== Args={}
2020-10-04 08:48:31,968 : INFO : SwitchController : <<<<<<< 's_soul_U' inactive >>>>>>>
2020-10-04 08:48:32,626 : INFO : SwitchController : <<<<<<< 's_soul_L' active >>>>>>>
2020-10-04 08:48:32,627 : INFO : EventManager : Event: ======'s_soul_L_active'====== Args={}
2020-10-04 08:48:32,627 : INFO : EventManager : Event: ======'machine_var_audits_switches_s_soul_L'====== Args={'value': 147, 'prev_value': 146, 'change': 1}
2020-10-04 08:48:32,629 : INFO : EventManager : Event: ======'playfield_active'====== Args={}
2020-10-04 08:48:32,630 : INFO : EventManager : Event: ======'player_shot_soul_L'====== Args={'value': 1, 'prev_value': 0, 'change': 1, 'player_num': 1}
2020-10-04 08:48:32,631 : INFO : EventManager : Event: ======'machine_var_audits_shots_soul_L'====== Args={'value': 146, 'prev_value': 145, 'change': 1}
2020-10-04 08:48:32,633 : INFO : EventManager : Event: ======'soul_L_hit'====== Args={'profile': 'default', 'state': 'unlit', 'advancing': True}
2020-10-04 08:48:32,633 : INFO : EventManager : Event: ======'soul_L_default_hit'====== Args={'profile': 'default', 'state': 'unlit', 'advancing': True}
2020-10-04 08:48:32,634 : INFO : EventManager : Event: ======'soul_L_default_unlit_hit'====== Args={'profile': 'default', 'state': 'unlit', 'advancing': True}
2020-10-04 08:48:32,634 : INFO : EventManager : Event: ======'soul_L_unlit_hit'====== Args={'profile': 'default', 'state': 'unlit', 'advancing': True}
2020-10-04 08:48:32,635 : INFO : EventManager : Event: ======'player_score'====== Args={'value': 2120, 'prev_value': 2110, 'change': 10, 'player_num': 1}
2020-10-04 08:48:32,636 : INFO : EventManager : Event: ======'soul_lanes_complete'====== Args={'state': 'lit'}
2020-10-04 08:48:32,637 : INFO : EventManager : Event: ======'soul_lanes_lit_complete'====== Args={}
2020-10-04 08:48:32,637 : INFO : EventManager : Event: ======'soul_lanes_hit'====== Args={}
2020-10-04 08:48:32,638 : INFO : EventManager : Event: ======'soul_lanes_unlit_hit'====== Args={}
2020-10-04 08:48:32,638 : INFO : EventManager : Event: ======'player_score'====== Args={'value': 3120, 'prev_value': 2120, 'change': 1000, 'player_num': 1}
2020-10-04 08:48:32,639 : INFO : EventManager : Event: ======'logicblock_soul_complete_count_updated'====== Args={'value': 4, 'enabled': True}
2020-10-04 08:48:32,640 : INFO : EventManager : Event: ======'soul_lanes_done'====== Args={'count': 4}
2020-10-04 08:48:32,642 : INFO : EventManager : Event: ======'player_bonus_multiplier'====== Args={'value': 4, 'prev_value': 3, 'change': 1, 'player_num': 1}
2020-10-04 08:48:32,851 : INFO : SwitchController : <<<<<<< 's_soul_L' inactive >>>>>>>
2020-10-04 08:48:33,651 : INFO : EventManager : Event: ======'player_shot_soul_S'====== Args={'value': 0, 'prev_value': 1, 'change': -1, 'player_num': 1}
2020-10-04 08:48:33,653 : INFO : EventManager : Event: ======'player_shot_soul_O'====== Args={'value': 0, 'prev_value': 1, 'change': -1, 'player_num': 1}
2020-10-04 08:48:33,655 : INFO : EventManager : Event: ======'player_shot_soul_U'====== Args={'value': 0, 'prev_value': 1, 'change': -1, 'player_num': 1}
2020-10-04 08:48:33,656 : INFO : EventManager : Event: ======'player_shot_soul_L'====== Args={'value': 0, 'prev_value': 1, 'change': -1, 'player_num': 1}
2020-10-04 08:48:33,876 : INFO : SwitchController : <<<<<<< 's_soul_S' active >>>>>>>
2020-10-04 08:48:33,877 : INFO : EventManager : Event: ======'s_soul_S_active'====== Args={}
2020-10-04 08:48:33,877 : INFO : EventManager : Event: ======'machine_var_audits_switches_s_soul_S'====== Args={'value': 176, 'prev_value': 175, 'change': 1}
2020-10-04 08:48:33,884 : INFO : EventManager : Event: ======'playfield_active'====== Args={}
2020-10-04 08:48:33,891 : INFO : EventManager : Event: ======'player_shot_soul_S'====== Args={'value': 1, 'prev_value': 0, 'change': 1, 'player_num': 1}
2020-10-04 08:48:33,894 : INFO : EventManager : Event: ======'machine_var_audits_shots_soul_S'====== Args={'value': 176, 'prev_value': 175, 'change': 1}
2020-10-04 08:48:33,896 : INFO : EventManager : Event: ======'soul_S_hit'====== Args={'profile': 'default', 'state': 'unlit', 'advancing': True}
2020-10-04 08:48:33,896 : INFO : EventManager : Event: ======'soul_S_default_hit'====== Args={'profile': 'default', 'state': 'unlit', 'advancing': True}
2020-10-04 08:48:33,897 : INFO : EventManager : Event: ======'soul_S_default_unlit_hit'====== Args={'profile': 'default', 'state': 'unlit', 'advancing': True}
2020-10-04 08:48:33,898 : INFO : EventManager : Event: ======'soul_S_unlit_hit'====== Args={'profile': 'default', 'state': 'unlit', 'advancing': True}
2020-10-04 08:48:33,898 : INFO : EventManager : Event: ======'player_score'====== Args={'value': 3130, 'prev_value': 3120, 'change': 10, 'player_num': 1}
2020-10-04 08:48:33,899 : INFO : EventManager : Event: ======'soul_lanes_hit'====== Args={}
2020-10-04 08:48:33,899 : INFO : EventManager : Event: ======'soul_lanes_unlit_hit'====== Args={}
2020-10-04 08:48:34,102 : INFO : SwitchController : <<<<<<< 's_soul_S' inactive >>>>>>>
2020-10-04 08:48:34,477 : INFO : SwitchController : <<<<<<< 's_soul_O' active >>>>>>>
2020-10-04 08:48:34,477 : INFO : EventManager : Event: ======'s_soul_O_active'====== Args={}
2020-10-04 08:48:34,478 : INFO : EventManager : Event: ======'machine_var_audits_switches_s_soul_O'====== Args={'value': 158, 'prev_value': 157, 'change': 1}
2020-10-04 08:48:34,480 : INFO : EventManager : Event: ======'playfield_active'====== Args={}
2020-10-04 08:48:34,481 : INFO : EventManager : Event: ======'player_shot_soul_O'====== Args={'value': 1, 'prev_value': 0, 'change': 1, 'player_num': 1}
2020-10-04 08:48:34,482 : INFO : EventManager : Event: ======'machine_var_audits_shots_soul_O'====== Args={'value': 153, 'prev_value': 152, 'change': 1}
2020-10-04 08:48:34,483 : INFO : EventManager : Event: ======'soul_O_hit'====== Args={'profile': 'default', 'state': 'unlit', 'advancing': True}
2020-10-04 08:48:34,484 : INFO : EventManager : Event: ======'soul_O_default_hit'====== Args={'profile': 'default', 'state': 'unlit', 'advancing': True}
2020-10-04 08:48:34,484 : INFO : EventManager : Event: ======'soul_O_default_unlit_hit'====== Args={'profile': 'default', 'state': 'unlit', 'advancing': True}
2020-10-04 08:48:34,485 : INFO : EventManager : Event: ======'soul_O_unlit_hit'====== Args={'profile': 'default', 'state': 'unlit', 'advancing': True}
2020-10-04 08:48:34,486 : INFO : EventManager : Event: ======'player_score'====== Args={'value': 3140, 'prev_value': 3130, 'change': 10, 'player_num': 1}
2020-10-04 08:48:34,487 : INFO : EventManager : Event: ======'soul_lanes_hit'====== Args={}
2020-10-04 08:48:34,487 : INFO : EventManager : Event: ======'soul_lanes_unlit_hit'====== Args={}
2020-10-04 08:48:34,677 : INFO : SwitchController : <<<<<<< 's_soul_O' inactive >>>>>>>
2020-10-04 08:48:34,955 : INFO : SwitchController : <<<<<<< 's_soul_U' active >>>>>>>
2020-10-04 08:48:34,955 : INFO : EventManager : Event: ======'s_soul_U_active'====== Args={}
2020-10-04 08:48:34,956 : INFO : EventManager : Event: ======'machine_var_audits_switches_s_soul_U'====== Args={'value': 150, 'prev_value': 149, 'change': 1}
2020-10-04 08:48:34,958 : INFO : EventManager : Event: ======'playfield_active'====== Args={}
2020-10-04 08:48:34,958 : INFO : EventManager : Event: ======'player_shot_soul_U'====== Args={'value': 1, 'prev_value': 0, 'change': 1, 'player_num': 1}
2020-10-04 08:48:34,960 : INFO : EventManager : Event: ======'machine_var_audits_shots_soul_U'====== Args={'value': 150, 'prev_value': 149, 'change': 1}
2020-10-04 08:48:34,962 : INFO : EventManager : Event: ======'soul_U_hit'====== Args={'profile': 'default', 'state': 'unlit', 'advancing': True}
2020-10-04 08:48:34,962 : INFO : EventManager : Event: ======'soul_U_default_hit'====== Args={'profile': 'default', 'state': 'unlit', 'advancing': True}
2020-10-04 08:48:34,963 : INFO : EventManager : Event: ======'soul_U_default_unlit_hit'====== Args={'profile': 'default', 'state': 'unlit', 'advancing': True}
2020-10-04 08:48:34,963 : INFO : EventManager : Event: ======'soul_U_unlit_hit'====== Args={'profile': 'default', 'state': 'unlit', 'advancing': True}
2020-10-04 08:48:34,964 : INFO : EventManager : Event: ======'player_score'====== Args={'value': 3150, 'prev_value': 3140, 'change': 10, 'player_num': 1}
2020-10-04 08:48:34,965 : INFO : EventManager : Event: ======'soul_lanes_hit'====== Args={}
2020-10-04 08:48:34,965 : INFO : EventManager : Event: ======'soul_lanes_unlit_hit'====== Args={}
2020-10-04 08:48:35,099 : INFO : SwitchController : <<<<<<< 's_soul_U' inactive >>>>>>>
2020-10-04 08:48:35,507 : INFO : SwitchController : <<<<<<< 's_soul_L' active >>>>>>>
2020-10-04 08:48:35,507 : INFO : EventManager : Event: ======'s_soul_L_active'====== Args={}
2020-10-04 08:48:35,508 : INFO : EventManager : Event: ======'machine_var_audits_switches_s_soul_L'====== Args={'value': 148, 'prev_value': 147, 'change': 1}
2020-10-04 08:48:35,509 : INFO : EventManager : Event: ======'playfield_active'====== Args={}
2020-10-04 08:48:35,510 : INFO : EventManager : Event: ======'player_shot_soul_L'====== Args={'value': 1, 'prev_value': 0, 'change': 1, 'player_num': 1}
2020-10-04 08:48:35,512 : INFO : EventManager : Event: ======'machine_var_audits_shots_soul_L'====== Args={'value': 147, 'prev_value': 146, 'change': 1}
2020-10-04 08:48:35,514 : INFO : EventManager : Event: ======'soul_L_hit'====== Args={'profile': 'default', 'state': 'unlit', 'advancing': True}
2020-10-04 08:48:35,515 : INFO : EventManager : Event: ======'soul_L_default_hit'====== Args={'profile': 'default', 'state': 'unlit', 'advancing': True}
2020-10-04 08:48:35,515 : INFO : EventManager : Event: ======'soul_L_default_unlit_hit'====== Args={'profile': 'default', 'state': 'unlit', 'advancing': True}
2020-10-04 08:48:35,516 : INFO : EventManager : Event: ======'soul_L_unlit_hit'====== Args={'profile': 'default', 'state': 'unlit', 'advancing': True}
2020-10-04 08:48:35,516 : INFO : EventManager : Event: ======'player_score'====== Args={'value': 3160, 'prev_value': 3150, 'change': 10, 'player_num': 1}
2020-10-04 08:48:35,517 : INFO : EventManager : Event: ======'soul_lanes_complete'====== Args={'state': 'lit'}
2020-10-04 08:48:35,518 : INFO : EventManager : Event: ======'soul_lanes_lit_complete'====== Args={}
2020-10-04 08:48:35,519 : INFO : EventManager : Event: ======'soul_lanes_hit'====== Args={}
2020-10-04 08:48:35,519 : INFO : EventManager : Event: ======'soul_lanes_unlit_hit'====== Args={}
2020-10-04 08:48:35,520 : INFO : EventManager : Event: ======'player_score'====== Args={'value': 4160, 'prev_value': 3160, 'change': 1000, 'player_num': 1}
2020-10-04 08:48:35,522 : INFO : EventManager : Event: ======'logicblock_soul_complete_count_updated'====== Args={'value': 5, 'enabled': True}
2020-10-04 08:48:35,522 : INFO : EventManager : Event: ======'soul_lanes_done'====== Args={'count': 5}
2020-10-04 08:48:35,712 : INFO : SwitchController : <<<<<<< 's_soul_L' inactive >>>>>>>
2020-10-04 08:48:36,521 : INFO : EventManager : Event: ======'player_shot_soul_S'====== Args={'value': 0, 'prev_value': 1, 'change': -1, 'player_num': 1}
2020-10-04 08:48:36,523 : INFO : EventManager : Event: ======'player_shot_soul_O'====== Args={'value': 0, 'prev_value': 1, 'change': -1, 'player_num': 1}
2020-10-04 08:48:36,524 : INFO : EventManager : Event: ======'player_shot_soul_U'====== Args={'value': 0, 'prev_value': 1, 'change': -1, 'player_num': 1}
2020-10-04 08:48:36,526 : INFO : EventManager : Event: ======'player_shot_soul_L'====== Args={'value': 0, 'prev_value': 1, 'change': -1, 'player_num': 1}
2020-10-04 08:48:41,413 : INFO : Machine : Shutting down...
2020-10-04 08:48:41,413 : INFO : EventManager : Event: ======'shutdown'====== Args={}
2020-10-04 08:48:41,429 : INFO : root : MPF run loop ended.
