2020-10-04 07:51:49,691 : kivy : Factory: 184 symbols loaded
2020-10-04 07:51:51,093 : kivy : ImageLoaderFFPy: Using ffpyplayer 4.3.1
2020-10-04 07:51:51,095 : kivy : Image: Providers: img_tex, img_dds, img_sdl2, img_pil, img_ffpyplayer, img_gif 
2020-10-04 07:51:51,948 : kivy : VideoGstplayer: Using Gstreamer 1.16.0.0
2020-10-04 07:51:51,949 : kivy : Video: Provider: gstplayer
2020-10-04 07:51:52,332 : kivy : Loading MPF-MC controller
2020-10-04 07:51:52,341 : YamlMultifileConfigLoader : Machine config file #1: config
2020-10-04 07:51:52,342 : ConfigProcessor : Config file in cache changed: c:\Pinball\Cuphead\config\config
2020-10-04 07:51:52,343 : ConfigProcessor : Loading config from file c:\users\themi\appdata\local\programs\python\python36\lib\site-packages\mpfmc\mcconfig.yaml.
2020-10-04 07:51:52,419 : ConfigProcessor : Loading config: c:\users\themi\appdata\local\programs\python\python36\lib\site-packages\mpfmc\mcconfig.yaml
2020-10-04 07:51:52,420 : ConfigProcessor : Loading config from file c:\Pinball\Cuphead\config\config.
2020-10-04 07:51:52,439 : ConfigProcessor : Loading config: c:\Pinball\Cuphead\config\config
2020-10-04 07:51:52,453 : ConfigProcessor : Loading config: c:\Pinball\Cuphead\config\keyboard.yaml
2020-10-04 07:51:52,494 : ConfigProcessor : Loading config: c:\Pinball\Cuphead\config\hwSwitches.yaml
2020-10-04 07:51:52,582 : ConfigProcessor : Loading config: c:\Pinball\Cuphead\config\hwLights.yaml
2020-10-04 07:51:52,608 : ConfigProcessor : Loading config: c:\Pinball\Cuphead\config\hwCoils.yaml
2020-10-04 07:51:52,613 : ConfigProcessor : Config file cache created: C:\Users\themi\AppData\Local\Temp\1bf5539849bfae2fda5beb863cde560d.mpf_cache
2020-10-04 07:51:52,614 : ConfigProcessor : Loading config from cache: C:\Users\themi\AppData\Local\Temp\7964e52b22911e9b68a8022172b185f3.mpf_cache
2020-10-04 07:51:52,615 : ConfigProcessor : Loading config from cache: C:\Users\themi\AppData\Local\Temp\4fcecb70f81c3c2fefb8e65ae9a0af5f.mpf_cache
2020-10-04 07:51:52,616 : ConfigProcessor : Loading config from cache: C:\Users\themi\AppData\Local\Temp\b2a05f27b99f0404929b6678617f21a2.mpf_cache
2020-10-04 07:51:52,618 : ConfigProcessor : Config file in cache changed: c:\Pinball\Cuphead\modes\soulLanes\config\soulLanes.yaml
2020-10-04 07:51:52,618 : ConfigProcessor : Loading config from file c:\Pinball\Cuphead\modes\soulLanes\config\soulLanes.yaml.
2020-10-04 07:51:52,646 : ConfigProcessor : Loading config: c:\Pinball\Cuphead\modes\soulLanes\config\soulLanes.yaml
2020-10-04 07:51:52,648 : ConfigProcessor : Config file cache created: C:\Users\themi\AppData\Local\Temp\ee661b7bde9ac1aee26ef2e16bd36711.mpf_cache
2020-10-04 07:51:52,648 : mpfmc : Mission Pinball Framework Media Controller v0.54.0-dev.20
2020-10-04 07:51:52,649 : mpfmc : Mission Pinball Framework Game Engine v0.54.0-dev.72
2020-10-04 07:51:52,649 : mpfmc : Machine path: c:\Pinball\Cuphead
2020-10-04 07:51:52,649 : mpfmc : Starting clock at 60.0Hz
2020-10-04 07:51:52,725 : kivy : Text: Provider: sdl2
2020-10-04 07:51:52,830 : kivy : Window: Provider: sdl2
2020-10-04 07:51:53,524 : kivy : GL: Using the "OpenGL" graphics system
2020-10-04 07:51:53,528 : kivy : GL: GLEW initialization succeeded
2020-10-04 07:51:53,528 : kivy : GL: Backend used <glew>
2020-10-04 07:51:53,530 : kivy : GL: OpenGL version <b'4.5.14568 Compatibility Profile Context 24.20.12050.0'>
2020-10-04 07:51:53,530 : kivy : GL: OpenGL vendor <b'ATI Technologies Inc.'>
2020-10-04 07:51:53,530 : kivy : GL: OpenGL renderer <b'AMD Radeon(TM) R4 Graphics'>
2020-10-04 07:51:53,531 : kivy : GL: OpenGL parsed version: 4, 5
2020-10-04 07:51:53,531 : kivy : GL: Shading version <b'4.50'>
2020-10-04 07:51:53,531 : kivy : GL: Texture max size <16384>
2020-10-04 07:51:53,531 : kivy : GL: Texture max units <32>
2020-10-04 07:51:53,573 : kivy : Window: auto add sdl2 input provider
2020-10-04 07:51:53,574 : kivy : Window: virtual keyboard not allowed, single mode, not docked
2020-10-04 07:51:53,589 : SoundSystem : SoundSystem: Using default 'sound_system' settings
2020-10-04 07:51:58,680 : AudioInterface : Initialized
2020-10-04 07:51:58,681 : SoundSystem : No audio tracks are specified in your machine config file. a track named 'default' has been created.
2020-10-04 07:51:58,685 : kivy : Base: Start application main loop
2020-10-04 07:51:58,686 : EventManager : Event: ======'display_window_initialized'====== Args={}
2020-10-04 07:51:58,745 : mpfmc : Display: Setting 'window' as default display
2020-10-04 07:51:58,758 : EventManager : Event: ======'displays_initialized'====== Args={}
2020-10-04 07:51:58,760 : EventManager : Event: ======'slide_window_blank_created'====== Args={}
2020-10-04 07:51:58,760 : EventManager : Event: ======'display_window_ready'====== Args={}
2020-10-04 07:51:58,786 : EventManager : Event: ======'init_phase_1'====== Args={}
2020-10-04 07:51:58,796 : EventManager : Event: ======'mc_ready'====== Args={}
2020-10-04 07:51:58,797 : EventManager : Event: ======'init_phase_2'====== Args={}
2020-10-04 07:51:58,803 : EventManager : Event: ======'init_phase_3'====== Args={}
2020-10-04 07:51:58,805 : AssetManager : Registering Asset: cupHighScore, File: cupHighScore.ogg, Default Group: default, Final Config: {'load': 'preload', 'file': 'c:\\Pinball\\Cuphead\\modes\\base\\sounds\\music\\cupHighScore.ogg'}
2020-10-04 07:51:58,806 : AssetManager : Registering Asset: cupMusic1, File: cupMusic1.ogg, Default Group: default, Final Config: {'load': 'preload', 'target': 'music', 'loop': -1, 'mode_end_action': 'stop', 'file': 'c:\\Pinball\\Cuphead\\modes\\base\\sounds\\music\\cupMusic1.ogg'}
2020-10-04 07:51:58,806 : AssetManager : Registering Asset: cupMusic2, File: cupMusic2.ogg, Default Group: default, Final Config: {'load': 'preload', 'target': 'music', 'loop': -1, 'mode_end_action': 'stop', 'file': 'c:\\Pinball\\Cuphead\\modes\\base\\sounds\\music\\cupMusic2.ogg'}
2020-10-04 07:51:58,806 : AssetManager : Registering Asset: cupMusic3, File: cupMusic3.ogg, Default Group: default, Final Config: {'load': 'preload', 'target': 'music', 'loop': -1, 'mode_end_action': 'stop', 'file': 'c:\\Pinball\\Cuphead\\modes\\base\\sounds\\music\\cupMusic3.ogg'}
2020-10-04 07:51:58,806 : AssetManager : Registering Asset: cupMusic4, File: cupMusic4.ogg, Default Group: default, Final Config: {'load': 'preload', 'target': 'music', 'loop': -1, 'mode_end_action': 'stop', 'file': 'c:\\Pinball\\Cuphead\\modes\\base\\sounds\\music\\cupMusic4.ogg'}
2020-10-04 07:51:58,806 : AssetManager : Registering Asset: cupMusic5, File: cupMusic5.ogg, Default Group: default, Final Config: {'load': 'preload', 'file': 'c:\\Pinball\\Cuphead\\modes\\base\\sounds\\music\\cupMusic5.ogg'}
2020-10-04 07:51:58,806 : AssetManager : Registering Asset: cupMusic6, File: cupMusic6.ogg, Default Group: default, Final Config: {'load': 'preload', 'file': 'c:\\Pinball\\Cuphead\\modes\\base\\sounds\\music\\cupMusic6.ogg'}
2020-10-04 07:51:58,806 : AssetManager : Registering Asset: cupMusic7, File: cupMusic7.ogg, Default Group: default, Final Config: {'load': 'preload', 'file': 'c:\\Pinball\\Cuphead\\modes\\base\\sounds\\music\\cupMusic7.ogg'}
2020-10-04 07:51:58,807 : AssetManager : Registering Asset: cupMusic8, File: cupMusic8.ogg, Default Group: default, Final Config: {'load': 'preload', 'file': 'c:\\Pinball\\Cuphead\\modes\\base\\sounds\\music\\cupMusic8.ogg'}
2020-10-04 07:51:58,807 : AssetManager : Registering Asset: cupMusic9, File: cupMusic9.ogg, Default Group: default, Final Config: {'load': 'preload', 'file': 'c:\\Pinball\\Cuphead\\modes\\base\\sounds\\music\\cupMusic9.ogg'}
2020-10-04 07:51:58,807 : AssetManager : Registering Asset: game_play_1, File: game_play_1.ogg, Default Group: default, Final Config: {'load': 'preload', 'file': 'c:\\Pinball\\Cuphead\\modes\\base\\sounds\\music\\game_play_1.ogg'}
2020-10-04 07:51:58,810 : AssetManager : Registering Asset: attract_music, File: attract_music.ogg, Default Group: default, Final Config: {'load': 'preload', 'file': 'c:\\Pinball\\Cuphead\\modes\\attract\\sounds\\music\\attract_music.ogg'}
2020-10-04 07:51:58,811 : EventManager : Event: ======'init_phase_4'====== Args={}
2020-10-04 07:51:58,812 : EventManager : Event: ======'init_phase_5'====== Args={}
2020-10-04 07:52:02,379 : EventManager : Event: ======'loading_assets'====== Args={'total': 12, 'loaded': 1, 'remaining': 11, 'percent': 8}
2020-10-04 07:52:02,380 : AssetManager : Loading assets: 1/12 (8%)
2020-10-04 07:52:02,932 : EventManager : Event: ======'loading_assets'====== Args={'total': 12, 'loaded': 5, 'remaining': 7, 'percent': 42}
2020-10-04 07:52:03,893 : AssetManager : Loading assets: 5/12 (42%)
2020-10-04 07:52:03,900 : EventManager : Event: ======'loading_assets'====== Args={'total': 12, 'loaded': 6, 'remaining': 6, 'percent': 50}
2020-10-04 07:52:03,902 : AssetManager : Loading assets: 6/12 (50%)
2020-10-04 07:52:05,794 : EventManager : Event: ======'loading_assets'====== Args={'total': 12, 'loaded': 7, 'remaining': 5, 'percent': 58}
2020-10-04 07:52:05,794 : AssetManager : Loading assets: 7/12 (58%)
2020-10-04 07:52:06,592 : EventManager : Event: ======'loading_assets'====== Args={'total': 12, 'loaded': 8, 'remaining': 4, 'percent': 67}
2020-10-04 07:52:06,592 : AssetManager : Loading assets: 8/12 (67%)
2020-10-04 07:52:08,484 : EventManager : Event: ======'loading_assets'====== Args={'total': 12, 'loaded': 10, 'remaining': 2, 'percent': 83}
2020-10-04 07:52:08,484 : AssetManager : Loading assets: 10/12 (83%)
2020-10-04 07:52:09,342 : EventManager : Event: ======'loading_assets'====== Args={'total': 12, 'loaded': 12, 'remaining': 0, 'percent': 100}
2020-10-04 07:52:09,342 : AssetManager : Asset loading took: 10.660798788070679
2020-10-04 07:52:09,343 : EventManager : Event: ======'asset_loading_complete'====== Args={}
2020-10-04 07:52:09,343 : AssetManager : Loading assets: 12/12 (100%)
2020-10-04 07:52:09,343 : EventManager : Event: ======'init_done'====== Args={}
2020-10-04 07:52:09,343 : MPF-MC BCP Server : Starting up on localhost port 5050
2020-10-04 07:52:09,352 : MPF-MC BCP Server : Waiting for a connection...
2020-10-04 07:52:09,352 : mpfmc : SlidePlayer: Play called with settings={'slides': {welcome_slide-None-None: {'priority': None, 'target': None, 'background_color': [0.0, 0.0, 0.0, 1.0], 'show': True, 'force': False, 'expire': None, 'slide': None, 'tokens': {}, 'action': 'play', 'transition': None, 'transition_out': None}}}
2020-10-04 07:52:09,362 : kivy : GL: NPOT texture support is available
2020-10-04 07:52:09,364 : EventManager : Event: ======'slide_welcome_slide_created'====== Args={}
2020-10-04 07:52:09,366 : EventManager : Event: ======'slide_welcome_slide_active'====== Args={}
2020-10-04 07:52:09,375 : EventManager : Event: ======'client_disconnected'====== Args={'host': '127.0.0.1', 'port': 5050}
2020-10-04 07:52:23,525 : kivy : Base: Leaving application in progress...
2020-10-04 07:52:23,930 : kivy : WindowSDL: exiting mainloop and closing.
2020-10-04 07:52:23,961 : mpfmc : Stopping...
2020-10-04 07:52:23,961 : EventManager : Event: ======'shutdown'====== Args={}
2020-10-04 07:52:23,961 : mpfmc : Loop rate 45.89 Hz
2020-10-04 07:52:23,961 : kivy : MC run loop ended.
2020-10-04 07:52:23,961 : kivy : Stopping child threads... (3 remaining)
2020-10-04 07:52:24,367 : MPF-MC BCP Server : Stopping BCP listener thread
2020-10-04 07:52:24,367 : MPF-MC BCP Server : Stopping BCP sending thread
2020-10-04 07:52:24,398 : kivy : All child threads stopped.
