2020-10-04 08:41:30,578 : INFO : root : Loading config.
2020-10-04 08:41:30,578 : INFO : YamlMultifileConfigLoader : Machine config file #1: config.yaml
2020-10-04 08:41:30,594 : INFO : ConfigProcessor : Loading config from cache: C:\Users\themi\AppData\Local\Temp\1a0afbd38efada64622f7c1a19dba099.mpf_cache
2020-10-04 08:41:30,781 : INFO : ConfigProcessor : Loading config from cache: C:\Users\themi\AppData\Local\Temp\7964e52b22911e9b68a8022172b185f3.mpf_cache
2020-10-04 08:41:30,781 : INFO : ConfigProcessor : Loading config from cache: C:\Users\themi\AppData\Local\Temp\4fcecb70f81c3c2fefb8e65ae9a0af5f.mpf_cache
2020-10-04 08:41:30,781 : INFO : ConfigProcessor : Loading config from cache: C:\Users\themi\AppData\Local\Temp\b2a05f27b99f0404929b6678617f21a2.mpf_cache
2020-10-04 08:41:30,781 : WARNING : ConfigProcessor : Config file in cache changed: c:\Pinball\Cuphead\modes\soulLanes\config\soulLanes.yaml
2020-10-04 08:41:30,781 : INFO : ConfigProcessor : Loading config from file c:\Pinball\Cuphead\modes\soulLanes\config\soulLanes.yaml.
2020-10-04 08:41:30,828 : INFO : ConfigProcessor : Loading config: c:\Pinball\Cuphead\modes\soulLanes\config\soulLanes.yaml
2020-10-04 08:41:30,828 : INFO : ConfigProcessor : Config file cache created: C:\Users\themi\AppData\Local\Temp\ee661b7bde9ac1aee26ef2e16bd36711.mpf_cache
2020-10-04 08:41:30,828 : INFO : ConfigProcessor : Loading config from cache: C:\Users\themi\AppData\Local\Temp\8b23b77e47e0aafb5c2cd6855492fe09.mpf_cache
2020-10-04 08:41:30,828 : INFO : ConfigProcessor : Loading config from cache: C:\Users\themi\AppData\Local\Temp\8d4786f117f290f34c6b54fd8b6fe8fe.mpf_cache
2020-10-04 08:41:30,828 : INFO : ConfigProcessor : Loading config from cache: C:\Users\themi\AppData\Local\Temp\d1f28e307667fe64a15b0a7332832e8a.mpf_cache
2020-10-04 08:41:30,828 : INFO : ConfigProcessor : Loading config from cache: C:\Users\themi\AppData\Local\Temp\4b1cd1ab6685d1ad48e4e22b92633748.mpf_cache
2020-10-04 08:41:30,828 : INFO : ConfigProcessor : Loading config from cache: C:\Users\themi\AppData\Local\Temp\0e5b9342958db12ded482c5bdee94a50.mpf_cache
2020-10-04 08:41:30,828 : INFO : ConfigProcessor : Loading config from cache: C:\Users\themi\AppData\Local\Temp\fa3b9c24e757a86afd7ebd54e8356a2f.mpf_cache
2020-10-04 08:41:30,844 : INFO : ConfigProcessor : Loading config from cache: C:\Users\themi\AppData\Local\Temp\4f17c1b7053da1ee6acf2b568ebeb609.mpf_cache
2020-10-04 08:41:30,844 : INFO : ConfigProcessor : Loading config from cache: C:\Users\themi\AppData\Local\Temp\ccd4282a3141e0878d86657c78349f12.mpf_cache
2020-10-04 08:41:30,844 : INFO : ConfigProcessor : Loading config from cache: C:\Users\themi\AppData\Local\Temp\17729cd0303cfaced1d4181f3ca2421f.mpf_cache
2020-10-04 08:41:30,844 : INFO : ConfigProcessor : Loading config from cache: C:\Users\themi\AppData\Local\Temp\47ffaea90c47406003f6ea8ebe74989d.mpf_cache
2020-10-04 08:41:30,844 : INFO : ConfigProcessor : Loading config from cache: C:\Users\themi\AppData\Local\Temp\6f6af101da615a72df8eebfca5188fca.mpf_cache
2020-10-04 08:41:30,844 : INFO : ConfigProcessor : Loading config from cache: C:\Users\themi\AppData\Local\Temp\3889d554abdf669f0bcb59dfdb43163f.mpf_cache
2020-10-04 08:41:30,844 : INFO : ConfigProcessor : Loading config from cache: C:\Users\themi\AppData\Local\Temp\dca7679fbf96e787efc0ee793457f019.mpf_cache
2020-10-04 08:41:30,844 : INFO : ConfigProcessor : Loading config from cache: C:\Users\themi\AppData\Local\Temp\773981adc2a393ce4661c342531a13c1.mpf_cache
2020-10-04 08:41:30,844 : INFO : ConfigProcessor : Loading config from cache: C:\Users\themi\AppData\Local\Temp\0e7ad57880df273f086bfe63563440af.mpf_cache
2020-10-04 08:41:30,844 : INFO : ConfigProcessor : Loading config from cache: C:\Users\themi\AppData\Local\Temp\14255cf3b2f3681937087b07de526758.mpf_cache
2020-10-04 08:41:30,844 : INFO : ConfigProcessor : Loading config from cache: C:\Users\themi\AppData\Local\Temp\01c6bf43074c3a497e337500f6bac20b.mpf_cache
2020-10-04 08:41:30,844 : INFO : ConfigProcessor : Loading config from cache: C:\Users\themi\AppData\Local\Temp\7eeffc9c6f8d1e96b5a9cad923ac520c.mpf_cache
2020-10-04 08:41:30,844 : INFO : Machine : Mission Pinball Framework Core Engine v0.54.0-dev.72
2020-10-04 08:41:30,859 : INFO : Machine : Command line arguments: {'no_load_cache': False, 'create_config_cache': True, 'bcp': True, 'configfile': ['config.yaml'], 'force_assets_load': False, 'jsonlogging': False, 'logfile': 'logs\\2020-10-04-08-41-30-mpf-LAPTOP-C39PEUFD.log', 'pause': False, 'production': False, 'text_ui': True, 'loglevel': 15, 'consoleloglevel': 20, 'force_platform': 'smart_virtual', 'syslog_address': None, 'mc_file_name': None, 'no_sound': False}
2020-10-04 08:41:30,859 : INFO : Machine : MPF path: c:\users\themi\appdata\local\programs\python\python36\lib\site-packages\mpf
2020-10-04 08:41:30,859 : INFO : Machine : Machine path: c:\Pinball\Cuphead
2020-10-04 08:41:30,859 : INFO : Machine : Platform: win32
2020-10-04 08:41:30,859 : INFO : Machine : Python executable location: c:\users\themi\appdata\local\programs\python\python36\python.exe
2020-10-04 08:41:30,859 : INFO : Machine : Python version: 3.6.4 (64-bit)
2020-10-04 08:41:30,859 : INFO : Machine : Initialise MPF.
2020-10-04 08:41:31,363 : INFO : EventManager : Event: ======'machine_var_credits_string'====== Args={'value': 'FREE PLAY', 'prev_value': None, 'change': True}
2020-10-04 08:41:31,488 : INFO : EventManager : Event: ======'machine_var_player1_score'====== Args={'value': 8110, 'prev_value': None, 'change': True}
2020-10-04 08:41:31,488 : INFO : EventManager : Event: ======'machine_var_mpf_version'====== Args={'value': 'MPF v0.54.0-dev.72', 'prev_value': None, 'change': True}
2020-10-04 08:41:31,488 : INFO : EventManager : Event: ======'machine_var_mpf_extended_version'====== Args={'value': 'MPF v0.54.0-dev.72, Config version:5, Show version: 5, BCP version:1.1', 'prev_value': None, 'change': True}
2020-10-04 08:41:31,488 : INFO : EventManager : Event: ======'machine_var_python_version'====== Args={'value': '3.6.4', 'prev_value': None, 'change': True}
2020-10-04 08:41:31,488 : INFO : EventManager : Event: ======'machine_var_platform'====== Args={'value': 'Windows-10-10.0.18362-SP0', 'prev_value': None, 'change': True}
2020-10-04 08:41:31,488 : INFO : EventManager : Event: ======'machine_var_platform_system'====== Args={'value': 'Windows', 'prev_value': None, 'change': True}
2020-10-04 08:41:31,488 : INFO : EventManager : Event: ======'machine_var_platform_release'====== Args={'value': '10', 'prev_value': None, 'change': True}
2020-10-04 08:41:31,488 : INFO : EventManager : Event: ======'machine_var_platform_version'====== Args={'value': '10.0.18362', 'prev_value': None, 'change': True}
2020-10-04 08:41:31,488 : INFO : EventManager : Event: ======'machine_var_platform_machine'====== Args={'value': 'AMD64', 'prev_value': None, 'change': True}
2020-10-04 08:41:31,488 : INFO : EventManager : Event: ======'init_phase_1'====== Args={}
2020-10-04 08:41:31,660 : INFO : EventManager : Event: ======'drop_target_bank_cup_bank_up'====== Args={}
2020-10-04 08:41:31,675 : INFO : EventManager : Event: ======'drop_target_bank_mug_bank_up'====== Args={}
2020-10-04 08:41:31,691 : INFO : EventManager : Event: ======'init_phase_2'====== Args={}
2020-10-04 08:41:31,691 : INFO : SwitchController : Found active switch: ('2', <Platform.SmartVirtual>)
2020-10-04 08:41:31,691 : INFO : SwitchController : Found active switch: ('3', <Platform.SmartVirtual>)
2020-10-04 08:41:31,738 : INFO : EventManager : Event: ======'bcp_connection_attempt'====== Args={'name': 'local_display', 'host': 'localhost', 'port': 5050}
2020-10-04 08:41:31,753 : INFO : BCPClientSocket : Connecting BCP to 'local_display' at localhost:5050...
2020-10-04 08:41:43,523 : INFO : BCPClientSocket : Connected BCP to 'local_display' localhost:5050
2020-10-04 08:41:43,525 : INFO : EventManager : Event: ======'bcp_clients_connected'====== Args={}
2020-10-04 08:41:43,553 : INFO : EventManager : Event: ======'machine_var_mc_version'====== Args={'value': 'MPF-MC v0.54.0-dev.20', 'prev_value': None, 'change': True}
2020-10-04 08:41:43,554 : INFO : EventManager : Event: ======'machine_var_mc_extended_version'====== Args={'value': 'MPF-MC v0.54.0-dev.20 (config_version=5, BCP v1.1, Requires MPF v0.54.0-dev.68)', 'prev_value': None, 'change': True}
2020-10-04 08:41:43,558 : INFO : EventManager : Event: ======'machine_var_master_volume'====== Args={'value': 0.5, 'prev_value': None, 'change': True}
2020-10-04 08:41:43,559 : INFO : ball_device.bd_trough : State: idle
2020-10-04 08:41:43,591 : INFO : ball_device.bd_plunger : State: idle
2020-10-04 08:41:43,626 : INFO : EventManager : Event: ======'init_phase_3'====== Args={}
2020-10-04 08:41:43,638 : INFO : EventManager : Event: ======'init_phase_4'====== Args={}
2020-10-04 08:41:43,640 : INFO : EventManager : Event: ======'machine_var_audits_events_game_ended'====== Args={'value': 21, 'prev_value': None, 'change': True}
2020-10-04 08:41:43,641 : INFO : EventManager : Event: ======'machine_var_audits_events_game_started'====== Args={'value': 40, 'prev_value': None, 'change': True}
2020-10-04 08:41:43,642 : INFO : EventManager : Event: ======'machine_var_audits_player_score'====== Args={'value': {'average': 530.4761904761905, 'top': [2970, 1300, 1220, 980, 880, 780, 720, 710, 630, 590], 'total': 21}, 'prev_value': None, 'change': True}
2020-10-04 08:41:43,643 : INFO : EventManager : Event: ======'machine_var_audits_shots_soul_L'====== Args={'value': 115, 'prev_value': None, 'change': True}
2020-10-04 08:41:43,643 : INFO : EventManager : Event: ======'machine_var_audits_shots_soul_O'====== Args={'value': 121, 'prev_value': None, 'change': True}
2020-10-04 08:41:43,644 : INFO : EventManager : Event: ======'machine_var_audits_shots_soul_S'====== Args={'value': 142, 'prev_value': None, 'change': True}
2020-10-04 08:41:43,644 : INFO : EventManager : Event: ======'machine_var_audits_shots_soul_U'====== Args={'value': 118, 'prev_value': None, 'change': True}
2020-10-04 08:41:43,645 : INFO : EventManager : Event: ======'machine_var_audits_switches_s_coin'====== Args={'value': 20, 'prev_value': None, 'change': True}
2020-10-04 08:41:43,646 : INFO : EventManager : Event: ======'machine_var_audits_switches_s_dash_L'====== Args={'value': 0, 'prev_value': None, 'change': True}
2020-10-04 08:41:43,646 : INFO : EventManager : Event: ======'machine_var_audits_switches_s_dash_R'====== Args={'value': 0, 'prev_value': None, 'change': True}
2020-10-04 08:41:43,647 : INFO : EventManager : Event: ======'machine_var_audits_switches_s_dtSling_L'====== Args={'value': 0, 'prev_value': None, 'change': True}
2020-10-04 08:41:43,648 : INFO : EventManager : Event: ======'machine_var_audits_switches_s_dtSling_R'====== Args={'value': 0, 'prev_value': None, 'change': True}
2020-10-04 08:41:43,649 : INFO : EventManager : Event: ======'machine_var_audits_switches_s_dt_C'====== Args={'value': 72, 'prev_value': None, 'change': True}
2020-10-04 08:41:43,650 : INFO : EventManager : Event: ======'machine_var_audits_switches_s_dt_G'====== Args={'value': 21, 'prev_value': None, 'change': True}
2020-10-04 08:41:43,651 : INFO : EventManager : Event: ======'machine_var_audits_switches_s_dt_M'====== Args={'value': 19, 'prev_value': None, 'change': True}
2020-10-04 08:41:43,651 : INFO : EventManager : Event: ======'machine_var_audits_switches_s_dt_P'====== Args={'value': 55, 'prev_value': None, 'change': True}
2020-10-04 08:41:43,652 : INFO : EventManager : Event: ======'machine_var_audits_switches_s_dt_U'====== Args={'value': 63, 'prev_value': None, 'change': True}
2020-10-04 08:41:43,653 : INFO : EventManager : Event: ======'machine_var_audits_switches_s_dt_U2'====== Args={'value': 19, 'prev_value': None, 'change': True}
2020-10-04 08:41:43,653 : INFO : EventManager : Event: ======'machine_var_audits_switches_s_exit_shooter_lane'====== Args={'value': 355, 'prev_value': None, 'change': True}
2020-10-04 08:41:43,654 : INFO : EventManager : Event: ======'machine_var_audits_switches_s_inLane_L'====== Args={'value': 0, 'prev_value': None, 'change': True}
2020-10-04 08:41:43,655 : INFO : EventManager : Event: ======'machine_var_audits_switches_s_inLane_R'====== Args={'value': 0, 'prev_value': None, 'change': True}
2020-10-04 08:41:43,656 : INFO : EventManager : Event: ======'machine_var_audits_switches_s_kicker'====== Args={'value': 0, 'prev_value': None, 'change': True}
2020-10-04 08:41:43,657 : INFO : EventManager : Event: ======'machine_var_audits_switches_s_left_flipper'====== Args={'value': 151, 'prev_value': None, 'change': True}
2020-10-04 08:41:43,657 : INFO : EventManager : Event: ======'machine_var_audits_switches_s_midRight'====== Args={'value': 0, 'prev_value': None, 'change': True}
2020-10-04 08:41:43,658 : INFO : EventManager : Event: ======'machine_var_audits_switches_s_outLane_L'====== Args={'value': 0, 'prev_value': None, 'change': True}
2020-10-04 08:41:43,659 : INFO : EventManager : Event: ======'machine_var_audits_switches_s_outLane_R'====== Args={'value': 0, 'prev_value': None, 'change': True}
2020-10-04 08:41:43,660 : INFO : EventManager : Event: ======'machine_var_audits_switches_s_perdition'====== Args={'value': 0, 'prev_value': None, 'change': True}
2020-10-04 08:41:43,661 : INFO : EventManager : Event: ======'machine_var_audits_switches_s_playfield'====== Args={'value': 0, 'prev_value': None, 'change': True}
2020-10-04 08:41:43,662 : INFO : EventManager : Event: ======'machine_var_audits_switches_s_plunger'====== Args={'value': 545, 'prev_value': None, 'change': True}
2020-10-04 08:41:43,663 : INFO : EventManager : Event: ======'machine_var_audits_switches_s_popBumper_1'====== Args={'value': 464, 'prev_value': None, 'change': True}
2020-10-04 08:41:43,664 : INFO : EventManager : Event: ======'machine_var_audits_switches_s_popBumper_2'====== Args={'value': 439, 'prev_value': None, 'change': True}
2020-10-04 08:41:43,665 : INFO : EventManager : Event: ======'machine_var_audits_switches_s_popBumper_3'====== Args={'value': 163, 'prev_value': None, 'change': True}
2020-10-04 08:41:43,666 : INFO : EventManager : Event: ======'machine_var_audits_switches_s_pop_bumper1'====== Args={'value': 120, 'prev_value': None, 'change': True}
2020-10-04 08:41:43,666 : INFO : EventManager : Event: ======'machine_var_audits_switches_s_pop_bumper2'====== Args={'value': 153, 'prev_value': None, 'change': True}
2020-10-04 08:41:43,667 : INFO : EventManager : Event: ======'machine_var_audits_switches_s_pop_bumper3'====== Args={'value': 100, 'prev_value': None, 'change': True}
2020-10-04 08:41:43,668 : INFO : EventManager : Event: ======'machine_var_audits_switches_s_right_flipper'====== Args={'value': 216, 'prev_value': None, 'change': True}
2020-10-04 08:41:43,669 : INFO : EventManager : Event: ======'machine_var_audits_switches_s_sling_L'====== Args={'value': 0, 'prev_value': None, 'change': True}
2020-10-04 08:41:43,670 : INFO : EventManager : Event: ======'machine_var_audits_switches_s_sling_R'====== Args={'value': 0, 'prev_value': None, 'change': True}
2020-10-04 08:41:43,671 : INFO : EventManager : Event: ======'machine_var_audits_switches_s_soul_L'====== Args={'value': 116, 'prev_value': None, 'change': True}
2020-10-04 08:41:43,672 : INFO : EventManager : Event: ======'machine_var_audits_switches_s_soul_O'====== Args={'value': 126, 'prev_value': None, 'change': True}
2020-10-04 08:41:43,673 : INFO : EventManager : Event: ======'machine_var_audits_switches_s_soul_S'====== Args={'value': 142, 'prev_value': None, 'change': True}
2020-10-04 08:41:43,674 : INFO : EventManager : Event: ======'machine_var_audits_switches_s_soul_U'====== Args={'value': 118, 'prev_value': None, 'change': True}
2020-10-04 08:41:43,675 : INFO : EventManager : Event: ======'machine_var_audits_switches_s_standUp_1'====== Args={'value': 0, 'prev_value': None, 'change': True}
2020-10-04 08:41:43,675 : INFO : EventManager : Event: ======'machine_var_audits_switches_s_standUp_2'====== Args={'value': 0, 'prev_value': None, 'change': True}
2020-10-04 08:41:43,676 : INFO : EventManager : Event: ======'machine_var_audits_switches_s_standUp_3'====== Args={'value': 0, 'prev_value': None, 'change': True}
2020-10-04 08:41:43,677 : INFO : EventManager : Event: ======'machine_var_audits_switches_s_standUp_R'====== Args={'value': 0, 'prev_value': None, 'change': True}
2020-10-04 08:41:43,678 : INFO : EventManager : Event: ======'machine_var_audits_switches_s_star_1'====== Args={'value': 0, 'prev_value': None, 'change': True}
2020-10-04 08:41:43,679 : INFO : EventManager : Event: ======'machine_var_audits_switches_s_star_2'====== Args={'value': 0, 'prev_value': None, 'change': True}
2020-10-04 08:41:43,680 : INFO : EventManager : Event: ======'machine_var_audits_switches_s_star_3'====== Args={'value': 0, 'prev_value': None, 'change': True}
2020-10-04 08:41:43,681 : INFO : EventManager : Event: ======'machine_var_audits_switches_s_start'====== Args={'value': 68, 'prev_value': None, 'change': True}
2020-10-04 08:41:43,682 : INFO : EventManager : Event: ======'machine_var_audits_switches_s_tilt'====== Args={'value': 0, 'prev_value': None, 'change': True}
2020-10-04 08:41:43,683 : INFO : EventManager : Event: ======'machine_var_audits_switches_s_trough1'====== Args={'value': 508, 'prev_value': None, 'change': True}
2020-10-04 08:41:43,684 : INFO : EventManager : Event: ======'machine_var_audits_switches_s_trough2'====== Args={'value': 72, 'prev_value': None, 'change': True}
2020-10-04 08:41:43,685 : INFO : EventManager : Event: ======'machine_var_audits_switches_s_trough_jam'====== Args={'value': 13, 'prev_value': None, 'change': True}
2020-10-04 08:41:43,686 : INFO : EventManager : Event: ======'init_phase_5'====== Args={}
2020-10-04 08:41:43,717 : INFO : EventManager : Event: ======'init_done'====== Args={}
2020-10-04 08:41:43,718 : INFO : EventManager : Event: ======'machine_reset_phase_1'====== Args={}
2020-10-04 08:41:43,721 : INFO : EventManager : Event: ======'slide_welcome_slide_removed'====== Args={'_from_bcp': True}
2020-10-04 08:41:43,725 : INFO : EventManager : Event: ======'slide_welcome_slide_created'====== Args={'_from_bcp': True}
2020-10-04 08:41:43,728 : INFO : EventManager : Event: ======'machine_reset_phase_2'====== Args={}
2020-10-04 08:41:43,728 : INFO : EventManager : Event: ======'machine_reset_phase_3'====== Args={}
2020-10-04 08:41:43,728 : INFO : drop_target_bank.cup_bank : All targets are already up. Will not reset bank.
2020-10-04 08:41:43,728 : INFO : drop_target_bank.mug_bank : All targets are already up. Will not reset bank.
2020-10-04 08:41:43,729 : INFO : EventManager : Event: ======'reset_complete'====== Args={}
2020-10-04 08:41:43,729 : INFO : EventManager : Event: ======'mode_attract_will_start'====== Args={}
2020-10-04 08:41:43,731 : INFO : EventManager : Event: ======'mode_attract_starting'====== Args={}
2020-10-04 08:41:43,731 : INFO : Mode.attract : Started. Priority: 10
2020-10-04 08:41:43,732 : INFO : EventManager : Event: ======'modes_active_modes_changed'====== Args={}
2020-10-04 08:41:43,733 : INFO : EventManager : Event: ======'mode_attract_started'====== Args={}
2020-10-04 08:41:43,737 : INFO : EventManager : Event: ======'collecting_balls_complete'====== Args={}
2020-10-04 08:41:43,791 : INFO : EventManager : Event: ======'slide_welcome_slide_active'====== Args={'_from_bcp': True}
2020-10-04 08:41:43,792 : INFO : EventManager : Event: ======'slide_awesome_slide_created'====== Args={'_from_bcp': True}
2020-10-04 08:41:43,792 : INFO : EventManager : Event: ======'slide_awesome_slide_active'====== Args={'_from_bcp': True}
2020-10-04 08:41:43,793 : INFO : Machine : Starting the main run loop.
2020-10-04 08:41:43,876 : INFO : BcpServer : New client connected.
2020-10-04 08:41:45,106 : INFO : SwitchController : <<<<<<< 's_start' active >>>>>>>
2020-10-04 08:41:45,214 : INFO : SwitchController : <<<<<<< 's_start' inactive >>>>>>>
2020-10-04 08:41:45,214 : INFO : EventManager : Event: ======'request_to_start_game'====== Args={}
2020-10-04 08:41:45,216 : INFO : EventManager : Event: ======'game_start'====== Args={'buttons': [], 'hold_time': 0.10999999998603016}
2020-10-04 08:41:45,217 : INFO : EventManager : Event: ======'mode_game_will_start'====== Args={'buttons': [], 'hold_time': 0.10999999998603016}
2020-10-04 08:41:45,218 : INFO : EventManager : Event: ======'mode_game_starting'====== Args={'buttons': [], 'hold_time': 0.10999999998603016}
2020-10-04 08:41:45,219 : INFO : EventManager : Event: ======'mode_attract_will_stop'====== Args={}
2020-10-04 08:41:45,220 : INFO : EventManager : Event: ======'mode_attract_stopping'====== Args={}
2020-10-04 08:41:45,220 : INFO : Mode.attract : Stopped.
2020-10-04 08:41:45,220 : INFO : EventManager : Event: ======'modes_active_modes_changed'====== Args={}
2020-10-04 08:41:45,223 : INFO : EventManager : Event: ======'mode_attract_stopped'====== Args={}
2020-10-04 08:41:45,223 : INFO : EventManager : Event: ======'clear'====== Args={'key': 'attract'}
2020-10-04 08:41:45,224 : INFO : Mode.game : Started. Priority: 20
2020-10-04 08:41:45,224 : INFO : EventManager : Event: ======'modes_active_modes_changed'====== Args={}
2020-10-04 08:41:45,225 : INFO : EventManager : Event: ======'mode_game_started'====== Args={'buttons': [], 'hold_time': 0.10999999998603016}
2020-10-04 08:41:45,271 : INFO : EventManager : Event: ======'game_will_start'====== Args={}
2020-10-04 08:41:45,272 : INFO : EventManager : Event: ======'slide_awesome_slide_removed'====== Args={'_from_bcp': True}
2020-10-04 08:41:45,273 : INFO : EventManager : Event: ======'slide_welcome_slide_active'====== Args={'_from_bcp': True}
2020-10-04 08:41:45,279 : INFO : EventManager : Event: ======'game_starting'====== Args={'game': <Mode.game>}
2020-10-04 08:41:45,279 : INFO : EventManager : Event: ======'player_add_request'====== Args={}
2020-10-04 08:41:45,281 : INFO : EventManager : Event: ======'player_will_add'====== Args={'number': 1}
2020-10-04 08:41:45,282 : INFO : EventManager : Event: ======'player_adding'====== Args={'player': <Player 1>, 'number': 1}
2020-10-04 08:41:45,283 : INFO : EventManager : Event: ======'player_added'====== Args={'player': <Player 1>, 'num': 1}
2020-10-04 08:41:45,284 : INFO : Mode.game : Player added successfully. Total players: 1
2020-10-04 08:41:45,285 : INFO : EventManager : Event: ======'player_index'====== Args={'value': 0, 'prev_value': 0, 'change': 0, 'player_num': 1}
2020-10-04 08:41:45,286 : INFO : EventManager : Event: ======'player_number'====== Args={'value': 1, 'prev_value': 1, 'change': 0, 'player_num': 1}
2020-10-04 08:41:45,286 : INFO : EventManager : Event: ======'player_bonus_multiplier'====== Args={'value': 1, 'prev_value': 1, 'change': 0, 'player_num': 1}
2020-10-04 08:41:45,287 : INFO : EventManager : Event: ======'player_score'====== Args={'value': 0, 'prev_value': 0, 'change': 0, 'player_num': 1}
2020-10-04 08:41:45,293 : INFO : EventManager : Event: ======'game_started'====== Args={}
2020-10-04 08:41:45,322 : INFO : EventManager : Event: ======'player_turn_will_start'====== Args={'player': <Player 1>, 'number': 1}
2020-10-04 08:41:45,324 : INFO : EventManager : Event: ======'player_turn_starting'====== Args={'player': <Player 1>, 'number': 1}
2020-10-04 08:41:45,325 : INFO : EventManager : Event: ======'player_ball'====== Args={'value': 1, 'prev_value': 0, 'change': 1, 'player_num': 1}
2020-10-04 08:41:45,326 : INFO : EventManager : Event: ======'player_turn_started'====== Args={'player': <Player 1>, 'number': 1}
2020-10-04 08:41:45,328 : INFO : EventManager : Event: ======'ball_will_start'====== Args={'player': 1, 'ball': 1, 'balls_remaining': 4, 'is_extra_ball': False}
2020-10-04 08:41:45,351 : INFO : EventManager : Event: ======'ball_starting'====== Args={'player': 1, 'ball': 1, 'balls_remaining': 4, 'is_extra_ball': False}
2020-10-04 08:41:45,353 : INFO : EventManager : Event: ======'mode_base_will_start'====== Args={'queue': <QueuedEvent>, 'player': 1, 'ball': 1, 'balls_remaining': 4, 'is_extra_ball': False}
2020-10-04 08:41:45,358 : INFO : EventManager : Event: ======'mode_base_starting'====== Args={'queue': <QueuedEvent>, 'player': 1, 'ball': 1, 'balls_remaining': 4, 'is_extra_ball': False}
2020-10-04 08:41:45,359 : INFO : drop_target_bank.cup_bank : All targets are already up. Will not reset bank.
2020-10-04 08:41:45,359 : INFO : drop_target_bank.mug_bank : All targets are already up. Will not reset bank.
2020-10-04 08:41:45,360 : INFO : EventManager : Event: ======'balls_in_play'====== Args={'balls': 1}
2020-10-04 08:41:45,361 : INFO : EventManager : Event: ======'ball_started'====== Args={'player': 1, 'ball': 1, 'balls_remaining': 4, 'is_extra_ball': False}
2020-10-04 08:41:45,362 : INFO : EventManager : Event: ======'logicblock_bonus_updated'====== Args={'value': 0, 'enabled': True}
2020-10-04 08:41:45,363 : INFO : EventManager : Event: ======'logicblock_bonus_updated'====== Args={'value': 0, 'enabled': True}
2020-10-04 08:41:45,363 : INFO : Mode.base : Started. Priority: 100
2020-10-04 08:41:45,364 : INFO : EventManager : Event: ======'modes_active_modes_changed'====== Args={}
2020-10-04 08:41:45,364 : INFO : EventManager : Event: ======'mode_base_started'====== Args={'queue': <QueuedEvent>, 'player': 1, 'ball': 1, 'balls_remaining': 4, 'is_extra_ball': False}
2020-10-04 08:41:45,366 : INFO : EventManager : Event: ======'mode_soulLanes_will_start'====== Args={'player': 1, 'ball': 1, 'balls_remaining': 4, 'is_extra_ball': False}
2020-10-04 08:41:45,367 : INFO : EventManager : Event: ======'player_shot_soul_S_enabled'====== Args={'value': True, 'prev_value': 0, 'change': 1, 'player_num': 1}
2020-10-04 08:41:45,370 : INFO : EventManager : Event: ======'player_shot_soul_O_enabled'====== Args={'value': True, 'prev_value': 0, 'change': 1, 'player_num': 1}
2020-10-04 08:41:45,372 : INFO : EventManager : Event: ======'player_shot_soul_U_enabled'====== Args={'value': True, 'prev_value': 0, 'change': 1, 'player_num': 1}
2020-10-04 08:41:45,374 : INFO : EventManager : Event: ======'player_shot_soul_L_enabled'====== Args={'value': True, 'prev_value': 0, 'change': 1, 'player_num': 1}
2020-10-04 08:41:45,376 : INFO : EventManager : Event: ======'soul_lanes_complete'====== Args={'state': 'unlit'}
2020-10-04 08:41:45,376 : INFO : EventManager : Event: ======'soul_lanes_unlit_complete'====== Args={}
2020-10-04 08:41:45,382 : INFO : EventManager : Event: ======'mode_soulLanes_starting'====== Args={'player': 1, 'ball': 1, 'balls_remaining': 4, 'is_extra_ball': False}
2020-10-04 08:41:45,394 : INFO : EventManager : Event: ======'logicblock_soul_complete_count_updated'====== Args={'value': 1, 'enabled': True}
2020-10-04 08:41:45,395 : INFO : EventManager : Event: ======'logicblock_soul_complete_count_updated'====== Args={'value': 1, 'enabled': True}
2020-10-04 08:41:45,395 : INFO : Mode.soulLanes : Started. Priority: 110
2020-10-04 08:41:45,395 : INFO : EventManager : Event: ======'modes_active_modes_changed'====== Args={}
2020-10-04 08:41:45,396 : INFO : EventManager : Event: ======'mode_soulLanes_started'====== Args={'player': 1, 'ball': 1, 'balls_remaining': 4, 'is_extra_ball': False}
2020-10-04 08:41:45,397 : INFO : EventManager : Event: ======'single_player_ball_started'====== Args={}
2020-10-04 08:41:45,493 : INFO : ball_device.bd_plunger : Setting up player-controlled eject. Balls: 1, Target: <playfield.playfield>, player_controlled_eject_event: None
2020-10-04 08:41:45,495 : INFO : EventManager : Event: ======'balldevice_balls_available'====== Args={}
2020-10-04 08:41:45,577 : INFO : EventManager : Event: ======'slide_base.slide_player-mode_base_started_created'====== Args={'_from_bcp': True}
2020-10-04 08:41:45,579 : INFO : EventManager : Event: ======'slide_base.slide_player-mode_base_started_active'====== Args={'_from_bcp': True}
2020-10-04 08:41:45,581 : INFO : ball_device.bd_trough : State: waiting_for_target_ready
2020-10-04 08:41:45,582 : INFO : EventManager : Event: ======'balldevice_bd_trough_ball_eject_attempt'====== Args={'balls': 1, 'target': <ball_device.bd_plunger>, 'source': <ball_device.bd_trough>, 'mechanical_eject': True, 'num_attempts': 0}
2020-10-04 08:41:45,584 : INFO : ball_device.bd_plunger : State: waiting_for_ball
2020-10-04 08:41:45,585 : INFO : ball_device.bd_trough : State: ejecting
2020-10-04 08:41:45,585 : INFO : ball_device.bd_trough : Ejecting ball to <ball_device.bd_plunger>
2020-10-04 08:41:45,586 : INFO : EventManager : Event: ======'balldevice_bd_trough_ejecting_ball'====== Args={'balls': 1, 'target': <ball_device.bd_plunger>, 'source': <ball_device.bd_trough>, 'mechanical_eject': True, 'num_attempts': 0}
2020-10-04 08:41:45,588 : INFO : ball_device.bd_trough : Wait for ball to leave device
2020-10-04 08:41:45,588 : INFO : coil.c_trough_eject : Pulsing Driver for 20ms (1.0 pulse_power)
2020-10-04 08:41:45,589 : INFO : SwitchController : <<<<<<< 's_trough1' inactive >>>>>>>
2020-10-04 08:41:45,615 : INFO : ball_device.bd_trough : State: ball_left
2020-10-04 08:41:45,616 : INFO : ball_device.bd_trough : Ball left
2020-10-04 08:41:45,616 : INFO : ball_device.bd_trough : Wait for confirm with timeout 10.0
2020-10-04 08:41:45,698 : INFO : SwitchController : <<<<<<< 's_plunger' active >>>>>>>
2020-10-04 08:41:45,699 : INFO : EventManager : Event: ======'machine_var_audits_switches_s_plunger'====== Args={'value': 546, 'prev_value': 545, 'change': 1}
2020-10-04 08:41:46,194 : INFO : ball_device.bd_plunger : Received ball from <ball_device.bd_trough>
2020-10-04 08:41:46,195 : INFO : EventManager : Event: ======'balldevice_bd_plunger_ball_enter'====== Args={'new_balls': 1, 'unclaimed_balls': 0, 'new_available_balls': 0, 'device': <ball_device.bd_plunger>}
2020-10-04 08:41:46,196 : INFO : EventManager : Event: ======'balldevice_bd_plunger_ball_entered'====== Args={'new_balls': 0, 'device': <ball_device.bd_plunger>}
2020-10-04 08:41:46,197 : INFO : EventManager : Event: ======'balldevice_bd_plunger_ball_count_changed'====== Args={'balls': 1}
2020-10-04 08:41:46,198 : INFO : ball_device.bd_trough : Got eject confirm
2020-10-04 08:41:46,198 : INFO : ball_device.bd_trough : Eject successful
2020-10-04 08:41:46,198 : INFO : EventManager : Event: ======'balldevice_bd_trough_ball_eject_success'====== Args={'balls': 1, 'target': <ball_device.bd_plunger>}
2020-10-04 08:41:46,199 : INFO : EventManager : Event: ======'balldevice_bd_trough_ball_count_changed'====== Args={'balls': 1}
2020-10-04 08:41:46,200 : INFO : ball_device.bd_trough : State: idle
2020-10-04 08:41:46,201 : INFO : ball_device.bd_plunger : State: waiting_for_target_ready
2020-10-04 08:41:46,202 : INFO : EventManager : Event: ======'balldevice_bd_plunger_ball_eject_attempt'====== Args={'balls': 1, 'target': <playfield.playfield>, 'source': <ball_device.bd_plunger>, 'mechanical_eject': True, 'num_attempts': 0}
2020-10-04 08:41:46,203 : INFO : ball_device.bd_plunger : State: ejecting
2020-10-04 08:41:46,204 : INFO : ball_device.bd_plunger : Ejecting ball to <playfield.playfield>
2020-10-04 08:41:46,204 : INFO : EventManager : Event: ======'balldevice_bd_plunger_ejecting_ball'====== Args={'balls': 1, 'target': <playfield.playfield>, 'source': <ball_device.bd_plunger>, 'mechanical_eject': True, 'num_attempts': 0}
2020-10-04 08:41:46,206 : INFO : ball_device.bd_plunger : Wait for ball to leave device
2020-10-04 08:41:48,769 : INFO : SwitchController : <<<<<<< 's_plunger' inactive >>>>>>>
2020-10-04 08:41:48,801 : INFO : ball_device.bd_plunger : State: ball_left
2020-10-04 08:41:48,802 : INFO : ball_device.bd_plunger : Ball left
2020-10-04 08:41:48,802 : INFO : ball_device.bd_plunger : Wait for confirm with timeout 10.0
2020-10-04 08:41:50,338 : INFO : SwitchController : <<<<<<< 's_exit_shooter_lane' active >>>>>>>
2020-10-04 08:41:50,339 : INFO : EventManager : Event: ======'sw_playfield_active'====== Args={}
2020-10-04 08:41:50,340 : INFO : EventManager : Event: ======'machine_var_audits_switches_s_exit_shooter_lane'====== Args={'value': 356, 'prev_value': 355, 'change': 1}
2020-10-04 08:41:50,353 : INFO : EventManager : Event: ======'playfield_active'====== Args={}
2020-10-04 08:41:50,396 : INFO : ball_device.bd_plunger : Got eject confirm
2020-10-04 08:41:50,398 : INFO : ball_device.bd_plunger : Eject successful
2020-10-04 08:41:50,398 : INFO : EventManager : Event: ======'balldevice_bd_plunger_ball_eject_success'====== Args={'balls': 1, 'target': <playfield.playfield>}
2020-10-04 08:41:50,399 : INFO : EventManager : Event: ======'balldevice_playfield_ball_enter'====== Args={'new_balls': 1, 'unclaimed_balls': 1, 'device': <playfield.playfield>}
2020-10-04 08:41:50,400 : INFO : EventManager : Event: ======'playfield_ball_count_change'====== Args={'balls': 1, 'change': 1}
2020-10-04 08:41:50,401 : INFO : EventManager : Event: ======'balldevice_bd_plunger_ball_count_changed'====== Args={'balls': 0}
2020-10-04 08:41:50,402 : INFO : ball_device.bd_plunger : State: idle
2020-10-04 08:41:50,486 : INFO : SwitchController : <<<<<<< 's_exit_shooter_lane' inactive >>>>>>>
2020-10-04 08:41:51,066 : INFO : SwitchController : <<<<<<< 's_soul_S' active >>>>>>>
2020-10-04 08:41:51,066 : INFO : EventManager : Event: ======'s_soul_S_active'====== Args={}
2020-10-04 08:41:51,067 : INFO : EventManager : Event: ======'machine_var_audits_switches_s_soul_S'====== Args={'value': 143, 'prev_value': 142, 'change': 1}
2020-10-04 08:41:51,069 : INFO : EventManager : Event: ======'player_shot_soul_S'====== Args={'value': 1, 'prev_value': 0, 'change': 1, 'player_num': 1}
2020-10-04 08:41:51,071 : INFO : EventManager : Event: ======'machine_var_audits_shots_soul_S'====== Args={'value': 143, 'prev_value': 142, 'change': 1}
2020-10-04 08:41:51,072 : INFO : EventManager : Event: ======'soul_S_hit'====== Args={'profile': 'default', 'state': 'unlit', 'advancing': True}
2020-10-04 08:41:51,073 : INFO : EventManager : Event: ======'soul_S_default_hit'====== Args={'profile': 'default', 'state': 'unlit', 'advancing': True}
2020-10-04 08:41:51,073 : INFO : EventManager : Event: ======'soul_S_default_unlit_hit'====== Args={'profile': 'default', 'state': 'unlit', 'advancing': True}
2020-10-04 08:41:51,074 : INFO : EventManager : Event: ======'soul_S_unlit_hit'====== Args={'profile': 'default', 'state': 'unlit', 'advancing': True}
2020-10-04 08:41:51,075 : INFO : EventManager : Event: ======'player_score'====== Args={'value': 10, 'prev_value': 0, 'change': 10, 'player_num': 1}
2020-10-04 08:41:51,076 : INFO : EventManager : Event: ======'soul_lanes_hit'====== Args={}
2020-10-04 08:41:51,076 : INFO : EventManager : Event: ======'soul_lanes_unlit_hit'====== Args={}
2020-10-04 08:41:51,195 : INFO : SwitchController : <<<<<<< 's_soul_S' inactive >>>>>>>
2020-10-04 08:41:52,059 : INFO : SwitchController : <<<<<<< 's_soul_O' active >>>>>>>
2020-10-04 08:41:52,059 : INFO : EventManager : Event: ======'s_soul_O_active'====== Args={}
2020-10-04 08:41:52,060 : INFO : EventManager : Event: ======'machine_var_audits_switches_s_soul_O'====== Args={'value': 127, 'prev_value': 126, 'change': 1}
2020-10-04 08:41:52,063 : INFO : EventManager : Event: ======'player_shot_soul_O'====== Args={'value': 1, 'prev_value': 0, 'change': 1, 'player_num': 1}
2020-10-04 08:41:52,065 : INFO : EventManager : Event: ======'machine_var_audits_shots_soul_O'====== Args={'value': 122, 'prev_value': 121, 'change': 1}
2020-10-04 08:41:52,066 : INFO : EventManager : Event: ======'soul_O_hit'====== Args={'profile': 'default', 'state': 'unlit', 'advancing': True}
2020-10-04 08:41:52,066 : INFO : EventManager : Event: ======'soul_O_default_hit'====== Args={'profile': 'default', 'state': 'unlit', 'advancing': True}
2020-10-04 08:41:52,067 : INFO : EventManager : Event: ======'soul_O_default_unlit_hit'====== Args={'profile': 'default', 'state': 'unlit', 'advancing': True}
2020-10-04 08:41:52,067 : INFO : EventManager : Event: ======'soul_O_unlit_hit'====== Args={'profile': 'default', 'state': 'unlit', 'advancing': True}
2020-10-04 08:41:52,067 : INFO : EventManager : Event: ======'player_score'====== Args={'value': 20, 'prev_value': 10, 'change': 10, 'player_num': 1}
2020-10-04 08:41:52,068 : INFO : EventManager : Event: ======'soul_lanes_hit'====== Args={}
2020-10-04 08:41:52,068 : INFO : EventManager : Event: ======'soul_lanes_unlit_hit'====== Args={}
2020-10-04 08:41:52,149 : INFO : SwitchController : <<<<<<< 's_soul_O' inactive >>>>>>>
2020-10-04 08:41:52,512 : INFO : SwitchController : <<<<<<< 's_soul_U' active >>>>>>>
2020-10-04 08:41:52,512 : INFO : EventManager : Event: ======'s_soul_U_active'====== Args={}
2020-10-04 08:41:52,513 : INFO : EventManager : Event: ======'machine_var_audits_switches_s_soul_U'====== Args={'value': 119, 'prev_value': 118, 'change': 1}
2020-10-04 08:41:52,515 : INFO : EventManager : Event: ======'player_shot_soul_U'====== Args={'value': 1, 'prev_value': 0, 'change': 1, 'player_num': 1}
2020-10-04 08:41:52,516 : INFO : EventManager : Event: ======'machine_var_audits_shots_soul_U'====== Args={'value': 119, 'prev_value': 118, 'change': 1}
2020-10-04 08:41:52,518 : INFO : EventManager : Event: ======'soul_U_hit'====== Args={'profile': 'default', 'state': 'unlit', 'advancing': True}
2020-10-04 08:41:52,519 : INFO : EventManager : Event: ======'soul_U_default_hit'====== Args={'profile': 'default', 'state': 'unlit', 'advancing': True}
2020-10-04 08:41:52,519 : INFO : EventManager : Event: ======'soul_U_default_unlit_hit'====== Args={'profile': 'default', 'state': 'unlit', 'advancing': True}
2020-10-04 08:41:52,520 : INFO : EventManager : Event: ======'soul_U_unlit_hit'====== Args={'profile': 'default', 'state': 'unlit', 'advancing': True}
2020-10-04 08:41:52,521 : INFO : EventManager : Event: ======'player_score'====== Args={'value': 30, 'prev_value': 20, 'change': 10, 'player_num': 1}
2020-10-04 08:41:52,522 : INFO : EventManager : Event: ======'soul_lanes_hit'====== Args={}
2020-10-04 08:41:52,522 : INFO : EventManager : Event: ======'soul_lanes_unlit_hit'====== Args={}
2020-10-04 08:41:52,605 : INFO : SwitchController : <<<<<<< 's_soul_U' inactive >>>>>>>
2020-10-04 08:41:53,698 : INFO : SwitchController : <<<<<<< 's_soul_L' active >>>>>>>
2020-10-04 08:41:53,698 : INFO : EventManager : Event: ======'s_soul_L_active'====== Args={}
2020-10-04 08:41:53,700 : INFO : EventManager : Event: ======'machine_var_audits_switches_s_soul_L'====== Args={'value': 117, 'prev_value': 116, 'change': 1}
2020-10-04 08:41:53,702 : INFO : EventManager : Event: ======'player_shot_soul_L'====== Args={'value': 1, 'prev_value': 0, 'change': 1, 'player_num': 1}
2020-10-04 08:41:53,705 : INFO : EventManager : Event: ======'machine_var_audits_shots_soul_L'====== Args={'value': 116, 'prev_value': 115, 'change': 1}
2020-10-04 08:41:53,707 : INFO : EventManager : Event: ======'soul_L_hit'====== Args={'profile': 'default', 'state': 'unlit', 'advancing': True}
2020-10-04 08:41:53,707 : INFO : EventManager : Event: ======'soul_L_default_hit'====== Args={'profile': 'default', 'state': 'unlit', 'advancing': True}
2020-10-04 08:41:53,708 : INFO : EventManager : Event: ======'soul_L_default_unlit_hit'====== Args={'profile': 'default', 'state': 'unlit', 'advancing': True}
2020-10-04 08:41:53,709 : INFO : EventManager : Event: ======'soul_L_unlit_hit'====== Args={'profile': 'default', 'state': 'unlit', 'advancing': True}
2020-10-04 08:41:53,710 : INFO : EventManager : Event: ======'player_score'====== Args={'value': 40, 'prev_value': 30, 'change': 10, 'player_num': 1}
2020-10-04 08:41:53,711 : INFO : EventManager : Event: ======'soul_lanes_complete'====== Args={'state': 'lit'}
2020-10-04 08:41:53,712 : INFO : EventManager : Event: ======'soul_lanes_lit_complete'====== Args={}
2020-10-04 08:41:53,714 : INFO : EventManager : Event: ======'soul_lanes_hit'====== Args={}
2020-10-04 08:41:53,714 : INFO : EventManager : Event: ======'soul_lanes_unlit_hit'====== Args={}
2020-10-04 08:41:53,715 : INFO : EventManager : Event: ======'player_score'====== Args={'value': 1040, 'prev_value': 40, 'change': 1000, 'player_num': 1}
2020-10-04 08:41:53,717 : INFO : EventManager : Event: ======'logicblock_soul_complete_count_updated'====== Args={'value': 2, 'enabled': True}
2020-10-04 08:41:53,718 : INFO : EventManager : Event: ======'soul_lanes_done'====== Args={'count': 2}
2020-10-04 08:41:53,722 : INFO : EventManager : Event: ======'player_bonus_multiplier'====== Args={'value': 2, 'prev_value': 1, 'change': 1, 'player_num': 1}
2020-10-04 08:41:53,875 : INFO : SwitchController : <<<<<<< 's_soul_L' inactive >>>>>>>
2020-10-04 08:41:54,729 : INFO : EventManager : Event: ======'player_shot_soul_S'====== Args={'value': 0, 'prev_value': 1, 'change': -1, 'player_num': 1}
2020-10-04 08:41:54,731 : INFO : EventManager : Event: ======'player_shot_soul_O'====== Args={'value': 0, 'prev_value': 1, 'change': -1, 'player_num': 1}
2020-10-04 08:41:54,733 : INFO : EventManager : Event: ======'player_shot_soul_U'====== Args={'value': 0, 'prev_value': 1, 'change': -1, 'player_num': 1}
2020-10-04 08:41:54,734 : INFO : EventManager : Event: ======'player_shot_soul_L'====== Args={'value': 0, 'prev_value': 1, 'change': -1, 'player_num': 1}
2020-10-04 08:41:56,259 : INFO : SwitchController : <<<<<<< 's_soul_S' active >>>>>>>
2020-10-04 08:41:56,259 : INFO : EventManager : Event: ======'s_soul_S_active'====== Args={}
2020-10-04 08:41:56,261 : INFO : EventManager : Event: ======'machine_var_audits_switches_s_soul_S'====== Args={'value': 144, 'prev_value': 143, 'change': 1}
2020-10-04 08:41:56,263 : INFO : EventManager : Event: ======'player_shot_soul_S'====== Args={'value': 1, 'prev_value': 0, 'change': 1, 'player_num': 1}
2020-10-04 08:41:56,282 : INFO : EventManager : Event: ======'machine_var_audits_shots_soul_S'====== Args={'value': 144, 'prev_value': 143, 'change': 1}
2020-10-04 08:41:56,284 : INFO : EventManager : Event: ======'soul_S_hit'====== Args={'profile': 'default', 'state': 'unlit', 'advancing': True}
2020-10-04 08:41:56,284 : INFO : EventManager : Event: ======'soul_S_default_hit'====== Args={'profile': 'default', 'state': 'unlit', 'advancing': True}
2020-10-04 08:41:56,285 : INFO : EventManager : Event: ======'soul_S_default_unlit_hit'====== Args={'profile': 'default', 'state': 'unlit', 'advancing': True}
2020-10-04 08:41:56,285 : INFO : EventManager : Event: ======'soul_S_unlit_hit'====== Args={'profile': 'default', 'state': 'unlit', 'advancing': True}
2020-10-04 08:41:56,286 : INFO : EventManager : Event: ======'player_score'====== Args={'value': 1050, 'prev_value': 1040, 'change': 10, 'player_num': 1}
2020-10-04 08:41:56,287 : INFO : EventManager : Event: ======'soul_lanes_hit'====== Args={}
2020-10-04 08:41:56,287 : INFO : EventManager : Event: ======'soul_lanes_unlit_hit'====== Args={}
2020-10-04 08:41:56,446 : INFO : SwitchController : <<<<<<< 's_soul_S' inactive >>>>>>>
2020-10-04 08:41:56,624 : INFO : SwitchController : <<<<<<< 's_soul_O' active >>>>>>>
2020-10-04 08:41:56,625 : INFO : EventManager : Event: ======'s_soul_O_active'====== Args={}
2020-10-04 08:41:56,625 : INFO : EventManager : Event: ======'machine_var_audits_switches_s_soul_O'====== Args={'value': 128, 'prev_value': 127, 'change': 1}
2020-10-04 08:41:56,627 : INFO : EventManager : Event: ======'player_shot_soul_O'====== Args={'value': 1, 'prev_value': 0, 'change': 1, 'player_num': 1}
2020-10-04 08:41:56,629 : INFO : EventManager : Event: ======'machine_var_audits_shots_soul_O'====== Args={'value': 123, 'prev_value': 122, 'change': 1}
2020-10-04 08:41:56,631 : INFO : EventManager : Event: ======'soul_O_hit'====== Args={'profile': 'default', 'state': 'unlit', 'advancing': True}
2020-10-04 08:41:56,631 : INFO : EventManager : Event: ======'soul_O_default_hit'====== Args={'profile': 'default', 'state': 'unlit', 'advancing': True}
2020-10-04 08:41:56,632 : INFO : EventManager : Event: ======'soul_O_default_unlit_hit'====== Args={'profile': 'default', 'state': 'unlit', 'advancing': True}
2020-10-04 08:41:56,632 : INFO : EventManager : Event: ======'soul_O_unlit_hit'====== Args={'profile': 'default', 'state': 'unlit', 'advancing': True}
2020-10-04 08:41:56,633 : INFO : EventManager : Event: ======'player_score'====== Args={'value': 1060, 'prev_value': 1050, 'change': 10, 'player_num': 1}
2020-10-04 08:41:56,634 : INFO : EventManager : Event: ======'soul_lanes_hit'====== Args={}
2020-10-04 08:41:56,634 : INFO : EventManager : Event: ======'soul_lanes_unlit_hit'====== Args={}
2020-10-04 08:41:56,729 : INFO : SwitchController : <<<<<<< 's_soul_O' inactive >>>>>>>
2020-10-04 08:41:56,954 : INFO : SwitchController : <<<<<<< 's_soul_U' active >>>>>>>
2020-10-04 08:41:56,954 : INFO : EventManager : Event: ======'s_soul_U_active'====== Args={}
2020-10-04 08:41:56,955 : INFO : EventManager : Event: ======'machine_var_audits_switches_s_soul_U'====== Args={'value': 120, 'prev_value': 119, 'change': 1}
2020-10-04 08:41:56,957 : INFO : EventManager : Event: ======'player_shot_soul_U'====== Args={'value': 1, 'prev_value': 0, 'change': 1, 'player_num': 1}
2020-10-04 08:41:56,959 : INFO : EventManager : Event: ======'machine_var_audits_shots_soul_U'====== Args={'value': 120, 'prev_value': 119, 'change': 1}
2020-10-04 08:41:56,961 : INFO : EventManager : Event: ======'soul_U_hit'====== Args={'profile': 'default', 'state': 'unlit', 'advancing': True}
2020-10-04 08:41:56,961 : INFO : EventManager : Event: ======'soul_U_default_hit'====== Args={'profile': 'default', 'state': 'unlit', 'advancing': True}
2020-10-04 08:41:56,962 : INFO : EventManager : Event: ======'soul_U_default_unlit_hit'====== Args={'profile': 'default', 'state': 'unlit', 'advancing': True}
2020-10-04 08:41:56,962 : INFO : EventManager : Event: ======'soul_U_unlit_hit'====== Args={'profile': 'default', 'state': 'unlit', 'advancing': True}
2020-10-04 08:41:56,963 : INFO : EventManager : Event: ======'player_score'====== Args={'value': 1070, 'prev_value': 1060, 'change': 10, 'player_num': 1}
2020-10-04 08:41:56,964 : INFO : EventManager : Event: ======'soul_lanes_hit'====== Args={}
2020-10-04 08:41:56,965 : INFO : EventManager : Event: ======'soul_lanes_unlit_hit'====== Args={}
2020-10-04 08:41:57,071 : INFO : SwitchController : <<<<<<< 's_soul_U' inactive >>>>>>>
2020-10-04 08:41:57,820 : INFO : SwitchController : <<<<<<< 's_soul_L' active >>>>>>>
2020-10-04 08:41:57,820 : INFO : EventManager : Event: ======'s_soul_L_active'====== Args={}
2020-10-04 08:41:57,821 : INFO : EventManager : Event: ======'machine_var_audits_switches_s_soul_L'====== Args={'value': 118, 'prev_value': 117, 'change': 1}
2020-10-04 08:41:57,824 : INFO : EventManager : Event: ======'player_shot_soul_L'====== Args={'value': 1, 'prev_value': 0, 'change': 1, 'player_num': 1}
2020-10-04 08:41:57,827 : INFO : EventManager : Event: ======'machine_var_audits_shots_soul_L'====== Args={'value': 117, 'prev_value': 116, 'change': 1}
2020-10-04 08:41:57,831 : INFO : EventManager : Event: ======'soul_L_hit'====== Args={'profile': 'default', 'state': 'unlit', 'advancing': True}
2020-10-04 08:41:57,832 : INFO : EventManager : Event: ======'soul_L_default_hit'====== Args={'profile': 'default', 'state': 'unlit', 'advancing': True}
2020-10-04 08:41:57,833 : INFO : EventManager : Event: ======'soul_L_default_unlit_hit'====== Args={'profile': 'default', 'state': 'unlit', 'advancing': True}
2020-10-04 08:41:57,833 : INFO : EventManager : Event: ======'soul_L_unlit_hit'====== Args={'profile': 'default', 'state': 'unlit', 'advancing': True}
2020-10-04 08:41:57,834 : INFO : EventManager : Event: ======'player_score'====== Args={'value': 1080, 'prev_value': 1070, 'change': 10, 'player_num': 1}
2020-10-04 08:41:57,835 : INFO : EventManager : Event: ======'soul_lanes_complete'====== Args={'state': 'lit'}
2020-10-04 08:41:57,837 : INFO : EventManager : Event: ======'soul_lanes_lit_complete'====== Args={}
2020-10-04 08:41:57,838 : INFO : EventManager : Event: ======'soul_lanes_hit'====== Args={}
2020-10-04 08:41:57,839 : INFO : EventManager : Event: ======'soul_lanes_unlit_hit'====== Args={}
2020-10-04 08:41:57,840 : INFO : EventManager : Event: ======'player_score'====== Args={'value': 2080, 'prev_value': 1080, 'change': 1000, 'player_num': 1}
2020-10-04 08:41:57,841 : INFO : EventManager : Event: ======'logicblock_soul_complete_count_updated'====== Args={'value': 3, 'enabled': True}
2020-10-04 08:41:57,842 : INFO : EventManager : Event: ======'soul_lanes_done'====== Args={'count': 3}
2020-10-04 08:41:57,845 : INFO : EventManager : Event: ======'player_bonus_multiplier'====== Args={'value': 3, 'prev_value': 2, 'change': 1, 'player_num': 1}
2020-10-04 08:41:57,993 : INFO : SwitchController : <<<<<<< 's_soul_L' inactive >>>>>>>
2020-10-04 08:41:58,844 : INFO : EventManager : Event: ======'player_shot_soul_S'====== Args={'value': 0, 'prev_value': 1, 'change': -1, 'player_num': 1}
2020-10-04 08:41:58,847 : INFO : EventManager : Event: ======'player_shot_soul_O'====== Args={'value': 0, 'prev_value': 1, 'change': -1, 'player_num': 1}
2020-10-04 08:41:58,850 : INFO : EventManager : Event: ======'player_shot_soul_U'====== Args={'value': 0, 'prev_value': 1, 'change': -1, 'player_num': 1}
2020-10-04 08:41:58,853 : INFO : EventManager : Event: ======'player_shot_soul_L'====== Args={'value': 0, 'prev_value': 1, 'change': -1, 'player_num': 1}
2020-10-04 08:41:58,944 : INFO : SwitchController : <<<<<<< 's_soul_S' active >>>>>>>
2020-10-04 08:41:58,945 : INFO : EventManager : Event: ======'s_soul_S_active'====== Args={}
2020-10-04 08:41:58,945 : INFO : EventManager : Event: ======'machine_var_audits_switches_s_soul_S'====== Args={'value': 145, 'prev_value': 144, 'change': 1}
2020-10-04 08:41:58,947 : INFO : EventManager : Event: ======'player_shot_soul_S'====== Args={'value': 1, 'prev_value': 0, 'change': 1, 'player_num': 1}
2020-10-04 08:41:58,949 : INFO : EventManager : Event: ======'machine_var_audits_shots_soul_S'====== Args={'value': 145, 'prev_value': 144, 'change': 1}
2020-10-04 08:41:58,950 : INFO : EventManager : Event: ======'soul_S_hit'====== Args={'profile': 'default', 'state': 'unlit', 'advancing': True}
2020-10-04 08:41:58,951 : INFO : EventManager : Event: ======'soul_S_default_hit'====== Args={'profile': 'default', 'state': 'unlit', 'advancing': True}
2020-10-04 08:41:58,952 : INFO : EventManager : Event: ======'soul_S_default_unlit_hit'====== Args={'profile': 'default', 'state': 'unlit', 'advancing': True}
2020-10-04 08:41:58,952 : INFO : EventManager : Event: ======'soul_S_unlit_hit'====== Args={'profile': 'default', 'state': 'unlit', 'advancing': True}
2020-10-04 08:41:58,953 : INFO : EventManager : Event: ======'player_score'====== Args={'value': 2090, 'prev_value': 2080, 'change': 10, 'player_num': 1}
2020-10-04 08:41:58,954 : INFO : EventManager : Event: ======'soul_lanes_hit'====== Args={}
2020-10-04 08:41:58,954 : INFO : EventManager : Event: ======'soul_lanes_unlit_hit'====== Args={}
2020-10-04 08:41:59,148 : INFO : SwitchController : <<<<<<< 's_soul_S' inactive >>>>>>>
2020-10-04 08:41:59,265 : INFO : SwitchController : <<<<<<< 's_soul_O' active >>>>>>>
2020-10-04 08:41:59,265 : INFO : EventManager : Event: ======'s_soul_O_active'====== Args={}
2020-10-04 08:41:59,266 : INFO : EventManager : Event: ======'machine_var_audits_switches_s_soul_O'====== Args={'value': 129, 'prev_value': 128, 'change': 1}
2020-10-04 08:41:59,268 : INFO : EventManager : Event: ======'player_shot_soul_O'====== Args={'value': 1, 'prev_value': 0, 'change': 1, 'player_num': 1}
2020-10-04 08:41:59,270 : INFO : EventManager : Event: ======'machine_var_audits_shots_soul_O'====== Args={'value': 124, 'prev_value': 123, 'change': 1}
2020-10-04 08:41:59,271 : INFO : EventManager : Event: ======'soul_O_hit'====== Args={'profile': 'default', 'state': 'unlit', 'advancing': True}
2020-10-04 08:41:59,272 : INFO : EventManager : Event: ======'soul_O_default_hit'====== Args={'profile': 'default', 'state': 'unlit', 'advancing': True}
2020-10-04 08:41:59,273 : INFO : EventManager : Event: ======'soul_O_default_unlit_hit'====== Args={'profile': 'default', 'state': 'unlit', 'advancing': True}
2020-10-04 08:41:59,273 : INFO : EventManager : Event: ======'soul_O_unlit_hit'====== Args={'profile': 'default', 'state': 'unlit', 'advancing': True}
2020-10-04 08:41:59,274 : INFO : EventManager : Event: ======'player_score'====== Args={'value': 2100, 'prev_value': 2090, 'change': 10, 'player_num': 1}
2020-10-04 08:41:59,275 : INFO : EventManager : Event: ======'soul_lanes_hit'====== Args={}
2020-10-04 08:41:59,275 : INFO : EventManager : Event: ======'soul_lanes_unlit_hit'====== Args={}
2020-10-04 08:41:59,429 : INFO : SwitchController : <<<<<<< 's_soul_O' inactive >>>>>>>
2020-10-04 08:41:59,612 : INFO : SwitchController : <<<<<<< 's_soul_U' active >>>>>>>
2020-10-04 08:41:59,612 : INFO : EventManager : Event: ======'s_soul_U_active'====== Args={}
2020-10-04 08:41:59,613 : INFO : EventManager : Event: ======'machine_var_audits_switches_s_soul_U'====== Args={'value': 121, 'prev_value': 120, 'change': 1}
2020-10-04 08:41:59,615 : INFO : EventManager : Event: ======'player_shot_soul_U'====== Args={'value': 1, 'prev_value': 0, 'change': 1, 'player_num': 1}
2020-10-04 08:41:59,617 : INFO : EventManager : Event: ======'machine_var_audits_shots_soul_U'====== Args={'value': 121, 'prev_value': 120, 'change': 1}
2020-10-04 08:41:59,618 : INFO : EventManager : Event: ======'soul_U_hit'====== Args={'profile': 'default', 'state': 'unlit', 'advancing': True}
2020-10-04 08:41:59,619 : INFO : EventManager : Event: ======'soul_U_default_hit'====== Args={'profile': 'default', 'state': 'unlit', 'advancing': True}
2020-10-04 08:41:59,619 : INFO : EventManager : Event: ======'soul_U_default_unlit_hit'====== Args={'profile': 'default', 'state': 'unlit', 'advancing': True}
2020-10-04 08:41:59,620 : INFO : EventManager : Event: ======'soul_U_unlit_hit'====== Args={'profile': 'default', 'state': 'unlit', 'advancing': True}
2020-10-04 08:41:59,620 : INFO : EventManager : Event: ======'player_score'====== Args={'value': 2110, 'prev_value': 2100, 'change': 10, 'player_num': 1}
2020-10-04 08:41:59,621 : INFO : EventManager : Event: ======'soul_lanes_hit'====== Args={}
2020-10-04 08:41:59,621 : INFO : EventManager : Event: ======'soul_lanes_unlit_hit'====== Args={}
2020-10-04 08:41:59,751 : INFO : SwitchController : <<<<<<< 's_soul_U' inactive >>>>>>>
2020-10-04 08:42:00,494 : INFO : SwitchController : <<<<<<< 's_soul_L' active >>>>>>>
2020-10-04 08:42:00,494 : INFO : EventManager : Event: ======'s_soul_L_active'====== Args={}
2020-10-04 08:42:00,495 : INFO : EventManager : Event: ======'machine_var_audits_switches_s_soul_L'====== Args={'value': 119, 'prev_value': 118, 'change': 1}
2020-10-04 08:42:00,497 : INFO : EventManager : Event: ======'player_shot_soul_L'====== Args={'value': 1, 'prev_value': 0, 'change': 1, 'player_num': 1}
2020-10-04 08:42:00,499 : INFO : EventManager : Event: ======'machine_var_audits_shots_soul_L'====== Args={'value': 118, 'prev_value': 117, 'change': 1}
2020-10-04 08:42:00,500 : INFO : EventManager : Event: ======'soul_L_hit'====== Args={'profile': 'default', 'state': 'unlit', 'advancing': True}
2020-10-04 08:42:00,501 : INFO : EventManager : Event: ======'soul_L_default_hit'====== Args={'profile': 'default', 'state': 'unlit', 'advancing': True}
2020-10-04 08:42:00,501 : INFO : EventManager : Event: ======'soul_L_default_unlit_hit'====== Args={'profile': 'default', 'state': 'unlit', 'advancing': True}
2020-10-04 08:42:00,502 : INFO : EventManager : Event: ======'soul_L_unlit_hit'====== Args={'profile': 'default', 'state': 'unlit', 'advancing': True}
2020-10-04 08:42:00,502 : INFO : EventManager : Event: ======'player_score'====== Args={'value': 2120, 'prev_value': 2110, 'change': 10, 'player_num': 1}
2020-10-04 08:42:00,503 : INFO : EventManager : Event: ======'soul_lanes_complete'====== Args={'state': 'lit'}
2020-10-04 08:42:00,504 : INFO : EventManager : Event: ======'soul_lanes_lit_complete'====== Args={}
2020-10-04 08:42:00,505 : INFO : EventManager : Event: ======'soul_lanes_hit'====== Args={}
2020-10-04 08:42:00,506 : INFO : EventManager : Event: ======'soul_lanes_unlit_hit'====== Args={}
2020-10-04 08:42:00,506 : INFO : EventManager : Event: ======'player_score'====== Args={'value': 3120, 'prev_value': 2120, 'change': 1000, 'player_num': 1}
2020-10-04 08:42:00,507 : INFO : EventManager : Event: ======'logicblock_soul_complete_count_updated'====== Args={'value': 4, 'enabled': True}
2020-10-04 08:42:00,508 : INFO : EventManager : Event: ======'soul_lanes_done'====== Args={'count': 4}
2020-10-04 08:42:00,510 : INFO : EventManager : Event: ======'player_bonus_multiplier'====== Args={'value': 4, 'prev_value': 3, 'change': 1, 'player_num': 1}
2020-10-04 08:42:00,661 : INFO : SwitchController : <<<<<<< 's_soul_L' inactive >>>>>>>
2020-10-04 08:42:01,267 : INFO : SwitchController : <<<<<<< 's_soul_S' active >>>>>>>
2020-10-04 08:42:01,267 : INFO : EventManager : Event: ======'s_soul_S_active'====== Args={}
2020-10-04 08:42:01,268 : INFO : EventManager : Event: ======'machine_var_audits_switches_s_soul_S'====== Args={'value': 146, 'prev_value': 145, 'change': 1}
2020-10-04 08:42:01,271 : INFO : EventManager : Event: ======'machine_var_audits_shots_soul_S'====== Args={'value': 146, 'prev_value': 145, 'change': 1}
2020-10-04 08:42:01,273 : INFO : EventManager : Event: ======'soul_S_hit'====== Args={'profile': 'default', 'state': 'lit', 'advancing': False}
2020-10-04 08:42:01,274 : INFO : EventManager : Event: ======'soul_S_default_hit'====== Args={'profile': 'default', 'state': 'lit', 'advancing': False}
2020-10-04 08:42:01,275 : INFO : EventManager : Event: ======'soul_S_default_lit_hit'====== Args={'profile': 'default', 'state': 'lit', 'advancing': False}
2020-10-04 08:42:01,276 : INFO : EventManager : Event: ======'soul_S_lit_hit'====== Args={'profile': 'default', 'state': 'lit', 'advancing': False}
2020-10-04 08:42:01,277 : INFO : EventManager : Event: ======'player_score'====== Args={'value': 3130, 'prev_value': 3120, 'change': 10, 'player_num': 1}
2020-10-04 08:42:01,278 : INFO : EventManager : Event: ======'soul_lanes_hit'====== Args={}
2020-10-04 08:42:01,279 : INFO : EventManager : Event: ======'soul_lanes_lit_hit'====== Args={}
2020-10-04 08:42:01,437 : INFO : SwitchController : <<<<<<< 's_soul_S' inactive >>>>>>>
2020-10-04 08:42:01,533 : INFO : EventManager : Event: ======'player_shot_soul_S'====== Args={'value': 0, 'prev_value': 1, 'change': -1, 'player_num': 1}
2020-10-04 08:42:01,536 : INFO : EventManager : Event: ======'player_shot_soul_O'====== Args={'value': 0, 'prev_value': 1, 'change': -1, 'player_num': 1}
2020-10-04 08:42:01,537 : INFO : EventManager : Event: ======'player_shot_soul_U'====== Args={'value': 0, 'prev_value': 1, 'change': -1, 'player_num': 1}
2020-10-04 08:42:01,538 : INFO : EventManager : Event: ======'player_shot_soul_L'====== Args={'value': 0, 'prev_value': 1, 'change': -1, 'player_num': 1}
2020-10-04 08:42:01,546 : INFO : SwitchController : <<<<<<< 's_soul_O' active >>>>>>>
2020-10-04 08:42:01,546 : INFO : EventManager : Event: ======'s_soul_O_active'====== Args={}
2020-10-04 08:42:01,547 : INFO : EventManager : Event: ======'machine_var_audits_switches_s_soul_O'====== Args={'value': 130, 'prev_value': 129, 'change': 1}
2020-10-04 08:42:01,549 : INFO : EventManager : Event: ======'player_shot_soul_O'====== Args={'value': 1, 'prev_value': 0, 'change': 1, 'player_num': 1}
2020-10-04 08:42:01,550 : INFO : EventManager : Event: ======'machine_var_audits_shots_soul_O'====== Args={'value': 125, 'prev_value': 124, 'change': 1}
2020-10-04 08:42:01,551 : INFO : EventManager : Event: ======'soul_O_hit'====== Args={'profile': 'default', 'state': 'unlit', 'advancing': True}
2020-10-04 08:42:01,552 : INFO : EventManager : Event: ======'soul_O_default_hit'====== Args={'profile': 'default', 'state': 'unlit', 'advancing': True}
2020-10-04 08:42:01,552 : INFO : EventManager : Event: ======'soul_O_default_unlit_hit'====== Args={'profile': 'default', 'state': 'unlit', 'advancing': True}
2020-10-04 08:42:01,552 : INFO : EventManager : Event: ======'soul_O_unlit_hit'====== Args={'profile': 'default', 'state': 'unlit', 'advancing': True}
2020-10-04 08:42:01,553 : INFO : EventManager : Event: ======'player_score'====== Args={'value': 3140, 'prev_value': 3130, 'change': 10, 'player_num': 1}
2020-10-04 08:42:01,554 : INFO : EventManager : Event: ======'soul_lanes_hit'====== Args={}
2020-10-04 08:42:01,555 : INFO : EventManager : Event: ======'soul_lanes_unlit_hit'====== Args={}
2020-10-04 08:42:01,642 : INFO : SwitchController : <<<<<<< 's_soul_O' inactive >>>>>>>
2020-10-04 08:42:01,861 : INFO : SwitchController : <<<<<<< 's_soul_U' active >>>>>>>
2020-10-04 08:42:01,861 : INFO : EventManager : Event: ======'s_soul_U_active'====== Args={}
2020-10-04 08:42:01,862 : INFO : EventManager : Event: ======'machine_var_audits_switches_s_soul_U'====== Args={'value': 122, 'prev_value': 121, 'change': 1}
2020-10-04 08:42:01,864 : INFO : EventManager : Event: ======'player_shot_soul_U'====== Args={'value': 1, 'prev_value': 0, 'change': 1, 'player_num': 1}
2020-10-04 08:42:01,866 : INFO : EventManager : Event: ======'machine_var_audits_shots_soul_U'====== Args={'value': 122, 'prev_value': 121, 'change': 1}
2020-10-04 08:42:01,867 : INFO : EventManager : Event: ======'soul_U_hit'====== Args={'profile': 'default', 'state': 'unlit', 'advancing': True}
2020-10-04 08:42:01,868 : INFO : EventManager : Event: ======'soul_U_default_hit'====== Args={'profile': 'default', 'state': 'unlit', 'advancing': True}
2020-10-04 08:42:01,868 : INFO : EventManager : Event: ======'soul_U_default_unlit_hit'====== Args={'profile': 'default', 'state': 'unlit', 'advancing': True}
2020-10-04 08:42:01,869 : INFO : EventManager : Event: ======'soul_U_unlit_hit'====== Args={'profile': 'default', 'state': 'unlit', 'advancing': True}
2020-10-04 08:42:01,869 : INFO : EventManager : Event: ======'player_score'====== Args={'value': 3150, 'prev_value': 3140, 'change': 10, 'player_num': 1}
2020-10-04 08:42:01,870 : INFO : EventManager : Event: ======'soul_lanes_hit'====== Args={}
2020-10-04 08:42:01,872 : INFO : EventManager : Event: ======'soul_lanes_unlit_hit'====== Args={}
2020-10-04 08:42:01,981 : INFO : SwitchController : <<<<<<< 's_soul_U' inactive >>>>>>>
2020-10-04 08:42:02,549 : INFO : SwitchController : <<<<<<< 's_soul_L' active >>>>>>>
2020-10-04 08:42:02,549 : INFO : EventManager : Event: ======'s_soul_L_active'====== Args={}
2020-10-04 08:42:02,550 : INFO : EventManager : Event: ======'machine_var_audits_switches_s_soul_L'====== Args={'value': 120, 'prev_value': 119, 'change': 1}
2020-10-04 08:42:02,552 : INFO : EventManager : Event: ======'player_shot_soul_L'====== Args={'value': 1, 'prev_value': 0, 'change': 1, 'player_num': 1}
2020-10-04 08:42:02,553 : INFO : EventManager : Event: ======'machine_var_audits_shots_soul_L'====== Args={'value': 119, 'prev_value': 118, 'change': 1}
2020-10-04 08:42:02,555 : INFO : EventManager : Event: ======'soul_L_hit'====== Args={'profile': 'default', 'state': 'unlit', 'advancing': True}
2020-10-04 08:42:02,555 : INFO : EventManager : Event: ======'soul_L_default_hit'====== Args={'profile': 'default', 'state': 'unlit', 'advancing': True}
2020-10-04 08:42:02,556 : INFO : EventManager : Event: ======'soul_L_default_unlit_hit'====== Args={'profile': 'default', 'state': 'unlit', 'advancing': True}
2020-10-04 08:42:02,557 : INFO : EventManager : Event: ======'soul_L_unlit_hit'====== Args={'profile': 'default', 'state': 'unlit', 'advancing': True}
2020-10-04 08:42:02,557 : INFO : EventManager : Event: ======'player_score'====== Args={'value': 3160, 'prev_value': 3150, 'change': 10, 'player_num': 1}
2020-10-04 08:42:02,558 : INFO : EventManager : Event: ======'soul_lanes_hit'====== Args={}
2020-10-04 08:42:02,559 : INFO : EventManager : Event: ======'soul_lanes_unlit_hit'====== Args={}
2020-10-04 08:42:02,692 : INFO : SwitchController : <<<<<<< 's_soul_L' inactive >>>>>>>
2020-10-04 08:42:03,590 : INFO : SwitchController : <<<<<<< 's_soul_S' active >>>>>>>
2020-10-04 08:42:03,590 : INFO : EventManager : Event: ======'s_soul_S_active'====== Args={}
2020-10-04 08:42:03,591 : INFO : EventManager : Event: ======'machine_var_audits_switches_s_soul_S'====== Args={'value': 147, 'prev_value': 146, 'change': 1}
2020-10-04 08:42:03,595 : INFO : EventManager : Event: ======'player_shot_soul_S'====== Args={'value': 1, 'prev_value': 0, 'change': 1, 'player_num': 1}
2020-10-04 08:42:03,597 : INFO : EventManager : Event: ======'machine_var_audits_shots_soul_S'====== Args={'value': 147, 'prev_value': 146, 'change': 1}
2020-10-04 08:42:03,599 : INFO : EventManager : Event: ======'soul_S_hit'====== Args={'profile': 'default', 'state': 'unlit', 'advancing': True}
2020-10-04 08:42:03,600 : INFO : EventManager : Event: ======'soul_S_default_hit'====== Args={'profile': 'default', 'state': 'unlit', 'advancing': True}
2020-10-04 08:42:03,600 : INFO : EventManager : Event: ======'soul_S_default_unlit_hit'====== Args={'profile': 'default', 'state': 'unlit', 'advancing': True}
2020-10-04 08:42:03,601 : INFO : EventManager : Event: ======'soul_S_unlit_hit'====== Args={'profile': 'default', 'state': 'unlit', 'advancing': True}
2020-10-04 08:42:03,602 : INFO : EventManager : Event: ======'player_score'====== Args={'value': 3170, 'prev_value': 3160, 'change': 10, 'player_num': 1}
2020-10-04 08:42:03,603 : INFO : EventManager : Event: ======'soul_lanes_complete'====== Args={'state': 'lit'}
2020-10-04 08:42:03,604 : INFO : EventManager : Event: ======'soul_lanes_lit_complete'====== Args={}
2020-10-04 08:42:03,605 : INFO : EventManager : Event: ======'soul_lanes_hit'====== Args={}
2020-10-04 08:42:03,606 : INFO : EventManager : Event: ======'soul_lanes_unlit_hit'====== Args={}
2020-10-04 08:42:03,606 : INFO : EventManager : Event: ======'player_score'====== Args={'value': 4170, 'prev_value': 3170, 'change': 1000, 'player_num': 1}
2020-10-04 08:42:03,608 : INFO : EventManager : Event: ======'logicblock_soul_complete_count_updated'====== Args={'value': 5, 'enabled': True}
2020-10-04 08:42:03,608 : INFO : EventManager : Event: ======'soul_lanes_done'====== Args={'count': 5}
2020-10-04 08:42:03,611 : INFO : EventManager : Event: ======'player_bonus_multiplier'====== Args={'value': 5, 'prev_value': 4, 'change': 1, 'player_num': 1}
2020-10-04 08:42:03,742 : INFO : SwitchController : <<<<<<< 's_soul_S' inactive >>>>>>>
2020-10-04 08:42:03,843 : INFO : SwitchController : <<<<<<< 's_soul_O' active >>>>>>>
2020-10-04 08:42:03,843 : INFO : EventManager : Event: ======'s_soul_O_active'====== Args={}
2020-10-04 08:42:03,844 : INFO : EventManager : Event: ======'machine_var_audits_switches_s_soul_O'====== Args={'value': 131, 'prev_value': 130, 'change': 1}
2020-10-04 08:42:03,847 : INFO : EventManager : Event: ======'machine_var_audits_shots_soul_O'====== Args={'value': 126, 'prev_value': 125, 'change': 1}
2020-10-04 08:42:03,848 : INFO : EventManager : Event: ======'soul_O_hit'====== Args={'profile': 'default', 'state': 'lit', 'advancing': False}
2020-10-04 08:42:03,849 : INFO : EventManager : Event: ======'soul_O_default_hit'====== Args={'profile': 'default', 'state': 'lit', 'advancing': False}
2020-10-04 08:42:03,849 : INFO : EventManager : Event: ======'soul_O_default_lit_hit'====== Args={'profile': 'default', 'state': 'lit', 'advancing': False}
2020-10-04 08:42:03,850 : INFO : EventManager : Event: ======'soul_O_lit_hit'====== Args={'profile': 'default', 'state': 'lit', 'advancing': False}
2020-10-04 08:42:03,851 : INFO : EventManager : Event: ======'player_score'====== Args={'value': 4180, 'prev_value': 4170, 'change': 10, 'player_num': 1}
2020-10-04 08:42:03,852 : INFO : EventManager : Event: ======'soul_lanes_hit'====== Args={}
2020-10-04 08:42:03,852 : INFO : EventManager : Event: ======'soul_lanes_lit_hit'====== Args={}
2020-10-04 08:42:03,979 : INFO : SwitchController : <<<<<<< 's_soul_O' inactive >>>>>>>
2020-10-04 08:42:04,165 : INFO : SwitchController : <<<<<<< 's_soul_U' active >>>>>>>
2020-10-04 08:42:04,165 : INFO : EventManager : Event: ======'s_soul_U_active'====== Args={}
2020-10-04 08:42:04,165 : INFO : EventManager : Event: ======'machine_var_audits_switches_s_soul_U'====== Args={'value': 123, 'prev_value': 122, 'change': 1}
2020-10-04 08:42:04,167 : INFO : EventManager : Event: ======'machine_var_audits_shots_soul_U'====== Args={'value': 123, 'prev_value': 122, 'change': 1}
2020-10-04 08:42:04,168 : INFO : EventManager : Event: ======'soul_U_hit'====== Args={'profile': 'default', 'state': 'lit', 'advancing': False}
2020-10-04 08:42:04,168 : INFO : EventManager : Event: ======'soul_U_default_hit'====== Args={'profile': 'default', 'state': 'lit', 'advancing': False}
2020-10-04 08:42:04,169 : INFO : EventManager : Event: ======'soul_U_default_lit_hit'====== Args={'profile': 'default', 'state': 'lit', 'advancing': False}
2020-10-04 08:42:04,169 : INFO : EventManager : Event: ======'soul_U_lit_hit'====== Args={'profile': 'default', 'state': 'lit', 'advancing': False}
2020-10-04 08:42:04,170 : INFO : EventManager : Event: ======'player_score'====== Args={'value': 4190, 'prev_value': 4180, 'change': 10, 'player_num': 1}
2020-10-04 08:42:04,170 : INFO : EventManager : Event: ======'soul_lanes_hit'====== Args={}
2020-10-04 08:42:04,171 : INFO : EventManager : Event: ======'soul_lanes_lit_hit'====== Args={}
2020-10-04 08:42:04,260 : INFO : SwitchController : <<<<<<< 's_soul_U' inactive >>>>>>>
2020-10-04 08:42:04,549 : INFO : SwitchController : <<<<<<< 's_soul_L' active >>>>>>>
2020-10-04 08:42:04,550 : INFO : EventManager : Event: ======'s_soul_L_active'====== Args={}
2020-10-04 08:42:04,551 : INFO : EventManager : Event: ======'machine_var_audits_switches_s_soul_L'====== Args={'value': 121, 'prev_value': 120, 'change': 1}
2020-10-04 08:42:04,552 : INFO : EventManager : Event: ======'machine_var_audits_shots_soul_L'====== Args={'value': 120, 'prev_value': 119, 'change': 1}
2020-10-04 08:42:04,554 : INFO : EventManager : Event: ======'soul_L_hit'====== Args={'profile': 'default', 'state': 'lit', 'advancing': False}
2020-10-04 08:42:04,554 : INFO : EventManager : Event: ======'soul_L_default_hit'====== Args={'profile': 'default', 'state': 'lit', 'advancing': False}
2020-10-04 08:42:04,555 : INFO : EventManager : Event: ======'soul_L_default_lit_hit'====== Args={'profile': 'default', 'state': 'lit', 'advancing': False}
2020-10-04 08:42:04,555 : INFO : EventManager : Event: ======'soul_L_lit_hit'====== Args={'profile': 'default', 'state': 'lit', 'advancing': False}
2020-10-04 08:42:04,556 : INFO : EventManager : Event: ======'player_score'====== Args={'value': 4200, 'prev_value': 4190, 'change': 10, 'player_num': 1}
2020-10-04 08:42:04,557 : INFO : EventManager : Event: ======'soul_lanes_hit'====== Args={}
2020-10-04 08:42:04,557 : INFO : EventManager : Event: ======'soul_lanes_lit_hit'====== Args={}
2020-10-04 08:42:04,607 : INFO : EventManager : Event: ======'player_shot_soul_S'====== Args={'value': 0, 'prev_value': 1, 'change': -1, 'player_num': 1}
2020-10-04 08:42:04,608 : INFO : EventManager : Event: ======'player_shot_soul_O'====== Args={'value': 0, 'prev_value': 1, 'change': -1, 'player_num': 1}
2020-10-04 08:42:04,612 : INFO : EventManager : Event: ======'player_shot_soul_U'====== Args={'value': 0, 'prev_value': 1, 'change': -1, 'player_num': 1}
2020-10-04 08:42:04,613 : INFO : EventManager : Event: ======'player_shot_soul_L'====== Args={'value': 0, 'prev_value': 1, 'change': -1, 'player_num': 1}
2020-10-04 08:42:04,636 : INFO : SwitchController : <<<<<<< 's_soul_L' inactive >>>>>>>
2020-10-04 08:42:05,274 : INFO : SwitchController : <<<<<<< 's_soul_S' active >>>>>>>
2020-10-04 08:42:05,274 : INFO : EventManager : Event: ======'s_soul_S_active'====== Args={}
2020-10-04 08:42:05,275 : INFO : EventManager : Event: ======'machine_var_audits_switches_s_soul_S'====== Args={'value': 148, 'prev_value': 147, 'change': 1}
2020-10-04 08:42:05,278 : INFO : EventManager : Event: ======'player_shot_soul_S'====== Args={'value': 1, 'prev_value': 0, 'change': 1, 'player_num': 1}
2020-10-04 08:42:05,279 : INFO : EventManager : Event: ======'machine_var_audits_shots_soul_S'====== Args={'value': 148, 'prev_value': 147, 'change': 1}
2020-10-04 08:42:05,280 : INFO : EventManager : Event: ======'soul_S_hit'====== Args={'profile': 'default', 'state': 'unlit', 'advancing': True}
2020-10-04 08:42:05,281 : INFO : EventManager : Event: ======'soul_S_default_hit'====== Args={'profile': 'default', 'state': 'unlit', 'advancing': True}
2020-10-04 08:42:05,281 : INFO : EventManager : Event: ======'soul_S_default_unlit_hit'====== Args={'profile': 'default', 'state': 'unlit', 'advancing': True}
2020-10-04 08:42:05,282 : INFO : EventManager : Event: ======'soul_S_unlit_hit'====== Args={'profile': 'default', 'state': 'unlit', 'advancing': True}
2020-10-04 08:42:05,282 : INFO : EventManager : Event: ======'player_score'====== Args={'value': 4210, 'prev_value': 4200, 'change': 10, 'player_num': 1}
2020-10-04 08:42:05,283 : INFO : EventManager : Event: ======'soul_lanes_hit'====== Args={}
2020-10-04 08:42:05,283 : INFO : EventManager : Event: ======'soul_lanes_unlit_hit'====== Args={}
2020-10-04 08:42:05,446 : INFO : SwitchController : <<<<<<< 's_soul_S' inactive >>>>>>>
2020-10-04 08:42:05,860 : INFO : SwitchController : <<<<<<< 's_soul_O' active >>>>>>>
2020-10-04 08:42:05,860 : INFO : EventManager : Event: ======'s_soul_O_active'====== Args={}
2020-10-04 08:42:05,861 : INFO : EventManager : Event: ======'machine_var_audits_switches_s_soul_O'====== Args={'value': 132, 'prev_value': 131, 'change': 1}
2020-10-04 08:42:05,863 : INFO : EventManager : Event: ======'player_shot_soul_O'====== Args={'value': 1, 'prev_value': 0, 'change': 1, 'player_num': 1}
2020-10-04 08:42:05,865 : INFO : EventManager : Event: ======'machine_var_audits_shots_soul_O'====== Args={'value': 127, 'prev_value': 126, 'change': 1}
2020-10-04 08:42:05,867 : INFO : EventManager : Event: ======'soul_O_hit'====== Args={'profile': 'default', 'state': 'unlit', 'advancing': True}
2020-10-04 08:42:05,867 : INFO : EventManager : Event: ======'soul_O_default_hit'====== Args={'profile': 'default', 'state': 'unlit', 'advancing': True}
2020-10-04 08:42:05,868 : INFO : EventManager : Event: ======'soul_O_default_unlit_hit'====== Args={'profile': 'default', 'state': 'unlit', 'advancing': True}
2020-10-04 08:42:05,868 : INFO : EventManager : Event: ======'soul_O_unlit_hit'====== Args={'profile': 'default', 'state': 'unlit', 'advancing': True}
2020-10-04 08:42:05,869 : INFO : EventManager : Event: ======'player_score'====== Args={'value': 4220, 'prev_value': 4210, 'change': 10, 'player_num': 1}
2020-10-04 08:42:05,870 : INFO : EventManager : Event: ======'soul_lanes_hit'====== Args={}
2020-10-04 08:42:05,871 : INFO : EventManager : Event: ======'soul_lanes_unlit_hit'====== Args={}
2020-10-04 08:42:05,966 : INFO : SwitchController : <<<<<<< 's_soul_O' inactive >>>>>>>
2020-10-04 08:42:06,272 : INFO : SwitchController : <<<<<<< 's_soul_U' active >>>>>>>
2020-10-04 08:42:06,272 : INFO : EventManager : Event: ======'s_soul_U_active'====== Args={}
2020-10-04 08:42:06,273 : INFO : EventManager : Event: ======'machine_var_audits_switches_s_soul_U'====== Args={'value': 124, 'prev_value': 123, 'change': 1}
2020-10-04 08:42:06,274 : INFO : EventManager : Event: ======'player_shot_soul_U'====== Args={'value': 1, 'prev_value': 0, 'change': 1, 'player_num': 1}
2020-10-04 08:42:06,276 : INFO : EventManager : Event: ======'machine_var_audits_shots_soul_U'====== Args={'value': 124, 'prev_value': 123, 'change': 1}
2020-10-04 08:42:06,278 : INFO : EventManager : Event: ======'soul_U_hit'====== Args={'profile': 'default', 'state': 'unlit', 'advancing': True}
2020-10-04 08:42:06,278 : INFO : EventManager : Event: ======'soul_U_default_hit'====== Args={'profile': 'default', 'state': 'unlit', 'advancing': True}
2020-10-04 08:42:06,279 : INFO : EventManager : Event: ======'soul_U_default_unlit_hit'====== Args={'profile': 'default', 'state': 'unlit', 'advancing': True}
2020-10-04 08:42:06,280 : INFO : EventManager : Event: ======'soul_U_unlit_hit'====== Args={'profile': 'default', 'state': 'unlit', 'advancing': True}
2020-10-04 08:42:06,280 : INFO : EventManager : Event: ======'player_score'====== Args={'value': 4230, 'prev_value': 4220, 'change': 10, 'player_num': 1}
2020-10-04 08:42:06,281 : INFO : EventManager : Event: ======'soul_lanes_hit'====== Args={}
2020-10-04 08:42:06,282 : INFO : EventManager : Event: ======'soul_lanes_unlit_hit'====== Args={}
2020-10-04 08:42:06,367 : INFO : SwitchController : <<<<<<< 's_soul_U' inactive >>>>>>>
2020-10-04 08:42:06,694 : INFO : SwitchController : <<<<<<< 's_soul_L' active >>>>>>>
2020-10-04 08:42:06,694 : INFO : EventManager : Event: ======'s_soul_L_active'====== Args={}
2020-10-04 08:42:06,695 : INFO : EventManager : Event: ======'machine_var_audits_switches_s_soul_L'====== Args={'value': 122, 'prev_value': 121, 'change': 1}
2020-10-04 08:42:06,697 : INFO : EventManager : Event: ======'player_shot_soul_L'====== Args={'value': 1, 'prev_value': 0, 'change': 1, 'player_num': 1}
2020-10-04 08:42:06,699 : INFO : EventManager : Event: ======'machine_var_audits_shots_soul_L'====== Args={'value': 121, 'prev_value': 120, 'change': 1}
2020-10-04 08:42:06,700 : INFO : EventManager : Event: ======'soul_L_hit'====== Args={'profile': 'default', 'state': 'unlit', 'advancing': True}
2020-10-04 08:42:06,701 : INFO : EventManager : Event: ======'soul_L_default_hit'====== Args={'profile': 'default', 'state': 'unlit', 'advancing': True}
2020-10-04 08:42:06,701 : INFO : EventManager : Event: ======'soul_L_default_unlit_hit'====== Args={'profile': 'default', 'state': 'unlit', 'advancing': True}
2020-10-04 08:42:06,702 : INFO : EventManager : Event: ======'soul_L_unlit_hit'====== Args={'profile': 'default', 'state': 'unlit', 'advancing': True}
2020-10-04 08:42:06,703 : INFO : EventManager : Event: ======'player_score'====== Args={'value': 4240, 'prev_value': 4230, 'change': 10, 'player_num': 1}
2020-10-04 08:42:06,704 : INFO : EventManager : Event: ======'soul_lanes_complete'====== Args={'state': 'lit'}
2020-10-04 08:42:06,705 : INFO : EventManager : Event: ======'soul_lanes_lit_complete'====== Args={}
2020-10-04 08:42:06,705 : INFO : EventManager : Event: ======'soul_lanes_hit'====== Args={}
2020-10-04 08:42:06,706 : INFO : EventManager : Event: ======'soul_lanes_unlit_hit'====== Args={}
2020-10-04 08:42:06,706 : INFO : EventManager : Event: ======'player_score'====== Args={'value': 5240, 'prev_value': 4240, 'change': 1000, 'player_num': 1}
2020-10-04 08:42:06,707 : INFO : EventManager : Event: ======'logicblock_soul_complete_count_updated'====== Args={'value': 6, 'enabled': True}
2020-10-04 08:42:06,708 : INFO : EventManager : Event: ======'soul_lanes_done'====== Args={'count': 6}
2020-10-04 08:42:06,709 : INFO : EventManager : Event: ======'player_bonus_multiplier'====== Args={'value': 6, 'prev_value': 5, 'change': 1, 'player_num': 1}
2020-10-04 08:42:06,861 : INFO : SwitchController : <<<<<<< 's_soul_L' inactive >>>>>>>
2020-10-04 08:42:07,706 : INFO : EventManager : Event: ======'player_shot_soul_S'====== Args={'value': 0, 'prev_value': 1, 'change': -1, 'player_num': 1}
2020-10-04 08:42:07,708 : INFO : EventManager : Event: ======'player_shot_soul_O'====== Args={'value': 0, 'prev_value': 1, 'change': -1, 'player_num': 1}
2020-10-04 08:42:07,710 : INFO : EventManager : Event: ======'player_shot_soul_U'====== Args={'value': 0, 'prev_value': 1, 'change': -1, 'player_num': 1}
2020-10-04 08:42:07,711 : INFO : EventManager : Event: ======'player_shot_soul_L'====== Args={'value': 0, 'prev_value': 1, 'change': -1, 'player_num': 1}
2020-10-04 08:42:10,032 : INFO : Machine : Shutting down...
2020-10-04 08:42:10,032 : INFO : EventManager : Event: ======'shutdown'====== Args={}
2020-10-04 08:42:10,063 : INFO : root : MPF run loop ended.
